if {[file exists ~/openlane2/my_script/script_matt.tcl]} {
    source ~/openlane2/my_script/script_matt.tcl
}
Reading timing models for corner nom_tt_025C_1v80…
Reading timing library for the 'nom_tt_025C_1v80' corner at '/home/hien/.volare/volare/sky130/versions/0fe599b2afb6708d281543108caf8310912f54af/sky130A/libs.ref/sky130_fd_sc_hd/lib/sky130_fd_sc_hd__tt_025C_1v80.lib'…
Reading timing models for corner nom_ff_n40C_1v95…
Reading timing library for the 'nom_ff_n40C_1v95' corner at '/home/hien/.volare/volare/sky130/versions/0fe599b2afb6708d281543108caf8310912f54af/sky130A/libs.ref/sky130_fd_sc_hd/lib/sky130_fd_sc_hd__ff_n40C_1v95.lib'…
Reading timing models for corner nom_ss_100C_1v60…
Reading timing library for the 'nom_ss_100C_1v60' corner at '/home/hien/.volare/volare/sky130/versions/0fe599b2afb6708d281543108caf8310912f54af/sky130A/libs.ref/sky130_fd_sc_hd/lib/sky130_fd_sc_hd__ss_100C_1v60.lib'…
Reading OpenROAD database at '/home/hien/openlane2/designs/highspeed_pipelined_multiplier/runs/opti_7/27-openroad-globalplacement/pipelined_mult.odb'…
Reading design constraints file at '/home/hien/openlane2/designs/highspeed_pipelined_multiplier/src/pnr.sdc'…
[INFO] No information on clock propagation in input SDC file-- propagating all clocks.
[INFO] Setting RC values…
[INFO RSZ-0027] Inserted 65 input buffers.
[INFO RSZ-0028] Inserted 64 output buffers.
[INFO RSZ-0058] Using max wire length 6335um.
Iteration | Resized | Buffers | Nets repaired | Remaining
---------------------------------------------------------
        0 |       0 |       0 |             0 |     10825
      100 |      98 |       2 |            24 |     10725
      200 |     191 |       8 |            49 |     10625
      300 |     278 |       9 |            64 |     10525
      400 |     368 |      13 |            75 |     10425
      500 |     453 |      13 |            87 |     10325
      600 |     541 |      16 |            95 |     10225
      700 |     632 |      17 |            99 |     10125
      800 |     720 |      21 |           107 |     10025
      900 |     811 |      24 |           112 |      9925
     1000 |     883 |      25 |           114 |      9825
     1100 |     968 |      27 |           116 |      9725
     1200 |    1055 |      30 |           122 |      9625
     1300 |    1131 |      31 |           124 |      9525
     1400 |    1215 |      33 |           131 |      9425
     1500 |    1289 |      35 |           133 |      9325
     1600 |    1368 |      43 |           140 |      9225
     1700 |    1456 |      45 |           146 |      9125
     1800 |    1533 |      49 |           150 |      9025
     1900 |    1609 |      52 |           154 |      8925
     2000 |    1687 |      58 |           161 |      8825
     2100 |    1767 |      64 |           168 |      8725
     2200 |    1842 |      66 |           170 |      8625
     2300 |    1913 |      71 |           174 |      8525
     2400 |    1990 |      74 |           181 |      8425
     2500 |    2069 |      76 |           189 |      8325
     2600 |    2143 |      80 |           197 |      8225
     2700 |    2214 |      81 |           205 |      8125
     2800 |    2288 |      88 |           216 |      8025
     2900 |    2372 |      96 |           228 |      7925
     3000 |    2448 |     101 |           237 |      7825
     3100 |    2523 |     103 |           243 |      7725
     3200 |    2593 |     108 |           251 |      7625
     3300 |    2671 |     114 |           260 |      7525
     3400 |    2752 |     118 |           265 |      7425
     3500 |    2830 |     126 |           274 |      7325
     3600 |    2912 |     128 |           278 |      7225
     3700 |    2997 |     130 |           284 |      7125
     3800 |    3077 |     135 |           292 |      7025
     3900 |    3148 |     138 |           293 |      6925
     4000 |    3225 |     147 |           302 |      6825
     4100 |    3303 |     149 |           306 |      6725
     4200 |    3381 |     153 |           310 |      6625
     4300 |    3451 |     159 |           316 |      6525
     4400 |    3528 |     162 |           321 |      6425
     4500 |    3605 |     169 |           327 |      6325
     4600 |    3683 |     173 |           333 |      6225
     4700 |    3766 |     177 |           339 |      6125
     4800 |    3844 |     178 |           344 |      6025
     4900 |    3924 |     178 |           345 |      5925
     5000 |    3998 |     186 |           359 |      5825
     5100 |    4073 |     190 |           366 |      5725
     5200 |    4158 |     190 |           369 |      5625
     5300 |    4228 |     193 |           372 |      5525
     5400 |    4306 |     195 |           376 |      5425
     5500 |    4382 |     198 |           380 |      5325
     5600 |    4462 |     204 |           388 |      5225
     5700 |    4548 |     211 |           397 |      5125
     5800 |    4620 |     217 |           408 |      5025
     5900 |    4701 |     226 |           418 |      4925
     6000 |    4771 |     230 |           423 |      4825
     6100 |    4842 |     236 |           435 |      4725
     6200 |    4919 |     241 |           442 |      4625
     6300 |    4994 |     247 |           451 |      4525
     6400 |    5076 |     250 |           483 |      4425
     6500 |    5157 |     254 |           522 |      4325
     6600 |    5236 |     256 |           554 |      4225
     6700 |    5320 |     262 |           588 |      4125
     6800 |    5401 |     269 |           620 |      4025
     6900 |    5481 |     273 |           656 |      3925
     7000 |    5558 |     275 |           689 |      3825
     7100 |    5642 |     279 |           723 |      3725
     7200 |    5731 |     284 |           765 |      3625
     7300 |    5817 |     292 |           793 |      3525
     7400 |    5906 |     299 |           809 |      3425
     7500 |    5988 |     303 |           832 |      3325
     7600 |    6074 |     304 |           854 |      3225
     7700 |    6148 |     308 |           881 |      3125
     7800 |    6227 |     312 |           902 |      3025
     7900 |    6313 |     319 |           914 |      2925
     8000 |    6390 |     323 |           937 |      2825
     8100 |    6477 |     326 |           959 |      2725
     8200 |    6552 |     329 |           984 |      2625
     8300 |    6638 |     333 |           997 |      2525
     8400 |    6734 |     336 |          1014 |      2425
     8500 |    6821 |     337 |          1098 |      2325
     8600 |    6903 |     338 |          1188 |      2225
     8700 |    6988 |     338 |          1277 |      2125
     8800 |    7076 |     340 |          1355 |      2025
     8900 |    7155 |     343 |          1434 |      1925
     9000 |    7237 |     345 |          1517 |      1825
     9100 |    7325 |     346 |          1598 |      1725
     9200 |    7409 |     346 |          1681 |      1625
     9300 |    7490 |     347 |          1769 |      1525
     9400 |    7566 |     348 |          1858 |      1425
     9500 |    7651 |     351 |          1931 |      1325
     9600 |    7733 |     354 |          2020 |      1225
     9700 |    7810 |     358 |          2106 |      1125
     9800 |    7893 |     361 |          2195 |      1025
     9900 |    7991 |     364 |          2198 |       925
    10000 |    8089 |     365 |          2200 |       825
    10100 |    8184 |     368 |          2204 |       725
    10200 |    8280 |     368 |          2250 |       625
    10300 |    8400 |     617 |          2298 |       525
    10400 |    8478 |     617 |          2298 |       425
    10500 |    8578 |     617 |          2298 |       325
    10600 |    8678 |     617 |          2298 |       225
    10700 |    8780 |     706 |          2316 |       125
    10800 |    8831 |     706 |          2316 |        25
    final |    8831 |     706 |          2316 |         0
---------------------------------------------------------
[INFO RSZ-0034] Found 2316 slew violations.
[INFO RSZ-0036] Found 62 capacitance violations.
[INFO RSZ-0038] Inserted 706 buffers in 2316 nets.
[INFO RSZ-0039] Resized 8831 instances.
Placement Analysis
---------------------------------
total displacement      24199.8 u
average displacement        1.5 u
max displacement           12.2 u
original HPWL          261284.0 u
legalized HPWL         281451.2 u
delta HPWL                    8 %

[INFO DPL-0020] Mirrored 4690 instances
[INFO DPL-0021] HPWL before          281451.2 u
[INFO DPL-0022] HPWL after           274068.8 u
[INFO DPL-0023] HPWL delta               -2.6 %
[INFO] Setting RC values…
Setting global connections for newly added cells…
[INFO] Setting global connections...
Updating metrics…
Cell type report:                       Count       Area
  Fill cell                               388    1456.40
  Tap cell                               4018    5027.32
  Timing Repair Buffer                    835    6645.12
  Inverter                                178    1166.12
  Sequential cell                         450    9210.08
  Multi-Input combinational cell        10002   83143.49
  Total                                 15871  106648.53
Writing OpenROAD database to '/home/hien/openlane2/designs/highspeed_pipelined_multiplier/runs/opti_7/31-openroad-repairdesignpostgpl/pipelined_mult.odb'…
Writing netlist to '/home/hien/openlane2/designs/highspeed_pipelined_multiplier/runs/opti_7/31-openroad-repairdesignpostgpl/pipelined_mult.nl.v'…
Writing powered netlist to '/home/hien/openlane2/designs/highspeed_pipelined_multiplier/runs/opti_7/31-openroad-repairdesignpostgpl/pipelined_mult.pnl.v'…
Writing layout to '/home/hien/openlane2/designs/highspeed_pipelined_multiplier/runs/opti_7/31-openroad-repairdesignpostgpl/pipelined_mult.def'…
Writing timing constraints to '/home/hien/openlane2/designs/highspeed_pipelined_multiplier/runs/opti_7/31-openroad-repairdesignpostgpl/pipelined_mult.sdc'…
