if {[file exists ~/openlane2/my_script/script_matt.tcl]} {
    source ~/openlane2/my_script/script_matt.tcl
}
Reading OpenROAD database at '/home/hien/openlane2/designs/highspeed_pipelined_multiplier/runs/opti_8/20-openroad-generatepdn/pipelined_mult.odb'…
Reading library file at '/home/hien/.volare/volare/sky130/versions/0fe599b2afb6708d281543108caf8310912f54af/sky130A/libs.ref/sky130_fd_sc_hd/lib/sky130_fd_sc_hd__tt_025C_1v80.lib'…
Reading design constraints file at '/home/hien/openlane2/designs/highspeed_pipelined_multiplier/src/pnr.sdc'…
[INFO] No information on clock propagation in input SDC file-- propagating all clocks.
+ global_placement -density 0.7 -skip_io -pad_right 0 -pad_left 0 -init_wirelength_coef 0.25
[INFO GPL-0002] DBU: 1000
[INFO GPL-0003] SiteSize: (  0.460  2.720 ) um
[INFO GPL-0004] CoreBBox: (  5.520 10.880 ) ( 444.360 437.920 ) um
[INFO GPL-0006] NumInstances:             13567
[INFO GPL-0007] NumPlaceInstances:        10630
[INFO GPL-0008] NumFixedInstances:         2937
[INFO GPL-0009] NumDummyInstances:            0
[INFO GPL-0010] NumNets:                  10696
[INFO GPL-0011] NumPins:                  43163
[INFO GPL-0012] DieBBox:  (  0.000  0.000 ) ( 450.000 450.000 ) um
[INFO GPL-0013] CoreBBox: (  5.520 10.880 ) ( 444.360 437.920 ) um
[INFO GPL-0016] CoreArea:            187402.234 um^2
[INFO GPL-0017] NonPlaceInstsArea:     4460.528 um^2
[INFO GPL-0018] PlaceInstsArea:      106514.656 um^2
[INFO GPL-0019] Util:                    58.223 %
[INFO GPL-0020] StdInstsArea:        106514.656 um^2
[INFO GPL-0021] MacroInstsArea:           0.000 um^2
[INFO GPL-0031] FillerInit:NumGCells:     12853
[INFO GPL-0032] FillerInit:NumGNets:      10696
[INFO GPL-0033] FillerInit:NumGPins:      43163
[INFO GPL-0023] TargetDensity:            0.700
[INFO GPL-0024] AvrgPlaceInstArea:       10.020 um^2
[INFO GPL-0025] IdealBinArea:            14.315 um^2
[INFO GPL-0026] IdealBinCnt:              13091
[INFO GPL-0027] TotalBinArea:        187402.234 um^2
[INFO GPL-0028] BinCnt:        64     64
[INFO GPL-0029] BinSize: (  6.857  6.673 )
[INFO GPL-0030] NumBins: 4096
[NesterovSolve] Iter:    1 overflow: 0.999 HPWL: 29555126
[NesterovSolve] Iter:   10 overflow: 0.997 HPWL: 18950632
[NesterovSolve] Iter:   20 overflow: 0.997 HPWL: 18179572
[NesterovSolve] Iter:   30 overflow: 0.997 HPWL: 17735809
[NesterovSolve] Iter:   40 overflow: 0.996 HPWL: 17471336
[NesterovSolve] Iter:   50 overflow: 0.996 HPWL: 17351347
[NesterovSolve] Iter:   60 overflow: 0.996 HPWL: 17315336
[NesterovSolve] Iter:   70 overflow: 0.996 HPWL: 17309766
[NesterovSolve] Iter:   80 overflow: 0.996 HPWL: 17314275
[NesterovSolve] Iter:   90 overflow: 0.995 HPWL: 17348675
[NesterovSolve] Iter:  100 overflow: 0.995 HPWL: 17489202
[NesterovSolve] Iter:  110 overflow: 0.994 HPWL: 17947471
[NesterovSolve] Iter:  120 overflow: 0.992 HPWL: 19426097
[NesterovSolve] Iter:  130 overflow: 0.987 HPWL: 23918986
[NesterovSolve] Iter:  140 overflow: 0.979 HPWL: 32142445
[NesterovSolve] Iter:  150 overflow: 0.968 HPWL: 40044496
[NesterovSolve] Iter:  160 overflow: 0.955 HPWL: 46078455
[NesterovSolve] Iter:  170 overflow: 0.934 HPWL: 52490064
[NesterovSolve] Iter:  180 overflow: 0.912 HPWL: 59839359
[NesterovSolve] Iter:  190 overflow: 0.884 HPWL: 68037074
[NesterovSolve] Iter:  200 overflow: 0.856 HPWL: 77724306
[NesterovSolve] Iter:  210 overflow: 0.818 HPWL: 88648197
[NesterovSolve] Iter:  220 overflow: 0.778 HPWL: 99504855
[NesterovSolve] Iter:  230 overflow: 0.736 HPWL: 110153902
[NesterovSolve] Iter:  240 overflow: 0.691 HPWL: 121012105
[NesterovSolve] Iter:  250 overflow: 0.642 HPWL: 130943913
[NesterovSolve] Iter:  260 overflow: 0.593 HPWL: 139318221
[NesterovSolve] Iter:  270 overflow: 0.545 HPWL: 146760175
[NesterovSolve] Iter:  280 overflow: 0.497 HPWL: 155485565
[NesterovSolve] Iter:  290 overflow: 0.457 HPWL: 167011746
[NesterovSolve] Iter:  300 overflow: 0.419 HPWL: 171925947
[NesterovSolve] Iter:  310 overflow: 0.388 HPWL: 172190672
[NesterovSolve] Iter:  320 overflow: 0.352 HPWL: 172923768
[NesterovSolve] Iter:  330 overflow: 0.311 HPWL: 176875464
[NesterovSolve] Iter:  340 overflow: 0.284 HPWL: 178123726
[NesterovSolve] Iter:  350 overflow: 0.255 HPWL: 178963152
[NesterovSolve] Iter:  360 overflow: 0.232 HPWL: 180259963
[NesterovSolve] Iter:  370 overflow: 0.210 HPWL: 180549068
[NesterovSolve] Iter:  380 overflow: 0.191 HPWL: 180953755
[NesterovSolve] Iter:  390 overflow: 0.169 HPWL: 181339063
[NesterovSolve] Iter:  400 overflow: 0.151 HPWL: 181617183
[NesterovSolve] Iter:  410 overflow: 0.134 HPWL: 182037776
[NesterovSolve] Iter:  420 overflow: 0.119 HPWL: 182346712
[NesterovSolve] Iter:  430 overflow: 0.104 HPWL: 182663007
[NesterovSolve] Finished with Overflow: 0.098936
[INFO] Setting RC values…
Setting global connections for newly added cells…
[INFO] Setting global connections...
Updating metrics…
Cell type report:                       Count       Area
  Fill cell                               314    1178.63
  Tap cell                               2623    3281.90
  Inverter                                178     668.14
  Sequential cell                         450    9571.68
  Multi-Input combinational cell        10002   96274.84
  Total                                 13567  110975.18
Writing OpenROAD database to '/home/hien/openlane2/designs/highspeed_pipelined_multiplier/runs/opti_8/23-openroad-globalplacementskipio/pipelined_mult.odb'…
Writing netlist to '/home/hien/openlane2/designs/highspeed_pipelined_multiplier/runs/opti_8/23-openroad-globalplacementskipio/pipelined_mult.nl.v'…
Writing powered netlist to '/home/hien/openlane2/designs/highspeed_pipelined_multiplier/runs/opti_8/23-openroad-globalplacementskipio/pipelined_mult.pnl.v'…
Writing layout to '/home/hien/openlane2/designs/highspeed_pipelined_multiplier/runs/opti_8/23-openroad-globalplacementskipio/pipelined_mult.def'…
Writing timing constraints to '/home/hien/openlane2/designs/highspeed_pipelined_multiplier/runs/opti_8/23-openroad-globalplacementskipio/pipelined_mult.sdc'…
