                                                                     Buffers by Cell Master                                                                     
┏━━━━━━━━━━━━━━━━━━━━━━━━━━━━━━━━━━━━━━━━━━━━━━━━━━━━━━━━━━━━━━━━━━━━━━━━━━━━━━━━━━━━━━━━━━━━━━━━━━━━━━━━━━━━━━━━━━━━━━━━━━━━━━━━━━┳━━━━━━━━━━━━━━━━━━━━━━━━━━━┓
┃ Buffer                                                                                                                           ┃ Count                     ┃
┡━━━━━━━━━━━━━━━━━━━━━━━━━━━━━━━━━━━━━━━━━━━━━━━━━━━━━━━━━━━━━━━━━━━━━━━━━━━━━━━━━━━━━━━━━━━━━━━━━━━━━━━━━━━━━━━━━━━━━━━━━━━━━━━━━━╇━━━━━━━━━━━━━━━━━━━━━━━━━━━┩
│ sky130_fd_sc_hd__buf_1                                                                                                           │ 141                       │
│ sky130_fd_sc_hd__buf_12                                                                                                          │ 182                       │
│ sky130_fd_sc_hd__buf_2                                                                                                           │ 128                       │
│ sky130_fd_sc_hd__buf_4                                                                                                           │ 22                        │
│ sky130_fd_sc_hd__buf_6                                                                                                           │ 110                       │
│ sky130_fd_sc_hd__buf_8                                                                                                           │ 70                        │
│ sky130_fd_sc_hd__bufbuf_16                                                                                                       │ 2                         │
│ sky130_fd_sc_hd__clkbuf_1                                                                                                        │ 73                        │
│ sky130_fd_sc_hd__clkbuf_16                                                                                                       │ 77                        │
│ sky130_fd_sc_hd__clkbuf_2                                                                                                        │ 114                       │
│ sky130_fd_sc_hd__clkbuf_4                                                                                                        │ 18                        │
│ sky130_fd_sc_hd__clkbuf_8                                                                                                        │ 88                        │
│ sky130_fd_sc_hd__dlygate4sd1_1                                                                                                   │ 126                       │
│ sky130_fd_sc_hd__dlygate4sd3_1                                                                                                   │ 209                       │
│ sky130_fd_sc_hd__dlymetal6s2s_1                                                                                                  │ 54                        │
│ sky130_fd_sc_hd__dlymetal6s4s_1                                                                                                  │ 12                        │
└──────────────────────────────────────────────────────────────────────────────────────────────────────────────────────────────────┴───────────────────────────┘
