Clock: clk
Sources: clk 
Generated: no
Virtual: yes
Propagated: no
Period: 10.000000

===========================================================================
report_clock_properties
============================================================================
Clock                   Period          Waveform
----------------------------------------------------
clk                  10.000000    0.000000  5.000000

===========================================================================
report_clock_latency
============================================================================
Clock clk
rise -> rise
    min     max
0.000000 0.000000 source latency
0.514386         network latency _20402_/CLK
        0.707907 network latency _20498_/CLK
---------------
0.514386 0.707907 latency
        0.193521 skew

fall -> fall
    min     max
0.000000 0.000000 source latency
0.421114         network latency _20402_/CLK
        0.590266 network latency _20498_/CLK
---------------
0.421114 0.590266 latency
        0.169152 skew



===========================================================================
report_clock_min_period
============================================================================
clk period_min = 3.41 fmax = 292.98
