
===========================================================================
report_checks -unconstrained
===========================================================================
======================= nom_tt_025C_1v80 Corner ===================================

Startpoint: _4987_ (rising edge-triggered flip-flop clocked by clk)
Endpoint: _5023_ (rising edge-triggered flip-flop clocked by clk)
Path Group: clk
Path Type: max

Fanout         Cap        Slew       Delay        Time   Description
---------------------------------------------------------------------------------------------
                                  0.000000    0.000000   clock clk (rise edge)
                                  0.000000    0.000000   clock source latency
     1    0.023386    0.000000    0.000000    0.000000 ^ clk (in)
                                                         clk (net)
                      0.001881    0.000941    0.000941 ^ clkbuf_0_clk/A (sky130_fd_sc_hd__clkbuf_16)
     8    0.103064    0.118755    0.173326    0.174267 ^ clkbuf_0_clk/X (sky130_fd_sc_hd__clkbuf_16)
                                                         clknet_0_clk (net)
                      0.118815    0.001092    0.175359 ^ clkbuf_3_6__f_clk/A (sky130_fd_sc_hd__clkbuf_16)
     9    0.029396    0.050630    0.161173    0.336532 ^ clkbuf_3_6__f_clk/X (sky130_fd_sc_hd__clkbuf_16)
                                                         clknet_3_6__leaf_clk (net)
                      0.050630    0.000053    0.336585 ^ _4987_/CLK (sky130_fd_sc_hd__dfxtp_1)
     1    0.003415    0.045643    0.305971    0.642556 ^ _4987_/Q (sky130_fd_sc_hd__dfxtp_1)
                                                         in2_reg[3] (net)
                      0.045643    0.000021    0.642577 ^ fanout251/A (sky130_fd_sc_hd__clkbuf_2)
     5    0.019610    0.112588    0.154147    0.796724 ^ fanout251/X (sky130_fd_sc_hd__clkbuf_2)
                                                         net251 (net)
                      0.112588    0.000154    0.796878 ^ fanout247/A (sky130_fd_sc_hd__buf_2)
     6    0.032559    0.162452    0.217693    1.014571 ^ fanout247/X (sky130_fd_sc_hd__buf_2)
                                                         net247 (net)
                      0.162452    0.000191    1.014762 ^ fanout246/A (sky130_fd_sc_hd__buf_2)
     6    0.029294    0.147492    0.221085    1.235847 ^ fanout246/X (sky130_fd_sc_hd__buf_2)
                                                         net246 (net)
                      0.147492    0.000346    1.236193 ^ fanout245/A (sky130_fd_sc_hd__clkbuf_4)
    10    0.047569    0.149696    0.250055    1.486247 ^ fanout245/X (sky130_fd_sc_hd__clkbuf_4)
                                                         net245 (net)
                      0.149696    0.000334    1.486581 ^ _3774_/A (sky130_fd_sc_hd__nand2_1)
     3    0.009120    0.082928    0.110990    1.597571 v _3774_/Y (sky130_fd_sc_hd__nand2_1)
                                                         _0485_ (net)
                      0.082928    0.000052    1.597623 v _3776_/B (sky130_fd_sc_hd__nand2_1)
     3    0.014878    0.149968    0.152746    1.750370 ^ _3776_/Y (sky130_fd_sc_hd__nand2_1)
                                                         _0487_ (net)
                      0.149968    0.000027    1.750396 ^ _3781_/C1 (sky130_fd_sc_hd__o211a_2)
     4    0.024675    0.157574    0.281291    2.031688 ^ _3781_/X (sky130_fd_sc_hd__o211a_2)
                                                         _0492_ (net)
                      0.157574    0.000014    2.031702 ^ _3782_/B (sky130_fd_sc_hd__nor2_1)
     2    0.005366    0.072673    0.073283    2.104985 v _3782_/Y (sky130_fd_sc_hd__nor2_1)
                                                         _0494_ (net)
                      0.072673    0.000012    2.104997 v _3792_/B (sky130_fd_sc_hd__nand2_1)
     3    0.015466    0.150980    0.151571    2.256568 ^ _3792_/Y (sky130_fd_sc_hd__nand2_1)
                                                         _0505_ (net)
                      0.150980    0.000122    2.256690 ^ _3798_/C (sky130_fd_sc_hd__nand4_4)
     8    0.041025    0.213193    0.214057    2.470747 v _3798_/Y (sky130_fd_sc_hd__nand4_4)
                                                         _0511_ (net)
                      0.213193    0.000343    2.471090 v _3833_/C (sky130_fd_sc_hd__nand3_2)
     2    0.015346    0.116253    0.179844    2.650934 ^ _3833_/Y (sky130_fd_sc_hd__nand3_2)
                                                         _0550_ (net)
                      0.116253    0.000052    2.650986 ^ _3839_/C (sky130_fd_sc_hd__nand3_4)
     6    0.024702    0.127687    0.124071    2.775058 v _3839_/Y (sky130_fd_sc_hd__nand3_4)
                                                         _0556_ (net)
                      0.127687    0.000367    2.775425 v _3841_/B2 (sky130_fd_sc_hd__o2bb2ai_1)
     2    0.008986    0.223951    0.237234    3.012659 ^ _3841_/Y (sky130_fd_sc_hd__o2bb2ai_1)
                                                         _0558_ (net)
                      0.223951    0.000022    3.012681 ^ _4002_/B1 (sky130_fd_sc_hd__o211ai_2)
     2    0.007116    0.090862    0.141067    3.153747 v _4002_/Y (sky130_fd_sc_hd__o211ai_2)
                                                         _0722_ (net)
                      0.090862    0.000073    3.153820 v _4040_/B1 (sky130_fd_sc_hd__o2bb2ai_1)
     3    0.010791    0.257641    0.261958    3.415778 ^ _4040_/Y (sky130_fd_sc_hd__o2bb2ai_1)
                                                         _0759_ (net)
                      0.257641    0.000050    3.415828 ^ _4147_/B (sky130_fd_sc_hd__nand3_1)
     3    0.009639    0.133418    0.172970    3.588798 v _4147_/Y (sky130_fd_sc_hd__nand3_1)
                                                         _0875_ (net)
                      0.133418    0.000023    3.588821 v _4152_/A1 (sky130_fd_sc_hd__a21oi_1)
     2    0.008105    0.209032    0.227708    3.816529 ^ _4152_/Y (sky130_fd_sc_hd__a21oi_1)
                                                         _0881_ (net)
                      0.209032    0.000022    3.816551 ^ _4153_/A_N (sky130_fd_sc_hd__nand3b_4)
     7    0.023011    0.101150    0.210675    4.027226 ^ _4153_/Y (sky130_fd_sc_hd__nand3b_4)
                                                         _0882_ (net)
                      0.101150    0.000044    4.027270 ^ _4405_/A (sky130_fd_sc_hd__nand4_2)
     3    0.008355    0.109141    0.103414    4.130684 v _4405_/Y (sky130_fd_sc_hd__nand4_2)
                                                         _1155_ (net)
                      0.109141    0.000025    4.130709 v _4406_/C (sky130_fd_sc_hd__nor3_1)
     1    0.004587    0.196730    0.183484    4.314193 ^ _4406_/Y (sky130_fd_sc_hd__nor3_1)
                                                         _1156_ (net)
                      0.196730    0.000003    4.314196 ^ _4407_/A (sky130_fd_sc_hd__nand3_2)
     5    0.021206    0.150569    0.168527    4.482723 v _4407_/Y (sky130_fd_sc_hd__nand3_2)
                                                         _1157_ (net)
                      0.150573    0.000663    4.483386 v _4617_/A1 (sky130_fd_sc_hd__a21oi_1)
     2    0.009087    0.220747    0.248021    4.731407 ^ _4617_/Y (sky130_fd_sc_hd__a21oi_1)
                                                         _1386_ (net)
                      0.220747    0.000115    4.731522 ^ _4619_/A2 (sky130_fd_sc_hd__o21bai_1)
     3    0.007887    0.085698    0.125385    4.856907 v _4619_/Y (sky130_fd_sc_hd__o21bai_1)
                                                         _1388_ (net)
                      0.085698    0.000022    4.856929 v _4701_/A1 (sky130_fd_sc_hd__a21o_1)
     1    0.002555    0.033041    0.164845    5.021775 v _4701_/X (sky130_fd_sc_hd__a21o_1)
                                                         _1476_ (net)
                      0.033041    0.000005    5.021780 v _4702_/B1 (sky130_fd_sc_hd__a31oi_1)
     1    0.003296    0.136388    0.136520    5.158300 ^ _4702_/Y (sky130_fd_sc_hd__a31oi_1)
                                                         _0039_ (net)
                      0.136388    0.000022    5.158322 ^ _5023_/D (sky130_fd_sc_hd__dfxtp_1)
                                              5.158322   data arrival time

                                 10.000000   10.000000   clock clk (rise edge)
                                  0.000000   10.000000   clock source latency
     1    0.023386    0.000000    0.000000   10.000000 ^ clk (in)
                                                         clk (net)
                      0.001881    0.000941   10.000941 ^ clkbuf_0_clk/A (sky130_fd_sc_hd__clkbuf_16)
     8    0.103064    0.118755    0.173326   10.174267 ^ clkbuf_0_clk/X (sky130_fd_sc_hd__clkbuf_16)
                                                         clknet_0_clk (net)
                      0.118756    0.000643   10.174911 ^ clkbuf_3_4__f_clk/A (sky130_fd_sc_hd__clkbuf_16)
     6    0.038350    0.058371    0.167781   10.342691 ^ clkbuf_3_4__f_clk/X (sky130_fd_sc_hd__clkbuf_16)
                                                         clknet_3_4__leaf_clk (net)
                      0.058385    0.000679   10.343370 ^ _5023_/CLK (sky130_fd_sc_hd__dfxtp_1)
                                 -0.250000   10.093370   clock uncertainty
                                  0.000000   10.093370   clock reconvergence pessimism
                                 -0.073145   10.020226   library setup time
                                             10.020226   data required time
---------------------------------------------------------------------------------------------
                                             10.020226   data required time
                                             -5.158322   data arrival time
---------------------------------------------------------------------------------------------
                                              4.861904   slack (MET)




===========================================================================
report_checks --slack_max -0.01
============================================================================
======================= nom_tt_025C_1v80 Corner ===================================

No paths found.


===========================================================================
 report_check_types -max_slew -max_cap -max_fanout -violators
============================================================================
======================= nom_tt_025C_1v80 Corner ===================================

max fanout

Pin                                   Limit Fanout  Slack
---------------------------------------------------------
clkbuf_3_0__f_clk/X                      10     12     -2 (VIOLATED)
clkbuf_3_1__f_clk/X                      10     11        (VIOLATED)



===========================================================================
report_parasitic_annotation -report_unannotated
============================================================================
Found 7 unannotated drivers.
 clkload0/Y
 clkload1/Y
 clkload2/Y
 clkload3/Y
 clkload4/Y
 clkload5/Y
 clkload6/Y
Found 0 partially unannotated drivers.

===========================================================================
max slew violation count 0
Writing metric design__max_slew_violation__count__corner:nom_tt_025C_1v80: 0
max fanout violation count 2
Writing metric design__max_fanout_violation__count__corner:nom_tt_025C_1v80: 2
max cap violation count 0
Writing metric design__max_cap_violation__count__corner:nom_tt_025C_1v80: 0
============================================================================

===========================================================================
check_setup -verbose -unconstrained_endpoints -multiple_clock -no_clock -no_input_delay -loops -generated_clocks
===========================================================================
Warning: There is 1 input port missing set_input_delay.
  rst
