
===========================================================================
report_checks -unconstrained
===========================================================================
======================= nom_tt_025C_1v80 Corner ===================================

Startpoint: _20768_ (rising edge-triggered flip-flop clocked by clk)
Endpoint: _20686_ (rising edge-triggered flip-flop clocked by clk)
Path Group: clk
Path Type: max

Fanout         Cap        Slew       Delay        Time   Description
---------------------------------------------------------------------------------------------
                                  0.000000    0.000000   clock clk (rise edge)
                                  0.000000    0.000000   clock source latency
     2    0.062795    0.176743    0.128737    0.128737 ^ clk (in)
                                                         clk (net)
                      0.176792    0.000000    0.128737 ^ clkbuf_0_clk/A (sky130_fd_sc_hd__clkbuf_16)
     8    0.203026    0.213805    0.298467    0.427204 ^ clkbuf_0_clk/X (sky130_fd_sc_hd__clkbuf_16)
                                                         clknet_0_clk (net)
                      0.214079    0.006268    0.433472 ^ clkbuf_3_0_0_clk/A (sky130_fd_sc_hd__clkbuf_16)
    10    0.178687    0.190544    0.292927    0.726400 ^ clkbuf_3_0_0_clk/X (sky130_fd_sc_hd__clkbuf_16)
                                                         clknet_3_0_0_clk (net)
                      0.192149    0.013970    0.740370 ^ clkbuf_leaf_73_clk/A (sky130_fd_sc_hd__clkbuf_16)
     3    0.010318    0.035604    0.165484    0.905854 ^ clkbuf_leaf_73_clk/X (sky130_fd_sc_hd__clkbuf_16)
                                                         clknet_leaf_73_clk (net)
                      0.035604    0.000287    0.906141 ^ _20768_/CLK (sky130_fd_sc_hd__dfxtp_4)
     3    0.034853    0.110055    0.389912    1.296054 ^ _20768_/Q (sky130_fd_sc_hd__dfxtp_4)
                                                         a_h[6] (net)
                      0.110066    0.001167    1.297221 ^ max_cap717/A (sky130_fd_sc_hd__buf_12)
    16    0.126428    0.151195    0.196002    1.493224 ^ max_cap717/X (sky130_fd_sc_hd__buf_12)
                                                         net717 (net)
                      0.152821    0.012565    1.505789 ^ wire716/A (sky130_fd_sc_hd__buf_12)
     9    0.076948    0.097816    0.172371    1.678160 ^ wire716/X (sky130_fd_sc_hd__buf_12)
                                                         net716 (net)
                      0.098283    0.005389    1.683549 ^ max_cap715/A (sky130_fd_sc_hd__buf_12)
     8    0.070731    0.090579    0.153348    1.836898 ^ max_cap715/X (sky130_fd_sc_hd__buf_12)
                                                         net715 (net)
                      0.090768    0.003358    1.840256 ^ rebuffer331/A (sky130_fd_sc_hd__dlymetal6s4s_1)
     3    0.028813    0.298234    0.360617    2.200873 ^ rebuffer331/X (sky130_fd_sc_hd__dlymetal6s4s_1)
                                                         net1166 (net)
                      0.298334    0.001151    2.202024 ^ _13437_/B (sky130_fd_sc_hd__nand2_2)
     4    0.016968    0.101219    0.142949    2.344973 v _13437_/Y (sky130_fd_sc_hd__nand2_2)
                                                         _04348_ (net)
                      0.101220    0.000472    2.345444 v _13443_/B1 (sky130_fd_sc_hd__a41o_1)
     1    0.008450    0.063991    0.248786    2.594230 v _13443_/X (sky130_fd_sc_hd__a41o_1)
                                                         _04354_ (net)
                      0.063991    0.000254    2.594484 v _13446_/A2 (sky130_fd_sc_hd__o21ai_4)
     5    0.025813    0.223969    0.216577    2.811061 ^ _13446_/Y (sky130_fd_sc_hd__o21ai_4)
                                                         _04357_ (net)
                      0.223969    0.000464    2.811526 ^ _13448_/A2 (sky130_fd_sc_hd__o21ai_1)
     2    0.009138    0.103104    0.130864    2.942390 v _13448_/Y (sky130_fd_sc_hd__o21ai_1)
                                                         _04359_ (net)
                      0.103104    0.000215    2.942605 v _13452_/A (sky130_fd_sc_hd__nand2_2)
     2    0.016053    0.099440    0.120164    3.062769 ^ _13452_/Y (sky130_fd_sc_hd__nand2_2)
                                                         _04363_ (net)
                      0.099440    0.000442    3.063211 ^ _13455_/C (sky130_fd_sc_hd__nand3_4)
     6    0.029873    0.135255    0.131916    3.195127 v _13455_/Y (sky130_fd_sc_hd__nand3_4)
                                                         _04366_ (net)
                      0.135313    0.000857    3.195984 v _13488_/A2 (sky130_fd_sc_hd__a21oi_4)
     2    0.014285    0.149825    0.215035    3.411019 ^ _13488_/Y (sky130_fd_sc_hd__a21oi_4)
                                                         _04398_ (net)
                      0.149825    0.000452    3.411471 ^ _13551_/A (sky130_fd_sc_hd__nand3_4)
     7    0.028520    0.118707    0.134848    3.546319 v _13551_/Y (sky130_fd_sc_hd__nand3_4)
                                                         _04461_ (net)
                      0.118720    0.000976    3.547294 v _13660_/A2 (sky130_fd_sc_hd__a21o_4)
     4    0.027411    0.061076    0.274899    3.822193 v _13660_/X (sky130_fd_sc_hd__a21o_4)
                                                         _04569_ (net)
                      0.061082    0.000656    3.822850 v _13662_/B1 (sky130_fd_sc_hd__a21o_1)
     2    0.012269    0.071556    0.195728    4.018578 v _13662_/X (sky130_fd_sc_hd__a21o_1)
                                                         _04571_ (net)
                      0.071556    0.000337    4.018915 v _13666_/B (sky130_fd_sc_hd__nand3b_2)
     3    0.019006    0.138508    0.138231    4.157146 ^ _13666_/Y (sky130_fd_sc_hd__nand3b_2)
                                                         _04575_ (net)
                      0.138509    0.000642    4.157788 ^ _13670_/B (sky130_fd_sc_hd__nand3_2)
     3    0.009121    0.094038    0.111261    4.269049 v _13670_/Y (sky130_fd_sc_hd__nand3_2)
                                                         _04579_ (net)
                      0.094038    0.000257    4.269306 v _13671_/A2_N (sky130_fd_sc_hd__o2bb2ai_1)
     3    0.009032    0.087468    0.172805    4.442111 v _13671_/Y (sky130_fd_sc_hd__o2bb2ai_1)
                                                         _04580_ (net)
                      0.087468    0.000237    4.442348 v _13924_/A2 (sky130_fd_sc_hd__a21oi_1)
     2    0.008361    0.207082    0.231218    4.673566 ^ _13924_/Y (sky130_fd_sc_hd__a21oi_1)
                                                         _04831_ (net)
                      0.207082    0.000237    4.673803 ^ max_cap146/A (sky130_fd_sc_hd__clkbuf_2)
     3    0.019253    0.111806    0.202775    4.876577 ^ max_cap146/X (sky130_fd_sc_hd__clkbuf_2)
                                                         net146 (net)
                      0.111809    0.000743    4.877321 ^ _14359_/A2 (sky130_fd_sc_hd__o211ai_4)
     3    0.029093    0.130480    0.131754    5.009075 v _14359_/Y (sky130_fd_sc_hd__o211ai_4)
                                                         _05262_ (net)
                      0.130484    0.001338    5.010413 v _14762_/A (sky130_fd_sc_hd__nand3_2)
     2    0.010775    0.082392    0.115992    5.126404 ^ _14762_/Y (sky130_fd_sc_hd__nand3_2)
                                                         _05663_ (net)
                      0.082392    0.000211    5.126616 ^ _14991_/A1 (sky130_fd_sc_hd__o21ai_2)
     3    0.018840    0.086362    0.105882    5.232498 v _14991_/Y (sky130_fd_sc_hd__o21ai_2)
                                                         _05890_ (net)
                      0.086415    0.001168    5.233665 v _14993_/A (sky130_fd_sc_hd__and3_1)
     1    0.004911    0.045856    0.167591    5.401256 v _14993_/X (sky130_fd_sc_hd__and3_1)
                                                         _05892_ (net)
                      0.045856    0.000153    5.401409 v _14994_/C1 (sky130_fd_sc_hd__a211oi_2)
     1    0.018008    0.367079    0.310116    5.711525 ^ _14994_/Y (sky130_fd_sc_hd__a211oi_2)
                                                         _00326_ (net)
                      0.367089    0.001497    5.713021 ^ wire134/A (sky130_fd_sc_hd__clkbuf_2)
     2    0.025925    0.147600    0.259072    5.972093 ^ wire134/X (sky130_fd_sc_hd__clkbuf_2)
                                                         net134 (net)
                      0.147625    0.001921    5.974014 ^ _20686_/D (sky130_fd_sc_hd__dfxtp_1)
                                              5.974014   data arrival time

                                 10.000000   10.000000   clock clk (rise edge)
                                  0.000000   10.000000   clock source latency
     2    0.062795    0.176743    0.128737   10.128737 ^ clk (in)
                                                         clk (net)
                      0.176792    0.000000   10.128737 ^ clkbuf_0_clk/A (sky130_fd_sc_hd__clkbuf_16)
     8    0.203026    0.213805    0.298467   10.427204 ^ clkbuf_0_clk/X (sky130_fd_sc_hd__clkbuf_16)
                                                         clknet_0_clk (net)
                      0.214178    0.007291   10.434495 ^ clkbuf_3_3_0_clk/A (sky130_fd_sc_hd__clkbuf_16)
    12    0.166739    0.179076    0.284512   10.719007 ^ clkbuf_3_3_0_clk/X (sky130_fd_sc_hd__clkbuf_16)
                                                         clknet_3_3_0_clk (net)
                      0.179403    0.006256   10.725264 ^ clkbuf_leaf_27_clk/A (sky130_fd_sc_hd__clkbuf_16)
     9    0.045405    0.065749    0.191422   10.916686 ^ clkbuf_leaf_27_clk/X (sky130_fd_sc_hd__clkbuf_16)
                                                         clknet_leaf_27_clk (net)
                      0.065759    0.000805   10.917490 ^ _20686_/CLK (sky130_fd_sc_hd__dfxtp_1)
                                 -0.200000   10.717490   clock uncertainty
                                  0.000000   10.717490   clock reconvergence pessimism
                                 -0.074645   10.642845   library setup time
                                             10.642845   data required time
---------------------------------------------------------------------------------------------
                                             10.642845   data required time
                                             -5.974014   data arrival time
---------------------------------------------------------------------------------------------
                                              4.668831   slack (MET)




===========================================================================
report_checks --slack_max -0.01
============================================================================
======================= nom_tt_025C_1v80 Corner ===================================

No paths found.


===========================================================================
 report_check_types -max_slew -max_cap -max_fanout -violators
============================================================================
======================= nom_tt_025C_1v80 Corner ===================================



===========================================================================
report_parasitic_annotation -report_unannotated
============================================================================
Found 66 unannotated drivers.
 clkload0/Y
 clkload1/Y
 clkload10/X
 clkload11/X
 clkload12/X
 clkload13/X
 clkload14/X
 clkload15/Y
 clkload16/Y
 clkload17/Y
 clkload18/Y
 clkload19/Y
 clkload2/Y
 clkload20/Y
 clkload21/Y
 clkload22/Y
 clkload23/Y
 clkload24/Y
 clkload25/Y
 clkload26/Y
 clkload27/Y
 clkload28/Y
 clkload29/Y
 clkload3/Y
 clkload30/Y
 clkload31/X
 clkload32/Y
 clkload33/Y
 clkload34/Y
 clkload35/Y
 clkload36/Y
 clkload37/Y
 clkload38/Y
 clkload39/Y
 clkload4/Y
 clkload40/Y
 clkload41/Y
 clkload42/Y
 clkload43/Y
 clkload44/X
 clkload45/Y
 clkload46/Y
 clkload47/Y
 clkload48/Y
 clkload49/Y
 clkload5/Y
 clkload50/Y
 clkload51/Y
 clkload52/Y
 clkload53/Y
 clkload54/Y
 clkload55/Y
 clkload56/Y
 clkload57/Y
 clkload58/Y
 clkload59/Y
 clkload6/Y
 clkload60/X
 clkload61/Y
 clkload62/Y
 clkload63/X
 clkload64/X
 clkload65/Y
 clkload7/X
 clkload8/X
 clkload9/X
Found 0 partially unannotated drivers.

===========================================================================
max slew violation count 0
max fanout violation count 0
max cap violation count 0
============================================================================

===========================================================================
check_setup -verbose -unconstrained_endpoints -multiple_clock -no_clock -no_input_delay -loops -generated_clocks
===========================================================================
