Using 16 threads…
Using a tile size of (500 µm)²…
Reading /home/hien/openlane2/designs/fn_pj/pipeline-mult/runs/TOP/58-magic-streamout/pipelined_mult.magic.gds ..
Reading /home/hien/openlane2/designs/fn_pj/pipeline-mult/runs/TOP/59-klayout-streamout/pipelined_mult.klayout.gds ..
--- Running XOR for layer 122/16 ---
"input" in: xor.drc:109
    Polygons (raw): 50032 (flat)  352 (hierarchical)
    Elapsed: 0.000s  Memory: 648.00M
"input" in: xor.drc:109
    Polygons (raw): 147382 (flat)  442 (hierarchical)
    Elapsed: 0.000s  Memory: 648.00M
"^" in: xor.drc:109
    Polygons (raw): 0 (flat)  0 (hierarchical)
    Elapsed: 0.480s  Memory: 1768.00M
XOR differences: 0
"output" in: xor.drc:86
    Polygons (raw): 0 (flat)  0 (hierarchical)
    Elapsed: 0.000s  Memory: 1704.00M
--- Running XOR for layer 235/4 ---
"input" in: xor.drc:109
    Polygons (raw): 6 (flat)  3 (hierarchical)
    Elapsed: 0.000s  Memory: 1704.00M
"input" in: xor.drc:109
    Polygons (raw): 6 (flat)  3 (hierarchical)
    Elapsed: 0.000s  Memory: 1704.00M
"^" in: xor.drc:109
    Polygons (raw): 0 (flat)  0 (hierarchical)
    Elapsed: 0.030s  Memory: 1784.00M
XOR differences: 0
"output" in: xor.drc:86
    Polygons (raw): 0 (flat)  0 (hierarchical)
    Elapsed: 0.000s  Memory: 1704.00M
--- Running XOR for layer 236/0 ---
"input" in: xor.drc:109
    Polygons (raw): 41843 (flat)  335 (hierarchical)
    Elapsed: 0.000s  Memory: 1704.00M
"input" in: xor.drc:109
    Polygons (raw): 122901 (flat)  422 (hierarchical)
    Elapsed: 0.000s  Memory: 1704.00M
"^" in: xor.drc:109
    Polygons (raw): 0 (flat)  0 (hierarchical)
    Elapsed: 0.510s  Memory: 1768.00M
XOR differences: 0
"output" in: xor.drc:86
    Polygons (raw): 0 (flat)  0 (hierarchical)
    Elapsed: 0.020s  Memory: 1704.00M
--- Running XOR for layer 64/16 ---
"input" in: xor.drc:109
    Polygons (raw): 50031 (flat)  351 (hierarchical)
    Elapsed: 0.000s  Memory: 1704.00M
"input" in: xor.drc:109
    Polygons (raw): 147380 (flat)  440 (hierarchical)
    Elapsed: 0.000s  Memory: 1704.00M
"^" in: xor.drc:109
    Polygons (raw): 0 (flat)  0 (hierarchical)
    Elapsed: 0.490s  Memory: 1776.00M
XOR differences: 0
"output" in: xor.drc:86
    Polygons (raw): 0 (flat)  0 (hierarchical)
    Elapsed: 0.000s  Memory: 1704.00M
--- Running XOR for layer 64/20 ---
"input" in: xor.drc:109
    Polygons (raw): 55161 (flat)  344 (hierarchical)
    Elapsed: 0.000s  Memory: 1704.00M
"input" in: xor.drc:109
    Polygons (raw): 162855 (flat)  431 (hierarchical)
    Elapsed: 0.000s  Memory: 1704.00M
"^" in: xor.drc:109
    Polygons (raw): 0 (flat)  0 (hierarchical)
    Elapsed: 0.840s  Memory: 1776.00M
XOR differences: 0
"output" in: xor.drc:86
    Polygons (raw): 0 (flat)  0 (hierarchical)
    Elapsed: 0.000s  Memory: 1704.00M
--- Running XOR for layer 64/5 ---
"input" in: xor.drc:109
    Polygons (raw): 0 (flat)  0 (hierarchical)
    Elapsed: 0.000s  Memory: 1704.00M
"input" in: xor.drc:109
    Polygons (raw): 0 (flat)  0 (hierarchical)
    Elapsed: 0.000s  Memory: 1704.00M
"^" in: xor.drc:109
    Polygons (raw): 0 (flat)  0 (hierarchical)
    Elapsed: 0.150s  Memory: 1800.00M
XOR differences: 0
"output" in: xor.drc:86
    Polygons (raw): 0 (flat)  0 (hierarchical)
    Elapsed: 0.000s  Memory: 1704.00M
--- Running XOR for layer 64/59 ---
"input" in: xor.drc:109
    Polygons (raw): 0 (flat)  0 (hierarchical)
    Elapsed: 0.000s  Memory: 1704.00M
"input" in: xor.drc:109
    Polygons (raw): 0 (flat)  0 (hierarchical)
    Elapsed: 0.000s  Memory: 1704.00M
"^" in: xor.drc:109
    Polygons (raw): 0 (flat)  0 (hierarchical)
    Elapsed: 0.150s  Memory: 1792.00M
XOR differences: 0
"output" in: xor.drc:86
    Polygons (raw): 0 (flat)  0 (hierarchical)
    Elapsed: 0.000s  Memory: 1704.00M
--- Running XOR for layer 65/20 ---
"input" in: xor.drc:109
    Polygons (raw): 87693 (flat)  943 (hierarchical)
    Elapsed: 0.000s  Memory: 1704.00M
"input" in: xor.drc:109
    Polygons (raw): 255942 (flat)  1220 (hierarchical)
    Elapsed: 0.000s  Memory: 1704.00M
"^" in: xor.drc:109
    Polygons (raw): 0 (flat)  0 (hierarchical)
    Elapsed: 0.730s  Memory: 1792.00M
XOR differences: 0
"output" in: xor.drc:86
    Polygons (raw): 0 (flat)  0 (hierarchical)
    Elapsed: 0.020s  Memory: 1704.00M
--- Running XOR for layer 65/44 ---
"input" in: xor.drc:109
    Polygons (raw): 11440 (flat)  6 (hierarchical)
    Elapsed: 0.000s  Memory: 1704.00M
"input" in: xor.drc:109
    Polygons (raw): 34320 (flat)  6 (hierarchical)
    Elapsed: 0.000s  Memory: 1704.00M
"^" in: xor.drc:109
    Polygons (raw): 0 (flat)  0 (hierarchical)
    Elapsed: 0.110s  Memory: 1752.00M
XOR differences: 0
"output" in: xor.drc:86
    Polygons (raw): 0 (flat)  0 (hierarchical)
    Elapsed: 0.000s  Memory: 1704.00M
--- Running XOR for layer 66/15 ---
"input" in: xor.drc:109
    Polygons (raw): 190 (flat)  2 (hierarchical)
    Elapsed: 0.000s  Memory: 1704.00M
"input" in: xor.drc:109
    Polygons (raw): 190 (flat)  2 (hierarchical)
    Elapsed: 0.000s  Memory: 1704.00M
"^" in: xor.drc:109
    Polygons (raw): 0 (flat)  0 (hierarchical)
    Elapsed: 0.010s  Memory: 1752.00M
XOR differences: 0
"output" in: xor.drc:86
    Polygons (raw): 0 (flat)  0 (hierarchical)
    Elapsed: 0.000s  Memory: 1704.00M
--- Running XOR for layer 66/20 ---
"input" in: xor.drc:109
    Polygons (raw): 103914 (flat)  1528 (hierarchical)
    Elapsed: 0.000s  Memory: 1704.00M
"input" in: xor.drc:109
    Polygons (raw): 299747 (flat)  1983 (hierarchical)
    Elapsed: 0.000s  Memory: 1704.00M
"^" in: xor.drc:109
    Polygons (raw): 0 (flat)  0 (hierarchical)
    Elapsed: 1.820s  Memory: 1784.00M
XOR differences: 0
"output" in: xor.drc:86
    Polygons (raw): 0 (flat)  0 (hierarchical)
    Elapsed: 0.020s  Memory: 1704.00M
--- Running XOR for layer 66/44 ---
"input" in: xor.drc:109
    Polygons (raw): 588713 (flat)  10392 (hierarchical)
    Elapsed: 0.000s  Memory: 1704.00M
"input" in: xor.drc:109
    Polygons (raw): 1656273 (flat)  13991 (hierarchical)
    Elapsed: 0.000s  Memory: 1704.00M
"^" in: xor.drc:109
    Polygons (raw): 0 (flat)  0 (hierarchical)
    Elapsed: 3.950s  Memory: 1792.00M
XOR differences: 0
"output" in: xor.drc:86
    Polygons (raw): 0 (flat)  0 (hierarchical)
    Elapsed: 0.010s  Memory: 1704.00M
--- Running XOR for layer 67/16 ---
"input" in: xor.drc:109
    Polygons (raw): 179486 (flat)  2733 (hierarchical)
    Elapsed: 0.000s  Memory: 1704.00M
"input" in: xor.drc:109
    Polygons (raw): 514816 (flat)  3545 (hierarchical)
    Elapsed: 0.000s  Memory: 1704.00M
"^" in: xor.drc:109
    Polygons (raw): 0 (flat)  0 (hierarchical)
    Elapsed: 1.140s  Memory: 1784.00M
XOR differences: 0
"output" in: xor.drc:86
    Polygons (raw): 0 (flat)  0 (hierarchical)
    Elapsed: 0.000s  Memory: 1704.00M
--- Running XOR for layer 67/20 ---
"input" in: xor.drc:109
    Polygons (raw): 320133 (flat)  24189 (hierarchical)
    Elapsed: 0.000s  Memory: 1704.00M
"input" in: xor.drc:109
    Polygons (raw): 823402 (flat)  20765 (hierarchical)
    Elapsed: 0.010s  Memory: 1704.00M
"^" in: xor.drc:109
    Polygons (raw): 0 (flat)  0 (hierarchical)
    Elapsed: 4.800s  Memory: 1792.00M
XOR differences: 0
"output" in: xor.drc:86
    Polygons (raw): 0 (flat)  0 (hierarchical)
    Elapsed: 0.020s  Memory: 1704.00M
--- Running XOR for layer 67/44 ---
"input" in: xor.drc:109
    Polygons (raw): 709404 (flat)  27397 (hierarchical)
    Elapsed: 0.000s  Memory: 1704.00M
"input" in: xor.drc:109
    Polygons (raw): 1955108 (flat)  25128 (hierarchical)
    Elapsed: 0.000s  Memory: 1704.00M
"^" in: xor.drc:109
    Polygons (raw): 0 (flat)  0 (hierarchical)
    Elapsed: 4.720s  Memory: 1752.00M
XOR differences: 0
"output" in: xor.drc:86
    Polygons (raw): 0 (flat)  0 (hierarchical)
    Elapsed: 0.020s  Memory: 1704.00M
--- Running XOR for layer 67/5 ---
"input" in: xor.drc:109
    Polygons (raw): 0 (flat)  0 (hierarchical)
    Elapsed: 0.000s  Memory: 1704.00M
"input" in: xor.drc:109
    Polygons (raw): 0 (flat)  0 (hierarchical)
    Elapsed: 0.000s  Memory: 1704.00M
"^" in: xor.drc:109
    Polygons (raw): 0 (flat)  0 (hierarchical)
    Elapsed: 0.140s  Memory: 1784.00M
XOR differences: 0
"output" in: xor.drc:86
    Polygons (raw): 0 (flat)  0 (hierarchical)
    Elapsed: 0.000s  Memory: 1704.00M
--- Running XOR for layer 68/16 ---
"input" in: xor.drc:109
    Polygons (raw): 110714 (flat)  699 (hierarchical)
    Elapsed: 0.000s  Memory: 1704.00M
"input" in: xor.drc:109
    Polygons (raw): 326802 (flat)  878 (hierarchical)
    Elapsed: 0.000s  Memory: 1704.00M
"^" in: xor.drc:109
    Polygons (raw): 0 (flat)  0 (hierarchical)
    Elapsed: 0.930s  Memory: 1760.00M
XOR differences: 0
"output" in: xor.drc:86
    Polygons (raw): 0 (flat)  0 (hierarchical)
    Elapsed: 0.000s  Memory: 1704.00M
--- Running XOR for layer 68/20 ---
"input" in: xor.drc:109
    Polygons (raw): 348895 (flat)  88135 (hierarchical)
    Elapsed: 0.000s  Memory: 1704.00M
"input" in: xor.drc:109
    Polygons (raw): 563265 (flat)  75183 (hierarchical)
    Elapsed: 0.000s  Memory: 1704.00M
"^" in: xor.drc:109
    Polygons (raw): 0 (flat)  0 (hierarchical)
    Elapsed: 2.400s  Memory: 1800.00M
XOR differences: 0
"output" in: xor.drc:86
    Polygons (raw): 0 (flat)  0 (hierarchical)
    Elapsed: 0.010s  Memory: 1704.00M
--- Running XOR for layer 68/44 ---
"input" in: xor.drc:109
    Polygons (raw): 68607 (flat)  28047 (hierarchical)
    Elapsed: 0.000s  Memory: 1704.00M
"input" in: xor.drc:109
    Polygons (raw): 68607 (flat)  18405 (hierarchical)
    Elapsed: 0.000s  Memory: 1704.00M
"^" in: xor.drc:109
    Polygons (raw): 0 (flat)  0 (hierarchical)
    Elapsed: 0.220s  Memory: 1776.00M
XOR differences: 0
"output" in: xor.drc:86
    Polygons (raw): 0 (flat)  0 (hierarchical)
    Elapsed: 0.000s  Memory: 1704.00M
--- Running XOR for layer 68/5 ---
"input" in: xor.drc:109
    Polygons (raw): 0 (flat)  0 (hierarchical)
    Elapsed: 0.000s  Memory: 1704.00M
"input" in: xor.drc:109
    Polygons (raw): 0 (flat)  0 (hierarchical)
    Elapsed: 0.000s  Memory: 1704.00M
"^" in: xor.drc:109
    Polygons (raw): 0 (flat)  0 (hierarchical)
    Elapsed: 0.180s  Memory: 1768.00M
XOR differences: 0
"output" in: xor.drc:86
    Polygons (raw): 0 (flat)  0 (hierarchical)
    Elapsed: 0.000s  Memory: 1704.00M
--- Running XOR for layer 69/16 ---
"input" in: xor.drc:109
    Polygons (raw): 243 (flat)  156 (hierarchical)
    Elapsed: 0.000s  Memory: 1704.00M
"input" in: xor.drc:109
    Polygons (raw): 243 (flat)  156 (hierarchical)
    Elapsed: 0.000s  Memory: 1704.00M
"^" in: xor.drc:109
    Polygons (raw): 0 (flat)  0 (hierarchical)
    Elapsed: 0.030s  Memory: 1792.00M
XOR differences: 0
"output" in: xor.drc:86
    Polygons (raw): 0 (flat)  0 (hierarchical)
    Elapsed: 0.000s  Memory: 1704.00M
--- Running XOR for layer 69/20 ---
"input" in: xor.drc:109
    Polygons (raw): 114981 (flat)  41889 (hierarchical)
    Elapsed: 0.000s  Memory: 1704.00M
"input" in: xor.drc:109
    Polygons (raw): 116986 (flat)  36586 (hierarchical)
    Elapsed: 0.000s  Memory: 1704.00M
"^" in: xor.drc:109
    Polygons (raw): 0 (flat)  0 (hierarchical)
    Elapsed: 0.600s  Memory: 1784.00M
XOR differences: 0
"output" in: xor.drc:86
    Polygons (raw): 0 (flat)  0 (hierarchical)
    Elapsed: 0.000s  Memory: 1704.00M
--- Running XOR for layer 69/44 ---
"input" in: xor.drc:109
    Polygons (raw): 13061 (flat)  7472 (hierarchical)
    Elapsed: 0.000s  Memory: 1704.00M
"input" in: xor.drc:109
    Polygons (raw): 13061 (flat)  2661 (hierarchical)
    Elapsed: 0.000s  Memory: 1704.00M
"^" in: xor.drc:109
    Polygons (raw): 0 (flat)  0 (hierarchical)
    Elapsed: 0.070s  Memory: 1768.00M
XOR differences: 0
"output" in: xor.drc:86
    Polygons (raw): 0 (flat)  0 (hierarchical)
    Elapsed: 0.000s  Memory: 1704.00M
--- Running XOR for layer 69/5 ---
"input" in: xor.drc:109
    Polygons (raw): 0 (flat)  0 (hierarchical)
    Elapsed: 0.000s  Memory: 1704.00M
"input" in: xor.drc:109
    Polygons (raw): 0 (flat)  0 (hierarchical)
    Elapsed: 0.000s  Memory: 1704.00M
"^" in: xor.drc:109
    Polygons (raw): 0 (flat)  0 (hierarchical)
    Elapsed: 0.040s  Memory: 1792.00M
XOR differences: 0
"output" in: xor.drc:86
    Polygons (raw): 0 (flat)  0 (hierarchical)
    Elapsed: 0.000s  Memory: 1704.00M
--- Running XOR for layer 70/16 ---
"input" in: xor.drc:109
    Polygons (raw): 409 (flat)  298 (hierarchical)
    Elapsed: 0.000s  Memory: 1704.00M
"input" in: xor.drc:109
    Polygons (raw): 409 (flat)  298 (hierarchical)
    Elapsed: 0.000s  Memory: 1704.00M
"^" in: xor.drc:109
    Polygons (raw): 0 (flat)  0 (hierarchical)
    Elapsed: 0.040s  Memory: 1776.00M
XOR differences: 0
"output" in: xor.drc:86
    Polygons (raw): 0 (flat)  0 (hierarchical)
    Elapsed: 0.000s  Memory: 1704.00M
--- Running XOR for layer 70/20 ---
"input" in: xor.drc:109
    Polygons (raw): 20291 (flat)  8864 (hierarchical)
    Elapsed: 0.000s  Memory: 1704.00M
"input" in: xor.drc:109
    Polygons (raw): 21507 (flat)  7101 (hierarchical)
    Elapsed: 0.000s  Memory: 1704.00M
"^" in: xor.drc:109
    Polygons (raw): 0 (flat)  0 (hierarchical)
    Elapsed: 0.110s  Memory: 1777.00M
XOR differences: 0
"output" in: xor.drc:86
    Polygons (raw): 0 (flat)  0 (hierarchical)
    Elapsed: 0.000s  Memory: 1705.00M
--- Running XOR for layer 70/44 ---
"input" in: xor.drc:109
    Polygons (raw): 7939 (flat)  5620 (hierarchical)
    Elapsed: 0.000s  Memory: 1705.00M
"input" in: xor.drc:109
    Polygons (raw): 7939 (flat)  1350 (hierarchical)
    Elapsed: 0.000s  Memory: 1705.00M
"^" in: xor.drc:109
    Polygons (raw): 0 (flat)  0 (hierarchical)
    Elapsed: 0.050s  Memory: 1777.00M
XOR differences: 0
"output" in: xor.drc:86
    Polygons (raw): 0 (flat)  0 (hierarchical)
    Elapsed: 0.000s  Memory: 1705.00M
--- Running XOR for layer 70/5 ---
"input" in: xor.drc:109
    Polygons (raw): 0 (flat)  0 (hierarchical)
    Elapsed: 0.000s  Memory: 1705.00M
"input" in: xor.drc:109
    Polygons (raw): 0 (flat)  0 (hierarchical)
    Elapsed: 0.000s  Memory: 1705.00M
"^" in: xor.drc:109
    Polygons (raw): 0 (flat)  0 (hierarchical)
    Elapsed: 0.040s  Memory: 1753.00M
XOR differences: 0
"output" in: xor.drc:86
    Polygons (raw): 0 (flat)  0 (hierarchical)
    Elapsed: 0.000s  Memory: 1705.00M
--- Running XOR for layer 71/16 ---
"input" in: xor.drc:109
    Polygons (raw): 42 (flat)  30 (hierarchical)
    Elapsed: 0.000s  Memory: 1705.00M
"input" in: xor.drc:109
    Polygons (raw): 42 (flat)  30 (hierarchical)
    Elapsed: 0.000s  Memory: 1706.00M
"^" in: xor.drc:109
    Polygons (raw): 0 (flat)  0 (hierarchical)
    Elapsed: 0.040s  Memory: 1778.00M
XOR differences: 0
"output" in: xor.drc:86
    Polygons (raw): 0 (flat)  0 (hierarchical)
    Elapsed: 0.000s  Memory: 1706.00M
--- Running XOR for layer 71/20 ---
"input" in: xor.drc:109
    Polygons (raw): 1567 (flat)  721 (hierarchical)
    Elapsed: 0.000s  Memory: 1706.00M
"input" in: xor.drc:109
    Polygons (raw): 2692 (flat)  500 (hierarchical)
    Elapsed: 0.000s  Memory: 1706.00M
"^" in: xor.drc:109
    Polygons (raw): 0 (flat)  0 (hierarchical)
    Elapsed: 0.060s  Memory: 1762.00M
XOR differences: 0
"output" in: xor.drc:86
    Polygons (raw): 0 (flat)  0 (hierarchical)
    Elapsed: 0.000s  Memory: 1706.00M
--- Running XOR for layer 71/44 ---
"input" in: xor.drc:109
    Polygons (raw): 161 (flat)  137 (hierarchical)
    Elapsed: 0.000s  Memory: 1706.00M
"input" in: xor.drc:109
    Polygons (raw): 161 (flat)  10 (hierarchical)
    Elapsed: 0.000s  Memory: 1706.00M
"^" in: xor.drc:109
    Polygons (raw): 0 (flat)  0 (hierarchical)
    Elapsed: 0.060s  Memory: 1802.00M
XOR differences: 0
"output" in: xor.drc:86
    Polygons (raw): 0 (flat)  0 (hierarchical)
    Elapsed: 0.000s  Memory: 1706.00M
--- Running XOR for layer 71/5 ---
"input" in: xor.drc:109
    Polygons (raw): 0 (flat)  0 (hierarchical)
    Elapsed: 0.000s  Memory: 1706.00M
"input" in: xor.drc:109
    Polygons (raw): 0 (flat)  0 (hierarchical)
    Elapsed: 0.000s  Memory: 1706.00M
"^" in: xor.drc:109
    Polygons (raw): 0 (flat)  0 (hierarchical)
    Elapsed: 0.040s  Memory: 1746.00M
XOR differences: 0
"output" in: xor.drc:86
    Polygons (raw): 0 (flat)  0 (hierarchical)
    Elapsed: 0.000s  Memory: 1706.00M
--- Running XOR for layer 72/16 ---
"input" in: xor.drc:109
    Polygons (raw): 26 (flat)  14 (hierarchical)
    Elapsed: 0.000s  Memory: 1706.00M
"input" in: xor.drc:109
    Polygons (raw): 26 (flat)  14 (hierarchical)
    Elapsed: 0.010s  Memory: 1706.00M
"^" in: xor.drc:109
    Polygons (raw): 0 (flat)  0 (hierarchical)
    Elapsed: 0.030s  Memory: 1786.00M
XOR differences: 0
"output" in: xor.drc:86
    Polygons (raw): 0 (flat)  0 (hierarchical)
    Elapsed: 0.000s  Memory: 1706.00M
--- Running XOR for layer 72/20 ---
"input" in: xor.drc:109
    Polygons (raw): 71 (flat)  59 (hierarchical)
    Elapsed: 0.000s  Memory: 1706.00M
"input" in: xor.drc:109
    Polygons (raw): 178 (flat)  39 (hierarchical)
    Elapsed: 0.000s  Memory: 1706.00M
"^" in: xor.drc:109
    Polygons (raw): 0 (flat)  0 (hierarchical)
    Elapsed: 0.030s  Memory: 1794.00M
XOR differences: 0
"output" in: xor.drc:86
    Polygons (raw): 0 (flat)  0 (hierarchical)
    Elapsed: 0.010s  Memory: 1706.00M
--- Running XOR for layer 72/5 ---
"input" in: xor.drc:109
    Polygons (raw): 0 (flat)  0 (hierarchical)
    Elapsed: 0.000s  Memory: 1706.00M
"input" in: xor.drc:109
    Polygons (raw): 0 (flat)  0 (hierarchical)
    Elapsed: 0.000s  Memory: 1706.00M
"^" in: xor.drc:109
    Polygons (raw): 0 (flat)  0 (hierarchical)
    Elapsed: 0.030s  Memory: 1770.00M
XOR differences: 0
"output" in: xor.drc:86
    Polygons (raw): 0 (flat)  0 (hierarchical)
    Elapsed: 0.000s  Memory: 1706.00M
--- Running XOR for layer 78/44 ---
"input" in: xor.drc:109
    Polygons (raw): 55477 (flat)  351 (hierarchical)
    Elapsed: 0.000s  Memory: 1706.00M
"input" in: xor.drc:109
    Polygons (raw): 163795 (flat)  439 (hierarchical)
    Elapsed: 0.000s  Memory: 1706.00M
"^" in: xor.drc:109
    Polygons (raw): 0 (flat)  0 (hierarchical)
    Elapsed: 0.610s  Memory: 1778.00M
XOR differences: 0
"output" in: xor.drc:86
    Polygons (raw): 0 (flat)  0 (hierarchical)
    Elapsed: 0.000s  Memory: 1706.00M
Warning: --- Skipping 81/14… ---
--- Running XOR for layer 81/23 ---
"input" in: xor.drc:109
    Polygons (raw): 6306 (flat)  3 (hierarchical)
    Elapsed: 0.000s  Memory: 1706.00M
"input" in: xor.drc:109
    Polygons (raw): 18918 (flat)  3 (hierarchical)
    Elapsed: 0.000s  Memory: 1706.00M
"^" in: xor.drc:109
    Polygons (raw): 0 (flat)  0 (hierarchical)
    Elapsed: 0.080s  Memory: 1786.00M
XOR differences: 0
"output" in: xor.drc:86
    Polygons (raw): 0 (flat)  0 (hierarchical)
    Elapsed: 0.000s  Memory: 1706.00M
--- Running XOR for layer 81/4 ---
"input" in: xor.drc:109
    Polygons (raw): 55161 (flat)  344 (hierarchical)
    Elapsed: 0.000s  Memory: 1706.00M
"input" in: xor.drc:109
    Polygons (raw): 162855 (flat)  431 (hierarchical)
    Elapsed: 0.000s  Memory: 1706.00M
"^" in: xor.drc:109
    Polygons (raw): 0 (flat)  0 (hierarchical)
    Elapsed: 0.630s  Memory: 1762.00M
XOR differences: 0
"output" in: xor.drc:86
    Polygons (raw): 0 (flat)  0 (hierarchical)
    Elapsed: 0.000s  Memory: 1706.00M
--- Running XOR for layer 83/44 ---
"input" in: xor.drc:109
    Polygons (raw): 0 (flat)  0 (hierarchical)
    Elapsed: 0.000s  Memory: 1706.00M
"input" in: xor.drc:109
    Polygons (raw): 0 (flat)  0 (hierarchical)
    Elapsed: 0.000s  Memory: 1706.00M
"^" in: xor.drc:109
    Polygons (raw): 0 (flat)  0 (hierarchical)
    Elapsed: 0.170s  Memory: 1770.00M
XOR differences: 0
"output" in: xor.drc:86
    Polygons (raw): 0 (flat)  0 (hierarchical)
    Elapsed: 0.020s  Memory: 1706.00M
--- Running XOR for layer 93/44 ---
"input" in: xor.drc:109
    Polygons (raw): 60881 (flat)  347 (hierarchical)
    Elapsed: 0.000s  Memory: 1706.00M
"input" in: xor.drc:109
    Polygons (raw): 180015 (flat)  434 (hierarchical)
    Elapsed: 0.000s  Memory: 1706.00M
"^" in: xor.drc:109
    Polygons (raw): 0 (flat)  0 (hierarchical)
    Elapsed: 0.760s  Memory: 1802.00M
XOR differences: 0
"output" in: xor.drc:86
    Polygons (raw): 0 (flat)  0 (hierarchical)
    Elapsed: 0.000s  Memory: 1706.00M
--- Running XOR for layer 94/20 ---
"input" in: xor.drc:109
    Polygons (raw): 60881 (flat)  347 (hierarchical)
    Elapsed: 0.000s  Memory: 1706.00M
"input" in: xor.drc:109
    Polygons (raw): 180015 (flat)  434 (hierarchical)
    Elapsed: 0.000s  Memory: 1706.00M
"^" in: xor.drc:109
    Polygons (raw): 0 (flat)  0 (hierarchical)
    Elapsed: 0.810s  Memory: 1786.00M
XOR differences: 0
"output" in: xor.drc:86
    Polygons (raw): 0 (flat)  0 (hierarchical)
    Elapsed: 0.000s  Memory: 1706.00M
--- Running XOR for layer 95/20 ---
"input" in: xor.drc:109
    Polygons (raw): 36770 (flat)  356 (hierarchical)
    Elapsed: 0.000s  Memory: 1706.00M
"input" in: xor.drc:109
    Polygons (raw): 107452 (flat)  447 (hierarchical)
    Elapsed: 0.000s  Memory: 1706.00M
"^" in: xor.drc:109
    Polygons (raw): 0 (flat)  0 (hierarchical)
    Elapsed: 0.440s  Memory: 1778.00M
XOR differences: 0
"output" in: xor.drc:86
    Polygons (raw): 0 (flat)  0 (hierarchical)
    Elapsed: 0.020s  Memory: 1706.00M
---
Total XOR differences: 0
Writing report database: /home/hien/openlane2/designs/fn_pj/pipeline-mult/runs/TOP/62-klayout-xor/xor.xml ..
Total elapsed: 29.330s  Memory: 1706.00M
/home/hien/openlane2/designs/fn_pj/pipeline-mult/runs/TOP/58-magic-streamout/pipelined_mult.magic.gds
/home/hien/openlane2/designs/fn_pj/pipeline-mult/runs/TOP/59-klayout-streamout/pipelined_mult.klayout.gds
%OL_METRIC_I design__xor_difference__count 0
