Clock: clk
Sources: clk 
Generated: no
Virtual: yes
Propagated: no
Period: 10.000000

===========================================================================
report_clock_properties
============================================================================
Clock                   Period          Waveform
----------------------------------------------------
clk                  10.000000    0.000000  5.000000

===========================================================================
report_clock_latency
============================================================================
Clock clk
rise -> rise
    min     max
0.000000 0.000000 source latency
1.075467         network latency _20688_/CLK
        1.455827 network latency _20394_/CLK
---------------
1.075467 1.455827 latency
        0.380360 skew

fall -> fall
    min     max
0.000000 0.000000 source latency
0.936477         network latency _20688_/CLK
        1.289451 network latency _20394_/CLK
---------------
0.936477 1.289451 latency
        0.352974 skew



===========================================================================
report_clock_min_period
============================================================================
clk period_min = 9.77 fmax = 102.41
