if {[file exists ~/openlane2/my_script/script_matt.tcl]} {
    source ~/openlane2/my_script/script_matt.tcl
}
Reading OpenROAD database at '/home/hien/openlane2/designs/fn_pj/pipeline-mult/runs/ADD/24-openroad-ioplacement/add3x64.odb'…
Reading library file at '/home/hien/.volare/volare/sky130/versions/0fe599b2afb6708d281543108caf8310912f54af/sky130A/libs.ref/sky130_fd_sc_hd/lib/sky130_fd_sc_hd__tt_025C_1v80.lib'…
Reading design constraints file at '/home/hien/openlane2/designs/fn_pj/pipeline-mult/add64.sdc'…
[INFO] Setting RC values…
[INFO] Setting signal min routing layer to: met1 and clock min routing layer to met1. 
[INFO] Setting signal max routing layer to: met5 and clock max routing layer to met5. 
+ global_placement -density 0.41617400000000004 -timing_driven -routability_driven -pad_right 0 -pad_left 0 -init_wirelength_coef 0.25
[INFO GPL-0002] DBU: 1000
[INFO GPL-0003] SiteSize: (  0.460  2.720 ) um
[INFO GPL-0004] CoreBBox: (  5.520 10.880 ) ( 94.300 388.960 ) um
[INFO GPL-0006] NumInstances:              1736
[INFO GPL-0007] NumPlaceInstances:         1035
[INFO GPL-0008] NumFixedInstances:          701
[INFO GPL-0009] NumDummyInstances:            0
[INFO GPL-0010] NumNets:                   1229
[INFO GPL-0011] NumPins:                   4256
[INFO GPL-0012] DieBBox:  (  0.000  0.000 ) ( 100.000 400.000 ) um
[INFO GPL-0013] CoreBBox: (  5.520 10.880 ) ( 94.300 388.960 ) um
[INFO GPL-0016] CoreArea:             33565.942 um^2
[INFO GPL-0017] NonPlaceInstsArea:     1572.758 um^2
[INFO GPL-0018] PlaceInstsArea:       10083.421 um^2
[INFO GPL-0019] Util:                    31.517 %
[INFO GPL-0020] StdInstsArea:         10083.421 um^2
[INFO GPL-0021] MacroInstsArea:           0.000 um^2
[InitialPlace]  Iter: 1 CG residual: 0.00000198 HPWL: 35196886
[InitialPlace]  Iter: 2 CG residual: 0.00001810 HPWL: 42122498
[InitialPlace]  Iter: 3 CG residual: 0.00000136 HPWL: 33322910
[InitialPlace]  Iter: 4 CG residual: 0.00000087 HPWL: 30385068
[InitialPlace]  Iter: 5 CG residual: 0.00000284 HPWL: 28955141
[INFO GPL-0031] FillerInit:NumGCells:      1380
[INFO GPL-0032] FillerInit:NumGNets:       1229
[INFO GPL-0033] FillerInit:NumGPins:       4256
[INFO GPL-0023] TargetDensity:            0.416
[INFO GPL-0024] AvrgPlaceInstArea:        9.742 um^2
[INFO GPL-0025] IdealBinArea:            23.410 um^2
[INFO GPL-0026] IdealBinCnt:               1433
[INFO GPL-0027] TotalBinArea:         33565.942 um^2
[INFO GPL-0028] BinCnt:        16     64
[INFO GPL-0029] BinSize: (  5.549  5.908 )
[INFO GPL-0030] NumBins: 1024
[NesterovSolve] Iter:    1 overflow: 0.574 HPWL: 23087481
[INFO GPL-0100] Timing-driven: executing resizer for reweighting nets.
[INFO GPL-0101] Timing-driven: worst slack 6.2e-09
[INFO GPL-0103] Timing-driven: weighted 122 nets.
[NesterovSolve] Snapshot saved at iter = 0
[INFO GPL-0100] Timing-driven: executing resizer for reweighting nets.
[INFO GPL-0101] Timing-driven: worst slack 6.16e-09
[INFO GPL-0103] Timing-driven: weighted 122 nets.
[NesterovSolve] Iter:   10 overflow: 0.430 HPWL: 22946412
[NesterovSolve] Iter:   20 overflow: 0.421 HPWL: 22477101
[NesterovSolve] Iter:   30 overflow: 0.426 HPWL: 22424286
[NesterovSolve] Iter:   40 overflow: 0.422 HPWL: 22463911
[NesterovSolve] Iter:   50 overflow: 0.426 HPWL: 22451280
[NesterovSolve] Iter:   60 overflow: 0.425 HPWL: 22463145
[NesterovSolve] Iter:   70 overflow: 0.424 HPWL: 22453834
[NesterovSolve] Iter:   80 overflow: 0.424 HPWL: 22448213
[NesterovSolve] Iter:   90 overflow: 0.424 HPWL: 22446450
[NesterovSolve] Iter:  100 overflow: 0.424 HPWL: 22446328
[NesterovSolve] Iter:  110 overflow: 0.424 HPWL: 22451421
[NesterovSolve] Iter:  120 overflow: 0.423 HPWL: 22457327
[NesterovSolve] Iter:  130 overflow: 0.422 HPWL: 22460969
[NesterovSolve] Iter:  140 overflow: 0.420 HPWL: 22462487
[NesterovSolve] Iter:  150 overflow: 0.418 HPWL: 22467158
[NesterovSolve] Iter:  160 overflow: 0.415 HPWL: 22478628
[NesterovSolve] Iter:  170 overflow: 0.411 HPWL: 22494994
[NesterovSolve] Iter:  180 overflow: 0.403 HPWL: 22511634
[NesterovSolve] Iter:  190 overflow: 0.393 HPWL: 22532377
[NesterovSolve] Iter:  200 overflow: 0.379 HPWL: 22561972
[NesterovSolve] Iter:  210 overflow: 0.362 HPWL: 22615437
[NesterovSolve] Iter:  220 overflow: 0.343 HPWL: 22676393
[NesterovSolve] Iter:  230 overflow: 0.324 HPWL: 22719193
[NesterovSolve] Iter:  240 overflow: 0.304 HPWL: 22804015
[INFO GPL-0075] Routability numCall: 1 inflationIterCnt: 1 bloatIterCnt: 0
[INFO GPL-0036] TileBBox: (    0    0 ) ( 6900 6900 ) DBU
[INFO GPL-0038] TileCnt:      14   57
[INFO GPL-0040] NumTiles: 798
[INFO GPL-0081] TotalRouteOverflow: 0
[INFO GPL-0082] OverflowTileCnt: 0
[INFO GPL-0083] 0.5%RC: 0.818581834435463
[INFO GPL-0084] 1.0%RC: 0.7826898023486137
[INFO GPL-0085] 2.0%RC: 0.7548125758767128
[INFO GPL-0086] 5.0%RC: 0.7086989298462868
[INFO GPL-0087] FinalRC: 0.8006358
[INFO GPL-0077] FinalRC lower than targetRC(1.01), routability not needed.
[NesterovSolve] Iter:  250 overflow: 0.286 HPWL: 22896709
[INFO GPL-0100] Timing-driven: executing resizer for reweighting nets.
[INFO GPL-0101] Timing-driven: worst slack 6.22e-09
[INFO GPL-0103] Timing-driven: weighted 120 nets.
[NesterovSolve] Iter:  260 overflow: 0.268 HPWL: 23017596
[NesterovSolve] Iter:  270 overflow: 0.248 HPWL: 23133553
[NesterovSolve] Iter:  280 overflow: 0.227 HPWL: 23229058
[NesterovSolve] Iter:  290 overflow: 0.208 HPWL: 23336612
[INFO GPL-0100] Timing-driven: executing resizer for reweighting nets.
[INFO GPL-0101] Timing-driven: worst slack 6.25e-09
[INFO GPL-0103] Timing-driven: weighted 121 nets.
[NesterovSolve] Iter:  300 overflow: 0.188 HPWL: 23453681
[NesterovSolve] Iter:  310 overflow: 0.166 HPWL: 23566965
[NesterovSolve] Iter:  320 overflow: 0.145 HPWL: 23690978
[INFO GPL-0100] Timing-driven: executing resizer for reweighting nets.
[INFO GPL-0101] Timing-driven: worst slack 6.14e-09
[INFO GPL-0103] Timing-driven: weighted 121 nets.
[NesterovSolve] Iter:  330 overflow: 0.125 HPWL: 23806453
[NesterovSolve] Iter:  340 overflow: 0.107 HPWL: 23892880
[NesterovSolve] Finished with Overflow: 0.097451
[INFO] Setting RC values…
Setting global connections for newly added cells…
[INFO] Setting global connections...
Updating metrics…
Cell type report:                       Count       Area
  Fill cell                               278    1043.50
  Tap cell                                423     529.26
  Inverter                                 24      90.09
  Sequential cell                          64    1361.31
  Multi-Input combinational cell          947    8632.03
  Total                                  1736   11656.18
Writing OpenROAD database to '/home/hien/openlane2/designs/fn_pj/pipeline-mult/runs/ADD/27-openroad-globalplacement/add3x64.odb'…
Writing netlist to '/home/hien/openlane2/designs/fn_pj/pipeline-mult/runs/ADD/27-openroad-globalplacement/add3x64.nl.v'…
Writing powered netlist to '/home/hien/openlane2/designs/fn_pj/pipeline-mult/runs/ADD/27-openroad-globalplacement/add3x64.pnl.v'…
Writing layout to '/home/hien/openlane2/designs/fn_pj/pipeline-mult/runs/ADD/27-openroad-globalplacement/add3x64.def'…
Writing timing constraints to '/home/hien/openlane2/designs/fn_pj/pipeline-mult/runs/ADD/27-openroad-globalplacement/add3x64.sdc'…
