
===========================================================================
report_checks -unconstrained
===========================================================================
======================= nom_ff_n40C_1v95 Corner ===================================

Startpoint: _20784_ (rising edge-triggered flip-flop clocked by clk)
Endpoint: _20757_ (rising edge-triggered flip-flop clocked by clk)
Path Group: clk
Path Type: max

Fanout         Cap        Slew       Delay        Time   Description
---------------------------------------------------------------------------------------------
                                  0.000000    0.000000   clock clk (rise edge)
                                  0.000000    0.000000   clock source latency
     2    0.053312    0.114234    0.080638    0.080638 ^ clk (in)
                                                         clk (net)
                      0.114276    0.000000    0.080638 ^ clkbuf_0_clk/A (sky130_fd_sc_hd__clkbuf_16)
     8    0.222336    0.180636    0.211189    0.291826 ^ clkbuf_0_clk/X (sky130_fd_sc_hd__clkbuf_16)
                                                         clknet_0_clk (net)
                      0.181658    0.010960    0.302787 ^ clkbuf_3_3__f_clk/A (sky130_fd_sc_hd__clkbuf_16)
    12    0.103512    0.092984    0.163733    0.466520 ^ clkbuf_3_3__f_clk/X (sky130_fd_sc_hd__clkbuf_16)
                                                         clknet_3_3__leaf_clk (net)
                      0.093217    0.003743    0.470264 ^ clkbuf_leaf_30_clk/A (sky130_fd_sc_hd__clkbuf_8)
    18    0.050277    0.074016    0.132368    0.602632 ^ clkbuf_leaf_30_clk/X (sky130_fd_sc_hd__clkbuf_8)
                                                         clknet_leaf_30_clk (net)
                      0.074034    0.001155    0.603787 ^ _20784_/CLK (sky130_fd_sc_hd__dfxtp_4)
     5    0.026477    0.064677    0.250419    0.854206 ^ _20784_/Q (sky130_fd_sc_hd__dfxtp_4)
                                                         a_l[6] (net)
                      0.064691    0.000912    0.855118 ^ max_cap602/A (sky130_fd_sc_hd__buf_12)
    11    0.084410    0.080091    0.105823    0.960941 ^ max_cap602/X (sky130_fd_sc_hd__buf_12)
                                                         net602 (net)
                      0.081363    0.007978    0.968919 ^ wire601/A (sky130_fd_sc_hd__buf_12)
    16    0.114965    0.105179    0.126736    1.095655 ^ wire601/X (sky130_fd_sc_hd__buf_12)
                                                         net601 (net)
                      0.107823    0.013175    1.108830 ^ max_cap599/A (sky130_fd_sc_hd__buf_12)
    11    0.080484    0.076432    0.114311    1.223141 ^ max_cap599/X (sky130_fd_sc_hd__buf_12)
                                                         net599 (net)
                      0.076494    0.001163    1.224303 ^ max_cap598/A (sky130_fd_sc_hd__buf_12)
    16    0.116235    0.106110    0.126495    1.350799 ^ max_cap598/X (sky130_fd_sc_hd__buf_12)
                                                         net598 (net)
                      0.109492    0.014917    1.365716 ^ max_cap597/A (sky130_fd_sc_hd__buf_12)
     8    0.065830    0.064661    0.104072    1.469788 ^ max_cap597/X (sky130_fd_sc_hd__buf_12)
                                                         net597 (net)
                      0.065384    0.005375    1.475163 ^ _15883_/A (sky130_fd_sc_hd__nand2_8)
     5    0.099852    0.104321    0.087558    1.562722 v _15883_/Y (sky130_fd_sc_hd__nand2_8)
                                                         _06761_ (net)
                      0.104438    0.002824    1.565546 v _19197_/A2 (sky130_fd_sc_hd__o21ai_2)
     2    0.013927    0.139548    0.154240    1.719785 ^ _19197_/Y (sky130_fd_sc_hd__o21ai_2)
                                                         _10093_ (net)
                      0.139548    0.000359    1.720144 ^ max_cap413/A (sky130_fd_sc_hd__clkbuf_2)
     1    0.011645    0.055604    0.107175    1.827319 ^ max_cap413/X (sky130_fd_sc_hd__clkbuf_2)
                                                         net413 (net)
                      0.055607    0.000471    1.827791 ^ _19340_/C1 (sky130_fd_sc_hd__o211ai_4)
     4    0.024948    0.072333    0.053520    1.881310 v _19340_/Y (sky130_fd_sc_hd__o211ai_4)
                                                         _00518_ (net)
                      0.072371    0.001238    1.882549 v _19341_/A2 (sky130_fd_sc_hd__o21ai_2)
     2    0.010997    0.118267    0.126265    2.008813 ^ _19341_/Y (sky130_fd_sc_hd__o21ai_2)
                                                         _00519_ (net)
                      0.118267    0.000325    2.009138 ^ _19343_/A (sky130_fd_sc_hd__nand2_1)
     1    0.009361    0.071685    0.064010    2.073148 v _19343_/Y (sky130_fd_sc_hd__nand2_1)
                                                         _00521_ (net)
                      0.071685    0.000299    2.073447 v _19346_/C (sky130_fd_sc_hd__nand3_4)
     6    0.029656    0.095091    0.107287    2.180734 ^ _19346_/Y (sky130_fd_sc_hd__nand3_4)
                                                         _00524_ (net)
                      0.095120    0.001250    2.181984 ^ _19350_/A1 (sky130_fd_sc_hd__a21o_1)
     4    0.015799    0.107723    0.130574    2.312558 ^ _19350_/X (sky130_fd_sc_hd__a21o_1)
                                                         _00528_ (net)
                      0.107723    0.000353    2.312911 ^ _19499_/B1 (sky130_fd_sc_hd__a22oi_1)
     1    0.005012    0.053066    0.052225    2.365136 v _19499_/Y (sky130_fd_sc_hd__a22oi_1)
                                                         _00689_ (net)
                      0.053066    0.000150    2.365286 v _19503_/B1 (sky130_fd_sc_hd__o2bb2ai_2)
     3    0.022772    0.209103    0.198504    2.563789 ^ _19503_/Y (sky130_fd_sc_hd__o2bb2ai_2)
                                                         _00693_ (net)
                      0.209114    0.001209    2.564998 ^ _19507_/A (sky130_fd_sc_hd__nand2_2)
     2    0.012794    0.071729    0.058628    2.623626 v _19507_/Y (sky130_fd_sc_hd__nand2_2)
                                                         _00697_ (net)
                      0.071732    0.000389    2.624015 v _19510_/A1 (sky130_fd_sc_hd__o211ai_4)
     3    0.023191    0.184018    0.194492    2.818506 ^ _19510_/Y (sky130_fd_sc_hd__o211ai_4)
                                                         _00701_ (net)
                      0.184019    0.000668    2.819174 ^ rebuffer189/A (sky130_fd_sc_hd__clkbuf_1)
     1    0.006097    0.060459    0.079733    2.898907 ^ rebuffer189/X (sky130_fd_sc_hd__clkbuf_1)
                                                         net984 (net)
                      0.060459    0.000195    2.899102 ^ _19648_/B1 (sky130_fd_sc_hd__o21ai_2)
     3    0.011857    0.045735    0.039613    2.938715 v _19648_/Y (sky130_fd_sc_hd__o21ai_2)
                                                         _00850_ (net)
                      0.045755    0.000322    2.939038 v _19649_/B (sky130_fd_sc_hd__nand2_1)
     1    0.003374    0.041431    0.051553    2.990592 ^ _19649_/Y (sky130_fd_sc_hd__nand2_1)
                                                         _00851_ (net)
                      0.041431    0.000103    2.990695 ^ _19651_/B (sky130_fd_sc_hd__nand2_1)
     3    0.013009    0.059532    0.063032    3.053727 v _19651_/Y (sky130_fd_sc_hd__nand2_1)
                                                         _00853_ (net)
                      0.059534    0.000313    3.054040 v _19653_/A (sky130_fd_sc_hd__nand2_1)
     2    0.009069    0.076376    0.078082    3.132122 ^ _19653_/Y (sky130_fd_sc_hd__nand2_1)
                                                         _00855_ (net)
                      0.076376    0.000262    3.132384 ^ _19762_/B (sky130_fd_sc_hd__nor2_2)
     1    0.011728    0.033605    0.035917    3.168301 v _19762_/Y (sky130_fd_sc_hd__nor2_2)
                                                         _00972_ (net)
                      0.033607    0.000459    3.168761 v _19766_/A2 (sky130_fd_sc_hd__a21oi_4)
     4    0.036525    0.213194    0.200617    3.369377 ^ _19766_/Y (sky130_fd_sc_hd__a21oi_4)
                                                         _00976_ (net)
                      0.213252    0.002776    3.372153 ^ _20114_/B (sky130_fd_sc_hd__nand3_4)
     5    0.033546    0.102056    0.097506    3.469660 v _20114_/Y (sky130_fd_sc_hd__nand3_4)
                                                         _01350_ (net)
                      0.102162    0.002597    3.472257 v _20212_/A1 (sky130_fd_sc_hd__a21oi_4)
     2    0.007476    0.082036    0.111422    3.583679 ^ _20212_/Y (sky130_fd_sc_hd__a21oi_4)
                                                         _01455_ (net)
                      0.082036    0.000167    3.583846 ^ max_cap130/A (sky130_fd_sc_hd__clkbuf_2)
     3    0.012121    0.056529    0.098173    3.682019 ^ max_cap130/X (sky130_fd_sc_hd__clkbuf_2)
                                                         net130 (net)
                      0.056529    0.000334    3.682354 ^ _20247_/B2 (sky130_fd_sc_hd__o22ai_1)
     1    0.003498    0.045577    0.031293    3.713646 v _20247_/Y (sky130_fd_sc_hd__o22ai_1)
                                                         _01492_ (net)
                      0.045578    0.000110    3.713756 v _20249_/A1 (sky130_fd_sc_hd__o211a_1)
     1    0.002893    0.028306    0.141578    3.855334 v _20249_/X (sky130_fd_sc_hd__o211a_1)
                                                         _00397_ (net)
                      0.028306    0.000064    3.855399 v _20757_/D (sky130_fd_sc_hd__dfxtp_1)
                                              3.855399   data arrival time

                                 10.000000   10.000000   clock clk (rise edge)
                                  0.000000   10.000000   clock source latency
     2    0.053312    0.114234    0.080638   10.080638 ^ clk (in)
                                                         clk (net)
                      0.114276    0.000000   10.080638 ^ clkbuf_0_clk/A (sky130_fd_sc_hd__clkbuf_16)
     8    0.222336    0.180636    0.211188   10.291826 ^ clkbuf_0_clk/X (sky130_fd_sc_hd__clkbuf_16)
                                                         clknet_0_clk (net)
                      0.181548    0.010374   10.302200 ^ clkbuf_3_4__f_clk/A (sky130_fd_sc_hd__clkbuf_16)
     9    0.112036    0.099237    0.168029   10.470229 ^ clkbuf_3_4__f_clk/X (sky130_fd_sc_hd__clkbuf_16)
                                                         clknet_3_4__leaf_clk (net)
                      0.099364    0.002902   10.473131 ^ clkbuf_leaf_58_clk/A (sky130_fd_sc_hd__clkbuf_8)
     3    0.019108    0.037338    0.105736   10.578867 ^ clkbuf_leaf_58_clk/X (sky130_fd_sc_hd__clkbuf_8)
                                                         clknet_leaf_58_clk (net)
                      0.037340    0.000331   10.579198 ^ _20757_/CLK (sky130_fd_sc_hd__dfxtp_1)
                                 -0.200000   10.379198   clock uncertainty
                                  0.000000   10.379198   clock reconvergence pessimism
                                 -0.068170   10.311028   library setup time
                                             10.311028   data required time
---------------------------------------------------------------------------------------------
                                             10.311028   data required time
                                             -3.855399   data arrival time
---------------------------------------------------------------------------------------------
                                              6.455629   slack (MET)




===========================================================================
report_checks --slack_max -0.01
============================================================================
======================= nom_ff_n40C_1v95 Corner ===================================

No paths found.


===========================================================================
 report_check_types -max_slew -max_cap -max_fanout -violators
============================================================================
======================= nom_ff_n40C_1v95 Corner ===================================



===========================================================================
report_parasitic_annotation -report_unannotated
============================================================================
Found 60 unannotated drivers.
 clkload0/Y
 clkload1/Y
 clkload10/Y
 clkload11/Y
 clkload12/Y
 clkload13/Y
 clkload14/Y
 clkload15/Y
 clkload16/X
 clkload17/Y
 clkload18/Y
 clkload19/Y
 clkload2/Y
 clkload20/Y
 clkload21/Y
 clkload22/Y
 clkload23/Y
 clkload24/Y
 clkload25/Y
 clkload26/X
 clkload27/Y
 clkload28/Y
 clkload29/Y
 clkload3/Y
 clkload30/Y
 clkload31/Y
 clkload32/Y
 clkload33/Y
 clkload34/Y
 clkload35/Y
 clkload36/Y
 clkload37/Y
 clkload38/X
 clkload39/X
 clkload4/Y
 clkload40/Y
 clkload41/Y
 clkload42/Y
 clkload43/Y
 clkload44/Y
 clkload45/Y
 clkload46/Y
 clkload47/Y
 clkload48/Y
 clkload49/Y
 clkload5/Y
 clkload50/Y
 clkload51/Y
 clkload52/Y
 clkload53/Y
 clkload54/Y
 clkload55/Y
 clkload56/Y
 clkload57/Y
 clkload58/Y
 clkload59/Y
 clkload6/Y
 clkload7/Y
 clkload8/Y
 clkload9/X
Found 0 partially unannotated drivers.

===========================================================================
max slew violation count 0
max fanout violation count 0
max cap violation count 0
============================================================================

===========================================================================
check_setup -verbose -unconstrained_endpoints -multiple_clock -no_clock -no_input_delay -loops -generated_clocks
===========================================================================
