Clock: clk
Sources: clk 
Generated: no
Virtual: yes
Propagated: no
Period: 10.000000

===========================================================================
report_clock_properties
============================================================================
Clock                   Period          Waveform
----------------------------------------------------
clk                  10.000000    0.000000  5.000000

===========================================================================
report_clock_latency
============================================================================
Clock clk
rise -> rise
    min     max
0.000000 0.000000 source latency
0.466336         network latency _20800_/CLK
        0.616455 network latency _20646_/CLK
---------------
0.466336 0.616455 latency
        0.150119 skew

fall -> fall
    min     max
0.000000 0.000000 source latency
0.400494         network latency _20800_/CLK
        0.541319 network latency _20646_/CLK
---------------
0.400494 0.541319 latency
        0.140826 skew



===========================================================================
report_clock_min_period
============================================================================
clk period_min = 3.54 fmax = 282.14
