
===========================================================================
report_checks -unconstrained
===========================================================================
======================= min_ff_n40C_1v95 Corner ===================================

Startpoint: _20768_ (rising edge-triggered flip-flop clocked by clk)
Endpoint: _20697_ (rising edge-triggered flip-flop clocked by clk)
Path Group: clk
Path Type: max

Fanout         Cap        Slew       Delay        Time   Description
---------------------------------------------------------------------------------------------
                                  0.000000    0.000000   clock clk (rise edge)
                                  0.000000    0.000000   clock source latency
     2    0.057597    0.122758    0.086702    0.086702 ^ clk (in)
                                                         clk (net)
                      0.122805    0.000000    0.086702 ^ clkbuf_0_clk/A (sky130_fd_sc_hd__clkbuf_16)
     8    0.192608    0.157774    0.202645    0.289347 ^ clkbuf_0_clk/X (sky130_fd_sc_hd__clkbuf_16)
                                                         clknet_0_clk (net)
                      0.157839    0.002633    0.291980 ^ clkbuf_3_0_0_clk/A (sky130_fd_sc_hd__clkbuf_16)
    10    0.173753    0.143760    0.196847    0.488827 ^ clkbuf_3_0_0_clk/X (sky130_fd_sc_hd__clkbuf_16)
                                                         clknet_3_0_0_clk (net)
                      0.144704    0.009281    0.498108 ^ clkbuf_leaf_73_clk/A (sky130_fd_sc_hd__clkbuf_16)
     3    0.010345    0.027206    0.105564    0.603673 ^ clkbuf_leaf_73_clk/X (sky130_fd_sc_hd__clkbuf_16)
                                                         clknet_leaf_73_clk (net)
                      0.027206    0.000126    0.603799 ^ _20768_/CLK (sky130_fd_sc_hd__dfxtp_4)
     3    0.034681    0.081170    0.249270    0.853069 ^ _20768_/Q (sky130_fd_sc_hd__dfxtp_4)
                                                         a_h[6] (net)
                      0.081174    0.000708    0.853777 ^ max_cap717/A (sky130_fd_sc_hd__buf_12)
    16    0.120904    0.109690    0.133201    0.986978 ^ max_cap717/X (sky130_fd_sc_hd__buf_12)
                                                         net717 (net)
                      0.110411    0.007138    0.994116 ^ wire716/A (sky130_fd_sc_hd__buf_12)
     9    0.073890    0.071395    0.109965    1.104081 ^ wire716/X (sky130_fd_sc_hd__buf_12)
                                                         net716 (net)
                      0.071676    0.003555    1.107636 ^ max_cap715/A (sky130_fd_sc_hd__buf_12)
     8    0.068309    0.066468    0.102550    1.210187 ^ max_cap715/X (sky130_fd_sc_hd__buf_12)
                                                         net715 (net)
                      0.066567    0.002068    1.212255 ^ rebuffer331/A (sky130_fd_sc_hd__dlymetal6s4s_1)
     3    0.028099    0.223308    0.250564    1.462819 ^ rebuffer331/X (sky130_fd_sc_hd__dlymetal6s4s_1)
                                                         net1166 (net)
                      0.223310    0.000637    1.463457 ^ _13437_/B (sky130_fd_sc_hd__nand2_2)
     4    0.016662    0.073963    0.074339    1.537796 v _13437_/Y (sky130_fd_sc_hd__nand2_2)
                                                         _04348_ (net)
                      0.073964    0.000210    1.538006 v _13500_/A1 (sky130_fd_sc_hd__o21ai_2)
     2    0.011179    0.119395    0.140934    1.678940 ^ _13500_/Y (sky130_fd_sc_hd__o21ai_2)
                                                         _04410_ (net)
                      0.119395    0.000219    1.679159 ^ _13517_/C (sky130_fd_sc_hd__nand3_1)
     3    0.012306    0.086457    0.094212    1.773370 v _13517_/Y (sky130_fd_sc_hd__nand3_1)
                                                         _04427_ (net)
                      0.086457    0.000172    1.773542 v _13521_/A1 (sky130_fd_sc_hd__a21o_4)
     3    0.023894    0.042037    0.167118    1.940660 v _13521_/X (sky130_fd_sc_hd__a21o_4)
                                                         _04431_ (net)
                      0.042039    0.000294    1.940954 v _13525_/A2 (sky130_fd_sc_hd__a21oi_2)
     2    0.013526    0.136335    0.145965    2.086919 ^ _13525_/Y (sky130_fd_sc_hd__a21oi_2)
                                                         _04435_ (net)
                      0.136335    0.000193    2.087112 ^ _13578_/B1 (sky130_fd_sc_hd__a21oi_4)
     3    0.012699    0.040654    0.026015    2.113127 v _13578_/Y (sky130_fd_sc_hd__a21oi_4)
                                                         _04487_ (net)
                      0.040654    0.000263    2.113390 v rebuffer244/A (sky130_fd_sc_hd__dlygate4sd1_1)
     3    0.021701    0.077914    0.198968    2.312358 v rebuffer244/X (sky130_fd_sc_hd__dlygate4sd1_1)
                                                         net1079 (net)
                      0.077915    0.000342    2.312700 v _13677_/A1 (sky130_fd_sc_hd__o21ai_4)
     3    0.017584    0.130406    0.152112    2.464813 ^ _13677_/Y (sky130_fd_sc_hd__o21ai_4)
                                                         _04585_ (net)
                      0.130406    0.000043    2.464855 ^ _13779_/A (sky130_fd_sc_hd__nand3_2)
     2    0.009912    0.063658    0.062806    2.527662 v _13779_/Y (sky130_fd_sc_hd__nand3_2)
                                                         _04687_ (net)
                      0.063658    0.000091    2.527753 v _13780_/A2_N (sky130_fd_sc_hd__o2bb2ai_2)
     4    0.016878    0.057097    0.102459    2.630211 v _13780_/Y (sky130_fd_sc_hd__o2bb2ai_2)
                                                         _04688_ (net)
                      0.057097    0.000203    2.630415 v _13785_/C (sky130_fd_sc_hd__nand3_2)
     5    0.024302    0.109566    0.108755    2.739169 ^ _13785_/Y (sky130_fd_sc_hd__nand3_2)
                                                         _04693_ (net)
                      0.109567    0.000339    2.739508 ^ _13919_/A (sky130_fd_sc_hd__nor2_1)
     2    0.008490    0.048499    0.054190    2.793699 v _13919_/Y (sky130_fd_sc_hd__nor2_1)
                                                         _04826_ (net)
                      0.048499    0.000077    2.793776 v _13921_/A1 (sky130_fd_sc_hd__a21oi_2)
     1    0.009232    0.104769    0.116839    2.910615 ^ _13921_/Y (sky130_fd_sc_hd__a21oi_2)
                                                         _04828_ (net)
                      0.104769    0.000099    2.910714 ^ _14197_/A (sky130_fd_sc_hd__nand4_4)
     1    0.009302    0.065735    0.056704    2.967418 v _14197_/Y (sky130_fd_sc_hd__nand4_4)
                                                         _05102_ (net)
                      0.065735    0.000104    2.967522 v _14359_/A1 (sky130_fd_sc_hd__o211ai_4)
     3    0.028844    0.209312    0.211761    3.179283 ^ _14359_/Y (sky130_fd_sc_hd__o211ai_4)
                                                         _05262_ (net)
                      0.209313    0.000594    3.179877 ^ _14989_/B (sky130_fd_sc_hd__nand3_4)
     3    0.025192    0.086857    0.083486    3.263363 v _14989_/Y (sky130_fd_sc_hd__nand3_4)
                                                         _05888_ (net)
                      0.086893    0.001350    3.264713 v _15322_/C (sky130_fd_sc_hd__nand3_4)
     6    0.027651    0.092035    0.110917    3.375630 ^ _15322_/Y (sky130_fd_sc_hd__nand3_4)
                                                         _06217_ (net)
                      0.092040    0.001185    3.376816 ^ _15450_/A (sky130_fd_sc_hd__nand2_1)
     2    0.008106    0.053085    0.053889    3.430705 v _15450_/Y (sky130_fd_sc_hd__nand2_1)
                                                         _06341_ (net)
                      0.053085    0.000093    3.430797 v _15506_/A1 (sky130_fd_sc_hd__a21oi_2)
     2    0.007091    0.089331    0.105549    3.536346 ^ _15506_/Y (sky130_fd_sc_hd__a21oi_2)
                                                         _06395_ (net)
                      0.089331    0.000098    3.536444 ^ _15509_/A2 (sky130_fd_sc_hd__o21ai_1)
     1    0.002893    0.033472    0.038127    3.574571 v _15509_/Y (sky130_fd_sc_hd__o21ai_1)
                                                         _06398_ (net)
                      0.033472    0.000029    3.574600 v _15513_/A1 (sky130_fd_sc_hd__a21oi_1)
     1    0.002656    0.074297    0.078848    3.653449 ^ _15513_/Y (sky130_fd_sc_hd__a21oi_1)
                                                         _00337_ (net)
                      0.074297    0.000029    3.653477 ^ _20697_/D (sky130_fd_sc_hd__dfxtp_2)
                                              3.653477   data arrival time

                                 10.000000   10.000000   clock clk (rise edge)
                                  0.000000   10.000000   clock source latency
     2    0.057597    0.122758    0.086702   10.086702 ^ clk (in)
                                                         clk (net)
                      0.122805    0.000000   10.086702 ^ clkbuf_0_clk/A (sky130_fd_sc_hd__clkbuf_16)
     8    0.192608    0.157774    0.202645   10.289348 ^ clkbuf_0_clk/X (sky130_fd_sc_hd__clkbuf_16)
                                                         clknet_0_clk (net)
                      0.157833    0.002496   10.291843 ^ clkbuf_3_1_0_clk/A (sky130_fd_sc_hd__clkbuf_16)
     8    0.122513    0.106033    0.170956   10.462799 ^ clkbuf_3_1_0_clk/X (sky130_fd_sc_hd__clkbuf_16)
                                                         clknet_3_1_0_clk (net)
                      0.106080    0.001838   10.464637 ^ _20697_/CLK (sky130_fd_sc_hd__dfxtp_2)
                                 -0.200000   10.264637   clock uncertainty
                                  0.000000   10.264637   clock reconvergence pessimism
                                 -0.033098   10.231539   library setup time
                                             10.231539   data required time
---------------------------------------------------------------------------------------------
                                             10.231539   data required time
                                             -3.653477   data arrival time
---------------------------------------------------------------------------------------------
                                              6.578061   slack (MET)




===========================================================================
report_checks --slack_max -0.01
============================================================================
======================= min_ff_n40C_1v95 Corner ===================================

No paths found.


===========================================================================
 report_check_types -max_slew -max_cap -max_fanout -violators
============================================================================
======================= min_ff_n40C_1v95 Corner ===================================



===========================================================================
report_parasitic_annotation -report_unannotated
============================================================================
Found 66 unannotated drivers.
 clkload0/Y
 clkload1/Y
 clkload10/X
 clkload11/X
 clkload12/X
 clkload13/X
 clkload14/X
 clkload15/Y
 clkload16/Y
 clkload17/Y
 clkload18/Y
 clkload19/Y
 clkload2/Y
 clkload20/Y
 clkload21/Y
 clkload22/Y
 clkload23/Y
 clkload24/Y
 clkload25/Y
 clkload26/Y
 clkload27/Y
 clkload28/Y
 clkload29/Y
 clkload3/Y
 clkload30/Y
 clkload31/X
 clkload32/Y
 clkload33/Y
 clkload34/Y
 clkload35/Y
 clkload36/Y
 clkload37/Y
 clkload38/Y
 clkload39/Y
 clkload4/Y
 clkload40/Y
 clkload41/Y
 clkload42/Y
 clkload43/Y
 clkload44/X
 clkload45/Y
 clkload46/Y
 clkload47/Y
 clkload48/Y
 clkload49/Y
 clkload5/Y
 clkload50/Y
 clkload51/Y
 clkload52/Y
 clkload53/Y
 clkload54/Y
 clkload55/Y
 clkload56/Y
 clkload57/Y
 clkload58/Y
 clkload59/Y
 clkload6/Y
 clkload60/X
 clkload61/Y
 clkload62/Y
 clkload63/X
 clkload64/X
 clkload65/Y
 clkload7/X
 clkload8/X
 clkload9/X
Found 0 partially unannotated drivers.

===========================================================================
max slew violation count 0
max fanout violation count 0
max cap violation count 0
============================================================================

===========================================================================
check_setup -verbose -unconstrained_endpoints -multiple_clock -no_clock -no_input_delay -loops -generated_clocks
===========================================================================
