
===========================================================================
report_checks -unconstrained
===========================================================================
======================= nom_ff_n40C_1v95 Corner ===================================

Startpoint: _20790_ (rising edge-triggered flip-flop clocked by clk)
Endpoint: _20760_ (rising edge-triggered flip-flop clocked by clk)
Path Group: clk
Path Type: max

Fanout         Cap        Slew       Delay        Time   Description
---------------------------------------------------------------------------------------------
                                  0.000000    0.000000   clock clk (rise edge)
                                  0.000000    0.000000   clock source latency
     2    0.053030    0.113675    0.080175    0.080175 ^ clk (in)
                                                         clk (net)
                      0.113714    0.000000    0.080175 ^ clkbuf_0_clk/A (sky130_fd_sc_hd__clkbuf_16)
     8    0.223107    0.181077    0.213069    0.293244 ^ clkbuf_0_clk/X (sky130_fd_sc_hd__clkbuf_16)
                                                         clknet_0_clk (net)
                      0.181375    0.006021    0.299265 ^ clkbuf_3_4__f_clk/A (sky130_fd_sc_hd__clkbuf_16)
    11    0.108366    0.096645    0.164314    0.463579 ^ clkbuf_3_4__f_clk/X (sky130_fd_sc_hd__clkbuf_16)
                                                         clknet_3_4__leaf_clk (net)
                      0.096759    0.002753    0.466332 ^ clkbuf_leaf_8_clk/A (sky130_fd_sc_hd__clkbuf_8)
     5    0.021020    0.039454    0.107143    0.573475 ^ clkbuf_leaf_8_clk/X (sky130_fd_sc_hd__clkbuf_8)
                                                         clknet_leaf_8_clk (net)
                      0.039457    0.000350    0.573825 ^ _20790_/CLK (sky130_fd_sc_hd__dfxtp_4)
     5    0.037701    0.086881    0.256344    0.830169 ^ _20790_/Q (sky130_fd_sc_hd__dfxtp_4)
                                                         a_l[12] (net)
                      0.086952    0.002268    0.832437 ^ max_cap566/A (sky130_fd_sc_hd__buf_12)
    15    0.101807    0.094448    0.119263    0.951699 ^ max_cap566/X (sky130_fd_sc_hd__buf_12)
                                                         net566 (net)
                      0.095395    0.007590    0.959289 ^ max_cap565/A (sky130_fd_sc_hd__buf_12)
    14    0.100971    0.093826    0.120125    1.079414 ^ max_cap565/X (sky130_fd_sc_hd__buf_12)
                                                         net565 (net)
                      0.096078    0.011470    1.090884 ^ max_cap564/A (sky130_fd_sc_hd__buf_12)
     7    0.095480    0.089110    0.119158    1.210043 ^ max_cap564/X (sky130_fd_sc_hd__buf_12)
                                                         net564 (net)
                      0.089964    0.006952    1.216995 ^ max_cap563/A (sky130_fd_sc_hd__buf_12)
    11    0.069602    0.067711    0.105944    1.322939 ^ max_cap563/X (sky130_fd_sc_hd__buf_12)
                                                         net563 (net)
                      0.067957    0.003244    1.326183 ^ max_cap562/A (sky130_fd_sc_hd__buf_12)
    14    0.096296    0.089529    0.116332    1.442515 ^ max_cap562/X (sky130_fd_sc_hd__buf_12)
                                                         net562 (net)
                      0.089789    0.003928    1.446443 ^ _19051_/B (sky130_fd_sc_hd__nand2_1)
     1    0.008164    0.051198    0.056743    1.503186 v _19051_/Y (sky130_fd_sc_hd__nand2_1)
                                                         _09942_ (net)
                      0.051201    0.000329    1.503515 v _19152_/A (sky130_fd_sc_hd__nand2_2)
     6    0.026769    0.112887    0.103341    1.606856 ^ _19152_/Y (sky130_fd_sc_hd__nand2_2)
                                                         _10044_ (net)
                      0.112893    0.000666    1.607522 ^ _19157_/A2 (sky130_fd_sc_hd__a21o_1)
     2    0.010624    0.075225    0.115069    1.722591 ^ _19157_/X (sky130_fd_sc_hd__a21o_1)
                                                         _10049_ (net)
                      0.075225    0.000194    1.722785 ^ _19160_/A (sky130_fd_sc_hd__nand2_1)
     1    0.010678    0.075905    0.060399    1.783183 v _19160_/Y (sky130_fd_sc_hd__nand2_1)
                                                         _10053_ (net)
                      0.075911    0.000539    1.783723 v _19161_/A (sky130_fd_sc_hd__nand3_1)
     1    0.011588    0.106210    0.105332    1.889055 ^ _19161_/Y (sky130_fd_sc_hd__nand3_1)
                                                         _10054_ (net)
                      0.106213    0.000439    1.889493 ^ _19165_/C (sky130_fd_sc_hd__nand4_4)
     7    0.029871    0.106666    0.103331    1.992825 v _19165_/Y (sky130_fd_sc_hd__nand4_4)
                                                         _10058_ (net)
                      0.106734    0.002035    1.994860 v rebuffer53/A (sky130_fd_sc_hd__clkbuf_2)
     2    0.016095    0.047864    0.123565    2.118425 v rebuffer53/X (sky130_fd_sc_hd__clkbuf_2)
                                                         net850 (net)
                      0.047869    0.000535    2.118960 v _19259_/A (sky130_fd_sc_hd__nand2_2)
     2    0.024524    0.106168    0.096322    2.215282 ^ _19259_/Y (sky130_fd_sc_hd__nand2_2)
                                                         _10160_ (net)
                      0.106176    0.000743    2.216025 ^ _19499_/A1 (sky130_fd_sc_hd__a22oi_1)
     1    0.004682    0.051735    0.058600    2.274626 v _19499_/Y (sky130_fd_sc_hd__a22oi_1)
                                                         _00689_ (net)
                      0.051735    0.000089    2.274714 v _19503_/B1 (sky130_fd_sc_hd__o2bb2ai_2)
     2    0.008971    0.107810    0.123702    2.398417 ^ _19503_/Y (sky130_fd_sc_hd__o2bb2ai_2)
                                                         _00693_ (net)
                      0.107810    0.000213    2.398630 ^ max_cap183/A (sky130_fd_sc_hd__clkbuf_2)
     2    0.011532    0.054642    0.102118    2.500747 ^ max_cap183/X (sky130_fd_sc_hd__clkbuf_2)
                                                         net183 (net)
                      0.054643    0.000342    2.501089 ^ _19507_/A (sky130_fd_sc_hd__nand2_2)
     2    0.012165    0.047742    0.044099    2.545188 v _19507_/Y (sky130_fd_sc_hd__nand2_2)
                                                         _00697_ (net)
                      0.047760    0.000351    2.545539 v _19510_/A1 (sky130_fd_sc_hd__o211ai_4)
     3    0.026115    0.196992    0.196101    2.741641 ^ _19510_/Y (sky130_fd_sc_hd__o211ai_4)
                                                         _00701_ (net)
                      0.196993    0.000719    2.742359 ^ _19514_/A1_N (sky130_fd_sc_hd__o2bb2ai_4)
     2    0.016628    0.115917    0.099749    2.842108 ^ _19514_/Y (sky130_fd_sc_hd__o2bb2ai_4)
                                                         _00705_ (net)
                      0.115918    0.000529    2.842637 ^ _19517_/C (sky130_fd_sc_hd__nand4_4)
     7    0.028263    0.102671    0.102167    2.944804 v _19517_/Y (sky130_fd_sc_hd__nand4_4)
                                                         _00708_ (net)
                      0.102672    0.000526    2.945330 v _19518_/B (sky130_fd_sc_hd__nand2_1)
     1    0.004376    0.052138    0.079116    3.024446 ^ _19518_/Y (sky130_fd_sc_hd__nand2_1)
                                                         _00710_ (net)
                      0.052138    0.000148    3.024593 ^ _19762_/A (sky130_fd_sc_hd__nor2_1)
     1    0.009825    0.040607    0.046660    3.071253 v _19762_/Y (sky130_fd_sc_hd__nor2_1)
                                                         _00972_ (net)
                      0.040610    0.000318    3.071571 v _19766_/A2 (sky130_fd_sc_hd__a21oi_4)
     4    0.038219    0.221162    0.209272    3.280843 ^ _19766_/Y (sky130_fd_sc_hd__a21oi_4)
                                                         _00976_ (net)
                      0.221210    0.002577    3.283420 ^ _20114_/A (sky130_fd_sc_hd__nand3_4)
     5    0.046509    0.135219    0.127088    3.410508 v _20114_/Y (sky130_fd_sc_hd__nand3_4)
                                                         _01350_ (net)
                      0.135292    0.002582    3.413090 v _20257_/A2 (sky130_fd_sc_hd__a21oi_4)
     5    0.021591    0.146044    0.187821    3.600911 ^ _20257_/Y (sky130_fd_sc_hd__a21oi_4)
                                                         _01502_ (net)
                      0.146048    0.000860    3.601771 ^ _20307_/B2 (sky130_fd_sc_hd__o22ai_1)
     1    0.003157    0.041481    0.032443    3.634214 v _20307_/Y (sky130_fd_sc_hd__o22ai_1)
                                                         _01553_ (net)
                      0.041481    0.000066    3.634280 v _20309_/A1 (sky130_fd_sc_hd__o211a_1)
     1    0.003548    0.030656    0.143362    3.777642 v _20309_/X (sky130_fd_sc_hd__o211a_1)
                                                         _00400_ (net)
                      0.030656    0.000119    3.777761 v _20760_/D (sky130_fd_sc_hd__dfxtp_1)
                                              3.777761   data arrival time

                                 10.000000   10.000000   clock clk (rise edge)
                                  0.000000   10.000000   clock source latency
     2    0.053030    0.113675    0.080175   10.080175 ^ clk (in)
                                                         clk (net)
                      0.113714    0.000000   10.080175 ^ clkbuf_0_clk/A (sky130_fd_sc_hd__clkbuf_16)
     8    0.223107    0.181077    0.213069   10.293243 ^ clkbuf_0_clk/X (sky130_fd_sc_hd__clkbuf_16)
                                                         clknet_0_clk (net)
                      0.181949    0.010115   10.303359 ^ clkbuf_3_2__f_clk/A (sky130_fd_sc_hd__clkbuf_16)
    10    0.103077    0.092747    0.162111   10.465470 ^ clkbuf_3_2__f_clk/X (sky130_fd_sc_hd__clkbuf_16)
                                                         clknet_3_2__leaf_clk (net)
                      0.093598    0.007073   10.472544 ^ clkbuf_leaf_53_clk/A (sky130_fd_sc_hd__clkbuf_8)
     4    0.044618    0.067164    0.127583   10.600127 ^ clkbuf_leaf_53_clk/X (sky130_fd_sc_hd__clkbuf_8)
                                                         clknet_leaf_53_clk (net)
                      0.067178    0.000965   10.601091 ^ _20760_/CLK (sky130_fd_sc_hd__dfxtp_1)
                                 -0.200000   10.401092   clock uncertainty
                                  0.000000   10.401092   clock reconvergence pessimism
                                 -0.066139   10.334952   library setup time
                                             10.334952   data required time
---------------------------------------------------------------------------------------------
                                             10.334952   data required time
                                             -3.777761   data arrival time
---------------------------------------------------------------------------------------------
                                              6.557192   slack (MET)




===========================================================================
report_checks --slack_max -0.01
============================================================================
======================= nom_ff_n40C_1v95 Corner ===================================

No paths found.


===========================================================================
 report_check_types -max_slew -max_cap -max_fanout -violators
============================================================================
======================= nom_ff_n40C_1v95 Corner ===================================



===========================================================================
report_parasitic_annotation -report_unannotated
============================================================================
Found 56 unannotated drivers.
 clkload0/Y
 clkload1/Y
 clkload10/Y
 clkload11/Y
 clkload12/Y
 clkload13/Y
 clkload14/Y
 clkload15/Y
 clkload16/Y
 clkload17/Y
 clkload18/Y
 clkload19/Y
 clkload2/X
 clkload20/Y
 clkload21/Y
 clkload22/Y
 clkload23/Y
 clkload24/Y
 clkload25/Y
 clkload26/Y
 clkload27/Y
 clkload28/Y
 clkload29/Y
 clkload3/Y
 clkload30/Y
 clkload31/Y
 clkload32/Y
 clkload33/Y
 clkload34/X
 clkload35/Y
 clkload36/Y
 clkload37/Y
 clkload38/Y
 clkload39/Y
 clkload4/Y
 clkload40/Y
 clkload41/Y
 clkload42/Y
 clkload43/Y
 clkload44/Y
 clkload45/Y
 clkload46/Y
 clkload47/Y
 clkload48/Y
 clkload49/Y
 clkload5/Y
 clkload50/Y
 clkload51/Y
 clkload52/Y
 clkload53/Y
 clkload54/Y
 clkload55/Y
 clkload6/Y
 clkload7/X
 clkload8/X
 clkload9/Y
Found 0 partially unannotated drivers.

===========================================================================
max slew violation count 0
max fanout violation count 0
max cap violation count 0
============================================================================

===========================================================================
check_setup -verbose -unconstrained_endpoints -multiple_clock -no_clock -no_input_delay -loops -generated_clocks
===========================================================================
