Clock: clk
Sources: clk 
Generated: no
Virtual: yes
Propagated: no
Period: 10.000000

===========================================================================
report_clock_properties
============================================================================
Clock                   Period          Waveform
----------------------------------------------------
clk                  10.000000    0.000000  5.000000

===========================================================================
report_clock_latency
============================================================================
Clock clk
rise -> rise
    min     max
0.000000 0.000000 source latency
0.457899         network latency _20688_/CLK
        0.618026 network latency _20394_/CLK
---------------
0.457899 0.618026 latency
        0.160127 skew

fall -> fall
    min     max
0.000000 0.000000 source latency
0.395181         network latency _20688_/CLK
        0.541853 network latency _20394_/CLK
---------------
0.395181 0.541853 latency
        0.146672 skew



===========================================================================
report_clock_min_period
============================================================================
clk period_min = 3.44 fmax = 290.46
