if {[file exists ~/openlane2/my_script/script_matt.tcl]} {
    source ~/openlane2/my_script/script_matt.tcl
}
Reading OpenROAD database at '/home/hien/openlane2/designs/highspeed_pipelined_multiplier/runs/opti_4/38-openroad-globalrouting/pipelined_mult.odb'…
Reading library file at '/home/hien/.volare/volare/sky130/versions/0fe599b2afb6708d281543108caf8310912f54af/sky130A/libs.ref/sky130_fd_sc_hd/lib/sky130_fd_sc_hd__tt_025C_1v80.lib'…
Reading design constraints file at '/home/hien/openlane2/designs/highspeed_pipelined_multiplier/src/pnr.sdc'…
[INFO] No information on clock propagation in input SDC file-- propagating all clocks.
[INFO] Setting signal min routing layer to: met1 and clock min routing layer to met1. 
[INFO] Setting signal max routing layer to: met5 and clock max routing layer to met5. 
-congestion_iterations 50 -verbose
[INFO GRT-0020] Min routing layer: met1
[INFO GRT-0021] Max routing layer: met5
[INFO GRT-0022] Global adjustment: 30%
[INFO GRT-0023] Grid origin: (0, 0)
[INFO GRT-0043] No OR_DEFAULT vias defined.
[INFO GRT-0088] Layer li1     Track-Pitch = 0.4600  line-2-Via Pitch: 0.3400
[INFO GRT-0088] Layer met1    Track-Pitch = 0.3400  line-2-Via Pitch: 0.3400
[INFO GRT-0088] Layer met2    Track-Pitch = 0.4600  line-2-Via Pitch: 0.3500
[INFO GRT-0088] Layer met3    Track-Pitch = 0.6800  line-2-Via Pitch: 0.6150
[INFO GRT-0088] Layer met4    Track-Pitch = 0.9200  line-2-Via Pitch: 1.0400
[INFO GRT-0088] Layer met5    Track-Pitch = 3.4000  line-2-Via Pitch: 3.1100
[INFO GRT-0019] Found 67 clock nets.
[INFO GRT-0001] Minimum degree: 2
[INFO GRT-0002] Maximum degree: 126
[INFO GRT-0003] Macros: 0
[INFO GRT-0043] No OR_DEFAULT vias defined.
[INFO GRT-0004] Blockages: 7240

[INFO GRT-0053] Routing resources analysis:
          Routing      Original      Derated      Resource
Layer     Direction    Resources     Resources    Reduction (%)
---------------------------------------------------------------
li1        Vertical            0             0          0.00%
met1       Horizontal      74140         36204          51.17%
met2       Vertical        55159         35976          34.78%
met3       Horizontal      37070         25255          31.87%
met4       Vertical        22149         12838          42.04%
met5       Horizontal       7378          3304          55.22%
---------------------------------------------------------------

[INFO GRT-0101] Running extra iterations to remove overflow.
[INFO GRT-0197] Via related to pin nodes: 74788
[INFO GRT-0198] Via related Steiner nodes: 1141
[INFO GRT-0199] Via filling finished.
[INFO GRT-0111] Final number of vias: 92879
[INFO GRT-0112] Final usage 3D: 326369

[INFO GRT-0096] Final congestion report:
Layer         Resource        Demand        Usage (%)    Max H / Max V / Total Overflow
---------------------------------------------------------------------------------------
li1                  0             0            0.00%             0 /  0 /  0
met1             36204         20514           56.66%             0 /  0 /  0
met2             35976         20147           56.00%             0 /  0 /  0
met3             25255          3930           15.56%             0 /  0 /  0
met4             12838          3141           24.47%             0 /  0 /  0
met5              3304             0            0.00%             0 /  0 /  0
---------------------------------------------------------------------------------------
Total           113577         47732           42.03%             0 /  0 /  0

[INFO GRT-0018] Total wirelength: 537951 um
[INFO GRT-0014] Routed nets: 12101
[INFO GRT-0006] Repairing antennas, iteration 1.
[INFO GRT-0043] No OR_DEFAULT vias defined.
[INFO GRT-0012] Found 18 antenna violations.
[INFO GRT-0015] Inserted 30 diodes.
[INFO GRT-0009] rerouting 3832 nets.
[INFO GRT-0001] Minimum degree: 2
[INFO GRT-0002] Maximum degree: 126
[INFO GRT-0006] Repairing antennas, iteration 2.
[INFO GRT-0043] No OR_DEFAULT vias defined.
[INFO GRT-0012] Found 5 antenna violations.
[INFO GRT-0015] Inserted 5 diodes.
[INFO GRT-0009] rerouting 44 nets.
[INFO GRT-0001] Minimum degree: 2
[INFO GRT-0002] Maximum degree: 43
[INFO GRT-0006] Repairing antennas, iteration 3.
[INFO GRT-0043] No OR_DEFAULT vias defined.
[INFO GRT-0012] Found 0 antenna violations.
Placement Analysis
---------------------------------
total displacement          0.0 u
average displacement        0.0 u
max displacement            0.0 u
original HPWL          299957.5 u
legalized HPWL         299957.5 u
delta HPWL                    0 %

[INFO DPL-0020] Mirrored 5249 instances
[INFO DPL-0021] HPWL before          299957.5 u
[INFO DPL-0022] HPWL after           290989.9 u
[INFO DPL-0023] HPWL delta               -3.0 %
-congestion_iterations 50 -verbose
[INFO GRT-0020] Min routing layer: met1
[INFO GRT-0021] Max routing layer: met5
[INFO GRT-0022] Global adjustment: 30%
[INFO GRT-0023] Grid origin: (0, 0)
[INFO GRT-0043] No OR_DEFAULT vias defined.
[INFO GRT-0088] Layer li1     Track-Pitch = 0.4600  line-2-Via Pitch: 0.3400
[INFO GRT-0088] Layer met1    Track-Pitch = 0.3400  line-2-Via Pitch: 0.3400
[INFO GRT-0088] Layer met2    Track-Pitch = 0.4600  line-2-Via Pitch: 0.3500
[INFO GRT-0088] Layer met3    Track-Pitch = 0.6800  line-2-Via Pitch: 0.6150
[INFO GRT-0088] Layer met4    Track-Pitch = 0.9200  line-2-Via Pitch: 1.0400
[INFO GRT-0088] Layer met5    Track-Pitch = 3.4000  line-2-Via Pitch: 3.1100
[INFO GRT-0019] Found 67 clock nets.
[INFO GRT-0001] Minimum degree: 2
[INFO GRT-0002] Maximum degree: 126
[INFO GRT-0003] Macros: 0
[INFO GRT-0043] No OR_DEFAULT vias defined.
[INFO GRT-0004] Blockages: 7240

[INFO GRT-0053] Routing resources analysis:
          Routing      Original      Derated      Resource
Layer     Direction    Resources     Resources    Reduction (%)
---------------------------------------------------------------
li1        Vertical            0             0          0.00%
met1       Horizontal      74140         36203          51.17%
met2       Vertical        55159         35976          34.78%
met3       Horizontal      37070         25255          31.87%
met4       Vertical        22149         12838          42.04%
met5       Horizontal       7378          3304          55.22%
---------------------------------------------------------------

[INFO GRT-0101] Running extra iterations to remove overflow.
[INFO GRT-0197] Via related to pin nodes: 74913
[INFO GRT-0198] Via related Steiner nodes: 1140
[INFO GRT-0199] Via filling finished.
[INFO GRT-0111] Final number of vias: 93027
[INFO GRT-0112] Final usage 3D: 326832

[INFO GRT-0096] Final congestion report:
Layer         Resource        Demand        Usage (%)    Max H / Max V / Total Overflow
---------------------------------------------------------------------------------------
li1                  0             0            0.00%             0 /  0 /  0
met1             36203         20569           56.82%             0 /  0 /  0
met2             35976         20156           56.03%             0 /  0 /  0
met3             25255          3880           15.36%             0 /  0 /  0
met4             12838          3146           24.51%             0 /  0 /  0
met5              3304             0            0.00%             0 /  0 /  0
---------------------------------------------------------------------------------------
Total           113576         47751           42.04%             0 /  0 /  0

[INFO GRT-0018] Total wirelength: 538344 um
[INFO GRT-0014] Routed nets: 12101
[INFO] Setting RC values…
Setting global connections for newly added cells…
[INFO] Setting global connections...
Updating metrics…
Cell type report:                       Count       Area
  Fill cell                               296    1111.07
  Tap cell                               2325    2909.04
  Antenna cell                             35      87.58
  Clock buffer                             70    1052.26
  Timing Repair Buffer                   1334   13736.92
  Inverter                                178    1151.10
  Clock inverter                           52     810.78
  Sequential cell                         450    9258.88
  Multi-Input combinational cell        10007   88557.43
  Total                                 14747  118675.07
Writing OpenROAD database to '/home/hien/openlane2/designs/highspeed_pipelined_multiplier/runs/opti_4/41-openroad-repairantennas/1-diodeinsertion/pipelined_mult.odb'…
Writing layout to '/home/hien/openlane2/designs/highspeed_pipelined_multiplier/runs/opti_4/41-openroad-repairantennas/1-diodeinsertion/pipelined_mult.def'…
