if {[file exists ~/openlane2/my_script/script_matt.tcl]} {
    source ~/openlane2/my_script/script_matt.tcl
}
Reading OpenROAD database at '/home/hien/openlane2/designs/fn_pj/pipeline-mult/runs/TOP/48-odb-reportdisconnectedpins/pipelined_mult.odb'…
Reading library file at '/home/hien/.volare/volare/sky130/versions/0fe599b2afb6708d281543108caf8310912f54af/sky130A/libs.ref/sky130_fd_sc_hd/lib/sky130_fd_sc_hd__tt_025C_1v80.lib'…
Reading library file at '/home/hien/openlane2/designs/fn_pj/pipeline-mult/macro/lib/max_ss_100C_1v60/mult_16x16__max_ss_100C_1v60.lib'…
Reading library file at '/home/hien/openlane2/designs/fn_pj/pipeline-mult/macro/lib/max_ss_100C_1v60/add3x64__max_ss_100C_1v60.lib'…
Reading macro library file at '/home/hien/openlane2/designs/fn_pj/pipeline-mult/macro/lib/max_ss_100C_1v60/mult_16x16__max_ss_100C_1v60.lib'…
[WARNING STA-1140] /home/hien/openlane2/designs/fn_pj/pipeline-mult/macro/lib/max_ss_100C_1v60/mult_16x16__max_ss_100C_1v60.lib line 1, library mult_16x16 already exists.
Reading macro library file at '/home/hien/openlane2/designs/fn_pj/pipeline-mult/macro/lib/max_ss_100C_1v60/add3x64__max_ss_100C_1v60.lib'…
[WARNING STA-1140] /home/hien/openlane2/designs/fn_pj/pipeline-mult/macro/lib/max_ss_100C_1v60/add3x64__max_ss_100C_1v60.lib line 1, library add3x64 already exists.
Reading design constraints file at '/home/hien/openlane2/designs/fn_pj/pipeline-mult/src/pnr.sdc'…
[INFO] No information on clock propagation in input SDC file-- propagating all clocks.
sky130_ef_sc_hd__decap_12 sky130_fd_sc_hd__decap_8 sky130_fd_sc_hd__decap_6 sky130_fd_sc_hd__decap_4 sky130_fd_sc_hd__decap_3 sky130_fd_sc_hd__fill*
[INFO DPL-0001] Placed 16419 filler instances.
Setting global connections for newly added cells…
[INFO] Setting global connections...
Updating metrics…
Cell type report:                       Count       Area
  Macro                                     5  242500.00
  Fill cell                             17919  182160.96
  Tap cell                               2865    3584.69
  Antenna cell                           1387    3470.83
  Clock buffer                             23     564.29
  Timing Repair Buffer                    279    2282.19
  Inverter                                  6      48.80
  Clock inverter                           15     185.18
  Sequential cell                         194    3889.98
  Multi-Input combinational cell          531    3234.35
  Total                                 23224  441921.26
Writing OpenROAD database to '/home/hien/openlane2/designs/fn_pj/pipeline-mult/runs/TOP/52-openroad-fillinsertion/pipelined_mult.odb'…
Writing netlist to '/home/hien/openlane2/designs/fn_pj/pipeline-mult/runs/TOP/52-openroad-fillinsertion/pipelined_mult.nl.v'…
Writing powered netlist to '/home/hien/openlane2/designs/fn_pj/pipeline-mult/runs/TOP/52-openroad-fillinsertion/pipelined_mult.pnl.v'…
Writing layout to '/home/hien/openlane2/designs/fn_pj/pipeline-mult/runs/TOP/52-openroad-fillinsertion/pipelined_mult.def'…
Writing timing constraints to '/home/hien/openlane2/designs/fn_pj/pipeline-mult/runs/TOP/52-openroad-fillinsertion/pipelined_mult.sdc'…
