Clock: clk
Sources: clk 
Generated: no
Virtual: yes
Propagated: no
Period: 10.000000

===========================================================================
report_clock_properties
============================================================================
Clock                   Period          Waveform
----------------------------------------------------
clk                  10.000000    0.000000  5.000000

===========================================================================
report_clock_latency
============================================================================
Clock clk
rise -> rise
    min     max
0.000000 0.000000 source latency
0.001579         network latency _1993_/CLK
        0.014536 network latency _1985_/CLK
---------------
0.001579 0.014536 latency
        0.012957 skew

fall -> fall
    min     max
0.000000 0.000000 source latency
0.001493         network latency _1993_/CLK
        0.013716 network latency _1985_/CLK
---------------
0.001493 0.013716 latency
        0.012224 skew



===========================================================================
report_clock_min_period
============================================================================
clk period_min = 0.00 fmax = inf
