Clock: clk
Sources: clk 
Generated: no
Virtual: no
Propagated: no
Period: 10.000000

===========================================================================
report_clock_properties
============================================================================
Clock                   Period          Waveform
----------------------------------------------------
clk                  10.000000    0.000000  5.000000

===========================================================================
report_clock_latency
============================================================================
Clock clk
rise -> rise
    min     max
0.000000 0.000000 source latency
2.325803         network latency _20360_/CLK
        2.325803 network latency _20360_/CLK
---------------
2.325803 2.325803 latency
        0.000000 skew

fall -> fall
    min     max
0.000000 0.000000 source latency
1.124763         network latency _20360_/CLK
        1.124763 network latency _20360_/CLK
---------------
1.124763 1.124763 latency
        0.000000 skew



===========================================================================
report_clock_min_period
============================================================================
clk period_min = 13.42 fmax = 74.54
