[INFO GRT-0043] No OR_DEFAULT vias defined.
Net: _0159_
  Pin:   _1138_/D (sky130_fd_sc_hd__dfxtp_1)
    Layer: mcon
      Partial area ratio:    0.23
      Required ratio:    3.00 (Gate area) 
      Cumulative area ratio:    0.23
      Required ratio:    0.00 (Cumulative area) 

    Layer: met1
      Partial area ratio:   88.88
      Required ratio:    0.00 (Gate area) 
      Cumulative area ratio:   88.88
      Required ratio:    0.00 (Cumulative area) 
      Partial area ratio:  442.92
      Required ratio:  400.00 (Side area) (VIOLATED)
      Cumulative area ratio:  442.92
      Required ratio:    0.00 (Cumulative side area) 

    Layer: via
      Partial area ratio:    0.36
      Required ratio:    6.00 (Gate area) 
      Cumulative area ratio:    0.59
      Required ratio:    0.00 (Cumulative area) 

    Layer: met2
      Partial area ratio:    9.95
      Required ratio:    0.00 (Gate area) 
      Cumulative area ratio:   98.83
      Required ratio:    0.00 (Cumulative area) 
      Partial area ratio:   48.67
      Required ratio: 2774.20 (Side area) 
      Cumulative area ratio:  491.58
      Required ratio:    0.00 (Cumulative side area) 



Net: p_hh_pipe\[2\]
  Pin:   hold85/A (sky130_fd_sc_hd__dlygate4sd3_1)
    Layer: mcon
      Partial area ratio:    0.23
      Required ratio:    3.00 (Gate area) 
      Cumulative area ratio:    0.23
      Required ratio:    0.00 (Cumulative area) 

    Layer: met1
      Partial area ratio:  136.78
      Required ratio:    0.00 (Gate area) 
      Cumulative area ratio:  136.78
      Required ratio:    0.00 (Cumulative area) 
      Partial area ratio:  681.56
      Required ratio:  400.00 (Side area) (VIOLATED)
      Cumulative area ratio:  681.56
      Required ratio:    0.00 (Cumulative side area) 

    Layer: via
      Partial area ratio:    0.54
      Required ratio:    6.00 (Gate area) 
      Cumulative area ratio:    0.77
      Required ratio:    0.00 (Cumulative area) 

    Layer: met2
      Partial area ratio:    9.47
      Required ratio:    0.00 (Gate area) 
      Cumulative area ratio:  146.25
      Required ratio:    0.00 (Cumulative area) 
      Partial area ratio:   46.86
      Required ratio: 3125.96 (Side area) 
      Cumulative area ratio:  728.42
      Required ratio:    0.00 (Cumulative side area) 


  Pin:   ANTENNA__1143__Q/DIODE (sky130_fd_sc_hd__diode_2)
    Layer: mcon
      Partial area ratio:    0.07
      Required ratio:   10.82 (Gate area) 
      Cumulative area ratio:    0.07
      Required ratio:    0.00 (Cumulative area) 

    Layer: met1
      Partial area ratio:    1.92
      Required ratio:    0.00 (Gate area) 
      Cumulative area ratio:    1.92
      Required ratio:    0.00 (Cumulative area) 
      Partial area ratio:    9.17
      Required ratio: 2773.88 (Side area) 
      Cumulative area ratio:    9.17
      Required ratio:    0.00 (Cumulative side area) 

    Layer: via
      Partial area ratio:    0.10
      Required ratio:   21.65 (Gate area) 
      Cumulative area ratio:    0.17
      Required ratio:    0.00 (Cumulative area) 

    Layer: met2
      Partial area ratio:    9.47
      Required ratio:    0.00 (Gate area) 
      Cumulative area ratio:   11.39
      Required ratio:    0.00 (Cumulative area) 
      Partial area ratio:   46.86
      Required ratio: 3125.96 (Side area) 
      Cumulative area ratio:   56.03
      Required ratio:    0.00 (Cumulative side area) 


  Pin:   ANTENNA_hold85_A/DIODE (sky130_fd_sc_hd__diode_2)
    Layer: mcon
      Partial area ratio:    0.07
      Required ratio:   10.82 (Gate area) 
      Cumulative area ratio:    0.07
      Required ratio:    0.00 (Cumulative area) 

    Layer: met1
      Partial area ratio:    0.85
      Required ratio:    0.00 (Gate area) 
      Cumulative area ratio:    0.85
      Required ratio:    0.00 (Cumulative area) 
      Partial area ratio:    3.82
      Required ratio: 2773.88 (Side area) 
      Cumulative area ratio:    3.82
      Required ratio:    0.00 (Cumulative side area) 

    Layer: via
      Partial area ratio:    0.10
      Required ratio:   21.65 (Gate area) 
      Cumulative area ratio:    0.17
      Required ratio:    0.00 (Cumulative area) 

    Layer: met2
      Partial area ratio:    9.47
      Required ratio:    0.00 (Gate area) 
      Cumulative area ratio:   10.32
      Required ratio:    0.00 (Cumulative area) 
      Partial area ratio:   46.86
      Required ratio: 3125.96 (Side area) 
      Cumulative area ratio:   50.69
      Required ratio:    0.00 (Cumulative side area) 



Net: p_hh_pipe\[3\]
  Pin:   hold86/A (sky130_fd_sc_hd__dlygate4sd3_1)
    Layer: mcon
      Partial area ratio:    0.23
      Required ratio:    3.00 (Gate area) 
      Cumulative area ratio:    0.23
      Required ratio:    0.00 (Cumulative area) 

    Layer: met1
      Partial area ratio:  132.67
      Required ratio:    0.00 (Gate area) 
      Cumulative area ratio:  132.67
      Required ratio:    0.00 (Cumulative area) 
      Partial area ratio:  660.94
      Required ratio:  400.00 (Side area) (VIOLATED)
      Cumulative area ratio:  660.94
      Required ratio:    0.00 (Cumulative side area) 

    Layer: via
      Partial area ratio:    0.54
      Required ratio:    6.00 (Gate area) 
      Cumulative area ratio:    0.77
      Required ratio:    0.00 (Cumulative area) 

    Layer: met2
      Partial area ratio:    9.45
      Required ratio:    0.00 (Gate area) 
      Cumulative area ratio:  142.13
      Required ratio:    0.00 (Cumulative area) 
      Partial area ratio:   46.60
      Required ratio: 3125.96 (Side area) 
      Cumulative area ratio:  707.54
      Required ratio:    0.00 (Cumulative side area) 


  Pin:   ANTENNA__1144__Q/DIODE (sky130_fd_sc_hd__diode_2)
    Layer: mcon
      Partial area ratio:    0.07
      Required ratio:   10.82 (Gate area) 
      Cumulative area ratio:    0.07
      Required ratio:    0.00 (Cumulative area) 

    Layer: met1
      Partial area ratio:    1.62
      Required ratio:    0.00 (Gate area) 
      Cumulative area ratio:    1.62
      Required ratio:    0.00 (Cumulative area) 
      Partial area ratio:    7.66
      Required ratio: 2773.88 (Side area) 
      Cumulative area ratio:    7.66
      Required ratio:    0.00 (Cumulative side area) 

    Layer: via
      Partial area ratio:    0.10
      Required ratio:   21.65 (Gate area) 
      Cumulative area ratio:    0.17
      Required ratio:    0.00 (Cumulative area) 

    Layer: met2
      Partial area ratio:    9.45
      Required ratio:    0.00 (Gate area) 
      Cumulative area ratio:   11.07
      Required ratio:    0.00 (Cumulative area) 
      Partial area ratio:   46.60
      Required ratio: 3125.96 (Side area) 
      Cumulative area ratio:   54.25
      Required ratio:    0.00 (Cumulative side area) 


  Pin:   ANTENNA_hold86_A/DIODE (sky130_fd_sc_hd__diode_2)
    Layer: mcon
      Partial area ratio:    0.07
      Required ratio:   10.82 (Gate area) 
      Cumulative area ratio:    0.07
      Required ratio:    0.00 (Cumulative area) 

    Layer: met1
      Partial area ratio:    0.85
      Required ratio:    0.00 (Gate area) 
      Cumulative area ratio:    0.85
      Required ratio:    0.00 (Cumulative area) 
      Partial area ratio:    3.82
      Required ratio: 2773.88 (Side area) 
      Cumulative area ratio:    3.82
      Required ratio:    0.00 (Cumulative side area) 

    Layer: via
      Partial area ratio:    0.10
      Required ratio:   21.65 (Gate area) 
      Cumulative area ratio:    0.17
      Required ratio:    0.00 (Cumulative area) 

    Layer: met2
      Partial area ratio:    9.45
      Required ratio:    0.00 (Gate area) 
      Cumulative area ratio:   10.30
      Required ratio:    0.00 (Cumulative area) 
      Partial area ratio:   46.60
      Required ratio: 3125.96 (Side area) 
      Cumulative area ratio:   50.42
      Required ratio:    0.00 (Cumulative side area) 



[INFO ANT-0002] Found 3 net violations.
[INFO ANT-0001] Found 3 pin violations.
