Clock: clk
Sources: clk 
Generated: no
Virtual: yes
Propagated: no
Period: 10.000000

===========================================================================
report_clock_properties
============================================================================
Clock                   Period          Waveform
----------------------------------------------------
clk                  10.000000    0.000000  5.000000

===========================================================================
report_clock_latency
============================================================================
Clock clk
rise -> rise
    min     max
0.000000 0.000000 source latency
1.192931         network latency _20650_/CLK
        1.583726 network latency _20484_/CLK
---------------
1.192931 1.583726 latency
        0.390795 skew

fall -> fall
    min     max
0.000000 0.000000 source latency
1.013138         network latency _20650_/CLK
        1.374219 network latency _20484_/CLK
---------------
1.013138 1.374219 latency
        0.361081 skew



===========================================================================
report_clock_min_period
============================================================================
clk period_min = 10.16 fmax = 98.46
