
===========================================================================
report_checks -unconstrained
===========================================================================
======================= min_ff_n40C_1v95 Corner ===================================

Startpoint: _20784_ (rising edge-triggered flip-flop clocked by clk)
Endpoint: _20757_ (rising edge-triggered flip-flop clocked by clk)
Path Group: clk
Path Type: max

Fanout         Cap        Slew       Delay        Time   Description
---------------------------------------------------------------------------------------------
                                  0.000000    0.000000   clock clk (rise edge)
                                  0.000000    0.000000   clock source latency
     2    0.048208    0.104052    0.073174    0.073174 ^ clk (in)
                                                         clk (net)
                      0.104070    0.000000    0.073174 ^ clkbuf_0_clk/A (sky130_fd_sc_hd__clkbuf_16)
     8    0.205730    0.167769    0.202810    0.275984 ^ clkbuf_0_clk/X (sky130_fd_sc_hd__clkbuf_16)
                                                         clknet_0_clk (net)
                      0.168119    0.006219    0.282202 ^ clkbuf_3_3__f_clk/A (sky130_fd_sc_hd__clkbuf_16)
    12    0.097757    0.088145    0.159508    0.441710 ^ clkbuf_3_3__f_clk/X (sky130_fd_sc_hd__clkbuf_16)
                                                         clknet_3_3__leaf_clk (net)
                      0.088277    0.002218    0.443928 ^ clkbuf_leaf_30_clk/A (sky130_fd_sc_hd__clkbuf_8)
    18    0.048857    0.072283    0.130207    0.574135 ^ clkbuf_leaf_30_clk/X (sky130_fd_sc_hd__clkbuf_8)
                                                         clknet_leaf_30_clk (net)
                      0.072286    0.000535    0.574671 ^ _20784_/CLK (sky130_fd_sc_hd__dfxtp_4)
     5    0.025853    0.063546    0.249294    0.823965 ^ _20784_/Q (sky130_fd_sc_hd__dfxtp_4)
                                                         a_l[6] (net)
                      0.063547    0.000408    0.824372 ^ max_cap602/A (sky130_fd_sc_hd__buf_12)
    11    0.080577    0.076786    0.105655    0.930028 ^ max_cap602/X (sky130_fd_sc_hd__buf_12)
                                                         net602 (net)
                      0.077342    0.005220    0.935247 ^ wire601/A (sky130_fd_sc_hd__buf_12)
    16    0.110968    0.101583    0.126437    1.061684 ^ wire601/X (sky130_fd_sc_hd__buf_12)
                                                         net601 (net)
                      0.102680    0.008418    1.070103 ^ max_cap599/A (sky130_fd_sc_hd__buf_12)
    11    0.078950    0.075356    0.113630    1.183732 ^ max_cap599/X (sky130_fd_sc_hd__buf_12)
                                                         net599 (net)
                      0.075356    0.000333    1.184065 ^ max_cap598/A (sky130_fd_sc_hd__buf_12)
    16    0.111159    0.101689    0.126058    1.310123 ^ max_cap598/X (sky130_fd_sc_hd__buf_12)
                                                         net598 (net)
                      0.103069    0.009413    1.319536 ^ max_cap597/A (sky130_fd_sc_hd__buf_12)
     8    0.063257    0.062686    0.103224    1.422760 ^ max_cap597/X (sky130_fd_sc_hd__buf_12)
                                                         net597 (net)
                      0.062976    0.003362    1.426121 ^ _15883_/A (sky130_fd_sc_hd__nand2_8)
     5    0.093991    0.098579    0.085022    1.511143 v _15883_/Y (sky130_fd_sc_hd__nand2_8)
                                                         _06761_ (net)
                      0.098591    0.000880    1.512024 v _19197_/A2 (sky130_fd_sc_hd__o21ai_2)
     2    0.013628    0.137334    0.150469    1.662493 ^ _19197_/Y (sky130_fd_sc_hd__o21ai_2)
                                                         _10093_ (net)
                      0.137334    0.000170    1.662663 ^ max_cap413/A (sky130_fd_sc_hd__clkbuf_2)
     1    0.011337    0.054369    0.106225    1.768887 ^ max_cap413/X (sky130_fd_sc_hd__clkbuf_2)
                                                         net413 (net)
                      0.054369    0.000215    1.769102 ^ _19340_/C1 (sky130_fd_sc_hd__o211ai_4)
     4    0.023966    0.070640    0.052422    1.821524 v _19340_/Y (sky130_fd_sc_hd__o211ai_4)
                                                         _00518_ (net)
                      0.070648    0.000720    1.822243 v _19341_/A2 (sky130_fd_sc_hd__o21ai_2)
     2    0.010526    0.114943    0.123182    1.945425 ^ _19341_/Y (sky130_fd_sc_hd__o21ai_2)
                                                         _00519_ (net)
                      0.114943    0.000151    1.945576 ^ _19343_/A (sky130_fd_sc_hd__nand2_1)
     1    0.009239    0.070098    0.062948    2.008524 v _19343_/Y (sky130_fd_sc_hd__nand2_1)
                                                         _00521_ (net)
                      0.070098    0.000107    2.008631 v _19346_/C (sky130_fd_sc_hd__nand3_4)
     6    0.028947    0.093642    0.105788    2.114419 ^ _19346_/Y (sky130_fd_sc_hd__nand3_4)
                                                         _00524_ (net)
                      0.093643    0.000616    2.115035 ^ _19350_/A1 (sky130_fd_sc_hd__a21o_1)
     4    0.015267    0.104314    0.128146    2.243181 ^ _19350_/X (sky130_fd_sc_hd__a21o_1)
                                                         _00528_ (net)
                      0.104314    0.000157    2.243337 ^ _19499_/B1 (sky130_fd_sc_hd__a22oi_1)
     1    0.004975    0.052492    0.051599    2.294936 v _19499_/Y (sky130_fd_sc_hd__a22oi_1)
                                                         _00689_ (net)
                      0.052492    0.000047    2.294983 v _19503_/B1 (sky130_fd_sc_hd__o2bb2ai_2)
     3    0.021399    0.198799    0.191084    2.486068 ^ _19503_/Y (sky130_fd_sc_hd__o2bb2ai_2)
                                                         _00693_ (net)
                      0.198803    0.000731    2.486798 ^ _19507_/A (sky130_fd_sc_hd__nand2_2)
     2    0.012559    0.069071    0.057636    2.544434 v _19507_/Y (sky130_fd_sc_hd__nand2_2)
                                                         _00697_ (net)
                      0.069072    0.000146    2.544580 v _19510_/A1 (sky130_fd_sc_hd__o211ai_4)
     3    0.022891    0.182706    0.192697    2.737277 ^ _19510_/Y (sky130_fd_sc_hd__o211ai_4)
                                                         _00701_ (net)
                      0.182707    0.000336    2.737613 ^ rebuffer189/A (sky130_fd_sc_hd__clkbuf_1)
     1    0.005920    0.058986    0.078767    2.816380 ^ rebuffer189/X (sky130_fd_sc_hd__clkbuf_1)
                                                         net984 (net)
                      0.058986    0.000073    2.816453 ^ _19648_/B1 (sky130_fd_sc_hd__o21ai_2)
     3    0.011503    0.044830    0.038988    2.855442 v _19648_/Y (sky130_fd_sc_hd__o21ai_2)
                                                         _00850_ (net)
                      0.044830    0.000138    2.855580 v _19649_/B (sky130_fd_sc_hd__nand2_1)
     1    0.003257    0.040401    0.050643    2.906222 ^ _19649_/Y (sky130_fd_sc_hd__nand2_1)
                                                         _00851_ (net)
                      0.040401    0.000034    2.906256 ^ _19651_/B (sky130_fd_sc_hd__nand2_1)
     3    0.012480    0.057285    0.061266    2.967522 v _19651_/Y (sky130_fd_sc_hd__nand2_1)
                                                         _00853_ (net)
                      0.057300    0.000130    2.967652 v _19653_/A (sky130_fd_sc_hd__nand2_1)
     2    0.008860    0.074920    0.076272    3.043924 ^ _19653_/Y (sky130_fd_sc_hd__nand2_1)
                                                         _00855_ (net)
                      0.074920    0.000103    3.044027 ^ _19762_/B (sky130_fd_sc_hd__nor2_2)
     1    0.011394    0.032732    0.035448    3.079475 v _19762_/Y (sky130_fd_sc_hd__nor2_2)
                                                         _00972_ (net)
                      0.032732    0.000155    3.079630 v _19766_/A2 (sky130_fd_sc_hd__a21oi_4)
     4    0.035231    0.207299    0.196382    3.276012 ^ _19766_/Y (sky130_fd_sc_hd__a21oi_4)
                                                         _00976_ (net)
                      0.207324    0.001795    3.277807 ^ _20114_/B (sky130_fd_sc_hd__nand3_4)
     5    0.032609    0.099203    0.095844    3.373651 v _20114_/Y (sky130_fd_sc_hd__nand3_4)
                                                         _01350_ (net)
                      0.099249    0.001684    3.375335 v _20212_/A1 (sky130_fd_sc_hd__a21oi_4)
     2    0.007202    0.080831    0.109410    3.484746 ^ _20212_/Y (sky130_fd_sc_hd__a21oi_4)
                                                         _01455_ (net)
                      0.080831    0.000054    3.484800 ^ max_cap130/A (sky130_fd_sc_hd__clkbuf_2)
     3    0.011582    0.054402    0.096489    3.581289 ^ max_cap130/X (sky130_fd_sc_hd__clkbuf_2)
                                                         net130 (net)
                      0.054402    0.000153    3.581441 ^ _20247_/B2 (sky130_fd_sc_hd__o22ai_1)
     1    0.003363    0.044770    0.030750    3.612191 v _20247_/Y (sky130_fd_sc_hd__o22ai_1)
                                                         _01492_ (net)
                      0.044770    0.000040    3.612231 v _20249_/A1 (sky130_fd_sc_hd__o211a_1)
     1    0.002748    0.027823    0.140596    3.752827 v _20249_/X (sky130_fd_sc_hd__o211a_1)
                                                         _00397_ (net)
                      0.027823    0.000019    3.752846 v _20757_/D (sky130_fd_sc_hd__dfxtp_1)
                                              3.752846   data arrival time

                                 10.000000   10.000000   clock clk (rise edge)
                                  0.000000   10.000000   clock source latency
     2    0.048208    0.104052    0.073173   10.073174 ^ clk (in)
                                                         clk (net)
                      0.104070    0.000000   10.073174 ^ clkbuf_0_clk/A (sky130_fd_sc_hd__clkbuf_16)
     8    0.205730    0.167769    0.202810   10.275984 ^ clkbuf_0_clk/X (sky130_fd_sc_hd__clkbuf_16)
                                                         clknet_0_clk (net)
                      0.168062    0.005706   10.281690 ^ clkbuf_3_4__f_clk/A (sky130_fd_sc_hd__clkbuf_16)
     9    0.105482    0.093734    0.163781   10.445471 ^ clkbuf_3_4__f_clk/X (sky130_fd_sc_hd__clkbuf_16)
                                                         clknet_3_4__leaf_clk (net)
                      0.093799    0.000967   10.446438 ^ clkbuf_leaf_58_clk/A (sky130_fd_sc_hd__clkbuf_8)
     3    0.018975    0.037105    0.104248   10.550686 ^ clkbuf_leaf_58_clk/X (sky130_fd_sc_hd__clkbuf_8)
                                                         clknet_leaf_58_clk (net)
                      0.037105    0.000107   10.550793 ^ _20757_/CLK (sky130_fd_sc_hd__dfxtp_1)
                                 -0.200000   10.350793   clock uncertainty
                                  0.000000   10.350793   clock reconvergence pessimism
                                 -0.068021   10.282772   library setup time
                                             10.282772   data required time
---------------------------------------------------------------------------------------------
                                             10.282772   data required time
                                             -3.752846   data arrival time
---------------------------------------------------------------------------------------------
                                              6.529927   slack (MET)




===========================================================================
report_checks --slack_max -0.01
============================================================================
======================= min_ff_n40C_1v95 Corner ===================================

No paths found.


===========================================================================
 report_check_types -max_slew -max_cap -max_fanout -violators
============================================================================
======================= min_ff_n40C_1v95 Corner ===================================



===========================================================================
report_parasitic_annotation -report_unannotated
============================================================================
Found 60 unannotated drivers.
 clkload0/Y
 clkload1/Y
 clkload10/Y
 clkload11/Y
 clkload12/Y
 clkload13/Y
 clkload14/Y
 clkload15/Y
 clkload16/X
 clkload17/Y
 clkload18/Y
 clkload19/Y
 clkload2/Y
 clkload20/Y
 clkload21/Y
 clkload22/Y
 clkload23/Y
 clkload24/Y
 clkload25/Y
 clkload26/X
 clkload27/Y
 clkload28/Y
 clkload29/Y
 clkload3/Y
 clkload30/Y
 clkload31/Y
 clkload32/Y
 clkload33/Y
 clkload34/Y
 clkload35/Y
 clkload36/Y
 clkload37/Y
 clkload38/X
 clkload39/X
 clkload4/Y
 clkload40/Y
 clkload41/Y
 clkload42/Y
 clkload43/Y
 clkload44/Y
 clkload45/Y
 clkload46/Y
 clkload47/Y
 clkload48/Y
 clkload49/Y
 clkload5/Y
 clkload50/Y
 clkload51/Y
 clkload52/Y
 clkload53/Y
 clkload54/Y
 clkload55/Y
 clkload56/Y
 clkload57/Y
 clkload58/Y
 clkload59/Y
 clkload6/Y
 clkload7/Y
 clkload8/Y
 clkload9/X
Found 0 partially unannotated drivers.

===========================================================================
max slew violation count 0
max fanout violation count 0
max cap violation count 0
============================================================================

===========================================================================
check_setup -verbose -unconstrained_endpoints -multiple_clock -no_clock -no_input_delay -loops -generated_clocks
===========================================================================
