Clock: clk
Sources: clk 
Generated: no
Virtual: yes
Propagated: no
Period: 10.000000

===========================================================================
report_clock_properties
============================================================================
Clock                   Period          Waveform
----------------------------------------------------
clk                  10.000000    0.000000  5.000000

===========================================================================
report_clock_latency
============================================================================
Clock clk
rise -> rise
    min     max
0.000000 0.000000 source latency
0.441910         network latency _20800_/CLK
        0.586608 network latency _20646_/CLK
---------------
0.441910 0.586608 latency
        0.144698 skew

fall -> fall
    min     max
0.000000 0.000000 source latency
0.383019         network latency _20800_/CLK
        0.518761 network latency _20646_/CLK
---------------
0.383019 0.518761 latency
        0.135742 skew



===========================================================================
report_clock_min_period
============================================================================
clk period_min = 3.47 fmax = 288.18
