if {[file exists ~/openlane2/my_script/script_matt.tcl]} {
    source ~/openlane2/my_script/script_matt.tcl
}
Reading OpenROAD database at '/home/hien/openlane2/designs/fn_pj/pipeline-mult/runs/MULT/41-odb-heuristicdiodeinsertion/1-odb-fuzzydiodeplacement/mult_16x16.odb'…
Reading library file at '/home/hien/.volare/volare/sky130/versions/0fe599b2afb6708d281543108caf8310912f54af/sky130A/libs.ref/sky130_fd_sc_hd/lib/sky130_fd_sc_hd__tt_025C_1v80.lib'…
Reading design constraints file at '/home/hien/openlane2/designs/fn_pj/pipeline-mult/mult_16x16.sdc'…
Placement Analysis
---------------------------------
total displacement       4574.9 u
average displacement        1.0 u
max displacement           24.7 u
original HPWL           66630.2 u
legalized HPWL          69564.1 u
delta HPWL                    4 %

[INFO DPL-0020] Mirrored 1630 instances
[INFO DPL-0021] HPWL before           69564.1 u
[INFO DPL-0022] HPWL after            67371.3 u
[INFO DPL-0023] HPWL delta               -3.2 %
Setting global connections for newly added cells…
[INFO] Setting global connections...
Updating metrics…
Cell type report:                       Count       Area
  Fill cell                               148     555.53
  Tap cell                                608     760.73
  Antenna cell                           1121    2805.19
  Clock buffer                              9     225.22
  Timing Repair Buffer                    295    1990.66
  Inverter                                 61     269.01
  Clock inverter                            7      71.32
  Sequential cell                          64    1293.74
  Multi-Input combinational cell         2431   21755.87
  Total                                  4744   29727.26
Writing OpenROAD database to '/home/hien/openlane2/designs/fn_pj/pipeline-mult/runs/MULT/41-odb-heuristicdiodeinsertion/2-openroad-detailedplacement/mult_16x16.odb'…
Writing netlist to '/home/hien/openlane2/designs/fn_pj/pipeline-mult/runs/MULT/41-odb-heuristicdiodeinsertion/2-openroad-detailedplacement/mult_16x16.nl.v'…
Writing powered netlist to '/home/hien/openlane2/designs/fn_pj/pipeline-mult/runs/MULT/41-odb-heuristicdiodeinsertion/2-openroad-detailedplacement/mult_16x16.pnl.v'…
Writing layout to '/home/hien/openlane2/designs/fn_pj/pipeline-mult/runs/MULT/41-odb-heuristicdiodeinsertion/2-openroad-detailedplacement/mult_16x16.def'…
Writing timing constraints to '/home/hien/openlane2/designs/fn_pj/pipeline-mult/runs/MULT/41-odb-heuristicdiodeinsertion/2-openroad-detailedplacement/mult_16x16.sdc'…
