if {[file exists ~/openlane2/my_script/script_matt.tcl]} {
    source ~/openlane2/my_script/script_matt.tcl
}
Reading OpenROAD database at '/home/hien/openlane2/designs/fn_pj/pipeline-mult/runs/MULT/24-openroad-ioplacement/mult_16x16.odb'…
Reading library file at '/home/hien/.volare/volare/sky130/versions/0fe599b2afb6708d281543108caf8310912f54af/sky130A/libs.ref/sky130_fd_sc_hd/lib/sky130_fd_sc_hd__tt_025C_1v80.lib'…
Reading design constraints file at '/home/hien/openlane2/designs/fn_pj/pipeline-mult/mult_16x16.sdc'…
[INFO] Setting RC values…
[INFO] Setting signal min routing layer to: met1 and clock min routing layer to met1. 
[INFO] Setting signal max routing layer to: met5 and clock max routing layer to met5. 
+ global_placement -density 0.699593 -timing_driven -routability_driven -pad_right 0 -pad_left 0 -init_wirelength_coef 0.25
[INFO GPL-0002] DBU: 1000
[INFO GPL-0003] SiteSize: (  0.460  2.720 ) um
[INFO GPL-0004] CoreBBox: (  5.520 10.880 ) ( 219.420 212.160 ) um
[INFO GPL-0006] NumInstances:              3312
[INFO GPL-0007] NumPlaceInstances:         2556
[INFO GPL-0008] NumFixedInstances:          756
[INFO GPL-0009] NumDummyInstances:            0
[INFO GPL-0010] NumNets:                   2590
[INFO GPL-0011] NumPins:                  10497
[INFO GPL-0012] DieBBox:  (  0.000  0.000 ) ( 225.000 225.000 ) um
[INFO GPL-0013] CoreBBox: (  5.520 10.880 ) ( 219.420 212.160 ) um
[INFO GPL-0016] CoreArea:             43053.792 um^2
[INFO GPL-0017] NonPlaceInstsArea:     1316.262 um^2
[INFO GPL-0018] PlaceInstsArea:       25054.029 um^2
[INFO GPL-0019] Util:                    60.028 %
[INFO GPL-0020] StdInstsArea:         25054.029 um^2
[INFO GPL-0021] MacroInstsArea:           0.000 um^2
[InitialPlace]  Iter: 1 CG residual: 0.00000011 HPWL: 62570783
[InitialPlace]  Iter: 2 CG residual: 0.00004838 HPWL: 30050539
[InitialPlace]  Iter: 3 CG residual: 0.00000025 HPWL: 29922157
[InitialPlace]  Iter: 4 CG residual: 0.00000009 HPWL: 30002101
[InitialPlace]  Iter: 5 CG residual: 0.00000009 HPWL: 29921466
[INFO GPL-0031] FillerInit:NumGCells:      2988
[INFO GPL-0032] FillerInit:NumGNets:       2590
[INFO GPL-0033] FillerInit:NumGPins:      10497
[INFO GPL-0023] TargetDensity:            0.700
[INFO GPL-0024] AvrgPlaceInstArea:        9.802 um^2
[INFO GPL-0025] IdealBinArea:            14.011 um^2
[INFO GPL-0026] IdealBinCnt:               3072
[INFO GPL-0027] TotalBinArea:         43053.792 um^2
[INFO GPL-0028] BinCnt:        32     32
[INFO GPL-0029] BinSize: (  6.685  6.290 )
[INFO GPL-0030] NumBins: 1024
[NesterovSolve] Iter:    1 overflow: 0.932 HPWL: 14129307
[NesterovSolve] Iter:   10 overflow: 0.871 HPWL: 16446818
[NesterovSolve] Iter:   20 overflow: 0.842 HPWL: 17901040
[NesterovSolve] Iter:   30 overflow: 0.834 HPWL: 18543073
[NesterovSolve] Iter:   40 overflow: 0.833 HPWL: 18621142
[NesterovSolve] Iter:   50 overflow: 0.833 HPWL: 18588583
[NesterovSolve] Iter:   60 overflow: 0.833 HPWL: 18551802
[NesterovSolve] Iter:   70 overflow: 0.834 HPWL: 18506324
[NesterovSolve] Iter:   80 overflow: 0.834 HPWL: 18488756
[NesterovSolve] Iter:   90 overflow: 0.833 HPWL: 18523662
[NesterovSolve] Iter:  100 overflow: 0.832 HPWL: 18601340
[NesterovSolve] Iter:  110 overflow: 0.831 HPWL: 18688080
[NesterovSolve] Iter:  120 overflow: 0.829 HPWL: 18776240
[NesterovSolve] Iter:  130 overflow: 0.828 HPWL: 18899619
[NesterovSolve] Iter:  140 overflow: 0.825 HPWL: 19110366
[NesterovSolve] Iter:  150 overflow: 0.821 HPWL: 19462242
[NesterovSolve] Iter:  160 overflow: 0.815 HPWL: 20001705
[NesterovSolve] Iter:  170 overflow: 0.805 HPWL: 20757552
[NesterovSolve] Iter:  180 overflow: 0.793 HPWL: 21740794
[INFO GPL-0100] Timing-driven: executing resizer for reweighting nets.
[INFO GPL-0101] Timing-driven: worst slack 4.92e-09
[INFO GPL-0103] Timing-driven: weighted 258 nets.
[NesterovSolve] Iter:  190 overflow: 0.776 HPWL: 22908955
[NesterovSolve] Iter:  200 overflow: 0.756 HPWL: 24329275
[NesterovSolve] Iter:  210 overflow: 0.729 HPWL: 25971279
[NesterovSolve] Iter:  220 overflow: 0.696 HPWL: 27820564
[NesterovSolve] Iter:  230 overflow: 0.661 HPWL: 29659055
[INFO GPL-0100] Timing-driven: executing resizer for reweighting nets.
[INFO GPL-0101] Timing-driven: worst slack 4.96e-09
[INFO GPL-0103] Timing-driven: weighted 257 nets.
[NesterovSolve] Iter:  240 overflow: 0.624 HPWL: 31364934
[NesterovSolve] Snapshot saved at iter = 246
[NesterovSolve] Iter:  250 overflow: 0.583 HPWL: 33043879
[NesterovSolve] Iter:  260 overflow: 0.533 HPWL: 34625521
[NesterovSolve] Iter:  270 overflow: 0.485 HPWL: 35910793
[INFO GPL-0100] Timing-driven: executing resizer for reweighting nets.
[INFO GPL-0101] Timing-driven: worst slack 4.97e-09
[INFO GPL-0103] Timing-driven: weighted 258 nets.
[NesterovSolve] Iter:  280 overflow: 0.437 HPWL: 37617043
[NesterovSolve] Iter:  290 overflow: 0.389 HPWL: 39161647
[NesterovSolve] Iter:  300 overflow: 0.352 HPWL: 40326959
[NesterovSolve] Iter:  310 overflow: 0.321 HPWL: 41397817
[INFO GPL-0075] Routability numCall: 1 inflationIterCnt: 1 bloatIterCnt: 0
[INFO GPL-0036] TileBBox: (    0    0 ) ( 6900 6900 ) DBU
[INFO GPL-0038] TileCnt:      32   32
[INFO GPL-0040] NumTiles: 1024
[INFO GPL-0081] TotalRouteOverflow: 0
[INFO GPL-0082] OverflowTileCnt: 0
[INFO GPL-0083] 0.5%RC: 0.9442006846268972
[INFO GPL-0084] 1.0%RC: 0.9119101383469321
[INFO GPL-0085] 2.0%RC: 0.8821118190175011
[INFO GPL-0086] 5.0%RC: 0.838680991759667
[INFO GPL-0087] FinalRC: 0.9280554
[INFO GPL-0077] FinalRC lower than targetRC(1.01), routability not needed.
[NesterovSolve] Iter:  320 overflow: 0.294 HPWL: 42077247
[INFO GPL-0100] Timing-driven: executing resizer for reweighting nets.
[INFO GPL-0101] Timing-driven: worst slack 4.75e-09
[INFO GPL-0103] Timing-driven: weighted 258 nets.
[NesterovSolve] Iter:  330 overflow: 0.272 HPWL: 42490702
[NesterovSolve] Iter:  340 overflow: 0.247 HPWL: 42941194
[NesterovSolve] Iter:  350 overflow: 0.226 HPWL: 43319693
[NesterovSolve] Iter:  360 overflow: 0.206 HPWL: 43741992
[INFO GPL-0100] Timing-driven: executing resizer for reweighting nets.
[INFO GPL-0101] Timing-driven: worst slack 4.88e-09
[INFO GPL-0103] Timing-driven: weighted 258 nets.
[NesterovSolve] Iter:  370 overflow: 0.183 HPWL: 44072987
[NesterovSolve] Iter:  380 overflow: 0.161 HPWL: 44238422
[INFO GPL-0100] Timing-driven: executing resizer for reweighting nets.
[INFO GPL-0101] Timing-driven: worst slack 4.91e-09
[INFO GPL-0103] Timing-driven: weighted 257 nets.
[NesterovSolve] Iter:  390 overflow: 0.142 HPWL: 44448272
[NesterovSolve] Iter:  400 overflow: 0.124 HPWL: 44699947
[NesterovSolve] Iter:  410 overflow: 0.102 HPWL: 44870166
[NesterovSolve] Finished with Overflow: 0.098833
[INFO] Setting RC values…
Setting global connections for newly added cells…
[INFO] Setting global connections...
Updating metrics…
Cell type report:                       Count       Area
  Fill cell                               148     555.53
  Tap cell                                608     760.73
  Inverter                                 61     228.97
  Sequential cell                          64    1361.31
  Multi-Input combinational cell         2431   23463.75
  Total                                  3312   26370.29
Writing OpenROAD database to '/home/hien/openlane2/designs/fn_pj/pipeline-mult/runs/MULT/27-openroad-globalplacement/mult_16x16.odb'…
Writing netlist to '/home/hien/openlane2/designs/fn_pj/pipeline-mult/runs/MULT/27-openroad-globalplacement/mult_16x16.nl.v'…
Writing powered netlist to '/home/hien/openlane2/designs/fn_pj/pipeline-mult/runs/MULT/27-openroad-globalplacement/mult_16x16.pnl.v'…
Writing layout to '/home/hien/openlane2/designs/fn_pj/pipeline-mult/runs/MULT/27-openroad-globalplacement/mult_16x16.def'…
Writing timing constraints to '/home/hien/openlane2/designs/fn_pj/pipeline-mult/runs/MULT/27-openroad-globalplacement/mult_16x16.sdc'…
