Clock: clk
Sources: clk 
Generated: no
Virtual: yes
Propagated: no
Period: 10.000000

===========================================================================
report_clock_properties
============================================================================
Clock                   Period          Waveform
----------------------------------------------------
clk                  10.000000    0.000000  5.000000

===========================================================================
report_clock_latency
============================================================================
Clock clk
rise -> rise
    min     max
0.000000 0.000000 source latency
0.661783         network latency _20689_/CLK
        0.894302 network latency _20394_/CLK
---------------
0.661783 0.894302 latency
        0.232520 skew

fall -> fall
    min     max
0.000000 0.000000 source latency
0.565052         network latency _20689_/CLK
        0.777268 network latency _20394_/CLK
---------------
0.565052 0.777268 latency
        0.212216 skew



===========================================================================
report_clock_min_period
============================================================================
clk period_min = 5.34 fmax = 187.35
