
===========================================================================
report_checks -unconstrained
===========================================================================
======================= nom_tt_025C_1v80 Corner ===================================

Startpoint: _20804_ (rising edge-triggered flip-flop clocked by clk)
Endpoint: _20728_ (rising edge-triggered flip-flop clocked by clk)
Path Group: clk
Path Type: max

Fanout         Cap        Slew       Delay        Time   Description
---------------------------------------------------------------------------------------------
                                  0.000000    0.000000   clock clk (rise edge)
                                  0.000000    0.000000   clock source latency
     2    0.035744    0.106319    0.077139    0.077139 ^ clk (in)
                                                         clk (net)
                      0.106358    0.000000    0.077139 ^ clkbuf_0_clk/A (sky130_fd_sc_hd__clkbuf_16)
     8    0.097811    0.114127    0.205659    0.282798 ^ clkbuf_0_clk/X (sky130_fd_sc_hd__clkbuf_16)
                                                         clknet_0_clk (net)
                      0.114308    0.003164    0.285962 ^ clkbuf_3_1_0_clk/A (sky130_fd_sc_hd__clkbuf_8)
     8    0.071049    0.131165    0.219094    0.505056 ^ clkbuf_3_1_0_clk/X (sky130_fd_sc_hd__clkbuf_8)
                                                         clknet_3_1_0_clk (net)
                      0.131191    0.001835    0.506891 ^ clkbuf_leaf_1_clk/A (sky130_fd_sc_hd__clkbuf_8)
     8    0.023274    0.056251    0.167690    0.674581 ^ clkbuf_leaf_1_clk/X (sky130_fd_sc_hd__clkbuf_8)
                                                         clknet_leaf_1_clk (net)
                      0.056258    0.000614    0.675195 ^ _20804_/CLK (sky130_fd_sc_hd__dfxtp_2)
     2    0.013248    0.044702    0.333472    1.008668 v _20804_/Q (sky130_fd_sc_hd__dfxtp_2)
                                                         b_h[10] (net)
                      0.044702    0.000453    1.009121 v max_cap498/A (sky130_fd_sc_hd__buf_12)
     5    0.047626    0.043032    0.139194    1.148315 v max_cap498/X (sky130_fd_sc_hd__buf_12)
                                                         net498 (net)
                      0.043099    0.001618    1.149933 v wire497/A (sky130_fd_sc_hd__buf_12)
     7    0.066260    0.048422    0.146518    1.296451 v wire497/X (sky130_fd_sc_hd__buf_12)
                                                         net497 (net)
                      0.049206    0.004749    1.301200 v max_cap496/A (sky130_fd_sc_hd__buf_12)
     7    0.040027    0.038099    0.138083    1.439283 v max_cap496/X (sky130_fd_sc_hd__buf_12)
                                                         net496 (net)
                      0.038207    0.001750    1.441033 v max_cap495/A (sky130_fd_sc_hd__buf_12)
     9    0.043651    0.041720    0.132715    1.573748 v max_cap495/X (sky130_fd_sc_hd__buf_12)
                                                         net495 (net)
                      0.043253    0.006262    1.580010 v _16152_/D (sky130_fd_sc_hd__and4_1)
     2    0.012474    0.077049    0.236357    1.816366 v _16152_/X (sky130_fd_sc_hd__and4_1)
                                                         _07028_ (net)
                      0.077049    0.000400    1.816766 v _16154_/A (sky130_fd_sc_hd__nor4_4)
     3    0.011012    0.264971    0.333380    2.150146 ^ _16154_/Y (sky130_fd_sc_hd__nor4_4)
                                                         _07030_ (net)
                      0.264971    0.000354    2.150501 ^ max_cap416/A (sky130_fd_sc_hd__clkbuf_1)
     2    0.005940    0.080156    0.147374    2.297874 ^ max_cap416/X (sky130_fd_sc_hd__clkbuf_1)
                                                         net416 (net)
                      0.080156    0.000119    2.297994 ^ max_cap415/A (sky130_fd_sc_hd__clkbuf_1)
     1    0.003658    0.053651    0.097394    2.395388 ^ max_cap415/X (sky130_fd_sc_hd__clkbuf_1)
                                                         net415 (net)
                      0.053651    0.000121    2.395509 ^ _16156_/C (sky130_fd_sc_hd__nor3_1)
     2    0.005055    0.051865    0.050317    2.445825 v _16156_/Y (sky130_fd_sc_hd__nor3_1)
                                                         _07032_ (net)
                      0.051865    0.000127    2.445953 v max_cap372/A (sky130_fd_sc_hd__clkbuf_2)
     3    0.010144    0.048476    0.124216    2.570169 v max_cap372/X (sky130_fd_sc_hd__clkbuf_2)
                                                         net372 (net)
                      0.048478    0.000370    2.570539 v max_cap370/A (sky130_fd_sc_hd__clkbuf_1)
     1    0.005059    0.038362    0.099629    2.670168 v max_cap370/X (sky130_fd_sc_hd__clkbuf_1)
                                                         net370 (net)
                      0.038362    0.000176    2.670344 v _16159_/B1 (sky130_fd_sc_hd__a211oi_2)
     2    0.008576    0.226826    0.246214    2.916559 ^ _16159_/Y (sky130_fd_sc_hd__a211oi_2)
                                                         _07035_ (net)
                      0.226826    0.000201    2.916760 ^ max_cap285/A (sky130_fd_sc_hd__buf_6)
     3    0.019012    0.051197    0.152268    3.069028 ^ max_cap285/X (sky130_fd_sc_hd__buf_6)
                                                         net285 (net)
                      0.051209    0.000768    3.069797 ^ _16161_/A (sky130_fd_sc_hd__nor2_4)
     3    0.012357    0.045690    0.043766    3.113562 v _16161_/Y (sky130_fd_sc_hd__nor2_4)
                                                         _07037_ (net)
                      0.045691    0.000211    3.113773 v max_cap259/A (sky130_fd_sc_hd__buf_6)
     2    0.011940    0.026821    0.117423    3.231196 v max_cap259/X (sky130_fd_sc_hd__buf_6)
                                                         net259 (net)
                      0.026838    0.000357    3.231553 v _16163_/B1 (sky130_fd_sc_hd__a31oi_4)
     1    0.010543    0.157065    0.156472    3.388025 ^ _16163_/Y (sky130_fd_sc_hd__a31oi_4)
                                                         _07039_ (net)
                      0.157065    0.000292    3.388318 ^ _16291_/A1 (sky130_fd_sc_hd__o211ai_4)
     6    0.030894    0.120454    0.153139    3.541456 v _16291_/Y (sky130_fd_sc_hd__o211ai_4)
                                                         _07166_ (net)
                      0.120466    0.001208    3.542664 v _16293_/A1_N (sky130_fd_sc_hd__o2bb2ai_4)
     2    0.008712    0.048744    0.170381    3.713045 v _16293_/Y (sky130_fd_sc_hd__o2bb2ai_4)
                                                         _07168_ (net)
                      0.048745    0.000210    3.713255 v max_cap159/A (sky130_fd_sc_hd__buf_6)
     4    0.023939    0.036025    0.130594    3.843849 v max_cap159/X (sky130_fd_sc_hd__buf_6)
                                                         net159 (net)
                      0.036029    0.000386    3.844236 v _16301_/C1 (sky130_fd_sc_hd__o211a_1)
     1    0.010272    0.070846    0.134625    3.978861 v _16301_/X (sky130_fd_sc_hd__o211a_1)
                                                         _07176_ (net)
                      0.070848    0.000490    3.979351 v _16307_/B2 (sky130_fd_sc_hd__o22ai_4)
     5    0.015384    0.191488    0.149523    4.128874 ^ _16307_/Y (sky130_fd_sc_hd__o22ai_4)
                                                         _07182_ (net)
                      0.191489    0.000679    4.129552 ^ _16564_/D1 (sky130_fd_sc_hd__o2111a_1)
     2    0.013701    0.144428    0.277362    4.406915 ^ _16564_/X (sky130_fd_sc_hd__o2111a_1)
                                                         _07437_ (net)
                      0.144428    0.000510    4.407424 ^ _16565_/A (sky130_fd_sc_hd__nand2_4)
     2    0.029356    0.083459    0.102228    4.509652 v _16565_/Y (sky130_fd_sc_hd__nand2_4)
                                                         _07438_ (net)
                      0.083528    0.001910    4.511562 v _16716_/B2 (sky130_fd_sc_hd__a22oi_4)
     3    0.023875    0.237949    0.242393    4.753955 ^ _16716_/Y (sky130_fd_sc_hd__a22oi_4)
                                                         _07587_ (net)
                      0.237956    0.002376    4.756332 ^ _17761_/A1 (sky130_fd_sc_hd__a21oi_4)
     3    0.028160    0.101447    0.130750    4.887082 v _17761_/Y (sky130_fd_sc_hd__a21oi_4)
                                                         _08624_ (net)
                      0.101533    0.002344    4.889426 v _17917_/A1 (sky130_fd_sc_hd__o21bai_4)
     2    0.012927    0.137612    0.184890    5.074316 ^ _17917_/Y (sky130_fd_sc_hd__o21bai_4)
                                                         _08776_ (net)
                      0.137612    0.000579    5.074895 ^ _17949_/A (sky130_fd_sc_hd__nand2_2)
     1    0.005573    0.052669    0.066314    5.141209 v _17949_/Y (sky130_fd_sc_hd__nand2_2)
                                                         _08806_ (net)
                      0.052669    0.000206    5.141415 v _17952_/A1 (sky130_fd_sc_hd__a21oi_2)
     1    0.006386    0.115341    0.137963    5.279377 ^ _17952_/Y (sky130_fd_sc_hd__a21oi_2)
                                                         _08809_ (net)
                      0.115341    0.000257    5.279634 ^ _17954_/B (sky130_fd_sc_hd__nor3_2)
     1    0.010034    0.086882    0.073347    5.352981 v _17954_/Y (sky130_fd_sc_hd__nor3_2)
                                                         _00368_ (net)
                      0.086884    0.000772    5.353753 v _20728_/D (sky130_fd_sc_hd__dfxtp_1)
                                              5.353753   data arrival time

                                 10.000000   10.000000   clock clk (rise edge)
                                  0.000000   10.000000   clock source latency
     2    0.035744    0.106319    0.077139   10.077140 ^ clk (in)
                                                         clk (net)
                      0.106358    0.000000   10.077140 ^ clkbuf_0_clk/A (sky130_fd_sc_hd__clkbuf_16)
     8    0.097811    0.114127    0.205659   10.282798 ^ clkbuf_0_clk/X (sky130_fd_sc_hd__clkbuf_16)
                                                         clknet_0_clk (net)
                      0.114297    0.003028   10.285826 ^ clkbuf_3_3_0_clk/A (sky130_fd_sc_hd__clkbuf_8)
     8    0.073192    0.134603    0.221147   10.506972 ^ clkbuf_3_3_0_clk/X (sky130_fd_sc_hd__clkbuf_8)
                                                         clknet_3_3_0_clk (net)
                      0.134865    0.004297   10.511270 ^ clkbuf_leaf_12_clk/A (sky130_fd_sc_hd__clkbuf_8)
    23    0.061176    0.115807    0.214606   10.725876 ^ clkbuf_leaf_12_clk/X (sky130_fd_sc_hd__clkbuf_8)
                                                         clknet_leaf_12_clk (net)
                      0.115816    0.001076   10.726952 ^ _20728_/CLK (sky130_fd_sc_hd__dfxtp_1)
                                 -1.500000    9.226952   clock uncertainty
                                  0.000000    9.226952   clock reconvergence pessimism
                                 -0.112312    9.114640   library setup time
                                              9.114640   data required time
---------------------------------------------------------------------------------------------
                                              9.114640   data required time
                                             -5.353753   data arrival time
---------------------------------------------------------------------------------------------
                                              3.760887   slack (MET)




===========================================================================
report_checks --slack_max -0.01
============================================================================
======================= nom_tt_025C_1v80 Corner ===================================

No paths found.


===========================================================================
 report_check_types -max_slew -max_cap -max_fanout -violators
============================================================================
======================= nom_tt_025C_1v80 Corner ===================================



===========================================================================
report_parasitic_annotation -report_unannotated
============================================================================
Found 55 unannotated drivers.
 clkload0/Y
 clkload1/Y
 clkload10/Y
 clkload11/Y
 clkload12/X
 clkload13/Y
 clkload14/X
 clkload15/Y
 clkload16/Y
 clkload17/Y
 clkload18/Y
 clkload19/Y
 clkload2/Y
 clkload20/Y
 clkload21/Y
 clkload22/Y
 clkload23/Y
 clkload24/Y
 clkload25/Y
 clkload26/Y
 clkload27/Y
 clkload28/Y
 clkload29/Y
 clkload3/Y
 clkload30/Y
 clkload31/Y
 clkload32/Y
 clkload33/Y
 clkload34/Y
 clkload35/Y
 clkload36/Y
 clkload37/Y
 clkload38/Y
 clkload39/Y
 clkload4/Y
 clkload40/Y
 clkload41/Y
 clkload42/Y
 clkload43/Y
 clkload44/Y
 clkload45/Y
 clkload46/Y
 clkload47/Y
 clkload48/Y
 clkload49/Y
 clkload5/Y
 clkload50/Y
 clkload51/Y
 clkload52/Y
 clkload53/Y
 clkload54/Y
 clkload6/X
 clkload7/X
 clkload8/Y
 clkload9/X
Found 0 partially unannotated drivers.

===========================================================================
max slew violation count 0
Writing metric design__max_slew_violation__count__corner:nom_tt_025C_1v80: 0
max fanout violation count 0
Writing metric design__max_fanout_violation__count__corner:nom_tt_025C_1v80: 0
max cap violation count 0
Writing metric design__max_cap_violation__count__corner:nom_tt_025C_1v80: 0
============================================================================

===========================================================================
check_setup -verbose -unconstrained_endpoints -multiple_clock -no_clock -no_input_delay -loops -generated_clocks
===========================================================================
