Clock: clk
Sources: clk 
Generated: no
Virtual: yes
Propagated: no
Period: 10.000000

===========================================================================
report_clock_properties
============================================================================
Clock                   Period          Waveform
----------------------------------------------------
clk                  10.000000    0.000000  5.000000

===========================================================================
report_clock_latency
============================================================================
Clock clk
rise -> rise
    min     max
0.000000 0.000000 source latency
0.428885         network latency _20687_/CLK
        0.586253 network latency _20394_/CLK
---------------
0.428885 0.586253 latency
        0.157369 skew

fall -> fall
    min     max
0.000000 0.000000 source latency
0.374651         network latency _20687_/CLK
        0.518710 network latency _20394_/CLK
---------------
0.374651 0.518710 latency
        0.144059 skew



===========================================================================
report_clock_min_period
============================================================================
clk period_min = 3.37 fmax = 297.04
