Clock: clk
Sources: clk 
Generated: no
Virtual: yes
Propagated: no
Period: 10.000000

===========================================================================
report_clock_properties
============================================================================
Clock                   Period          Waveform
----------------------------------------------------
clk                  10.000000    0.000000  5.000000

===========================================================================
report_clock_latency
============================================================================
Clock clk
rise -> rise
    min     max
0.000000 0.000000 source latency
0.532593         network latency _20688_/CLK
        0.721362 network latency _20510_/CLK
---------------
0.532593 0.721362 latency
        0.188769 skew

fall -> fall
    min     max
0.000000 0.000000 source latency
0.476799         network latency _20688_/CLK
        0.656327 network latency _20510_/CLK
---------------
0.476799 0.656327 latency
        0.179528 skew



===========================================================================
report_clock_min_period
============================================================================
clk period_min = 8.15 fmax = 122.73
