
===========================================================================
Violator List
============================================================================
[hold reg-reg] _20650_/Q -> _20586_/D : -0.237215
[hold reg-reg] _20613_/Q -> _20516_/D : -0.197331
[hold reg-reg] _20740_/Q -> _20612_/D : -0.183457
[hold reg-reg] _20744_/Q -> _20616_/D : -0.178221
[hold reg-reg] _20657_/Q -> _20593_/D : -0.167158
[hold reg-reg] _20734_/Q -> _20606_/D : -0.101245
[hold reg-reg] _20732_/Q -> _20604_/D : -0.096285
[hold reg-reg] _20743_/Q -> _20615_/D : -0.074259
[hold reg-reg] _20745_/Q -> _20617_/D : -0.073670
[hold reg-reg] _20641_/Q -> _20577_/D : -0.070506
[hold reg-reg] _20639_/Q -> _20575_/D : -0.068872
[hold reg-reg] _20750_/Q -> _20622_/D : -0.068638
[hold reg-reg] _20756_/Q -> _20628_/D : -0.067179
[hold reg-reg] _20644_/Q -> _20580_/D : -0.066995
[hold reg-reg] _20742_/Q -> _20614_/D : -0.066882
[hold reg-reg] _20751_/Q -> _20623_/D : -0.066801
[hold reg-reg] _20753_/Q -> _20625_/D : -0.066619
[hold reg-reg] _20640_/Q -> _20576_/D : -0.066447
[hold reg-reg] _20595_/Q -> _20465_/D : -0.065995
[hold reg-reg] _20579_/Q -> _20449_/D : -0.065993
[hold reg-reg] _20580_/Q -> _20450_/D : -0.065843
[hold reg-reg] _20755_/Q -> _20627_/D : -0.065581
[hold reg-reg] _20546_/Q -> _20481_/D : -0.065518
[hold reg-reg] _20759_/Q -> _20631_/D : -0.065404
[hold reg-reg] _20648_/Q -> _20584_/D : -0.065307
[hold reg-reg] _20573_/Q -> _20443_/D : -0.065201
[hold reg-reg] _20571_/Q -> _20441_/D : -0.064680
[hold reg-reg] _20549_/Q -> _20484_/D : -0.064666
[hold reg-reg] _20634_/Q -> _20570_/D : -0.064645
[hold reg-reg] _20541_/Q -> _20476_/D : -0.064242
[hold reg-reg] _20643_/Q -> _20579_/D : -0.063817
[hold reg-reg] _20584_/Q -> _20454_/D : -0.063505
[hold reg-reg] _20583_/Q -> _20453_/D : -0.063454
[hold reg-reg] _20601_/Q -> _20471_/D : -0.063395
[hold reg-reg] _20589_/Q -> _20459_/D : -0.063089
[hold reg-reg] _20645_/Q -> _20581_/D : -0.062743
[hold reg-reg] _20586_/Q -> _20456_/D : -0.062739
[hold reg-reg] _20570_/Q -> _20440_/D : -0.062679
[hold reg-reg] _20649_/Q -> _20585_/D : -0.062190
[hold reg-reg] _20588_/Q -> _20458_/D : -0.061795
[hold reg-reg] _20576_/Q -> _20446_/D : -0.061767
[hold reg-reg] _20592_/Q -> _20462_/D : -0.061739
[hold reg-reg] _20646_/Q -> _20582_/D : -0.061522
[hold reg-reg] _20600_/Q -> _20470_/D : -0.061443
[hold reg-reg] _20547_/Q -> _20482_/D : -0.061419
[hold reg-reg] _20626_/Q -> _20529_/D : -0.061255
[hold reg-reg] _20747_/Q -> _20619_/D : -0.061192
[hold reg-reg] _20635_/Q -> _20571_/D : -0.061102
[hold reg-reg] _20581_/Q -> _20451_/D : -0.061080
[hold reg-reg] _20757_/Q -> _20629_/D : -0.060964
[hold reg-reg] _20508_/Q -> _20379_/D : -0.060828
[hold reg-reg] _20542_/Q -> _20477_/D : -0.060567
[hold reg-reg] _20577_/Q -> _20447_/D : -0.060523
[hold reg-reg] _20637_/Q -> _20573_/D : -0.060249
[hold reg-reg] _20548_/Q -> _20483_/D : -0.060161
[hold reg-reg] _20642_/Q -> _20578_/D : -0.060157
[hold reg-reg] _20636_/Q -> _20572_/D : -0.060129
[hold reg-reg] _20647_/Q -> _20583_/D : -0.059919
[hold reg-reg] _20590_/Q -> _20460_/D : -0.059885
[hold reg-reg] _20602_/Q -> _20505_/D : -0.059814
[hold reg-reg] _20513_/Q -> _20384_/D : -0.059786
[hold reg-reg] _20597_/Q -> _20467_/D : -0.059550
[hold reg-reg] _20651_/Q -> _20587_/D : -0.059290
[hold reg-reg] _20585_/Q -> _20455_/D : -0.059077
[hold reg-reg] _20746_/Q -> _20618_/D : -0.058990
[hold reg-reg] _20543_/Q -> _20478_/D : -0.058959
[hold reg-reg] _20603_/Q -> _20506_/D : -0.058939
[hold reg-reg] _20607_/Q -> _20510_/D : -0.058619
[hold reg-reg] _20587_/Q -> _20457_/D : -0.058614
[hold reg-reg] _20632_/Q -> _20535_/D : -0.058596
[hold reg-reg] _20506_/Q -> _20377_/D : -0.058555
[hold reg-reg] _20574_/Q -> _20444_/D : -0.058518
[hold reg-reg] _20638_/Q -> _20574_/D : -0.058463
[hold reg-reg] _20737_/Q -> _20609_/D : -0.058341
[hold reg-reg] _20658_/Q -> _20594_/D : -0.058249
[hold reg-reg] _20505_/Q -> _20376_/D : -0.058023
[hold reg-reg] _20516_/Q -> _20387_/D : -0.057754
[hold reg-reg] _20599_/Q -> _20469_/D : -0.057588
[hold reg-reg] _20748_/Q -> _20620_/D : -0.057522
[hold reg-reg] _20738_/Q -> _20610_/D : -0.057221
[hold reg-reg] _20578_/Q -> _20448_/D : -0.057139
[hold reg-reg] _20514_/Q -> _20385_/D : -0.056810
[hold reg-reg] _20582_/Q -> _20452_/D : -0.056365
[hold reg-reg] _20511_/Q -> _20382_/D : -0.056239
[hold reg-reg] _20520_/Q -> _20391_/D : -0.056098
[hold reg-reg] _20752_/Q -> _20624_/D : -0.056010
[hold reg-reg] _20731_/Q -> _20603_/D : -0.055955
[hold reg-reg] _20610_/Q -> _20513_/D : -0.055940
[hold reg-reg] _20518_/Q -> _20389_/D : -0.055927
[hold reg-reg] _20544_/Q -> _20479_/D : -0.055739
[hold reg-reg] _20519_/Q -> _20390_/D : -0.055674
[hold reg-reg] _20735_/Q -> _20607_/D : -0.055387
[hold reg-reg] _20604_/Q -> _20507_/D : -0.055295
[hold reg-reg] _20575_/Q -> _20445_/D : -0.055086
[hold reg-reg] _20540_/Q -> _20475_/D : -0.054713
[hold reg-reg] _20537_/Q -> _20472_/D : -0.054518
[hold reg-reg] _20545_/Q -> _20480_/D : -0.054395
[hold reg-reg] _20507_/Q -> _20378_/D : -0.053790
[hold reg-reg] _20655_/Q -> _20591_/D : -0.053216
[hold reg-reg] _20611_/Q -> _20514_/D : -0.052955
[hold reg-reg] _20539_/Q -> _20474_/D : -0.052706
[hold reg-reg] _20730_/Q -> _20602_/D : -0.052633
[hold reg-reg] _20736_/Q -> _20608_/D : -0.052493
[hold reg-reg] _20512_/Q -> _20383_/D : -0.052027
[hold reg-reg] _20594_/Q -> _20464_/D : -0.051948
[hold reg-reg] _20653_/Q -> _20589_/D : -0.051938
[hold reg-reg] _20606_/Q -> _20509_/D : -0.051795
[hold reg-reg] _20517_/Q -> _20388_/D : -0.051338
[hold reg-reg] _20652_/Q -> _20588_/D : -0.050703
[hold reg-reg] _20596_/Q -> _20466_/D : -0.050549
[hold reg-reg] _20733_/Q -> _20605_/D : -0.050353
[hold reg-reg] _20515_/Q -> _20386_/D : -0.050197
[hold reg-reg] _20538_/Q -> _20473_/D : -0.050086
[hold reg-reg] _20509_/Q -> _20380_/D : -0.049250
[hold reg-reg] _20572_/Q -> _20442_/D : -0.049176
[hold reg-reg] _20598_/Q -> _20468_/D : -0.048585
[hold reg-reg] _20749_/Q -> _20621_/D : -0.046374
[hold reg-reg] _20612_/Q -> _20515_/D : -0.045215
[hold reg-reg] _20739_/Q -> _20611_/D : -0.044651
[hold reg-reg] _20609_/Q -> _20512_/D : -0.043510
[hold reg-reg] _20550_/Q -> _20485_/D : -0.043184
[hold reg-reg] _20593_/Q -> _20463_/D : -0.041731
[hold reg-reg] _20614_/Q -> _20517_/D : -0.040375
[hold reg-reg] _20654_/Q -> _20590_/D : -0.040343
[hold reg-reg] _20510_/Q -> _20381_/D : -0.039295
[hold reg-reg] _20591_/Q -> _20461_/D : -0.039203
[hold reg-reg] _20617_/Q -> _20520_/D : -0.037918
[hold reg-reg] _20656_/Q -> _20592_/D : -0.037816
[hold reg-reg] _20608_/Q -> _20511_/D : -0.035974
[hold reg-reg] _20605_/Q -> _20508_/D : -0.035867
[hold reg-reg] _20630_/Q -> _20533_/D : -0.032951
[hold reg-reg] _20620_/Q -> _20523_/D : -0.028785
[hold reg-reg] _20551_/Q -> _20486_/D : -0.028175
[hold reg-reg] _20462_/Q -> _20430_/D : -0.027316
[hold reg-reg] _20552_/Q -> _20487_/D : -0.026979
[hold reg-reg] _20556_/Q -> _20491_/D : -0.023627
[hold reg-reg] _20555_/Q -> _20490_/D : -0.023097
[hold reg-reg] _20615_/Q -> _20518_/D : -0.013778
[hold reg-reg] _20471_/Q -> _20439_/D : -0.012006
[hold reg-reg] _20616_/Q -> _20519_/D : -0.009760
[hold reg-reg] _20633_/Q -> _20536_/D : -0.009234
[hold reg-reg] _20554_/Q -> _20489_/D : -0.008659
[hold reg-reg] _20553_/Q -> _20488_/D : -0.007054
[hold reg-reg] _20472_/Q -> _20392_/D : -0.003138
[hold reg-reg] _20470_/Q -> _20438_/D : -0.000083
Writing metric timing__hold_vio__count__corner:nom_tt_025C_1v80: 145
Writing metric timing__hold_r2r__ws__corner:nom_tt_025C_1v80: -0.237215
Writing metric timing__hold_r2r_vio__count__corner:nom_tt_025C_1v80: 145
Writing metric timing__setup_vio__count__corner:nom_tt_025C_1v80: 0
Writing metric timing__setup_r2r__ws__corner:nom_tt_025C_1v80: 1.851964
Writing metric timing__setup_r2r_vio__count__corner:nom_tt_025C_1v80: 0
