Clock: clk
Sources: clk 
Generated: no
Virtual: yes
Propagated: no
Period: 10.000000

===========================================================================
report_clock_properties
============================================================================
Clock                   Period          Waveform
----------------------------------------------------
clk                  10.000000    0.000000  5.000000

===========================================================================
report_clock_latency
============================================================================
Clock clk
rise -> rise
    min     max
0.000000 0.000000 source latency
2.350875         network latency _20765_/CLK
        2.484507 network latency _20540_/CLK
---------------
2.350875 2.484507 latency
        0.133632 skew

fall -> fall
    min     max
0.000000 0.000000 source latency
0.979276         network latency _20765_/CLK
        1.103098 network latency _20540_/CLK
---------------
0.979276 1.103098 latency
        0.123822 skew



===========================================================================
report_clock_min_period
============================================================================
clk period_min = 8.85 fmax = 112.99
