if {[file exists ~/openlane2/my_script/script_matt.tcl]} {
    source ~/openlane2/my_script/script_matt.tcl
}
Reading timing models for corner max_ss_100C_1v60…
Reading timing library for the 'max_ss_100C_1v60' corner at '/home/hien/.volare/volare/sky130/versions/0fe599b2afb6708d281543108caf8310912f54af/sky130A/libs.ref/sky130_fd_sc_hd/lib/sky130_fd_sc_hd__ss_100C_1v60.lib'…
Reading OpenROAD database at '/home/hien/openlane2/designs/fn_pj/pipeline-mult/runs/ADD/27-openroad-globalplacement/add3x64.odb'…
Reading design constraints file at '/home/hien/openlane2/designs/fn_pj/pipeline-mult/add64.sdc'…
[INFO] Setting RC values…
[INFO RSZ-0027] Inserted 193 input buffers.
[INFO RSZ-0028] Inserted 64 output buffers.
[INFO RSZ-0058] Using max wire length 6352um.
Iteration | Resized | Buffers | Nets repaired | Remaining
---------------------------------------------------------
        0 |       0 |       0 |             0 |      1486
      100 |      96 |       0 |             0 |      1386
      200 |     187 |       0 |             0 |      1286
      300 |     274 |       2 |             2 |      1186
      400 |     368 |       4 |             4 |      1086
      500 |     446 |       4 |             4 |       986
      600 |     518 |       4 |             4 |       886
      700 |     593 |       4 |             4 |       786
      800 |     692 |       4 |             4 |       686
      900 |     789 |       4 |             4 |       586
     1000 |     883 |       5 |             5 |       486
     1100 |     967 |       9 |             7 |       386
     1200 |    1053 |      14 |             8 |       286
     1300 |    1131 |      14 |             8 |       186
     1400 |    1131 |      14 |             8 |        86
    final |    1131 |      14 |             8 |         0
---------------------------------------------------------
[INFO RSZ-0034] Found 7 slew violations.
[INFO RSZ-0035] Found 2 fanout violations.
[INFO RSZ-0038] Inserted 14 buffers in 8 nets.
[INFO RSZ-0039] Resized 1131 instances.
Placement Analysis
---------------------------------
total displacement       2656.2 u
average displacement        1.3 u
max displacement           10.5 u
original HPWL           25127.8 u
legalized HPWL          26688.2 u
delta HPWL                    6 %

[INFO DPL-0020] Mirrored 561 instances
[INFO DPL-0021] HPWL before           26688.2 u
[INFO DPL-0022] HPWL after            25713.7 u
[INFO DPL-0023] HPWL delta               -3.7 %
[INFO] Setting RC values…
Setting global connections for newly added cells…
[INFO] Setting global connections...
Updating metrics…
Cell type report:                       Count       Area
  Fill cell                               278    1043.50
  Tap cell                                423     529.26
  Timing Repair Buffer                    271    1425.12
  Inverter                                 24      90.09
  Sequential cell                          64    1281.23
  Multi-Input combinational cell          947    6742.72
  Total                                  2007   11111.91
Writing OpenROAD database to '/home/hien/openlane2/designs/fn_pj/pipeline-mult/runs/ADD/31-openroad-repairdesignpostgpl/add3x64.odb'…
Writing netlist to '/home/hien/openlane2/designs/fn_pj/pipeline-mult/runs/ADD/31-openroad-repairdesignpostgpl/add3x64.nl.v'…
Writing powered netlist to '/home/hien/openlane2/designs/fn_pj/pipeline-mult/runs/ADD/31-openroad-repairdesignpostgpl/add3x64.pnl.v'…
Writing layout to '/home/hien/openlane2/designs/fn_pj/pipeline-mult/runs/ADD/31-openroad-repairdesignpostgpl/add3x64.def'…
Writing timing constraints to '/home/hien/openlane2/designs/fn_pj/pipeline-mult/runs/ADD/31-openroad-repairdesignpostgpl/add3x64.sdc'…
