                                                                     Buffers by Cell Master                                                                     
┏━━━━━━━━━━━━━━━━━━━━━━━━━━━━━━━━━━━━━━━━━━━━━━━━━━━━━━━━━━━━━━━━━━━━━━━━━━━━━━━━━━━━━━━━━━━━━━━━━━━━━━━━━━━━━━━━━━━━━━━━━━━━━━━━━━┳━━━━━━━━━━━━━━━━━━━━━━━━━━━┓
┃ Buffer                                                                                                                           ┃ Count                     ┃
┡━━━━━━━━━━━━━━━━━━━━━━━━━━━━━━━━━━━━━━━━━━━━━━━━━━━━━━━━━━━━━━━━━━━━━━━━━━━━━━━━━━━━━━━━━━━━━━━━━━━━━━━━━━━━━━━━━━━━━━━━━━━━━━━━━━╇━━━━━━━━━━━━━━━━━━━━━━━━━━━┩
│ sky130_fd_sc_hd__buf_1                                                                                                           │ 166                       │
│ sky130_fd_sc_hd__buf_12                                                                                                          │ 173                       │
│ sky130_fd_sc_hd__buf_2                                                                                                           │ 113                       │
│ sky130_fd_sc_hd__buf_4                                                                                                           │ 31                        │
│ sky130_fd_sc_hd__buf_6                                                                                                           │ 131                       │
│ sky130_fd_sc_hd__buf_8                                                                                                           │ 80                        │
│ sky130_fd_sc_hd__clkbuf_1                                                                                                        │ 74                        │
│ sky130_fd_sc_hd__clkbuf_16                                                                                                       │ 67                        │
│ sky130_fd_sc_hd__clkbuf_2                                                                                                        │ 106                       │
│ sky130_fd_sc_hd__clkbuf_4                                                                                                        │ 6                         │
│ sky130_fd_sc_hd__clkbuf_8                                                                                                        │ 82                        │
│ sky130_fd_sc_hd__dlygate4sd1_1                                                                                                   │ 114                       │
│ sky130_fd_sc_hd__dlygate4sd3_1                                                                                                   │ 229                       │
│ sky130_fd_sc_hd__dlymetal6s2s_1                                                                                                  │ 62                        │
│ sky130_fd_sc_hd__dlymetal6s4s_1                                                                                                  │ 13                        │
└──────────────────────────────────────────────────────────────────────────────────────────────────────────────────────────────────┴───────────────────────────┘
