[WARNING ORD-0039] .openroad ignored with -python
                                Cells by Master                                 
┏━━━━━━━━━━━━━━━━━━━━━━━━━━━━━━━━━━━━━━━━━━━━━━━━━━━━━━━━━━━━━━━━┳━━━━━━━━━━━━━┓
┃ Cell                                                           ┃ Count       ┃
┡━━━━━━━━━━━━━━━━━━━━━━━━━━━━━━━━━━━━━━━━━━━━━━━━━━━━━━━━━━━━━━━━╇━━━━━━━━━━━━━┩
│ sky130_ef_sc_hd__decap_12                                      │ 10887       │
│ sky130_fd_sc_hd__a2111o_1                                      │ 1           │
│ sky130_fd_sc_hd__a2111oi_1                                     │ 1           │
│ sky130_fd_sc_hd__a2111oi_4                                     │ 1           │
│ sky130_fd_sc_hd__a211o_1                                       │ 25          │
│ sky130_fd_sc_hd__a211o_4                                       │ 1           │
│ sky130_fd_sc_hd__a211oi_1                                      │ 14          │
│ sky130_fd_sc_hd__a211oi_2                                      │ 6           │
│ sky130_fd_sc_hd__a211oi_4                                      │ 2           │
│ sky130_fd_sc_hd__a21bo_1                                       │ 61          │
│ sky130_fd_sc_hd__a21bo_2                                       │ 1           │
│ sky130_fd_sc_hd__a21boi_1                                      │ 65          │
│ sky130_fd_sc_hd__a21boi_2                                      │ 42          │
│ sky130_fd_sc_hd__a21boi_4                                      │ 18          │
│ sky130_fd_sc_hd__a21o_1                                        │ 527         │
│ sky130_fd_sc_hd__a21o_2                                        │ 3           │
│ sky130_fd_sc_hd__a21o_4                                        │ 8           │
│ sky130_fd_sc_hd__a21oi_1                                       │ 447         │
│ sky130_fd_sc_hd__a21oi_2                                       │ 144         │
│ sky130_fd_sc_hd__a21oi_4                                       │ 60          │
│ sky130_fd_sc_hd__a221o_1                                       │ 9           │
│ sky130_fd_sc_hd__a221oi_1                                      │ 5           │
│ sky130_fd_sc_hd__a221oi_2                                      │ 2           │
│ sky130_fd_sc_hd__a22o_1                                        │ 271         │
│ sky130_fd_sc_hd__a22o_2                                        │ 4           │
│ sky130_fd_sc_hd__a22o_4                                        │ 6           │
│ sky130_fd_sc_hd__a22oi_1                                       │ 115         │
│ sky130_fd_sc_hd__a22oi_2                                       │ 108         │
│ sky130_fd_sc_hd__a22oi_4                                       │ 94          │
│ sky130_fd_sc_hd__a2bb2o_1                                      │ 19          │
│ sky130_fd_sc_hd__a2bb2o_2                                      │ 7           │
│ sky130_fd_sc_hd__a2bb2o_4                                      │ 1           │
│ sky130_fd_sc_hd__a2bb2oi_1                                     │ 21          │
│ sky130_fd_sc_hd__a2bb2oi_2                                     │ 8           │
│ sky130_fd_sc_hd__a2bb2oi_4                                     │ 9           │
│ sky130_fd_sc_hd__a311o_1                                       │ 6           │
│ sky130_fd_sc_hd__a311oi_1                                      │ 10          │
│ sky130_fd_sc_hd__a311oi_2                                      │ 2           │
│ sky130_fd_sc_hd__a31o_1                                        │ 152         │
│ sky130_fd_sc_hd__a31o_2                                        │ 5           │
│ sky130_fd_sc_hd__a31oi_1                                       │ 34          │
│ sky130_fd_sc_hd__a31oi_2                                       │ 33          │
│ sky130_fd_sc_hd__a31oi_4                                       │ 19          │
│ sky130_fd_sc_hd__a32o_1                                        │ 25          │
│ sky130_fd_sc_hd__a32o_2                                        │ 6           │
│ sky130_fd_sc_hd__a32oi_1                                       │ 9           │
│ sky130_fd_sc_hd__a32oi_2                                       │ 19          │
│ sky130_fd_sc_hd__a32oi_4                                       │ 31          │
│ sky130_fd_sc_hd__a41o_1                                        │ 47          │
│ sky130_fd_sc_hd__a41o_2                                        │ 1           │
│ sky130_fd_sc_hd__a41oi_1                                       │ 1           │
│ sky130_fd_sc_hd__a41oi_2                                       │ 2           │
│ sky130_fd_sc_hd__a41oi_4                                       │ 1           │
│ sky130_fd_sc_hd__and2_1                                        │ 358         │
│ sky130_fd_sc_hd__and2_2                                        │ 7           │
│ sky130_fd_sc_hd__and2_4                                        │ 5           │
│ sky130_fd_sc_hd__and2b_1                                       │ 14          │
│ sky130_fd_sc_hd__and2b_2                                       │ 1           │
│ sky130_fd_sc_hd__and3_1                                        │ 276         │
│ sky130_fd_sc_hd__and3_2                                        │ 12          │
│ sky130_fd_sc_hd__and3_4                                        │ 5           │
│ sky130_fd_sc_hd__and3b_1                                       │ 2           │
│ sky130_fd_sc_hd__and4_1                                        │ 152         │
│ sky130_fd_sc_hd__and4_2                                        │ 16          │
│ sky130_fd_sc_hd__and4_4                                        │ 4           │
│ sky130_fd_sc_hd__and4b_1                                       │ 12          │
│ sky130_fd_sc_hd__and4b_2                                       │ 1           │
│ sky130_fd_sc_hd__and4bb_1                                      │ 4           │
│ sky130_fd_sc_hd__buf_1                                         │ 166         │
│ sky130_fd_sc_hd__buf_12                                        │ 173         │
│ sky130_fd_sc_hd__buf_2                                         │ 113         │
│ sky130_fd_sc_hd__buf_4                                         │ 31          │
│ sky130_fd_sc_hd__buf_6                                         │ 131         │
│ sky130_fd_sc_hd__buf_8                                         │ 80          │
│ sky130_fd_sc_hd__bufinv_16                                     │ 4           │
│ sky130_fd_sc_hd__clkbuf_1                                      │ 74          │
│ sky130_fd_sc_hd__clkbuf_16                                     │ 67          │
│ sky130_fd_sc_hd__clkbuf_2                                      │ 106         │
│ sky130_fd_sc_hd__clkbuf_4                                      │ 6           │
│ sky130_fd_sc_hd__clkbuf_8                                      │ 82          │
│ sky130_fd_sc_hd__clkinv_1                                      │ 1           │
│ sky130_fd_sc_hd__clkinv_16                                     │ 2           │
│ sky130_fd_sc_hd__clkinv_2                                      │ 6           │
│ sky130_fd_sc_hd__clkinv_4                                      │ 5           │
│ sky130_fd_sc_hd__clkinv_8                                      │ 7           │
│ sky130_fd_sc_hd__clkinvlp_4                                    │ 3           │
│ sky130_fd_sc_hd__decap_3                                       │ 1480        │
│ sky130_fd_sc_hd__decap_4                                       │ 1382        │
│ sky130_fd_sc_hd__decap_6                                       │ 2804        │
│ sky130_fd_sc_hd__decap_8                                       │ 1094        │
│ sky130_fd_sc_hd__dfxtp_1                                       │ 358         │
│ sky130_fd_sc_hd__dfxtp_2                                       │ 36          │
│ sky130_fd_sc_hd__dfxtp_4                                       │ 56          │
│ sky130_fd_sc_hd__diode_2                                       │ 99          │
│ sky130_fd_sc_hd__dlygate4sd1_1                                 │ 114         │
│ sky130_fd_sc_hd__dlygate4sd3_1                                 │ 229         │
│ sky130_fd_sc_hd__dlymetal6s2s_1                                │ 62          │
│ sky130_fd_sc_hd__dlymetal6s4s_1                                │ 13          │
│ sky130_fd_sc_hd__fill_1                                        │ 4911        │
│ sky130_fd_sc_hd__fill_2                                        │ 1541        │
│ sky130_fd_sc_hd__inv_12                                        │ 16          │
│ sky130_fd_sc_hd__inv_16                                        │ 14          │
│ sky130_fd_sc_hd__inv_2                                         │ 130         │
│ sky130_fd_sc_hd__inv_4                                         │ 3           │
│ sky130_fd_sc_hd__inv_6                                         │ 13          │
│ sky130_fd_sc_hd__inv_8                                         │ 24          │
│ sky130_fd_sc_hd__mux2_1                                        │ 1           │
│ sky130_fd_sc_hd__nand2_1                                       │ 1579        │
│ sky130_fd_sc_hd__nand2_2                                       │ 301         │
│ sky130_fd_sc_hd__nand2_4                                       │ 71          │
│ sky130_fd_sc_hd__nand2_8                                       │ 26          │
│ sky130_fd_sc_hd__nand2b_1                                      │ 9           │
│ sky130_fd_sc_hd__nand3_1                                       │ 411         │
│ sky130_fd_sc_hd__nand3_2                                       │ 335         │
│ sky130_fd_sc_hd__nand3_4                                       │ 233         │
│ sky130_fd_sc_hd__nand3b_1                                      │ 39          │
│ sky130_fd_sc_hd__nand3b_2                                      │ 27          │
│ sky130_fd_sc_hd__nand3b_4                                      │ 23          │
│ sky130_fd_sc_hd__nand4_1                                       │ 234         │
│ sky130_fd_sc_hd__nand4_2                                       │ 228         │
│ sky130_fd_sc_hd__nand4_4                                       │ 153         │
│ sky130_fd_sc_hd__nand4b_1                                      │ 5           │
│ sky130_fd_sc_hd__nand4b_2                                      │ 5           │
│ sky130_fd_sc_hd__nand4b_4                                      │ 1           │
│ sky130_fd_sc_hd__nor2_1                                        │ 237         │
│ sky130_fd_sc_hd__nor2_2                                        │ 34          │
│ sky130_fd_sc_hd__nor2_4                                        │ 9           │
│ sky130_fd_sc_hd__nor2_8                                        │ 1           │
│ sky130_fd_sc_hd__nor3_1                                        │ 30          │
│ sky130_fd_sc_hd__nor3_2                                        │ 5           │
│ sky130_fd_sc_hd__nor3_4                                        │ 1           │
│ sky130_fd_sc_hd__nor3b_1                                       │ 6           │
│ sky130_fd_sc_hd__nor3b_2                                       │ 1           │
│ sky130_fd_sc_hd__nor4_1                                        │ 5           │
│ sky130_fd_sc_hd__nor4_4                                        │ 1           │
│ sky130_fd_sc_hd__nor4b_1                                       │ 1           │
│ sky130_fd_sc_hd__nor4b_4                                       │ 1           │
│ sky130_fd_sc_hd__o2111a_1                                      │ 23          │
│ sky130_fd_sc_hd__o2111a_2                                      │ 2           │
│ sky130_fd_sc_hd__o2111ai_1                                     │ 37          │
│ sky130_fd_sc_hd__o2111ai_2                                     │ 47          │
│ sky130_fd_sc_hd__o2111ai_4                                     │ 87          │
│ sky130_fd_sc_hd__o211a_1                                       │ 144         │
│ sky130_fd_sc_hd__o211a_2                                       │ 3           │
│ sky130_fd_sc_hd__o211a_4                                       │ 9           │
│ sky130_fd_sc_hd__o211ai_1                                      │ 143         │
│ sky130_fd_sc_hd__o211ai_2                                      │ 216         │
│ sky130_fd_sc_hd__o211ai_4                                      │ 185         │
│ sky130_fd_sc_hd__o21a_1                                        │ 176         │
│ sky130_fd_sc_hd__o21a_2                                        │ 4           │
│ sky130_fd_sc_hd__o21a_4                                        │ 1           │
│ sky130_fd_sc_hd__o21ai_1                                       │ 349         │
│ sky130_fd_sc_hd__o21ai_2                                       │ 173         │
│ sky130_fd_sc_hd__o21ai_4                                       │ 42          │
│ sky130_fd_sc_hd__o21ba_1                                       │ 9           │
│ sky130_fd_sc_hd__o21bai_1                                      │ 23          │
│ sky130_fd_sc_hd__o21bai_2                                      │ 10          │
│ sky130_fd_sc_hd__o21bai_4                                      │ 16          │
│ sky130_fd_sc_hd__o221a_1                                       │ 21          │
│ sky130_fd_sc_hd__o221a_2                                       │ 2           │
│ sky130_fd_sc_hd__o221ai_1                                      │ 9           │
│ sky130_fd_sc_hd__o221ai_2                                      │ 35          │
│ sky130_fd_sc_hd__o221ai_4                                      │ 48          │
│ sky130_fd_sc_hd__o22a_1                                        │ 61          │
│ sky130_fd_sc_hd__o22a_2                                        │ 4           │
│ sky130_fd_sc_hd__o22a_4                                        │ 1           │
│ sky130_fd_sc_hd__o22ai_1                                       │ 22          │
│ sky130_fd_sc_hd__o22ai_2                                       │ 39          │
│ sky130_fd_sc_hd__o22ai_4                                       │ 24          │
│ sky130_fd_sc_hd__o2bb2a_1                                      │ 43          │
│ sky130_fd_sc_hd__o2bb2a_2                                      │ 1           │
│ sky130_fd_sc_hd__o2bb2a_4                                      │ 2           │
│ sky130_fd_sc_hd__o2bb2ai_1                                     │ 189         │
│ sky130_fd_sc_hd__o2bb2ai_2                                     │ 117         │
│ sky130_fd_sc_hd__o2bb2ai_4                                     │ 49          │
│ sky130_fd_sc_hd__o311a_1                                       │ 25          │
│ sky130_fd_sc_hd__o311a_4                                       │ 1           │
│ sky130_fd_sc_hd__o311ai_1                                      │ 1           │
│ sky130_fd_sc_hd__o311ai_4                                      │ 1           │
│ sky130_fd_sc_hd__o31a_1                                        │ 47          │
│ sky130_fd_sc_hd__o31a_2                                        │ 1           │
│ sky130_fd_sc_hd__o31ai_1                                       │ 11          │
│ sky130_fd_sc_hd__o31ai_2                                       │ 4           │
│ sky130_fd_sc_hd__o31ai_4                                       │ 1           │
│ sky130_fd_sc_hd__o32a_1                                        │ 13          │
│ sky130_fd_sc_hd__o32a_2                                        │ 3           │
│ sky130_fd_sc_hd__o32ai_1                                       │ 1           │
│ sky130_fd_sc_hd__o32ai_2                                       │ 2           │
│ sky130_fd_sc_hd__o41a_1                                        │ 5           │
│ sky130_fd_sc_hd__o41a_2                                        │ 1           │
│ sky130_fd_sc_hd__or2_1                                         │ 43          │
│ sky130_fd_sc_hd__or2_2                                         │ 3           │
│ sky130_fd_sc_hd__or3_1                                         │ 17          │
│ sky130_fd_sc_hd__or3_4                                         │ 1           │
│ sky130_fd_sc_hd__or3b_1                                        │ 4           │
│ sky130_fd_sc_hd__or3b_2                                        │ 1           │
│ sky130_fd_sc_hd__or3b_4                                        │ 1           │
│ sky130_fd_sc_hd__or4_1                                         │ 3           │
│ sky130_fd_sc_hd__or4_2                                         │ 1           │
│ sky130_fd_sc_hd__or4b_1                                        │ 6           │
│ sky130_fd_sc_hd__or4b_2                                        │ 1           │
│ sky130_fd_sc_hd__or4bb_1                                       │ 1           │
│ sky130_fd_sc_hd__or4bb_4                                       │ 1           │
│ sky130_fd_sc_hd__tapvpwrvgnd_1                                 │ 4815        │
│ sky130_fd_sc_hd__xnor2_1                                       │ 15          │
│ sky130_fd_sc_hd__xnor2_2                                       │ 3           │
│ sky130_fd_sc_hd__xor2_1                                        │ 20          │
│ sky130_fd_sc_hd__xor2_2                                        │ 10          │
└────────────────────────────────────────────────────────────────┴─────────────┘
                               Cells by Function                                
┏━━━━━━━━━━━━━━━━━━━━━━━━━━━━━━━━━━━━━━━━━━━━━━━━━━━━━━━━━━━━━━━┳━━━━━━━━━━━━━━┓
┃ Cell Function                                                 ┃ Count        ┃
┡━━━━━━━━━━━━━━━━━━━━━━━━━━━━━━━━━━━━━━━━━━━━━━━━━━━━━━━━━━━━━━━╇━━━━━━━━━━━━━━┩
│ sky130_ef_sc_hd__decap                                        │ 10887        │
│ sky130_fd_sc_hd__a2111o                                       │ 1            │
│ sky130_fd_sc_hd__a2111oi                                      │ 2            │
│ sky130_fd_sc_hd__a211o                                        │ 26           │
│ sky130_fd_sc_hd__a211oi                                       │ 22           │
│ sky130_fd_sc_hd__a21bo                                        │ 62           │
│ sky130_fd_sc_hd__a21boi                                       │ 125          │
│ sky130_fd_sc_hd__a21o                                         │ 538          │
│ sky130_fd_sc_hd__a21oi                                        │ 651          │
│ sky130_fd_sc_hd__a221o                                        │ 9            │
│ sky130_fd_sc_hd__a221oi                                       │ 7            │
│ sky130_fd_sc_hd__a22o                                         │ 281          │
│ sky130_fd_sc_hd__a22oi                                        │ 317          │
│ sky130_fd_sc_hd__a2bb2o                                       │ 27           │
│ sky130_fd_sc_hd__a2bb2oi                                      │ 38           │
│ sky130_fd_sc_hd__a311o                                        │ 6            │
│ sky130_fd_sc_hd__a311oi                                       │ 12           │
│ sky130_fd_sc_hd__a31o                                         │ 157          │
│ sky130_fd_sc_hd__a31oi                                        │ 86           │
│ sky130_fd_sc_hd__a32o                                         │ 31           │
│ sky130_fd_sc_hd__a32oi                                        │ 59           │
│ sky130_fd_sc_hd__a41o                                         │ 48           │
│ sky130_fd_sc_hd__a41oi                                        │ 4            │
│ sky130_fd_sc_hd__and2                                         │ 370          │
│ sky130_fd_sc_hd__and2b                                        │ 15           │
│ sky130_fd_sc_hd__and3                                         │ 293          │
│ sky130_fd_sc_hd__and3b                                        │ 2            │
│ sky130_fd_sc_hd__and4                                         │ 172          │
│ sky130_fd_sc_hd__and4b                                        │ 13           │
│ sky130_fd_sc_hd__and4bb                                       │ 4            │
│ sky130_fd_sc_hd__buf                                          │ 694          │
│ sky130_fd_sc_hd__bufinv                                       │ 4            │
│ sky130_fd_sc_hd__clkbuf                                       │ 335          │
│ sky130_fd_sc_hd__clkinv                                       │ 21           │
│ sky130_fd_sc_hd__clkinvlp                                     │ 3            │
│ sky130_fd_sc_hd__decap                                        │ 6760         │
│ sky130_fd_sc_hd__dfxtp                                        │ 450          │
│ sky130_fd_sc_hd__diode                                        │ 99           │
│ sky130_fd_sc_hd__dlygate4sd1                                  │ 114          │
│ sky130_fd_sc_hd__dlygate4sd3                                  │ 229          │
│ sky130_fd_sc_hd__dlymetal6s2s                                 │ 62           │
│ sky130_fd_sc_hd__dlymetal6s4s                                 │ 13           │
│ sky130_fd_sc_hd__fill                                         │ 6452         │
│ sky130_fd_sc_hd__inv                                          │ 200          │
│ sky130_fd_sc_hd__mux2                                         │ 1            │
│ sky130_fd_sc_hd__nand2                                        │ 1977         │
│ sky130_fd_sc_hd__nand2b                                       │ 9            │
│ sky130_fd_sc_hd__nand3                                        │ 979          │
│ sky130_fd_sc_hd__nand3b                                       │ 89           │
│ sky130_fd_sc_hd__nand4                                        │ 615          │
│ sky130_fd_sc_hd__nand4b                                       │ 11           │
│ sky130_fd_sc_hd__nor2                                         │ 281          │
│ sky130_fd_sc_hd__nor3                                         │ 36           │
│ sky130_fd_sc_hd__nor3b                                        │ 7            │
│ sky130_fd_sc_hd__nor4                                         │ 6            │
│ sky130_fd_sc_hd__nor4b                                        │ 2            │
│ sky130_fd_sc_hd__o2111a                                       │ 25           │
│ sky130_fd_sc_hd__o2111ai                                      │ 171          │
│ sky130_fd_sc_hd__o211a                                        │ 156          │
│ sky130_fd_sc_hd__o211ai                                       │ 544          │
│ sky130_fd_sc_hd__o21a                                         │ 181          │
│ sky130_fd_sc_hd__o21ai                                        │ 564          │
│ sky130_fd_sc_hd__o21ba                                        │ 9            │
│ sky130_fd_sc_hd__o21bai                                       │ 49           │
│ sky130_fd_sc_hd__o221a                                        │ 23           │
│ sky130_fd_sc_hd__o221ai                                       │ 92           │
│ sky130_fd_sc_hd__o22a                                         │ 66           │
│ sky130_fd_sc_hd__o22ai                                        │ 85           │
│ sky130_fd_sc_hd__o2bb2a                                       │ 46           │
│ sky130_fd_sc_hd__o2bb2ai                                      │ 355          │
│ sky130_fd_sc_hd__o311a                                        │ 26           │
│ sky130_fd_sc_hd__o311ai                                       │ 2            │
│ sky130_fd_sc_hd__o31a                                         │ 48           │
│ sky130_fd_sc_hd__o31ai                                        │ 16           │
│ sky130_fd_sc_hd__o32a                                         │ 16           │
│ sky130_fd_sc_hd__o32ai                                        │ 3            │
│ sky130_fd_sc_hd__o41a                                         │ 6            │
│ sky130_fd_sc_hd__or2                                          │ 46           │
│ sky130_fd_sc_hd__or3                                          │ 18           │
│ sky130_fd_sc_hd__or3b                                         │ 6            │
│ sky130_fd_sc_hd__or4                                          │ 4            │
│ sky130_fd_sc_hd__or4b                                         │ 7            │
│ sky130_fd_sc_hd__or4bb                                        │ 2            │
│ sky130_fd_sc_hd__tapvpwrvgnd                                  │ 4815         │
│ sky130_fd_sc_hd__xnor2                                        │ 18           │
│ sky130_fd_sc_hd__xor2                                         │ 30           │
└───────────────────────────────────────────────────────────────┴──────────────┘
                                  Cells by SCL                                  
┏━━━━━━━━━━━━━━━━━━━━━━━━━━━━━━━━━━━━━━━━━━━━━━━━━━━━━━━┳━━━━━━━━━━━━━━━━━━━━━━┓
┃ SCL                                                   ┃ Count                ┃
┡━━━━━━━━━━━━━━━━━━━━━━━━━━━━━━━━━━━━━━━━━━━━━━━━━━━━━━━╇━━━━━━━━━━━━━━━━━━━━━━┩
│ sky130_ef_sc_hd                                       │ 10887                │
│ sky130_fd_sc_hd                                       │ 30256                │
└───────────────────────────────────────────────────────┴──────────────────────┘
                             Buffers by Cell Master                             
┏━━━━━━━━━━━━━━━━━━━━━━━━━━━━━━━━━━━━━━━━━━━━━━━━━━━━━━━━━━━━━━━━┳━━━━━━━━━━━━━┓
┃ Buffer                                                         ┃ Count       ┃
┡━━━━━━━━━━━━━━━━━━━━━━━━━━━━━━━━━━━━━━━━━━━━━━━━━━━━━━━━━━━━━━━━╇━━━━━━━━━━━━━┩
│ sky130_fd_sc_hd__buf_1                                         │ 166         │
│ sky130_fd_sc_hd__buf_12                                        │ 173         │
│ sky130_fd_sc_hd__buf_2                                         │ 113         │
│ sky130_fd_sc_hd__buf_4                                         │ 31          │
│ sky130_fd_sc_hd__buf_6                                         │ 131         │
│ sky130_fd_sc_hd__buf_8                                         │ 80          │
│ sky130_fd_sc_hd__clkbuf_1                                      │ 74          │
│ sky130_fd_sc_hd__clkbuf_16                                     │ 67          │
│ sky130_fd_sc_hd__clkbuf_2                                      │ 106         │
│ sky130_fd_sc_hd__clkbuf_4                                      │ 6           │
│ sky130_fd_sc_hd__clkbuf_8                                      │ 82          │
│ sky130_fd_sc_hd__dlygate4sd1_1                                 │ 114         │
│ sky130_fd_sc_hd__dlygate4sd3_1                                 │ 229         │
│ sky130_fd_sc_hd__dlymetal6s2s_1                                │ 62          │
│ sky130_fd_sc_hd__dlymetal6s4s_1                                │ 13          │
└────────────────────────────────────────────────────────────────┴─────────────┘
