if {[file exists ~/openlane2/my_script/script_matt.tcl]} {
    source ~/openlane2/my_script/script_matt.tcl
}
Reading OpenROAD database at '/home/hien/openlane2/designs/highspeed_pipelined_multiplier/runs/opti_5/25-odb-customioplacement/pipelined_mult.odb'…
Reading library file at '/home/hien/.volare/volare/sky130/versions/0fe599b2afb6708d281543108caf8310912f54af/sky130A/libs.ref/sky130_fd_sc_hd/lib/sky130_fd_sc_hd__tt_025C_1v80.lib'…
Reading design constraints file at '/home/hien/openlane2/designs/highspeed_pipelined_multiplier/src/pnr.sdc'…
[INFO] No information on clock propagation in input SDC file-- propagating all clocks.
[INFO] Setting RC values…
[INFO] Setting signal min routing layer to: met1 and clock min routing layer to met1. 
[INFO] Setting signal max routing layer to: met5 and clock max routing layer to met5. 
+ global_placement -density 0.7 -timing_driven -routability_driven -pad_right 0 -pad_left 0 -init_wirelength_coef 0.25
[INFO GPL-0002] DBU: 1000
[INFO GPL-0003] SiteSize: (  0.460  2.720 ) um
[INFO GPL-0004] CoreBBox: (  5.520 10.880 ) ( 594.320 587.520 ) um
[INFO GPL-0006] NumInstances:             15869
[INFO GPL-0007] NumPlaceInstances:        10630
[INFO GPL-0008] NumFixedInstances:         5239
[INFO GPL-0009] NumDummyInstances:            0
[INFO GPL-0010] NumNets:                  10696
[INFO GPL-0011] NumPins:                  43293
[INFO GPL-0012] DieBBox:  (  0.000  0.000 ) ( 600.000 600.000 ) um
[INFO GPL-0013] CoreBBox: (  5.520 10.880 ) ( 594.320 587.520 ) um
[INFO GPL-0016] CoreArea:            339525.632 um^2
[INFO GPL-0017] NonPlaceInstsArea:     7616.054 um^2
[INFO GPL-0018] PlaceInstsArea:      106514.656 um^2
[INFO GPL-0019] Util:                    32.091 %
[INFO GPL-0020] StdInstsArea:        106514.656 um^2
[INFO GPL-0021] MacroInstsArea:           0.000 um^2
[InitialPlace]  Iter: 1 CG residual: 0.00050928 HPWL: 309595583
[InitialPlace]  Iter: 2 CG residual: 0.00048692 HPWL: 145109991
[InitialPlace]  Iter: 3 CG residual: 0.00006417 HPWL: 145171661
[InitialPlace]  Iter: 4 CG residual: 0.00005849 HPWL: 145808179
[InitialPlace]  Iter: 5 CG residual: 0.00005887 HPWL: 145647838
[InitialPlace]  Iter: 6 CG residual: 0.00005669 HPWL: 145906970
[InitialPlace]  Iter: 7 CG residual: 0.00006166 HPWL: 145732347
[InitialPlace]  Iter: 8 CG residual: 0.00006742 HPWL: 145948741
[InitialPlace]  Iter: 9 CG residual: 0.00006016 HPWL: 145749288
[InitialPlace]  Iter: 10 CG residual: 0.00005975 HPWL: 145955081
[InitialPlace]  Iter: 11 CG residual: 0.00075578 HPWL: 145782172
[InitialPlace]  Iter: 12 CG residual: 0.00006559 HPWL: 146074696
[InitialPlace]  Iter: 13 CG residual: 0.00005968 HPWL: 145830609
[InitialPlace]  Iter: 14 CG residual: 0.00003313 HPWL: 146034312
[InitialPlace]  Iter: 15 CG residual: 0.00005218 HPWL: 145818213
[InitialPlace]  Iter: 16 CG residual: 0.00005676 HPWL: 146017971
[InitialPlace]  Iter: 17 CG residual: 0.00007469 HPWL: 145822151
[InitialPlace]  Iter: 18 CG residual: 0.00003246 HPWL: 146010267
[InitialPlace]  Iter: 19 CG residual: 0.00004595 HPWL: 145814692
[InitialPlace]  Iter: 20 CG residual: 0.00003217 HPWL: 146003661
[INFO GPL-0031] FillerInit:NumGCells:     23612
[INFO GPL-0032] FillerInit:NumGNets:      10696
[INFO GPL-0033] FillerInit:NumGPins:      43293
[INFO GPL-0023] TargetDensity:            0.700
[INFO GPL-0024] AvrgPlaceInstArea:       10.020 um^2
[INFO GPL-0025] IdealBinArea:            14.315 um^2
[INFO GPL-0026] IdealBinCnt:              23718
[INFO GPL-0027] TotalBinArea:        339525.632 um^2
[INFO GPL-0028] BinCnt:       128    128
[INFO GPL-0029] BinSize: (  4.600  4.505 )
[INFO GPL-0030] NumBins: 16384
[NesterovSolve] Iter:    1 overflow: 0.962 HPWL: 82053107
[NesterovSolve] Iter:   10 overflow: 0.915 HPWL: 92138155
[NesterovSolve] Iter:   20 overflow: 0.882 HPWL: 94431092
[NesterovSolve] Iter:   30 overflow: 0.860 HPWL: 101551706
[NesterovSolve] Iter:   40 overflow: 0.848 HPWL: 107692207
[NesterovSolve] Iter:   50 overflow: 0.844 HPWL: 110337023
[NesterovSolve] Iter:   60 overflow: 0.844 HPWL: 109851540
[NesterovSolve] Iter:   70 overflow: 0.846 HPWL: 108333467
[NesterovSolve] Iter:   80 overflow: 0.847 HPWL: 107351305
[NesterovSolve] Iter:   90 overflow: 0.847 HPWL: 107142296
[NesterovSolve] Iter:  100 overflow: 0.847 HPWL: 107382071
[NesterovSolve] Iter:  110 overflow: 0.847 HPWL: 107774849
[NesterovSolve] Iter:  120 overflow: 0.847 HPWL: 108134162
[NesterovSolve] Iter:  130 overflow: 0.846 HPWL: 108517577
[NesterovSolve] Iter:  140 overflow: 0.845 HPWL: 109185627
[NesterovSolve] Iter:  150 overflow: 0.843 HPWL: 110396922
[NesterovSolve] Iter:  160 overflow: 0.839 HPWL: 112295629
[NesterovSolve] Iter:  170 overflow: 0.834 HPWL: 114951194
[NesterovSolve] Iter:  180 overflow: 0.827 HPWL: 118482916
[NesterovSolve] Iter:  190 overflow: 0.817 HPWL: 123097418
[NesterovSolve] Iter:  200 overflow: 0.804 HPWL: 128681533
[NesterovSolve] Iter:  210 overflow: 0.787 HPWL: 135233380
[INFO GPL-0100] Timing-driven: executing resizer for reweighting nets.
[INFO GPL-0101] Timing-driven: worst slack 3.72e-09
[INFO GPL-0103] Timing-driven: weighted 1068 nets.
[NesterovSolve] Iter:  220 overflow: 0.767 HPWL: 141820332
[NesterovSolve] Iter:  230 overflow: 0.746 HPWL: 148013263
[NesterovSolve] Iter:  240 overflow: 0.718 HPWL: 154691609
[NesterovSolve] Iter:  250 overflow: 0.682 HPWL: 163345029
[NesterovSolve] Iter:  260 overflow: 0.645 HPWL: 171076988
[INFO GPL-0100] Timing-driven: executing resizer for reweighting nets.
[INFO GPL-0101] Timing-driven: worst slack 3.37e-09
[INFO GPL-0103] Timing-driven: weighted 1067 nets.
[NesterovSolve] Iter:  270 overflow: 0.606 HPWL: 178126789
[NesterovSolve] Snapshot saved at iter = 271
[NesterovSolve] Iter:  280 overflow: 0.563 HPWL: 185593118
[NesterovSolve] Iter:  290 overflow: 0.527 HPWL: 189700569
[NesterovSolve] Iter:  300 overflow: 0.489 HPWL: 195281226
[INFO GPL-0100] Timing-driven: executing resizer for reweighting nets.
[INFO GPL-0101] Timing-driven: worst slack 3.39e-09
[INFO GPL-0103] Timing-driven: weighted 1069 nets.
[NesterovSolve] Iter:  310 overflow: 0.449 HPWL: 198947874
[NesterovSolve] Iter:  320 overflow: 0.410 HPWL: 201641670
[NesterovSolve] Iter:  330 overflow: 0.376 HPWL: 205542192
[NesterovSolve] Iter:  340 overflow: 0.348 HPWL: 209942209
[NesterovSolve] Iter:  350 overflow: 0.323 HPWL: 211214175
[NesterovSolve] Iter:  360 overflow: 0.300 HPWL: 212935875
[INFO GPL-0075] Routability numCall: 1 inflationIterCnt: 1 bloatIterCnt: 0
[INFO GPL-0036] TileBBox: (    0    0 ) ( 6900 6900 ) DBU
[INFO GPL-0038] TileCnt:      86   86
[INFO GPL-0040] NumTiles: 7396
[INFO GPL-0081] TotalRouteOverflow: 0.04288899898529053
[INFO GPL-0082] OverflowTileCnt: 1
[INFO GPL-0083] 0.5%RC: 0.9303061221096967
[INFO GPL-0084] 1.0%RC: 0.9019071475879566
[INFO GPL-0085] 2.0%RC: 0.8669297473656165
[INFO GPL-0086] 5.0%RC: 0.8137746912402075
[INFO GPL-0087] FinalRC: 0.91610664
[INFO GPL-0077] FinalRC lower than targetRC(1.01), routability not needed.
[INFO GPL-0100] Timing-driven: executing resizer for reweighting nets.
[INFO GPL-0101] Timing-driven: worst slack 3.38e-09
[INFO GPL-0103] Timing-driven: weighted 1067 nets.
[NesterovSolve] Iter:  370 overflow: 0.279 HPWL: 214093924
[NesterovSolve] Iter:  380 overflow: 0.258 HPWL: 215182676
[NesterovSolve] Iter:  390 overflow: 0.236 HPWL: 216217203
[NesterovSolve] Iter:  400 overflow: 0.216 HPWL: 217147906
[INFO GPL-0100] Timing-driven: executing resizer for reweighting nets.
[INFO GPL-0101] Timing-driven: worst slack 3.34e-09
[INFO GPL-0103] Timing-driven: weighted 1069 nets.
[NesterovSolve] Iter:  410 overflow: 0.193 HPWL: 217929631
[NesterovSolve] Iter:  420 overflow: 0.172 HPWL: 218607754
[NesterovSolve] Iter:  430 overflow: 0.151 HPWL: 219426767
[INFO GPL-0100] Timing-driven: executing resizer for reweighting nets.
[INFO GPL-0101] Timing-driven: worst slack 3.31e-09
[INFO GPL-0103] Timing-driven: weighted 1067 nets.
[NesterovSolve] Iter:  440 overflow: 0.131 HPWL: 220419439
[NesterovSolve] Iter:  450 overflow: 0.112 HPWL: 220750302
[NesterovSolve] Finished with Overflow: 0.098251
[INFO] Setting RC values…
Setting global connections for newly added cells…
[INFO] Setting global connections...
Updating metrics…
Cell type report:                       Count       Area
  Fill cell                               424    1591.53
  Tap cell                               4815    6024.53
  Inverter                                178     668.14
  Sequential cell                         450    9571.68
  Multi-Input combinational cell        10002   96274.84
  Total                                 15869  114130.71
Writing OpenROAD database to '/home/hien/openlane2/designs/highspeed_pipelined_multiplier/runs/opti_5/27-openroad-globalplacement/pipelined_mult.odb'…
Writing netlist to '/home/hien/openlane2/designs/highspeed_pipelined_multiplier/runs/opti_5/27-openroad-globalplacement/pipelined_mult.nl.v'…
Writing powered netlist to '/home/hien/openlane2/designs/highspeed_pipelined_multiplier/runs/opti_5/27-openroad-globalplacement/pipelined_mult.pnl.v'…
Writing layout to '/home/hien/openlane2/designs/highspeed_pipelined_multiplier/runs/opti_5/27-openroad-globalplacement/pipelined_mult.def'…
Writing timing constraints to '/home/hien/openlane2/designs/highspeed_pipelined_multiplier/runs/opti_5/27-openroad-globalplacement/pipelined_mult.sdc'…
