Clock: clk
Sources: clk 
Generated: no
Virtual: yes
Propagated: no
Period: 10.000000

===========================================================================
report_clock_properties
============================================================================
Clock                   Period          Waveform
----------------------------------------------------
clk                  10.000000    0.000000  5.000000

===========================================================================
report_clock_latency
============================================================================
Clock clk
rise -> rise
    min     max
0.000000 0.000000 source latency
0.660997         network latency _20688_/CLK
        0.891187 network latency _20394_/CLK
---------------
0.660997 0.891187 latency
        0.230190 skew

fall -> fall
    min     max
0.000000 0.000000 source latency
0.564374         network latency _20688_/CLK
        0.774984 network latency _20394_/CLK
---------------
0.564374 0.774984 latency
        0.210610 skew



===========================================================================
report_clock_min_period
============================================================================
clk period_min = 5.32 fmax = 187.87
