
===========================================================================
report_checks -unconstrained
===========================================================================
======================= max_tt_025C_1v80 Corner ===================================

Startpoint: _20800_ (rising edge-triggered flip-flop clocked by clk)
Endpoint: _20728_ (rising edge-triggered flip-flop clocked by clk)
Path Group: clk
Path Type: max

Fanout         Cap        Slew       Delay        Time   Description
---------------------------------------------------------------------------------------------
                                  0.000000    0.000000   clock clk (rise edge)
                                  0.000000    0.000000   clock source latency
     2    0.055866    0.158303    0.115703    0.115703 ^ clk (in)
                                                         clk (net)
                      0.158354    0.000000    0.115703 ^ clkbuf_0_clk/A (sky130_fd_sc_hd__clkbuf_16)
     8    0.236177    0.246784    0.308759    0.424461 ^ clkbuf_0_clk/X (sky130_fd_sc_hd__clkbuf_16)
                                                         clknet_0_clk (net)
                      0.248334    0.015876    0.440338 ^ clkbuf_3_1__f_clk/A (sky130_fd_sc_hd__clkbuf_16)
     7    0.104343    0.121825    0.253981    0.694318 ^ clkbuf_3_1__f_clk/X (sky130_fd_sc_hd__clkbuf_16)
                                                         clknet_3_1__leaf_clk (net)
                      0.122234    0.005252    0.699570 ^ clkbuf_leaf_3_clk/A (sky130_fd_sc_hd__clkbuf_8)
     7    0.030655    0.067299    0.173192    0.872762 ^ clkbuf_leaf_3_clk/X (sky130_fd_sc_hd__clkbuf_8)
                                                         clknet_leaf_3_clk (net)
                      0.067385    0.002093    0.874855 ^ _20800_/CLK (sky130_fd_sc_hd__dfxtp_4)
     3    0.066776    0.194290    0.458544    1.333399 ^ _20800_/Q (sky130_fd_sc_hd__dfxtp_4)
                                                         b_h[6] (net)
                      0.194750    0.006707    1.340106 ^ max_cap514/A (sky130_fd_sc_hd__buf_12)
     8    0.092336    0.115414    0.189783    1.529889 ^ max_cap514/X (sky130_fd_sc_hd__buf_12)
                                                         net514 (net)
                      0.118711    0.015375    1.545264 ^ max_cap513/A (sky130_fd_sc_hd__buf_6)
    18    0.114179    0.228916    0.244826    1.790090 ^ max_cap513/X (sky130_fd_sc_hd__buf_6)
                                                         net513 (net)
                      0.233344    0.025398    1.815488 ^ max_cap512/A (sky130_fd_sc_hd__buf_12)
    22    0.113666    0.138912    0.210789    2.026277 ^ max_cap512/X (sky130_fd_sc_hd__buf_12)
                                                         net512 (net)
                      0.143589    0.020000    2.046276 ^ _15779_/B (sky130_fd_sc_hd__nand2_1)
     5    0.017253    0.137005    0.151931    2.198208 v _15779_/Y (sky130_fd_sc_hd__nand2_1)
                                                         _06658_ (net)
                      0.137047    0.000656    2.198864 v _15780_/B (sky130_fd_sc_hd__nand2_2)
     6    0.024364    0.139997    0.172850    2.371714 ^ _15780_/Y (sky130_fd_sc_hd__nand2_2)
                                                         _06659_ (net)
                      0.140021    0.001468    2.373183 ^ _15787_/A1 (sky130_fd_sc_hd__a21o_1)
     1    0.006853    0.069843    0.151707    2.524889 ^ _15787_/X (sky130_fd_sc_hd__a21o_1)
                                                         _06666_ (net)
                      0.069846    0.000551    2.525441 ^ _15788_/C (sky130_fd_sc_hd__nand3_2)
     5    0.026411    0.172676    0.163810    2.689251 v _15788_/Y (sky130_fd_sc_hd__nand3_2)
                                                         _06667_ (net)
                      0.172699    0.001666    2.690917 v _15866_/B1 (sky130_fd_sc_hd__a32oi_4)
     5    0.029370    0.321630    0.326982    3.017898 ^ _15866_/Y (sky130_fd_sc_hd__a32oi_4)
                                                         _06744_ (net)
                      0.321697    0.003633    3.021532 ^ _15867_/B (sky130_fd_sc_hd__nor2_2)
     5    0.025889    0.111147    0.141412    3.162943 v _15867_/Y (sky130_fd_sc_hd__nor2_2)
                                                         _06745_ (net)
                      0.111203    0.001977    3.164920 v _15870_/A (sky130_fd_sc_hd__nor2_2)
     2    0.013084    0.162497    0.195241    3.360161 ^ _15870_/Y (sky130_fd_sc_hd__nor2_2)
                                                         _06748_ (net)
                      0.162498    0.000372    3.360533 ^ max_cap262/A (sky130_fd_sc_hd__buf_1)
     4    0.014593    0.177486    0.201185    3.561719 ^ max_cap262/X (sky130_fd_sc_hd__buf_1)
                                                         net262 (net)
                      0.177491    0.000795    3.562514 ^ _15947_/B (sky130_fd_sc_hd__nand2_1)
     1    0.009125    0.082296    0.117785    3.680299 v _15947_/Y (sky130_fd_sc_hd__nand2_1)
                                                         _06825_ (net)
                      0.082300    0.000693    3.680992 v _15954_/A1 (sky130_fd_sc_hd__o211ai_4)
     4    0.028075    0.273334    0.292464    3.973456 ^ _15954_/Y (sky130_fd_sc_hd__o211ai_4)
                                                         _06832_ (net)
                      0.273344    0.001684    3.975140 ^ _15958_/A (sky130_fd_sc_hd__nand2_4)
     4    0.033854    0.117089    0.138053    4.113193 v _15958_/Y (sky130_fd_sc_hd__nand2_4)
                                                         _06836_ (net)
                      0.117307    0.004113    4.117306 v _15961_/C1 (sky130_fd_sc_hd__o211ai_2)
     1    0.010155    0.183513    0.111858    4.229164 ^ _15961_/Y (sky130_fd_sc_hd__o211ai_2)
                                                         _06839_ (net)
                      0.183514    0.000489    4.229653 ^ _15964_/B1 (sky130_fd_sc_hd__o211ai_4)
     3    0.015629    0.088790    0.124767    4.354420 v _15964_/Y (sky130_fd_sc_hd__o211ai_4)
                                                         _06842_ (net)
                      0.088793    0.000947    4.355367 v _15968_/B2 (sky130_fd_sc_hd__o22ai_4)
     4    0.033016    0.300378    0.238948    4.594315 ^ _15968_/Y (sky130_fd_sc_hd__o22ai_4)
                                                         _06845_ (net)
                      0.300424    0.002856    4.597172 ^ _16185_/A1_N (sky130_fd_sc_hd__o2bb2ai_4)
     5    0.031090    0.236114    0.211805    4.808977 ^ _16185_/Y (sky130_fd_sc_hd__o2bb2ai_4)
                                                         _07060_ (net)
                      0.236199    0.003518    4.812494 ^ _16565_/B (sky130_fd_sc_hd__nand2_4)
     2    0.021796    0.075716    0.105765    4.918259 v _16565_/Y (sky130_fd_sc_hd__nand2_4)
                                                         _07438_ (net)
                      0.075795    0.001907    4.920166 v _16716_/B2 (sky130_fd_sc_hd__a22oi_4)
     5    0.053062    0.415283    0.372006    5.292171 ^ _16716_/Y (sky130_fd_sc_hd__a22oi_4)
                                                         _07587_ (net)
                      0.415428    0.006180    5.298352 ^ _17761_/A1 (sky130_fd_sc_hd__a21oi_4)
     3    0.027869    0.131665    0.155605    5.453957 v _17761_/Y (sky130_fd_sc_hd__a21oi_4)
                                                         _08624_ (net)
                      0.131856    0.004008    5.457965 v _17917_/A2 (sky130_fd_sc_hd__o21bai_2)
     2    0.020037    0.255096    0.259913    5.717878 ^ _17917_/Y (sky130_fd_sc_hd__o21bai_2)
                                                         _08776_ (net)
                      0.255141    0.002709    5.720588 ^ _17949_/A (sky130_fd_sc_hd__nand2_1)
     1    0.004579    0.078360    0.099267    5.819855 v _17949_/Y (sky130_fd_sc_hd__nand2_1)
                                                         _08806_ (net)
                      0.078361    0.000320    5.820175 v _17952_/A2 (sky130_fd_sc_hd__a21oi_1)
     1    0.003404    0.115066    0.157069    5.977244 ^ _17952_/Y (sky130_fd_sc_hd__a21oi_1)
                                                         _08809_ (net)
                      0.115066    0.000148    5.977392 ^ _17954_/C (sky130_fd_sc_hd__nor3_1)
     1    0.002462    0.097710    0.055286    6.032678 v _17954_/Y (sky130_fd_sc_hd__nor3_1)
                                                         _00368_ (net)
                      0.097710    0.000160    6.032837 v _20728_/D (sky130_fd_sc_hd__dfxtp_1)
                                              6.032837   data arrival time

                                 10.000000   10.000000   clock clk (rise edge)
                                  0.000000   10.000000   clock source latency
     2    0.055866    0.158303    0.115702   10.115703 ^ clk (in)
                                                         clk (net)
                      0.158354    0.000000   10.115703 ^ clkbuf_0_clk/A (sky130_fd_sc_hd__clkbuf_16)
     8    0.236177    0.246784    0.308759   10.424461 ^ clkbuf_0_clk/X (sky130_fd_sc_hd__clkbuf_16)
                                                         clknet_0_clk (net)
                      0.248012    0.014198   10.438660 ^ clkbuf_3_4__f_clk/A (sky130_fd_sc_hd__clkbuf_16)
    11    0.112991    0.128694    0.255068   10.693728 ^ clkbuf_3_4__f_clk/X (sky130_fd_sc_hd__clkbuf_16)
                                                         clknet_3_4__leaf_clk (net)
                      0.130201    0.011022   10.704750 ^ clkbuf_leaf_6_clk/A (sky130_fd_sc_hd__clkbuf_8)
     5    0.028916    0.064763    0.173785   10.878535 ^ clkbuf_leaf_6_clk/X (sky130_fd_sc_hd__clkbuf_8)
                                                         clknet_leaf_6_clk (net)
                      0.064802    0.001422   10.879957 ^ _20728_/CLK (sky130_fd_sc_hd__dfxtp_1)
                                 -0.200000   10.679956   clock uncertainty
                                  0.000000   10.679956   clock reconvergence pessimism
                                 -0.129022   10.550936   library setup time
                                             10.550936   data required time
---------------------------------------------------------------------------------------------
                                             10.550936   data required time
                                             -6.032837   data arrival time
---------------------------------------------------------------------------------------------
                                              4.518098   slack (MET)




===========================================================================
report_checks --slack_max -0.01
============================================================================
======================= max_tt_025C_1v80 Corner ===================================

No paths found.


===========================================================================
 report_check_types -max_slew -max_cap -max_fanout -violators
============================================================================
======================= max_tt_025C_1v80 Corner ===================================



===========================================================================
report_parasitic_annotation -report_unannotated
============================================================================
Found 56 unannotated drivers.
 clkload0/Y
 clkload1/Y
 clkload10/Y
 clkload11/Y
 clkload12/Y
 clkload13/Y
 clkload14/Y
 clkload15/Y
 clkload16/Y
 clkload17/Y
 clkload18/Y
 clkload19/Y
 clkload2/X
 clkload20/Y
 clkload21/Y
 clkload22/Y
 clkload23/Y
 clkload24/Y
 clkload25/Y
 clkload26/Y
 clkload27/Y
 clkload28/Y
 clkload29/Y
 clkload3/Y
 clkload30/Y
 clkload31/Y
 clkload32/Y
 clkload33/Y
 clkload34/X
 clkload35/Y
 clkload36/Y
 clkload37/Y
 clkload38/Y
 clkload39/Y
 clkload4/Y
 clkload40/Y
 clkload41/Y
 clkload42/Y
 clkload43/Y
 clkload44/Y
 clkload45/Y
 clkload46/Y
 clkload47/Y
 clkload48/Y
 clkload49/Y
 clkload5/Y
 clkload50/Y
 clkload51/Y
 clkload52/Y
 clkload53/Y
 clkload54/Y
 clkload55/Y
 clkload6/Y
 clkload7/X
 clkload8/X
 clkload9/Y
Found 0 partially unannotated drivers.

===========================================================================
max slew violation count 0
max fanout violation count 0
max cap violation count 0
============================================================================

===========================================================================
check_setup -verbose -unconstrained_endpoints -multiple_clock -no_clock -no_input_delay -loops -generated_clocks
===========================================================================
