Clock: clk
Sources: clk 
Generated: no
Virtual: yes
Propagated: no
Period: 10.000000

===========================================================================
report_clock_properties
============================================================================
Clock                   Period          Waveform
----------------------------------------------------
clk                  10.000000    0.000000  5.000000

===========================================================================
report_clock_latency
============================================================================
Clock clk
rise -> rise
    min     max
0.000000 0.000000 source latency
0.689678         network latency _20689_/CLK
        0.927884 network latency _20394_/CLK
---------------
0.689678 0.927884 latency
        0.238206 skew

fall -> fall
    min     max
0.000000 0.000000 source latency
0.584746         network latency _20689_/CLK
        0.802450 network latency _20394_/CLK
---------------
0.584746 0.802450 latency
        0.217705 skew



===========================================================================
report_clock_min_period
============================================================================
clk period_min = 5.48 fmax = 182.42
