
===========================================================================
report_checks -unconstrained
===========================================================================
======================= nom_tt_025C_1v80 Corner ===================================

Startpoint: _20790_ (rising edge-triggered flip-flop clocked by clk)
Endpoint: _20728_ (rising edge-triggered flip-flop clocked by clk)
Path Group: clk
Path Type: max

Fanout         Cap        Slew       Delay        Time   Description
---------------------------------------------------------------------------------------------
                                  0.000000    0.000000   clock clk (rise edge)
                                  0.000000    0.000000   clock source latency
     2    0.063379    0.178390    0.130129    0.130129 ^ clk (in)
                                                         clk (net)
                      0.178477    0.000000    0.130129 ^ clkbuf_0_clk/A (sky130_fd_sc_hd__clkbuf_16)
     8    0.175252    0.186996    0.280946    0.411075 ^ clkbuf_0_clk/X (sky130_fd_sc_hd__clkbuf_16)
                                                         clknet_0_clk (net)
                      0.187274    0.004985    0.416059 ^ clkbuf_3_3_0_clk/A (sky130_fd_sc_hd__clkbuf_8)
     8    0.100376    0.177748    0.275940    0.692000 ^ clkbuf_3_3_0_clk/X (sky130_fd_sc_hd__clkbuf_8)
                                                         clknet_3_3_0_clk (net)
                      0.177883    0.002654    0.694654 ^ clkbuf_leaf_3_clk/A (sky130_fd_sc_hd__clkbuf_8)
     4    0.050782    0.099534    0.215332    0.909985 ^ clkbuf_leaf_3_clk/X (sky130_fd_sc_hd__clkbuf_8)
                                                         clknet_leaf_3_clk (net)
                      0.099562    0.001632    0.911617 ^ _20790_/CLK (sky130_fd_sc_hd__dfxtp_4)
     3    0.034626    0.109223    0.412131    1.323748 ^ _20790_/Q (sky130_fd_sc_hd__dfxtp_4)
                                                         a_l[12] (net)
                      0.109301    0.002681    1.326429 ^ max_cap569/A (sky130_fd_sc_hd__buf_12)
    10    0.076779    0.097236    0.161535    1.487964 ^ max_cap569/X (sky130_fd_sc_hd__buf_12)
                                                         net569 (net)
                      0.097354    0.002756    1.490720 ^ wire568/A (sky130_fd_sc_hd__buf_12)
     9    0.098436    0.120322    0.173556    1.664275 ^ wire568/X (sky130_fd_sc_hd__buf_12)
                                                         net568 (net)
                      0.120883    0.006631    1.670906 ^ max_cap567/A (sky130_fd_sc_hd__buf_12)
     8    0.097911    0.119816    0.178230    1.849136 ^ max_cap567/X (sky130_fd_sc_hd__buf_12)
                                                         net567 (net)
                      0.121222    0.010341    1.859477 ^ max_cap566/A (sky130_fd_sc_hd__buf_12)
     7    0.083243    0.104950    0.165143    2.024620 ^ max_cap566/X (sky130_fd_sc_hd__buf_12)
                                                         net566 (net)
                      0.106747    0.010848    2.035468 ^ rebuffer234/A (sky130_fd_sc_hd__buf_12)
     1    0.037398    0.056622    0.130025    2.165493 ^ rebuffer234/X (sky130_fd_sc_hd__buf_12)
                                                         net1034 (net)
                      0.056913    0.002948    2.168441 ^ _10196_/A (sky130_fd_sc_hd__inv_12)
    22    0.212088    0.097824    0.078547    2.246987 v _10196_/Y (sky130_fd_sc_hd__inv_12)
                                                         _09319_ (net)
                      0.110769    0.027212    2.274199 v _16364_/B1 (sky130_fd_sc_hd__o2bb2ai_1)
     1    0.006577    0.175221    0.210573    2.484773 ^ _16364_/Y (sky130_fd_sc_hd__o2bb2ai_1)
                                                         _07238_ (net)
                      0.175221    0.000231    2.485003 ^ _16366_/B (sky130_fd_sc_hd__nand3_2)
     6    0.024597    0.169380    0.186405    2.671408 v _16366_/Y (sky130_fd_sc_hd__nand3_2)
                                                         _07240_ (net)
                      0.169390    0.001080    2.672489 v _16495_/B1 (sky130_fd_sc_hd__o21ai_1)
     2    0.009818    0.217754    0.188077    2.860566 ^ _16495_/Y (sky130_fd_sc_hd__o21ai_1)
                                                         _07368_ (net)
                      0.217754    0.000304    2.860869 ^ _16497_/B (sky130_fd_sc_hd__nand2_1)
     2    0.018560    0.147790    0.180194    3.041063 v _16497_/Y (sky130_fd_sc_hd__nand2_1)
                                                         _07370_ (net)
                      0.147793    0.000808    3.041871 v _16533_/B1 (sky130_fd_sc_hd__a21oi_1)
     2    0.012795    0.291893    0.290504    3.332375 ^ _16533_/Y (sky130_fd_sc_hd__a21oi_1)
                                                         _07406_ (net)
                      0.291895    0.000573    3.332948 ^ _16619_/B1 (sky130_fd_sc_hd__a21oi_1)
     1    0.003381    0.076847    0.076589    3.409537 v _16619_/Y (sky130_fd_sc_hd__a21oi_1)
                                                         _07491_ (net)
                      0.076847    0.000079    3.409616 v wire234/A (sky130_fd_sc_hd__buf_1)
     3    0.011331    0.071817    0.139863    3.549479 v wire234/X (sky130_fd_sc_hd__buf_1)
                                                         net234 (net)
                      0.071817    0.000290    3.549769 v _16683_/A (sky130_fd_sc_hd__nand3_1)
     4    0.011847    0.143995    0.134516    3.684285 ^ _16683_/Y (sky130_fd_sc_hd__nand3_1)
                                                         _07555_ (net)
                      0.144042    0.000287    3.684572 ^ _16687_/A1 (sky130_fd_sc_hd__a21o_1)
     1    0.009220    0.088554    0.167234    3.851807 ^ _16687_/X (sky130_fd_sc_hd__a21o_1)
                                                         _07559_ (net)
                      0.088554    0.000192    3.851998 ^ _16693_/B (sky130_fd_sc_hd__nand3_4)
     7    0.019194    0.109683    0.103074    3.955073 v _16693_/Y (sky130_fd_sc_hd__nand3_4)
                                                         _07565_ (net)
                      0.109685    0.000753    3.955826 v _16718_/A2 (sky130_fd_sc_hd__a21boi_1)
     1    0.002577    0.101147    0.156711    4.112536 ^ _16718_/Y (sky130_fd_sc_hd__a21boi_1)
                                                         _07589_ (net)
                      0.101147    0.000073    4.112609 ^ wire157/A (sky130_fd_sc_hd__clkbuf_2)
     3    0.023914    0.135196    0.189296    4.301905 ^ wire157/X (sky130_fd_sc_hd__clkbuf_2)
                                                         net157 (net)
                      0.135207    0.001336    4.303241 ^ _16847_/A (sky130_fd_sc_hd__nand3_4)
     4    0.018043    0.102015    0.107522    4.410763 v _16847_/Y (sky130_fd_sc_hd__nand3_4)
                                                         _07718_ (net)
                      0.102015    0.000310    4.411073 v _16850_/A (sky130_fd_sc_hd__nand2_1)
     1    0.002969    0.057283    0.078447    4.489519 ^ _16850_/Y (sky130_fd_sc_hd__nand2_1)
                                                         _07721_ (net)
                      0.057283    0.000087    4.489606 ^ _16853_/A (sky130_fd_sc_hd__nand2_1)
     3    0.013770    0.103614    0.104333    4.593940 v _16853_/Y (sky130_fd_sc_hd__nand2_1)
                                                         _07724_ (net)
                      0.103619    0.000568    4.594508 v _16859_/A (sky130_fd_sc_hd__nand3_2)
     3    0.016298    0.105656    0.123472    4.717979 ^ _16859_/Y (sky130_fd_sc_hd__nand3_2)
                                                         _07730_ (net)
                      0.105656    0.000418    4.718398 ^ _17157_/B1 (sky130_fd_sc_hd__o21ai_1)
     1    0.005715    0.069517    0.093503    4.811901 v _17157_/Y (sky130_fd_sc_hd__o21ai_1)
                                                         _08026_ (net)
                      0.069517    0.000196    4.812097 v _17411_/C (sky130_fd_sc_hd__nand4_2)
     2    0.011426    0.106247    0.125621    4.937718 ^ _17411_/Y (sky130_fd_sc_hd__nand4_2)
                                                         _08278_ (net)
                      0.106247    0.000469    4.938188 ^ _17760_/A (sky130_fd_sc_hd__nand4_2)
     1    0.008902    0.101948    0.107629    5.045817 v _17760_/Y (sky130_fd_sc_hd__nand4_2)
                                                         _08623_ (net)
                      0.101950    0.000298    5.046115 v _17761_/B1 (sky130_fd_sc_hd__a21oi_4)
     3    0.037898    0.294124    0.277732    5.323847 ^ _17761_/Y (sky130_fd_sc_hd__a21oi_4)
                                                         _08624_ (net)
                      0.294173    0.003053    5.326900 ^ _17917_/A1 (sky130_fd_sc_hd__o21bai_4)
     2    0.013620    0.077230    0.122444    5.449344 v _17917_/Y (sky130_fd_sc_hd__o21bai_4)
                                                         _08776_ (net)
                      0.077231    0.000559    5.449903 v _17949_/A (sky130_fd_sc_hd__nand2_2)
     1    0.005714    0.053745    0.071381    5.521283 ^ _17949_/Y (sky130_fd_sc_hd__nand2_2)
                                                         _08806_ (net)
                      0.053745    0.000183    5.521467 ^ _17952_/A1 (sky130_fd_sc_hd__a21oi_2)
     1    0.005459    0.049846    0.052042    5.573508 v _17952_/Y (sky130_fd_sc_hd__a21oi_2)
                                                         _08809_ (net)
                      0.049846    0.000180    5.573689 v _17954_/B (sky130_fd_sc_hd__nor3_2)
     1    0.016676    0.314908    0.295465    5.869153 ^ _17954_/Y (sky130_fd_sc_hd__nor3_2)
                                                         _00368_ (net)
                      0.314908    0.001315    5.870468 ^ _20728_/D (sky130_fd_sc_hd__dfxtp_1)
                                              5.870468   data arrival time

                                 10.000000   10.000000   clock clk (rise edge)
                                  0.000000   10.000000   clock source latency
     2    0.063379    0.178390    0.130129   10.130129 ^ clk (in)
                                                         clk (net)
                      0.178477    0.000000   10.130129 ^ clkbuf_0_clk/A (sky130_fd_sc_hd__clkbuf_16)
     8    0.175252    0.186996    0.280946   10.411075 ^ clkbuf_0_clk/X (sky130_fd_sc_hd__clkbuf_16)
                                                         clknet_0_clk (net)
                      0.187274    0.004984   10.416059 ^ clkbuf_3_3_0_clk/A (sky130_fd_sc_hd__clkbuf_8)
     8    0.100376    0.177748    0.275940   10.691999 ^ clkbuf_3_3_0_clk/X (sky130_fd_sc_hd__clkbuf_8)
                                                         clknet_3_3_0_clk (net)
                      0.178056    0.005230   10.697229 ^ clkbuf_leaf_12_clk/A (sky130_fd_sc_hd__clkbuf_8)
    23    0.067273    0.125551    0.235252   10.932481 ^ clkbuf_leaf_12_clk/X (sky130_fd_sc_hd__clkbuf_8)
                                                         clknet_leaf_12_clk (net)
                      0.125561    0.001231   10.933712 ^ _20728_/CLK (sky130_fd_sc_hd__dfxtp_1)
                                 -0.200000   10.733712   clock uncertainty
                                  0.000000   10.733712   clock reconvergence pessimism
                                 -0.103790   10.629922   library setup time
                                             10.629922   data required time
---------------------------------------------------------------------------------------------
                                             10.629922   data required time
                                             -5.870468   data arrival time
---------------------------------------------------------------------------------------------
                                              4.759454   slack (MET)




===========================================================================
report_checks --slack_max -0.01
============================================================================
======================= nom_tt_025C_1v80 Corner ===================================

No paths found.


===========================================================================
 report_check_types -max_slew -max_cap -max_fanout -violators
============================================================================
======================= nom_tt_025C_1v80 Corner ===================================



===========================================================================
report_parasitic_annotation -report_unannotated
============================================================================
Found 55 unannotated drivers.
 clkload0/Y
 clkload1/Y
 clkload10/Y
 clkload11/Y
 clkload12/X
 clkload13/Y
 clkload14/X
 clkload15/Y
 clkload16/Y
 clkload17/Y
 clkload18/Y
 clkload19/Y
 clkload2/Y
 clkload20/Y
 clkload21/Y
 clkload22/Y
 clkload23/Y
 clkload24/Y
 clkload25/Y
 clkload26/Y
 clkload27/Y
 clkload28/Y
 clkload29/Y
 clkload3/Y
 clkload30/Y
 clkload31/Y
 clkload32/Y
 clkload33/Y
 clkload34/Y
 clkload35/Y
 clkload36/Y
 clkload37/Y
 clkload38/Y
 clkload39/Y
 clkload4/Y
 clkload40/Y
 clkload41/Y
 clkload42/Y
 clkload43/Y
 clkload44/Y
 clkload45/Y
 clkload46/Y
 clkload47/Y
 clkload48/Y
 clkload49/Y
 clkload5/Y
 clkload50/Y
 clkload51/Y
 clkload52/Y
 clkload53/Y
 clkload54/Y
 clkload6/X
 clkload7/X
 clkload8/Y
 clkload9/X
Found 0 partially unannotated drivers.

===========================================================================
max slew violation count 0
max fanout violation count 0
max cap violation count 0
============================================================================

===========================================================================
check_setup -verbose -unconstrained_endpoints -multiple_clock -no_clock -no_input_delay -loops -generated_clocks
===========================================================================
