Clock: clk
Sources: clk 
Generated: no
Virtual: yes
Propagated: no
Period: 10.000000

===========================================================================
report_clock_properties
============================================================================
Clock                   Period          Waveform
----------------------------------------------------
clk                  10.000000    0.000000  5.000000

===========================================================================
report_clock_latency
============================================================================
Clock clk
rise -> rise
    min     max
0.000000 0.000000 source latency
0.694588         network latency _20799_/CLK
        0.946701 network latency _20360_/CLK
---------------
0.694588 0.946701 latency
        0.252113 skew

fall -> fall
    min     max
0.000000 0.000000 source latency
0.573120         network latency _20799_/CLK
        0.797898 network latency _20360_/CLK
---------------
0.573120 0.797898 latency
        0.224778 skew



===========================================================================
report_clock_min_period
============================================================================
clk period_min = 5.24 fmax = 190.82
