
===========================================================================
report_checks -unconstrained
===========================================================================
======================= nom_ss_100C_1v60 Corner ===================================

Startpoint: _20799_ (rising edge-triggered flip-flop clocked by clk)
Endpoint: _20728_ (rising edge-triggered flip-flop clocked by clk)
Path Group: clk
Path Type: max

Fanout         Cap        Slew       Delay        Time   Description
---------------------------------------------------------------------------------------------
                                  0.000000    0.000000   clock clk (rise edge)
                                  0.000000    0.000000   clock source latency
     2    0.053445    0.244155    0.181099    0.181099 ^ clk (in)
                                                         clk (net)
                      0.244175    0.000000    0.181099 ^ clkbuf_0_clk/A (sky130_fd_sc_hd__clkbuf_16)
     8    0.221784    0.347387    0.518927    0.700026 ^ clkbuf_0_clk/X (sky130_fd_sc_hd__clkbuf_16)
                                                         clknet_0_clk (net)
                      0.347862    0.008942    0.708968 ^ clkbuf_3_0__f_clk/A (sky130_fd_sc_hd__clkbuf_16)
    11    0.105821    0.186245    0.440557    1.149525 ^ clkbuf_3_0__f_clk/X (sky130_fd_sc_hd__clkbuf_16)
                                                         clknet_3_0__leaf_clk (net)
                      0.186326    0.003829    1.153354 ^ clkbuf_leaf_71_clk/A (sky130_fd_sc_hd__clkbuf_8)
     5    0.020988    0.085845    0.291381    1.444735 ^ clkbuf_leaf_71_clk/X (sky130_fd_sc_hd__clkbuf_8)
                                                         clknet_leaf_71_clk (net)
                      0.085845    0.000375    1.445110 ^ _20799_/CLK (sky130_fd_sc_hd__dfxtp_1)
     2    0.025247    0.381961    0.865070    2.310180 ^ _20799_/Q (sky130_fd_sc_hd__dfxtp_1)
                                                         b_h[5] (net)
                      0.381961    0.000977    2.311157 ^ max_cap519/A (sky130_fd_sc_hd__buf_8)
    14    0.115722    0.295047    0.462702    2.773859 ^ max_cap519/X (sky130_fd_sc_hd__buf_8)
                                                         net519 (net)
                      0.295643    0.009782    2.783641 ^ wire517/A (sky130_fd_sc_hd__buf_8)
    19    0.125348    0.318853    0.449129    3.232770 ^ wire517/X (sky130_fd_sc_hd__buf_8)
                                                         net517 (net)
                      0.319465    0.011458    3.244228 ^ max_cap516/A (sky130_fd_sc_hd__buf_8)
    26    0.111667    0.286580    0.434385    3.678613 ^ max_cap516/X (sky130_fd_sc_hd__buf_8)
                                                         net516 (net)
                      0.287328    0.011931    3.690544 ^ _15654_/B (sky130_fd_sc_hd__nand2_1)
     3    0.016240    0.279858    0.347138    4.037682 v _15654_/Y (sky130_fd_sc_hd__nand2_1)
                                                         _06535_ (net)
                      0.279858    0.000399    4.038081 v _15662_/B1 (sky130_fd_sc_hd__a21oi_1)
     2    0.005961    0.267802    0.340848    4.378929 ^ _15662_/Y (sky130_fd_sc_hd__a21oi_1)
                                                         _06543_ (net)
                      0.267802    0.000199    4.379129 ^ _15664_/A2 (sky130_fd_sc_hd__a21oi_1)
     2    0.012594    0.234902    0.319627    4.698756 v _15664_/Y (sky130_fd_sc_hd__a21oi_1)
                                                         _06545_ (net)
                      0.234902    0.000299    4.699055 v max_cap347/A (sky130_fd_sc_hd__clkbuf_1)
     2    0.007806    0.102244    0.280497    4.979552 v max_cap347/X (sky130_fd_sc_hd__clkbuf_1)
                                                         net347 (net)
                      0.102244    0.000190    4.979742 v _15705_/A2 (sky130_fd_sc_hd__a21boi_2)
     2    0.007587    0.204286    0.283445    5.263187 ^ _15705_/Y (sky130_fd_sc_hd__a21boi_2)
                                                         _06585_ (net)
                      0.204286    0.000207    5.263394 ^ _15744_/B (sky130_fd_sc_hd__nand3_2)
     4    0.013826    0.224694    0.284809    5.548203 v _15744_/Y (sky130_fd_sc_hd__nand3_2)
                                                         _06624_ (net)
                      0.224694    0.000345    5.548548 v _15775_/A2_N (sky130_fd_sc_hd__o2bb2ai_1)
     1    0.004216    0.112442    0.316071    5.864619 v _15775_/Y (sky130_fd_sc_hd__o2bb2ai_1)
                                                         _06654_ (net)
                      0.112442    0.000150    5.864769 v wire214/A (sky130_fd_sc_hd__buf_1)
     1    0.009575    0.120398    0.237912    6.102681 v wire214/X (sky130_fd_sc_hd__buf_1)
                                                         net214 (net)
                      0.120398    0.000319    6.103000 v _15842_/B (sky130_fd_sc_hd__nand3_4)
     7    0.031472    0.195136    0.218942    6.321942 ^ _15842_/Y (sky130_fd_sc_hd__nand3_4)
                                                         _06721_ (net)
                      0.195136    0.000822    6.322765 ^ _15843_/A2 (sky130_fd_sc_hd__a21o_1)
     2    0.008444    0.134495    0.315782    6.638547 ^ _15843_/X (sky130_fd_sc_hd__a21o_1)
                                                         _06722_ (net)
                      0.134495    0.000229    6.638776 ^ _15850_/B1 (sky130_fd_sc_hd__o211ai_2)
     2    0.009809    0.198138    0.259281    6.898057 v _15850_/Y (sky130_fd_sc_hd__o211ai_2)
                                                         _06729_ (net)
                      0.198138    0.000203    6.898260 v max_cap176/A (sky130_fd_sc_hd__buf_4)
     5    0.025605    0.086742    0.350394    7.248654 v max_cap176/X (sky130_fd_sc_hd__buf_4)
                                                         net176 (net)
                      0.086745    0.000548    7.249202 v _15851_/B (sky130_fd_sc_hd__nand2_1)
     3    0.011987    0.199011    0.199527    7.448729 ^ _15851_/Y (sky130_fd_sc_hd__nand2_1)
                                                         _06730_ (net)
                      0.199011    0.000437    7.449166 ^ _15855_/C1 (sky130_fd_sc_hd__o211ai_2)
     2    0.009237    0.186568    0.250793    7.699959 v _15855_/Y (sky130_fd_sc_hd__o211ai_2)
                                                         _06734_ (net)
                      0.186568    0.000213    7.700172 v _15859_/A1_N (sky130_fd_sc_hd__o2bb2ai_2)
     2    0.014587    0.152904    0.334148    8.034320 v _15859_/Y (sky130_fd_sc_hd__o2bb2ai_2)
                                                         _06738_ (net)
                      0.152904    0.000571    8.034891 v _15968_/B2 (sky130_fd_sc_hd__o22ai_4)
     4    0.026513    0.410438    0.351487    8.386378 ^ _15968_/Y (sky130_fd_sc_hd__o22ai_4)
                                                         _06845_ (net)
                      0.410468    0.002623    8.389001 ^ _16185_/A2_N (sky130_fd_sc_hd__o2bb2ai_4)
     5    0.024139    0.314140    0.366965    8.755966 ^ _16185_/Y (sky130_fd_sc_hd__o2bb2ai_4)
                                                         _07060_ (net)
                      0.314141    0.001358    8.757324 ^ _16565_/A (sky130_fd_sc_hd__nand2_2)
     2    0.021695    0.210644    0.288702    9.046025 v _16565_/Y (sky130_fd_sc_hd__nand2_2)
                                                         _07438_ (net)
                      0.210646    0.001142    9.047168 v _16716_/B1 (sky130_fd_sc_hd__a22oi_4)
     3    0.047210    0.594879    0.570100    9.617269 ^ _16716_/Y (sky130_fd_sc_hd__a22oi_4)
                                                         _07587_ (net)
                      0.594900    0.002861    9.620129 ^ _17761_/A1 (sky130_fd_sc_hd__a21oi_4)
     3    0.026429    0.202835    0.346660    9.966789 v _17761_/Y (sky130_fd_sc_hd__a21oi_4)
                                                         _08624_ (net)
                      0.202851    0.001858    9.968648 v rebuffer163/A (sky130_fd_sc_hd__buf_1)
     1    0.003083    0.053840    0.225916   10.194564 v rebuffer163/X (sky130_fd_sc_hd__buf_1)
                                                         net958 (net)
                      0.053840    0.000092   10.194656 v _17917_/A2 (sky130_fd_sc_hd__o21bai_1)
     2    0.011681    0.439807    0.399474   10.594131 ^ _17917_/Y (sky130_fd_sc_hd__o21bai_1)
                                                         _08776_ (net)
                      0.439808    0.000481   10.594611 ^ _17949_/A (sky130_fd_sc_hd__nand2_1)
     1    0.004065    0.139436    0.240465   10.835075 v _17949_/Y (sky130_fd_sc_hd__nand2_1)
                                                         _08806_ (net)
                      0.139436    0.000134   10.835210 v _17952_/A2 (sky130_fd_sc_hd__a21oi_1)
     1    0.004202    0.208179    0.287974   11.123183 ^ _17952_/Y (sky130_fd_sc_hd__a21oi_1)
                                                         _08809_ (net)
                      0.208179    0.000131   11.123315 ^ _17954_/C (sky130_fd_sc_hd__nor3_1)
     1    0.002726    0.114722    0.130948   11.254263 v _17954_/Y (sky130_fd_sc_hd__nor3_1)
                                                         _00368_ (net)
                      0.114722    0.000083   11.254346 v _20728_/D (sky130_fd_sc_hd__dfxtp_1)
                                             11.254346   data arrival time

                                 10.000000   10.000000   clock clk (rise edge)
                                  0.000000   10.000000   clock source latency
     2    0.053445    0.244155    0.181099   10.181099 ^ clk (in)
                                                         clk (net)
                      0.244175    0.000000   10.181099 ^ clkbuf_0_clk/A (sky130_fd_sc_hd__clkbuf_16)
     8    0.221784    0.347387    0.518927   10.700027 ^ clkbuf_0_clk/X (sky130_fd_sc_hd__clkbuf_16)
                                                         clknet_0_clk (net)
                      0.348130    0.011874   10.711900 ^ clkbuf_3_2__f_clk/A (sky130_fd_sc_hd__clkbuf_16)
    10    0.106987    0.187059    0.442804   11.154704 ^ clkbuf_3_2__f_clk/X (sky130_fd_sc_hd__clkbuf_16)
                                                         clknet_3_2__leaf_clk (net)
                      0.187131    0.003563   11.158268 ^ clkbuf_leaf_8_clk/A (sky130_fd_sc_hd__clkbuf_8)
     7    0.047337    0.147603    0.344909   11.503177 ^ clkbuf_leaf_8_clk/X (sky130_fd_sc_hd__clkbuf_8)
                                                         clknet_leaf_8_clk (net)
                      0.147604    0.000788   11.503964 ^ _20728_/CLK (sky130_fd_sc_hd__dfxtp_1)
                                 -0.200000   11.303965   clock uncertainty
                                  0.000000   11.303965   clock reconvergence pessimism
                                 -0.266642   11.037322   library setup time
                                             11.037322   data required time
---------------------------------------------------------------------------------------------
                                             11.037322   data required time
                                            -11.254346   data arrival time
---------------------------------------------------------------------------------------------
                                             -0.217025   slack (VIOLATED)




===========================================================================
report_checks --slack_max -0.01
============================================================================
======================= nom_ss_100C_1v60 Corner ===================================

Startpoint: _20799_ (rising edge-triggered flip-flop clocked by clk)
Endpoint: _20728_ (rising edge-triggered flip-flop clocked by clk)
Path Group: clk
Path Type: max

Fanout         Cap        Slew       Delay        Time   Description
---------------------------------------------------------------------------------------------
                                  0.000000    0.000000   clock clk (rise edge)
                                  0.000000    0.000000   clock source latency
     2    0.053445    0.244155    0.181099    0.181099 ^ clk (in)
                                                         clk (net)
                      0.244175    0.000000    0.181099 ^ clkbuf_0_clk/A (sky130_fd_sc_hd__clkbuf_16)
     8    0.221784    0.347387    0.518927    0.700026 ^ clkbuf_0_clk/X (sky130_fd_sc_hd__clkbuf_16)
                                                         clknet_0_clk (net)
                      0.347862    0.008942    0.708968 ^ clkbuf_3_0__f_clk/A (sky130_fd_sc_hd__clkbuf_16)
    11    0.105821    0.186245    0.440557    1.149525 ^ clkbuf_3_0__f_clk/X (sky130_fd_sc_hd__clkbuf_16)
                                                         clknet_3_0__leaf_clk (net)
                      0.186326    0.003829    1.153354 ^ clkbuf_leaf_71_clk/A (sky130_fd_sc_hd__clkbuf_8)
     5    0.020988    0.085845    0.291381    1.444735 ^ clkbuf_leaf_71_clk/X (sky130_fd_sc_hd__clkbuf_8)
                                                         clknet_leaf_71_clk (net)
                      0.085845    0.000375    1.445110 ^ _20799_/CLK (sky130_fd_sc_hd__dfxtp_1)
     2    0.025247    0.381961    0.865070    2.310180 ^ _20799_/Q (sky130_fd_sc_hd__dfxtp_1)
                                                         b_h[5] (net)
                      0.381961    0.000977    2.311157 ^ max_cap519/A (sky130_fd_sc_hd__buf_8)
    14    0.115722    0.295047    0.462702    2.773859 ^ max_cap519/X (sky130_fd_sc_hd__buf_8)
                                                         net519 (net)
                      0.295643    0.009782    2.783641 ^ wire517/A (sky130_fd_sc_hd__buf_8)
    19    0.125348    0.318853    0.449129    3.232770 ^ wire517/X (sky130_fd_sc_hd__buf_8)
                                                         net517 (net)
                      0.319465    0.011458    3.244228 ^ max_cap516/A (sky130_fd_sc_hd__buf_8)
    26    0.111667    0.286580    0.434385    3.678613 ^ max_cap516/X (sky130_fd_sc_hd__buf_8)
                                                         net516 (net)
                      0.287328    0.011931    3.690544 ^ _15654_/B (sky130_fd_sc_hd__nand2_1)
     3    0.016240    0.279858    0.347138    4.037682 v _15654_/Y (sky130_fd_sc_hd__nand2_1)
                                                         _06535_ (net)
                      0.279858    0.000399    4.038081 v _15662_/B1 (sky130_fd_sc_hd__a21oi_1)
     2    0.005961    0.267802    0.340848    4.378929 ^ _15662_/Y (sky130_fd_sc_hd__a21oi_1)
                                                         _06543_ (net)
                      0.267802    0.000199    4.379129 ^ _15664_/A2 (sky130_fd_sc_hd__a21oi_1)
     2    0.012594    0.234902    0.319627    4.698756 v _15664_/Y (sky130_fd_sc_hd__a21oi_1)
                                                         _06545_ (net)
                      0.234902    0.000299    4.699055 v max_cap347/A (sky130_fd_sc_hd__clkbuf_1)
     2    0.007806    0.102244    0.280497    4.979552 v max_cap347/X (sky130_fd_sc_hd__clkbuf_1)
                                                         net347 (net)
                      0.102244    0.000190    4.979742 v _15705_/A2 (sky130_fd_sc_hd__a21boi_2)
     2    0.007587    0.204286    0.283445    5.263187 ^ _15705_/Y (sky130_fd_sc_hd__a21boi_2)
                                                         _06585_ (net)
                      0.204286    0.000207    5.263394 ^ _15744_/B (sky130_fd_sc_hd__nand3_2)
     4    0.013826    0.224694    0.284809    5.548203 v _15744_/Y (sky130_fd_sc_hd__nand3_2)
                                                         _06624_ (net)
                      0.224694    0.000345    5.548548 v _15775_/A2_N (sky130_fd_sc_hd__o2bb2ai_1)
     1    0.004216    0.112442    0.316071    5.864619 v _15775_/Y (sky130_fd_sc_hd__o2bb2ai_1)
                                                         _06654_ (net)
                      0.112442    0.000150    5.864769 v wire214/A (sky130_fd_sc_hd__buf_1)
     1    0.009575    0.120398    0.237912    6.102681 v wire214/X (sky130_fd_sc_hd__buf_1)
                                                         net214 (net)
                      0.120398    0.000319    6.103000 v _15842_/B (sky130_fd_sc_hd__nand3_4)
     7    0.031472    0.195136    0.218942    6.321942 ^ _15842_/Y (sky130_fd_sc_hd__nand3_4)
                                                         _06721_ (net)
                      0.195136    0.000822    6.322765 ^ _15843_/A2 (sky130_fd_sc_hd__a21o_1)
     2    0.008444    0.134495    0.315782    6.638547 ^ _15843_/X (sky130_fd_sc_hd__a21o_1)
                                                         _06722_ (net)
                      0.134495    0.000229    6.638776 ^ _15850_/B1 (sky130_fd_sc_hd__o211ai_2)
     2    0.009809    0.198138    0.259281    6.898057 v _15850_/Y (sky130_fd_sc_hd__o211ai_2)
                                                         _06729_ (net)
                      0.198138    0.000203    6.898260 v max_cap176/A (sky130_fd_sc_hd__buf_4)
     5    0.025605    0.086742    0.350394    7.248654 v max_cap176/X (sky130_fd_sc_hd__buf_4)
                                                         net176 (net)
                      0.086745    0.000548    7.249202 v _15851_/B (sky130_fd_sc_hd__nand2_1)
     3    0.011987    0.199011    0.199527    7.448729 ^ _15851_/Y (sky130_fd_sc_hd__nand2_1)
                                                         _06730_ (net)
                      0.199011    0.000437    7.449166 ^ _15855_/C1 (sky130_fd_sc_hd__o211ai_2)
     2    0.009237    0.186568    0.250793    7.699959 v _15855_/Y (sky130_fd_sc_hd__o211ai_2)
                                                         _06734_ (net)
                      0.186568    0.000213    7.700172 v _15859_/A1_N (sky130_fd_sc_hd__o2bb2ai_2)
     2    0.014587    0.152904    0.334148    8.034320 v _15859_/Y (sky130_fd_sc_hd__o2bb2ai_2)
                                                         _06738_ (net)
                      0.152904    0.000571    8.034891 v _15968_/B2 (sky130_fd_sc_hd__o22ai_4)
     4    0.026513    0.410438    0.351487    8.386378 ^ _15968_/Y (sky130_fd_sc_hd__o22ai_4)
                                                         _06845_ (net)
                      0.410468    0.002623    8.389001 ^ _16185_/A2_N (sky130_fd_sc_hd__o2bb2ai_4)
     5    0.024139    0.314140    0.366965    8.755966 ^ _16185_/Y (sky130_fd_sc_hd__o2bb2ai_4)
                                                         _07060_ (net)
                      0.314141    0.001358    8.757324 ^ _16565_/A (sky130_fd_sc_hd__nand2_2)
     2    0.021695    0.210644    0.288702    9.046025 v _16565_/Y (sky130_fd_sc_hd__nand2_2)
                                                         _07438_ (net)
                      0.210646    0.001142    9.047168 v _16716_/B1 (sky130_fd_sc_hd__a22oi_4)
     3    0.047210    0.594879    0.570100    9.617269 ^ _16716_/Y (sky130_fd_sc_hd__a22oi_4)
                                                         _07587_ (net)
                      0.594900    0.002861    9.620129 ^ _17761_/A1 (sky130_fd_sc_hd__a21oi_4)
     3    0.026429    0.202835    0.346660    9.966789 v _17761_/Y (sky130_fd_sc_hd__a21oi_4)
                                                         _08624_ (net)
                      0.202851    0.001858    9.968648 v rebuffer163/A (sky130_fd_sc_hd__buf_1)
     1    0.003083    0.053840    0.225916   10.194564 v rebuffer163/X (sky130_fd_sc_hd__buf_1)
                                                         net958 (net)
                      0.053840    0.000092   10.194656 v _17917_/A2 (sky130_fd_sc_hd__o21bai_1)
     2    0.011681    0.439807    0.399474   10.594131 ^ _17917_/Y (sky130_fd_sc_hd__o21bai_1)
                                                         _08776_ (net)
                      0.439808    0.000481   10.594611 ^ _17949_/A (sky130_fd_sc_hd__nand2_1)
     1    0.004065    0.139436    0.240465   10.835075 v _17949_/Y (sky130_fd_sc_hd__nand2_1)
                                                         _08806_ (net)
                      0.139436    0.000134   10.835210 v _17952_/A2 (sky130_fd_sc_hd__a21oi_1)
     1    0.004202    0.208179    0.287974   11.123183 ^ _17952_/Y (sky130_fd_sc_hd__a21oi_1)
                                                         _08809_ (net)
                      0.208179    0.000131   11.123315 ^ _17954_/C (sky130_fd_sc_hd__nor3_1)
     1    0.002726    0.114722    0.130948   11.254263 v _17954_/Y (sky130_fd_sc_hd__nor3_1)
                                                         _00368_ (net)
                      0.114722    0.000083   11.254346 v _20728_/D (sky130_fd_sc_hd__dfxtp_1)
                                             11.254346   data arrival time

                                 10.000000   10.000000   clock clk (rise edge)
                                  0.000000   10.000000   clock source latency
     2    0.053445    0.244155    0.181099   10.181099 ^ clk (in)
                                                         clk (net)
                      0.244175    0.000000   10.181099 ^ clkbuf_0_clk/A (sky130_fd_sc_hd__clkbuf_16)
     8    0.221784    0.347387    0.518927   10.700027 ^ clkbuf_0_clk/X (sky130_fd_sc_hd__clkbuf_16)
                                                         clknet_0_clk (net)
                      0.348130    0.011874   10.711900 ^ clkbuf_3_2__f_clk/A (sky130_fd_sc_hd__clkbuf_16)
    10    0.106987    0.187059    0.442804   11.154704 ^ clkbuf_3_2__f_clk/X (sky130_fd_sc_hd__clkbuf_16)
                                                         clknet_3_2__leaf_clk (net)
                      0.187131    0.003563   11.158268 ^ clkbuf_leaf_8_clk/A (sky130_fd_sc_hd__clkbuf_8)
     7    0.047337    0.147603    0.344909   11.503177 ^ clkbuf_leaf_8_clk/X (sky130_fd_sc_hd__clkbuf_8)
                                                         clknet_leaf_8_clk (net)
                      0.147604    0.000788   11.503964 ^ _20728_/CLK (sky130_fd_sc_hd__dfxtp_1)
                                 -0.200000   11.303965   clock uncertainty
                                  0.000000   11.303965   clock reconvergence pessimism
                                 -0.266642   11.037322   library setup time
                                             11.037322   data required time
---------------------------------------------------------------------------------------------
                                             11.037322   data required time
                                            -11.254346   data arrival time
---------------------------------------------------------------------------------------------
                                             -0.217025   slack (VIOLATED)




===========================================================================
 report_check_types -max_slew -max_cap -max_fanout -violators
============================================================================
======================= nom_ss_100C_1v60 Corner ===================================



===========================================================================
report_parasitic_annotation -report_unannotated
============================================================================
Found 60 unannotated drivers.
 clkload0/Y
 clkload1/Y
 clkload10/Y
 clkload11/Y
 clkload12/Y
 clkload13/Y
 clkload14/Y
 clkload15/Y
 clkload16/X
 clkload17/Y
 clkload18/Y
 clkload19/Y
 clkload2/Y
 clkload20/Y
 clkload21/Y
 clkload22/Y
 clkload23/Y
 clkload24/Y
 clkload25/Y
 clkload26/X
 clkload27/Y
 clkload28/Y
 clkload29/Y
 clkload3/Y
 clkload30/Y
 clkload31/Y
 clkload32/Y
 clkload33/Y
 clkload34/Y
 clkload35/Y
 clkload36/Y
 clkload37/Y
 clkload38/X
 clkload39/X
 clkload4/Y
 clkload40/Y
 clkload41/Y
 clkload42/Y
 clkload43/Y
 clkload44/Y
 clkload45/Y
 clkload46/Y
 clkload47/Y
 clkload48/Y
 clkload49/Y
 clkload5/Y
 clkload50/Y
 clkload51/Y
 clkload52/Y
 clkload53/Y
 clkload54/Y
 clkload55/Y
 clkload56/Y
 clkload57/Y
 clkload58/Y
 clkload59/Y
 clkload6/Y
 clkload7/Y
 clkload8/Y
 clkload9/X
Found 0 partially unannotated drivers.

===========================================================================
max slew violation count 0
max fanout violation count 0
max cap violation count 0
============================================================================

===========================================================================
check_setup -verbose -unconstrained_endpoints -multiple_clock -no_clock -no_input_delay -loops -generated_clocks
===========================================================================
