Clock: clk
Sources: clk 
Generated: no
Virtual: yes
Propagated: no
Period: 10.000000

===========================================================================
report_clock_properties
============================================================================
Clock                   Period          Waveform
----------------------------------------------------
clk                  10.000000    0.000000  5.000000

===========================================================================
report_clock_latency
============================================================================
Clock clk
rise -> rise
    min     max
0.000000 0.000000 source latency
1.151419         network latency _20800_/CLK
        1.519738 network latency _20646_/CLK
---------------
1.151419 1.519738 latency
        0.368319 skew

fall -> fall
    min     max
0.000000 0.000000 source latency
0.987106         network latency _20800_/CLK
        1.331962 network latency _20646_/CLK
---------------
0.987106 1.331962 latency
        0.344857 skew



===========================================================================
report_clock_min_period
============================================================================
clk period_min = 10.22 fmax = 97.88
