if {[file exists ~/openlane2/my_script/script_matt.tcl]} {
    source ~/openlane2/my_script/script_matt.tcl
}
Reading OpenROAD database at '/home/hien/openlane2/designs/highspeed_pipelined_multiplier/runs/opti_2/25-odb-customioplacement/pipelined_mult.odb'…
Reading library file at '/home/hien/.volare/volare/sky130/versions/0fe599b2afb6708d281543108caf8310912f54af/sky130A/libs.ref/sky130_fd_sc_hd/lib/sky130_fd_sc_hd__tt_025C_1v80.lib'…
Reading design constraints file at '/home/hien/openlane2/designs/highspeed_pipelined_multiplier/src/pnr.sdc'…
[INFO] No information on clock propagation in input SDC file-- propagating all clocks.
[INFO] Setting RC values…
[INFO] Setting signal min routing layer to: met1 and clock min routing layer to met1. 
[INFO] Setting signal max routing layer to: met5 and clock max routing layer to met5. 
+ global_placement -density 0.7 -timing_driven -routability_driven -pad_right 0 -pad_left 0 -init_wirelength_coef 0.25
[INFO GPL-0002] DBU: 1000
[INFO GPL-0003] SiteSize: (  0.460  2.720 ) um
[INFO GPL-0004] CoreBBox: (  5.520 10.880 ) ( 410.320 413.440 ) um
[INFO GPL-0006] NumInstances:             13251
[INFO GPL-0007] NumPlaceInstances:        10630
[INFO GPL-0008] NumFixedInstances:         2621
[INFO GPL-0009] NumDummyInstances:            0
[INFO GPL-0010] NumNets:                  10696
[INFO GPL-0011] NumPins:                  43293
[INFO GPL-0012] DieBBox:  (  0.000  0.000 ) ( 415.845 426.565 ) um
[INFO GPL-0013] CoreBBox: (  5.520 10.880 ) ( 410.320 413.440 ) um
[INFO GPL-0016] CoreArea:            162956.288 um^2
[INFO GPL-0017] NonPlaceInstsArea:     4020.106 um^2
[INFO GPL-0018] PlaceInstsArea:      106514.656 um^2
[INFO GPL-0019] Util:                    67.017 %
[INFO GPL-0020] StdInstsArea:        106514.656 um^2
[INFO GPL-0021] MacroInstsArea:           0.000 um^2
[InitialPlace]  Iter: 1 CG residual: 0.00061488 HPWL: 290304523
[InitialPlace]  Iter: 2 CG residual: 0.00047014 HPWL: 127636722
[InitialPlace]  Iter: 3 CG residual: 0.00007507 HPWL: 127674725
[InitialPlace]  Iter: 4 CG residual: 0.00005499 HPWL: 128283566
[InitialPlace]  Iter: 5 CG residual: 0.00005018 HPWL: 128128308
[InitialPlace]  Iter: 6 CG residual: 0.00005607 HPWL: 128377972
[InitialPlace]  Iter: 7 CG residual: 0.00003929 HPWL: 128193664
[InitialPlace]  Iter: 8 CG residual: 0.00005476 HPWL: 128421255
[InitialPlace]  Iter: 9 CG residual: 0.00003831 HPWL: 128212739
[InitialPlace]  Iter: 10 CG residual: 0.00003780 HPWL: 128426027
[InitialPlace]  Iter: 11 CG residual: 0.00003903 HPWL: 128234799
[InitialPlace]  Iter: 12 CG residual: 0.00003831 HPWL: 128445988
[InitialPlace]  Iter: 13 CG residual: 0.00003944 HPWL: 128223714
[InitialPlace]  Iter: 14 CG residual: 0.00003930 HPWL: 128460174
[InitialPlace]  Iter: 15 CG residual: 0.00003652 HPWL: 128231736
[InitialPlace]  Iter: 16 CG residual: 0.00039436 HPWL: 128441637
[InitialPlace]  Iter: 17 CG residual: 0.00003332 HPWL: 128263101
[InitialPlace]  Iter: 18 CG residual: 0.00007496 HPWL: 128440743
[InitialPlace]  Iter: 19 CG residual: 0.00002217 HPWL: 128227221
[InitialPlace]  Iter: 20 CG residual: 0.00002738 HPWL: 128429974
[INFO GPL-0031] FillerInit:NumGCells:     11119
[INFO GPL-0032] FillerInit:NumGNets:      10696
[INFO GPL-0033] FillerInit:NumGPins:      43293
[INFO GPL-0023] TargetDensity:            0.700
[INFO GPL-0024] AvrgPlaceInstArea:       10.020 um^2
[INFO GPL-0025] IdealBinArea:            14.315 um^2
[INFO GPL-0026] IdealBinCnt:              11383
[INFO GPL-0027] TotalBinArea:        162956.288 um^2
[INFO GPL-0028] BinCnt:        64     64
[INFO GPL-0029] BinSize: (  6.325  6.290 )
[INFO GPL-0030] NumBins: 4096
[NesterovSolve] Iter:    1 overflow: 0.961 HPWL: 60789511
[NesterovSolve] Iter:   10 overflow: 0.920 HPWL: 67840867
[NesterovSolve] Iter:   20 overflow: 0.892 HPWL: 69319868
[NesterovSolve] Iter:   30 overflow: 0.877 HPWL: 73470132
[NesterovSolve] Iter:   40 overflow: 0.871 HPWL: 76741349
[NesterovSolve] Iter:   50 overflow: 0.870 HPWL: 77876034
[NesterovSolve] Iter:   60 overflow: 0.871 HPWL: 77318584
[NesterovSolve] Iter:   70 overflow: 0.872 HPWL: 76429695
[NesterovSolve] Iter:   80 overflow: 0.872 HPWL: 76015058
[NesterovSolve] Iter:   90 overflow: 0.872 HPWL: 76019320
[NesterovSolve] Iter:  100 overflow: 0.872 HPWL: 76215743
[NesterovSolve] Iter:  110 overflow: 0.872 HPWL: 76536426
[NesterovSolve] Iter:  120 overflow: 0.872 HPWL: 76987537
[NesterovSolve] Iter:  130 overflow: 0.870 HPWL: 77729545
[NesterovSolve] Iter:  140 overflow: 0.868 HPWL: 79019503
[NesterovSolve] Iter:  150 overflow: 0.864 HPWL: 81132872
[NesterovSolve] Iter:  160 overflow: 0.859 HPWL: 84220735
[NesterovSolve] Iter:  170 overflow: 0.851 HPWL: 88237582
[NesterovSolve] Iter:  180 overflow: 0.840 HPWL: 93079654
[NesterovSolve] Iter:  190 overflow: 0.825 HPWL: 98735946
[NesterovSolve] Iter:  200 overflow: 0.805 HPWL: 105374236
[INFO GPL-0100] Timing-driven: executing resizer for reweighting nets.
[INFO GPL-0101] Timing-driven: worst slack 3.79e-09
[INFO GPL-0103] Timing-driven: weighted 1069 nets.
[NesterovSolve] Iter:  210 overflow: 0.780 HPWL: 112743857
[NesterovSolve] Iter:  220 overflow: 0.753 HPWL: 121624315
[NesterovSolve] Iter:  230 overflow: 0.723 HPWL: 129655129
[NesterovSolve] Iter:  240 overflow: 0.688 HPWL: 138419959
[NesterovSolve] Iter:  250 overflow: 0.646 HPWL: 147845743
[INFO GPL-0100] Timing-driven: executing resizer for reweighting nets.
[INFO GPL-0101] Timing-driven: worst slack 3.57e-09
[INFO GPL-0103] Timing-driven: weighted 1069 nets.
[NesterovSolve] Iter:  260 overflow: 0.605 HPWL: 155464695
[NesterovSolve] Snapshot saved at iter = 261
[NesterovSolve] Iter:  270 overflow: 0.568 HPWL: 163074430
[NesterovSolve] Iter:  280 overflow: 0.529 HPWL: 170769820
[NesterovSolve] Iter:  290 overflow: 0.487 HPWL: 176198861
[INFO GPL-0100] Timing-driven: executing resizer for reweighting nets.
[INFO GPL-0101] Timing-driven: worst slack 3.53e-09
[INFO GPL-0103] Timing-driven: weighted 1069 nets.
[NesterovSolve] Iter:  300 overflow: 0.444 HPWL: 179953409
[NesterovSolve] Iter:  310 overflow: 0.400 HPWL: 184808330
[NesterovSolve] Iter:  320 overflow: 0.357 HPWL: 188227692
[NesterovSolve] Iter:  330 overflow: 0.325 HPWL: 191782538
[NesterovSolve] Iter:  340 overflow: 0.300 HPWL: 193968824
[INFO GPL-0075] Routability numCall: 1 inflationIterCnt: 1 bloatIterCnt: 0
[INFO GPL-0036] TileBBox: (    0    0 ) ( 6900 6900 ) DBU
[INFO GPL-0038] TileCnt:      60   61
[INFO GPL-0040] NumTiles: 3660
[INFO GPL-0081] TotalRouteOverflow: 0.20344054698944092
[INFO GPL-0082] OverflowTileCnt: 5
[INFO GPL-0083] 0.5%RC: 0.9662947341015464
[INFO GPL-0084] 1.0%RC: 0.9407735241426004
[INFO GPL-0085] 2.0%RC: 0.9100125609217463
[INFO GPL-0086] 5.0%RC: 0.869785956997689
[INFO GPL-0087] FinalRC: 0.9535341
[INFO GPL-0077] FinalRC lower than targetRC(1.01), routability not needed.
[INFO GPL-0100] Timing-driven: executing resizer for reweighting nets.
[INFO GPL-0101] Timing-driven: worst slack 3.4e-09
[INFO GPL-0103] Timing-driven: weighted 1069 nets.
[NesterovSolve] Iter:  350 overflow: 0.272 HPWL: 196837442
[NesterovSolve] Iter:  360 overflow: 0.249 HPWL: 198519761
[NesterovSolve] Iter:  370 overflow: 0.228 HPWL: 199123093
[NesterovSolve] Iter:  380 overflow: 0.208 HPWL: 200013567
[INFO GPL-0100] Timing-driven: executing resizer for reweighting nets.
[INFO GPL-0101] Timing-driven: worst slack 3.44e-09
[INFO GPL-0103] Timing-driven: weighted 1069 nets.
[NesterovSolve] Iter:  390 overflow: 0.187 HPWL: 200686487
[NesterovSolve] Iter:  400 overflow: 0.169 HPWL: 201702284
[NesterovSolve] Iter:  410 overflow: 0.150 HPWL: 202311423
[INFO GPL-0100] Timing-driven: executing resizer for reweighting nets.
[INFO GPL-0101] Timing-driven: worst slack 3.4e-09
[INFO GPL-0103] Timing-driven: weighted 1069 nets.
[NesterovSolve] Iter:  420 overflow: 0.132 HPWL: 202920180
[NesterovSolve] Iter:  430 overflow: 0.114 HPWL: 203355703
[NesterovSolve] Iter:  440 overflow: 0.099 HPWL: 204093289
[NesterovSolve] Finished with Overflow: 0.099352
[INFO] Setting RC values…
Setting global connections for newly added cells…
[INFO] Setting global connections...
Updating metrics…
Cell type report:                       Count       Area
  Fill cell                               296    1111.07
  Tap cell                               2325    2909.04
  Inverter                                178     668.14
  Sequential cell                         450    9571.68
  Multi-Input combinational cell        10002   96274.84
  Total                                 13251  110534.76
Writing OpenROAD database to '/home/hien/openlane2/designs/highspeed_pipelined_multiplier/runs/opti_2/27-openroad-globalplacement/pipelined_mult.odb'…
Writing netlist to '/home/hien/openlane2/designs/highspeed_pipelined_multiplier/runs/opti_2/27-openroad-globalplacement/pipelined_mult.nl.v'…
Writing powered netlist to '/home/hien/openlane2/designs/highspeed_pipelined_multiplier/runs/opti_2/27-openroad-globalplacement/pipelined_mult.pnl.v'…
Writing layout to '/home/hien/openlane2/designs/highspeed_pipelined_multiplier/runs/opti_2/27-openroad-globalplacement/pipelined_mult.def'…
Writing timing constraints to '/home/hien/openlane2/designs/highspeed_pipelined_multiplier/runs/opti_2/27-openroad-globalplacement/pipelined_mult.sdc'…
