if {[file exists ~/openlane2/my_script/script_matt.tcl]} {
    source ~/openlane2/my_script/script_matt.tcl
}
Reading timing models for corner nom_tt_025C_1v80…
Reading timing library for the 'nom_tt_025C_1v80' corner at '/home/hien/.volare/volare/sky130/versions/0fe599b2afb6708d281543108caf8310912f54af/sky130A/libs.ref/sky130_fd_sc_hd/lib/sky130_fd_sc_hd__tt_025C_1v80.lib'…
Reading timing models for corner nom_ff_n40C_1v95…
Reading timing library for the 'nom_ff_n40C_1v95' corner at '/home/hien/.volare/volare/sky130/versions/0fe599b2afb6708d281543108caf8310912f54af/sky130A/libs.ref/sky130_fd_sc_hd/lib/sky130_fd_sc_hd__ff_n40C_1v95.lib'…
Reading timing models for corner nom_ss_100C_1v60…
Reading timing library for the 'nom_ss_100C_1v60' corner at '/home/hien/.volare/volare/sky130/versions/0fe599b2afb6708d281543108caf8310912f54af/sky130A/libs.ref/sky130_fd_sc_hd/lib/sky130_fd_sc_hd__ss_100C_1v60.lib'…
Reading OpenROAD database at '/home/hien/openlane2/designs/highspeed_pipelined_multiplier/runs/opti_6/34-openroad-cts/pipelined_mult.odb'…
Reading design constraints file at '/home/hien/openlane2/designs/highspeed_pipelined_multiplier/src/pnr.sdc'…
[INFO] No information on clock propagation in input SDC file-- propagating all clocks.
[INFO] Setting RC values…
[INFO RSZ-0094] Found 78 endpoints with setup violations.
[INFO RSZ-0099] Repairing 78 out of 78 (100.00%) violating endpoints...
   Iter   | Removed | Resized | Inserted | Cloned |  Pin  |    WNS   |   TNS      |  Viol  | Worst
          | Buffers |  Gates  | Buffers  |  Gates | Swaps |          |            | Endpts | Endpt
---------------------------------------------------------------------------------------------------
        0 |       0 |       0 |        0 |      0 |     0 |   -1.762 |      -85.9 |     78 | _20661_/D
       10 |       0 |       8 |        8 |      0 |     0 |   -1.633 |      -81.5 |     78 | _20696_/D
       20 |       0 |      18 |        8 |      0 |     0 |   -1.441 |      -76.3 |     78 | _20687_/D
       30 |       0 |      28 |        8 |      0 |     0 |   -1.391 |      -71.3 |     78 | _20696_/D
       40 |       0 |      38 |        8 |      0 |     0 |   -1.332 |      -69.0 |     78 | _20661_/D
       50 |       0 |      48 |        8 |      0 |     0 |   -1.312 |      -67.8 |     78 | _20695_/D
       60 |       0 |      58 |        8 |      0 |     0 |   -1.261 |      -66.1 |     78 | _20757_/D
       70 |       0 |      67 |       15 |      0 |     0 |   -1.222 |      -64.6 |     78 | _20687_/D
       80 |       0 |      75 |       15 |      0 |     2 |   -1.222 |      -64.0 |     78 | _20695_/D
       90 |       0 |      83 |       20 |      0 |     3 |   -1.193 |      -62.6 |     78 | _20695_/D
      100 |       0 |      93 |       20 |      0 |     3 |   -1.158 |      -60.9 |     78 | _20661_/D
      110 |       0 |     102 |       27 |      0 |     3 |   -1.135 |      -57.0 |     78 | _20696_/D
      120 |       0 |     110 |       27 |      1 |     4 |   -1.108 |      -55.6 |     78 | _20757_/D
      130 |       0 |     119 |       27 |      1 |     5 |   -1.075 |      -53.8 |     78 | _20695_/D
      140 |       0 |     128 |       30 |      1 |     5 |   -1.098 |      -52.6 |     78 | _20728_/D
      150 |       0 |     138 |       30 |      1 |     5 |   -1.029 |      -50.6 |     78 | _20728_/D
      160 |       0 |     147 |       34 |      1 |     5 |   -1.007 |      -50.1 |     78 | _20757_/D
      170 |       0 |     151 |       65 |      1 |     6 |   -0.984 |      -48.2 |     78 | _20757_/D
      180 |       0 |     160 |       65 |      1 |     7 |   -0.979 |      -46.9 |     78 | _20661_/D
      190 |       0 |     169 |       65 |      1 |     8 |   -0.938 |      -45.9 |     78 | _20661_/D
      200 |       0 |     178 |       65 |      1 |     9 |   -0.921 |      -45.1 |     78 | _20728_/D
      210 |       0 |     188 |       65 |      1 |     9 |   -0.905 |      -44.4 |     78 | _20661_/D
      220 |       0 |     197 |       65 |      1 |    10 |   -0.892 |      -43.5 |     78 | _20728_/D
      230 |       0 |     206 |       65 |      1 |    11 |   -0.878 |      -43.0 |     78 | _20728_/D
      240 |       0 |     216 |       65 |      1 |    11 |   -0.862 |      -42.3 |     78 | _20687_/D
      250 |       1 |     224 |       69 |      1 |    11 |   -0.846 |      -41.2 |     78 | _20728_/D
      260 |       1 |     232 |       77 |      1 |    11 |   -0.821 |      -40.5 |     78 | _20728_/D
      270 |       1 |     239 |       79 |      1 |    13 |   -0.808 |      -39.5 |     78 | _20659_/D
      280 |       1 |     247 |       79 |      1 |    15 |   -0.816 |      -38.9 |     78 | _20661_/D
      290 |       1 |     256 |       79 |      1 |    16 |   -0.788 |      -38.3 |     78 | _20661_/D
      300 |       1 |     265 |       79 |      1 |    17 |   -0.791 |      -37.7 |     78 | _20661_/D
      310 |       1 |     270 |       81 |      1 |    21 |   -0.802 |      -37.1 |     78 | _20661_/D
      320 |       2 |     277 |       83 |      1 |    22 |   -0.763 |      -35.4 |     78 | _20757_/D
      330 |       2 |     284 |       85 |      1 |    24 |   -0.753 |      -35.5 |     78 | _20727_/D
      340 |       2 |     291 |       85 |      1 |    27 |   -0.748 |      -35.2 |     78 | _20753_/D
      350 |       2 |     299 |       94 |      1 |    27 |   -0.757 |      -34.5 |     78 | _20757_/D
      360 |       2 |     307 |       96 |      1 |    28 |   -0.726 |      -32.9 |     78 | _20757_/D
      370 |       2 |     315 |       96 |      2 |    29 |   -0.716 |      -31.8 |     78 | _20757_/D
      380 |       2 |     324 |       99 |      2 |    29 |   -0.728 |      -31.3 |     78 | _20753_/D
      390 |       2 |     330 |      108 |      2 |    30 |   -0.692 |      -31.6 |     78 | _20681_/D
      400 |       2 |     338 |      112 |      2 |    30 |   -0.688 |      -31.5 |     78 | _20757_/D
      410 |       2 |     347 |      115 |      2 |    30 |   -0.687 |      -30.4 |     78 | _20727_/D
      420 |       2 |     355 |      120 |      2 |    30 |   -0.657 |      -28.6 |     78 | _20661_/D
      430 |       2 |     362 |      124 |      2 |    31 |   -0.645 |      -27.8 |     78 | _20687_/D
      440 |       2 |     370 |      124 |      3 |    32 |   -0.630 |      -27.1 |     78 | _20755_/D
      450 |       2 |     378 |      124 |      4 |    33 |   -0.656 |      -26.0 |     78 | _20728_/D
      460 |       2 |     388 |      124 |      4 |    33 |   -0.637 |      -25.9 |     78 | _20728_/D
      470 |       2 |     393 |      124 |      5 |    37 |   -0.654 |      -25.4 |     78 | _20727_/D
      480 |       2 |     402 |      124 |      5 |    38 |   -0.596 |      -24.7 |     78 | _20727_/D
      490 |       2 |     411 |      126 |      5 |    38 |   -0.589 |      -24.2 |     78 | _20728_/D
      500 |       2 |     419 |      129 |      5 |    39 |   -0.582 |      -23.9 |     78 | _20661_/D
      510 |       2 |     427 |      131 |      5 |    40 |   -0.585 |      -23.6 |     78 | _20728_/D
      520 |       2 |     436 |      133 |      5 |    40 |   -0.574 |      -23.4 |     78 | _20695_/D
      530 |       2 |     444 |      135 |      5 |    41 |   -0.566 |      -22.8 |     78 | _20687_/D
      540 |       2 |     453 |      135 |      5 |    42 |   -0.554 |      -22.3 |     78 | _20727_/D
      550 |       2 |     462 |      137 |      5 |    42 |   -0.574 |      -22.1 |     78 | _20687_/D
      560 |       2 |     468 |      146 |      6 |    44 |   -0.541 |      -21.5 |     78 | _20687_/D
      570 |       2 |     476 |      146 |      7 |    45 |   -0.537 |      -20.9 |     78 | _20728_/D
      580 |       2 |     485 |      151 |      7 |    45 |   -0.527 |      -20.6 |     78 | _20661_/D
      590 |       2 |     492 |      153 |      7 |    47 |   -0.523 |      -20.5 |     78 | _20728_/D
      600 |       2 |     502 |      153 |      7 |    47 |   -0.534 |      -20.2 |     78 | _20695_/D
      610 |       2 |     509 |      161 |      7 |    48 |   -0.508 |      -19.6 |     78 | _20727_/D
      620 |       2 |     518 |      161 |      7 |    49 |   -0.523 |      -19.2 |     78 | _20661_/D
      630 |       2 |     527 |      161 |      7 |    50 |   -0.495 |      -18.6 |     78 | _20696_/D
      640 |       2 |     532 |      163 |      8 |    53 |   -0.494 |      -18.5 |     78 | _20757_/D
      650 |       2 |     541 |      165 |      8 |    53 |   -0.487 |      -18.1 |     78 | _20728_/D
      660 |       2 |     550 |      165 |      8 |    54 |   -0.480 |      -17.5 |     78 | _20759_/D
      670 |       2 |     558 |      165 |      9 |    55 |   -0.475 |      -17.3 |     78 | _20661_/D
      680 |       2 |     565 |      165 |     10 |    57 |   -0.468 |      -16.8 |     78 | _20728_/D
      690 |       2 |     573 |      167 |     11 |    57 |   -0.464 |      -16.0 |     78 | _20661_/D
      700 |       2 |     578 |      167 |     11 |    62 |   -0.461 |      -15.9 |     78 | _20696_/D
      710 |       2 |     583 |      173 |     13 |    64 |   -0.456 |      -15.2 |     78 | _20728_/D
      720 |       2 |     590 |      176 |     14 |    65 |   -0.448 |      -15.0 |     78 | _20728_/D
      730 |       2 |     598 |      183 |     14 |    65 |   -0.441 |      -14.7 |     78 | _20727_/D
      740 |       2 |     606 |      184 |     14 |    66 |   -0.436 |      -14.5 |     78 | _20753_/D
      750 |       2 |     613 |      186 |     14 |    68 |   -0.433 |      -14.3 |     78 | _20755_/D
      760 |       2 |     618 |      189 |     17 |    69 |   -0.416 |      -13.3 |     78 | _20728_/D
      770 |       2 |     626 |      189 |     17 |    71 |   -0.410 |      -13.0 |     78 | _20757_/D
      780 |       2 |     635 |      189 |     17 |    72 |   -0.402 |      -12.6 |     78 | _20687_/D
      790 |       2 |     642 |      191 |     17 |    74 |   -0.409 |      -12.1 |     78 | _20687_/D
      800 |       2 |     651 |      191 |     17 |    75 |   -0.388 |      -11.8 |     78 | _20757_/D
      810 |       2 |     657 |      193 |     17 |    78 |   -0.393 |      -11.7 |     78 | _20661_/D
      820 |       2 |     666 |      193 |     17 |    79 |   -0.452 |      -12.2 |     78 | _20727_/D
      830 |       2 |     675 |      193 |     18 |    79 |   -0.380 |      -11.4 |     78 | _20728_/D
      840 |       2 |     683 |      195 |     18 |    80 |   -0.381 |      -11.1 |     78 | _20661_/D
      850 |       2 |     692 |      195 |     18 |    81 |   -0.377 |      -11.0 |     78 | _20757_/D
      860 |       2 |     700 |      197 |     18 |    82 |   -0.365 |      -10.8 |     78 | _20661_/D
      870 |       2 |     708 |      199 |     19 |    82 |   -0.360 |      -10.4 |     78 | _20728_/D
      880 |       2 |     716 |      199 |     19 |    84 |   -0.356 |      -10.3 |     78 | _20661_/D
      890 |       2 |     724 |      199 |     19 |    86 |   -0.421 |      -10.5 |     78 | _20661_/D
      900 |       2 |     732 |      201 |     20 |    86 |   -0.345 |       -9.8 |     78 | _20727_/D
      910 |       2 |     740 |      203 |     20 |    87 |   -0.358 |       -9.5 |     78 | _20661_/D
      920 |       2 |     748 |      203 |     20 |    89 |   -0.453 |      -10.6 |     78 | _20661_/D
      930 |       2 |     755 |      203 |     20 |    92 |   -0.457 |      -10.9 |     78 | _20661_/D
      940 |       2 |     762 |      203 |     20 |    95 |   -0.395 |       -9.8 |     78 | _20687_/D
      950 |       2 |     771 |      203 |     20 |    96 |   -0.420 |      -10.1 |     78 | _20687_/D
      960 |       2 |     779 |      203 |     20 |    98 |   -0.363 |       -9.7 |     78 | _20693_/D
      970 |       2 |     784 |      205 |     20 |   102 |   -0.405 |      -10.3 |     78 | _20687_/D
      980 |       2 |     792 |      207 |     20 |   103 |   -0.340 |       -9.6 |     78 | _20687_/D
      986 |       2 |     760 |      205 |     20 |    94 |   -0.338 |       -9.5 |     78 | _20693_/D
      990 |       2 |     763 |      205 |     20 |    94 |   -0.385 |       -9.9 |     78 | _20693_/D
     1000 |       2 |     771 |      205 |     20 |    96 |   -0.383 |       -9.8 |     78 | _20693_/D
     1010 |       2 |     778 |      205 |     21 |    98 |   -0.428 |       -9.6 |     78 | _20681_/D
     1020 |       2 |     786 |      205 |     22 |    99 |   -0.447 |       -9.6 |     78 | _20681_/D
     1030 |       3 |     791 |      207 |     23 |   101 |   -0.393 |       -9.2 |     78 | _20681_/D
     1037 |       2 |     760 |      208 |     20 |    94 |   -0.359 |       -9.7 |     78 | _20693_/D
     1040 |       2 |     761 |      208 |     20 |    95 |   -0.359 |       -9.8 |     78 | _20693_/D
     1050 |       2 |     769 |      210 |     20 |    96 |   -0.360 |      -10.0 |     78 | _20728_/D
     1060 |       2 |     779 |      210 |     20 |    96 |   -0.360 |       -9.4 |     78 | _20728_/D
     1070 |       2 |     788 |      210 |     20 |    97 |   -0.360 |       -9.4 |     78 | _20728_/D
     1080 |       2 |     793 |      215 |     21 |    99 |   -0.360 |       -9.2 |     78 | _20728_/D
     1089 |       2 |     761 |      211 |     20 |    94 |   -0.359 |       -9.7 |     78 | _20693_/D
     1090 |       2 |     761 |      211 |     20 |    94 |   -0.359 |       -9.7 |     78 | _20693_/D
     1100 |       2 |     769 |      211 |     20 |    96 |   -0.360 |       -9.5 |     78 | _20728_/D
     1110 |       2 |     778 |      213 |     20 |    96 |   -0.360 |       -9.5 |     78 | _20728_/D
     1120 |       2 |     788 |      213 |     20 |    96 |   -0.360 |       -9.5 |     78 | _20728_/D
     1130 |       2 |     796 |      215 |     21 |    96 |   -0.360 |       -9.4 |     78 | _20728_/D
     1140 |       2 |     805 |      215 |     21 |    97 |   -0.403 |       -9.5 |     78 | _20728_/D
     1142 |       2 |     763 |      214 |     20 |    94 |   -0.386 |       -9.7 |     78 | _20728_/D
     1150 |       2 |     770 |      214 |     20 |    94 |   -0.426 |       -9.7 |     78 | _20687_/D
     1160 |       2 |     779 |      214 |     21 |    94 |   -0.386 |       -9.2 |     78 | _20728_/D
     1170 |       2 |     786 |      214 |     22 |    96 |   -0.386 |       -9.1 |     78 | _20728_/D
     1180 |       2 |     792 |      214 |     25 |    97 |   -0.386 |       -9.0 |     78 | _20728_/D
     1190 |       2 |     800 |      214 |     26 |    98 |   -0.386 |       -8.7 |     78 | _20728_/D
     1200 |       2 |     808 |      214 |     26 |   100 |   -0.386 |       -8.6 |     78 | _20728_/D
     1210 |       2 |     817 |      214 |     26 |   101 |   -0.386 |       -8.6 |     78 | _20728_/D
     1220 |       2 |     823 |      216 |     28 |   102 |   -0.415 |       -8.5 |     78 | _20681_/D
     1230 |       2 |     829 |      218 |     28 |   105 |   -0.415 |       -8.5 |     78 | _20681_/D
     1240 |       2 |     836 |      220 |     29 |   106 |   -0.415 |       -8.3 |     78 | _20681_/D
     1250 |       2 |     841 |      226 |     30 |   108 |   -0.415 |       -8.2 |     78 | _20681_/D
     1260 |       2 |     846 |      232 |     30 |   110 |   -0.415 |       -8.5 |     78 | _20681_/D
     1260 |       2 |     818 |      222 |     26 |   101 |   -0.386 |       -9.0 |     78 | _20728_/D
     1270 |       2 |     827 |      222 |     26 |   101 |   -0.395 |       -8.9 |     78 | _20728_/D
     1280 |       2 |     836 |      224 |     26 |   101 |   -0.395 |       -8.8 |     78 | _20728_/D
     1290 |       2 |     846 |      224 |     26 |   101 |   -0.395 |       -8.7 |     78 | _20728_/D
     1300 |       2 |     853 |      226 |     27 |   102 |   -0.395 |       -8.6 |     78 | _20728_/D
     1310 |       2 |     863 |      226 |     27 |   102 |   -0.403 |       -8.8 |     78 | _20728_/D
     1312 |       2 |     819 |      225 |     26 |   101 |   -0.386 |       -9.0 |     78 | _20728_/D
     1320 |       2 |     825 |      225 |     27 |   101 |   -0.386 |       -8.8 |     78 | _20728_/D
     1330 |       2 |     832 |      231 |     28 |   101 |   -0.386 |       -8.5 |     78 | _20728_/D
     1340 |       2 |     838 |      231 |     30 |   103 |   -0.386 |       -8.1 |     78 | _20728_/D
     1350 |       2 |     846 |      233 |     30 |   104 |   -0.386 |       -8.1 |     78 | _20728_/D
     1360 |       2 |     851 |      238 |     31 |   106 |   -0.386 |       -8.5 |     78 | _20728_/D
     1370 |       2 |     861 |      238 |     31 |   106 |   -0.399 |       -8.1 |     78 | _20681_/D
     1380 |       2 |     866 |      240 |     33 |   108 |   -0.386 |       -8.0 |     78 | _20728_/D
     1390 |       2 |     874 |      248 |     33 |   108 |   -0.386 |       -7.8 |     78 | _20728_/D
     1400 |       2 |     882 |      248 |     33 |   110 |   -0.386 |       -7.9 |     78 | _20728_/D
     1410 |       2 |     888 |      248 |     33 |   114 |   -0.386 |       -7.7 |     78 | _20728_/D
     1420 |       3 |     895 |      248 |     34 |   115 |   -0.386 |       -7.5 |     78 | _20728_/D
     1430 |       3 |     902 |      248 |     34 |   118 |   -0.386 |       -7.7 |     78 | _20728_/D
     1440 |       3 |     911 |      248 |     34 |   119 |   -0.386 |       -7.7 |     78 | _20728_/D
     1450 |       3 |     918 |      252 |     34 |   120 |   -0.386 |       -7.7 |     78 | _20728_/D
     1460 |       3 |     921 |      256 |     35 |   124 |   -0.386 |       -7.7 |     78 | _20728_/D
     1470 |       3 |     931 |      256 |     35 |   124 |   -0.386 |       -8.4 |     78 | _20728_/D
     1480 |       3 |     936 |      256 |     35 |   129 |   -0.386 |       -7.7 |     78 | _20728_/D
     1490 |       3 |     944 |      258 |     35 |   130 |   -0.386 |       -7.7 |     78 | _20728_/D
     1500 |       3 |     950 |      258 |     38 |   131 |   -0.386 |       -7.7 |     78 | _20728_/D
     1510 |       3 |     956 |      260 |     41 |   131 |   -0.386 |       -7.7 |     78 | _20728_/D
     1520 |       3 |     963 |      264 |     42 |   131 |   -0.386 |       -7.4 |     78 | _20728_/D
     1530 |       3 |     972 |      264 |     43 |   131 |   -0.386 |       -7.4 |     78 | _20728_/D
     1540 |       3 |     980 |      266 |     44 |   131 |   -0.386 |       -7.3 |     78 | _20728_/D
     1550 |       3 |     988 |      266 |     44 |   133 |   -0.386 |       -7.2 |     78 | _20728_/D
     1553 |       3 |     988 |      266 |     44 |   133 |   -0.386 |       -7.2 |     78 | _20728_/D
     1560 |       3 |     991 |      268 |     45 |   134 |   -0.386 |       -7.0 |     78 | _20728_/D
     1561 |       3 |     991 |      268 |     45 |   135 |   -0.386 |       -6.9 |     78 | _20728_/D
     1570 |       3 |     998 |      268 |     45 |   136 |   -0.386 |       -6.8 |     78 | _20728_/D
     1580 |       3 |    1008 |      268 |     45 |   136 |   -0.395 |       -6.8 |     78 | _20728_/D
     1590 |       3 |    1017 |      270 |     45 |   136 |   -0.395 |       -7.2 |     78 | _20728_/D
     1600 |       3 |    1027 |      270 |     45 |   136 |   -0.395 |       -7.1 |     78 | _20728_/D
     1610 |       3 |    1035 |      272 |     46 |   136 |   -0.395 |       -6.8 |     78 | _20728_/D
     1620 |       3 |    1044 |      272 |     46 |   137 |   -0.395 |       -6.6 |     78 | _20728_/D
     1626 |       3 |    1005 |      270 |     45 |   136 |   -0.386 |       -6.7 |     78 | _20728_/D
     1627 |       3 |    1005 |      270 |     45 |   136 |   -0.386 |       -6.7 |     77 | _20728_/D
     1628 |       3 |    1005 |      270 |     45 |   136 |   -0.386 |       -6.7 |     76 | _20728_/D
     1630 |       3 |    1006 |      270 |     45 |   136 |   -0.386 |       -7.0 |     76 | _20728_/D
     1634 |       3 |    1010 |      270 |     45 |   136 |   -0.386 |       -6.5 |     74 | _20728_/D
     1640 |       3 |    1013 |      274 |     45 |   136 |   -0.386 |       -6.5 |     74 | _20728_/D
     1650 |       3 |    1020 |      279 |     45 |   137 |   -0.386 |       -6.5 |     74 | _20728_/D
     1660 |       3 |    1026 |      283 |     46 |   138 |   -0.386 |       -6.3 |     74 | _20728_/D
     1670 |       3 |    1032 |      285 |     47 |   140 |   -0.386 |       -6.5 |     74 | _20728_/D
     1680 |       3 |    1038 |      285 |     47 |   144 |   -0.386 |       -6.5 |     74 | _20728_/D
     1690 |       3 |    1045 |      288 |     47 |   146 |   -0.386 |       -6.5 |     74 | _20728_/D
     1700 |       3 |    1054 |      290 |     47 |   146 |   -0.386 |       -6.4 |     74 | _20728_/D
     1701 |       3 |    1055 |      290 |     47 |   146 |   -0.386 |       -6.4 |     72 | _20728_/D
     1710 |       3 |    1062 |      292 |     47 |   146 |   -0.395 |       -6.4 |     72 | _20728_/D
     1720 |       3 |    1070 |      294 |     48 |   146 |   -0.395 |       -6.5 |     72 | _20728_/D
     1730 |       3 |    1080 |      294 |     48 |   146 |   -0.395 |       -6.3 |     72 | _20728_/D
     1740 |       3 |    1089 |      294 |     48 |   147 |   -0.395 |       -6.3 |     72 | _20728_/D
     1750 |       3 |    1095 |      298 |     50 |   148 |   -0.395 |       -6.4 |     72 | _20728_/D
     1753 |       3 |    1058 |      294 |     47 |   146 |   -0.386 |       -6.4 |     72 | _20728_/D
     1754 |       3 |    1058 |      294 |     47 |   146 |   -0.386 |       -6.4 |     71 | _20728_/D
     1760 |       3 |    1061 |      298 |     48 |   146 |   -0.386 |       -6.3 |     71 | _20728_/D
     1770 |       3 |    1070 |      298 |     48 |   147 |   -0.406 |       -6.2 |     71 | _20728_/D
     1780 |       3 |    1076 |      303 |     49 |   148 |   -0.406 |       -6.3 |     71 | _20728_/D
     1790 |       3 |    1083 |      308 |     49 |   149 |   -0.406 |       -6.0 |     71 | _20728_/D
     1800 |       3 |    1090 |      310 |     49 |   151 |   -0.362 |       -5.7 |     71 | _20728_/D
     1810 |       3 |    1097 |      312 |     50 |   152 |   -0.362 |       -5.6 |     71 | _20728_/D
     1820 |       4 |    1104 |      314 |     51 |   152 |   -0.335 |       -5.5 |     71 | _20755_/D
     1830 |       4 |    1114 |      314 |     51 |   152 |   -0.335 |       -5.4 |     71 | _20755_/D
     1840 |       4 |    1121 |      319 |     52 |   152 |   -0.400 |       -5.9 |     71 | _20728_/D
     1850 |       4 |    1128 |      327 |     53 |   152 |   -0.335 |       -5.2 |     71 | _20755_/D
     1860 |       4 |    1133 |      333 |     54 |   154 |   -0.335 |       -5.2 |     71 | _20755_/D
     1863 |       4 |    1136 |      333 |     54 |   154 |   -0.335 |       -5.2 |     69 | _20755_/D
     1870 |       4 |    1142 |      333 |     54 |   154 |   -0.335 |       -5.1 |     69 | _20755_/D
     1880 |       4 |    1149 |      336 |     55 |   155 |   -0.335 |       -5.1 |     69 | _20755_/D
     1890 |       4 |    1158 |      336 |     55 |   156 |   -0.335 |       -5.2 |     69 | _20755_/D
     1900 |       4 |    1164 |      338 |     56 |   158 |   -0.335 |       -5.1 |     69 | _20755_/D
     1910 |       4 |    1171 |      345 |     56 |   160 |   -0.334 |       -4.7 |     69 | _20759_/D
     1920 |       4 |    1178 |      347 |     57 |   161 |   -0.334 |       -4.6 |     69 | _20759_/D
     1930 |       4 |    1184 |      350 |     57 |   164 |   -0.334 |       -4.7 |     69 | _20759_/D
     1940 |       4 |    1193 |      352 |     57 |   164 |   -0.334 |       -4.2 |     69 | _20759_/D
     1950 |       4 |    1202 |      352 |     57 |   165 |   -0.334 |       -4.0 |     69 | _20759_/D
     1960 |       4 |    1210 |      354 |     58 |   165 |   -0.334 |       -4.4 |     69 | _20759_/D
     1970 |       4 |    1217 |      356 |     58 |   167 |   -0.334 |       -4.1 |     69 | _20759_/D
     1980 |       4 |    1223 |      356 |     59 |   170 |   -0.334 |       -4.1 |     69 | _20759_/D
     1990 |       4 |    1232 |      358 |     59 |   170 |   -0.334 |       -3.5 |     69 | _20759_/D
     2000 |       4 |    1241 |      358 |     59 |   171 |   -0.334 |       -3.5 |     69 | _20759_/D
     2010 |       4 |    1248 |      360 |     60 |   172 |   -0.334 |       -3.8 |     69 | _20759_/D
     2020 |       4 |    1253 |      365 |     61 |   173 |   -0.334 |       -3.6 |     69 | _20759_/D
     2030 |       4 |    1259 |      365 |     61 |   177 |   -0.334 |       -3.5 |     69 | _20759_/D
     2040 |       5 |    1265 |      365 |     61 |   180 |   -0.334 |       -3.5 |     69 | _20759_/D
     2050 |       5 |    1271 |      367 |     61 |   183 |   -0.334 |       -3.4 |     69 | _20759_/D
     2060 |       5 |    1278 |      373 |     61 |   183 |   -0.334 |       -3.4 |     69 | _20759_/D
     2070 |       6 |    1285 |      373 |     62 |   184 |   -0.334 |       -3.2 |     69 | _20759_/D
     2080 |       6 |    1294 |      373 |     62 |   185 |   -0.334 |       -3.2 |     69 | _20759_/D
     2090 |       6 |    1303 |      373 |     62 |   186 |   -0.334 |       -3.2 |     69 | _20759_/D
     2100 |       6 |    1309 |      373 |     63 |   189 |   -0.334 |       -3.1 |     69 | _20759_/D
     2110 |       6 |    1318 |      373 |     63 |   190 |   -0.334 |       -3.0 |     69 | _20759_/D
     2120 |       6 |    1328 |      373 |     63 |   190 |   -0.334 |       -3.0 |     69 | _20759_/D
     2130 |       6 |    1336 |      377 |     63 |   190 |   -0.334 |       -3.0 |     69 | _20759_/D
     2134 |       6 |    1337 |      379 |     63 |   192 |   -0.334 |       -3.0 |     67 | _20759_/D
     2135 |       6 |    1337 |      379 |     63 |   192 |   -0.334 |       -3.0 |     66 | _20759_/D
     2136 |       6 |    1337 |      379 |     63 |   192 |   -0.334 |       -3.0 |     65 | _20759_/D
     2138 |       6 |    1338 |      379 |     63 |   192 |   -0.334 |       -3.1 |     63 | _20759_/D
     2139 |       6 |    1338 |      379 |     63 |   192 |   -0.334 |       -3.1 |     62 | _20759_/D
     2140 |       6 |    1338 |      379 |     63 |   192 |   -0.334 |       -3.1 |     62 | _20759_/D
     2150 |       7 |    1344 |      385 |     64 |   192 |   -0.334 |       -3.0 |     62 | _20759_/D
     2160 |       7 |    1352 |      389 |     64 |   192 |   -0.334 |       -2.9 |     62 | _20759_/D
     2170 |       7 |    1357 |      395 |     64 |   194 |   -0.334 |       -3.3 |     62 | _20759_/D
     2180 |       8 |    1361 |      395 |     64 |   199 |   -0.359 |       -3.9 |     62 | _20725_/D
     2190 |       8 |    1365 |      403 |     65 |   200 |   -0.334 |       -3.5 |     62 | _20759_/D
     2200 |       9 |    1368 |      407 |     69 |   200 |   -0.334 |       -3.0 |     62 | _20759_/D
     2210 |       9 |    1377 |      407 |     69 |   201 |   -0.334 |       -3.0 |     62 | _20759_/D
     2220 |       9 |    1386 |      407 |     69 |   202 |   -0.334 |       -3.0 |     62 | _20759_/D
     2230 |      10 |    1391 |      407 |     69 |   206 |   -0.334 |       -3.0 |     62 | _20759_/D
     2232 |      10 |    1393 |      407 |     69 |   206 |   -0.334 |       -3.0 |     60 | _20759_/D
     2233 |      10 |    1393 |      407 |     69 |   206 |   -0.334 |       -3.0 |     59 | _20759_/D
     2240 |      11 |    1398 |      407 |     69 |   206 |   -0.334 |       -2.8 |     59 | _20759_/D
     2250 |      11 |    1406 |      407 |     69 |   208 |   -0.334 |       -2.8 |     59 | _20759_/D
     2251 |      11 |    1407 |      407 |     69 |   208 |   -0.334 |       -2.6 |     57 | _20759_/D
     2252 |      11 |    1407 |      407 |     69 |   208 |   -0.334 |       -2.6 |     56 | _20759_/D
     2255 |      11 |    1409 |      407 |     69 |   208 |   -0.334 |       -2.7 |     56 | _20759_/D
     2256 |      11 |    1409 |      407 |     69 |   208 |   -0.334 |       -2.7 |     55 | _20759_/D
     2260 |      11 |    1412 |      407 |     69 |   208 |   -0.245 |       -2.3 |     55 | _20661_/D
     2270 |      11 |    1421 |      407 |     69 |   209 |   -0.245 |       -2.0 |     55 | _20661_/D
     2280 |      11 |    1427 |      409 |     70 |   211 |   -0.245 |       -1.8 |     55 | _20661_/D
     2282 |      11 |    1429 |      409 |     70 |   211 |   -0.245 |       -1.7 |     53 | _20661_/D
     2283 |      11 |    1429 |      409 |     70 |   211 |   -0.245 |       -1.7 |     52 | _20661_/D
     2284 |      11 |    1429 |      409 |     70 |   211 |   -0.245 |       -1.7 |     51 | _20661_/D
     2285 |      11 |    1429 |      409 |     70 |   211 |   -0.245 |       -1.7 |     50 | _20661_/D
     2290 |      11 |    1430 |      411 |     71 |   212 |   -0.245 |       -1.7 |     50 | _20661_/D
     2300 |      11 |    1436 |      414 |     72 |   214 |   -0.245 |       -1.6 |     50 | _20661_/D
     2304 |      11 |    1440 |      414 |     72 |   214 |   -0.245 |       -1.6 |     48 | _20661_/D
     2307 |      11 |    1442 |      414 |     72 |   214 |   -0.245 |       -1.6 |     46 | _20661_/D
     2308 |      11 |    1442 |      414 |     72 |   214 |   -0.245 |       -1.6 |     45 | _20661_/D
     2309 |      11 |    1442 |      414 |     72 |   214 |   -0.245 |       -1.6 |     44 | _20661_/D
     2310 |      11 |    1442 |      414 |     72 |   214 |   -0.245 |       -1.6 |     44 | _20661_/D
     2310 |      11 |    1442 |      414 |     72 |   214 |   -0.245 |       -1.6 |     43 | _20661_/D
     2320 |      11 |    1448 |      414 |     72 |   217 |   -0.324 |       -1.9 |     43 | _20661_/D
     2330 |      11 |    1457 |      414 |     72 |   218 |   -0.334 |       -2.0 |     43 | _20661_/D
     2332 |      11 |    1442 |      414 |     72 |   214 |   -0.245 |       -1.6 |     42 | _20661_/D
     2333 |      11 |    1442 |      414 |     72 |   214 |   -0.245 |       -1.6 |     41 | _20661_/D
     2334 |      11 |    1442 |      414 |     72 |   214 |   -0.245 |       -1.6 |     40 | _20661_/D
     2340 |      11 |    1444 |      416 |     72 |   216 |   -0.245 |       -1.6 |     40 | _20661_/D
     2350 |      11 |    1454 |      416 |     72 |   216 |   -0.245 |       -1.5 |     40 | _20661_/D
     2360 |      11 |    1462 |      416 |     72 |   218 |   -0.245 |       -1.6 |     40 | _20661_/D
     2370 |      12 |    1467 |      416 |     74 |   220 |   -0.245 |       -1.5 |     40 | _20661_/D
     2380 |      12 |    1474 |      418 |     74 |   222 |   -0.245 |       -1.8 |     40 | _20661_/D
     2390 |      12 |    1478 |      426 |     75 |   223 |   -0.245 |       -1.6 |     40 | _20661_/D
     2400 |      12 |    1484 |      428 |     77 |   224 |   -0.245 |       -1.6 |     40 | _20661_/D
     2400 |      12 |    1484 |      428 |     77 |   224 |   -0.245 |       -1.6 |     40 | _20661_/D
     2401 |      12 |    1484 |      428 |     77 |   224 |   -0.245 |       -1.6 |     39 | _20661_/D
     2402 |      12 |    1484 |      428 |     77 |   224 |   -0.245 |       -1.6 |     38 | _20661_/D
     2410 |      12 |    1491 |      428 |     77 |   224 |   -0.245 |       -1.6 |     38 | _20661_/D
     2420 |      12 |    1497 |      432 |     77 |   226 |   -0.245 |       -1.5 |     38 | _20661_/D
     2424 |      12 |    1500 |      432 |     77 |   227 |   -0.245 |       -1.4 |     36 | _20661_/D
     2425 |      12 |    1500 |      432 |     77 |   227 |   -0.245 |       -1.4 |     35 | _20661_/D
     2426 |      12 |    1500 |      432 |     77 |   227 |   -0.245 |       -1.4 |     34 | _20661_/D
     2427 |      12 |    1500 |      432 |     77 |   227 |   -0.245 |       -1.4 |     33 | _20661_/D
     2428 |      12 |    1500 |      432 |     77 |   227 |   -0.245 |       -1.4 |     32 | _20661_/D
     2429 |      12 |    1500 |      432 |     77 |   227 |   -0.245 |       -1.4 |     31 | _20661_/D
     2430 |      12 |    1500 |      432 |     77 |   227 |   -0.245 |       -1.4 |     31 | _20661_/D
     2430 |      12 |    1500 |      432 |     77 |   227 |   -0.245 |       -1.4 |     30 | _20661_/D
     2440 |      12 |    1507 |      434 |     77 |   228 |   -0.245 |       -1.4 |     30 | _20661_/D
     2447 |      12 |    1513 |      434 |     77 |   229 |   -0.245 |       -1.4 |     28 | _20661_/D
     2448 |      12 |    1513 |      434 |     77 |   229 |   -0.245 |       -1.4 |     27 | _20661_/D
     2449 |      12 |    1513 |      434 |     77 |   229 |   -0.245 |       -1.4 |     26 | _20661_/D
     2450 |      12 |    1513 |      434 |     77 |   229 |   -0.245 |       -1.4 |     26 | _20661_/D
     2450 |      12 |    1513 |      434 |     77 |   229 |   -0.245 |       -1.4 |     25 | _20661_/D
     2451 |      12 |    1513 |      434 |     77 |   229 |   -0.245 |       -1.4 |     24 | _20661_/D
     2452 |      12 |    1513 |      434 |     77 |   229 |   -0.245 |       -1.4 |     23 | _20661_/D
     2460 |      12 |    1517 |      436 |     77 |   231 |   -0.245 |       -1.4 |     23 | _20661_/D
     2470 |      12 |    1523 |      436 |     78 |   234 |   -0.245 |       -1.3 |     22 | _20661_/D
     2470 |      12 |    1523 |      436 |     78 |   234 |   -0.245 |       -1.3 |     21 | _20661_/D
     2471 |      12 |    1523 |      436 |     78 |   234 |   -0.245 |       -1.3 |     20 | _20661_/D
     2472 |      12 |    1523 |      436 |     78 |   234 |   -0.245 |       -1.3 |     19 | _20661_/D
     2473 |      12 |    1523 |      436 |     78 |   234 |   -0.245 |       -1.3 |     18 | _20661_/D
     2474 |      12 |    1523 |      436 |     78 |   234 |   -0.245 |       -1.3 |     17 | _20661_/D
     2475 |      12 |    1523 |      436 |     78 |   234 |   -0.245 |       -1.3 |     16 | _20661_/D
     2476 |      12 |    1523 |      436 |     78 |   234 |   -0.245 |       -1.3 |     15 | _20661_/D
     2477 |      12 |    1523 |      436 |     78 |   234 |   -0.245 |       -1.3 |     14 | _20661_/D
     2478 |      12 |    1523 |      436 |     78 |   234 |   -0.245 |       -1.3 |     13 | _20661_/D
     2479 |      12 |    1523 |      436 |     78 |   234 |   -0.245 |       -1.3 |     12 | _20661_/D
     2480 |      12 |    1523 |      436 |     78 |   234 |   -0.245 |       -1.3 |     12 | _20661_/D
     2480 |      12 |    1523 |      436 |     78 |   234 |   -0.245 |       -1.3 |     11 | _20661_/D
     2481 |      12 |    1523 |      436 |     78 |   234 |   -0.245 |       -1.3 |     10 | _20661_/D
     2482 |      12 |    1523 |      436 |     78 |   234 |   -0.245 |       -1.3 |      9 | _20661_/D
     2483 |      12 |    1523 |      436 |     78 |   234 |   -0.245 |       -1.3 |      8 | _20661_/D
     2484 |      12 |    1523 |      436 |     78 |   234 |   -0.245 |       -1.3 |      7 | _20661_/D
     2485 |      12 |    1523 |      436 |     78 |   234 |   -0.245 |       -1.3 |      6 | _20661_/D
     2486 |      12 |    1523 |      436 |     78 |   234 |   -0.245 |       -1.3 |      5 | _20661_/D
     2487 |      12 |    1523 |      436 |     78 |   234 |   -0.245 |       -1.3 |      4 | _20661_/D
     2488 |      12 |    1523 |      436 |     78 |   234 |   -0.245 |       -1.3 |      3 | _20661_/D
     2489 |      12 |    1523 |      436 |     78 |   234 |   -0.245 |       -1.3 |      2 | _20661_/D
     2490 |      12 |    1523 |      436 |     78 |   234 |   -0.245 |       -1.3 |      2 | _20661_/D
     2490 |      12 |    1523 |      436 |     78 |   234 |   -0.245 |       -1.3 |      1 | _20661_/D
     2491 |      12 |    1523 |      436 |     78 |   234 |   -0.245 |       -1.3 |      0 | _20661_/D
     2492 |      12 |    1523 |      436 |     78 |   234 |   -0.245 |       -1.3 |      0 | _20661_/D
    2493* |      12 |    1523 |      436 |     78 |   234 |   -0.245 |       -1.3 |     21 | _20661_/D
    2494* |      12 |    1523 |      436 |     78 |   234 |   -0.245 |       -1.3 |     21 | _20661_/D
    2495* |      12 |    1523 |      436 |     78 |   234 |   -0.245 |       -1.3 |     21 | _20661_/D
    2496* |      12 |    1523 |      436 |     78 |   234 |   -0.245 |       -1.3 |     21 | _20661_/D
    2497* |      12 |    1523 |      436 |     78 |   234 |   -0.245 |       -1.3 |     21 | _20661_/D
    2498* |      12 |    1523 |      436 |     78 |   234 |   -0.245 |       -1.3 |     21 | _20661_/D
    2500* |      12 |    1524 |      436 |     78 |   234 |   -0.245 |       -1.3 |     21 | _20661_/D
    2503* |      12 |    1526 |      436 |     78 |   234 |   -0.245 |       -1.3 |     21 | _20661_/D
    2504* |      12 |    1526 |      436 |     78 |   234 |   -0.245 |       -1.3 |     21 | _20661_/D
    2507* |      12 |    1528 |      436 |     78 |   234 |   -0.245 |       -1.3 |     21 | _20661_/D
    2509* |      12 |    1529 |      436 |     78 |   234 |   -0.245 |       -1.2 |     21 | _20661_/D
    2510* |      12 |    1529 |      436 |     78 |   234 |   -0.245 |       -1.2 |     21 | _20661_/D
    2510* |      12 |    1529 |      436 |     78 |   234 |   -0.245 |       -1.2 |     21 | _20661_/D
    2511* |      12 |    1529 |      436 |     78 |   234 |   -0.245 |       -1.2 |     21 | _20661_/D
    2513* |      12 |    1530 |      436 |     78 |   234 |   -0.245 |       -1.2 |     19 | _20661_/D
    2520* |      12 |    1536 |      436 |     78 |   234 |   -0.245 |       -1.2 |     19 | _20661_/D
    2523* |      12 |    1540 |      436 |     78 |   234 |   -0.245 |       -1.2 |     18 | _20661_/D
    2525* |      12 |    1541 |      436 |     78 |   234 |   -0.245 |       -1.2 |     16 | _20661_/D
    2526* |      12 |    1541 |      436 |     78 |   234 |   -0.245 |       -1.2 |     15 | _20661_/D
    2529* |      12 |    1543 |      436 |     78 |   234 |   -0.245 |       -1.2 |     13 | _20661_/D
    2530* |      12 |    1543 |      436 |     78 |   234 |   -0.245 |       -1.2 |     13 | _20661_/D
    2530* |      12 |    1543 |      436 |     78 |   234 |   -0.245 |       -1.2 |     13 | _20661_/D
    2531* |      12 |    1543 |      436 |     78 |   234 |   -0.245 |       -1.2 |     13 | _20661_/D
    2533* |      12 |    1544 |      436 |     78 |   234 |   -0.245 |       -1.2 |     11 | _20661_/D
    final |      12 |    1544 |      436 |     78 |   234 |   -0.245 |       -1.2 |     11 | _20661_/D
---------------------------------------------------------------------------------------------------
[INFO RSZ-0059] Removed 12 buffers.
[INFO RSZ-0045] Inserted 266 buffers, 1 to split loads.
[INFO RSZ-0041] Resized 1544 instances.
[INFO RSZ-0043] Swapped pins on 234 instances.
[INFO RSZ-0049] Cloned 78 instances.
[WARNING RSZ-0062] Unable to repair all setup violations.
[INFO RSZ-0046] Found 201 endpoints with hold violations.
Iteration | Resized | Buffers | Cloned Gates |   WNS   |   TNS   | Endpoint
---------------------------------------------------------------------------
        0 |       0 |       0 |            0 |  -0.140 |  -4.124 | _20471_/D
    final |       0 |     207 |            0 |   0.102 |   0.000 | _20566_/D
---------------------------------------------------------------------------
[INFO RSZ-0032] Inserted 207 hold buffers.
Placement Analysis
---------------------------------
total displacement      11985.8 u
average displacement        0.6 u
max displacement           18.3 u
original HPWL          315873.1 u
legalized HPWL         333533.5 u
delta HPWL                    6 %

[INFO DPL-0020] Mirrored 5031 instances
[INFO DPL-0021] HPWL before          333533.5 u
[INFO DPL-0022] HPWL after           325016.3 u
[INFO DPL-0023] HPWL delta               -2.6 %
[INFO] Setting RC values…
Setting global connections for newly added cells…
[INFO] Setting global connections...
Updating metrics…
Cell type report:                       Count       Area
  Fill cell                               572    2147.06
  Tap cell                               8784   10990.54
  Clock buffer                             78    1041.00
  Timing Repair Buffer                   1348   14431.34
  Inverter                                178    1158.61
  Clock inverter                           38     546.77
  Sequential cell                         450    9263.88
  Multi-Input combinational cell        10005   88168.31
  Total                                 21453  127747.52
Writing OpenROAD database to '/home/hien/openlane2/designs/highspeed_pipelined_multiplier/runs/opti_6/36-openroad-resizertimingpostcts/pipelined_mult.odb'…
Writing netlist to '/home/hien/openlane2/designs/highspeed_pipelined_multiplier/runs/opti_6/36-openroad-resizertimingpostcts/pipelined_mult.nl.v'…
Writing powered netlist to '/home/hien/openlane2/designs/highspeed_pipelined_multiplier/runs/opti_6/36-openroad-resizertimingpostcts/pipelined_mult.pnl.v'…
Writing layout to '/home/hien/openlane2/designs/highspeed_pipelined_multiplier/runs/opti_6/36-openroad-resizertimingpostcts/pipelined_mult.def'…
Writing timing constraints to '/home/hien/openlane2/designs/highspeed_pipelined_multiplier/runs/opti_6/36-openroad-resizertimingpostcts/pipelined_mult.sdc'…
