
Magic 8.3 revision 489 - Compiled on Thu Aug 22 13:45:15 UTC 2024.
Starting magic under Tcl interpreter
Using the terminal as the console.
Using NULL graphics device.
Processing system .magicrc file
Sourcing design .magicrc for technology sky130A ...
2 Magic internal units = 1 Lambda
Input style sky130(): scaleFactor=2, multiplier=2
The following types are not handled by extraction and will be treated as non-electrical types:
    ubm 
Scaled tech values by 2 / 1 to match internal grid scaling
Loading sky130A Device Generator Menu ...
Loading "/nix/store/h0ldzjka94yryiq8yxbxmwargpnmwhx6-python3-3.11.9-env/lib/python3.11/site-packages/openlane/scripts/magic/wrapper.tcl" from command line.
> lef read /home/hien/.volare/volare/sky130/versions/0fe599b2afb6708d281543108caf8310912f54af/sky130A/libs.ref/sky130_fd_sc_hd/techlef/sky130_fd_sc_hd__nom.tlef
Reading LEF data from file /home/hien/.volare/volare/sky130/versions/0fe599b2afb6708d281543108caf8310912f54af/sky130A/libs.ref/sky130_fd_sc_hd/techlef/sky130_fd_sc_hd__nom.tlef.
This action cannot be undone.
LEF read, Line 82 (Message): Unknown keyword "ANTENNAMODEL" in LEF file; ignoring.
LEF read, Line 83 (Message): Unknown keyword "ANTENNADIFFSIDEAREARATIO" in LEF file; ignoring.
LEF read, Line 116 (Message): Unknown keyword "MINENCLOSEDAREA" in LEF file; ignoring.
LEF read, Line 118 (Message): Unknown keyword "ANTENNAMODEL" in LEF file; ignoring.
LEF read, Line 119 (Message): Unknown keyword "ANTENNADIFFSIDEAREARATIO" in LEF file; ignoring.
LEF read, Line 125 (Message): Unknown keyword "MAXIMUMDENSITY" in LEF file; ignoring.
LEF read, Line 126 (Message): Unknown keyword "DENSITYCHECKWINDOW" in LEF file; ignoring.
LEF read, Line 127 (Message): Unknown keyword "DENSITYCHECKSTEP" in LEF file; ignoring.
LEF read, Line 160 (Message): Unknown keyword "MINENCLOSEDAREA" in LEF file; ignoring.
LEF read, Line 168 (Message): Unknown keyword "ANTENNAMODEL" in LEF file; ignoring.
LEF read, Line 169 (Message): Unknown keyword "ANTENNADIFFSIDEAREARATIO" in LEF file; ignoring.
LEF read, Line 171 (Message): Unknown keyword "MAXIMUMDENSITY" in LEF file; ignoring.
LEF read, Line 172 (Message): Unknown keyword "DENSITYCHECKWINDOW" in LEF file; ignoring.
LEF read, Line 173 (Message): Unknown keyword "DENSITYCHECKSTEP" in LEF file; ignoring.
LEF read, Line 210 (Message): Unknown keyword "ANTENNAMODEL" in LEF file; ignoring.
LEF read, Line 211 (Message): Unknown keyword "ANTENNADIFFSIDEAREARATIO" in LEF file; ignoring.
LEF read, Line 213 (Message): Unknown keyword "MAXIMUMDENSITY" in LEF file; ignoring.
LEF read, Line 214 (Message): Unknown keyword "DENSITYCHECKWINDOW" in LEF file; ignoring.
LEF read, Line 215 (Message): Unknown keyword "DENSITYCHECKSTEP" in LEF file; ignoring.
LEF read, Line 252 (Message): Unknown keyword "ANTENNAMODEL" in LEF file; ignoring.
LEF read, Line 253 (Message): Unknown keyword "ANTENNADIFFSIDEAREARATIO" in LEF file; ignoring.
LEF read, Line 255 (Message): Unknown keyword "MAXIMUMDENSITY" in LEF file; ignoring.
LEF read, Line 256 (Message): Unknown keyword "DENSITYCHECKWINDOW" in LEF file; ignoring.
LEF read, Line 257 (Message): Unknown keyword "DENSITYCHECKSTEP" in LEF file; ignoring.
LEF read, Line 294 (Message): Unknown keyword "ANTENNAMODEL" in LEF file; ignoring.
LEF read, Line 295 (Message): Unknown keyword "ANTENNADIFFSIDEAREARATIO" in LEF file; ignoring.
LEF read: Processed 801 lines.
> lef read /home/hien/.volare/volare/sky130/versions/0fe599b2afb6708d281543108caf8310912f54af/sky130A/libs.ref/sky130_fd_sc_hd/lef/sky130_ef_sc_hd.lef
Reading LEF data from file /home/hien/.volare/volare/sky130/versions/0fe599b2afb6708d281543108caf8310912f54af/sky130A/libs.ref/sky130_fd_sc_hd/lef/sky130_ef_sc_hd.lef.
This action cannot be undone.
LEF read: Processed 278 lines.
> lef read /home/hien/.volare/volare/sky130/versions/0fe599b2afb6708d281543108caf8310912f54af/sky130A/libs.ref/sky130_fd_sc_hd/lef/sky130_fd_sc_hd.lef
Reading LEF data from file /home/hien/.volare/volare/sky130/versions/0fe599b2afb6708d281543108caf8310912f54af/sky130A/libs.ref/sky130_fd_sc_hd/lef/sky130_fd_sc_hd.lef.
This action cannot be undone.
LEF read: Processed 56536 lines.
> def read /home/hien/openlane2/designs/highspeed_pipelined_multiplier/runs/opti_4/52-odb-cellfrequencytables/pipelined_mult.def -noblockage -labels
Reading DEF data from file /home/hien/openlane2/designs/highspeed_pipelined_multiplier/runs/opti_4/52-odb-cellfrequencytables/pipelined_mult.def.
This action cannot be undone.
  Processed 4 vias total.
  Processed 23041 subcell instances total.
  Processed 132 pins total.
  Processed 2 special nets total.
  Processed 12101 nets total.
DEF read: Processed 242193 lines.
Moving label "_00027_" from metal1 to via1 in cell pipelined_mult.
Moving label "_00028_" from metal1 to viali in cell pipelined_mult.
Moving label "_00029_" from metal1 to via1 in cell pipelined_mult.
Moving label "_00036_" from metal1 to via1 in cell pipelined_mult.
Moving label "_00055_" from metal2 to via2 in cell pipelined_mult.
Moving label "_00069_" from metal1 to via1 in cell pipelined_mult.
Moving label "_00093_" from metal1 to via1 in cell pipelined_mult.
Moving label "_00113_" from metal1 to via1 in cell pipelined_mult.
Moving label "_00120_" from metal1 to via1 in cell pipelined_mult.
Moving label "_00122_" from metal1 to via1 in cell pipelined_mult.
Moving label "_00124_" from metal2 to via2 in cell pipelined_mult.
Moving label "_00125_" from metal2 to via2 in cell pipelined_mult.
Moving label "_00126_" from metal2 to via2 in cell pipelined_mult.
Moving label "_00127_" from metal2 to via2 in cell pipelined_mult.
Moving label "_00132_" from metal1 to via1 in cell pipelined_mult.
Moving label "_00136_" from metal1 to via1 in cell pipelined_mult.
Moving label "_00148_" from metal1 to via1 in cell pipelined_mult.
Moving label "_00153_" from metal1 to via1 in cell pipelined_mult.
Moving label "_00155_" from metal1 to via1 in cell pipelined_mult.
Moving label "_00167_" from metal1 to via1 in cell pipelined_mult.
Moving label "_00189_" from metal1 to via1 in cell pipelined_mult.
Moving label "_00196_" from metal3 to via3 in cell pipelined_mult.
Moving label "_00199_" from metal3 to via3 in cell pipelined_mult.
Moving label "_00204_" from metal2 to via2 in cell pipelined_mult.
Moving label "_00220_" from metal1 to via1 in cell pipelined_mult.
Moving label "_00247_" from metal1 to via1 in cell pipelined_mult.
Moving label "_00286_" from metal1 to via1 in cell pipelined_mult.
Moving label "_00298_" from metal2 to via2 in cell pipelined_mult.
Moving label "_00301_" from metal2 to via2 in cell pipelined_mult.
Moving label "_00309_" from metal1 to via1 in cell pipelined_mult.
Moving label "_00319_" from metal1 to viali in cell pipelined_mult.
Moving label "_00326_" from metal2 to via2 in cell pipelined_mult.
Moving label "_00343_" from metal1 to via1 in cell pipelined_mult.
Moving label "_00347_" from metal1 to via1 in cell pipelined_mult.
Moving label "_00349_" from metal3 to via3 in cell pipelined_mult.
Moving label "_00352_" from metal1 to via1 in cell pipelined_mult.
Moving label "_00360_" from metal1 to via1 in cell pipelined_mult.
Moving label "_00368_" from metal1 to via1 in cell pipelined_mult.
Moving label "_00369_" from metal1 to via1 in cell pipelined_mult.
Moving label "_00394_" from metal2 to via2 in cell pipelined_mult.
Moving label "_00402_" from metal2 to via2 in cell pipelined_mult.
Moving label "_00418_" from metal2 to via2 in cell pipelined_mult.
Moving label "_00420_" from metal2 to via2 in cell pipelined_mult.
Moving label "_00421_" from metal2 to via2 in cell pipelined_mult.
Moving label "_00422_" from metal2 to via2 in cell pipelined_mult.
Moving label "_00428_" from metal2 to via2 in cell pipelined_mult.
Moving label "_00430_" from metal2 to via2 in cell pipelined_mult.
Moving label "_00434_" from metal2 to via2 in cell pipelined_mult.
Moving label "_00436_" from metal2 to via2 in cell pipelined_mult.
Moving label "_00437_" from metal2 to via2 in cell pipelined_mult.
Moving label "_00439_" from metal3 to via3 in cell pipelined_mult.
Moving label "_00440_" from metal2 to via2 in cell pipelined_mult.
Moving label "_00441_" from metal2 to via2 in cell pipelined_mult.
Moving label "_00442_" from metal2 to via2 in cell pipelined_mult.
Moving label "_00443_" from metal2 to via2 in cell pipelined_mult.
Moving label "_00444_" from metal2 to via2 in cell pipelined_mult.
Moving label "_00447_" from metal2 to via2 in cell pipelined_mult.
Moving label "_00486_" from metal1 to via1 in cell pipelined_mult.
Moving label "_00550_" from metal1 to via1 in cell pipelined_mult.
Moving label "_00575_" from metal1 to viali in cell pipelined_mult.
Moving label "_00638_" from metal1 to viali in cell pipelined_mult.
Moving label "_00640_" from metal2 to via1 in cell pipelined_mult.
Moving label "_00653_" from metal1 to viali in cell pipelined_mult.
Moving label "_00743_" from metal2 to via1 in cell pipelined_mult.
Moving label "_00755_" from metal2 to via2 in cell pipelined_mult.
Moving label "_00846_" from metal1 to viali in cell pipelined_mult.
Moving label "_00866_" from metal2 to via1 in cell pipelined_mult.
Moving label "_00870_" from metal1 to via1 in cell pipelined_mult.
Moving label "_00895_" from metal2 to via2 in cell pipelined_mult.
Moving label "_00922_" from metal2 to via1 in cell pipelined_mult.
Moving label "_00976_" from metal2 to via2 in cell pipelined_mult.
Moving label "_01021_" from metal1 to via1 in cell pipelined_mult.
Moving label "_01043_" from metal2 to via2 in cell pipelined_mult.
Moving label "_01110_" from metal2 to via2 in cell pipelined_mult.
Moving label "_01123_" from metal2 to via2 in cell pipelined_mult.
Moving label "_01233_" from metal2 to via1 in cell pipelined_mult.
Moving label "_01281_" from metal1 to via1 in cell pipelined_mult.
Moving label "_01285_" from metal1 to via1 in cell pipelined_mult.
Moving label "_01343_" from metal2 to via1 in cell pipelined_mult.
Moving label "_01372_" from metal2 to via2 in cell pipelined_mult.
Moving label "_01373_" from metal1 to viali in cell pipelined_mult.
Moving label "_01480_" from metal1 to via1 in cell pipelined_mult.
Moving label "_01493_" from metal1 to via1 in cell pipelined_mult.
Moving label "_01580_" from metal1 to via1 in cell pipelined_mult.
Moving label "_01597_" from metal2 to via1 in cell pipelined_mult.
Moving label "_01692_" from metal1 to via1 in cell pipelined_mult.
Moving label "_01724_" from metal2 to via2 in cell pipelined_mult.
Moving label "_01735_" from metal1 to viali in cell pipelined_mult.
Moving label "_01740_" from metal1 to viali in cell pipelined_mult.
Moving label "_01741_" from metal2 to via2 in cell pipelined_mult.
Moving label "_01762_" from metal1 to via1 in cell pipelined_mult.
Moving label "_01785_" from metal1 to via1 in cell pipelined_mult.
Moving label "_01797_" from metal1 to via1 in cell pipelined_mult.
Moving label "_01837_" from metal2 to via2 in cell pipelined_mult.
Moving label "_01855_" from metal2 to via2 in cell pipelined_mult.
Moving label "_01856_" from metal2 to via2 in cell pipelined_mult.
Moving label "_01928_" from metal1 to viali in cell pipelined_mult.
Moving label "_01972_" from metal2 to via1 in cell pipelined_mult.
Moving label "_01988_" from metal2 to via1 in cell pipelined_mult.
Moving label "_02027_" from metal2 to via1 in cell pipelined_mult.
Moving label "_02067_" from metal2 to via2 in cell pipelined_mult.
Moving label "_02101_" from metal2 to via2 in cell pipelined_mult.
Moving label "_02160_" from metal2 to via2 in cell pipelined_mult.
Moving label "_02202_" from metal1 to via1 in cell pipelined_mult.
Moving label "_02269_" from metal2 to via2 in cell pipelined_mult.
Moving label "_02271_" from metal2 to via2 in cell pipelined_mult.
Moving label "_02280_" from metal2 to via2 in cell pipelined_mult.
Moving label "_02345_" from metal1 to viali in cell pipelined_mult.
Moving label "_02385_" from metal2 to via2 in cell pipelined_mult.
Moving label "_02452_" from metal2 to via2 in cell pipelined_mult.
Moving label "_02545_" from metal2 to via2 in cell pipelined_mult.
Moving label "_02588_" from metal2 to via2 in cell pipelined_mult.
Moving label "_02590_" from metal2 to via2 in cell pipelined_mult.
Moving label "_02592_" from metal2 to via1 in cell pipelined_mult.
Moving label "_02633_" from metal1 to via1 in cell pipelined_mult.
Moving label "_02824_" from metal2 to via2 in cell pipelined_mult.
Moving label "_02891_" from metal2 to via1 in cell pipelined_mult.
Moving label "_02925_" from metal1 to via1 in cell pipelined_mult.
Moving label "_02965_" from metal1 to via1 in cell pipelined_mult.
Moving label "_03034_" from metal1 to via1 in cell pipelined_mult.
Moving label "_03116_" from metal1 to via1 in cell pipelined_mult.
Moving label "_03142_" from metal1 to via1 in cell pipelined_mult.
Moving label "_03209_" from metal1 to via1 in cell pipelined_mult.
Moving label "_03258_" from metal2 to via1 in cell pipelined_mult.
Moving label "_03312_" from metal2 to via1 in cell pipelined_mult.
Moving label "_03378_" from metal1 to via1 in cell pipelined_mult.
Moving label "_03519_" from metal2 to via1 in cell pipelined_mult.
Moving label "_03593_" from metal1 to viali in cell pipelined_mult.
Moving label "_03594_" from metal1 to viali in cell pipelined_mult.
Moving label "_03789_" from metal3 to via3 in cell pipelined_mult.
Moving label "_03797_" from metal2 to via1 in cell pipelined_mult.
Moving label "_03801_" from metal1 to viali in cell pipelined_mult.
Moving label "_03902_" from metal2 to via2 in cell pipelined_mult.
Moving label "_03943_" from metal1 to via1 in cell pipelined_mult.
Moving label "_04105_" from metal2 to via2 in cell pipelined_mult.
Moving label "_04115_" from metal1 to via1 in cell pipelined_mult.
Moving label "_04124_" from metal2 to via2 in cell pipelined_mult.
Moving label "_04134_" from metal2 to via2 in cell pipelined_mult.
Moving label "_04137_" from metal1 to viali in cell pipelined_mult.
Moving label "_04182_" from metal2 to via2 in cell pipelined_mult.
Moving label "_04267_" from metal2 to via2 in cell pipelined_mult.
Moving label "_04271_" from metal2 to via2 in cell pipelined_mult.
Moving label "_04482_" from metal1 to via1 in cell pipelined_mult.
Moving label "_04581_" from metal2 to via1 in cell pipelined_mult.
Moving label "_04608_" from metal2 to via2 in cell pipelined_mult.
Moving label "_04619_" from metal2 to via2 in cell pipelined_mult.
Moving label "_04675_" from metal1 to via1 in cell pipelined_mult.
Moving label "_04696_" from metal2 to via2 in cell pipelined_mult.
Moving label "_04856_" from metal2 to via1 in cell pipelined_mult.
Moving label "_04865_" from metal1 to viali in cell pipelined_mult.
Moving label "_04923_" from metal1 to viali in cell pipelined_mult.
Moving label "_05043_" from metal2 to via2 in cell pipelined_mult.
Moving label "_05086_" from metal2 to via2 in cell pipelined_mult.
Moving label "_05210_" from metal1 to via1 in cell pipelined_mult.
Moving label "_05256_" from metal1 to viali in cell pipelined_mult.
Moving label "_05315_" from metal1 to via1 in cell pipelined_mult.
Moving label "_05322_" from metal2 to via2 in cell pipelined_mult.
Moving label "_05385_" from metal1 to viali in cell pipelined_mult.
Moving label "_05516_" from metal2 to via1 in cell pipelined_mult.
Moving label "_05524_" from metal2 to via2 in cell pipelined_mult.
Moving label "_05586_" from metal1 to via1 in cell pipelined_mult.
Moving label "_05611_" from metal2 to via2 in cell pipelined_mult.
Moving label "_05625_" from metal1 to viali in cell pipelined_mult.
Moving label "_05670_" from metal1 to via1 in cell pipelined_mult.
Moving label "_05679_" from metal2 to via2 in cell pipelined_mult.
Moving label "_05753_" from metal1 to via1 in cell pipelined_mult.
Moving label "_05767_" from metal2 to via2 in cell pipelined_mult.
Moving label "_06037_" from metal1 to viali in cell pipelined_mult.
Moving label "_06075_" from metal1 to via1 in cell pipelined_mult.
Moving label "_06185_" from metal1 to via1 in cell pipelined_mult.
Moving label "_06218_" from metal1 to via1 in cell pipelined_mult.
Moving label "_06414_" from metal2 to via1 in cell pipelined_mult.
Moving label "_06480_" from metal2 to via2 in cell pipelined_mult.
Moving label "_06507_" from metal1 to via1 in cell pipelined_mult.
Moving label "_06521_" from metal2 to via2 in cell pipelined_mult.
Moving label "_06539_" from metal2 to via2 in cell pipelined_mult.
Moving label "_06561_" from metal1 to viali in cell pipelined_mult.
Moving label "_06582_" from metal2 to via1 in cell pipelined_mult.
Moving label "_06608_" from metal1 to viali in cell pipelined_mult.
Moving label "_06666_" from metal2 to via2 in cell pipelined_mult.
Moving label "_06682_" from metal2 to via2 in cell pipelined_mult.
Moving label "_06832_" from metal2 to via2 in cell pipelined_mult.
Moving label "_06833_" from metal2 to via2 in cell pipelined_mult.
Moving label "_06884_" from metal1 to via1 in cell pipelined_mult.
Moving label "_06985_" from metal2 to via2 in cell pipelined_mult.
Moving label "_06999_" from metal2 to via2 in cell pipelined_mult.
Moving label "_07000_" from metal1 to via1 in cell pipelined_mult.
Moving label "_07004_" from metal1 to viali in cell pipelined_mult.
Moving label "_07032_" from metal1 to via1 in cell pipelined_mult.
Moving label "_07047_" from metal1 to via1 in cell pipelined_mult.
Moving label "_07098_" from metal2 to via2 in cell pipelined_mult.
Moving label "_07136_" from metal1 to via1 in cell pipelined_mult.
Moving label "_07229_" from metal1 to viali in cell pipelined_mult.
Moving label "_07320_" from metal1 to viali in cell pipelined_mult.
Moving label "_07437_" from metal1 to viali in cell pipelined_mult.
Moving label "_07467_" from metal2 to via1 in cell pipelined_mult.
Moving label "_07576_" from metal2 to via1 in cell pipelined_mult.
Moving label "_07599_" from metal1 to viali in cell pipelined_mult.
Moving label "_07694_" from metal2 to via1 in cell pipelined_mult.
Moving label "_07730_" from metal2 to via2 in cell pipelined_mult.
Moving label "_07749_" from metal1 to via1 in cell pipelined_mult.
Moving label "_07799_" from metal1 to viali in cell pipelined_mult.
Moving label "_07811_" from metal1 to via1 in cell pipelined_mult.
Moving label "_07841_" from metal1 to viali in cell pipelined_mult.
Moving label "_07854_" from metal1 to via1 in cell pipelined_mult.
Moving label "_07979_" from metal2 to via2 in cell pipelined_mult.
Moving label "_08010_" from metal1 to via1 in cell pipelined_mult.
Moving label "_08034_" from metal1 to via1 in cell pipelined_mult.
Moving label "_08042_" from metal1 to viali in cell pipelined_mult.
Moving label "_08045_" from metal1 to viali in cell pipelined_mult.
Moving label "_08057_" from metal1 to via1 in cell pipelined_mult.
Moving label "_08117_" from metal1 to viali in cell pipelined_mult.
Moving label "_08123_" from metal2 to via1 in cell pipelined_mult.
Moving label "_08139_" from metal2 to via2 in cell pipelined_mult.
Moving label "_08155_" from metal1 to via1 in cell pipelined_mult.
Moving label "_08268_" from metal2 to via2 in cell pipelined_mult.
Moving label "_08340_" from metal2 to via1 in cell pipelined_mult.
Moving label "_08362_" from metal2 to via2 in cell pipelined_mult.
Moving label "_08510_" from metal2 to via2 in cell pipelined_mult.
Moving label "_08601_" from metal1 to viali in cell pipelined_mult.
Moving label "_08621_" from metal2 to via1 in cell pipelined_mult.
Moving label "_08718_" from metal1 to via1 in cell pipelined_mult.
Moving label "_08731_" from metal2 to via2 in cell pipelined_mult.
Moving label "_08741_" from metal1 to viali in cell pipelined_mult.
Moving label "_08788_" from metal2 to via1 in cell pipelined_mult.
Moving label "_08827_" from metal2 to via2 in cell pipelined_mult.
Moving label "_08837_" from metal1 to via1 in cell pipelined_mult.
Moving label "_08913_" from metal1 to viali in cell pipelined_mult.
Moving label "_08942_" from metal1 to viali in cell pipelined_mult.
Moving label "_08986_" from metal2 to via2 in cell pipelined_mult.
Moving label "_09004_" from metal2 to via2 in cell pipelined_mult.
Moving label "_09038_" from metal2 to via2 in cell pipelined_mult.
Moving label "_09042_" from metal1 to via1 in cell pipelined_mult.
Moving label "_09110_" from metal1 to via1 in cell pipelined_mult.
Moving label "_09157_" from metal2 to via2 in cell pipelined_mult.
Moving label "_09177_" from metal2 to via2 in cell pipelined_mult.
Moving label "_09242_" from metal2 to via2 in cell pipelined_mult.
Moving label "_09269_" from metal1 to via1 in cell pipelined_mult.
Moving label "_09279_" from metal1 to viali in cell pipelined_mult.
Moving label "_09304_" from metal1 to via1 in cell pipelined_mult.
Moving label "_09356_" from metal1 to via1 in cell pipelined_mult.
Moving label "_09362_" from metal2 to via2 in cell pipelined_mult.
Moving label "_09417_" from metal2 to via2 in cell pipelined_mult.
Moving label "_09429_" from metal2 to via1 in cell pipelined_mult.
Moving label "_09493_" from metal2 to via2 in cell pipelined_mult.
Moving label "_09533_" from metal2 to via2 in cell pipelined_mult.
Moving label "_09652_" from metal2 to via2 in cell pipelined_mult.
Moving label "_09673_" from metal1 to viali in cell pipelined_mult.
Moving label "_09769_" from metal2 to via2 in cell pipelined_mult.
Moving label "_09789_" from metal1 to via1 in cell pipelined_mult.
Moving label "_09805_" from metal2 to via2 in cell pipelined_mult.
Moving label "_09813_" from metal1 to viali in cell pipelined_mult.
Moving label "_09822_" from metal2 to via2 in cell pipelined_mult.
Moving label "_09854_" from metal2 to via2 in cell pipelined_mult.
Moving label "_09871_" from metal2 to via2 in cell pipelined_mult.
Moving label "_09984_" from metal1 to viali in cell pipelined_mult.
Moving label "_10008_" from metal2 to via2 in cell pipelined_mult.
Moving label "_10047_" from metal1 to via1 in cell pipelined_mult.
Moving label "_10070_" from metal2 to via2 in cell pipelined_mult.
Moving label "_10075_" from metal2 to via2 in cell pipelined_mult.
Moving label "_10121_" from metal2 to via1 in cell pipelined_mult.
Moving label "_10150_" from metal2 to via2 in cell pipelined_mult.
Moving label "a_h\[1\]" from metal2 to via2 in cell pipelined_mult.
Moving label "a_h\[6\]" from metal2 to via2 in cell pipelined_mult.
Moving label "a_l\[0\]" from metal2 to via2 in cell pipelined_mult.
Moving label "b_h\[9\]" from metal1 to via1 in cell pipelined_mult.
Moving label "b_l\[2\]" from metal2 to via2 in cell pipelined_mult.
Moving label "clk" from metal2 to via2 in cell pipelined_mult.
Moving label "mid_sum\[30\]" from metal2 to via2 in cell pipelined_mult.
Moving label "mid_sum\[32\]" from metal2 to via2 in cell pipelined_mult.
Moving label "net1008" from metal2 to via2 in cell pipelined_mult.
Moving label "net1011" from metal1 to viali in cell pipelined_mult.
Moving label "net1014" from metal3 to via3 in cell pipelined_mult.
Moving label "net1018" from metal2 to via2 in cell pipelined_mult.
Moving label "net1131" from metal1 to via1 in cell pipelined_mult.
Moving label "net1318" from metal2 to via2 in cell pipelined_mult.
Moving label "net1319" from metal3 to via3 in cell pipelined_mult.
Moving label "net1333" from metal2 to via2 in cell pipelined_mult.
Moving label "net286" from metal1 to via1 in cell pipelined_mult.
Moving label "net408" from metal1 to via1 in cell pipelined_mult.
Moving label "net455" from metal2 to via2 in cell pipelined_mult.
Moving label "net463" from metal2 to via2 in cell pipelined_mult.
Moving label "net464" from metal1 to viali in cell pipelined_mult.
Moving label "net494" from metal2 to via1 in cell pipelined_mult.
Moving label "net497" from metal2 to via2 in cell pipelined_mult.
Moving label "net499" from metal2 to via2 in cell pipelined_mult.
Moving label "net514" from metal2 to via2 in cell pipelined_mult.
Moving label "net533" from metal1 to viali in cell pipelined_mult.
Moving label "net542" from metal2 to via2 in cell pipelined_mult.
Moving label "net553" from metal3 to via3 in cell pipelined_mult.
Moving label "net568" from metal2 to via2 in cell pipelined_mult.
Moving label "net574" from metal2 to via2 in cell pipelined_mult.
Moving label "net596" from metal1 to via1 in cell pipelined_mult.
Moving label "net620" from metal2 to via2 in cell pipelined_mult.
Moving label "net627" from metal2 to via2 in cell pipelined_mult.
Moving label "net628" from metal2 to via2 in cell pipelined_mult.
Moving label "net661" from metal2 to via2 in cell pipelined_mult.
Moving label "net662" from metal2 to via2 in cell pipelined_mult.
Moving label "net705" from metal2 to via2 in cell pipelined_mult.
Moving label "net711" from metal2 to via2 in cell pipelined_mult.
Moving label "net774" from metal2 to via2 in cell pipelined_mult.
Moving label "net776" from metal2 to via2 in cell pipelined_mult.
Moving label "net858" from metal1 to via1 in cell pipelined_mult.
Moving label "net888" from metal2 to via2 in cell pipelined_mult.
Moving label "net919" from metal3 to via3 in cell pipelined_mult.
Moving label "net962" from metal2 to via2 in cell pipelined_mult.
Moving label "net964" from metal2 to via2 in cell pipelined_mult.
Moving label "p[19]" from metal2 to via2 in cell pipelined_mult.
Moving label "p[21]" from metal2 to via2 in cell pipelined_mult.
Moving label "p[22]" from metal2 to via2 in cell pipelined_mult.
Moving label "p[23]" from metal2 to via2 in cell pipelined_mult.
Moving label "p[25]" from metal2 to via2 in cell pipelined_mult.
Moving label "p[31]" from metal2 to via2 in cell pipelined_mult.
Moving label "p[9]" from metal2 to via2 in cell pipelined_mult.
Moving label "p_hh\[21\]" from metal2 to via2 in cell pipelined_mult.
Moving label "p_hh\[23\]" from metal2 to via2 in cell pipelined_mult.
Moving label "p_hh\[28\]" from metal3 to via3 in cell pipelined_mult.
Moving label "p_hh\[29\]" from metal2 to via2 in cell pipelined_mult.
Moving label "p_hl\[10\]" from metal2 to via2 in cell pipelined_mult.
Moving label "p_hl\[14\]" from metal1 to via1 in cell pipelined_mult.
Moving label "p_hl\[17\]" from metal2 to via2 in cell pipelined_mult.
Moving label "p_hl\[18\]" from metal2 to via2 in cell pipelined_mult.
Moving label "p_hl\[1\]" from metal2 to via2 in cell pipelined_mult.
Moving label "p_hl\[22\]" from metal2 to via2 in cell pipelined_mult.
Moving label "p_hl\[25\]" from metal2 to via2 in cell pipelined_mult.
Moving label "p_hl\[26\]" from metal2 to via2 in cell pipelined_mult.
Moving label "p_hl\[2\]" from metal2 to via2 in cell pipelined_mult.
Moving label "p_hl\[9\]" from metal2 to via2 in cell pipelined_mult.
Moving label "p_lh\[5\]" from metal2 to via2 in cell pipelined_mult.
Moving label "p_ll\[27\]" from metal2 to via2 in cell pipelined_mult.
Processing pipelined_mult
Extracting sky130_fd_sc_hd__clkbuf_1 into sky130_fd_sc_hd__clkbuf_1.ext:
Extracting sky130_fd_sc_hd__and2_1 into sky130_fd_sc_hd__and2_1.ext:
Extracting sky130_fd_sc_hd__decap_3 into sky130_fd_sc_hd__decap_3.ext:
Extracting sky130_fd_sc_hd__decap_4 into sky130_fd_sc_hd__decap_4.ext:
Extracting sky130_fd_sc_hd__fill_1 into sky130_fd_sc_hd__fill_1.ext:
Extracting sky130_ef_sc_hd__decap_12 into sky130_ef_sc_hd__decap_12.ext:
Extracting sky130_fd_sc_hd__decap_6 into sky130_fd_sc_hd__decap_6.ext:
Extracting sky130_fd_sc_hd__decap_8 into sky130_fd_sc_hd__decap_8.ext:
Extracting sky130_fd_sc_hd__tapvpwrvgnd_1 into sky130_fd_sc_hd__tapvpwrvgnd_1.ext:
Extracting sky130_fd_sc_hd__fill_2 into sky130_fd_sc_hd__fill_2.ext:
Extracting sky130_fd_sc_hd__nand4_4 into sky130_fd_sc_hd__nand4_4.ext:
Extracting sky130_fd_sc_hd__nand2_4 into sky130_fd_sc_hd__nand2_4.ext:
Extracting sky130_fd_sc_hd__buf_8 into sky130_fd_sc_hd__buf_8.ext:
Extracting sky130_fd_sc_hd__o21ai_1 into sky130_fd_sc_hd__o21ai_1.ext:
Extracting sky130_fd_sc_hd__nand3_1 into sky130_fd_sc_hd__nand3_1.ext:
Extracting sky130_fd_sc_hd__and3_2 into sky130_fd_sc_hd__and3_2.ext:
Extracting sky130_fd_sc_hd__nand4_1 into sky130_fd_sc_hd__nand4_1.ext:
Extracting sky130_fd_sc_hd__a22o_1 into sky130_fd_sc_hd__a22o_1.ext:
Extracting sky130_fd_sc_hd__o2111ai_4 into sky130_fd_sc_hd__o2111ai_4.ext:
Extracting sky130_fd_sc_hd__o21ai_2 into sky130_fd_sc_hd__o21ai_2.ext:
Extracting sky130_fd_sc_hd__nand2_1 into sky130_fd_sc_hd__nand2_1.ext:
Extracting sky130_fd_sc_hd__a21boi_1 into sky130_fd_sc_hd__a21boi_1.ext:
Extracting sky130_fd_sc_hd__a21o_1 into sky130_fd_sc_hd__a21o_1.ext:
Extracting sky130_fd_sc_hd__nand2_2 into sky130_fd_sc_hd__nand2_2.ext:
Extracting sky130_fd_sc_hd__and2_2 into sky130_fd_sc_hd__and2_2.ext:
Extracting sky130_fd_sc_hd__dlygate4sd1_1 into sky130_fd_sc_hd__dlygate4sd1_1.ext:
Extracting sky130_fd_sc_hd__nand4_2 into sky130_fd_sc_hd__nand4_2.ext:
Extracting sky130_fd_sc_hd__a22oi_2 into sky130_fd_sc_hd__a22oi_2.ext:
Extracting sky130_fd_sc_hd__a22oi_1 into sky130_fd_sc_hd__a22oi_1.ext:
Extracting sky130_fd_sc_hd__dfxtp_4 into sky130_fd_sc_hd__dfxtp_4.ext:
Extracting sky130_fd_sc_hd__clkbuf_16 into sky130_fd_sc_hd__clkbuf_16.ext:
Extracting sky130_fd_sc_hd__o22ai_1 into sky130_fd_sc_hd__o22ai_1.ext:
Extracting sky130_fd_sc_hd__nor2_1 into sky130_fd_sc_hd__nor2_1.ext:
Extracting sky130_fd_sc_hd__or2_1 into sky130_fd_sc_hd__or2_1.ext:
Extracting sky130_fd_sc_hd__dfxtp_1 into sky130_fd_sc_hd__dfxtp_1.ext:
Extracting sky130_fd_sc_hd__clkbuf_8 into sky130_fd_sc_hd__clkbuf_8.ext:
Extracting sky130_fd_sc_hd__a21oi_1 into sky130_fd_sc_hd__a21oi_1.ext:
Extracting sky130_fd_sc_hd__dlygate4sd3_1 into sky130_fd_sc_hd__dlygate4sd3_1.ext:
Extracting sky130_fd_sc_hd__nand3_2 into sky130_fd_sc_hd__nand3_2.ext:
Extracting sky130_fd_sc_hd__a21boi_2 into sky130_fd_sc_hd__a21boi_2.ext:
Extracting sky130_fd_sc_hd__dfxtp_2 into sky130_fd_sc_hd__dfxtp_2.ext:
Extracting sky130_fd_sc_hd__o2111ai_1 into sky130_fd_sc_hd__o2111ai_1.ext:
Extracting sky130_fd_sc_hd__o221ai_2 into sky130_fd_sc_hd__o221ai_2.ext:
Extracting sky130_fd_sc_hd__nand3_4 into sky130_fd_sc_hd__nand3_4.ext:
Extracting sky130_fd_sc_hd__and4_1 into sky130_fd_sc_hd__and4_1.ext:
Extracting sky130_fd_sc_hd__nand3b_2 into sky130_fd_sc_hd__nand3b_2.ext:
Extracting sky130_fd_sc_hd__and3_1 into sky130_fd_sc_hd__and3_1.ext:
Extracting sky130_fd_sc_hd__a21oi_2 into sky130_fd_sc_hd__a21oi_2.ext:
Extracting sky130_fd_sc_hd__o211ai_4 into sky130_fd_sc_hd__o211ai_4.ext:
Extracting sky130_fd_sc_hd__nor3b_1 into sky130_fd_sc_hd__nor3b_1.ext:
Extracting sky130_fd_sc_hd__buf_6 into sky130_fd_sc_hd__buf_6.ext:
Extracting sky130_fd_sc_hd__buf_2 into sky130_fd_sc_hd__buf_2.ext:
Extracting sky130_fd_sc_hd__a211o_1 into sky130_fd_sc_hd__a211o_1.ext:
Extracting sky130_fd_sc_hd__o211a_1 into sky130_fd_sc_hd__o211a_1.ext:
Extracting sky130_fd_sc_hd__o21bai_1 into sky130_fd_sc_hd__o21bai_1.ext:
Extracting sky130_fd_sc_hd__clkinv_8 into sky130_fd_sc_hd__clkinv_8.ext:
Extracting sky130_fd_sc_hd__nor3_1 into sky130_fd_sc_hd__nor3_1.ext:
Extracting sky130_fd_sc_hd__o2111ai_2 into sky130_fd_sc_hd__o2111ai_2.ext:
Extracting sky130_fd_sc_hd__a22oi_4 into sky130_fd_sc_hd__a22oi_4.ext:
Extracting sky130_fd_sc_hd__inv_2 into sky130_fd_sc_hd__inv_2.ext:
Extracting sky130_fd_sc_hd__inv_12 into sky130_fd_sc_hd__inv_12.ext:
Extracting sky130_fd_sc_hd__clkbuf_2 into sky130_fd_sc_hd__clkbuf_2.ext:
Extracting sky130_fd_sc_hd__o2bb2ai_1 into sky130_fd_sc_hd__o2bb2ai_1.ext:
Extracting sky130_fd_sc_hd__o221a_4 into sky130_fd_sc_hd__o221a_4.ext:
Extracting sky130_fd_sc_hd__a31o_1 into sky130_fd_sc_hd__a31o_1.ext:
Extracting sky130_fd_sc_hd__o211ai_1 into sky130_fd_sc_hd__o211ai_1.ext:
Extracting sky130_fd_sc_hd__a21bo_1 into sky130_fd_sc_hd__a21bo_1.ext:
Extracting sky130_fd_sc_hd__o2bb2a_1 into sky130_fd_sc_hd__o2bb2a_1.ext:
Extracting sky130_fd_sc_hd__inv_16 into sky130_fd_sc_hd__inv_16.ext:
Extracting sky130_fd_sc_hd__o21a_1 into sky130_fd_sc_hd__o21a_1.ext:
Extracting sky130_fd_sc_hd__a211oi_1 into sky130_fd_sc_hd__a211oi_1.ext:
Extracting sky130_fd_sc_hd__o21ba_1 into sky130_fd_sc_hd__o21ba_1.ext:
Extracting sky130_fd_sc_hd__and2b_1 into sky130_fd_sc_hd__and2b_1.ext:
Extracting sky130_fd_sc_hd__a221oi_1 into sky130_fd_sc_hd__a221oi_1.ext:
Extracting sky130_fd_sc_hd__a221o_1 into sky130_fd_sc_hd__a221o_1.ext:
Extracting sky130_fd_sc_hd__a21oi_4 into sky130_fd_sc_hd__a21oi_4.ext:
Extracting sky130_fd_sc_hd__nand2b_1 into sky130_fd_sc_hd__nand2b_1.ext:
Extracting sky130_fd_sc_hd__and4b_1 into sky130_fd_sc_hd__and4b_1.ext:
Extracting sky130_fd_sc_hd__o2bb2ai_2 into sky130_fd_sc_hd__o2bb2ai_2.ext:
Extracting sky130_fd_sc_hd__and4_2 into sky130_fd_sc_hd__and4_2.ext:
Extracting sky130_fd_sc_hd__inv_8 into sky130_fd_sc_hd__inv_8.ext:
Extracting sky130_fd_sc_hd__buf_1 into sky130_fd_sc_hd__buf_1.ext:
Extracting sky130_fd_sc_hd__a31oi_1 into sky130_fd_sc_hd__a31oi_1.ext:
Extracting sky130_fd_sc_hd__clkbuf_4 into sky130_fd_sc_hd__clkbuf_4.ext:
Extracting sky130_fd_sc_hd__o2111a_1 into sky130_fd_sc_hd__o2111a_1.ext:
Extracting sky130_fd_sc_hd__o221ai_4 into sky130_fd_sc_hd__o221ai_4.ext:
Extracting sky130_fd_sc_hd__a32o_1 into sky130_fd_sc_hd__a32o_1.ext:
Extracting sky130_fd_sc_hd__or3_1 into sky130_fd_sc_hd__or3_1.ext:
Extracting sky130_fd_sc_hd__o22a_1 into sky130_fd_sc_hd__o22a_1.ext:
Extracting sky130_fd_sc_hd__nor4_1 into sky130_fd_sc_hd__nor4_1.ext:
Extracting sky130_fd_sc_hd__o311ai_4 into sky130_fd_sc_hd__o311ai_4.ext:
Extracting sky130_fd_sc_hd__o31ai_1 into sky130_fd_sc_hd__o31ai_1.ext:
Extracting sky130_fd_sc_hd__a31o_4 into sky130_fd_sc_hd__a31o_4.ext:
Extracting sky130_fd_sc_hd__o211ai_2 into sky130_fd_sc_hd__o211ai_2.ext:
Extracting sky130_fd_sc_hd__a41o_1 into sky130_fd_sc_hd__a41o_1.ext:
Extracting sky130_fd_sc_hd__a41oi_1 into sky130_fd_sc_hd__a41oi_1.ext:
Extracting sky130_fd_sc_hd__nand3b_1 into sky130_fd_sc_hd__nand3b_1.ext:
Extracting sky130_fd_sc_hd__nand3b_4 into sky130_fd_sc_hd__nand3b_4.ext:
Extracting sky130_fd_sc_hd__nor2_2 into sky130_fd_sc_hd__nor2_2.ext:
Extracting sky130_fd_sc_hd__o31a_1 into sky130_fd_sc_hd__o31a_1.ext:
Extracting sky130_fd_sc_hd__a32oi_4 into sky130_fd_sc_hd__a32oi_4.ext:
Extracting sky130_fd_sc_hd__o2bb2ai_4 into sky130_fd_sc_hd__o2bb2ai_4.ext:
Extracting sky130_fd_sc_hd__a22o_4 into sky130_fd_sc_hd__a22o_4.ext:
Extracting sky130_fd_sc_hd__and4_4 into sky130_fd_sc_hd__and4_4.ext:
Extracting sky130_fd_sc_hd__inv_6 into sky130_fd_sc_hd__inv_6.ext:
Extracting sky130_fd_sc_hd__o311a_1 into sky130_fd_sc_hd__o311a_1.ext:
Extracting sky130_fd_sc_hd__and4bb_1 into sky130_fd_sc_hd__and4bb_1.ext:
Extracting sky130_fd_sc_hd__a2bb2o_1 into sky130_fd_sc_hd__a2bb2o_1.ext:
Extracting sky130_fd_sc_hd__buf_12 into sky130_fd_sc_hd__buf_12.ext:
Extracting sky130_fd_sc_hd__and3b_1 into sky130_fd_sc_hd__and3b_1.ext:
Extracting sky130_fd_sc_hd__o21ai_4 into sky130_fd_sc_hd__o21ai_4.ext:
Extracting sky130_fd_sc_hd__a31oi_4 into sky130_fd_sc_hd__a31oi_4.ext:
Extracting sky130_fd_sc_hd__a31oi_2 into sky130_fd_sc_hd__a31oi_2.ext:
Extracting sky130_fd_sc_hd__a2bb2oi_1 into sky130_fd_sc_hd__a2bb2oi_1.ext:
Extracting sky130_fd_sc_hd__a32oi_2 into sky130_fd_sc_hd__a32oi_2.ext:
Extracting sky130_fd_sc_hd__a21boi_4 into sky130_fd_sc_hd__a21boi_4.ext:
Extracting sky130_fd_sc_hd__a2bb2o_2 into sky130_fd_sc_hd__a2bb2o_2.ext:
Extracting sky130_fd_sc_hd__buf_4 into sky130_fd_sc_hd__buf_4.ext:
Extracting sky130_fd_sc_hd__a2bb2oi_4 into sky130_fd_sc_hd__a2bb2oi_4.ext:
Extracting sky130_fd_sc_hd__diode_2 into sky130_fd_sc_hd__diode_2.ext:
Extracting sky130_fd_sc_hd__o22ai_2 into sky130_fd_sc_hd__o22ai_2.ext:
Extracting sky130_fd_sc_hd__o31ai_2 into sky130_fd_sc_hd__o31ai_2.ext:
Extracting sky130_fd_sc_hd__o221ai_1 into sky130_fd_sc_hd__o221ai_1.ext:
Extracting sky130_fd_sc_hd__a22o_2 into sky130_fd_sc_hd__a22o_2.ext:
Extracting sky130_fd_sc_hd__xnor2_1 into sky130_fd_sc_hd__xnor2_1.ext:
Extracting sky130_fd_sc_hd__a21bo_2 into sky130_fd_sc_hd__a21bo_2.ext:
Extracting sky130_fd_sc_hd__o221a_1 into sky130_fd_sc_hd__o221a_1.ext:
Extracting sky130_fd_sc_hd__a32o_2 into sky130_fd_sc_hd__a32o_2.ext:
Extracting sky130_fd_sc_hd__o32a_1 into sky130_fd_sc_hd__o32a_1.ext:
Extracting sky130_fd_sc_hd__o22ai_4 into sky130_fd_sc_hd__o22ai_4.ext:
Extracting sky130_fd_sc_hd__o32a_4 into sky130_fd_sc_hd__o32a_4.ext:
Extracting sky130_fd_sc_hd__dlymetal6s2s_1 into sky130_fd_sc_hd__dlymetal6s2s_1.ext:
Extracting sky130_fd_sc_hd__nor3_2 into sky130_fd_sc_hd__nor3_2.ext:
Extracting sky130_fd_sc_hd__o22a_4 into sky130_fd_sc_hd__o22a_4.ext:
Extracting sky130_fd_sc_hd__dlymetal6s4s_1 into sky130_fd_sc_hd__dlymetal6s4s_1.ext:
Extracting sky130_fd_sc_hd__a32oi_1 into sky130_fd_sc_hd__a32oi_1.ext:
Extracting sky130_fd_sc_hd__a311oi_2 into sky130_fd_sc_hd__a311oi_2.ext:
Extracting sky130_fd_sc_hd__a31o_2 into sky130_fd_sc_hd__a31o_2.ext:
Extracting sky130_fd_sc_hd__o32ai_4 into sky130_fd_sc_hd__o32ai_4.ext:
Extracting sky130_fd_sc_hd__or4b_1 into sky130_fd_sc_hd__or4b_1.ext:
Extracting sky130_fd_sc_hd__o2111a_4 into sky130_fd_sc_hd__o2111a_4.ext:
Extracting sky130_fd_sc_hd__o21bai_4 into sky130_fd_sc_hd__o21bai_4.ext:
Extracting sky130_fd_sc_hd__nand2_8 into sky130_fd_sc_hd__nand2_8.ext:
Extracting sky130_fd_sc_hd__o211a_4 into sky130_fd_sc_hd__o211a_4.ext:
Extracting sky130_fd_sc_hd__a2bb2oi_2 into sky130_fd_sc_hd__a2bb2oi_2.ext:
Extracting sky130_fd_sc_hd__a21o_4 into sky130_fd_sc_hd__a21o_4.ext:
Extracting sky130_fd_sc_hd__a311oi_1 into sky130_fd_sc_hd__a311oi_1.ext:
Extracting sky130_fd_sc_hd__o22a_2 into sky130_fd_sc_hd__o22a_2.ext:
Extracting sky130_fd_sc_hd__o21a_4 into sky130_fd_sc_hd__o21a_4.ext:
Extracting sky130_fd_sc_hd__and2_4 into sky130_fd_sc_hd__and2_4.ext:
Extracting sky130_fd_sc_hd__nor2_4 into sky130_fd_sc_hd__nor2_4.ext:
Extracting sky130_fd_sc_hd__a211o_4 into sky130_fd_sc_hd__a211o_4.ext:
Extracting sky130_fd_sc_hd__bufinv_16 into sky130_fd_sc_hd__bufinv_16.ext:
Extracting sky130_fd_sc_hd__a211oi_4 into sky130_fd_sc_hd__a211oi_4.ext:
Extracting sky130_fd_sc_hd__a211oi_2 into sky130_fd_sc_hd__a211oi_2.ext:
Extracting sky130_fd_sc_hd__or4b_2 into sky130_fd_sc_hd__or4b_2.ext:
Extracting sky130_fd_sc_hd__xor2_2 into sky130_fd_sc_hd__xor2_2.ext:
Extracting sky130_fd_sc_hd__or4_1 into sky130_fd_sc_hd__or4_1.ext:
Extracting sky130_fd_sc_hd__xor2_1 into sky130_fd_sc_hd__xor2_1.ext:
Extracting sky130_fd_sc_hd__and3_4 into sky130_fd_sc_hd__and3_4.ext:
Extracting sky130_fd_sc_hd__o21bai_2 into sky130_fd_sc_hd__o21bai_2.ext:
Extracting sky130_fd_sc_hd__nand4b_1 into sky130_fd_sc_hd__nand4b_1.ext:
Extracting sky130_fd_sc_hd__nand4b_2 into sky130_fd_sc_hd__nand4b_2.ext:
Extracting sky130_fd_sc_hd__or3b_1 into sky130_fd_sc_hd__or3b_1.ext:
Extracting sky130_fd_sc_hd__clkinv_16 into sky130_fd_sc_hd__clkinv_16.ext:
Extracting sky130_fd_sc_hd__or4bb_1 into sky130_fd_sc_hd__or4bb_1.ext:
Extracting sky130_fd_sc_hd__o41a_1 into sky130_fd_sc_hd__o41a_1.ext:
Extracting sky130_fd_sc_hd__clkinv_4 into sky130_fd_sc_hd__clkinv_4.ext:
Extracting sky130_fd_sc_hd__o31a_2 into sky130_fd_sc_hd__o31a_2.ext:
Extracting sky130_fd_sc_hd__o2bb2a_2 into sky130_fd_sc_hd__o2bb2a_2.ext:
Extracting sky130_fd_sc_hd__or3b_4 into sky130_fd_sc_hd__or3b_4.ext:
Extracting sky130_fd_sc_hd__o211a_2 into sky130_fd_sc_hd__o211a_2.ext:
Extracting sky130_fd_sc_hd__a311o_1 into sky130_fd_sc_hd__a311o_1.ext:
Extracting sky130_fd_sc_hd__a41oi_4 into sky130_fd_sc_hd__a41oi_4.ext:
Extracting sky130_fd_sc_hd__xnor2_2 into sky130_fd_sc_hd__xnor2_2.ext:
Extracting sky130_fd_sc_hd__clkinv_1 into sky130_fd_sc_hd__clkinv_1.ext:
Extracting sky130_fd_sc_hd__a2111oi_1 into sky130_fd_sc_hd__a2111oi_1.ext:
Extracting sky130_fd_sc_hd__inv_4 into sky130_fd_sc_hd__inv_4.ext:
Extracting sky130_fd_sc_hd__o21ba_4 into sky130_fd_sc_hd__o21ba_4.ext:
Extracting sky130_fd_sc_hd__clkinv_2 into sky130_fd_sc_hd__clkinv_2.ext:
Extracting sky130_fd_sc_hd__o2111a_2 into sky130_fd_sc_hd__o2111a_2.ext:
Extracting sky130_fd_sc_hd__nor4b_4 into sky130_fd_sc_hd__nor4b_4.ext:
Extracting sky130_fd_sc_hd__o32a_2 into sky130_fd_sc_hd__o32a_2.ext:
Extracting sky130_fd_sc_hd__o21a_2 into sky130_fd_sc_hd__o21a_2.ext:
Extracting sky130_fd_sc_hd__or4bb_4 into sky130_fd_sc_hd__or4bb_4.ext:
Extracting sky130_fd_sc_hd__a221oi_2 into sky130_fd_sc_hd__a221oi_2.ext:
Extracting sky130_fd_sc_hd__or2_2 into sky130_fd_sc_hd__or2_2.ext:
Extracting sky130_fd_sc_hd__clkinvlp_4 into sky130_fd_sc_hd__clkinvlp_4.ext:
Extracting sky130_fd_sc_hd__a41oi_2 into sky130_fd_sc_hd__a41oi_2.ext:
Extracting sky130_fd_sc_hd__or3b_2 into sky130_fd_sc_hd__or3b_2.ext:
Extracting sky130_fd_sc_hd__nor3_4 into sky130_fd_sc_hd__nor3_4.ext:
Extracting sky130_fd_sc_hd__a21o_2 into sky130_fd_sc_hd__a21o_2.ext:
Extracting sky130_fd_sc_hd__nand4b_4 into sky130_fd_sc_hd__nand4b_4.ext:
Extracting sky130_fd_sc_hd__or3_4 into sky130_fd_sc_hd__or3_4.ext:
Extracting sky130_fd_sc_hd__o32ai_2 into sky130_fd_sc_hd__o32ai_2.ext:
Extracting sky130_fd_sc_hd__nor4b_1 into sky130_fd_sc_hd__nor4b_1.ext:
Extracting sky130_fd_sc_hd__or2_4 into sky130_fd_sc_hd__or2_4.ext:
Extracting sky130_fd_sc_hd__mux2_1 into sky130_fd_sc_hd__mux2_1.ext:
Extracting sky130_fd_sc_hd__nor2_8 into sky130_fd_sc_hd__nor2_8.ext:
Extracting sky130_fd_sc_hd__a2111oi_4 into sky130_fd_sc_hd__a2111oi_4.ext:
Extracting sky130_fd_sc_hd__or4_4 into sky130_fd_sc_hd__or4_4.ext:
Extracting sky130_fd_sc_hd__o32ai_1 into sky130_fd_sc_hd__o32ai_1.ext:
Extracting sky130_fd_sc_hd__and4b_2 into sky130_fd_sc_hd__and4b_2.ext:
Extracting sky130_fd_sc_hd__nor4_2 into sky130_fd_sc_hd__nor4_2.ext:
Extracting sky130_fd_sc_hd__o31ai_4 into sky130_fd_sc_hd__o31ai_4.ext:
Extracting sky130_fd_sc_hd__nor4_4 into sky130_fd_sc_hd__nor4_4.ext:
Extracting sky130_fd_sc_hd__a2111o_1 into sky130_fd_sc_hd__a2111o_1.ext:
Extracting sky130_fd_sc_hd__o41a_2 into sky130_fd_sc_hd__o41a_2.ext:
Extracting pipelined_mult into pipelined_mult.ext:
exttospice finished.
Using technology "sky130A", version 1.0.493-0-g0fe599b
