if {[file exists ~/openlane2/my_script/script_matt.tcl]} {
    source ~/openlane2/my_script/script_matt.tcl
}
Reading OpenROAD database at '/home/hien/openlane2/designs/fn_pj/pipeline-mult/runs/MULT/17-openroad-cutrows/mult_16x16.odb'…
Reading library file at '/home/hien/.volare/volare/sky130/versions/0fe599b2afb6708d281543108caf8310912f54af/sky130A/libs.ref/sky130_fd_sc_hd/lib/sky130_fd_sc_hd__tt_025C_1v80.lib'…
Reading design constraints file at '/home/hien/openlane2/designs/fn_pj/pipeline-mult/mult_16x16.sdc'…
[INFO TAP-0004] Inserted 148 endcaps.
[INFO TAP-0005] Inserted 608 tapcells.
Setting global connections for newly added cells…
[INFO] Setting global connections...
Updating metrics…
Cell type report:                       Count       Area
  Fill cell                               148     555.53
  Tap cell                                608     760.73
  Inverter                                 61     228.97
  Sequential cell                          64    1361.31
  Multi-Input combinational cell         2431   23463.75
  Total                                  3312   26370.29
Writing OpenROAD database to '/home/hien/openlane2/designs/fn_pj/pipeline-mult/runs/MULT/18-openroad-tapendcapinsertion/mult_16x16.odb'…
Writing netlist to '/home/hien/openlane2/designs/fn_pj/pipeline-mult/runs/MULT/18-openroad-tapendcapinsertion/mult_16x16.nl.v'…
Writing powered netlist to '/home/hien/openlane2/designs/fn_pj/pipeline-mult/runs/MULT/18-openroad-tapendcapinsertion/mult_16x16.pnl.v'…
Writing layout to '/home/hien/openlane2/designs/fn_pj/pipeline-mult/runs/MULT/18-openroad-tapendcapinsertion/mult_16x16.def'…
Writing timing constraints to '/home/hien/openlane2/designs/fn_pj/pipeline-mult/runs/MULT/18-openroad-tapendcapinsertion/mult_16x16.sdc'…
