if {[file exists ~/openlane2/my_script/script_matt.tcl]} {
    source ~/openlane2/my_script/script_matt.tcl
}
Reading OpenROAD database at '/home/hien/openlane2/designs/fn_pj/pipeline-mult/runs/ADD/20-openroad-generatepdn/add3x64.odb'…
Reading library file at '/home/hien/.volare/volare/sky130/versions/0fe599b2afb6708d281543108caf8310912f54af/sky130A/libs.ref/sky130_fd_sc_hd/lib/sky130_fd_sc_hd__tt_025C_1v80.lib'…
Reading design constraints file at '/home/hien/openlane2/designs/fn_pj/pipeline-mult/add64.sdc'…
+ global_placement -density 0.41617400000000004 -skip_io -pad_right 0 -pad_left 0 -init_wirelength_coef 0.25
[INFO GPL-0002] DBU: 1000
[INFO GPL-0003] SiteSize: (  0.460  2.720 ) um
[INFO GPL-0004] CoreBBox: (  5.520 10.880 ) ( 94.300 388.960 ) um
[INFO GPL-0006] NumInstances:              1736
[INFO GPL-0007] NumPlaceInstances:         1035
[INFO GPL-0008] NumFixedInstances:          701
[INFO GPL-0009] NumDummyInstances:            0
[INFO GPL-0010] NumNets:                   1229
[INFO GPL-0011] NumPins:                   3998
[INFO GPL-0012] DieBBox:  (  0.000  0.000 ) ( 100.000 400.000 ) um
[INFO GPL-0013] CoreBBox: (  5.520 10.880 ) ( 94.300 388.960 ) um
[INFO GPL-0016] CoreArea:             33565.942 um^2
[INFO GPL-0017] NonPlaceInstsArea:     1572.758 um^2
[INFO GPL-0018] PlaceInstsArea:       10083.421 um^2
[INFO GPL-0019] Util:                    31.517 %
[INFO GPL-0020] StdInstsArea:         10083.421 um^2
[INFO GPL-0021] MacroInstsArea:           0.000 um^2
[INFO GPL-0031] FillerInit:NumGCells:      1380
[INFO GPL-0032] FillerInit:NumGNets:       1229
[INFO GPL-0033] FillerInit:NumGPins:       3998
[INFO GPL-0023] TargetDensity:            0.416
[INFO GPL-0024] AvrgPlaceInstArea:        9.742 um^2
[INFO GPL-0025] IdealBinArea:            23.410 um^2
[INFO GPL-0026] IdealBinCnt:               1433
[INFO GPL-0027] TotalBinArea:         33565.942 um^2
[INFO GPL-0028] BinCnt:        16     64
[INFO GPL-0029] BinSize: (  5.549  5.908 )
[INFO GPL-0030] NumBins: 1024
[NesterovSolve] Iter:    1 overflow: 0.994 HPWL: 2818592
[NesterovSolve] Iter:   10 overflow: 0.989 HPWL: 1803447
[NesterovSolve] Iter:   20 overflow: 0.989 HPWL: 1785071
[NesterovSolve] Iter:   30 overflow: 0.989 HPWL: 1782461
[NesterovSolve] Iter:   40 overflow: 0.989 HPWL: 1781064
[NesterovSolve] Iter:   50 overflow: 0.989 HPWL: 1780437
[NesterovSolve] Iter:   60 overflow: 0.989 HPWL: 1780814
[NesterovSolve] Iter:   70 overflow: 0.989 HPWL: 1781676
[NesterovSolve] Iter:   80 overflow: 0.989 HPWL: 1783773
[NesterovSolve] Iter:   90 overflow: 0.989 HPWL: 1789557
[NesterovSolve] Iter:  100 overflow: 0.989 HPWL: 1801551
[NesterovSolve] Iter:  110 overflow: 0.988 HPWL: 1828454
[NesterovSolve] Iter:  120 overflow: 0.983 HPWL: 1901932
[NesterovSolve] Iter:  130 overflow: 0.972 HPWL: 2107362
[NesterovSolve] Iter:  140 overflow: 0.951 HPWL: 2529904
[NesterovSolve] Iter:  150 overflow: 0.922 HPWL: 3038397
[NesterovSolve] Iter:  160 overflow: 0.897 HPWL: 3513084
[NesterovSolve] Iter:  170 overflow: 0.876 HPWL: 3891091
[NesterovSolve] Iter:  180 overflow: 0.855 HPWL: 4293871
[NesterovSolve] Iter:  190 overflow: 0.822 HPWL: 4860896
[NesterovSolve] Iter:  200 overflow: 0.784 HPWL: 5570017
[NesterovSolve] Iter:  210 overflow: 0.743 HPWL: 6121887
[NesterovSolve] Iter:  220 overflow: 0.712 HPWL: 6534248
[NesterovSolve] Iter:  230 overflow: 0.677 HPWL: 7070742
[NesterovSolve] Iter:  240 overflow: 0.635 HPWL: 7502459
[NesterovSolve] Iter:  250 overflow: 0.595 HPWL: 7943772
[NesterovSolve] Iter:  260 overflow: 0.559 HPWL: 8368888
[NesterovSolve] Iter:  270 overflow: 0.520 HPWL: 8754742
[NesterovSolve] Iter:  280 overflow: 0.475 HPWL: 9318614
[NesterovSolve] Iter:  290 overflow: 0.439 HPWL: 9812979
[NesterovSolve] Iter:  300 overflow: 0.402 HPWL: 10185370
[NesterovSolve] Iter:  310 overflow: 0.361 HPWL: 10607330
[NesterovSolve] Iter:  320 overflow: 0.326 HPWL: 10946820
[NesterovSolve] Iter:  330 overflow: 0.303 HPWL: 11170737
[NesterovSolve] Iter:  340 overflow: 0.281 HPWL: 11372096
[NesterovSolve] Iter:  350 overflow: 0.257 HPWL: 11579156
[NesterovSolve] Iter:  360 overflow: 0.234 HPWL: 11774700
[NesterovSolve] Iter:  370 overflow: 0.210 HPWL: 11964736
[NesterovSolve] Iter:  380 overflow: 0.189 HPWL: 12158853
[NesterovSolve] Iter:  390 overflow: 0.168 HPWL: 12359898
[NesterovSolve] Iter:  400 overflow: 0.149 HPWL: 12583542
[NesterovSolve] Iter:  410 overflow: 0.127 HPWL: 12794541
[NesterovSolve] Iter:  420 overflow: 0.103 HPWL: 12968921
[NesterovSolve] Finished with Overflow: 0.099018
[INFO] Setting RC values…
Setting global connections for newly added cells…
[INFO] Setting global connections...
Updating metrics…
Cell type report:                       Count       Area
  Fill cell                               278    1043.50
  Tap cell                                423     529.26
  Inverter                                 24      90.09
  Sequential cell                          64    1361.31
  Multi-Input combinational cell          947    8632.03
  Total                                  1736   11656.18
Writing OpenROAD database to '/home/hien/openlane2/designs/fn_pj/pipeline-mult/runs/ADD/23-openroad-globalplacementskipio/add3x64.odb'…
Writing netlist to '/home/hien/openlane2/designs/fn_pj/pipeline-mult/runs/ADD/23-openroad-globalplacementskipio/add3x64.nl.v'…
Writing powered netlist to '/home/hien/openlane2/designs/fn_pj/pipeline-mult/runs/ADD/23-openroad-globalplacementskipio/add3x64.pnl.v'…
Writing layout to '/home/hien/openlane2/designs/fn_pj/pipeline-mult/runs/ADD/23-openroad-globalplacementskipio/add3x64.def'…
Writing timing constraints to '/home/hien/openlane2/designs/fn_pj/pipeline-mult/runs/ADD/23-openroad-globalplacementskipio/add3x64.sdc'…
