
===========================================================================
report_checks -unconstrained
===========================================================================
======================= min_tt_025C_1v80 Corner ===================================

Startpoint: _20361_ (rising edge-triggered flip-flop clocked by clk)
Endpoint: _20695_ (rising edge-triggered flip-flop clocked by clk)
Path Group: clk
Path Type: max

Fanout         Cap        Slew       Delay        Time   Description
---------------------------------------------------------------------------------------------
                                  0.000000    0.000000   clock clk (rise edge)
                                  0.000000    0.000000   clock source latency
     2    0.078966    0.220021    0.159333    0.159333 ^ clk (in)
                                                         clk (net)
                      0.220096    0.000000    0.159333 ^ clkbuf_0_clk/A (sky130_fd_sc_hd__clkbuf_16)
     8    0.173007    0.184899    0.294405    0.453738 ^ clkbuf_0_clk/X (sky130_fd_sc_hd__clkbuf_16)
                                                         clknet_0_clk (net)
                      0.184911    0.001685    0.455423 ^ clkbuf_3_4_0_clk/A (sky130_fd_sc_hd__clkbuf_8)
     9    0.096942    0.172230    0.271594    0.727017 ^ clkbuf_3_4_0_clk/X (sky130_fd_sc_hd__clkbuf_8)
                                                         clknet_3_4_0_clk (net)
                      0.172256    0.001772    0.728788 ^ clkbuf_leaf_47_clk/A (sky130_fd_sc_hd__clkbuf_8)
    18    0.055051    0.106330    0.219340    0.948129 ^ clkbuf_leaf_47_clk/X (sky130_fd_sc_hd__clkbuf_8)
                                                         clknet_leaf_47_clk (net)
                      0.106330    0.000442    0.948570 ^ _20361_/CLK (sky130_fd_sc_hd__dfxtp_4)
     7    0.035637    0.111863    0.417067    1.365637 ^ _20361_/Q (sky130_fd_sc_hd__dfxtp_4)
                                                         b_l[1] (net)
                      0.111911    0.002165    1.367802 ^ max_cap800/A (sky130_fd_sc_hd__buf_12)
     5    0.066218    0.085993    0.154712    1.522514 ^ max_cap800/X (sky130_fd_sc_hd__buf_12)
                                                         net800 (net)
                      0.086198    0.003338    1.525852 ^ max_cap799/A (sky130_fd_sc_hd__buf_12)
     5    0.070143    0.089590    0.151799    1.677651 ^ max_cap799/X (sky130_fd_sc_hd__buf_12)
                                                         net799 (net)
                      0.089591    0.000231    1.677882 ^ max_cap798/A (sky130_fd_sc_hd__buf_12)
     5    0.065100    0.084481    0.147126    1.825009 ^ max_cap798/X (sky130_fd_sc_hd__buf_12)
                                                         net798 (net)
                      0.085041    0.005444    1.830453 ^ max_cap797/A (sky130_fd_sc_hd__buf_12)
     5    0.063982    0.083070    0.147329    1.977781 ^ max_cap797/X (sky130_fd_sc_hd__buf_12)
                                                         net797 (net)
                      0.083165    0.001667    1.979448 ^ max_cap796/A (sky130_fd_sc_hd__buf_12)
     8    0.067816    0.087404    0.148262    2.127710 ^ max_cap796/X (sky130_fd_sc_hd__buf_12)
                                                         net796 (net)
                      0.087710    0.004119    2.131829 ^ _14259_/A (sky130_fd_sc_hd__nand4_4)
     5    0.027175    0.149380    0.137153    2.268981 v _14259_/Y (sky130_fd_sc_hd__nand4_4)
                                                         _05163_ (net)
                      0.149380    0.000129    2.269110 v _14260_/A1_N (sky130_fd_sc_hd__o2bb2ai_2)
     1    0.005075    0.062892    0.163022    2.432132 v _14260_/Y (sky130_fd_sc_hd__o2bb2ai_2)
                                                         _05164_ (net)
                      0.062892    0.000052    2.432184 v wire406/A (sky130_fd_sc_hd__buf_6)
     1    0.010449    0.025699    0.123583    2.555768 v wire406/X (sky130_fd_sc_hd__buf_6)
                                                         net406 (net)
                      0.025699    0.000187    2.555955 v _14266_/C1 (sky130_fd_sc_hd__o211ai_4)
     4    0.030388    0.287536    0.118048    2.674003 ^ _14266_/Y (sky130_fd_sc_hd__o211ai_4)
                                                         _05170_ (net)
                      0.287536    0.000367    2.674370 ^ _14270_/B1 (sky130_fd_sc_hd__o21ai_4)
     2    0.014521    0.089178    0.118267    2.792637 v _14270_/Y (sky130_fd_sc_hd__o21ai_4)
                                                         _05174_ (net)
                      0.089178    0.000147    2.792783 v _14273_/A2 (sky130_fd_sc_hd__o211ai_2)
     2    0.009394    0.176248    0.192153    2.984937 ^ _14273_/Y (sky130_fd_sc_hd__o211ai_2)
                                                         _05177_ (net)
                      0.176248    0.000141    2.985078 ^ max_cap273/A (sky130_fd_sc_hd__buf_6)
     6    0.037992    0.084591    0.167798    3.152876 ^ max_cap273/X (sky130_fd_sc_hd__buf_6)
                                                         net273 (net)
                      0.084594    0.000584    3.153460 ^ _14284_/A1 (sky130_fd_sc_hd__a21o_1)
     1    0.010055    0.095384    0.155930    3.309390 ^ _14284_/X (sky130_fd_sc_hd__a21o_1)
                                                         _05188_ (net)
                      0.095384    0.000070    3.309460 ^ _14286_/C (sky130_fd_sc_hd__nand3_4)
     4    0.029303    0.120784    0.130265    3.439725 v _14286_/Y (sky130_fd_sc_hd__nand3_4)
                                                         _05190_ (net)
                      0.120784    0.000182    3.439907 v _14365_/B2 (sky130_fd_sc_hd__a22oi_4)
     1    0.010000    0.157135    0.192170    3.632077 ^ _14365_/Y (sky130_fd_sc_hd__a22oi_4)
                                                         _05268_ (net)
                      0.157135    0.000130    3.632207 ^ _14474_/A (sky130_fd_sc_hd__nand3_4)
     6    0.041166    0.155505    0.166369    3.798576 v _14474_/Y (sky130_fd_sc_hd__nand3_4)
                                                         _05377_ (net)
                      0.155506    0.000263    3.798839 v _14509_/B2 (sky130_fd_sc_hd__a32oi_4)
     1    0.012527    0.212735    0.260702    4.059540 ^ _14509_/Y (sky130_fd_sc_hd__a32oi_4)
                                                         _05411_ (net)
                      0.212735    0.000292    4.059833 ^ _14622_/B (sky130_fd_sc_hd__nand3_4)
     5    0.023570    0.109298    0.140117    4.199949 v _14622_/Y (sky130_fd_sc_hd__nand3_4)
                                                         _05524_ (net)
                      0.109298    0.000282    4.200231 v _14636_/B2 (sky130_fd_sc_hd__a32oi_2)
     2    0.010295    0.216245    0.239603    4.439835 ^ _14636_/Y (sky130_fd_sc_hd__a32oi_2)
                                                         _05537_ (net)
                      0.216245    0.000135    4.439970 ^ _14757_/A_N (sky130_fd_sc_hd__nand3b_4)
     5    0.021757    0.097670    0.210204    4.650174 ^ _14757_/Y (sky130_fd_sc_hd__nand3b_4)
                                                         _05658_ (net)
                      0.097670    0.000247    4.650421 ^ _14986_/A2 (sky130_fd_sc_hd__a21o_1)
     1    0.015846    0.143067    0.197723    4.848144 ^ _14986_/X (sky130_fd_sc_hd__a21o_1)
                                                         _05885_ (net)
                      0.143067    0.000338    4.848481 ^ _14990_/B1 (sky130_fd_sc_hd__o21a_4)
     4    0.039625    0.129649    0.217422    5.065903 ^ _14990_/X (sky130_fd_sc_hd__o21a_4)
                                                         _05889_ (net)
                      0.129767    0.002272    5.068174 ^ _15322_/B (sky130_fd_sc_hd__nand3_4)
     6    0.033750    0.135400    0.145404    5.213578 v _15322_/Y (sky130_fd_sc_hd__nand3_4)
                                                         _06217_ (net)
                      0.135429    0.001592    5.215170 v _15454_/A1 (sky130_fd_sc_hd__a21oi_4)
     4    0.016709    0.163661    0.204403    5.419572 ^ _15454_/Y (sky130_fd_sc_hd__a21oi_4)
                                                         _06345_ (net)
                      0.163665    0.000197    5.419770 ^ _15495_/A1 (sky130_fd_sc_hd__o21ai_1)
     1    0.003336    0.058169    0.095234    5.515004 v _15495_/Y (sky130_fd_sc_hd__o21ai_1)
                                                         _06385_ (net)
                      0.058169    0.000027    5.515031 v _15497_/A2 (sky130_fd_sc_hd__o211a_1)
     1    0.002427    0.036536    0.200667    5.715698 v _15497_/X (sky130_fd_sc_hd__o211a_1)
                                                         _00335_ (net)
                      0.036536    0.000016    5.715714 v _20695_/D (sky130_fd_sc_hd__dfxtp_2)
                                              5.715714   data arrival time

                                 10.000000   10.000000   clock clk (rise edge)
                                  0.000000   10.000000   clock source latency
     2    0.078966    0.220021    0.159333   10.159333 ^ clk (in)
                                                         clk (net)
                      0.220096    0.000000   10.159333 ^ clkbuf_0_clk/A (sky130_fd_sc_hd__clkbuf_16)
     8    0.173007    0.184899    0.294405   10.453738 ^ clkbuf_0_clk/X (sky130_fd_sc_hd__clkbuf_16)
                                                         clknet_0_clk (net)
                      0.184910    0.001663   10.455401 ^ clkbuf_3_1_0_clk/A (sky130_fd_sc_hd__clkbuf_8)
     9    0.096023    0.171221    0.271321   10.726722 ^ clkbuf_3_1_0_clk/X (sky130_fd_sc_hd__clkbuf_8)
                                                         clknet_3_1_0_clk (net)
                      0.171221    0.000496   10.727218 ^ clkbuf_leaf_2_clk/A (sky130_fd_sc_hd__clkbuf_8)
     6    0.019479    0.051608    0.175212   10.902430 ^ clkbuf_leaf_2_clk/X (sky130_fd_sc_hd__clkbuf_8)
                                                         clknet_leaf_2_clk (net)
                      0.051608    0.000110   10.902539 ^ _20695_/CLK (sky130_fd_sc_hd__dfxtp_2)
                                 -0.200000   10.702539   clock uncertainty
                                  0.000000   10.702539   clock reconvergence pessimism
                                 -0.107648   10.594892   library setup time
                                             10.594892   data required time
---------------------------------------------------------------------------------------------
                                             10.594892   data required time
                                             -5.715714   data arrival time
---------------------------------------------------------------------------------------------
                                              4.879178   slack (MET)




===========================================================================
report_checks --slack_max -0.01
============================================================================
======================= min_tt_025C_1v80 Corner ===================================

No paths found.


===========================================================================
 report_check_types -max_slew -max_cap -max_fanout -violators
============================================================================
======================= min_tt_025C_1v80 Corner ===================================



===========================================================================
report_parasitic_annotation -report_unannotated
============================================================================
Found 53 unannotated drivers.
 clkload0/Y
 clkload1/Y
 clkload10/X
 clkload11/X
 clkload12/X
 clkload13/X
 clkload14/Y
 clkload15/Y
 clkload16/Y
 clkload17/Y
 clkload18/Y
 clkload19/Y
 clkload2/X
 clkload20/Y
 clkload21/X
 clkload22/X
 clkload23/Y
 clkload24/X
 clkload25/Y
 clkload26/Y
 clkload27/Y
 clkload28/Y
 clkload29/Y
 clkload3/X
 clkload30/Y
 clkload31/Y
 clkload32/X
 clkload33/Y
 clkload34/Y
 clkload35/Y
 clkload36/Y
 clkload37/Y
 clkload38/X
 clkload39/X
 clkload4/X
 clkload40/Y
 clkload41/Y
 clkload42/Y
 clkload43/Y
 clkload44/Y
 clkload45/Y
 clkload46/Y
 clkload47/Y
 clkload48/Y
 clkload49/X
 clkload5/Y
 clkload50/X
 clkload51/Y
 clkload52/Y
 clkload6/Y
 clkload7/Y
 clkload8/Y
 clkload9/Y
Found 0 partially unannotated drivers.

===========================================================================
max slew violation count 0
max fanout violation count 0
max cap violation count 0
============================================================================

===========================================================================
check_setup -verbose -unconstrained_endpoints -multiple_clock -no_clock -no_input_delay -loops -generated_clocks
===========================================================================
