Clock: clk
Sources: clk 
Generated: no
Virtual: yes
Propagated: no
Period: 10.000000

===========================================================================
report_clock_properties
============================================================================
Clock                   Period          Waveform
----------------------------------------------------
clk                  10.000000    0.000000  5.000000

===========================================================================
report_clock_latency
============================================================================
Clock clk
rise -> rise
    min     max
0.000000 0.000000 source latency
0.704456         network latency _20402_/CLK
        0.972910 network latency _20498_/CLK
---------------
0.704456 0.972910 latency
        0.268455 skew

fall -> fall
    min     max
0.000000 0.000000 source latency
0.573704         network latency _20402_/CLK
        0.808102 network latency _20498_/CLK
---------------
0.573704 0.808102 latency
        0.234398 skew



===========================================================================
report_clock_min_period
============================================================================
clk period_min = 5.12 fmax = 195.28
