Net: clknet_3_4__leaf_clk
  Pin:   _4985_/CLK (sky130_fd_sc_hd__dfxtp_1)
    Layer: mcon
      Partial area ratio:    0.18
      Required ratio:    3.00 (Gate area) 
      Cumulative area ratio:    0.18
      Required ratio:    0.00 (Cumulative area) 

    Layer: met1
      Partial area ratio:    7.27
      Required ratio:    0.00 (Gate area) 
      Cumulative area ratio:    7.27
      Required ratio:    0.00 (Cumulative area) 
      Partial area ratio:   34.76
      Required ratio:  400.00 (Side area) 
      Cumulative area ratio:   34.76
      Required ratio:    0.00 (Cumulative side area) 

    Layer: via
      Partial area ratio:    0.28
      Required ratio:    6.00 (Gate area) 
      Cumulative area ratio:    0.46
      Required ratio:    0.00 (Cumulative area) 

    Layer: met2
      Partial area ratio:    3.22
      Required ratio:    0.00 (Gate area) 
      Cumulative area ratio:   10.49
      Required ratio:    0.00 (Cumulative area) 
      Partial area ratio:   15.77
      Required ratio: 3872.32 (Side area) 
      Cumulative area ratio:   50.52
      Required ratio:    0.00 (Cumulative side area) 

    Layer: via2
      Partial area ratio:    0.02
      Required ratio:  120.51 (Gate area) 
      Cumulative area ratio:    0.49
      Required ratio:    0.00 (Cumulative area) 

    Layer: met3
      Partial area ratio:    0.07
      Required ratio:    0.00 (Gate area) 
      Cumulative area ratio:   10.56
      Required ratio:    0.00 (Cumulative area) 
      Partial area ratio:    0.64
      Required ratio: 3872.32 (Side area) 
      Cumulative area ratio:   51.16
      Required ratio:    0.00 (Cumulative side area) 

    Layer: via3
      Partial area ratio:    0.02
      Required ratio:  120.51 (Gate area) 
      Cumulative area ratio:    0.51
      Required ratio:    0.00 (Cumulative area) 

    Layer: met4
      Partial area ratio:   13.88
      Required ratio:    0.00 (Gate area) 
      Cumulative area ratio:   24.44
      Required ratio:    0.00 (Cumulative area) 
      Partial area ratio:   74.28
      Required ratio: 3872.32 (Side area) 
      Cumulative area ratio:  125.44
      Required ratio:    0.00 (Cumulative side area) 


  Pin:   _4986_/CLK (sky130_fd_sc_hd__dfxtp_1)
    Layer: mcon
      Partial area ratio:    0.18
      Required ratio:    3.00 (Gate area) 
      Cumulative area ratio:    0.18
      Required ratio:    0.00 (Cumulative area) 

    Layer: met1
      Partial area ratio:    7.27
      Required ratio:    0.00 (Gate area) 
      Cumulative area ratio:    7.27
      Required ratio:    0.00 (Cumulative area) 
      Partial area ratio:   34.76
      Required ratio:  400.00 (Side area) 
      Cumulative area ratio:   34.76
      Required ratio:    0.00 (Cumulative side area) 

    Layer: via
      Partial area ratio:    0.28
      Required ratio:    6.00 (Gate area) 
      Cumulative area ratio:    0.46
      Required ratio:    0.00 (Cumulative area) 

    Layer: met2
      Partial area ratio:    3.22
      Required ratio:    0.00 (Gate area) 
      Cumulative area ratio:   10.49
      Required ratio:    0.00 (Cumulative area) 
      Partial area ratio:   15.77
      Required ratio: 3872.32 (Side area) 
      Cumulative area ratio:   50.52
      Required ratio:    0.00 (Cumulative side area) 

    Layer: via2
      Partial area ratio:    0.02
      Required ratio:  120.51 (Gate area) 
      Cumulative area ratio:    0.49
      Required ratio:    0.00 (Cumulative area) 

    Layer: met3
      Partial area ratio:    0.07
      Required ratio:    0.00 (Gate area) 
      Cumulative area ratio:   10.56
      Required ratio:    0.00 (Cumulative area) 
      Partial area ratio:    0.64
      Required ratio: 3872.32 (Side area) 
      Cumulative area ratio:   51.16
      Required ratio:    0.00 (Cumulative side area) 

    Layer: via3
      Partial area ratio:    0.02
      Required ratio:  120.51 (Gate area) 
      Cumulative area ratio:    0.51
      Required ratio:    0.00 (Cumulative area) 

    Layer: met4
      Partial area ratio:   13.88
      Required ratio:    0.00 (Gate area) 
      Cumulative area ratio:   24.44
      Required ratio:    0.00 (Cumulative area) 
      Partial area ratio:   74.28
      Required ratio: 3872.32 (Side area) 
      Cumulative area ratio:  125.44
      Required ratio:    0.00 (Cumulative side area) 


  Pin:   _5023_/CLK (sky130_fd_sc_hd__dfxtp_1)
    Layer: mcon
      Partial area ratio:    0.18
      Required ratio:    3.00 (Gate area) 
      Cumulative area ratio:    0.18
      Required ratio:    0.00 (Cumulative area) 

    Layer: met1
      Partial area ratio:    4.93
      Required ratio:    0.00 (Gate area) 
      Cumulative area ratio:    4.93
      Required ratio:    0.00 (Cumulative area) 
      Partial area ratio:   23.47
      Required ratio:  400.00 (Side area) 
      Cumulative area ratio:   23.47
      Required ratio:    0.00 (Cumulative side area) 

    Layer: via
      Partial area ratio:    0.28
      Required ratio:    6.00 (Gate area) 
      Cumulative area ratio:    0.46
      Required ratio:    0.00 (Cumulative area) 

    Layer: met2
      Partial area ratio:    1.17
      Required ratio:    0.00 (Gate area) 
      Cumulative area ratio:    6.10
      Required ratio:    0.00 (Cumulative area) 
      Partial area ratio:    5.42
      Required ratio:  400.00 (Side area) 
      Cumulative area ratio:   28.88
      Required ratio:    0.00 (Cumulative side area) 

    Layer: via2
      Partial area ratio:    0.25
      Required ratio:    6.00 (Gate area) 
      Cumulative area ratio:    0.72
      Required ratio:    0.00 (Cumulative area) 

    Layer: met3
      Partial area ratio:  130.97
      Required ratio:    0.00 (Gate area) 
      Cumulative area ratio:  137.07
      Required ratio:    0.00 (Cumulative area) 
      Partial area ratio:  701.43
      Required ratio:  400.00 (Side area) (VIOLATED)
      Cumulative area ratio:  730.31
      Required ratio:    0.00 (Cumulative side area) 

    Layer: via3
      Partial area ratio:    0.25
      Required ratio:    6.00 (Gate area) 
      Cumulative area ratio:    0.97
      Required ratio:    0.00 (Cumulative area) 

    Layer: met4
      Partial area ratio:   13.88
      Required ratio:    0.00 (Gate area) 
      Cumulative area ratio:  150.95
      Required ratio:    0.00 (Cumulative area) 
      Partial area ratio:   74.28
      Required ratio: 3872.32 (Side area) 
      Cumulative area ratio:  804.59
      Required ratio:    0.00 (Cumulative side area) 


  Pin:   _5038_/CLK (sky130_fd_sc_hd__dfxtp_2)
    Layer: mcon
      Partial area ratio:    0.18
      Required ratio:    3.00 (Gate area) 
      Cumulative area ratio:    0.18
      Required ratio:    0.00 (Cumulative area) 

    Layer: met1
      Partial area ratio:    4.51
      Required ratio:    0.00 (Gate area) 
      Cumulative area ratio:    4.51
      Required ratio:    0.00 (Cumulative area) 
      Partial area ratio:   21.40
      Required ratio:  400.00 (Side area) 
      Cumulative area ratio:   21.40
      Required ratio:    0.00 (Cumulative side area) 

    Layer: via
      Partial area ratio:    0.28
      Required ratio:    6.00 (Gate area) 
      Cumulative area ratio:    0.46
      Required ratio:    0.00 (Cumulative area) 

    Layer: met2
      Partial area ratio:    3.22
      Required ratio:    0.00 (Gate area) 
      Cumulative area ratio:    7.73
      Required ratio:    0.00 (Cumulative area) 
      Partial area ratio:   15.77
      Required ratio: 3872.32 (Side area) 
      Cumulative area ratio:   37.16
      Required ratio:    0.00 (Cumulative side area) 

    Layer: via2
      Partial area ratio:    0.02
      Required ratio:  120.51 (Gate area) 
      Cumulative area ratio:    0.49
      Required ratio:    0.00 (Cumulative area) 

    Layer: met3
      Partial area ratio:    0.07
      Required ratio:    0.00 (Gate area) 
      Cumulative area ratio:    7.80
      Required ratio:    0.00 (Cumulative area) 
      Partial area ratio:    0.64
      Required ratio: 3872.32 (Side area) 
      Cumulative area ratio:   37.80
      Required ratio:    0.00 (Cumulative side area) 

    Layer: via3
      Partial area ratio:    0.02
      Required ratio:  120.51 (Gate area) 
      Cumulative area ratio:    0.51
      Required ratio:    0.00 (Cumulative area) 

    Layer: met4
      Partial area ratio:   13.88
      Required ratio:    0.00 (Gate area) 
      Cumulative area ratio:   21.68
      Required ratio:    0.00 (Cumulative area) 
      Partial area ratio:   74.28
      Required ratio: 3872.32 (Side area) 
      Cumulative area ratio:  112.08
      Required ratio:    0.00 (Cumulative side area) 


  Pin:   _5040_/CLK (sky130_fd_sc_hd__dfxtp_1)
    Layer: mcon
      Partial area ratio:    0.18
      Required ratio:    3.00 (Gate area) 
      Cumulative area ratio:    0.18
      Required ratio:    0.00 (Cumulative area) 

    Layer: met1
      Partial area ratio:   15.99
      Required ratio:    0.00 (Gate area) 
      Cumulative area ratio:   15.99
      Required ratio:    0.00 (Cumulative area) 
      Partial area ratio:   78.76
      Required ratio:  400.00 (Side area) 
      Cumulative area ratio:   78.76
      Required ratio:    0.00 (Cumulative side area) 

    Layer: via
      Partial area ratio:    0.28
      Required ratio:    6.00 (Gate area) 
      Cumulative area ratio:    0.46
      Required ratio:    0.00 (Cumulative area) 

    Layer: met2
      Partial area ratio:    3.22
      Required ratio:    0.00 (Gate area) 
      Cumulative area ratio:   19.20
      Required ratio:    0.00 (Cumulative area) 
      Partial area ratio:   15.77
      Required ratio: 3872.32 (Side area) 
      Cumulative area ratio:   94.53
      Required ratio:    0.00 (Cumulative side area) 

    Layer: via2
      Partial area ratio:    0.02
      Required ratio:  120.51 (Gate area) 
      Cumulative area ratio:    0.49
      Required ratio:    0.00 (Cumulative area) 

    Layer: met3
      Partial area ratio:    0.07
      Required ratio:    0.00 (Gate area) 
      Cumulative area ratio:   19.27
      Required ratio:    0.00 (Cumulative area) 
      Partial area ratio:    0.64
      Required ratio: 3872.32 (Side area) 
      Cumulative area ratio:   95.16
      Required ratio:    0.00 (Cumulative side area) 

    Layer: via3
      Partial area ratio:    0.02
      Required ratio:  120.51 (Gate area) 
      Cumulative area ratio:    0.51
      Required ratio:    0.00 (Cumulative area) 

    Layer: met4
      Partial area ratio:   13.88
      Required ratio:    0.00 (Gate area) 
      Cumulative area ratio:   33.16
      Required ratio:    0.00 (Cumulative area) 
      Partial area ratio:   74.28
      Required ratio: 3872.32 (Side area) 
      Cumulative area ratio:  169.44
      Required ratio:    0.00 (Cumulative side area) 


  Pin:   clkload3/A (sky130_fd_sc_hd__clkinv_4)
    Layer: mcon
      Partial area ratio:    0.03
      Required ratio:    3.00 (Gate area) 
      Cumulative area ratio:    0.03
      Required ratio:    0.00 (Cumulative area) 

    Layer: met1
      Partial area ratio:    1.09
      Required ratio:    0.00 (Gate area) 
      Cumulative area ratio:    1.09
      Required ratio:    0.00 (Cumulative area) 
      Partial area ratio:    5.18
      Required ratio:  400.00 (Side area) 
      Cumulative area ratio:    5.18
      Required ratio:    0.00 (Cumulative side area) 

    Layer: via
      Partial area ratio:    0.06
      Required ratio:    6.00 (Gate area) 
      Cumulative area ratio:    0.08
      Required ratio:    0.00 (Cumulative area) 

    Layer: met2
      Partial area ratio:    3.22
      Required ratio:    0.00 (Gate area) 
      Cumulative area ratio:    4.30
      Required ratio:    0.00 (Cumulative area) 
      Partial area ratio:   15.77
      Required ratio: 3872.32 (Side area) 
      Cumulative area ratio:   20.95
      Required ratio:    0.00 (Cumulative side area) 

    Layer: via2
      Partial area ratio:    0.02
      Required ratio:  120.51 (Gate area) 
      Cumulative area ratio:    0.11
      Required ratio:    0.00 (Cumulative area) 

    Layer: met3
      Partial area ratio:    0.07
      Required ratio:    0.00 (Gate area) 
      Cumulative area ratio:    4.37
      Required ratio:    0.00 (Cumulative area) 
      Partial area ratio:    0.64
      Required ratio: 3872.32 (Side area) 
      Cumulative area ratio:   21.58
      Required ratio:    0.00 (Cumulative side area) 

    Layer: via3
      Partial area ratio:    0.02
      Required ratio:  120.51 (Gate area) 
      Cumulative area ratio:    0.13
      Required ratio:    0.00 (Cumulative area) 

    Layer: met4
      Partial area ratio:   13.88
      Required ratio:    0.00 (Gate area) 
      Cumulative area ratio:   18.26
      Required ratio:    0.00 (Cumulative area) 
      Partial area ratio:   74.28
      Required ratio: 3872.32 (Side area) 
      Cumulative area ratio:   95.86
      Required ratio:    0.00 (Cumulative side area) 



[INFO ANT-0002] Found 1 net violations.
[INFO ANT-0001] Found 1 pin violations.
