
===========================================================================
report_checks -unconstrained
===========================================================================
======================= nom_tt_025C_1v80 Corner ===================================

Startpoint: _20781_ (rising edge-triggered flip-flop clocked by clk)
Endpoint: _20757_ (rising edge-triggered flip-flop clocked by clk)
Path Group: clk
Path Type: max

Fanout         Cap        Slew       Delay        Time   Description
---------------------------------------------------------------------------------------------
                                  0.000000    0.000000   clock clk (rise edge)
                                  0.000000    0.000000   clock source latency
     1    0.027275    0.084098    0.060897    0.060897 ^ clk (in)
                                                         clk (net)
                      0.084134    0.000000    0.060897 ^ clkbuf_0_clk/A (sky130_fd_sc_hd__clkbuf_16)
     8    0.134165    0.146646    0.223065    0.283962 ^ clkbuf_0_clk/X (sky130_fd_sc_hd__clkbuf_16)
                                                         clknet_0_clk (net)
                      0.146794    0.003765    0.287727 ^ clkbuf_3_3__f_clk/A (sky130_fd_sc_hd__clkbuf_16)
    12    0.073861    0.091405    0.202748    0.490475 ^ clkbuf_3_3__f_clk/X (sky130_fd_sc_hd__clkbuf_16)
                                                         clknet_3_3__leaf_clk (net)
                      0.091408    0.000673    0.491148 ^ clkbuf_leaf_29_clk/A (sky130_fd_sc_hd__clkbuf_8)
     4    0.035731    0.075223    0.168833    0.659981 ^ clkbuf_leaf_29_clk/X (sky130_fd_sc_hd__clkbuf_8)
                                                         clknet_leaf_29_clk (net)
                      0.075223    0.000010    0.659991 ^ _20781_/CLK (sky130_fd_sc_hd__dfxtp_2)
     6    0.026234    0.138227    0.399676    1.059667 ^ _20781_/Q (sky130_fd_sc_hd__dfxtp_2)
                                                         a_l[3] (net)
                      0.138227    0.000106    1.059773 ^ max_cap620/A (sky130_fd_sc_hd__clkbuf_8)
    15    0.070132    0.130135    0.226480    1.286253 ^ max_cap620/X (sky130_fd_sc_hd__clkbuf_8)
                                                         net620 (net)
                      0.130135    0.000390    1.286643 ^ max_cap619/A (sky130_fd_sc_hd__buf_6)
    14    0.065299    0.134568    0.194208    1.480850 ^ max_cap619/X (sky130_fd_sc_hd__buf_6)
                                                         net619 (net)
                      0.134680    0.002438    1.483289 ^ max_cap618/A (sky130_fd_sc_hd__buf_8)
    14    0.080955    0.135465    0.192206    1.675495 ^ max_cap618/X (sky130_fd_sc_hd__buf_8)
                                                         net618 (net)
                      0.135562    0.002019    1.677514 ^ max_cap617/A (sky130_fd_sc_hd__buf_6)
    12    0.087380    0.176127    0.225577    1.903091 ^ max_cap617/X (sky130_fd_sc_hd__buf_6)
                                                         net617 (net)
                      0.176127    0.000572    1.903664 ^ max_cap616/A (sky130_fd_sc_hd__buf_6)
    20    0.082263    0.166096    0.226525    2.130189 ^ max_cap616/X (sky130_fd_sc_hd__buf_6)
                                                         net616 (net)
                      0.166258    0.003385    2.133573 ^ max_cap615/A (sky130_fd_sc_hd__buf_6)
    19    0.086359    0.174303    0.230680    2.364253 ^ max_cap615/X (sky130_fd_sc_hd__buf_6)
                                                         net615 (net)
                      0.174305    0.001011    2.365264 ^ _18720_/B2 (sky130_fd_sc_hd__a22oi_4)
     4    0.016311    0.081757    0.091697    2.456961 v _18720_/Y (sky130_fd_sc_hd__a22oi_4)
                                                         _09605_ (net)
                      0.081757    0.000026    2.456987 v max_cap448/A (sky130_fd_sc_hd__clkbuf_2)
     4    0.015071    0.064491    0.152146    2.609132 v max_cap448/X (sky130_fd_sc_hd__clkbuf_2)
                                                         net448 (net)
                      0.064491    0.000070    2.609202 v _18725_/A1 (sky130_fd_sc_hd__o21ai_1)
     1    0.002763    0.099972    0.130891    2.740093 ^ _18725_/Y (sky130_fd_sc_hd__o21ai_1)
                                                         _09610_ (net)
                      0.099972    0.000005    2.740098 ^ _18727_/C1 (sky130_fd_sc_hd__o211ai_1)
     2    0.005502    0.093123    0.111157    2.851255 v _18727_/Y (sky130_fd_sc_hd__o211ai_1)
                                                         _09612_ (net)
                      0.093123    0.000022    2.851278 v max_cap334/A (sky130_fd_sc_hd__clkbuf_2)
     6    0.021762    0.088017    0.175731    3.027008 v max_cap334/X (sky130_fd_sc_hd__clkbuf_2)
                                                         net334 (net)
                      0.088017    0.000084    3.027092 v _18737_/B1 (sky130_fd_sc_hd__a2bb2o_1)
     2    0.006529    0.070126    0.310669    3.337761 v _18737_/X (sky130_fd_sc_hd__a2bb2o_1)
                                                         _09623_ (net)
                      0.070126    0.000009    3.337770 v _18739_/C (sky130_fd_sc_hd__nand3_2)
     7    0.020125    0.123756    0.132302    3.470072 ^ _18739_/Y (sky130_fd_sc_hd__nand3_2)
                                                         _09626_ (net)
                      0.123756    0.000032    3.470103 ^ _18745_/B1 (sky130_fd_sc_hd__a22o_1)
     2    0.006182    0.076532    0.161410    3.631513 ^ _18745_/X (sky130_fd_sc_hd__a22o_1)
                                                         _09632_ (net)
                      0.076532    0.000024    3.631537 ^ _18747_/A (sky130_fd_sc_hd__nand2_1)
     2    0.011595    0.090634    0.100351    3.731889 v _18747_/Y (sky130_fd_sc_hd__nand2_1)
                                                         _09634_ (net)
                      0.090634    0.000056    3.731945 v _18959_/A1 (sky130_fd_sc_hd__a21boi_4)
     4    0.020012    0.185904    0.210713    3.942658 ^ _18959_/Y (sky130_fd_sc_hd__a21boi_4)
                                                         _09851_ (net)
                      0.185904    0.000125    3.942783 ^ _18960_/C (sky130_fd_sc_hd__nand3_2)
     4    0.018481    0.127815    0.156617    4.099400 v _18960_/Y (sky130_fd_sc_hd__nand3_2)
                                                         _09852_ (net)
                      0.127815    0.000055    4.099454 v _18977_/A2 (sky130_fd_sc_hd__a21boi_2)
     3    0.015471    0.206066    0.253079    4.352533 ^ _18977_/Y (sky130_fd_sc_hd__a21boi_2)
                                                         _09868_ (net)
                      0.206066    0.000094    4.352627 ^ _19100_/A (sky130_fd_sc_hd__nand3_2)
     3    0.014383    0.118690    0.141587    4.494214 v _19100_/Y (sky130_fd_sc_hd__nand3_2)
                                                         _09991_ (net)
                      0.118690    0.000075    4.494289 v _19105_/A1 (sky130_fd_sc_hd__a21o_1)
     2    0.009853    0.061869    0.212655    4.706945 v _19105_/X (sky130_fd_sc_hd__a21o_1)
                                                         _09996_ (net)
                      0.061869    0.000149    4.707094 v _19108_/A (sky130_fd_sc_hd__nand3_1)
     3    0.010575    0.136418    0.121815    4.828908 ^ _19108_/Y (sky130_fd_sc_hd__nand3_1)
                                                         _09999_ (net)
                      0.136418    0.000017    4.828926 ^ _19113_/B1 (sky130_fd_sc_hd__o21a_1)
     1    0.005083    0.062776    0.150980    4.979906 ^ _19113_/X (sky130_fd_sc_hd__o21a_1)
                                                         _10003_ (net)
                      0.062776    0.000017    4.979922 ^ _19114_/A (sky130_fd_sc_hd__nand4_2)
     3    0.012162    0.130293    0.112015    5.091937 v _19114_/Y (sky130_fd_sc_hd__nand4_2)
                                                         _10004_ (net)
                      0.130293    0.000187    5.092124 v _19765_/A (sky130_fd_sc_hd__nand3_2)
     3    0.015651    0.101348    0.133019    5.225144 ^ _19765_/Y (sky130_fd_sc_hd__nand3_2)
                                                         _00975_ (net)
                      0.101349    0.000479    5.225623 ^ _20114_/A (sky130_fd_sc_hd__nand3_2)
     5    0.019348    0.140946    0.133031    5.358654 v _20114_/Y (sky130_fd_sc_hd__nand3_2)
                                                         _01350_ (net)
                      0.140946    0.000425    5.359079 v _20212_/A1 (sky130_fd_sc_hd__a21oi_1)
     2    0.005748    0.163660    0.197614    5.556693 ^ _20212_/Y (sky130_fd_sc_hd__a21oi_1)
                                                         _01455_ (net)
                      0.163660    0.000008    5.556701 ^ max_cap130/A (sky130_fd_sc_hd__buf_1)
     3    0.008816    0.114390    0.155985    5.712686 ^ max_cap130/X (sky130_fd_sc_hd__buf_1)
                                                         net130 (net)
                      0.114390    0.000035    5.712721 ^ _20247_/B2 (sky130_fd_sc_hd__o22ai_1)
     1    0.002766    0.067040    0.078051    5.790772 v _20247_/Y (sky130_fd_sc_hd__o22ai_1)
                                                         _01492_ (net)
                      0.067040    0.000008    5.790780 v _20249_/A1 (sky130_fd_sc_hd__o211a_1)
     1    0.002112    0.036229    0.219098    6.009878 v _20249_/X (sky130_fd_sc_hd__o211a_1)
                                                         _00397_ (net)
                      0.036229    0.000004    6.009881 v _20757_/D (sky130_fd_sc_hd__dfxtp_1)
                                              6.009881   data arrival time

                                 10.000000   10.000000   clock clk (rise edge)
                                  0.000000   10.000000   clock source latency
     1    0.027275    0.084098    0.060897   10.060897 ^ clk (in)
                                                         clk (net)
                      0.084134    0.000000   10.060897 ^ clkbuf_0_clk/A (sky130_fd_sc_hd__clkbuf_16)
     8    0.134165    0.146646    0.223064   10.283961 ^ clkbuf_0_clk/X (sky130_fd_sc_hd__clkbuf_16)
                                                         clknet_0_clk (net)
                      0.146771    0.003468   10.287430 ^ clkbuf_3_4__f_clk/A (sky130_fd_sc_hd__clkbuf_16)
     9    0.075441    0.092866    0.203956   10.491385 ^ clkbuf_3_4__f_clk/X (sky130_fd_sc_hd__clkbuf_16)
                                                         clknet_3_4__leaf_clk (net)
                      0.092872    0.000886   10.492271 ^ clkbuf_leaf_58_clk/A (sky130_fd_sc_hd__clkbuf_8)
     3    0.018392    0.048814    0.147352   10.639624 ^ clkbuf_leaf_58_clk/X (sky130_fd_sc_hd__clkbuf_8)
                                                         clknet_leaf_58_clk (net)
                      0.048814    0.000042   10.639666 ^ _20757_/CLK (sky130_fd_sc_hd__dfxtp_1)
                                 -1.500000    9.139666   clock uncertainty
                                  0.000000    9.139666   clock reconvergence pessimism
                                 -0.105790    9.033875   library setup time
                                              9.033875   data required time
---------------------------------------------------------------------------------------------
                                              9.033875   data required time
                                             -6.009881   data arrival time
---------------------------------------------------------------------------------------------
                                              3.023993   slack (MET)




===========================================================================
report_checks --slack_max -0.01
============================================================================
======================= nom_tt_025C_1v80 Corner ===================================

No paths found.


===========================================================================
 report_check_types -max_slew -max_cap -max_fanout -violators
============================================================================
======================= nom_tt_025C_1v80 Corner ===================================



===========================================================================
report_parasitic_annotation -report_unannotated
============================================================================
Found 60 unannotated drivers.
 clkload0/Y
 clkload1/Y
 clkload10/Y
 clkload11/Y
 clkload12/Y
 clkload13/Y
 clkload14/Y
 clkload15/Y
 clkload16/X
 clkload17/Y
 clkload18/Y
 clkload19/Y
 clkload2/Y
 clkload20/Y
 clkload21/Y
 clkload22/Y
 clkload23/Y
 clkload24/Y
 clkload25/Y
 clkload26/X
 clkload27/Y
 clkload28/Y
 clkload29/Y
 clkload3/Y
 clkload30/Y
 clkload31/Y
 clkload32/Y
 clkload33/Y
 clkload34/Y
 clkload35/Y
 clkload36/Y
 clkload37/Y
 clkload38/X
 clkload39/X
 clkload4/Y
 clkload40/Y
 clkload41/Y
 clkload42/Y
 clkload43/Y
 clkload44/Y
 clkload45/Y
 clkload46/Y
 clkload47/Y
 clkload48/Y
 clkload49/Y
 clkload5/Y
 clkload50/Y
 clkload51/Y
 clkload52/Y
 clkload53/Y
 clkload54/Y
 clkload55/Y
 clkload56/Y
 clkload57/Y
 clkload58/Y
 clkload59/Y
 clkload6/Y
 clkload7/Y
 clkload8/Y
 clkload9/X
Found 0 partially unannotated drivers.

===========================================================================
max slew violation count 0
Writing metric design__max_slew_violation__count__corner:nom_tt_025C_1v80: 0
max fanout violation count 0
Writing metric design__max_fanout_violation__count__corner:nom_tt_025C_1v80: 0
max cap violation count 0
Writing metric design__max_cap_violation__count__corner:nom_tt_025C_1v80: 0
============================================================================

===========================================================================
check_setup -verbose -unconstrained_endpoints -multiple_clock -no_clock -no_input_delay -loops -generated_clocks
===========================================================================
