Clock: clk
Sources: clk 
Generated: no
Virtual: yes
Propagated: no
Period: 10.000000

===========================================================================
report_clock_properties
============================================================================
Clock                   Period          Waveform
----------------------------------------------------
clk                  10.000000    0.000000  5.000000

===========================================================================
report_clock_latency
============================================================================
Clock clk
rise -> rise
    min     max
0.000000 0.000000 source latency
0.489723         network latency _20800_/CLK
        0.679153 network latency _20618_/CLK
---------------
0.489723 0.679153 latency
        0.189430 skew

fall -> fall
    min     max
0.000000 0.000000 source latency
0.450884         network latency _20800_/CLK
        0.630905 network latency _20618_/CLK
---------------
0.450884 0.630905 latency
        0.180021 skew



===========================================================================
report_clock_min_period
============================================================================
clk period_min = 6.98 fmax = 143.35
