Clock: clk
Sources: clk 
Generated: no
Virtual: yes
Propagated: no
Period: 10.000000

===========================================================================
report_clock_properties
============================================================================
Clock                   Period          Waveform
----------------------------------------------------
clk                  10.000000    0.000000  5.000000

===========================================================================
report_clock_latency
============================================================================
Clock clk
rise -> rise
    min     max
0.000000 0.000000 source latency
1.143702         network latency _20650_/CLK
        1.523380 network latency _20484_/CLK
---------------
1.143702 1.523380 latency
        0.379678 skew

fall -> fall
    min     max
0.000000 0.000000 source latency
0.978309         network latency _20650_/CLK
        1.331286 network latency _20484_/CLK
---------------
0.978309 1.331286 latency
        0.352978 skew



===========================================================================
report_clock_min_period
============================================================================
clk period_min = 9.93 fmax = 100.69
