Clock: clk
Sources: clk 
Generated: no
Virtual: yes
Propagated: no
Period: 10.000000

===========================================================================
report_clock_properties
============================================================================
Clock                   Period          Waveform
----------------------------------------------------
clk                  10.000000    0.000000  5.000000

===========================================================================
report_clock_latency
============================================================================
Clock clk
rise -> rise
    min     max
0.000000 0.000000 source latency
1.241671         network latency _20799_/CLK
        1.695052 network latency _20360_/CLK
---------------
1.241671 1.695052 latency
        0.453382 skew

fall -> fall
    min     max
0.000000 0.000000 source latency
1.032728         network latency _20799_/CLK
        1.438789 network latency _20360_/CLK
---------------
1.032728 1.438789 latency
        0.406061 skew



===========================================================================
report_clock_min_period
============================================================================
clk period_min = 10.14 fmax = 98.57
