if {[file exists ~/openlane2/my_script/script_matt.tcl]} {
    source ~/openlane2/my_script/script_matt.tcl
}
Reading OpenROAD database at '/home/hien/openlane2/designs/highspeed_pipelined_multiplier/runs/opti_8/38-openroad-globalrouting/pipelined_mult.odb'…
Reading library file at '/home/hien/.volare/volare/sky130/versions/0fe599b2afb6708d281543108caf8310912f54af/sky130A/libs.ref/sky130_fd_sc_hd/lib/sky130_fd_sc_hd__tt_025C_1v80.lib'…
Reading design constraints file at '/home/hien/openlane2/designs/highspeed_pipelined_multiplier/src/pnr.sdc'…
[INFO] No information on clock propagation in input SDC file-- propagating all clocks.
[INFO] Setting signal min routing layer to: met1 and clock min routing layer to met1. 
[INFO] Setting signal max routing layer to: met5 and clock max routing layer to met5. 
-congestion_iterations 50 -verbose
[INFO GRT-0020] Min routing layer: met1
[INFO GRT-0021] Max routing layer: met5
[INFO GRT-0022] Global adjustment: 30%
[INFO GRT-0023] Grid origin: (0, 0)
[INFO GRT-0043] No OR_DEFAULT vias defined.
[INFO GRT-0088] Layer li1     Track-Pitch = 0.4600  line-2-Via Pitch: 0.3400
[INFO GRT-0088] Layer met1    Track-Pitch = 0.3400  line-2-Via Pitch: 0.3400
[INFO GRT-0088] Layer met2    Track-Pitch = 0.4600  line-2-Via Pitch: 0.3500
[INFO GRT-0088] Layer met3    Track-Pitch = 0.6800  line-2-Via Pitch: 0.6150
[INFO GRT-0088] Layer met4    Track-Pitch = 0.9200  line-2-Via Pitch: 1.0400
[INFO GRT-0088] Layer met5    Track-Pitch = 3.4000  line-2-Via Pitch: 3.1100
[INFO GRT-0019] Found 71 clock nets.
[INFO GRT-0001] Minimum degree: 2
[INFO GRT-0002] Maximum degree: 120
[INFO GRT-0003] Macros: 0
[INFO GRT-0043] No OR_DEFAULT vias defined.
[INFO GRT-0004] Blockages: 7230

[INFO GRT-0053] Routing resources analysis:
          Routing      Original      Derated      Resource
Layer     Direction    Resources     Resources    Reduction (%)
---------------------------------------------------------------
li1        Vertical            0             0          0.00%
met1       Horizontal      84760         41421          51.13%
met2       Vertical        63570         41500          34.72%
met3       Horizontal      42380         28937          31.72%
met4       Vertical        25545         14784          42.13%
met5       Horizontal       8450          3712          56.07%
---------------------------------------------------------------

[INFO GRT-0101] Running extra iterations to remove overflow.
[INFO GRT-0197] Via related to pin nodes: 74500
[INFO GRT-0198] Via related Steiner nodes: 1139
[INFO GRT-0199] Via filling finished.
[INFO GRT-0111] Final number of vias: 92607
[INFO GRT-0112] Final usage 3D: 325118

[INFO GRT-0096] Final congestion report:
Layer         Resource        Demand        Usage (%)    Max H / Max V / Total Overflow
---------------------------------------------------------------------------------------
li1                  0             0            0.00%             0 /  0 /  0
met1             41421         20591           49.71%             0 /  0 /  0
met2             41500         19969           48.12%             0 /  0 /  0
met3             28937          3754           12.97%             0 /  0 /  0
met4             14784          2980           20.16%             0 /  0 /  0
met5              3712             3            0.08%             0 /  0 /  0
---------------------------------------------------------------------------------------
Total           130354         47297           36.28%             0 /  0 /  0

[INFO GRT-0018] Total wirelength: 534543 um
[INFO GRT-0014] Routed nets: 12084
[INFO GRT-0006] Repairing antennas, iteration 1.
[INFO GRT-0043] No OR_DEFAULT vias defined.
[INFO GRT-0012] Found 25 antenna violations.
[INFO GRT-0015] Inserted 41 diodes.
[INFO GRT-0009] rerouting 3733 nets.
[INFO GRT-0001] Minimum degree: 2
[INFO GRT-0002] Maximum degree: 120
[INFO GRT-0006] Repairing antennas, iteration 2.
[INFO GRT-0043] No OR_DEFAULT vias defined.
[INFO GRT-0012] Found 4 antenna violations.
[INFO GRT-0015] Inserted 5 diodes.
[INFO GRT-0009] rerouting 35 nets.
[INFO GRT-0001] Minimum degree: 2
[INFO GRT-0002] Maximum degree: 21
[INFO GRT-0006] Repairing antennas, iteration 3.
[INFO GRT-0043] No OR_DEFAULT vias defined.
[INFO GRT-0012] Found 0 antenna violations.
Placement Analysis
---------------------------------
total displacement          0.0 u
average displacement        0.0 u
max displacement            0.0 u
original HPWL          295747.0 u
legalized HPWL         295747.0 u
delta HPWL                    0 %

[INFO DPL-0020] Mirrored 5192 instances
[INFO DPL-0021] HPWL before          295747.0 u
[INFO DPL-0022] HPWL after           287136.5 u
[INFO DPL-0023] HPWL delta               -2.9 %
-congestion_iterations 50 -verbose
[INFO GRT-0020] Min routing layer: met1
[INFO GRT-0021] Max routing layer: met5
[INFO GRT-0022] Global adjustment: 30%
[INFO GRT-0023] Grid origin: (0, 0)
[INFO GRT-0043] No OR_DEFAULT vias defined.
[INFO GRT-0088] Layer li1     Track-Pitch = 0.4600  line-2-Via Pitch: 0.3400
[INFO GRT-0088] Layer met1    Track-Pitch = 0.3400  line-2-Via Pitch: 0.3400
[INFO GRT-0088] Layer met2    Track-Pitch = 0.4600  line-2-Via Pitch: 0.3500
[INFO GRT-0088] Layer met3    Track-Pitch = 0.6800  line-2-Via Pitch: 0.6150
[INFO GRT-0088] Layer met4    Track-Pitch = 0.9200  line-2-Via Pitch: 1.0400
[INFO GRT-0088] Layer met5    Track-Pitch = 3.4000  line-2-Via Pitch: 3.1100
[INFO GRT-0019] Found 71 clock nets.
[INFO GRT-0001] Minimum degree: 2
[INFO GRT-0002] Maximum degree: 120
[INFO GRT-0003] Macros: 0
[INFO GRT-0043] No OR_DEFAULT vias defined.
[INFO GRT-0004] Blockages: 7230

[INFO GRT-0053] Routing resources analysis:
          Routing      Original      Derated      Resource
Layer     Direction    Resources     Resources    Reduction (%)
---------------------------------------------------------------
li1        Vertical            0             0          0.00%
met1       Horizontal      84760         41421          51.13%
met2       Vertical        63570         41500          34.72%
met3       Horizontal      42380         28937          31.72%
met4       Vertical        25545         14784          42.13%
met5       Horizontal       8450          3712          56.07%
---------------------------------------------------------------

[INFO GRT-0101] Running extra iterations to remove overflow.
[INFO GRT-0197] Via related to pin nodes: 74594
[INFO GRT-0198] Via related Steiner nodes: 1142
[INFO GRT-0199] Via filling finished.
[INFO GRT-0111] Final number of vias: 92743
[INFO GRT-0112] Final usage 3D: 325598

[INFO GRT-0096] Final congestion report:
Layer         Resource        Demand        Usage (%)    Max H / Max V / Total Overflow
---------------------------------------------------------------------------------------
li1                  0             0            0.00%             0 /  0 /  0
met1             41421         20602           49.74%             0 /  0 /  0
met2             41500         20012           48.22%             0 /  0 /  0
met3             28937          3753           12.97%             0 /  0 /  0
met4             14784          2999           20.29%             0 /  0 /  0
met5              3712             3            0.08%             0 /  0 /  0
---------------------------------------------------------------------------------------
Total           130354         47369           36.34%             0 /  0 /  0

[INFO GRT-0018] Total wirelength: 535453 um
[INFO GRT-0014] Routed nets: 12084
[INFO] Setting RC values…
Setting global connections for newly added cells…
[INFO] Setting global connections...
Updating metrics…
Cell type report:                       Count       Area
  Fill cell                               314    1178.63
  Tap cell                               2623    3281.90
  Antenna cell                             46     115.11
  Clock buffer                             75    1121.08
  Timing Repair Buffer                   1317   12886.11
  Inverter                                178    1149.85
  Clock inverter                           55     784.50
  Sequential cell                         450    9221.34
  Multi-Input combinational cell        10003   87984.38
  Total                                 15061  117722.91
Writing OpenROAD database to '/home/hien/openlane2/designs/highspeed_pipelined_multiplier/runs/opti_8/41-openroad-repairantennas/1-diodeinsertion/pipelined_mult.odb'…
Writing layout to '/home/hien/openlane2/designs/highspeed_pipelined_multiplier/runs/opti_8/41-openroad-repairantennas/1-diodeinsertion/pipelined_mult.def'…
