Clock: clk
Sources: clk 
Generated: no
Virtual: yes
Propagated: no
Period: 10.000000

===========================================================================
report_clock_properties
============================================================================
Clock                   Period          Waveform
----------------------------------------------------
clk                  10.000000    0.000000  5.000000

===========================================================================
report_clock_latency
============================================================================
Clock clk
rise -> rise
    min     max
0.000000 0.000000 source latency
0.300331         network latency _1997_/CLK
        0.311261 network latency _1944_/CLK
---------------
0.300331 0.311261 latency
        0.010931 skew

fall -> fall
    min     max
0.000000 0.000000 source latency
0.310195         network latency _1997_/CLK
        0.318274 network latency _1944_/CLK
---------------
0.310195 0.318274 latency
        0.008080 skew



===========================================================================
report_clock_min_period
============================================================================
clk period_min = 0.00 fmax = inf
