[WARNING ORD-0039] .openroad ignored with -python
Top-level design name: pipelined_mult
Block boundaries: 0 0 550000 550000
Horizontal Tracks Origin: 340, Count: 809, Step: 680
Vertical Tracks Origin: 230, Count: 1196, Step: 460
Placement details for the N side
Virtual pin count:  0
Actual pin count:  32
Total pin count:  32
Tracks count:  1196
Tracks per pin:  37
Used tracks count:  1148
Unused track count:  48
Starting track index:  24
Placement details for the E side
Virtual pin count:  0
Actual pin count:  32
Total pin count:  32
Tracks count:  405
Tracks per pin:  12
Used tracks count:  373
Unused track count:  32
Starting track index:  16
Placement details for the W side
Virtual pin count:  0
Actual pin count:  33
Total pin count:  33
Tracks count:  405
Tracks per pin:  12
Used tracks count:  385
Unused track count:  20
Starting track index:  10
Placement details for the S side
Virtual pin count:  0
Actual pin count:  33
Total pin count:  33
Tracks count:  1196
Tracks per pin:  36
Used tracks count:  1153
Unused track count:  43
Starting track index:  21
