Net: _00064_
  Pin:   _20424_/D (sky130_fd_sc_hd__dfxtp_1)
    Layer: mcon
      Partial area ratio:    0.23
      Required ratio:    3.00 (Gate area) 
      Cumulative area ratio:    0.23
      Required ratio:    0.00 (Cumulative area) 

    Layer: met1
      Partial area ratio:    7.98
      Required ratio:    0.00 (Gate area) 
      Cumulative area ratio:    7.98
      Required ratio:    0.00 (Cumulative area) 
      Partial area ratio:   38.42
      Required ratio:  400.00 (Side area) 
      Cumulative area ratio:   38.42
      Required ratio:    0.00 (Cumulative side area) 

    Layer: via
      Partial area ratio:    0.36
      Required ratio:    6.00 (Gate area) 
      Cumulative area ratio:    0.59
      Required ratio:    0.00 (Cumulative area) 

    Layer: met2
      Partial area ratio:    1.48
      Required ratio:    0.00 (Gate area) 
      Cumulative area ratio:    9.46
      Required ratio:    0.00 (Cumulative area) 
      Partial area ratio:    6.83
      Required ratio:  400.00 (Side area) 
      Cumulative area ratio:   45.25
      Required ratio:    0.00 (Cumulative side area) 

    Layer: via2
      Partial area ratio:    0.32
      Required ratio:    6.00 (Gate area) 
      Cumulative area ratio:    0.90
      Required ratio:    0.00 (Cumulative area) 

    Layer: met3
      Partial area ratio:  658.09
      Required ratio:    0.00 (Gate area) 
      Cumulative area ratio:  667.55
      Required ratio:    0.00 (Cumulative area) 
      Partial area ratio: 3513.52
      Required ratio: 2778.20 (Side area) (VIOLATED)
      Cumulative area ratio: 3558.77
      Required ratio:    0.00 (Cumulative side area) 



Net: _09635_
  Pin:   _11301_/B1 (sky130_fd_sc_hd__o2bb2a_1)
    Layer: mcon
      Partial area ratio:    0.23
      Required ratio:    3.00 (Gate area) 
      Cumulative area ratio:    0.23
      Required ratio:    0.00 (Cumulative area) 

    Layer: met1
      Partial area ratio:   96.21
      Required ratio:    0.00 (Gate area) 
      Cumulative area ratio:   96.21
      Required ratio:    0.00 (Cumulative area) 
      Partial area ratio:  479.52
      Required ratio:  400.00 (Side area) (VIOLATED)
      Cumulative area ratio:  479.52
      Required ratio:    0.00 (Cumulative side area) 

    Layer: via
      Partial area ratio:    0.30
      Required ratio:    6.00 (Gate area) 
      Cumulative area ratio:    0.53
      Required ratio:    0.00 (Cumulative area) 

    Layer: met2
      Partial area ratio:    3.92
      Required ratio:    0.00 (Gate area) 
      Cumulative area ratio:  100.13
      Required ratio:    0.00 (Cumulative area) 
      Partial area ratio:   19.04
      Required ratio:  400.00 (Side area) 
      Cumulative area ratio:  498.56
      Required ratio:    0.00 (Cumulative side area) 

    Layer: via2
      Partial area ratio:    0.03
      Required ratio:    6.00 (Gate area) 
      Cumulative area ratio:    0.56
      Required ratio:    0.00 (Cumulative area) 

    Layer: met3
      Partial area ratio:    9.81
      Required ratio:    0.00 (Gate area) 
      Cumulative area ratio:  109.94
      Required ratio:    0.00 (Cumulative area) 
      Partial area ratio:   52.64
      Required ratio:  400.00 (Side area) 
      Cumulative area ratio:  551.20
      Required ratio:    0.00 (Cumulative side area) 

    Layer: via3
      Partial area ratio:    0.03
      Required ratio:    6.00 (Gate area) 
      Cumulative area ratio:    0.58
      Required ratio:    0.00 (Cumulative area) 

    Layer: met4
      Partial area ratio:    5.99
      Required ratio:    0.00 (Gate area) 
      Cumulative area ratio:  115.93
      Required ratio:    0.00 (Cumulative area) 
      Partial area ratio:   32.05
      Required ratio: 3436.16 (Side area) 
      Cumulative area ratio:  583.25
      Required ratio:    0.00 (Cumulative side area) 


  Pin:   _11406_/A2 (sky130_fd_sc_hd__o32ai_1)
    Layer: mcon
      Partial area ratio:    0.12
      Required ratio:    3.00 (Gate area) 
      Cumulative area ratio:    0.12
      Required ratio:    0.00 (Cumulative area) 

    Layer: met1
      Partial area ratio:   10.50
      Required ratio:    0.00 (Gate area) 
      Cumulative area ratio:   10.50
      Required ratio:    0.00 (Cumulative area) 
      Partial area ratio:   51.33
      Required ratio:  400.00 (Side area) 
      Cumulative area ratio:   51.33
      Required ratio:    0.00 (Cumulative side area) 

    Layer: via
      Partial area ratio:    0.27
      Required ratio:    6.00 (Gate area) 
      Cumulative area ratio:    0.39
      Required ratio:    0.00 (Cumulative area) 

    Layer: met2
      Partial area ratio:    3.92
      Required ratio:    0.00 (Gate area) 
      Cumulative area ratio:   14.42
      Required ratio:    0.00 (Cumulative area) 
      Partial area ratio:   19.04
      Required ratio:  400.00 (Side area) 
      Cumulative area ratio:   70.37
      Required ratio:    0.00 (Cumulative side area) 

    Layer: via2
      Partial area ratio:    0.03
      Required ratio:    6.00 (Gate area) 
      Cumulative area ratio:    0.42
      Required ratio:    0.00 (Cumulative area) 

    Layer: met3
      Partial area ratio:    9.81
      Required ratio:    0.00 (Gate area) 
      Cumulative area ratio:   24.23
      Required ratio:    0.00 (Cumulative area) 
      Partial area ratio:   52.64
      Required ratio:  400.00 (Side area) 
      Cumulative area ratio:  123.01
      Required ratio:    0.00 (Cumulative side area) 

    Layer: via3
      Partial area ratio:    0.03
      Required ratio:    6.00 (Gate area) 
      Cumulative area ratio:    0.44
      Required ratio:    0.00 (Cumulative area) 

    Layer: met4
      Partial area ratio:    5.99
      Required ratio:    0.00 (Gate area) 
      Cumulative area ratio:   30.22
      Required ratio:    0.00 (Cumulative area) 
      Partial area ratio:   32.05
      Required ratio: 3436.16 (Side area) 
      Cumulative area ratio:  155.06
      Required ratio:    0.00 (Cumulative side area) 


  Pin:   _11511_/A2 (sky130_fd_sc_hd__o32a_1)
    Layer: mcon
      Partial area ratio:    0.12
      Required ratio:    3.00 (Gate area) 
      Cumulative area ratio:    0.12
      Required ratio:    0.00 (Cumulative area) 

    Layer: met1
      Partial area ratio:    5.32
      Required ratio:    0.00 (Gate area) 
      Cumulative area ratio:    5.32
      Required ratio:    0.00 (Cumulative area) 
      Partial area ratio:   25.81
      Required ratio:  400.00 (Side area) 
      Cumulative area ratio:   25.81
      Required ratio:    0.00 (Cumulative side area) 

    Layer: via
      Partial area ratio:    0.20
      Required ratio:    6.00 (Gate area) 
      Cumulative area ratio:    0.31
      Required ratio:    0.00 (Cumulative area) 

    Layer: met2
      Partial area ratio:    3.92
      Required ratio:    0.00 (Gate area) 
      Cumulative area ratio:    9.24
      Required ratio:    0.00 (Cumulative area) 
      Partial area ratio:   19.04
      Required ratio:  400.00 (Side area) 
      Cumulative area ratio:   44.85
      Required ratio:    0.00 (Cumulative side area) 

    Layer: via2
      Partial area ratio:    0.03
      Required ratio:    6.00 (Gate area) 
      Cumulative area ratio:    0.34
      Required ratio:    0.00 (Cumulative area) 

    Layer: met3
      Partial area ratio:    9.81
      Required ratio:    0.00 (Gate area) 
      Cumulative area ratio:   19.05
      Required ratio:    0.00 (Cumulative area) 
      Partial area ratio:   52.64
      Required ratio:  400.00 (Side area) 
      Cumulative area ratio:   97.49
      Required ratio:    0.00 (Cumulative side area) 

    Layer: via3
      Partial area ratio:    0.03
      Required ratio:    6.00 (Gate area) 
      Cumulative area ratio:    0.37
      Required ratio:    0.00 (Cumulative area) 

    Layer: met4
      Partial area ratio:    5.99
      Required ratio:    0.00 (Gate area) 
      Cumulative area ratio:   25.04
      Required ratio:    0.00 (Cumulative area) 
      Partial area ratio:   32.05
      Required ratio: 3436.16 (Side area) 
      Cumulative area ratio:  129.54
      Required ratio:    0.00 (Cumulative side area) 


  Pin:   _12713_/A1 (sky130_fd_sc_hd__o21ai_1)
    Layer: mcon
      Partial area ratio:    0.12
      Required ratio:    3.00 (Gate area) 
      Cumulative area ratio:    0.12
      Required ratio:    0.00 (Cumulative area) 

    Layer: met1
      Partial area ratio:    2.61
      Required ratio:    0.00 (Gate area) 
      Cumulative area ratio:    2.61
      Required ratio:    0.00 (Cumulative area) 
      Partial area ratio:   12.65
      Required ratio:  400.00 (Side area) 
      Cumulative area ratio:   12.65
      Required ratio:    0.00 (Cumulative side area) 

    Layer: via
      Partial area ratio:    0.06
      Required ratio:    6.00 (Gate area) 
      Cumulative area ratio:    0.18
      Required ratio:    0.00 (Cumulative area) 

    Layer: met2
      Partial area ratio:    0.48
      Required ratio:    0.00 (Gate area) 
      Cumulative area ratio:    3.09
      Required ratio:    0.00 (Cumulative area) 
      Partial area ratio:    2.29
      Required ratio:  400.00 (Side area) 
      Cumulative area ratio:   14.93
      Required ratio:    0.00 (Cumulative side area) 

    Layer: via2
      Partial area ratio:    0.02
      Required ratio:    6.00 (Gate area) 
      Cumulative area ratio:    0.20
      Required ratio:    0.00 (Cumulative area) 

    Layer: met3
      Partial area ratio:   10.69
      Required ratio:    0.00 (Gate area) 
      Cumulative area ratio:   13.78
      Required ratio:    0.00 (Cumulative area) 
      Partial area ratio:   57.40
      Required ratio: 3436.16 (Side area) 
      Cumulative area ratio:   72.34
      Required ratio:    0.00 (Cumulative side area) 

    Layer: via3
      Partial area ratio:    0.01
      Required ratio:   81.25 (Gate area) 
      Cumulative area ratio:    0.21
      Required ratio:    0.00 (Cumulative area) 

    Layer: met4
      Partial area ratio:    5.99
      Required ratio:    0.00 (Gate area) 
      Cumulative area ratio:   19.77
      Required ratio:    0.00 (Cumulative area) 
      Partial area ratio:   32.05
      Required ratio: 3436.16 (Side area) 
      Cumulative area ratio:  104.38
      Required ratio:    0.00 (Cumulative side area) 


  Pin:   _12715_/A1 (sky130_fd_sc_hd__o211ai_2)
    Layer: mcon
      Partial area ratio:    0.06
      Required ratio:    3.00 (Gate area) 
      Cumulative area ratio:    0.06
      Required ratio:    0.00 (Cumulative area) 

    Layer: met1
      Partial area ratio:    2.61
      Required ratio:    0.00 (Gate area) 
      Cumulative area ratio:    2.61
      Required ratio:    0.00 (Cumulative area) 
      Partial area ratio:   12.65
      Required ratio:  400.00 (Side area) 
      Cumulative area ratio:   12.65
      Required ratio:    0.00 (Cumulative side area) 

    Layer: via
      Partial area ratio:    0.06
      Required ratio:    6.00 (Gate area) 
      Cumulative area ratio:    0.12
      Required ratio:    0.00 (Cumulative area) 

    Layer: met2
      Partial area ratio:    0.48
      Required ratio:    0.00 (Gate area) 
      Cumulative area ratio:    3.09
      Required ratio:    0.00 (Cumulative area) 
      Partial area ratio:    2.29
      Required ratio:  400.00 (Side area) 
      Cumulative area ratio:   14.93
      Required ratio:    0.00 (Cumulative side area) 

    Layer: via2
      Partial area ratio:    0.02
      Required ratio:    6.00 (Gate area) 
      Cumulative area ratio:    0.14
      Required ratio:    0.00 (Cumulative area) 

    Layer: met3
      Partial area ratio:   10.69
      Required ratio:    0.00 (Gate area) 
      Cumulative area ratio:   13.78
      Required ratio:    0.00 (Cumulative area) 
      Partial area ratio:   57.40
      Required ratio: 3436.16 (Side area) 
      Cumulative area ratio:   72.34
      Required ratio:    0.00 (Cumulative side area) 

    Layer: via3
      Partial area ratio:    0.01
      Required ratio:   81.25 (Gate area) 
      Cumulative area ratio:    0.15
      Required ratio:    0.00 (Cumulative area) 

    Layer: met4
      Partial area ratio:    5.99
      Required ratio:    0.00 (Gate area) 
      Cumulative area ratio:   19.77
      Required ratio:    0.00 (Cumulative area) 
      Partial area ratio:   32.05
      Required ratio: 3436.16 (Side area) 
      Cumulative area ratio:  104.38
      Required ratio:    0.00 (Cumulative side area) 


  Pin:   _12717_/B2 (sky130_fd_sc_hd__o221ai_4)
    Layer: mcon
      Partial area ratio:    0.03
      Required ratio:    3.00 (Gate area) 
      Cumulative area ratio:    0.03
      Required ratio:    0.00 (Cumulative area) 

    Layer: met1
      Partial area ratio:    0.87
      Required ratio:    0.00 (Gate area) 
      Cumulative area ratio:    0.87
      Required ratio:    0.00 (Cumulative area) 
      Partial area ratio:    4.17
      Required ratio:  400.00 (Side area) 
      Cumulative area ratio:    4.17
      Required ratio:    0.00 (Cumulative side area) 

    Layer: via
      Partial area ratio:    0.05
      Required ratio:    6.00 (Gate area) 
      Cumulative area ratio:    0.07
      Required ratio:    0.00 (Cumulative area) 

    Layer: met2
      Partial area ratio:    0.48
      Required ratio:    0.00 (Gate area) 
      Cumulative area ratio:    1.35
      Required ratio:    0.00 (Cumulative area) 
      Partial area ratio:    2.29
      Required ratio:  400.00 (Side area) 
      Cumulative area ratio:    6.45
      Required ratio:    0.00 (Cumulative side area) 

    Layer: via2
      Partial area ratio:    0.02
      Required ratio:    6.00 (Gate area) 
      Cumulative area ratio:    0.10
      Required ratio:    0.00 (Cumulative area) 

    Layer: met3
      Partial area ratio:   10.69
      Required ratio:    0.00 (Gate area) 
      Cumulative area ratio:   12.04
      Required ratio:    0.00 (Cumulative area) 
      Partial area ratio:   57.40
      Required ratio: 3436.16 (Side area) 
      Cumulative area ratio:   63.86
      Required ratio:    0.00 (Cumulative side area) 

    Layer: via3
      Partial area ratio:    0.01
      Required ratio:   81.25 (Gate area) 
      Cumulative area ratio:    0.11
      Required ratio:    0.00 (Cumulative area) 

    Layer: met4
      Partial area ratio:    5.99
      Required ratio:    0.00 (Gate area) 
      Cumulative area ratio:   18.03
      Required ratio:    0.00 (Cumulative area) 
      Partial area ratio:   32.05
      Required ratio: 3436.16 (Side area) 
      Cumulative area ratio:   95.90
      Required ratio:    0.00 (Cumulative side area) 


  Pin:   _12814_/A1 (sky130_fd_sc_hd__o22a_1)
    Layer: mcon
      Partial area ratio:    0.12
      Required ratio:    3.00 (Gate area) 
      Cumulative area ratio:    0.12
      Required ratio:    0.00 (Cumulative area) 

    Layer: met1
      Partial area ratio:    2.61
      Required ratio:    0.00 (Gate area) 
      Cumulative area ratio:    2.61
      Required ratio:    0.00 (Cumulative area) 
      Partial area ratio:   12.65
      Required ratio:  400.00 (Side area) 
      Cumulative area ratio:   12.65
      Required ratio:    0.00 (Cumulative side area) 

    Layer: via
      Partial area ratio:    0.06
      Required ratio:    6.00 (Gate area) 
      Cumulative area ratio:    0.18
      Required ratio:    0.00 (Cumulative area) 

    Layer: met2
      Partial area ratio:    0.48
      Required ratio:    0.00 (Gate area) 
      Cumulative area ratio:    3.09
      Required ratio:    0.00 (Cumulative area) 
      Partial area ratio:    2.29
      Required ratio:  400.00 (Side area) 
      Cumulative area ratio:   14.93
      Required ratio:    0.00 (Cumulative side area) 

    Layer: via2
      Partial area ratio:    0.02
      Required ratio:    6.00 (Gate area) 
      Cumulative area ratio:    0.20
      Required ratio:    0.00 (Cumulative area) 

    Layer: met3
      Partial area ratio:   10.69
      Required ratio:    0.00 (Gate area) 
      Cumulative area ratio:   13.78
      Required ratio:    0.00 (Cumulative area) 
      Partial area ratio:   57.40
      Required ratio: 3436.16 (Side area) 
      Cumulative area ratio:   72.34
      Required ratio:    0.00 (Cumulative side area) 

    Layer: via3
      Partial area ratio:    0.01
      Required ratio:   81.25 (Gate area) 
      Cumulative area ratio:    0.21
      Required ratio:    0.00 (Cumulative area) 

    Layer: met4
      Partial area ratio:    5.99
      Required ratio:    0.00 (Gate area) 
      Cumulative area ratio:   19.77
      Required ratio:    0.00 (Cumulative area) 
      Partial area ratio:   32.05
      Required ratio: 3436.16 (Side area) 
      Cumulative area ratio:  104.38
      Required ratio:    0.00 (Cumulative side area) 


  Pin:   _12902_/A1 (sky130_fd_sc_hd__o21ai_1)
    Layer: mcon
      Partial area ratio:    0.12
      Required ratio:    3.00 (Gate area) 
      Cumulative area ratio:    0.12
      Required ratio:    0.00 (Cumulative area) 

    Layer: met1
      Partial area ratio:    2.84
      Required ratio:    0.00 (Gate area) 
      Cumulative area ratio:    2.84
      Required ratio:    0.00 (Cumulative area) 
      Partial area ratio:   13.45
      Required ratio:  400.00 (Side area) 
      Cumulative area ratio:   13.45
      Required ratio:    0.00 (Cumulative side area) 

    Layer: via
      Partial area ratio:    0.18
      Required ratio:    6.00 (Gate area) 
      Cumulative area ratio:    0.30
      Required ratio:    0.00 (Cumulative area) 

    Layer: met2
      Partial area ratio:    0.75
      Required ratio:    0.00 (Gate area) 
      Cumulative area ratio:    3.59
      Required ratio:    0.00 (Cumulative area) 
      Partial area ratio:    3.48
      Required ratio:  400.00 (Side area) 
      Cumulative area ratio:   16.93
      Required ratio:    0.00 (Cumulative side area) 

    Layer: via2
      Partial area ratio:    0.16
      Required ratio:    6.00 (Gate area) 
      Cumulative area ratio:    0.46
      Required ratio:    0.00 (Cumulative area) 

    Layer: met3
      Partial area ratio:   10.69
      Required ratio:    0.00 (Gate area) 
      Cumulative area ratio:   14.29
      Required ratio:    0.00 (Cumulative area) 
      Partial area ratio:   57.40
      Required ratio: 3436.16 (Side area) 
      Cumulative area ratio:   74.33
      Required ratio:    0.00 (Cumulative side area) 

    Layer: via3
      Partial area ratio:    0.01
      Required ratio:   81.25 (Gate area) 
      Cumulative area ratio:    0.47
      Required ratio:    0.00 (Cumulative area) 

    Layer: met4
      Partial area ratio:    5.99
      Required ratio:    0.00 (Gate area) 
      Cumulative area ratio:   20.28
      Required ratio:    0.00 (Cumulative area) 
      Partial area ratio:   32.05
      Required ratio: 3436.16 (Side area) 
      Cumulative area ratio:  106.38
      Required ratio:    0.00 (Cumulative side area) 


  Pin:   _12904_/B2 (sky130_fd_sc_hd__o221ai_2)
    Layer: mcon
      Partial area ratio:    0.06
      Required ratio:    3.00 (Gate area) 
      Cumulative area ratio:    0.06
      Required ratio:    0.00 (Cumulative area) 

    Layer: met1
      Partial area ratio:    2.61
      Required ratio:    0.00 (Gate area) 
      Cumulative area ratio:    2.61
      Required ratio:    0.00 (Cumulative area) 
      Partial area ratio:   12.65
      Required ratio:  400.00 (Side area) 
      Cumulative area ratio:   12.65
      Required ratio:    0.00 (Cumulative side area) 

    Layer: via
      Partial area ratio:    0.06
      Required ratio:    6.00 (Gate area) 
      Cumulative area ratio:    0.12
      Required ratio:    0.00 (Cumulative area) 

    Layer: met2
      Partial area ratio:    0.48
      Required ratio:    0.00 (Gate area) 
      Cumulative area ratio:    3.09
      Required ratio:    0.00 (Cumulative area) 
      Partial area ratio:    2.29
      Required ratio:  400.00 (Side area) 
      Cumulative area ratio:   14.93
      Required ratio:    0.00 (Cumulative side area) 

    Layer: via2
      Partial area ratio:    0.02
      Required ratio:    6.00 (Gate area) 
      Cumulative area ratio:    0.14
      Required ratio:    0.00 (Cumulative area) 

    Layer: met3
      Partial area ratio:   10.69
      Required ratio:    0.00 (Gate area) 
      Cumulative area ratio:   13.78
      Required ratio:    0.00 (Cumulative area) 
      Partial area ratio:   57.40
      Required ratio: 3436.16 (Side area) 
      Cumulative area ratio:   72.34
      Required ratio:    0.00 (Cumulative side area) 

    Layer: via3
      Partial area ratio:    0.01
      Required ratio:   81.25 (Gate area) 
      Cumulative area ratio:    0.15
      Required ratio:    0.00 (Cumulative area) 

    Layer: met4
      Partial area ratio:    5.99
      Required ratio:    0.00 (Gate area) 
      Cumulative area ratio:   19.77
      Required ratio:    0.00 (Cumulative area) 
      Partial area ratio:   32.05
      Required ratio: 3436.16 (Side area) 
      Cumulative area ratio:  104.38
      Required ratio:    0.00 (Cumulative side area) 


  Pin:   _12906_/A1 (sky130_fd_sc_hd__o2111ai_4)
    Layer: mcon
      Partial area ratio:    0.03
      Required ratio:    3.00 (Gate area) 
      Cumulative area ratio:    0.03
      Required ratio:    0.00 (Cumulative area) 

    Layer: met1
      Partial area ratio:    2.61
      Required ratio:    0.00 (Gate area) 
      Cumulative area ratio:    2.61
      Required ratio:    0.00 (Cumulative area) 
      Partial area ratio:   12.65
      Required ratio:  400.00 (Side area) 
      Cumulative area ratio:   12.65
      Required ratio:    0.00 (Cumulative side area) 

    Layer: via
      Partial area ratio:    0.06
      Required ratio:    6.00 (Gate area) 
      Cumulative area ratio:    0.09
      Required ratio:    0.00 (Cumulative area) 

    Layer: met2
      Partial area ratio:    0.48
      Required ratio:    0.00 (Gate area) 
      Cumulative area ratio:    3.09
      Required ratio:    0.00 (Cumulative area) 
      Partial area ratio:    2.29
      Required ratio:  400.00 (Side area) 
      Cumulative area ratio:   14.93
      Required ratio:    0.00 (Cumulative side area) 

    Layer: via2
      Partial area ratio:    0.02
      Required ratio:    6.00 (Gate area) 
      Cumulative area ratio:    0.11
      Required ratio:    0.00 (Cumulative area) 

    Layer: met3
      Partial area ratio:   10.69
      Required ratio:    0.00 (Gate area) 
      Cumulative area ratio:   13.78
      Required ratio:    0.00 (Cumulative area) 
      Partial area ratio:   57.40
      Required ratio: 3436.16 (Side area) 
      Cumulative area ratio:   72.34
      Required ratio:    0.00 (Cumulative side area) 

    Layer: via3
      Partial area ratio:    0.01
      Required ratio:   81.25 (Gate area) 
      Cumulative area ratio:    0.12
      Required ratio:    0.00 (Cumulative area) 

    Layer: met4
      Partial area ratio:    5.99
      Required ratio:    0.00 (Gate area) 
      Cumulative area ratio:   19.77
      Required ratio:    0.00 (Cumulative area) 
      Partial area ratio:   32.05
      Required ratio: 3436.16 (Side area) 
      Cumulative area ratio:  104.38
      Required ratio:    0.00 (Cumulative side area) 


  Pin:   _15970_/B (sky130_fd_sc_hd__or3_4)
    Layer: mcon
      Partial area ratio:    0.12
      Required ratio:    3.00 (Gate area) 
      Cumulative area ratio:    0.12
      Required ratio:    0.00 (Cumulative area) 

    Layer: met1
      Partial area ratio:   96.21
      Required ratio:    0.00 (Gate area) 
      Cumulative area ratio:   96.21
      Required ratio:    0.00 (Cumulative area) 
      Partial area ratio:  479.52
      Required ratio:  400.00 (Side area) (VIOLATED)
      Cumulative area ratio:  479.52
      Required ratio:    0.00 (Cumulative side area) 

    Layer: via
      Partial area ratio:    0.30
      Required ratio:    6.00 (Gate area) 
      Cumulative area ratio:    0.42
      Required ratio:    0.00 (Cumulative area) 

    Layer: met2
      Partial area ratio:    3.92
      Required ratio:    0.00 (Gate area) 
      Cumulative area ratio:  100.13
      Required ratio:    0.00 (Cumulative area) 
      Partial area ratio:   19.04
      Required ratio:  400.00 (Side area) 
      Cumulative area ratio:  498.56
      Required ratio:    0.00 (Cumulative side area) 

    Layer: via2
      Partial area ratio:    0.03
      Required ratio:    6.00 (Gate area) 
      Cumulative area ratio:    0.44
      Required ratio:    0.00 (Cumulative area) 

    Layer: met3
      Partial area ratio:    9.81
      Required ratio:    0.00 (Gate area) 
      Cumulative area ratio:  109.94
      Required ratio:    0.00 (Cumulative area) 
      Partial area ratio:   52.64
      Required ratio:  400.00 (Side area) 
      Cumulative area ratio:  551.20
      Required ratio:    0.00 (Cumulative side area) 

    Layer: via3
      Partial area ratio:    0.03
      Required ratio:    6.00 (Gate area) 
      Cumulative area ratio:    0.47
      Required ratio:    0.00 (Cumulative area) 

    Layer: met4
      Partial area ratio:    5.99
      Required ratio:    0.00 (Gate area) 
      Cumulative area ratio:  115.93
      Required ratio:    0.00 (Cumulative area) 
      Partial area ratio:   32.05
      Required ratio: 3436.16 (Side area) 
      Cumulative area ratio:  583.25
      Required ratio:    0.00 (Cumulative side area) 


  Pin:   _15971_/B1 (sky130_fd_sc_hd__o2bb2a_1)
    Layer: mcon
      Partial area ratio:    0.23
      Required ratio:    3.00 (Gate area) 
      Cumulative area ratio:    0.23
      Required ratio:    0.00 (Cumulative area) 

    Layer: met1
      Partial area ratio:    6.60
      Required ratio:    0.00 (Gate area) 
      Cumulative area ratio:    6.60
      Required ratio:    0.00 (Cumulative area) 
      Partial area ratio:   31.52
      Required ratio:  400.00 (Side area) 
      Cumulative area ratio:   31.52
      Required ratio:    0.00 (Cumulative side area) 

    Layer: via
      Partial area ratio:    0.36
      Required ratio:    6.00 (Gate area) 
      Cumulative area ratio:    0.59
      Required ratio:    0.00 (Cumulative area) 

    Layer: met2
      Partial area ratio:    3.92
      Required ratio:    0.00 (Gate area) 
      Cumulative area ratio:   10.51
      Required ratio:    0.00 (Cumulative area) 
      Partial area ratio:   19.04
      Required ratio:  400.00 (Side area) 
      Cumulative area ratio:   50.56
      Required ratio:    0.00 (Cumulative side area) 

    Layer: via2
      Partial area ratio:    0.03
      Required ratio:    6.00 (Gate area) 
      Cumulative area ratio:    0.61
      Required ratio:    0.00 (Cumulative area) 

    Layer: met3
      Partial area ratio:    9.81
      Required ratio:    0.00 (Gate area) 
      Cumulative area ratio:   20.33
      Required ratio:    0.00 (Cumulative area) 
      Partial area ratio:   52.64
      Required ratio:  400.00 (Side area) 
      Cumulative area ratio:  103.20
      Required ratio:    0.00 (Cumulative side area) 

    Layer: via3
      Partial area ratio:    0.03
      Required ratio:    6.00 (Gate area) 
      Cumulative area ratio:    0.64
      Required ratio:    0.00 (Cumulative area) 

    Layer: met4
      Partial area ratio:    5.99
      Required ratio:    0.00 (Gate area) 
      Cumulative area ratio:   26.32
      Required ratio:    0.00 (Cumulative area) 
      Partial area ratio:   32.05
      Required ratio: 3436.16 (Side area) 
      Cumulative area ratio:  135.25
      Required ratio:    0.00 (Cumulative side area) 


  Pin:   _16155_/A2 (sky130_fd_sc_hd__o32a_4)
    Layer: mcon
      Partial area ratio:    0.06
      Required ratio:    3.00 (Gate area) 
      Cumulative area ratio:    0.06
      Required ratio:    0.00 (Cumulative area) 

    Layer: met1
      Partial area ratio:    1.20
      Required ratio:    0.00 (Gate area) 
      Cumulative area ratio:    1.20
      Required ratio:    0.00 (Cumulative area) 
      Partial area ratio:    5.55
      Required ratio:  400.00 (Side area) 
      Cumulative area ratio:    5.55
      Required ratio:    0.00 (Cumulative side area) 

    Layer: via
      Partial area ratio:    0.09
      Required ratio:    6.00 (Gate area) 
      Cumulative area ratio:    0.15
      Required ratio:    0.00 (Cumulative area) 

    Layer: met2
      Partial area ratio:    3.92
      Required ratio:    0.00 (Gate area) 
      Cumulative area ratio:    5.11
      Required ratio:    0.00 (Cumulative area) 
      Partial area ratio:   19.04
      Required ratio:  400.00 (Side area) 
      Cumulative area ratio:   24.59
      Required ratio:    0.00 (Cumulative side area) 

    Layer: via2
      Partial area ratio:    0.03
      Required ratio:    6.00 (Gate area) 
      Cumulative area ratio:    0.18
      Required ratio:    0.00 (Cumulative area) 

    Layer: met3
      Partial area ratio:    9.81
      Required ratio:    0.00 (Gate area) 
      Cumulative area ratio:   14.93
      Required ratio:    0.00 (Cumulative area) 
      Partial area ratio:   52.64
      Required ratio:  400.00 (Side area) 
      Cumulative area ratio:   77.23
      Required ratio:    0.00 (Cumulative side area) 

    Layer: via3
      Partial area ratio:    0.03
      Required ratio:    6.00 (Gate area) 
      Cumulative area ratio:    0.20
      Required ratio:    0.00 (Cumulative area) 

    Layer: met4
      Partial area ratio:    5.99
      Required ratio:    0.00 (Gate area) 
      Cumulative area ratio:   20.92
      Required ratio:    0.00 (Cumulative area) 
      Partial area ratio:   32.05
      Required ratio: 3436.16 (Side area) 
      Cumulative area ratio:  109.28
      Required ratio:    0.00 (Cumulative side area) 



Net: net16
  Pin:   _20319_/B (sky130_fd_sc_hd__and2_1)
    Layer: mcon
      Partial area ratio:    0.23
      Required ratio:    3.00 (Gate area) 
      Cumulative area ratio:    0.23
      Required ratio:    0.00 (Cumulative area) 

    Layer: met1
      Partial area ratio:  177.89
      Required ratio:    0.00 (Gate area) 
      Cumulative area ratio:  177.89
      Required ratio:    0.00 (Cumulative area) 
      Partial area ratio:  887.97
      Required ratio:  400.00 (Side area) (VIOLATED)
      Cumulative area ratio:  887.97
      Required ratio:    0.00 (Cumulative side area) 

    Layer: via
      Partial area ratio:    0.36
      Required ratio:    6.00 (Gate area) 
      Cumulative area ratio:    0.59
      Required ratio:    0.00 (Cumulative area) 

    Layer: met2
      Partial area ratio:   55.95
      Required ratio:    0.00 (Gate area) 
      Cumulative area ratio:  233.84
      Required ratio:    0.00 (Cumulative area) 
      Partial area ratio:  278.67
      Required ratio: 2753.36 (Side area) 
      Cumulative area ratio: 1166.64
      Required ratio:    0.00 (Cumulative side area) 



Net: net17
  Pin:   _20320_/B (sky130_fd_sc_hd__and2_1)
    Layer: mcon
      Partial area ratio:    0.23
      Required ratio:    3.00 (Gate area) 
      Cumulative area ratio:    0.23
      Required ratio:    0.00 (Cumulative area) 

    Layer: met1
      Partial area ratio:  167.54
      Required ratio:    0.00 (Gate area) 
      Cumulative area ratio:  167.54
      Required ratio:    0.00 (Cumulative area) 
      Partial area ratio:  836.22
      Required ratio:  400.00 (Side area) (VIOLATED)
      Cumulative area ratio:  836.22
      Required ratio:    0.00 (Cumulative side area) 

    Layer: via
      Partial area ratio:    0.36
      Required ratio:    6.00 (Gate area) 
      Cumulative area ratio:    0.59
      Required ratio:    0.00 (Cumulative area) 

    Layer: met2
      Partial area ratio:   16.48
      Required ratio:    0.00 (Gate area) 
      Cumulative area ratio:  184.02
      Required ratio:    0.00 (Cumulative area) 
      Partial area ratio:   81.83
      Required ratio: 2771.60 (Side area) 
      Cumulative area ratio:  918.06
      Required ratio:    0.00 (Cumulative side area) 



Net: net24
  Pin:   _20326_/B (sky130_fd_sc_hd__and2_1)
    Layer: mcon
      Partial area ratio:    0.23
      Required ratio:    3.00 (Gate area) 
      Cumulative area ratio:    0.23
      Required ratio:    0.00 (Cumulative area) 

    Layer: met1
      Partial area ratio:  109.54
      Required ratio:    0.00 (Gate area) 
      Cumulative area ratio:  109.54
      Required ratio:    0.00 (Cumulative area) 
      Partial area ratio:  546.22
      Required ratio:  400.00 (Side area) (VIOLATED)
      Cumulative area ratio:  546.22
      Required ratio:    0.00 (Cumulative side area) 

    Layer: via
      Partial area ratio:    0.36
      Required ratio:    6.00 (Gate area) 
      Cumulative area ratio:    0.59
      Required ratio:    0.00 (Cumulative area) 

    Layer: met2
      Partial area ratio:  247.62
      Required ratio:    0.00 (Gate area) 
      Cumulative area ratio:  357.16
      Required ratio:    0.00 (Cumulative area) 
      Partial area ratio: 1237.00
      Required ratio: 2778.20 (Side area) 
      Cumulative area ratio: 1783.22
      Required ratio:    0.00 (Cumulative side area) 



[INFO ANT-0002] Found 5 net violations.
[INFO ANT-0001] Found 6 pin violations.
