
Magic 8.3 revision 489 - Compiled on Thu Aug 22 13:45:15 UTC 2024.
Starting magic under Tcl interpreter
Using the terminal as the console.
Using NULL graphics device.
Processing system .magicrc file
Sourcing design .magicrc for technology sky130A ...
2 Magic internal units = 1 Lambda
Input style sky130(): scaleFactor=2, multiplier=2
The following types are not handled by extraction and will be treated as non-electrical types:
    ubm 
Scaled tech values by 2 / 1 to match internal grid scaling
Loading sky130A Device Generator Menu ...
Loading "/nix/store/h0ldzjka94yryiq8yxbxmwargpnmwhx6-python3-3.11.9-env/lib/python3.11/site-packages/openlane/scripts/magic/wrapper.tcl" from command line.
> lef read /home/hien/.volare/volare/sky130/versions/0fe599b2afb6708d281543108caf8310912f54af/sky130A/libs.ref/sky130_fd_sc_hd/techlef/sky130_fd_sc_hd__nom.tlef
Reading LEF data from file /home/hien/.volare/volare/sky130/versions/0fe599b2afb6708d281543108caf8310912f54af/sky130A/libs.ref/sky130_fd_sc_hd/techlef/sky130_fd_sc_hd__nom.tlef.
This action cannot be undone.
LEF read, Line 82 (Message): Unknown keyword "ANTENNAMODEL" in LEF file; ignoring.
LEF read, Line 83 (Message): Unknown keyword "ANTENNADIFFSIDEAREARATIO" in LEF file; ignoring.
LEF read, Line 116 (Message): Unknown keyword "MINENCLOSEDAREA" in LEF file; ignoring.
LEF read, Line 118 (Message): Unknown keyword "ANTENNAMODEL" in LEF file; ignoring.
LEF read, Line 119 (Message): Unknown keyword "ANTENNADIFFSIDEAREARATIO" in LEF file; ignoring.
LEF read, Line 125 (Message): Unknown keyword "MAXIMUMDENSITY" in LEF file; ignoring.
LEF read, Line 126 (Message): Unknown keyword "DENSITYCHECKWINDOW" in LEF file; ignoring.
LEF read, Line 127 (Message): Unknown keyword "DENSITYCHECKSTEP" in LEF file; ignoring.
LEF read, Line 160 (Message): Unknown keyword "MINENCLOSEDAREA" in LEF file; ignoring.
LEF read, Line 168 (Message): Unknown keyword "ANTENNAMODEL" in LEF file; ignoring.
LEF read, Line 169 (Message): Unknown keyword "ANTENNADIFFSIDEAREARATIO" in LEF file; ignoring.
LEF read, Line 171 (Message): Unknown keyword "MAXIMUMDENSITY" in LEF file; ignoring.
LEF read, Line 172 (Message): Unknown keyword "DENSITYCHECKWINDOW" in LEF file; ignoring.
LEF read, Line 173 (Message): Unknown keyword "DENSITYCHECKSTEP" in LEF file; ignoring.
LEF read, Line 210 (Message): Unknown keyword "ANTENNAMODEL" in LEF file; ignoring.
LEF read, Line 211 (Message): Unknown keyword "ANTENNADIFFSIDEAREARATIO" in LEF file; ignoring.
LEF read, Line 213 (Message): Unknown keyword "MAXIMUMDENSITY" in LEF file; ignoring.
LEF read, Line 214 (Message): Unknown keyword "DENSITYCHECKWINDOW" in LEF file; ignoring.
LEF read, Line 215 (Message): Unknown keyword "DENSITYCHECKSTEP" in LEF file; ignoring.
LEF read, Line 252 (Message): Unknown keyword "ANTENNAMODEL" in LEF file; ignoring.
LEF read, Line 253 (Message): Unknown keyword "ANTENNADIFFSIDEAREARATIO" in LEF file; ignoring.
LEF read, Line 255 (Message): Unknown keyword "MAXIMUMDENSITY" in LEF file; ignoring.
LEF read, Line 256 (Message): Unknown keyword "DENSITYCHECKWINDOW" in LEF file; ignoring.
LEF read, Line 257 (Message): Unknown keyword "DENSITYCHECKSTEP" in LEF file; ignoring.
LEF read, Line 294 (Message): Unknown keyword "ANTENNAMODEL" in LEF file; ignoring.
LEF read, Line 295 (Message): Unknown keyword "ANTENNADIFFSIDEAREARATIO" in LEF file; ignoring.
LEF read: Processed 801 lines.
> gds read /home/hien/.volare/volare/sky130/versions/0fe599b2afb6708d281543108caf8310912f54af/sky130A/libs.ref/sky130_fd_sc_hd/gds/sky130_fd_sc_hd.gds
Warning: Calma reading is not undoable!  I hope that's OK.
Library written using GDS-II Release 3.0
Library name: sky130_fd_sc_hd
Reading "sky130_fd_sc_hd__or4bb_4".
Reading "sky130_fd_sc_hd__probe_p_8".
Reading "sky130_fd_sc_hd__probec_p_8".
Reading "sky130_fd_sc_hd__sdfbbn_1".
Reading "sky130_fd_sc_hd__sdfsbp_2".
Reading "sky130_fd_sc_hd__sdfsbp_1".
Reading "sky130_fd_sc_hd__sdfrtp_4".
Reading "sky130_fd_sc_hd__sdfrtp_2".
Reading "sky130_fd_sc_hd__sdfrtp_1".
Reading "sky130_fd_sc_hd__sdfrtn_1".
Reading "sky130_fd_sc_hd__sdfrbp_2".
Reading "sky130_fd_sc_hd__sdfrbp_1".
Reading "sky130_fd_sc_hd__sdfbbp_1".
Reading "sky130_fd_sc_hd__sdfbbn_2".
Reading "sky130_fd_sc_hd__sdfstp_1".
Reading "sky130_fd_sc_hd__sdfstp_2".
Reading "sky130_fd_sc_hd__sdfstp_4".
Reading "sky130_fd_sc_hd__sdfxbp_1".
Reading "sky130_fd_sc_hd__sdfxbp_2".
Reading "sky130_fd_sc_hd__sdfxtp_1".
Reading "sky130_fd_sc_hd__sdfxtp_2".
Reading "sky130_fd_sc_hd__sdfxtp_4".
Reading "sky130_fd_sc_hd__sdlclkp_1".
Reading "sky130_fd_sc_hd__sdlclkp_2".
Reading "sky130_fd_sc_hd__sdlclkp_4".
Reading "sky130_fd_sc_hd__sedfxbp_1".
Reading "sky130_fd_sc_hd__sedfxbp_2".
Reading "sky130_fd_sc_hd__sedfxtp_1".
Reading "sky130_fd_sc_hd__sedfxtp_2".
Reading "sky130_fd_sc_hd__sedfxtp_4".
Reading "sky130_fd_sc_hd__tap_1".
Reading "sky130_fd_sc_hd__tap_2".
Reading "sky130_fd_sc_hd__xor2_1".
Reading "sky130_fd_sc_hd__xnor3_4".
Reading "sky130_fd_sc_hd__xnor3_2".
Reading "sky130_fd_sc_hd__xnor3_1".
Reading "sky130_fd_sc_hd__xnor2_4".
Reading "sky130_fd_sc_hd__xnor2_2".
Reading "sky130_fd_sc_hd__xnor2_1".
Reading "sky130_fd_sc_hd__tapvpwrvgnd_1".
Reading "sky130_fd_sc_hd__tapvgnd_1".
Reading "sky130_fd_sc_hd__tapvgnd2_1".
Reading "sky130_fd_sc_hd__xor2_2".
Reading "sky130_fd_sc_hd__xor2_4".
Reading "sky130_fd_sc_hd__xor3_1".
Reading "sky130_fd_sc_hd__xor3_2".
Reading "sky130_fd_sc_hd__xor3_4".
Reading "sky130_fd_sc_hd__o41a_4".
Reading "sky130_fd_sc_hd__o41ai_1".
Reading "sky130_fd_sc_hd__o41ai_2".
Reading "sky130_fd_sc_hd__o41ai_4".
Reading "sky130_fd_sc_hd__o211a_1".
Reading "sky130_fd_sc_hd__o211a_2".
Reading "sky130_fd_sc_hd__o211a_4".
Reading "sky130_fd_sc_hd__o211ai_1".
Reading "sky130_fd_sc_hd__o211ai_2".
Reading "sky130_fd_sc_hd__o211ai_4".
Reading "sky130_fd_sc_hd__o221a_1".
Reading "sky130_fd_sc_hd__o221a_2".
Reading "sky130_fd_sc_hd__o221a_4".
Reading "sky130_fd_sc_hd__o221ai_1".
Reading "sky130_fd_sc_hd__o221ai_2".
Reading "sky130_fd_sc_hd__o221ai_4".
Reading "sky130_fd_sc_hd__o2111a_4".
Reading "sky130_fd_sc_hd__o2111a_2".
Reading "sky130_fd_sc_hd__o2111a_1".
Reading "sky130_fd_sc_hd__o311ai_4".
Reading "sky130_fd_sc_hd__o311ai_2".
Reading "sky130_fd_sc_hd__o311ai_1".
Reading "sky130_fd_sc_hd__o311ai_0".
Reading "sky130_fd_sc_hd__o311a_4".
Reading "sky130_fd_sc_hd__o311a_2".
Reading "sky130_fd_sc_hd__o311a_1".
Reading "sky130_fd_sc_hd__o2111ai_1".
Reading "sky130_fd_sc_hd__o2111ai_2".
Reading "sky130_fd_sc_hd__o2111ai_4".
Reading "sky130_fd_sc_hd__or2_0".
Reading "sky130_fd_sc_hd__or2_1".
Reading "sky130_fd_sc_hd__or2_2".
Reading "sky130_fd_sc_hd__or2_4".
Reading "sky130_fd_sc_hd__or2b_1".
Reading "sky130_fd_sc_hd__or2b_2".
Reading "sky130_fd_sc_hd__or2b_4".
Reading "sky130_fd_sc_hd__or3_1".
Reading "sky130_fd_sc_hd__or3_2".
Reading "sky130_fd_sc_hd__or3_4".
Reading "sky130_fd_sc_hd__or3b_1".
Reading "sky130_fd_sc_hd__or3b_2".
Reading "sky130_fd_sc_hd__or3b_4".
Reading "sky130_fd_sc_hd__or4_1".
Reading "sky130_fd_sc_hd__or4_2".
Reading "sky130_fd_sc_hd__or4_4".
Reading "sky130_fd_sc_hd__or4b_1".
Reading "sky130_fd_sc_hd__or4b_2".
Reading "sky130_fd_sc_hd__or4b_4".
Reading "sky130_fd_sc_hd__or4bb_1".
Reading "sky130_fd_sc_hd__or4bb_2".
Reading "sky130_fd_sc_hd__nor3b_2".
Reading "sky130_fd_sc_hd__nor3b_4".
Reading "sky130_fd_sc_hd__nor4_1".
Reading "sky130_fd_sc_hd__nor4_2".
Reading "sky130_fd_sc_hd__nor4_4".
Reading "sky130_fd_sc_hd__nor4b_1".
Reading "sky130_fd_sc_hd__nor4b_2".
Reading "sky130_fd_sc_hd__nor4b_4".
Reading "sky130_fd_sc_hd__nor4bb_1".
Reading "sky130_fd_sc_hd__nor4bb_2".
Reading "sky130_fd_sc_hd__nor4bb_4".
Moving label "k" from mvpsubdiff to ndiff in cell sky130_fd_sc_hd__nor4bb_4.
Reading "sky130_fd_sc_hd__o2bb2a_1".
Reading "sky130_fd_sc_hd__o2bb2a_2".
Reading "sky130_fd_sc_hd__o2bb2a_4".
Reading "sky130_fd_sc_hd__o2bb2ai_1".
Reading "sky130_fd_sc_hd__o2bb2ai_2".
Reading "sky130_fd_sc_hd__o2bb2ai_4".
Reading "sky130_fd_sc_hd__o21a_1".
Reading "sky130_fd_sc_hd__o21a_2".
Reading "sky130_fd_sc_hd__o21ai_2".
Reading "sky130_fd_sc_hd__o21ai_1".
Reading "sky130_fd_sc_hd__o21ai_0".
Reading "sky130_fd_sc_hd__o21a_4".
Reading "sky130_fd_sc_hd__o21ba_2".
Reading "sky130_fd_sc_hd__o21ba_1".
Reading "sky130_fd_sc_hd__o21ai_4".
Reading "sky130_fd_sc_hd__o21bai_2".
Reading "sky130_fd_sc_hd__o21bai_1".
Reading "sky130_fd_sc_hd__o21ba_4".
Reading "sky130_fd_sc_hd__o21bai_4".
Reading "sky130_fd_sc_hd__o22a_1".
Reading "sky130_fd_sc_hd__o22a_2".
Reading "sky130_fd_sc_hd__o22a_4".
Reading "sky130_fd_sc_hd__o22ai_1".
Reading "sky130_fd_sc_hd__o22ai_2".
Reading "sky130_fd_sc_hd__o22ai_4".
Reading "sky130_fd_sc_hd__o31a_1".
Reading "sky130_fd_sc_hd__o31a_2".
Reading "sky130_fd_sc_hd__o31a_4".
Reading "sky130_fd_sc_hd__o31ai_1".
Reading "sky130_fd_sc_hd__o31ai_2".
Reading "sky130_fd_sc_hd__o31ai_4".
Reading "sky130_fd_sc_hd__o32a_1".
Reading "sky130_fd_sc_hd__o32a_2".
Reading "sky130_fd_sc_hd__o32a_4".
Reading "sky130_fd_sc_hd__o32ai_1".
Reading "sky130_fd_sc_hd__o32ai_2".
Reading "sky130_fd_sc_hd__o32ai_4".
Reading "sky130_fd_sc_hd__o41a_1".
Reading "sky130_fd_sc_hd__o41a_2".
Reading "sky130_fd_sc_hd__lpflow_lsbuf_lh_hl_isowell_tap_1".
CIF file read warning: CIF style sky130(): units rescaled by factor of 5 / 1
Reading "sky130_fd_sc_hd__lpflow_lsbuf_lh_hl_isowell_tap_2".
Reading "sky130_fd_sc_hd__lpflow_lsbuf_lh_hl_isowell_tap_4".
Reading "sky130_fd_sc_hd__lpflow_lsbuf_lh_isowell_4".
Reading "sky130_fd_sc_hd__lpflow_lsbuf_lh_isowell_tap_1".
Reading "sky130_fd_sc_hd__lpflow_lsbuf_lh_isowell_tap_2".
Reading "sky130_fd_sc_hd__lpflow_lsbuf_lh_isowell_tap_4".
Reading "sky130_fd_sc_hd__nor2_2".
Reading "sky130_fd_sc_hd__nand2_2".
Reading "sky130_fd_sc_hd__inv_2".
Reading "sky130_fd_sc_hd__conb_1".
Reading "sky130_fd_sc_hd__macro_sparecell".
Reading "sky130_fd_sc_hd__maj3_1".
Reading "sky130_fd_sc_hd__maj3_2".
Reading "sky130_fd_sc_hd__maj3_4".
Reading "sky130_fd_sc_hd__mux2_1".
Reading "sky130_fd_sc_hd__mux2_2".
Reading "sky130_fd_sc_hd__mux2_4".
Reading "sky130_fd_sc_hd__mux2_8".
Reading "sky130_fd_sc_hd__mux2i_1".
Reading "sky130_fd_sc_hd__mux2i_2".
Reading "sky130_fd_sc_hd__nand2_1".
Reading "sky130_fd_sc_hd__nand2_4".
Reading "sky130_fd_sc_hd__nand2_8".
Reading "sky130_fd_sc_hd__nand2b_1".
Reading "sky130_fd_sc_hd__mux2i_4".
Reading "sky130_fd_sc_hd__mux4_1".
Reading "sky130_fd_sc_hd__mux4_2".
Reading "sky130_fd_sc_hd__mux4_4".
Reading "sky130_fd_sc_hd__nand2b_2".
Reading "sky130_fd_sc_hd__nand2b_4".
Reading "sky130_fd_sc_hd__nand3_1".
Reading "sky130_fd_sc_hd__nand3_2".
Reading "sky130_fd_sc_hd__nand3_4".
Reading "sky130_fd_sc_hd__nand3b_1".
Reading "sky130_fd_sc_hd__nand3b_2".
Reading "sky130_fd_sc_hd__nand3b_4".
Reading "sky130_fd_sc_hd__nand4_1".
Reading "sky130_fd_sc_hd__nand4_2".
Reading "sky130_fd_sc_hd__nand4_4".
Reading "sky130_fd_sc_hd__nand4b_1".
Reading "sky130_fd_sc_hd__nand4b_2".
Reading "sky130_fd_sc_hd__nand4b_4".
Reading "sky130_fd_sc_hd__nand4bb_1".
Reading "sky130_fd_sc_hd__nand4bb_2".
Reading "sky130_fd_sc_hd__nand4bb_4".
Reading "sky130_fd_sc_hd__nor2_1".
Reading "sky130_fd_sc_hd__nor2_4".
Reading "sky130_fd_sc_hd__nor2_8".
Reading "sky130_fd_sc_hd__nor2b_1".
Reading "sky130_fd_sc_hd__nor2b_2".
Reading "sky130_fd_sc_hd__nor2b_4".
Reading "sky130_fd_sc_hd__nor3_1".
Reading "sky130_fd_sc_hd__nor3_2".
Reading "sky130_fd_sc_hd__nor3_4".
Reading "sky130_fd_sc_hd__nor3b_1".
Reading "sky130_fd_sc_hd__einvp_1".
Reading "sky130_fd_sc_hd__einvp_2".
Reading "sky130_fd_sc_hd__einvp_4".
Reading "sky130_fd_sc_hd__einvp_8".
Reading "sky130_fd_sc_hd__fa_1".
Reading "sky130_fd_sc_hd__fa_2".
Reading "sky130_fd_sc_hd__fa_4".
Reading "sky130_fd_sc_hd__fah_1".
Reading "sky130_fd_sc_hd__fahcin_1".
Reading "sky130_fd_sc_hd__fahcon_1".
Reading "sky130_fd_sc_hd__fill_1".
Reading "sky130_fd_sc_hd__fill_2".
Reading "sky130_fd_sc_hd__fill_4".
Reading "sky130_fd_sc_hd__fill_8".
Reading "sky130_fd_sc_hd__ha_1".
Reading "sky130_fd_sc_hd__ha_2".
Reading "sky130_fd_sc_hd__ha_4".
Reading "sky130_fd_sc_hd__inv_1".
Reading "sky130_fd_sc_hd__inv_16".
Reading "sky130_fd_sc_hd__inv_12".
Reading "sky130_fd_sc_hd__inv_8".
Reading "sky130_fd_sc_hd__inv_6".
Reading "sky130_fd_sc_hd__inv_4".
Reading "sky130_fd_sc_hd__lpflow_clkbufkapwr_4".
Reading "sky130_fd_sc_hd__lpflow_clkbufkapwr_2".
Reading "sky130_fd_sc_hd__lpflow_clkbufkapwr_1".
Reading "sky130_fd_sc_hd__lpflow_bleeder_1".
Reading "sky130_fd_sc_hd__lpflow_clkbufkapwr_8".
Reading "sky130_fd_sc_hd__lpflow_clkbufkapwr_16".
Reading "sky130_fd_sc_hd__lpflow_clkinvkapwr_1".
Reading "sky130_fd_sc_hd__lpflow_clkinvkapwr_2".
Reading "sky130_fd_sc_hd__lpflow_clkinvkapwr_4".
Reading "sky130_fd_sc_hd__lpflow_clkinvkapwr_8".
Reading "sky130_fd_sc_hd__lpflow_clkinvkapwr_16".
Reading "sky130_fd_sc_hd__lpflow_decapkapwr_3".
Reading "sky130_fd_sc_hd__lpflow_decapkapwr_4".
Reading "sky130_fd_sc_hd__lpflow_decapkapwr_6".
Reading "sky130_fd_sc_hd__lpflow_inputiso0n_1".
Reading "sky130_fd_sc_hd__lpflow_decapkapwr_12".
Reading "sky130_fd_sc_hd__lpflow_decapkapwr_8".
Reading "sky130_fd_sc_hd__lpflow_inputisolatch_1".
Reading "sky130_fd_sc_hd__lpflow_inputiso1p_1".
Reading "sky130_fd_sc_hd__lpflow_inputiso1n_1".
Reading "sky130_fd_sc_hd__lpflow_inputiso0p_1".
Reading "sky130_fd_sc_hd__lpflow_isobufsrc_4".
Reading "sky130_fd_sc_hd__lpflow_isobufsrc_2".
Reading "sky130_fd_sc_hd__lpflow_isobufsrc_1".
Reading "sky130_fd_sc_hd__lpflow_isobufsrc_8".
Reading "sky130_fd_sc_hd__lpflow_isobufsrc_16".
Reading "sky130_fd_sc_hd__lpflow_isobufsrckapwr_16".
Reading "sky130_fd_sc_hd__dfrtp_2".
Reading "sky130_fd_sc_hd__dfrtp_4".
Reading "sky130_fd_sc_hd__dfsbp_1".
Reading "sky130_fd_sc_hd__dfsbp_2".
Reading "sky130_fd_sc_hd__dfstp_1".
Reading "sky130_fd_sc_hd__dfstp_2".
Reading "sky130_fd_sc_hd__dfstp_4".
Reading "sky130_fd_sc_hd__dfxbp_1".
Reading "sky130_fd_sc_hd__dfxbp_2".
Reading "sky130_fd_sc_hd__dfxtp_1".
Reading "sky130_fd_sc_hd__dfxtp_2".
Reading "sky130_fd_sc_hd__dfxtp_4".
Reading "sky130_fd_sc_hd__diode_2".
Reading "sky130_fd_sc_hd__dlclkp_1".
Reading "sky130_fd_sc_hd__dlclkp_2".
Reading "sky130_fd_sc_hd__dlclkp_4".
Reading "sky130_fd_sc_hd__dlrbn_1".
Reading "sky130_fd_sc_hd__dlrbp_1".
Reading "sky130_fd_sc_hd__dlrtn_1".
Reading "sky130_fd_sc_hd__dlrtn_2".
Reading "sky130_fd_sc_hd__dlrbn_2".
Reading "sky130_fd_sc_hd__dlrbp_2".
Reading "sky130_fd_sc_hd__dlrtn_4".
Reading "sky130_fd_sc_hd__dlrtp_1".
Reading "sky130_fd_sc_hd__dlrtp_2".
Reading "sky130_fd_sc_hd__dlrtp_4".
Reading "sky130_fd_sc_hd__dlxbn_1".
Reading "sky130_fd_sc_hd__dlxbn_2".
Reading "sky130_fd_sc_hd__dlxbp_1".
Reading "sky130_fd_sc_hd__dlxtn_1".
Reading "sky130_fd_sc_hd__dlxtn_2".
Reading "sky130_fd_sc_hd__dlxtn_4".
Reading "sky130_fd_sc_hd__dlxtp_1".
Reading "sky130_fd_sc_hd__dlygate4sd1_1".
Reading "sky130_fd_sc_hd__dlygate4sd2_1".
Reading "sky130_fd_sc_hd__dlygate4sd3_1".
Reading "sky130_fd_sc_hd__dlymetal6s2s_1".
Reading "sky130_fd_sc_hd__dlymetal6s4s_1".
Reading "sky130_fd_sc_hd__dlymetal6s6s_1".
Reading "sky130_fd_sc_hd__ebufn_1".
Reading "sky130_fd_sc_hd__ebufn_2".
Reading "sky130_fd_sc_hd__ebufn_4".
Reading "sky130_fd_sc_hd__einvn_0".
Reading "sky130_fd_sc_hd__einvn_1".
Reading "sky130_fd_sc_hd__einvn_2".
Reading "sky130_fd_sc_hd__einvn_4".
Reading "sky130_fd_sc_hd__ebufn_8".
Reading "sky130_fd_sc_hd__edfxbp_1".
Reading "sky130_fd_sc_hd__edfxtp_1".
Reading "sky130_fd_sc_hd__einvn_8".
Reading "sky130_fd_sc_hd__and4_4".
Reading "sky130_fd_sc_hd__and4b_1".
Reading "sky130_fd_sc_hd__and4b_2".
Reading "sky130_fd_sc_hd__and4b_4".
Reading "sky130_fd_sc_hd__and4bb_1".
Reading "sky130_fd_sc_hd__and4bb_2".
Reading "sky130_fd_sc_hd__and4bb_4".
Reading "sky130_fd_sc_hd__buf_1".
Reading "sky130_fd_sc_hd__buf_2".
Reading "sky130_fd_sc_hd__buf_4".
Reading "sky130_fd_sc_hd__buf_6".
Reading "sky130_fd_sc_hd__buf_8".
Reading "sky130_fd_sc_hd__buf_12".
Reading "sky130_fd_sc_hd__buf_16".
Reading "sky130_fd_sc_hd__bufbuf_8".
Reading "sky130_fd_sc_hd__clkdlybuf4s15_2".
Reading "sky130_fd_sc_hd__clkdlybuf4s15_1".
Reading "sky130_fd_sc_hd__clkbuf_16".
Reading "sky130_fd_sc_hd__clkbuf_8".
Reading "sky130_fd_sc_hd__clkbuf_4".
Reading "sky130_fd_sc_hd__clkbuf_2".
Reading "sky130_fd_sc_hd__clkbuf_1".
Reading "sky130_fd_sc_hd__bufinv_16".
Reading "sky130_fd_sc_hd__bufinv_8".
Reading "sky130_fd_sc_hd__bufbuf_16".
Reading "sky130_fd_sc_hd__clkdlybuf4s18_1".
Reading "sky130_fd_sc_hd__clkdlybuf4s18_2".
Reading "sky130_fd_sc_hd__clkdlybuf4s25_1".
Reading "sky130_fd_sc_hd__clkdlybuf4s25_2".
Reading "sky130_fd_sc_hd__clkdlybuf4s50_1".
Reading "sky130_fd_sc_hd__clkdlybuf4s50_2".
Reading "sky130_fd_sc_hd__clkinv_1".
Reading "sky130_fd_sc_hd__clkinv_2".
Reading "sky130_fd_sc_hd__clkinv_4".
Reading "sky130_fd_sc_hd__dfbbn_1".
Reading "sky130_fd_sc_hd__decap_12".
Reading "sky130_fd_sc_hd__decap_8".
Reading "sky130_fd_sc_hd__decap_6".
Reading "sky130_fd_sc_hd__decap_4".
Reading "sky130_fd_sc_hd__decap_3".
Reading "sky130_fd_sc_hd__clkinvlp_4".
Reading "sky130_fd_sc_hd__clkinvlp_2".
Reading "sky130_fd_sc_hd__clkinv_16".
Reading "sky130_fd_sc_hd__clkinv_8".
Reading "sky130_fd_sc_hd__dfbbn_2".
Reading "sky130_fd_sc_hd__dfbbp_1".
Reading "sky130_fd_sc_hd__dfrbp_1".
Reading "sky130_fd_sc_hd__dfrbp_2".
Reading "sky130_fd_sc_hd__dfrtn_1".
Reading "sky130_fd_sc_hd__dfrtp_1".
Reading "sky130_fd_sc_hd__a32oi_1".
Reading "sky130_fd_sc_hd__a32oi_2".
Reading "sky130_fd_sc_hd__a32oi_4".
Reading "sky130_fd_sc_hd__a41o_1".
Reading "sky130_fd_sc_hd__a41o_2".
Reading "sky130_fd_sc_hd__a41o_4".
Reading "sky130_fd_sc_hd__a41oi_1".
Reading "sky130_fd_sc_hd__a41oi_2".
Reading "sky130_fd_sc_hd__a41oi_4".
Reading "sky130_fd_sc_hd__a221o_4".
Reading "sky130_fd_sc_hd__a221o_2".
Reading "sky130_fd_sc_hd__a221oi_1".
Reading "sky130_fd_sc_hd__a211oi_2".
Reading "sky130_fd_sc_hd__a211oi_1".
Reading "sky130_fd_sc_hd__a211o_4".
Reading "sky130_fd_sc_hd__a211o_2".
Reading "sky130_fd_sc_hd__a211o_1".
Reading "sky130_fd_sc_hd__a221o_1".
Reading "sky130_fd_sc_hd__a211oi_4".
Reading "sky130_fd_sc_hd__a221oi_2".
Reading "sky130_fd_sc_hd__a221oi_4".
Reading "sky130_fd_sc_hd__a222oi_1".
Reading "sky130_fd_sc_hd__a311o_1".
Reading "sky130_fd_sc_hd__a311o_2".
Reading "sky130_fd_sc_hd__a311o_4".
Reading "sky130_fd_sc_hd__a311oi_1".
Reading "sky130_fd_sc_hd__a311oi_2".
Reading "sky130_fd_sc_hd__a311oi_4".
Reading "sky130_fd_sc_hd__a2111o_1".
Reading "sky130_fd_sc_hd__a2111o_2".
Reading "sky130_fd_sc_hd__a2111o_4".
Reading "sky130_fd_sc_hd__a2111oi_0".
Reading "sky130_fd_sc_hd__a2111oi_1".
CIF file read warning: Input off lambda grid by 2/5; snapped to grid.
Reading "sky130_fd_sc_hd__a2111oi_2".
Reading "sky130_fd_sc_hd__a2111oi_4".
Reading "sky130_fd_sc_hd__and2_0".
Reading "sky130_fd_sc_hd__and2_1".
Reading "sky130_fd_sc_hd__and2b_1".
Reading "sky130_fd_sc_hd__and2_4".
Reading "sky130_fd_sc_hd__and2_2".
Reading "sky130_fd_sc_hd__and2b_4".
Reading "sky130_fd_sc_hd__and2b_2".
Reading "sky130_fd_sc_hd__and3_4".
Reading "sky130_fd_sc_hd__and3_2".
Reading "sky130_fd_sc_hd__and3_1".
Reading "sky130_fd_sc_hd__and3b_2".
Reading "sky130_fd_sc_hd__and3b_1".
Reading "sky130_fd_sc_hd__and3b_4".
Reading "sky130_fd_sc_hd__and4_1".
Reading "sky130_fd_sc_hd__and4_2".
Reading "sky130_ef_sc_hd__decap_12".
Reading "sky130_ef_sc_hd__fill_4".
Reading "sky130_ef_sc_hd__fill_8".
Reading "sky130_ef_sc_hd__fill_12".
Reading "sky130_fd_sc_hd__a2bb2o_1".
Reading "sky130_fd_sc_hd__a2bb2o_2".
Reading "sky130_fd_sc_hd__a2bb2o_4".
Reading "sky130_fd_sc_hd__a2bb2oi_1".
Reading "sky130_fd_sc_hd__a2bb2oi_2".
Reading "sky130_fd_sc_hd__a2bb2oi_4".
Reading "sky130_fd_sc_hd__a21bo_1".
Reading "sky130_fd_sc_hd__a21bo_2".
Reading "sky130_fd_sc_hd__a21bo_4".
Reading "sky130_fd_sc_hd__a21boi_0".
Reading "sky130_fd_sc_hd__a21boi_1".
Reading "sky130_fd_sc_hd__a21boi_2".
Reading "sky130_fd_sc_hd__a21boi_4".
Reading "sky130_fd_sc_hd__a21o_1".
Reading "sky130_fd_sc_hd__a21o_2".
Reading "sky130_fd_sc_hd__a22o_1".
Reading "sky130_fd_sc_hd__a21oi_4".
Reading "sky130_fd_sc_hd__a21oi_2".
Reading "sky130_fd_sc_hd__a22oi_2".
Reading "sky130_fd_sc_hd__a22oi_1".
Reading "sky130_fd_sc_hd__a22o_4".
Reading "sky130_fd_sc_hd__a22o_2".
Reading "sky130_fd_sc_hd__a22oi_4".
Reading "sky130_fd_sc_hd__a21oi_1".
Reading "sky130_fd_sc_hd__a21o_4".
Reading "sky130_fd_sc_hd__a31o_1".
Reading "sky130_fd_sc_hd__a31o_2".
Reading "sky130_fd_sc_hd__a31o_4".
Reading "sky130_fd_sc_hd__a31oi_1".
Reading "sky130_fd_sc_hd__a31oi_2".
Reading "sky130_fd_sc_hd__a31oi_4".
Reading "sky130_fd_sc_hd__a32o_1".
Reading "sky130_fd_sc_hd__a32o_2".
Reading "sky130_fd_sc_hd__a32o_4".
Cell (REFRESHLAYOUT?) couldn't be read
No such file or directory
Creating new cell
> def read /home/hien/openlane2/designs/highspeed_pipelined_multiplier/runs/opti_2/52-odb-cellfrequencytables/pipelined_mult.def -noblockage -labels
Reading DEF data from file /home/hien/openlane2/designs/highspeed_pipelined_multiplier/runs/opti_2/52-odb-cellfrequencytables/pipelined_mult.def.
This action cannot be undone.
  Processed 4 vias total.
  Processed 23025 subcell instances total.
  Processed 132 pins total.
  Processed 2 special nets total.
  Processed 12299 nets total.
DEF read: Processed 244346 lines.
Moving label "_00027_" from metal1 to via1 in cell pipelined_mult.
Moving label "_00029_" from metal1 to via1 in cell pipelined_mult.
Moving label "_00091_" from metal1 to via1 in cell pipelined_mult.
Moving label "_00113_" from metal1 to via1 in cell pipelined_mult.
Moving label "_00120_" from metal1 to via1 in cell pipelined_mult.
Moving label "_00122_" from metal1 to via1 in cell pipelined_mult.
Moving label "_00124_" from metal2 to via2 in cell pipelined_mult.
Moving label "_00125_" from metal2 to via2 in cell pipelined_mult.
Moving label "_00127_" from metal2 to via2 in cell pipelined_mult.
Moving label "_00132_" from metal1 to via1 in cell pipelined_mult.
Moving label "_00148_" from metal1 to via1 in cell pipelined_mult.
Moving label "_00153_" from metal1 to via1 in cell pipelined_mult.
Moving label "_00188_" from metal2 to via2 in cell pipelined_mult.
Moving label "_00194_" from metal2 to via2 in cell pipelined_mult.
Moving label "_00199_" from metal3 to via3 in cell pipelined_mult.
Moving label "_00204_" from metal2 to via2 in cell pipelined_mult.
Moving label "_00220_" from metal1 to via1 in cell pipelined_mult.
Moving label "_00225_" from metal1 to via1 in cell pipelined_mult.
Moving label "_00247_" from metal1 to via1 in cell pipelined_mult.
Moving label "_00286_" from metal1 to via1 in cell pipelined_mult.
Moving label "_00298_" from metal2 to via2 in cell pipelined_mult.
Moving label "_00299_" from metal1 to via1 in cell pipelined_mult.
Moving label "_00301_" from metal2 to via2 in cell pipelined_mult.
Moving label "_00319_" from metal1 to viali in cell pipelined_mult.
Moving label "_00326_" from metal2 to via2 in cell pipelined_mult.
Moving label "_00334_" from metal1 to via1 in cell pipelined_mult.
Moving label "_00338_" from metal1 to via1 in cell pipelined_mult.
Moving label "_00343_" from metal1 to via1 in cell pipelined_mult.
Moving label "_00347_" from metal1 to via1 in cell pipelined_mult.
Moving label "_00349_" from metal3 to via3 in cell pipelined_mult.
Moving label "_00355_" from metal1 to via1 in cell pipelined_mult.
Moving label "_00359_" from metal1 to via1 in cell pipelined_mult.
Moving label "_00360_" from metal1 to via1 in cell pipelined_mult.
Moving label "_00368_" from metal1 to via1 in cell pipelined_mult.
Moving label "_00369_" from metal1 to via1 in cell pipelined_mult.
Moving label "_00394_" from metal2 to via2 in cell pipelined_mult.
Moving label "_00402_" from metal2 to via2 in cell pipelined_mult.
Moving label "_00418_" from metal2 to via2 in cell pipelined_mult.
Moving label "_00420_" from metal2 to via2 in cell pipelined_mult.
Moving label "_00421_" from metal2 to via2 in cell pipelined_mult.
Moving label "_00422_" from metal2 to via2 in cell pipelined_mult.
Moving label "_00428_" from metal2 to via2 in cell pipelined_mult.
Moving label "_00430_" from metal2 to via2 in cell pipelined_mult.
Moving label "_00434_" from metal2 to via2 in cell pipelined_mult.
Moving label "_00436_" from metal2 to via2 in cell pipelined_mult.
Moving label "_00437_" from metal2 to via2 in cell pipelined_mult.
Moving label "_00439_" from metal3 to via3 in cell pipelined_mult.
Moving label "_00440_" from metal2 to via2 in cell pipelined_mult.
Moving label "_00441_" from metal2 to via2 in cell pipelined_mult.
Moving label "_00442_" from metal2 to via2 in cell pipelined_mult.
Moving label "_00443_" from metal2 to via2 in cell pipelined_mult.
Moving label "_00444_" from metal2 to via2 in cell pipelined_mult.
Moving label "_00447_" from metal2 to via2 in cell pipelined_mult.
Moving label "_00486_" from metal1 to via1 in cell pipelined_mult.
Moving label "_00550_" from metal1 to via1 in cell pipelined_mult.
Moving label "_00575_" from metal1 to viali in cell pipelined_mult.
Moving label "_00640_" from metal2 to via1 in cell pipelined_mult.
Moving label "_00653_" from metal2 to via2 in cell pipelined_mult.
Moving label "_00655_" from metal1 to via1 in cell pipelined_mult.
Moving label "_00661_" from metal1 to viali in cell pipelined_mult.
Moving label "_00827_" from metal1 to via1 in cell pipelined_mult.
Moving label "_00846_" from metal1 to viali in cell pipelined_mult.
Moving label "_00866_" from metal2 to via1 in cell pipelined_mult.
Moving label "_00889_" from metal1 to viali in cell pipelined_mult.
Moving label "_00922_" from metal2 to via1 in cell pipelined_mult.
Moving label "_00976_" from metal2 to via2 in cell pipelined_mult.
Moving label "_01021_" from metal1 to via1 in cell pipelined_mult.
Moving label "_01039_" from metal1 to viali in cell pipelined_mult.
Moving label "_01084_" from metal1 to via1 in cell pipelined_mult.
Moving label "_01148_" from metal2 to via2 in cell pipelined_mult.
Moving label "_01343_" from metal2 to via1 in cell pipelined_mult.
Moving label "_01360_" from metal1 to viali in cell pipelined_mult.
Moving label "_01448_" from metal1 to viali in cell pipelined_mult.
Moving label "_01480_" from metal1 to via1 in cell pipelined_mult.
Moving label "_01588_" from metal2 to via2 in cell pipelined_mult.
Moving label "_01639_" from metal2 to via2 in cell pipelined_mult.
Moving label "_01665_" from metal1 to viali in cell pipelined_mult.
Moving label "_01728_" from metal2 to via2 in cell pipelined_mult.
Moving label "_01785_" from metal1 to via1 in cell pipelined_mult.
Moving label "_01856_" from metal2 to via2 in cell pipelined_mult.
Moving label "_01880_" from metal1 to via1 in cell pipelined_mult.
Moving label "_01988_" from metal2 to via1 in cell pipelined_mult.
Moving label "_02027_" from metal2 to via1 in cell pipelined_mult.
Moving label "_02202_" from metal1 to via1 in cell pipelined_mult.
Moving label "_02271_" from metal2 to via2 in cell pipelined_mult.
Moving label "_02345_" from metal1 to viali in cell pipelined_mult.
Moving label "_02374_" from metal1 to viali in cell pipelined_mult.
Moving label "_02385_" from metal2 to via2 in cell pipelined_mult.
Moving label "_02424_" from metal2 to via2 in cell pipelined_mult.
Moving label "_02455_" from metal2 to via1 in cell pipelined_mult.
Moving label "_02501_" from metal2 to via1 in cell pipelined_mult.
Moving label "_02547_" from metal2 to via2 in cell pipelined_mult.
Moving label "_02592_" from metal2 to via1 in cell pipelined_mult.
Moving label "_02633_" from metal1 to via1 in cell pipelined_mult.
Moving label "_02764_" from metal2 to via2 in cell pipelined_mult.
Moving label "_02848_" from metal2 to via2 in cell pipelined_mult.
Moving label "_02965_" from metal1 to via1 in cell pipelined_mult.
Moving label "_03001_" from metal2 to via2 in cell pipelined_mult.
Moving label "_03116_" from metal1 to via1 in cell pipelined_mult.
Moving label "_03142_" from metal1 to via1 in cell pipelined_mult.
Moving label "_03209_" from metal1 to via1 in cell pipelined_mult.
Moving label "_03337_" from metal1 to viali in cell pipelined_mult.
Moving label "_03465_" from metal1 to via1 in cell pipelined_mult.
Moving label "_03588_" from metal1 to viali in cell pipelined_mult.
Moving label "_03622_" from metal1 to via1 in cell pipelined_mult.
Moving label "_03789_" from metal3 to via3 in cell pipelined_mult.
Moving label "_03797_" from metal2 to via1 in cell pipelined_mult.
Moving label "_03810_" from metal1 to viali in cell pipelined_mult.
Moving label "_03824_" from metal2 to via2 in cell pipelined_mult.
Moving label "_03943_" from metal1 to via1 in cell pipelined_mult.
Moving label "_03978_" from metal1 to viali in cell pipelined_mult.
Moving label "_04094_" from metal2 to via1 in cell pipelined_mult.
Moving label "_04137_" from metal1 to viali in cell pipelined_mult.
Moving label "_04144_" from metal1 to via1 in cell pipelined_mult.
Moving label "_04185_" from metal2 to via2 in cell pipelined_mult.
Moving label "_04237_" from metal1 to viali in cell pipelined_mult.
Moving label "_04271_" from metal2 to via2 in cell pipelined_mult.
Moving label "_04451_" from metal2 to via2 in cell pipelined_mult.
Moving label "_04482_" from metal1 to via1 in cell pipelined_mult.
Moving label "_04518_" from metal2 to via2 in cell pipelined_mult.
Moving label "_04581_" from metal2 to via1 in cell pipelined_mult.
Moving label "_04675_" from metal1 to via1 in cell pipelined_mult.
Moving label "_04722_" from metal2 to via2 in cell pipelined_mult.
Moving label "_04769_" from metal1 to viali in cell pipelined_mult.
Moving label "_04923_" from metal1 to viali in cell pipelined_mult.
Moving label "_05086_" from metal2 to via2 in cell pipelined_mult.
Moving label "_05123_" from metal2 to via2 in cell pipelined_mult.
Moving label "_05210_" from metal1 to via1 in cell pipelined_mult.
Moving label "_05260_" from metal2 to via2 in cell pipelined_mult.
Moving label "_05315_" from metal1 to via1 in cell pipelined_mult.
Moving label "_05322_" from metal2 to via2 in cell pipelined_mult.
Moving label "_05330_" from metal2 to via1 in cell pipelined_mult.
Moving label "_05354_" from metal2 to via2 in cell pipelined_mult.
Moving label "_05387_" from metal1 to via1 in cell pipelined_mult.
Moving label "_05465_" from metal2 to via2 in cell pipelined_mult.
Moving label "_05516_" from metal2 to via1 in cell pipelined_mult.
Moving label "_05550_" from metal2 to via2 in cell pipelined_mult.
Moving label "_05611_" from metal2 to via2 in cell pipelined_mult.
Moving label "_05636_" from metal2 to via1 in cell pipelined_mult.
Moving label "_05676_" from metal1 to viali in cell pipelined_mult.
Moving label "_05679_" from metal2 to via2 in cell pipelined_mult.
Moving label "_05764_" from metal2 to via2 in cell pipelined_mult.
Moving label "_05767_" from metal2 to via2 in cell pipelined_mult.
Moving label "_05805_" from metal1 to via1 in cell pipelined_mult.
Moving label "_05899_" from metal1 to viali in cell pipelined_mult.
Moving label "_05928_" from metal2 to via2 in cell pipelined_mult.
Moving label "_06014_" from metal1 to via1 in cell pipelined_mult.
Moving label "_06037_" from metal2 to via1 in cell pipelined_mult.
Moving label "_06075_" from metal1 to via1 in cell pipelined_mult.
Moving label "_06077_" from metal1 to viali in cell pipelined_mult.
Moving label "_06141_" from metal1 to viali in cell pipelined_mult.
Moving label "_06176_" from metal1 to via1 in cell pipelined_mult.
Moving label "_06185_" from metal1 to via1 in cell pipelined_mult.
Moving label "_06221_" from metal2 to via2 in cell pipelined_mult.
Moving label "_06288_" from metal2 to via2 in cell pipelined_mult.
Moving label "_06407_" from metal2 to via2 in cell pipelined_mult.
Moving label "_06414_" from metal2 to via1 in cell pipelined_mult.
Moving label "_06429_" from metal1 to via1 in cell pipelined_mult.
Moving label "_06441_" from metal3 to via3 in cell pipelined_mult.
Moving label "_06458_" from metal2 to via2 in cell pipelined_mult.
Moving label "_06465_" from metal1 to viali in cell pipelined_mult.
Moving label "_06480_" from metal2 to via2 in cell pipelined_mult.
Moving label "_06499_" from metal2 to via1 in cell pipelined_mult.
Moving label "_06507_" from metal1 to via1 in cell pipelined_mult.
Moving label "_06521_" from metal2 to via1 in cell pipelined_mult.
Moving label "_06561_" from metal1 to viali in cell pipelined_mult.
Moving label "_06611_" from metal2 to via1 in cell pipelined_mult.
Moving label "_06678_" from metal2 to via2 in cell pipelined_mult.
Moving label "_06682_" from metal1 to via1 in cell pipelined_mult.
Moving label "_06757_" from metal2 to via2 in cell pipelined_mult.
Moving label "_06761_" from metal2 to via2 in cell pipelined_mult.
Moving label "_06790_" from metal2 to via2 in cell pipelined_mult.
Moving label "_06832_" from metal2 to via2 in cell pipelined_mult.
Moving label "_06845_" from metal3 to via3 in cell pipelined_mult.
Moving label "_06849_" from metal2 to via2 in cell pipelined_mult.
Moving label "_06884_" from metal1 to via1 in cell pipelined_mult.
Moving label "_06944_" from metal1 to via1 in cell pipelined_mult.
Moving label "_07000_" from metal1 to via1 in cell pipelined_mult.
Moving label "_07002_" from metal1 to via1 in cell pipelined_mult.
Moving label "_07004_" from metal1 to via1 in cell pipelined_mult.
Moving label "_07032_" from metal1 to viali in cell pipelined_mult.
Moving label "_07047_" from metal1 to via1 in cell pipelined_mult.
Moving label "_07054_" from metal2 to via2 in cell pipelined_mult.
Moving label "_07194_" from metal1 to via1 in cell pipelined_mult.
Moving label "_07425_" from metal1 to via1 in cell pipelined_mult.
Moving label "_07437_" from metal1 to viali in cell pipelined_mult.
Moving label "_07483_" from metal1 to viali in cell pipelined_mult.
Moving label "_07589_" from metal2 to via2 in cell pipelined_mult.
Moving label "_07607_" from metal2 to via1 in cell pipelined_mult.
Moving label "_07610_" from metal2 to via2 in cell pipelined_mult.
Moving label "_07631_" from metal1 to viali in cell pipelined_mult.
Moving label "_07745_" from metal2 to via1 in cell pipelined_mult.
Moving label "_07762_" from metal2 to via2 in cell pipelined_mult.
Moving label "_07767_" from metal2 to via2 in cell pipelined_mult.
Moving label "_07772_" from metal2 to via2 in cell pipelined_mult.
Moving label "_07802_" from metal2 to via2 in cell pipelined_mult.
Moving label "_07811_" from metal1 to via1 in cell pipelined_mult.
Moving label "_07854_" from metal1 to via1 in cell pipelined_mult.
Moving label "_07874_" from metal2 to via1 in cell pipelined_mult.
Moving label "_07900_" from metal2 to via2 in cell pipelined_mult.
Moving label "_08057_" from metal1 to via1 in cell pipelined_mult.
Moving label "_08123_" from metal2 to via1 in cell pipelined_mult.
Moving label "_08139_" from metal2 to via2 in cell pipelined_mult.
Moving label "_08258_" from metal2 to via1 in cell pipelined_mult.
Moving label "_08271_" from metal1 to via1 in cell pipelined_mult.
Moving label "_08340_" from metal2 to via1 in cell pipelined_mult.
Moving label "_08362_" from metal2 to via2 in cell pipelined_mult.
Moving label "_08419_" from metal2 to via1 in cell pipelined_mult.
Moving label "_08445_" from metal2 to via2 in cell pipelined_mult.
Moving label "_08486_" from metal1 to via1 in cell pipelined_mult.
Moving label "_08493_" from metal2 to via2 in cell pipelined_mult.
Moving label "_08538_" from metal1 to viali in cell pipelined_mult.
Moving label "_08721_" from metal1 to viali in cell pipelined_mult.
Moving label "_08741_" from metal1 to viali in cell pipelined_mult.
Moving label "_08757_" from metal2 to via2 in cell pipelined_mult.
Moving label "_08777_" from metal1 to viali in cell pipelined_mult.
Moving label "_08853_" from metal2 to via1 in cell pipelined_mult.
Moving label "_08863_" from metal1 to viali in cell pipelined_mult.
Moving label "_08864_" from metal2 to via2 in cell pipelined_mult.
Moving label "_08909_" from metal2 to via2 in cell pipelined_mult.
Moving label "_08913_" from metal1 to via1 in cell pipelined_mult.
Moving label "_08942_" from metal1 to via1 in cell pipelined_mult.
Moving label "_09037_" from metal1 to viali in cell pipelined_mult.
Moving label "_09102_" from metal2 to via2 in cell pipelined_mult.
Moving label "_09110_" from metal1 to via1 in cell pipelined_mult.
Moving label "_09177_" from metal2 to via2 in cell pipelined_mult.
Moving label "_09202_" from metal2 to via1 in cell pipelined_mult.
Moving label "_09210_" from metal2 to via2 in cell pipelined_mult.
Moving label "_09325_" from metal2 to via2 in cell pipelined_mult.
Moving label "_09362_" from metal2 to via2 in cell pipelined_mult.
Moving label "_09379_" from metal1 to viali in cell pipelined_mult.
Moving label "_09417_" from metal2 to via2 in cell pipelined_mult.
Moving label "_09433_" from metal1 to viali in cell pipelined_mult.
Moving label "_09449_" from metal2 to via2 in cell pipelined_mult.
Moving label "_09851_" from metal1 to viali in cell pipelined_mult.
Moving label "_09854_" from metal2 to via2 in cell pipelined_mult.
Moving label "_09871_" from metal2 to via2 in cell pipelined_mult.
Moving label "_10008_" from metal2 to via2 in cell pipelined_mult.
Moving label "_10047_" from metal1 to via1 in cell pipelined_mult.
Moving label "_10075_" from metal2 to via2 in cell pipelined_mult.
Moving label "_10085_" from metal1 to viali in cell pipelined_mult.
Moving label "_10121_" from metal2 to via1 in cell pipelined_mult.
Moving label "_10150_" from metal2 to via2 in cell pipelined_mult.
Moving label "a_h\[6\]" from metal2 to via2 in cell pipelined_mult.
Moving label "a_l\[11\]" from metal2 to via2 in cell pipelined_mult.
Moving label "a_l\[1\]" from metal2 to via2 in cell pipelined_mult.
Moving label "b_h\[9\]" from metal1 to via1 in cell pipelined_mult.
Moving label "clk" from metal2 to via2 in cell pipelined_mult.
Moving label "clknet_3_5__leaf_clk" from metal2 to via2 in cell pipelined_mult.
Moving label "mid_sum\[29\]" from metal2 to via2 in cell pipelined_mult.
Moving label "mid_sum\[30\]" from metal2 to via2 in cell pipelined_mult.
Moving label "net1008" from metal2 to via2 in cell pipelined_mult.
Moving label "net1019" from metal1 to via1 in cell pipelined_mult.
Moving label "net104" from metal2 to via2 in cell pipelined_mult.
Moving label "net1072" from metal2 to via2 in cell pipelined_mult.
Moving label "net1076" from metal2 to via2 in cell pipelined_mult.
Moving label "net1319" from metal2 to via2 in cell pipelined_mult.
Moving label "net1320" from metal3 to via3 in cell pipelined_mult.
Moving label "net1337" from metal2 to via2 in cell pipelined_mult.
Moving label "net1367" from metal2 to via2 in cell pipelined_mult.
Moving label "net1394" from metal1 to via1 in cell pipelined_mult.
Moving label "net1401" from metal1 to viali in cell pipelined_mult.
Moving label "net1403" from metal1 to via1 in cell pipelined_mult.
Moving label "net1407" from metal2 to via2 in cell pipelined_mult.
Moving label "net1412" from metal2 to via1 in cell pipelined_mult.
Moving label "net1413" from metal1 to via1 in cell pipelined_mult.
Moving label "net1414" from metal2 to via2 in cell pipelined_mult.
Moving label "net1422" from metal2 to via2 in cell pipelined_mult.
Moving label "net1425" from metal1 to via1 in cell pipelined_mult.
Moving label "net144" from metal1 to via1 in cell pipelined_mult.
Moving label "net1447" from metal3 to via3 in cell pipelined_mult.
Moving label "net1454" from metal1 to via1 in cell pipelined_mult.
Moving label "net1480" from metal1 to via1 in cell pipelined_mult.
Moving label "net1481" from metal1 to via1 in cell pipelined_mult.
Moving label "net1501" from metal1 to via1 in cell pipelined_mult.
Moving label "net1524" from metal1 to via1 in cell pipelined_mult.
Moving label "net1526" from metal1 to via1 in cell pipelined_mult.
Moving label "net1530" from metal1 to viali in cell pipelined_mult.
Moving label "net1533" from metal1 to via1 in cell pipelined_mult.
Moving label "net1543" from metal1 to via1 in cell pipelined_mult.
Moving label "net1560" from metal3 to via3 in cell pipelined_mult.
Moving label "net1562" from metal2 to via2 in cell pipelined_mult.
Moving label "net1564" from metal2 to via2 in cell pipelined_mult.
Moving label "net286" from metal1 to via1 in cell pipelined_mult.
Moving label "net406" from metal1 to via1 in cell pipelined_mult.
Moving label "net428" from metal2 to via2 in cell pipelined_mult.
Moving label "net445" from metal1 to via1 in cell pipelined_mult.
Moving label "net455" from metal2 to via2 in cell pipelined_mult.
Moving label "net458" from metal1 to via1 in cell pipelined_mult.
Moving label "net499" from metal2 to via2 in cell pipelined_mult.
Moving label "net514" from metal2 to via2 in cell pipelined_mult.
Moving label "net542" from metal2 to via2 in cell pipelined_mult.
Moving label "net553" from metal3 to via3 in cell pipelined_mult.
Moving label "net587" from metal1 to via1 in cell pipelined_mult.
Moving label "net628" from metal2 to via2 in cell pipelined_mult.
Moving label "net633" from metal1 to via1 in cell pipelined_mult.
Moving label "net641" from metal2 to via2 in cell pipelined_mult.
Moving label "net65" from metal2 to via2 in cell pipelined_mult.
Moving label "net662" from metal2 to via2 in cell pipelined_mult.
Moving label "net719" from metal2 to via1 in cell pipelined_mult.
Moving label "net767" from metal1 to via1 in cell pipelined_mult.
Moving label "net798" from metal2 to via2 in cell pipelined_mult.
Moving label "net858" from metal1 to via1 in cell pipelined_mult.
Moving label "net885" from metal2 to via2 in cell pipelined_mult.
Moving label "net912" from metal1 to viali in cell pipelined_mult.
Moving label "net919" from metal3 to via3 in cell pipelined_mult.
Moving label "net964" from metal2 to via2 in cell pipelined_mult.
Moving label "p[19]" from metal2 to via2 in cell pipelined_mult.
Moving label "p[21]" from metal2 to via2 in cell pipelined_mult.
Moving label "p[31]" from metal2 to via2 in cell pipelined_mult.
Moving label "p[9]" from metal2 to via2 in cell pipelined_mult.
Moving label "p_hh\[21\]" from metal2 to via2 in cell pipelined_mult.
Moving label "p_hh\[28\]" from metal3 to via3 in cell pipelined_mult.
Moving label "p_hh\[29\]" from metal2 to via2 in cell pipelined_mult.
Moving label "p_hl\[10\]" from metal2 to via2 in cell pipelined_mult.
Moving label "p_hl\[18\]" from metal2 to via2 in cell pipelined_mult.
Moving label "p_hl\[1\]" from metal2 to via2 in cell pipelined_mult.
Moving label "p_hl\[25\]" from metal2 to via2 in cell pipelined_mult.
Moving label "p_hl\[2\]" from metal2 to via2 in cell pipelined_mult.
Moving label "p_hl\[30\]" from metal2 to via2 in cell pipelined_mult.
Moving label "p_hl\[6\]" from metal2 to via2 in cell pipelined_mult.
Moving label "p_hl\[7\]" from metal2 to via2 in cell pipelined_mult.
Moving label "p_ll\[27\]" from metal2 to via2 in cell pipelined_mult.
[INFO] Ignoring 'VPWR VGND'
[INFO] Writing abstract LEF…
[INFO] Not specifiying -pinonly (nets connected to pins on the same layer are declared as part of the pin)…
Generating LEF output /home/hien/openlane2/designs/highspeed_pipelined_multiplier/runs/opti_2/58-magic-writelef/pipelined_mult.lef for cell pipelined_mult:
Diagnostic:  Write LEF header for cell pipelined_mult
Diagnostic:  Writing LEF output for cell pipelined_mult
Diagnostic:  Scale value is 0.005000
[INFO] LEF Write Complete.
Using technology "sky130A", version 1.0.493-0-g0fe599b
