Clock: clk
Sources: clk 
Generated: no
Virtual: yes
Propagated: no
Period: 10.000000

===========================================================================
report_clock_properties
============================================================================
Clock                   Period          Waveform
----------------------------------------------------
clk                  10.000000    0.000000  5.000000

===========================================================================
report_clock_latency
============================================================================
Clock clk
rise -> rise
    min     max
0.000000 0.000000 source latency
2.167053         network latency _20664_/CLK
        2.262899 network latency _20401_/CLK
---------------
2.167053 2.262899 latency
        0.095847 skew

fall -> fall
    min     max
0.000000 0.000000 source latency
0.908823         network latency _20664_/CLK
        0.997252 network latency _20401_/CLK
---------------
0.908823 0.997252 latency
        0.088429 skew



===========================================================================
report_clock_min_period
============================================================================
clk period_min = 8.92 fmax = 112.14
