
===========================================================================
report_checks -unconstrained
===========================================================================
======================= nom_ff_n40C_1v95 Corner ===================================

Startpoint: _1045_ (rising edge-triggered flip-flop clocked by clk)
Endpoint: i_add (rising edge-triggered flip-flop clocked by clk)
Path Group: clk
Path Type: max

Fanout         Cap        Slew       Delay        Time   Description
---------------------------------------------------------------------------------------------
                      0.000000    0.000000    0.000000   clock clk (rise edge)
                                  0.000000    0.000000   clock network delay (ideal)
                      0.000000    0.000000    0.000000 ^ _1045_/CLK (sky130_fd_sc_hd__dfxtp_2)
     1    0.005000    0.021450    0.186902    0.186902 v _1045_/Q (sky130_fd_sc_hd__dfxtp_2)
                                                         term_mid[18] (net)
                      0.021450    0.000000    0.186902 v i_add/in2[18] (add3x64)
                                              0.186902   data arrival time

                      0.000000   10.000000   10.000000   clock clk (rise edge)
                                  0.000000   10.000000   clock network delay (ideal)
                                 -1.500000    8.500000   clock uncertainty
                                  0.000000    8.500000   clock reconvergence pessimism
                                              8.500000 ^ i_add/clk (add3x64)
                                 -6.349880    2.150120   library setup time
                                              2.150120   data required time
---------------------------------------------------------------------------------------------
                                              2.150120   data required time
                                             -0.186902   data arrival time
---------------------------------------------------------------------------------------------
                                              1.963218   slack (MET)




===========================================================================
report_checks --slack_max -0.01
============================================================================
======================= nom_ff_n40C_1v95 Corner ===================================

No paths found.


===========================================================================
 report_check_types -max_slew -max_cap -max_fanout -violators
============================================================================
======================= nom_ff_n40C_1v95 Corner ===================================

max slew

Pin                                        Limit        Slew       Slack
------------------------------------------------------------------------
_0541_/Y                                0.500000    0.992353   -0.492353 (VIOLATED)
_0542_/A                                0.500000    0.992353   -0.492353 (VIOLATED)
_0543_/A                                0.500000    0.992353   -0.492353 (VIOLATED)
_0544_/A                                0.500000    0.992353   -0.492353 (VIOLATED)
_0545_/A                                0.500000    0.992353   -0.492353 (VIOLATED)
_0546_/A                                0.500000    0.992353   -0.492353 (VIOLATED)
_0547_/A                                0.500000    0.992353   -0.492353 (VIOLATED)
_0548_/A                                0.500000    0.992353   -0.492353 (VIOLATED)
_0549_/A                                0.500000    0.992353   -0.492353 (VIOLATED)
_0550_/A                                0.500000    0.992353   -0.492353 (VIOLATED)
_0551_/A                                0.500000    0.992353   -0.492353 (VIOLATED)
_0552_/A                                0.500000    0.992353   -0.492353 (VIOLATED)
_0553_/A                                0.500000    0.992353   -0.492353 (VIOLATED)
_0554_/A                                0.500000    0.992353   -0.492353 (VIOLATED)
_0555_/A                                0.500000    0.992353   -0.492353 (VIOLATED)
_0556_/A                                0.500000    0.992353   -0.492353 (VIOLATED)
_0557_/A                                0.500000    0.992353   -0.492353 (VIOLATED)
_0558_/A                                0.500000    0.992353   -0.492353 (VIOLATED)
_0559_/A                                0.500000    0.992353   -0.492353 (VIOLATED)
_0560_/A                                0.500000    0.992353   -0.492353 (VIOLATED)
_0561_/A                                0.500000    0.992353   -0.492353 (VIOLATED)
_0562_/A                                0.500000    0.992353   -0.492353 (VIOLATED)
_0563_/A                                0.500000    0.992353   -0.492353 (VIOLATED)
_0564_/A                                0.500000    0.992353   -0.492353 (VIOLATED)
_0565_/A                                0.500000    0.992353   -0.492353 (VIOLATED)
_0566_/A                                0.500000    0.992353   -0.492353 (VIOLATED)
_0567_/A                                0.500000    0.992353   -0.492353 (VIOLATED)
_0568_/A                                0.500000    0.992353   -0.492353 (VIOLATED)
_0569_/A                                0.500000    0.992353   -0.492353 (VIOLATED)
_0570_/A                                0.500000    0.992353   -0.492353 (VIOLATED)
_0571_/A                                0.500000    0.992353   -0.492353 (VIOLATED)
_0572_/A                                0.500000    0.992353   -0.492353 (VIOLATED)
_0573_/A                                0.500000    0.992353   -0.492353 (VIOLATED)
_0574_/A                                0.500000    0.992353   -0.492353 (VIOLATED)
_0575_/A                                0.500000    0.992353   -0.492353 (VIOLATED)
_0576_/A                                0.500000    0.992353   -0.492353 (VIOLATED)
_0577_/A                                0.500000    0.992353   -0.492353 (VIOLATED)
_0578_/A                                0.500000    0.992353   -0.492353 (VIOLATED)
_0579_/A                                0.500000    0.992353   -0.492353 (VIOLATED)
_0580_/A                                0.500000    0.992353   -0.492353 (VIOLATED)
_0581_/A                                0.500000    0.992353   -0.492353 (VIOLATED)
_0582_/A                                0.500000    0.992353   -0.492353 (VIOLATED)
_0583_/A                                0.500000    0.992353   -0.492353 (VIOLATED)
_0584_/A                                0.500000    0.992353   -0.492353 (VIOLATED)
_0585_/A                                0.500000    0.992353   -0.492353 (VIOLATED)
_0586_/A                                0.500000    0.992353   -0.492353 (VIOLATED)
_0587_/A                                0.500000    0.992353   -0.492353 (VIOLATED)
_0588_/A                                0.500000    0.992353   -0.492353 (VIOLATED)
_0589_/A                                0.500000    0.992353   -0.492353 (VIOLATED)
_0590_/A                                0.500000    0.992353   -0.492353 (VIOLATED)
_0591_/A                                0.500000    0.992353   -0.492353 (VIOLATED)
_0592_/A                                0.500000    0.992353   -0.492353 (VIOLATED)
_0593_/A                                0.500000    0.992353   -0.492353 (VIOLATED)
_0594_/A                                0.500000    0.992353   -0.492353 (VIOLATED)
_0595_/A                                0.500000    0.992353   -0.492353 (VIOLATED)
_0596_/A                                0.500000    0.992353   -0.492353 (VIOLATED)
_0597_/A                                0.500000    0.992353   -0.492353 (VIOLATED)
_0598_/A                                0.500000    0.992353   -0.492353 (VIOLATED)
_0599_/A                                0.500000    0.992353   -0.492353 (VIOLATED)
_0600_/A                                0.500000    0.992353   -0.492353 (VIOLATED)
_0601_/A                                0.500000    0.992353   -0.492353 (VIOLATED)
_0602_/A                                0.500000    0.992353   -0.492353 (VIOLATED)
_0603_/A                                0.500000    0.992353   -0.492353 (VIOLATED)
_0604_/A                                0.500000    0.992353   -0.492353 (VIOLATED)
_0605_/A                                0.500000    0.992353   -0.492353 (VIOLATED)
_0606_/A                                0.500000    0.992353   -0.492353 (VIOLATED)
_0607_/A                                0.500000    0.992353   -0.492353 (VIOLATED)
_0608_/A                                0.500000    0.992353   -0.492353 (VIOLATED)
_0609_/A                                0.500000    0.992353   -0.492353 (VIOLATED)
_0610_/A                                0.500000    0.992353   -0.492353 (VIOLATED)
_0611_/A                                0.500000    0.992353   -0.492353 (VIOLATED)
_0612_/A                                0.500000    0.992353   -0.492353 (VIOLATED)
_0613_/A                                0.500000    0.992353   -0.492353 (VIOLATED)
_0614_/A                                0.500000    0.992353   -0.492353 (VIOLATED)
_0615_/A                                0.500000    0.992353   -0.492353 (VIOLATED)
_0616_/A                                0.500000    0.992353   -0.492353 (VIOLATED)
_0617_/A                                0.500000    0.992353   -0.492353 (VIOLATED)
_0618_/A                                0.500000    0.992353   -0.492353 (VIOLATED)
_0619_/A                                0.500000    0.992353   -0.492353 (VIOLATED)
_0620_/A                                0.500000    0.992353   -0.492353 (VIOLATED)
_0621_/A                                0.500000    0.992353   -0.492353 (VIOLATED)
_0622_/A                                0.500000    0.992353   -0.492353 (VIOLATED)
_0623_/A                                0.500000    0.992353   -0.492353 (VIOLATED)
_0624_/A                                0.500000    0.992353   -0.492353 (VIOLATED)
_0625_/A                                0.500000    0.992353   -0.492353 (VIOLATED)
_0626_/A                                0.500000    0.992353   -0.492353 (VIOLATED)
_0627_/A                                0.500000    0.992353   -0.492353 (VIOLATED)
_0628_/A                                0.500000    0.992353   -0.492353 (VIOLATED)
_0629_/A                                0.500000    0.992353   -0.492353 (VIOLATED)
_0630_/A                                0.500000    0.992353   -0.492353 (VIOLATED)
_0631_/A                                0.500000    0.992353   -0.492353 (VIOLATED)
_0632_/A                                0.500000    0.992353   -0.492353 (VIOLATED)
_0633_/A                                0.500000    0.992353   -0.492353 (VIOLATED)
_0634_/A                                0.500000    0.992353   -0.492353 (VIOLATED)
_0635_/A                                0.500000    0.992353   -0.492353 (VIOLATED)
_0636_/A                                0.500000    0.992353   -0.492353 (VIOLATED)
_0637_/A                                0.500000    0.992353   -0.492353 (VIOLATED)
_0638_/A                                0.500000    0.992353   -0.492353 (VIOLATED)
_0639_/A                                0.500000    0.992353   -0.492353 (VIOLATED)
_0640_/A                                0.500000    0.992353   -0.492353 (VIOLATED)
_0641_/A                                0.500000    0.992353   -0.492353 (VIOLATED)
_0642_/A                                0.500000    0.992353   -0.492353 (VIOLATED)
_0643_/A                                0.500000    0.992353   -0.492353 (VIOLATED)
_0644_/A                                0.500000    0.992353   -0.492353 (VIOLATED)
_0645_/A                                0.500000    0.992353   -0.492353 (VIOLATED)
_0646_/A                                0.500000    0.992353   -0.492353 (VIOLATED)
_0647_/A                                0.500000    0.992353   -0.492353 (VIOLATED)
_0648_/A                                0.500000    0.992353   -0.492353 (VIOLATED)
_0649_/A                                0.500000    0.992353   -0.492353 (VIOLATED)
_0650_/A                                0.500000    0.992353   -0.492353 (VIOLATED)
_0651_/A                                0.500000    0.992353   -0.492353 (VIOLATED)
_0652_/A                                0.500000    0.992353   -0.492353 (VIOLATED)
_0653_/A                                0.500000    0.992353   -0.492353 (VIOLATED)
_0654_/A                                0.500000    0.992353   -0.492353 (VIOLATED)
_0655_/A                                0.500000    0.992353   -0.492353 (VIOLATED)
_0656_/A                                0.500000    0.992353   -0.492353 (VIOLATED)
_0657_/A                                0.500000    0.992353   -0.492353 (VIOLATED)
_0658_/A                                0.500000    0.992353   -0.492353 (VIOLATED)
_0659_/A                                0.500000    0.992353   -0.492353 (VIOLATED)
_0660_/A                                0.500000    0.992353   -0.492353 (VIOLATED)
_0661_/A                                0.500000    0.992353   -0.492353 (VIOLATED)
_0662_/A                                0.500000    0.992353   -0.492353 (VIOLATED)
_0663_/A                                0.500000    0.992353   -0.492353 (VIOLATED)
_0664_/A                                0.500000    0.992353   -0.492353 (VIOLATED)
_0665_/A                                0.500000    0.992353   -0.492353 (VIOLATED)
_0666_/A                                0.500000    0.992353   -0.492353 (VIOLATED)
_0667_/A                                0.500000    0.992353   -0.492353 (VIOLATED)
_0668_/A                                0.500000    0.992353   -0.492353 (VIOLATED)
_0669_/A                                0.500000    0.992353   -0.492353 (VIOLATED)
_0670_/A                                0.500000    0.992353   -0.492353 (VIOLATED)
_0678_/B1                               0.500000    0.992353   -0.492353 (VIOLATED)
_0686_/B1                               0.500000    0.992353   -0.492353 (VIOLATED)
_0700_/A                                0.500000    0.992353   -0.492353 (VIOLATED)
_0705_/A                                0.500000    0.992353   -0.492353 (VIOLATED)
_0732_/B1                               0.500000    0.992353   -0.492353 (VIOLATED)
_0793_/B1                               0.500000    0.992353   -0.492353 (VIOLATED)
_0812_/B1                               0.500000    0.992353   -0.492353 (VIOLATED)
_0819_/A                                0.500000    0.992353   -0.492353 (VIOLATED)
_0835_/B1                               0.500000    0.992353   -0.492353 (VIOLATED)
_0852_/B1                               0.500000    0.992353   -0.492353 (VIOLATED)
_0862_/A                                0.500000    0.992353   -0.492353 (VIOLATED)
_0868_/A                                0.500000    0.992353   -0.492353 (VIOLATED)
_0888_/A                                0.500000    0.992353   -0.492353 (VIOLATED)
_0896_/A                                0.500000    0.992353   -0.492353 (VIOLATED)
_0944_/A                                0.500000    0.992353   -0.492353 (VIOLATED)
_0947_/A                                0.500000    0.992353   -0.492353 (VIOLATED)
_0948_/A                                0.500000    0.992353   -0.492353 (VIOLATED)
_0949_/A                                0.500000    0.992353   -0.492353 (VIOLATED)
_0950_/A                                0.500000    0.992353   -0.492353 (VIOLATED)
_0951_/A                                0.500000    0.992353   -0.492353 (VIOLATED)
_0952_/A                                0.500000    0.992353   -0.492353 (VIOLATED)
_0953_/A                                0.500000    0.992353   -0.492353 (VIOLATED)
_0954_/A                                0.500000    0.992353   -0.492353 (VIOLATED)
_0955_/A                                0.500000    0.992353   -0.492353 (VIOLATED)
_0956_/A                                0.500000    0.992353   -0.492353 (VIOLATED)
_0957_/A                                0.500000    0.992353   -0.492353 (VIOLATED)
_0958_/A                                0.500000    0.992353   -0.492353 (VIOLATED)
_0959_/A                                0.500000    0.992353   -0.492353 (VIOLATED)
_0960_/A                                0.500000    0.992353   -0.492353 (VIOLATED)
_0961_/A                                0.500000    0.992353   -0.492353 (VIOLATED)
_0962_/A                                0.500000    0.992353   -0.492353 (VIOLATED)
_0963_/A                                0.500000    0.992353   -0.492353 (VIOLATED)
_0964_/A                                0.500000    0.992353   -0.492353 (VIOLATED)
_0965_/A                                0.500000    0.992353   -0.492353 (VIOLATED)
_0966_/A                                0.500000    0.992353   -0.492353 (VIOLATED)
_0967_/A                                0.500000    0.992353   -0.492353 (VIOLATED)
_0968_/A                                0.500000    0.992353   -0.492353 (VIOLATED)
_0969_/A                                0.500000    0.992353   -0.492353 (VIOLATED)
_0970_/A                                0.500000    0.992353   -0.492353 (VIOLATED)
_0971_/A                                0.500000    0.992353   -0.492353 (VIOLATED)
_0972_/A                                0.500000    0.992353   -0.492353 (VIOLATED)
_0973_/A                                0.500000    0.992353   -0.492353 (VIOLATED)
_0974_/A                                0.500000    0.992353   -0.492353 (VIOLATED)
_0975_/A                                0.500000    0.992353   -0.492353 (VIOLATED)
_0976_/A                                0.500000    0.992353   -0.492353 (VIOLATED)
_0977_/A                                0.500000    0.992353   -0.492353 (VIOLATED)
_0978_/A                                0.500000    0.992353   -0.492353 (VIOLATED)



===========================================================================
report_parasitic_annotation -report_unannotated
============================================================================
Found 1084 unannotated drivers.
 a[0]
 a[10]
 a[11]
 a[12]
 a[13]
 a[14]
 a[15]
 a[16]
 a[17]
 a[18]
 a[19]
 a[1]
 a[20]
 a[21]
 a[22]
 a[23]
 a[24]
 a[25]
 a[26]
 a[27]
 a[28]
 a[29]
 a[2]
 a[30]
 a[31]
 a[3]
 a[4]
 a[5]
 a[6]
 a[7]
 a[8]
 a[9]
 b[0]
 b[10]
 b[11]
 b[12]
 b[13]
 b[14]
 b[15]
 b[16]
 b[17]
 b[18]
 b[19]
 b[1]
 b[20]
 b[21]
 b[22]
 b[23]
 b[24]
 b[25]
 b[26]
 b[27]
 b[28]
 b[29]
 b[2]
 b[30]
 b[31]
 b[3]
 b[4]
 b[5]
 b[6]
 b[7]
 b[8]
 b[9]
 clk
 rst
 _0537_/Y
 _0538_/Y
 _0539_/Y
 _0540_/Y
 _0541_/Y
 _0542_/X
 _0543_/X
 _0544_/X
 _0545_/X
 _0546_/X
 _0547_/X
 _0548_/X
 _0549_/X
 _0550_/X
 _0551_/X
 _0552_/X
 _0553_/X
 _0554_/X
 _0555_/X
 _0556_/X
 _0557_/X
 _0558_/X
 _0559_/X
 _0560_/X
 _0561_/X
 _0562_/X
 _0563_/X
 _0564_/X
 _0565_/X
 _0566_/X
 _0567_/X
 _0568_/X
 _0569_/X
 _0570_/X
 _0571_/X
 _0572_/X
 _0573_/X
 _0574_/X
 _0575_/X
 _0576_/X
 _0577_/X
 _0578_/X
 _0579_/X
 _0580_/X
 _0581_/X
 _0582_/X
 _0583_/X
 _0584_/X
 _0585_/X
 _0586_/X
 _0587_/X
 _0588_/X
 _0589_/X
 _0590_/X
 _0591_/X
 _0592_/X
 _0593_/X
 _0594_/X
 _0595_/X
 _0596_/X
 _0597_/X
 _0598_/X
 _0599_/X
 _0600_/X
 _0601_/X
 _0602_/X
 _0603_/X
 _0604_/X
 _0605_/X
 _0606_/X
 _0607_/X
 _0608_/X
 _0609_/X
 _0610_/X
 _0611_/X
 _0612_/X
 _0613_/X
 _0614_/X
 _0615_/X
 _0616_/X
 _0617_/X
 _0618_/X
 _0619_/X
 _0620_/X
 _0621_/X
 _0622_/X
 _0623_/X
 _0624_/X
 _0625_/X
 _0626_/X
 _0627_/X
 _0628_/X
 _0629_/X
 _0630_/X
 _0631_/X
 _0632_/X
 _0633_/X
 _0634_/X
 _0635_/X
 _0636_/X
 _0637_/X
 _0638_/X
 _0639_/X
 _0640_/X
 _0641_/X
 _0642_/X
 _0643_/X
 _0644_/X
 _0645_/X
 _0646_/X
 _0647_/X
 _0648_/X
 _0649_/X
 _0650_/X
 _0651_/X
 _0652_/X
 _0653_/X
 _0654_/X
 _0655_/X
 _0656_/X
 _0657_/X
 _0658_/X
 _0659_/X
 _0660_/X
 _0661_/X
 _0662_/X
 _0663_/X
 _0664_/X
 _0665_/X
 _0666_/X
 _0667_/X
 _0668_/X
 _0669_/X
 _0670_/X
 _0671_/Y
 _0672_/X
 _0673_/X
 _0674_/Y
 _0675_/X
 _0676_/X
 _0677_/Y
 _0678_/X
 _0679_/X
 _0680_/Y
 _0681_/Y
 _0682_/Y
 _0683_/Y
 _0684_/Y
 _0685_/Y
 _0686_/X
 _0687_/X
 _0688_/Y
 _0689_/Y
 _0690_/X
 _0691_/Y
 _0692_/X
 _0693_/Y
 _0694_/X
 _0695_/Y
 _0696_/Y
 _0697_/Y
 _0698_/X
 _0699_/X
 _0700_/X
 _0701_/Y
 _0702_/X
 _0703_/Y
 _0704_/X
 _0705_/X
 _0706_/Y
 _0707_/Y
 _0708_/Y
 _0709_/X
 _0710_/Y
 _0711_/Y
 _0712_/Y
 _0713_/Y
 _0714_/Y
 _0715_/X
 _0716_/Y
 _0717_/Y
 _0718_/X
 _0719_/Y
 _0720_/X
 _0721_/Y
 _0722_/X
 _0723_/Y
 _0724_/Y
 _0725_/Y
 _0726_/Y
 _0727_/Y
 _0728_/X
 _0729_/Y
 _0730_/Y
 _0731_/Y
 _0732_/Y
 _0733_/Y
 _0734_/X
 _0735_/Y
 _0736_/Y
 _0737_/Y
 _0738_/Y
 _0739_/Y
 _0740_/X
 _0741_/Y
 _0742_/Y
 _0743_/X
 _0744_/Y
 _0745_/X
 _0746_/X
 _0747_/X
 _0748_/Y
 _0749_/X
 _0750_/Y
 _0751_/X
 _0752_/Y
 _0753_/Y
 _0754_/Y
 _0755_/Y
 _0756_/Y
 _0757_/X
 _0758_/Y
 _0759_/Y
 _0760_/Y
 _0761_/Y
 _0762_/X
 _0763_/Y
 _0764_/X
 _0765_/Y
 _0766_/Y
 _0767_/Y
 _0768_/Y
 _0769_/Y
 _0770_/X
 _0771_/X
 _0772_/Y
 _0773_/Y
 _0774_/Y
 _0775_/Y
 _0776_/Y
 _0777_/X
 _0778_/Y
 _0779_/Y
 _0780_/X
 _0781_/Y
 _0782_/Y
 _0783_/X
 _0784_/Y
 _0785_/X
 _0786_/Y
 _0787_/Y
 _0788_/X
 _0789_/Y
 _0790_/Y
 _0791_/Y
 _0792_/Y
 _0793_/Y
 _0794_/Y
 _0795_/Y
 _0796_/X
 _0797_/Y
 _0798_/Y
 _0799_/Y
 _0800_/Y
 _0801_/Y
 _0802_/Y
 _0803_/Y
 _0804_/Y
 _0805_/Y
 _0806_/Y
 _0807_/X
 _0808_/Y
 _0809_/Y
 _0810_/Y
 _0811_/X
 _0812_/X
 _0813_/X
 _0814_/Y
 _0815_/X
 _0816_/Y
 _0817_/X
 _0818_/Y
 _0819_/X
 _0820_/Y
 _0821_/X
 _0822_/Y
 _0823_/X
 _0824_/Y
 _0825_/X
 _0826_/Y
 _0827_/X
 _0828_/Y
 _0829_/X
 _0830_/Y
 _0831_/X
 _0832_/Y
 _0833_/Y
 _0834_/Y
 _0835_/X
 _0836_/X
 _0837_/Y
 _0838_/X
 _0839_/Y
 _0840_/Y
 _0841_/Y
 _0842_/X
 _0843_/Y
 _0844_/Y
 _0845_/Y
 _0846_/X
 _0847_/Y
 _0848_/X
 _0849_/Y
 _0850_/Y
 _0851_/X
 _0852_/Y
 _0853_/Y
 _0854_/Y
 _0855_/Y
 _0856_/X
 _0857_/Y
 _0858_/Y
 _0859_/Y
 _0860_/X
 _0861_/Y
 _0862_/X
 _0863_/Y
 _0864_/X
 _0865_/Y
 _0866_/Y
 _0867_/X
 _0868_/X
 _0869_/Y
 _0870_/X
 _0871_/X
 _0872_/Y
 _0873_/X
 _0874_/Y
 _0875_/Y
 _0876_/X
 _0877_/X
 _0878_/X
 _0879_/X
 _0880_/Y
 _0881_/X
 _0882_/Y
 _0883_/X
 _0884_/Y
 _0885_/X
 _0886_/X
 _0887_/Y
 _0888_/X
 _0889_/X
 _0890_/X
 _0891_/Y
 _0892_/X
 _0893_/Y
 _0894_/X
 _0895_/Y
 _0896_/X
 _0897_/Y
 _0898_/X
 _0899_/Y
 _0900_/X
 _0901_/X
 _0902_/X
 _0903_/Y
 _0904_/Y
 _0905_/X
 _0906_/Y
 _0907_/Y
 _0908_/Y
 _0909_/Y
 _0910_/X
 _0911_/X
 _0912_/X
 _0913_/Y
 _0914_/Y
 _0915_/Y
 _0916_/X
 _0917_/X
 _0918_/X
 _0919_/Y
 _0920_/X
 _0921_/X
 _0922_/Y
 _0923_/Y
 _0924_/X
 _0925_/Y
 _0926_/X
 _0927_/X
 _0928_/Y
 _0929_/X
 _0930_/Y
 _0931_/X
 _0932_/Y
 _0933_/Y
 _0934_/Y
 _0935_/X
 _0936_/Y
 _0937_/Y
 _0938_/X
 _0939_/Y
 _0940_/X
 _0941_/Y
 _0942_/Y
 _0943_/Y
 _0944_/Y
 _0945_/Y
 _0946_/Y
 _0947_/X
 _0948_/X
 _0949_/X
 _0950_/X
 _0951_/X
 _0952_/X
 _0953_/X
 _0954_/X
 _0955_/X
 _0956_/X
 _0957_/X
 _0958_/X
 _0959_/X
 _0960_/X
 _0961_/X
 _0962_/X
 _0963_/X
 _0964_/X
 _0965_/X
 _0966_/X
 _0967_/X
 _0968_/X
 _0969_/X
 _0970_/X
 _0971_/X
 _0972_/X
 _0973_/X
 _0974_/X
 _0975_/X
 _0976_/X
 _0977_/X
 _0978_/X
 _0979_/Q
 _0980_/Q
 _0981_/Q
 _0982_/Q
 _0983_/Q
 _0984_/Q
 _0985_/Q
 _0986_/Q
 _0987_/Q
 _0988_/Q
 _0989_/Q
 _0990_/Q
 _0991_/Q
 _0992_/Q
 _0993_/Q
 _0994_/Q
 _0995_/Q
 _0996_/Q
 _0997_/Q
 _0998_/Q
 _0999_/Q
 _1000_/Q
 _1001_/Q
 _1002_/Q
 _1003_/Q
 _1004_/Q
 _1005_/Q
 _1006_/Q
 _1007_/Q
 _1008_/Q
 _1009_/Q
 _1010_/Q
 _1011_/Q
 _1012_/Q
 _1013_/Q
 _1014_/Q
 _1015_/Q
 _1016_/Q
 _1017_/Q
 _1018_/Q
 _1019_/Q
 _1020_/Q
 _1021_/Q
 _1022_/Q
 _1023_/Q
 _1024_/Q
 _1025_/Q
 _1026_/Q
 _1027_/Q
 _1028_/Q
 _1029_/Q
 _1030_/Q
 _1031_/Q
 _1032_/Q
 _1033_/Q
 _1034_/Q
 _1035_/Q
 _1036_/Q
 _1037_/Q
 _1038_/Q
 _1039_/Q
 _1040_/Q
 _1041_/Q
 _1042_/Q
 _1043_/Q
 _1044_/Q
 _1045_/Q
 _1046_/Q
 _1047_/Q
 _1048_/Q
 _1049_/Q
 _1050_/Q
 _1051_/Q
 _1052_/Q
 _1053_/Q
 _1054_/Q
 _1055_/Q
 _1056_/Q
 _1057_/Q
 _1058_/Q
 _1059_/Q
 _1060_/Q
 _1061_/Q
 _1062_/Q
 _1063_/Q
 _1064_/Q
 _1065_/Q
 _1066_/Q
 _1067_/Q
 _1068_/Q
 _1069_/Q
 _1070_/Q
 _1071_/Q
 _1072_/Q
 _1073_/Q
 _1074_/Q
 _1075_/Q
 _1076_/Q
 _1077_/Q
 _1078_/Q
 _1079_/Q
 _1080_/Q
 _1081_/Q
 _1082_/Q
 _1083_/Q
 _1084_/Q
 _1085_/Q
 _1086_/Q
 _1087_/Q
 _1088_/Q
 _1089_/Q
 _1090_/Q
 _1091_/Q
 _1092_/Q
 _1093_/Q
 _1094_/Q
 _1095_/Q
 _1096_/Q
 _1097_/Q
 _1098_/Q
 _1099_/Q
 _1100_/Q
 _1101_/Q
 _1102_/Q
 _1103_/Q
 _1104_/Q
 _1105_/Q
 _1106_/Q
 _1107_/Q
 _1108_/Q
 _1109_/Q
 _1110_/Q
 _1111_/Q
 _1112_/Q
 _1113_/Q
 _1114_/Q
 _1115_/Q
 _1116_/Q
 _1117_/Q
 _1118_/Q
 _1119_/Q
 _1120_/Q
 _1121_/Q
 _1122_/Q
 _1123_/Q
 _1124_/Q
 _1125_/Q
 _1126_/Q
 _1127_/Q
 _1128_/Q
 _1129_/Q
 _1130_/Q
 _1131_/Q
 _1132_/Q
 _1133_/Q
 _1134_/Q
 _1135_/Q
 _1136_/Q
 _1137_/Q
 _1138_/Q
 _1139_/Q
 _1140_/Q
 _1141_/Q
 _1142_/Q
 _1143_/Q
 _1144_/Q
 _1145_/Q
 _1146_/Q
 _1147_/Q
 _1148_/Q
 _1149_/Q
 _1150_/Q
 _1151_/Q
 _1152_/Q
 _1153_/Q
 _1154_/Q
 _1155_/Q
 _1156_/Q
 _1157_/Q
 _1158_/Q
 _1159_/Q
 _1160_/Q
 _1161_/Q
 _1162_/Q
 _1163_/Q
 _1164_/Q
 _1165_/Q
 _1166_/Q
 _1167_/Q
 _1168_/Q
 _1169_/Q
 _1170_/Q
 _1171_/Q
 _1172_/Q
 _1173_/HI
 _1173_/LO
 _1174_/HI
 _1174_/LO
 _1175_/HI
 _1175_/LO
 _1176_/HI
 _1176_/LO
 _1177_/HI
 _1177_/LO
 _1178_/HI
 _1178_/LO
 _1179_/HI
 _1179_/LO
 _1180_/HI
 _1180_/LO
 _1181_/HI
 _1181_/LO
 _1182_/HI
 _1182_/LO
 _1183_/HI
 _1183_/LO
 _1184_/HI
 _1184_/LO
 _1185_/HI
 _1185_/LO
 _1186_/HI
 _1186_/LO
 _1187_/HI
 _1187_/LO
 _1188_/HI
 _1188_/LO
 _1189_/HI
 _1189_/LO
 _1190_/HI
 _1190_/LO
 _1191_/HI
 _1191_/LO
 _1192_/HI
 _1192_/LO
 _1193_/HI
 _1193_/LO
 _1194_/HI
 _1194_/LO
 _1195_/HI
 _1195_/LO
 _1196_/HI
 _1196_/LO
 _1197_/HI
 _1197_/LO
 _1198_/HI
 _1198_/LO
 _1199_/HI
 _1199_/LO
 _1200_/HI
 _1200_/LO
 _1201_/HI
 _1201_/LO
 _1202_/HI
 _1202_/LO
 _1203_/HI
 _1203_/LO
 _1204_/HI
 _1204_/LO
 _1205_/HI
 _1205_/LO
 _1206_/HI
 _1206_/LO
 _1207_/HI
 _1207_/LO
 _1208_/HI
 _1208_/LO
 _1209_/HI
 _1209_/LO
 _1210_/HI
 _1210_/LO
 _1211_/HI
 _1211_/LO
 _1212_/HI
 _1212_/LO
 _1213_/HI
 _1213_/LO
 _1214_/HI
 _1214_/LO
 _1215_/HI
 _1215_/LO
 _1216_/HI
 _1216_/LO
 _1217_/HI
 _1217_/LO
 _1218_/HI
 _1218_/LO
 _1219_/HI
 _1219_/LO
 _1220_/HI
 _1220_/LO
 _1221_/HI
 _1221_/LO
 _1222_/HI
 _1222_/LO
 _1223_/HI
 _1223_/LO
 _1224_/HI
 _1224_/LO
 _1225_/HI
 _1225_/LO
 _1226_/HI
 _1226_/LO
 _1227_/HI
 _1227_/LO
 _1228_/HI
 _1228_/LO
 _1229_/HI
 _1229_/LO
 _1230_/HI
 _1230_/LO
 _1231_/HI
 _1231_/LO
 _1232_/HI
 _1232_/LO
 _1233_/HI
 _1233_/LO
 _1234_/HI
 _1234_/LO
 _1235_/HI
 _1235_/LO
 _1236_/HI
 _1236_/LO
 _1237_/HI
 _1237_/LO
 _1238_/HI
 _1238_/LO
 _1239_/HI
 _1239_/LO
 _1240_/HI
 _1240_/LO
 _1241_/HI
 _1241_/LO
 _1242_/HI
 _1242_/LO
 _1243_/HI
 _1243_/LO
 _1244_/HI
 _1244_/LO
 _1245_/HI
 _1245_/LO
 _1246_/HI
 _1246_/LO
 _1247_/HI
 _1247_/LO
 _1248_/HI
 _1248_/LO
 _1249_/HI
 _1249_/LO
 _1250_/HI
 _1250_/LO
 _1251_/HI
 _1251_/LO
 _1252_/HI
 _1252_/LO
 _1253_/HI
 _1253_/LO
 _1254_/HI
 _1254_/LO
 _1255_/HI
 _1255_/LO
 _1256_/HI
 _1256_/LO
 _1257_/HI
 _1257_/LO
 _1258_/HI
 _1258_/LO
 _1259_/HI
 _1259_/LO
 _1260_/HI
 _1260_/LO
 _1261_/HI
 _1261_/LO
 _1262_/HI
 _1262_/LO
 _1263_/HI
 _1263_/LO
 _1264_/HI
 _1264_/LO
 _1265_/HI
 _1265_/LO
 _1266_/HI
 _1266_/LO
 _1267_/HI
 _1267_/LO
 i_add/out[0]
 i_add/out[10]
 i_add/out[11]
 i_add/out[12]
 i_add/out[13]
 i_add/out[14]
 i_add/out[15]
 i_add/out[16]
 i_add/out[17]
 i_add/out[18]
 i_add/out[19]
 i_add/out[1]
 i_add/out[20]
 i_add/out[21]
 i_add/out[22]
 i_add/out[23]
 i_add/out[24]
 i_add/out[25]
 i_add/out[26]
 i_add/out[27]
 i_add/out[28]
 i_add/out[29]
 i_add/out[2]
 i_add/out[30]
 i_add/out[31]
 i_add/out[32]
 i_add/out[33]
 i_add/out[34]
 i_add/out[35]
 i_add/out[36]
 i_add/out[37]
 i_add/out[38]
 i_add/out[39]
 i_add/out[3]
 i_add/out[40]
 i_add/out[41]
 i_add/out[42]
 i_add/out[43]
 i_add/out[44]
 i_add/out[45]
 i_add/out[46]
 i_add/out[47]
 i_add/out[48]
 i_add/out[49]
 i_add/out[4]
 i_add/out[50]
 i_add/out[51]
 i_add/out[52]
 i_add/out[53]
 i_add/out[54]
 i_add/out[55]
 i_add/out[56]
 i_add/out[57]
 i_add/out[58]
 i_add/out[59]
 i_add/out[5]
 i_add/out[60]
 i_add/out[61]
 i_add/out[62]
 i_add/out[63]
 i_add/out[6]
 i_add/out[7]
 i_add/out[8]
 i_add/out[9]
 i_hh/out[0]
 i_hh/out[10]
 i_hh/out[11]
 i_hh/out[12]
 i_hh/out[13]
 i_hh/out[14]
 i_hh/out[15]
 i_hh/out[16]
 i_hh/out[17]
 i_hh/out[18]
 i_hh/out[19]
 i_hh/out[1]
 i_hh/out[20]
 i_hh/out[21]
 i_hh/out[22]
 i_hh/out[23]
 i_hh/out[24]
 i_hh/out[25]
 i_hh/out[26]
 i_hh/out[27]
 i_hh/out[28]
 i_hh/out[29]
 i_hh/out[2]
 i_hh/out[30]
 i_hh/out[31]
 i_hh/out[3]
 i_hh/out[4]
 i_hh/out[5]
 i_hh/out[6]
 i_hh/out[7]
 i_hh/out[8]
 i_hh/out[9]
 i_hl/out[0]
 i_hl/out[10]
 i_hl/out[11]
 i_hl/out[12]
 i_hl/out[13]
 i_hl/out[14]
 i_hl/out[15]
 i_hl/out[16]
 i_hl/out[17]
 i_hl/out[18]
 i_hl/out[19]
 i_hl/out[1]
 i_hl/out[20]
 i_hl/out[21]
 i_hl/out[22]
 i_hl/out[23]
 i_hl/out[24]
 i_hl/out[25]
 i_hl/out[26]
 i_hl/out[27]
 i_hl/out[28]
 i_hl/out[29]
 i_hl/out[2]
 i_hl/out[30]
 i_hl/out[31]
 i_hl/out[3]
 i_hl/out[4]
 i_hl/out[5]
 i_hl/out[6]
 i_hl/out[7]
 i_hl/out[8]
 i_hl/out[9]
 i_lh/out[0]
 i_lh/out[10]
 i_lh/out[11]
 i_lh/out[12]
 i_lh/out[13]
 i_lh/out[14]
 i_lh/out[15]
 i_lh/out[16]
 i_lh/out[17]
 i_lh/out[18]
 i_lh/out[19]
 i_lh/out[1]
 i_lh/out[20]
 i_lh/out[21]
 i_lh/out[22]
 i_lh/out[23]
 i_lh/out[24]
 i_lh/out[25]
 i_lh/out[26]
 i_lh/out[27]
 i_lh/out[28]
 i_lh/out[29]
 i_lh/out[2]
 i_lh/out[30]
 i_lh/out[31]
 i_lh/out[3]
 i_lh/out[4]
 i_lh/out[5]
 i_lh/out[6]
 i_lh/out[7]
 i_lh/out[8]
 i_lh/out[9]
 i_ll/out[0]
 i_ll/out[10]
 i_ll/out[11]
 i_ll/out[12]
 i_ll/out[13]
 i_ll/out[14]
 i_ll/out[15]
 i_ll/out[16]
 i_ll/out[17]
 i_ll/out[18]
 i_ll/out[19]
 i_ll/out[1]
 i_ll/out[20]
 i_ll/out[21]
 i_ll/out[22]
 i_ll/out[23]
 i_ll/out[24]
 i_ll/out[25]
 i_ll/out[26]
 i_ll/out[27]
 i_ll/out[28]
 i_ll/out[29]
 i_ll/out[2]
 i_ll/out[30]
 i_ll/out[31]
 i_ll/out[3]
 i_ll/out[4]
 i_ll/out[5]
 i_ll/out[6]
 i_ll/out[7]
 i_ll/out[8]
 i_ll/out[9]
Found 0 partially unannotated drivers.

===========================================================================
max slew violation count 177
max fanout violation count 0
max cap violation count 0
============================================================================

===========================================================================
check_setup -verbose -unconstrained_endpoints -multiple_clock -no_clock -no_input_delay -loops -generated_clocks
===========================================================================
Warning: There are 95 unconstrained endpoints.
  i_add/in1[0]
  i_add/in1[10]
  i_add/in1[11]
  i_add/in1[12]
  i_add/in1[13]
  i_add/in1[14]
  i_add/in1[15]
  i_add/in1[16]
  i_add/in1[17]
  i_add/in1[18]
  i_add/in1[19]
  i_add/in1[1]
  i_add/in1[20]
  i_add/in1[21]
  i_add/in1[22]
  i_add/in1[23]
  i_add/in1[24]
  i_add/in1[25]
  i_add/in1[26]
  i_add/in1[27]
  i_add/in1[28]
  i_add/in1[29]
  i_add/in1[2]
  i_add/in1[30]
  i_add/in1[31]
  i_add/in1[3]
  i_add/in1[4]
  i_add/in1[5]
  i_add/in1[6]
  i_add/in1[7]
  i_add/in1[8]
  i_add/in1[9]
  i_add/in2[0]
  i_add/in2[10]
  i_add/in2[11]
  i_add/in2[12]
  i_add/in2[13]
  i_add/in2[14]
  i_add/in2[15]
  i_add/in2[1]
  i_add/in2[2]
  i_add/in2[3]
  i_add/in2[49]
  i_add/in2[4]
  i_add/in2[50]
  i_add/in2[51]
  i_add/in2[52]
  i_add/in2[53]
  i_add/in2[54]
  i_add/in2[55]
  i_add/in2[56]
  i_add/in2[57]
  i_add/in2[58]
  i_add/in2[59]
  i_add/in2[5]
  i_add/in2[60]
  i_add/in2[61]
  i_add/in2[62]
  i_add/in2[63]
  i_add/in2[6]
  i_add/in2[7]
  i_add/in2[8]
  i_add/in2[9]
  i_add/in3[32]
  i_add/in3[33]
  i_add/in3[34]
  i_add/in3[35]
  i_add/in3[36]
  i_add/in3[37]
  i_add/in3[38]
  i_add/in3[39]
  i_add/in3[40]
  i_add/in3[41]
  i_add/in3[42]
  i_add/in3[43]
  i_add/in3[44]
  i_add/in3[45]
  i_add/in3[46]
  i_add/in3[47]
  i_add/in3[48]
  i_add/in3[49]
  i_add/in3[50]
  i_add/in3[51]
  i_add/in3[52]
  i_add/in3[53]
  i_add/in3[54]
  i_add/in3[55]
  i_add/in3[56]
  i_add/in3[57]
  i_add/in3[58]
  i_add/in3[59]
  i_add/in3[60]
  i_add/in3[61]
  i_add/in3[62]
  i_add/in3[63]
