
===========================================================================
Violator List
============================================================================
[hold reg-reg] _1076_/Q -> i_add/in3[0] : -0.242807
[hold reg-reg] _1141_/Q -> _1011_/D : -0.036887
[hold reg-reg] _1142_/Q -> _1012_/D : -0.036887
[hold reg-reg] _1143_/Q -> _1013_/D : -0.036887
[hold reg-reg] _1144_/Q -> _1014_/D : -0.036887
[hold reg-reg] _1145_/Q -> _1015_/D : -0.036887
[hold reg-reg] _1146_/Q -> _1016_/D : -0.036887
[hold reg-reg] _1147_/Q -> _1017_/D : -0.036887
[hold reg-reg] _1148_/Q -> _1018_/D : -0.036887
[hold reg-reg] _1149_/Q -> _1019_/D : -0.036887
[hold reg-reg] _1150_/Q -> _1020_/D : -0.036887
[hold reg-reg] _1151_/Q -> _1021_/D : -0.036887
[hold reg-reg] _1152_/Q -> _1022_/D : -0.036887
[hold reg-reg] _1153_/Q -> _1023_/D : -0.036887
[hold reg-reg] _1154_/Q -> _1024_/D : -0.036887
[hold reg-reg] _1155_/Q -> _1025_/D : -0.036887
[hold reg-reg] _1156_/Q -> _1026_/D : -0.036887
[hold reg-reg] _1157_/Q -> _1027_/D : -0.036887
[hold reg-reg] _1158_/Q -> _1028_/D : -0.036887
[hold reg-reg] _1159_/Q -> _1029_/D : -0.036887
[hold reg-reg] _1160_/Q -> _1030_/D : -0.036887
[hold reg-reg] _1161_/Q -> _1031_/D : -0.036887
[hold reg-reg] _1162_/Q -> _1032_/D : -0.036887
[hold reg-reg] _1163_/Q -> _1033_/D : -0.036887
[hold reg-reg] _1164_/Q -> _1034_/D : -0.036887
[hold reg-reg] _1165_/Q -> _1035_/D : -0.036887
[hold reg-reg] _1166_/Q -> _1036_/D : -0.036887
[hold reg-reg] _1167_/Q -> _1037_/D : -0.036887
[hold reg-reg] _1168_/Q -> _1038_/D : -0.036887
[hold reg-reg] _1169_/Q -> _1039_/D : -0.036887
[hold reg-reg] _1170_/Q -> _1040_/D : -0.036887
[hold reg-reg] _1171_/Q -> _1041_/D : -0.036887
[hold reg-reg] _1172_/Q -> _1042_/D : -0.036887
[hold reg-reg] _1108_/Q -> _1043_/D : -0.036887
[hold reg-reg] _1109_/Q -> _1044_/D : -0.036887
[hold reg-reg] _1110_/Q -> _1045_/D : -0.036887
[hold reg-reg] _1111_/Q -> _1046_/D : -0.036887
[hold reg-reg] _1112_/Q -> _1047_/D : -0.036887
[hold reg-reg] _1113_/Q -> _1048_/D : -0.036887
[hold reg-reg] _1114_/Q -> _1049_/D : -0.036887
[hold reg-reg] _1115_/Q -> _1050_/D : -0.036887
[hold reg-reg] _1116_/Q -> _1051_/D : -0.036887
[hold reg-reg] _1117_/Q -> _1052_/D : -0.036887
[hold reg-reg] _1118_/Q -> _1053_/D : -0.036887
[hold reg-reg] _1119_/Q -> _1054_/D : -0.036887
[hold reg-reg] _1120_/Q -> _1055_/D : -0.036887
[hold reg-reg] _1121_/Q -> _1056_/D : -0.036887
[hold reg-reg] _1122_/Q -> _1057_/D : -0.036887
[hold reg-reg] _1123_/Q -> _1058_/D : -0.036887
[hold reg-reg] _1124_/Q -> _1059_/D : -0.036887
[hold reg-reg] _1125_/Q -> _1060_/D : -0.036887
[hold reg-reg] _1126_/Q -> _1061_/D : -0.036887
[hold reg-reg] _1127_/Q -> _1062_/D : -0.036887
[hold reg-reg] _1128_/Q -> _1063_/D : -0.036887
[hold reg-reg] _1129_/Q -> _1064_/D : -0.036887
[hold reg-reg] _1130_/Q -> _1065_/D : -0.036887
[hold reg-reg] _1131_/Q -> _1066_/D : -0.036887
[hold reg-reg] _1132_/Q -> _1067_/D : -0.036887
[hold reg-reg] _1133_/Q -> _1068_/D : -0.036887
[hold reg-reg] _1134_/Q -> _1069_/D : -0.036887
[hold reg-reg] _1135_/Q -> _1070_/D : -0.036887
[hold reg-reg] _1136_/Q -> _1071_/D : -0.036887
[hold reg-reg] _1137_/Q -> _1072_/D : -0.036887
[hold reg-reg] _1138_/Q -> _1073_/D : -0.036887
[hold reg-reg] _1139_/Q -> _1074_/D : -0.036887
[hold reg-reg] _1140_/Q -> _1075_/D : -0.036887
[hold reg-reg] _0979_/Q -> _1076_/D : -0.036887
[hold reg-reg] _0980_/Q -> _1077_/D : -0.036887
[hold reg-reg] _0981_/Q -> _1078_/D : -0.036887
[hold reg-reg] _0982_/Q -> _1079_/D : -0.036887
[hold reg-reg] _0983_/Q -> _1080_/D : -0.036887
[hold reg-reg] _0984_/Q -> _1081_/D : -0.036887
[hold reg-reg] _0985_/Q -> _1082_/D : -0.036887
[hold reg-reg] _0986_/Q -> _1083_/D : -0.036887
[hold reg-reg] _0987_/Q -> _1084_/D : -0.036887
[hold reg-reg] _0988_/Q -> _1085_/D : -0.036887
[hold reg-reg] _0989_/Q -> _1086_/D : -0.036887
[hold reg-reg] _0990_/Q -> _1087_/D : -0.036887
[hold reg-reg] _0991_/Q -> _1088_/D : -0.036887
[hold reg-reg] _0992_/Q -> _1089_/D : -0.036887
[hold reg-reg] _0993_/Q -> _1090_/D : -0.036887
[hold reg-reg] _0994_/Q -> _1091_/D : -0.036887
[hold reg-reg] _0995_/Q -> _1092_/D : -0.036887
[hold reg-reg] _0996_/Q -> _1093_/D : -0.036887
[hold reg-reg] _0997_/Q -> _1094_/D : -0.036887
[hold reg-reg] _0998_/Q -> _1095_/D : -0.036887
[hold reg-reg] _0999_/Q -> _1096_/D : -0.036887
[hold reg-reg] _1000_/Q -> _1097_/D : -0.036887
[hold reg-reg] _1001_/Q -> _1098_/D : -0.036887
[hold reg-reg] _1002_/Q -> _1099_/D : -0.036887
[hold reg-reg] _1003_/Q -> _1100_/D : -0.036887
[hold reg-reg] _1004_/Q -> _1101_/D : -0.036887
[hold reg-reg] _1005_/Q -> _1102_/D : -0.036887
[hold reg-reg] _1006_/Q -> _1103_/D : -0.036887
[hold reg-reg] _1007_/Q -> _1104_/D : -0.036887
[hold reg-reg] _1008_/Q -> _1105_/D : -0.036887
[hold reg-reg] _1009_/Q -> _1106_/D : -0.036887
[hold reg-reg] _1010_/Q -> _1107_/D : -0.036887
