
===========================================================================
report_checks -unconstrained
===========================================================================
======================= max_ff_n40C_1v95 Corner ===================================

Startpoint: _20784_ (rising edge-triggered flip-flop clocked by clk)
Endpoint: _20757_ (rising edge-triggered flip-flop clocked by clk)
Path Group: clk
Path Type: max

Fanout         Cap        Slew       Delay        Time   Description
---------------------------------------------------------------------------------------------
                                  0.000000    0.000000   clock clk (rise edge)
                                  0.000000    0.000000   clock source latency
     2    0.056393    0.120033    0.085396    0.085396 ^ clk (in)
                                                         clk (net)
                      0.120103    0.000000    0.085396 ^ clkbuf_0_clk/A (sky130_fd_sc_hd__clkbuf_16)
     8    0.235165    0.190987    0.214434    0.299829 ^ clkbuf_0_clk/X (sky130_fd_sc_hd__clkbuf_16)
                                                         clknet_0_clk (net)
                      0.194082    0.019399    0.319229 ^ clkbuf_3_3__f_clk/A (sky130_fd_sc_hd__clkbuf_16)
    12    0.110339    0.098271    0.167372    0.486601 ^ clkbuf_3_3__f_clk/X (sky130_fd_sc_hd__clkbuf_16)
                                                         clknet_3_3__leaf_clk (net)
                      0.099059    0.007044    0.493645 ^ clkbuf_leaf_30_clk/A (sky130_fd_sc_hd__clkbuf_8)
    18    0.051672    0.076102    0.134118    0.627764 ^ clkbuf_leaf_30_clk/X (sky130_fd_sc_hd__clkbuf_8)
                                                         clknet_leaf_30_clk (net)
                      0.076231    0.002546    0.630310 ^ _20784_/CLK (sky130_fd_sc_hd__dfxtp_4)
     5    0.027140    0.066149    0.251359    0.881668 ^ _20784_/Q (sky130_fd_sc_hd__dfxtp_4)
                                                         a_l[6] (net)
                      0.066240    0.002170    0.883839 ^ max_cap602/A (sky130_fd_sc_hd__buf_12)
    11    0.088073    0.082539    0.102257    0.986096 ^ max_cap602/X (sky130_fd_sc_hd__buf_12)
                                                         net602 (net)
                      0.086904    0.014524    1.000620 ^ wire601/A (sky130_fd_sc_hd__buf_12)
    16    0.119601    0.109179    0.123150    1.123770 ^ wire601/X (sky130_fd_sc_hd__buf_12)
                                                         net601 (net)
                      0.118675    0.024833    1.148604 ^ max_cap599/A (sky130_fd_sc_hd__buf_12)
    11    0.081946    0.077982    0.114663    1.263267 ^ max_cap599/X (sky130_fd_sc_hd__buf_12)
                                                         net599 (net)
                      0.078151    0.002929    1.266196 ^ max_cap598/A (sky130_fd_sc_hd__buf_12)
    16    0.121864    0.110532    0.122483    1.388679 ^ max_cap598/X (sky130_fd_sc_hd__buf_12)
                                                         net598 (net)
                      0.123780    0.029339    1.418018 ^ max_cap597/A (sky130_fd_sc_hd__buf_12)
     8    0.068593    0.067474    0.103987    1.522005 ^ max_cap597/X (sky130_fd_sc_hd__buf_12)
                                                         net597 (net)
                      0.070107    0.010332    1.532336 ^ _15883_/A (sky130_fd_sc_hd__nand2_8)
     5    0.103372    0.108900    0.087789    1.620125 v _15883_/Y (sky130_fd_sc_hd__nand2_8)
                                                         _06761_ (net)
                      0.109573    0.006782    1.626906 v _19197_/A2 (sky130_fd_sc_hd__o21ai_2)
     2    0.014165    0.141288    0.157270    1.784176 ^ _19197_/Y (sky130_fd_sc_hd__o21ai_2)
                                                         _10093_ (net)
                      0.141342    0.000778    1.784955 ^ max_cap413/A (sky130_fd_sc_hd__clkbuf_2)
     1    0.012059    0.057086    0.108254    1.893209 ^ max_cap413/X (sky130_fd_sc_hd__clkbuf_2)
                                                         net413 (net)
                      0.057106    0.001011    1.894220 ^ _19340_/C1 (sky130_fd_sc_hd__o211ai_4)
     4    0.025718    0.073739    0.054169    1.948389 v _19340_/Y (sky130_fd_sc_hd__o211ai_4)
                                                         _00518_ (net)
                      0.073877    0.002423    1.950811 v _19341_/A2 (sky130_fd_sc_hd__o21ai_2)
     2    0.011349    0.120742    0.128548    2.079359 ^ _19341_/Y (sky130_fd_sc_hd__o21ai_2)
                                                         _00519_ (net)
                      0.120745    0.000712    2.080071 ^ _19343_/A (sky130_fd_sc_hd__nand2_1)
     1    0.009497    0.073382    0.064831    2.144902 v _19343_/Y (sky130_fd_sc_hd__nand2_1)
                                                         _00521_ (net)
                      0.073407    0.000720    2.145622 v _19346_/C (sky130_fd_sc_hd__nand3_4)
     6    0.030260    0.096266    0.108208    2.253830 ^ _19346_/Y (sky130_fd_sc_hd__nand3_4)
                                                         _00524_ (net)
                      0.096444    0.003084    2.256914 ^ _19350_/A1 (sky130_fd_sc_hd__a21o_1)
     4    0.016039    0.109307    0.131527    2.388442 ^ _19350_/X (sky130_fd_sc_hd__a21o_1)
                                                         _00528_ (net)
                      0.109349    0.000765    2.389207 ^ _19499_/B1 (sky130_fd_sc_hd__a22oi_1)
     1    0.005067    0.053717    0.052627    2.441833 v _19499_/Y (sky130_fd_sc_hd__a22oi_1)
                                                         _00689_ (net)
                      0.053718    0.000379    2.442212 v _19503_/B1 (sky130_fd_sc_hd__o2bb2ai_2)
     3    0.023563    0.214702    0.202537    2.644749 ^ _19503_/Y (sky130_fd_sc_hd__o2bb2ai_2)
                                                         _00693_ (net)
                      0.214741    0.002317    2.647067 ^ _19507_/A (sky130_fd_sc_hd__nand2_2)
     2    0.013078    0.073418    0.059497    2.706563 v _19507_/Y (sky130_fd_sc_hd__nand2_2)
                                                         _00697_ (net)
                      0.073436    0.000959    2.707523 v _19510_/A1 (sky130_fd_sc_hd__o211ai_4)
     3    0.023609    0.185801    0.196191    2.903714 ^ _19510_/Y (sky130_fd_sc_hd__o211ai_4)
                                                         _00701_ (net)
                      0.185805    0.001452    2.905166 ^ rebuffer189/A (sky130_fd_sc_hd__clkbuf_1)
     1    0.006258    0.061810    0.080554    2.985719 ^ rebuffer189/X (sky130_fd_sc_hd__clkbuf_1)
                                                         net984 (net)
                      0.061837    0.000438    2.986158 ^ _19648_/B1 (sky130_fd_sc_hd__o21ai_2)
     3    0.012294    0.047060    0.040230    3.026388 v _19648_/Y (sky130_fd_sc_hd__o21ai_2)
                                                         _00850_ (net)
                      0.047081    0.000786    3.027174 v _19649_/B (sky130_fd_sc_hd__nand2_1)
     1    0.003474    0.042354    0.052519    3.079693 ^ _19649_/Y (sky130_fd_sc_hd__nand2_1)
                                                         _00851_ (net)
                      0.042355    0.000261    3.079953 ^ _19651_/B (sky130_fd_sc_hd__nand2_1)
     3    0.013418    0.061284    0.064205    3.144158 v _19651_/Y (sky130_fd_sc_hd__nand2_1)
                                                         _00853_ (net)
                      0.061297    0.000755    3.144913 v _19653_/A (sky130_fd_sc_hd__nand2_1)
     2    0.009250    0.077649    0.079456    3.224369 ^ _19653_/Y (sky130_fd_sc_hd__nand2_1)
                                                         _00855_ (net)
                      0.077685    0.000627    3.224997 ^ _19762_/B (sky130_fd_sc_hd__nor2_2)
     1    0.012027    0.034314    0.036186    3.261182 v _19762_/Y (sky130_fd_sc_hd__nor2_2)
                                                         _00972_ (net)
                      0.034376    0.001089    3.262271 v _19766_/A2 (sky130_fd_sc_hd__a21oi_4)
     4    0.038372    0.222173    0.206151    3.468422 ^ _19766_/Y (sky130_fd_sc_hd__a21oi_4)
                                                         _00976_ (net)
                      0.222349    0.004934    3.473356 ^ _20114_/B (sky130_fd_sc_hd__nand3_4)
     5    0.034580    0.105604    0.099085    3.572441 v _20114_/Y (sky130_fd_sc_hd__nand3_4)
                                                         _01350_ (net)
                      0.105953    0.004785    3.577226 v _20212_/A1 (sky130_fd_sc_hd__a21oi_4)
     2    0.007788    0.083393    0.113837    3.691063 ^ _20212_/Y (sky130_fd_sc_hd__a21oi_4)
                                                         _01455_ (net)
                      0.083394    0.000442    3.691505 ^ max_cap130/A (sky130_fd_sc_hd__clkbuf_2)
     3    0.012642    0.058414    0.099711    3.791216 ^ max_cap130/X (sky130_fd_sc_hd__clkbuf_2)
                                                         net130 (net)
                      0.058424    0.000772    3.791988 ^ _20247_/B2 (sky130_fd_sc_hd__o22ai_1)
     1    0.003683    0.046537    0.031984    3.823972 v _20247_/Y (sky130_fd_sc_hd__o22ai_1)
                                                         _01492_ (net)
                      0.046537    0.000244    3.824216 v _20249_/A1 (sky130_fd_sc_hd__o211a_1)
     1    0.002950    0.029967    0.142176    3.966392 v _20249_/X (sky130_fd_sc_hd__o211a_1)
                                                         _00397_ (net)
                      0.029967    0.000120    3.966512 v _20757_/D (sky130_fd_sc_hd__dfxtp_1)
                                              3.966512   data arrival time

                                 10.000000   10.000000   clock clk (rise edge)
                                  0.000000   10.000000   clock source latency
     2    0.056393    0.120033    0.085396   10.085396 ^ clk (in)
                                                         clk (net)
                      0.120103    0.000000   10.085396 ^ clkbuf_0_clk/A (sky130_fd_sc_hd__clkbuf_16)
     8    0.235165    0.190987    0.214434   10.299829 ^ clkbuf_0_clk/X (sky130_fd_sc_hd__clkbuf_16)
                                                         clknet_0_clk (net)
                      0.193546    0.017702   10.317532 ^ clkbuf_3_4__f_clk/A (sky130_fd_sc_hd__clkbuf_16)
     9    0.117458    0.104126    0.169794   10.487326 ^ clkbuf_3_4__f_clk/X (sky130_fd_sc_hd__clkbuf_16)
                                                         clknet_3_4__leaf_clk (net)
                      0.104847    0.006988   10.494314 ^ clkbuf_leaf_58_clk/A (sky130_fd_sc_hd__clkbuf_8)
     3    0.019254    0.037747    0.106978   10.601293 ^ clkbuf_leaf_58_clk/X (sky130_fd_sc_hd__clkbuf_8)
                                                         clknet_leaf_58_clk (net)
                      0.037769    0.000862   10.602154 ^ _20757_/CLK (sky130_fd_sc_hd__dfxtp_1)
                                 -0.200000   10.402154   clock uncertainty
                                  0.000000   10.402154   clock reconvergence pessimism
                                 -0.068722   10.333432   library setup time
                                             10.333432   data required time
---------------------------------------------------------------------------------------------
                                             10.333432   data required time
                                             -3.966512   data arrival time
---------------------------------------------------------------------------------------------
                                              6.366920   slack (MET)




===========================================================================
report_checks --slack_max -0.01
============================================================================
======================= max_ff_n40C_1v95 Corner ===================================

No paths found.


===========================================================================
 report_check_types -max_slew -max_cap -max_fanout -violators
============================================================================
======================= max_ff_n40C_1v95 Corner ===================================



===========================================================================
report_parasitic_annotation -report_unannotated
============================================================================
Found 60 unannotated drivers.
 clkload0/Y
 clkload1/Y
 clkload10/Y
 clkload11/Y
 clkload12/Y
 clkload13/Y
 clkload14/Y
 clkload15/Y
 clkload16/X
 clkload17/Y
 clkload18/Y
 clkload19/Y
 clkload2/Y
 clkload20/Y
 clkload21/Y
 clkload22/Y
 clkload23/Y
 clkload24/Y
 clkload25/Y
 clkload26/X
 clkload27/Y
 clkload28/Y
 clkload29/Y
 clkload3/Y
 clkload30/Y
 clkload31/Y
 clkload32/Y
 clkload33/Y
 clkload34/Y
 clkload35/Y
 clkload36/Y
 clkload37/Y
 clkload38/X
 clkload39/X
 clkload4/Y
 clkload40/Y
 clkload41/Y
 clkload42/Y
 clkload43/Y
 clkload44/Y
 clkload45/Y
 clkload46/Y
 clkload47/Y
 clkload48/Y
 clkload49/Y
 clkload5/Y
 clkload50/Y
 clkload51/Y
 clkload52/Y
 clkload53/Y
 clkload54/Y
 clkload55/Y
 clkload56/Y
 clkload57/Y
 clkload58/Y
 clkload59/Y
 clkload6/Y
 clkload7/Y
 clkload8/Y
 clkload9/X
Found 0 partially unannotated drivers.

===========================================================================
max slew violation count 0
max fanout violation count 0
max cap violation count 0
============================================================================

===========================================================================
check_setup -verbose -unconstrained_endpoints -multiple_clock -no_clock -no_input_delay -loops -generated_clocks
===========================================================================
