Clock: clk
Sources: clk 
Generated: no
Virtual: yes
Propagated: no
Period: 10.000000

===========================================================================
report_clock_properties
============================================================================
Clock                   Period          Waveform
----------------------------------------------------
clk                  10.000000    0.000000  5.000000

===========================================================================
report_clock_latency
============================================================================
Clock clk
rise -> rise
    min     max
0.000000 0.000000 source latency
0.484770         network latency _20800_/CLK
        0.643297 network latency _20646_/CLK
---------------
0.484770 0.643297 latency
        0.158527 skew

fall -> fall
    min     max
0.000000 0.000000 source latency
0.414250         network latency _20800_/CLK
        0.563883 network latency _20646_/CLK
---------------
0.414250 0.563883 latency
        0.149633 skew



===========================================================================
report_clock_min_period
============================================================================
clk period_min = 3.63 fmax = 275.25
