
===========================================================================
report_checks -unconstrained
===========================================================================
======================= max_ss_100C_1v60 Corner ===================================

Startpoint: _20768_ (rising edge-triggered flip-flop clocked by clk)
Endpoint: _20659_ (rising edge-triggered flip-flop clocked by clk)
Path Group: clk
Path Type: max

Fanout         Cap        Slew       Delay        Time   Description
---------------------------------------------------------------------------------------------
                                  0.000000    0.000000   clock clk (rise edge)
                                  0.000000    0.000000   clock source latency
     2    0.066866    0.299780    0.222396    0.222396 ^ clk (in)
                                                         clk (net)
                      0.299828    0.000000    0.222396 ^ clkbuf_0_clk/A (sky130_fd_sc_hd__clkbuf_16)
     8    0.209303    0.329728    0.526299    0.748695 ^ clkbuf_0_clk/X (sky130_fd_sc_hd__clkbuf_16)
                                                         clknet_0_clk (net)
                      0.330712    0.013591    0.762286 ^ clkbuf_3_0_0_clk/A (sky130_fd_sc_hd__clkbuf_16)
    10    0.182717    0.291860    0.511848    1.274133 ^ clkbuf_3_0_0_clk/X (sky130_fd_sc_hd__clkbuf_16)
                                                         clknet_3_0_0_clk (net)
                      0.294816    0.023484    1.297618 ^ clkbuf_leaf_73_clk/A (sky130_fd_sc_hd__clkbuf_16)
     3    0.010288    0.056811    0.307147    1.604765 ^ clkbuf_leaf_73_clk/X (sky130_fd_sc_hd__clkbuf_16)
                                                         clknet_leaf_73_clk (net)
                      0.056812    0.000682    1.605447 ^ _20768_/CLK (sky130_fd_sc_hd__dfxtp_4)
     3    0.034557    0.178251    0.783025    2.388472 ^ _20768_/Q (sky130_fd_sc_hd__dfxtp_4)
                                                         a_h[6] (net)
                      0.178268    0.001860    2.390332 ^ max_cap717/A (sky130_fd_sc_hd__buf_12)
    16    0.131085    0.244750    0.350621    2.740954 ^ max_cap717/X (sky130_fd_sc_hd__buf_12)
                                                         net717 (net)
                      0.248326    0.023667    2.764621 ^ wire716/A (sky130_fd_sc_hd__buf_12)
     9    0.080739    0.159523    0.326045    3.090666 ^ wire716/X (sky130_fd_sc_hd__buf_12)
                                                         net716 (net)
                      0.160529    0.009567    3.100233 ^ max_cap715/A (sky130_fd_sc_hd__buf_12)
     8    0.073386    0.146724    0.279113    3.379346 ^ max_cap715/X (sky130_fd_sc_hd__buf_12)
                                                         net715 (net)
                      0.148497    0.012800    3.392146 ^ max_cap714/A (sky130_fd_sc_hd__buf_12)
    12    0.078482    0.155158    0.279527    3.671673 ^ max_cap714/X (sky130_fd_sc_hd__buf_12)
                                                         net714 (net)
                      0.156372    0.010970    3.682643 ^ max_cap713/A (sky130_fd_sc_hd__buf_12)
    19    0.112896    0.214099    0.318225    4.000868 ^ max_cap713/X (sky130_fd_sc_hd__buf_12)
                                                         net713 (net)
                      0.219528    0.026959    4.027827 ^ _11017_/A (sky130_fd_sc_hd__nand2_2)
     4    0.020539    0.202390    0.245385    4.273212 v _11017_/Y (sky130_fd_sc_hd__nand2_2)
                                                         _01962_ (net)
                      0.202401    0.001735    4.274947 v _11134_/A1 (sky130_fd_sc_hd__a22oi_1)
     1    0.004378    0.281240    0.355595    4.630542 ^ _11134_/Y (sky130_fd_sc_hd__a22oi_1)
                                                         _02077_ (net)
                      0.281240    0.000282    4.630825 ^ _11149_/B1 (sky130_fd_sc_hd__o211ai_1)
     1    0.004388    0.192748    0.293702    4.924526 v _11149_/Y (sky130_fd_sc_hd__o211ai_1)
                                                         _02092_ (net)
                      0.192748    0.000274    4.924801 v wire374/A (sky130_fd_sc_hd__clkbuf_2)
     7    0.026840    0.192719    0.357795    5.282596 v wire374/X (sky130_fd_sc_hd__clkbuf_2)
                                                         net374 (net)
                      0.192743    0.002157    5.284753 v _11211_/B1_N (sky130_fd_sc_hd__a21boi_1)
     1    0.002880    0.105575    0.311075    5.595829 v _11211_/Y (sky130_fd_sc_hd__a21boi_1)
                                                         _02153_ (net)
                      0.105575    0.000192    5.596020 v wire334/A (sky130_fd_sc_hd__clkbuf_2)
     3    0.017321    0.130660    0.271018    5.867038 v wire334/X (sky130_fd_sc_hd__clkbuf_2)
                                                         net334 (net)
                      0.130667    0.001101    5.868139 v _11244_/A (sky130_fd_sc_hd__nand3_4)
     5    0.025016    0.189239    0.174057    6.042196 ^ _11244_/Y (sky130_fd_sc_hd__nand3_4)
                                                         _02186_ (net)
                      0.189241    0.001268    6.043464 ^ _11275_/B (sky130_fd_sc_hd__nand4_1)
     2    0.011545    0.406977    0.427714    6.471179 v _11275_/Y (sky130_fd_sc_hd__nand4_1)
                                                         _02217_ (net)
                      0.406982    0.001167    6.472345 v _11277_/B (sky130_fd_sc_hd__nand3_2)
     5    0.017975    0.209624    0.342205    6.814551 ^ _11277_/Y (sky130_fd_sc_hd__nand3_2)
                                                         _02219_ (net)
                      0.209628    0.001206    6.815757 ^ _11285_/A2_N (sky130_fd_sc_hd__o2bb2ai_1)
     2    0.009414    0.377332    0.342711    7.158468 ^ _11285_/Y (sky130_fd_sc_hd__o2bb2ai_1)
                                                         _02227_ (net)
                      0.377334    0.000637    7.159105 ^ _11289_/C1 (sky130_fd_sc_hd__o211ai_2)
     2    0.008776    0.201447    0.312361    7.471467 v _11289_/Y (sky130_fd_sc_hd__o211ai_2)
                                                         _02231_ (net)
                      0.201447    0.000517    7.471983 v max_cap201/A (sky130_fd_sc_hd__clkbuf_2)
     4    0.026515    0.190652    0.360113    7.832096 v max_cap201/X (sky130_fd_sc_hd__clkbuf_2)
                                                         net201 (net)
                      0.190659    0.001397    7.833493 v _11294_/A2 (sky130_fd_sc_hd__a21oi_2)
     2    0.016290    0.352431    0.432346    8.265839 ^ _11294_/Y (sky130_fd_sc_hd__a21oi_2)
                                                         _02236_ (net)
                      0.352545    0.001121    8.266960 ^ _11393_/A2 (sky130_fd_sc_hd__o22ai_4)
     4    0.022420    0.161864    0.274456    8.541416 v _11393_/Y (sky130_fd_sc_hd__o22ai_4)
                                                         _02334_ (net)
                      0.161869    0.001607    8.543022 v _11628_/B2 (sky130_fd_sc_hd__o22ai_4)
     4    0.025211    0.397559    0.344978    8.888000 ^ _11628_/Y (sky130_fd_sc_hd__o22ai_4)
                                                         _02567_ (net)
                      0.397599    0.003022    8.891023 ^ _11881_/B (sky130_fd_sc_hd__nand4_4)
     2    0.015951    0.235412    0.351449    9.242471 v _11881_/Y (sky130_fd_sc_hd__nand4_4)
                                                         _02818_ (net)
                      0.235424    0.001694    9.244164 v _12186_/A (sky130_fd_sc_hd__nand3_4)
     1    0.019989    0.146741    0.207605    9.451770 ^ _12186_/Y (sky130_fd_sc_hd__nand3_4)
                                                         _03121_ (net)
                      0.146754    0.002531    9.454301 ^ _12674_/A (sky130_fd_sc_hd__nand4_4)
     4    0.032358    0.356425    0.330306    9.784607 v _12674_/Y (sky130_fd_sc_hd__nand4_4)
                                                         _03605_ (net)
                      0.356553    0.005357    9.789964 v _13026_/A (sky130_fd_sc_hd__nand4_4)
     6    0.033064    0.240729    0.317178   10.107142 ^ _13026_/Y (sky130_fd_sc_hd__nand4_4)
                                                         _03953_ (net)
                      0.240755    0.002568   10.109710 ^ rebuffer241/A (sky130_fd_sc_hd__dlygate4sd1_1)
     1    0.002720    0.063992    0.438968   10.548677 ^ rebuffer241/X (sky130_fd_sc_hd__dlygate4sd1_1)
                                                         net1076 (net)
                      0.063992    0.000201   10.548879 ^ _13029_/C1 (sky130_fd_sc_hd__o2111ai_1)
     2    0.005271    0.262813    0.287259   10.836138 v _13029_/Y (sky130_fd_sc_hd__o2111ai_1)
                                                         _03956_ (net)
                      0.262813    0.000368   10.836505 v _13072_/B (sky130_fd_sc_hd__nand2_1)
     2    0.007450    0.146014    0.234903   11.071408 ^ _13072_/Y (sky130_fd_sc_hd__nand2_1)
                                                         _03998_ (net)
                      0.146014    0.000433   11.071840 ^ _13073_/A1 (sky130_fd_sc_hd__a21oi_1)
     1    0.002902    0.123341    0.151207   11.223047 v _13073_/Y (sky130_fd_sc_hd__a21oi_1)
                                                         _03999_ (net)
                      0.123341    0.000201   11.223248 v _13074_/B1 (sky130_fd_sc_hd__o21a_1)
     1    0.001947    0.057513    0.203245   11.426494 v _13074_/X (sky130_fd_sc_hd__o21a_1)
                                                         _00299_ (net)
                      0.057513    0.000139   11.426633 v _20659_/D (sky130_fd_sc_hd__dfxtp_1)
                                             11.426633   data arrival time

                                 10.000000   10.000000   clock clk (rise edge)
                                  0.000000   10.000000   clock source latency
     2    0.066866    0.299780    0.222396   10.222397 ^ clk (in)
                                                         clk (net)
                      0.299828    0.000000   10.222397 ^ clkbuf_0_clk/A (sky130_fd_sc_hd__clkbuf_16)
     8    0.209303    0.329728    0.526298   10.748694 ^ clkbuf_0_clk/X (sky130_fd_sc_hd__clkbuf_16)
                                                         clknet_0_clk (net)
                      0.330947    0.015317   10.764011 ^ clkbuf_3_2_0_clk/A (sky130_fd_sc_hd__clkbuf_16)
    10    0.163314    0.268414    0.488375   11.252386 ^ clkbuf_3_2_0_clk/X (sky130_fd_sc_hd__clkbuf_16)
                                                         clknet_3_2_0_clk (net)
                      0.271564    0.023372   11.275758 ^ clkbuf_leaf_16_clk/A (sky130_fd_sc_hd__clkbuf_16)
     7    0.040429    0.096110    0.339499   11.615256 ^ clkbuf_leaf_16_clk/X (sky130_fd_sc_hd__clkbuf_16)
                                                         clknet_leaf_16_clk (net)
                      0.096172    0.002251   11.617507 ^ _20659_/CLK (sky130_fd_sc_hd__dfxtp_1)
                                 -0.200000   11.417507   clock uncertainty
                                  0.000000   11.417507   clock reconvergence pessimism
                                 -0.256741   11.160766   library setup time
                                             11.160766   data required time
---------------------------------------------------------------------------------------------
                                             11.160766   data required time
                                            -11.426633   data arrival time
---------------------------------------------------------------------------------------------
                                             -0.265867   slack (VIOLATED)




===========================================================================
report_checks --slack_max -0.01
============================================================================
======================= max_ss_100C_1v60 Corner ===================================

Startpoint: _20768_ (rising edge-triggered flip-flop clocked by clk)
Endpoint: _20659_ (rising edge-triggered flip-flop clocked by clk)
Path Group: clk
Path Type: max

Fanout         Cap        Slew       Delay        Time   Description
---------------------------------------------------------------------------------------------
                                  0.000000    0.000000   clock clk (rise edge)
                                  0.000000    0.000000   clock source latency
     2    0.066866    0.299780    0.222396    0.222396 ^ clk (in)
                                                         clk (net)
                      0.299828    0.000000    0.222396 ^ clkbuf_0_clk/A (sky130_fd_sc_hd__clkbuf_16)
     8    0.209303    0.329728    0.526299    0.748695 ^ clkbuf_0_clk/X (sky130_fd_sc_hd__clkbuf_16)
                                                         clknet_0_clk (net)
                      0.330712    0.013591    0.762286 ^ clkbuf_3_0_0_clk/A (sky130_fd_sc_hd__clkbuf_16)
    10    0.182717    0.291860    0.511848    1.274133 ^ clkbuf_3_0_0_clk/X (sky130_fd_sc_hd__clkbuf_16)
                                                         clknet_3_0_0_clk (net)
                      0.294816    0.023484    1.297618 ^ clkbuf_leaf_73_clk/A (sky130_fd_sc_hd__clkbuf_16)
     3    0.010288    0.056811    0.307147    1.604765 ^ clkbuf_leaf_73_clk/X (sky130_fd_sc_hd__clkbuf_16)
                                                         clknet_leaf_73_clk (net)
                      0.056812    0.000682    1.605447 ^ _20768_/CLK (sky130_fd_sc_hd__dfxtp_4)
     3    0.034557    0.178251    0.783025    2.388472 ^ _20768_/Q (sky130_fd_sc_hd__dfxtp_4)
                                                         a_h[6] (net)
                      0.178268    0.001860    2.390332 ^ max_cap717/A (sky130_fd_sc_hd__buf_12)
    16    0.131085    0.244750    0.350621    2.740954 ^ max_cap717/X (sky130_fd_sc_hd__buf_12)
                                                         net717 (net)
                      0.248326    0.023667    2.764621 ^ wire716/A (sky130_fd_sc_hd__buf_12)
     9    0.080739    0.159523    0.326045    3.090666 ^ wire716/X (sky130_fd_sc_hd__buf_12)
                                                         net716 (net)
                      0.160529    0.009567    3.100233 ^ max_cap715/A (sky130_fd_sc_hd__buf_12)
     8    0.073386    0.146724    0.279113    3.379346 ^ max_cap715/X (sky130_fd_sc_hd__buf_12)
                                                         net715 (net)
                      0.148497    0.012800    3.392146 ^ max_cap714/A (sky130_fd_sc_hd__buf_12)
    12    0.078482    0.155158    0.279527    3.671673 ^ max_cap714/X (sky130_fd_sc_hd__buf_12)
                                                         net714 (net)
                      0.156372    0.010970    3.682643 ^ max_cap713/A (sky130_fd_sc_hd__buf_12)
    19    0.112896    0.214099    0.318225    4.000868 ^ max_cap713/X (sky130_fd_sc_hd__buf_12)
                                                         net713 (net)
                      0.219528    0.026959    4.027827 ^ _11017_/A (sky130_fd_sc_hd__nand2_2)
     4    0.020539    0.202390    0.245385    4.273212 v _11017_/Y (sky130_fd_sc_hd__nand2_2)
                                                         _01962_ (net)
                      0.202401    0.001735    4.274947 v _11134_/A1 (sky130_fd_sc_hd__a22oi_1)
     1    0.004378    0.281240    0.355595    4.630542 ^ _11134_/Y (sky130_fd_sc_hd__a22oi_1)
                                                         _02077_ (net)
                      0.281240    0.000282    4.630825 ^ _11149_/B1 (sky130_fd_sc_hd__o211ai_1)
     1    0.004388    0.192748    0.293702    4.924526 v _11149_/Y (sky130_fd_sc_hd__o211ai_1)
                                                         _02092_ (net)
                      0.192748    0.000274    4.924801 v wire374/A (sky130_fd_sc_hd__clkbuf_2)
     7    0.026840    0.192719    0.357795    5.282596 v wire374/X (sky130_fd_sc_hd__clkbuf_2)
                                                         net374 (net)
                      0.192743    0.002157    5.284753 v _11211_/B1_N (sky130_fd_sc_hd__a21boi_1)
     1    0.002880    0.105575    0.311075    5.595829 v _11211_/Y (sky130_fd_sc_hd__a21boi_1)
                                                         _02153_ (net)
                      0.105575    0.000192    5.596020 v wire334/A (sky130_fd_sc_hd__clkbuf_2)
     3    0.017321    0.130660    0.271018    5.867038 v wire334/X (sky130_fd_sc_hd__clkbuf_2)
                                                         net334 (net)
                      0.130667    0.001101    5.868139 v _11244_/A (sky130_fd_sc_hd__nand3_4)
     5    0.025016    0.189239    0.174057    6.042196 ^ _11244_/Y (sky130_fd_sc_hd__nand3_4)
                                                         _02186_ (net)
                      0.189241    0.001268    6.043464 ^ _11275_/B (sky130_fd_sc_hd__nand4_1)
     2    0.011545    0.406977    0.427714    6.471179 v _11275_/Y (sky130_fd_sc_hd__nand4_1)
                                                         _02217_ (net)
                      0.406982    0.001167    6.472345 v _11277_/B (sky130_fd_sc_hd__nand3_2)
     5    0.017975    0.209624    0.342205    6.814551 ^ _11277_/Y (sky130_fd_sc_hd__nand3_2)
                                                         _02219_ (net)
                      0.209628    0.001206    6.815757 ^ _11285_/A2_N (sky130_fd_sc_hd__o2bb2ai_1)
     2    0.009414    0.377332    0.342711    7.158468 ^ _11285_/Y (sky130_fd_sc_hd__o2bb2ai_1)
                                                         _02227_ (net)
                      0.377334    0.000637    7.159105 ^ _11289_/C1 (sky130_fd_sc_hd__o211ai_2)
     2    0.008776    0.201447    0.312361    7.471467 v _11289_/Y (sky130_fd_sc_hd__o211ai_2)
                                                         _02231_ (net)
                      0.201447    0.000517    7.471983 v max_cap201/A (sky130_fd_sc_hd__clkbuf_2)
     4    0.026515    0.190652    0.360113    7.832096 v max_cap201/X (sky130_fd_sc_hd__clkbuf_2)
                                                         net201 (net)
                      0.190659    0.001397    7.833493 v _11294_/A2 (sky130_fd_sc_hd__a21oi_2)
     2    0.016290    0.352431    0.432346    8.265839 ^ _11294_/Y (sky130_fd_sc_hd__a21oi_2)
                                                         _02236_ (net)
                      0.352545    0.001121    8.266960 ^ _11393_/A2 (sky130_fd_sc_hd__o22ai_4)
     4    0.022420    0.161864    0.274456    8.541416 v _11393_/Y (sky130_fd_sc_hd__o22ai_4)
                                                         _02334_ (net)
                      0.161869    0.001607    8.543022 v _11628_/B2 (sky130_fd_sc_hd__o22ai_4)
     4    0.025211    0.397559    0.344978    8.888000 ^ _11628_/Y (sky130_fd_sc_hd__o22ai_4)
                                                         _02567_ (net)
                      0.397599    0.003022    8.891023 ^ _11881_/B (sky130_fd_sc_hd__nand4_4)
     2    0.015951    0.235412    0.351449    9.242471 v _11881_/Y (sky130_fd_sc_hd__nand4_4)
                                                         _02818_ (net)
                      0.235424    0.001694    9.244164 v _12186_/A (sky130_fd_sc_hd__nand3_4)
     1    0.019989    0.146741    0.207605    9.451770 ^ _12186_/Y (sky130_fd_sc_hd__nand3_4)
                                                         _03121_ (net)
                      0.146754    0.002531    9.454301 ^ _12674_/A (sky130_fd_sc_hd__nand4_4)
     4    0.032358    0.356425    0.330306    9.784607 v _12674_/Y (sky130_fd_sc_hd__nand4_4)
                                                         _03605_ (net)
                      0.356553    0.005357    9.789964 v _13026_/A (sky130_fd_sc_hd__nand4_4)
     6    0.033064    0.240729    0.317178   10.107142 ^ _13026_/Y (sky130_fd_sc_hd__nand4_4)
                                                         _03953_ (net)
                      0.240755    0.002568   10.109710 ^ rebuffer241/A (sky130_fd_sc_hd__dlygate4sd1_1)
     1    0.002720    0.063992    0.438968   10.548677 ^ rebuffer241/X (sky130_fd_sc_hd__dlygate4sd1_1)
                                                         net1076 (net)
                      0.063992    0.000201   10.548879 ^ _13029_/C1 (sky130_fd_sc_hd__o2111ai_1)
     2    0.005271    0.262813    0.287259   10.836138 v _13029_/Y (sky130_fd_sc_hd__o2111ai_1)
                                                         _03956_ (net)
                      0.262813    0.000368   10.836505 v _13072_/B (sky130_fd_sc_hd__nand2_1)
     2    0.007450    0.146014    0.234903   11.071408 ^ _13072_/Y (sky130_fd_sc_hd__nand2_1)
                                                         _03998_ (net)
                      0.146014    0.000433   11.071840 ^ _13073_/A1 (sky130_fd_sc_hd__a21oi_1)
     1    0.002902    0.123341    0.151207   11.223047 v _13073_/Y (sky130_fd_sc_hd__a21oi_1)
                                                         _03999_ (net)
                      0.123341    0.000201   11.223248 v _13074_/B1 (sky130_fd_sc_hd__o21a_1)
     1    0.001947    0.057513    0.203245   11.426494 v _13074_/X (sky130_fd_sc_hd__o21a_1)
                                                         _00299_ (net)
                      0.057513    0.000139   11.426633 v _20659_/D (sky130_fd_sc_hd__dfxtp_1)
                                             11.426633   data arrival time

                                 10.000000   10.000000   clock clk (rise edge)
                                  0.000000   10.000000   clock source latency
     2    0.066866    0.299780    0.222396   10.222397 ^ clk (in)
                                                         clk (net)
                      0.299828    0.000000   10.222397 ^ clkbuf_0_clk/A (sky130_fd_sc_hd__clkbuf_16)
     8    0.209303    0.329728    0.526298   10.748694 ^ clkbuf_0_clk/X (sky130_fd_sc_hd__clkbuf_16)
                                                         clknet_0_clk (net)
                      0.330947    0.015317   10.764011 ^ clkbuf_3_2_0_clk/A (sky130_fd_sc_hd__clkbuf_16)
    10    0.163314    0.268414    0.488375   11.252386 ^ clkbuf_3_2_0_clk/X (sky130_fd_sc_hd__clkbuf_16)
                                                         clknet_3_2_0_clk (net)
                      0.271564    0.023372   11.275758 ^ clkbuf_leaf_16_clk/A (sky130_fd_sc_hd__clkbuf_16)
     7    0.040429    0.096110    0.339499   11.615256 ^ clkbuf_leaf_16_clk/X (sky130_fd_sc_hd__clkbuf_16)
                                                         clknet_leaf_16_clk (net)
                      0.096172    0.002251   11.617507 ^ _20659_/CLK (sky130_fd_sc_hd__dfxtp_1)
                                 -0.200000   11.417507   clock uncertainty
                                  0.000000   11.417507   clock reconvergence pessimism
                                 -0.256741   11.160766   library setup time
                                             11.160766   data required time
---------------------------------------------------------------------------------------------
                                             11.160766   data required time
                                            -11.426633   data arrival time
---------------------------------------------------------------------------------------------
                                             -0.265867   slack (VIOLATED)




===========================================================================
 report_check_types -max_slew -max_cap -max_fanout -violators
============================================================================
======================= max_ss_100C_1v60 Corner ===================================



===========================================================================
report_parasitic_annotation -report_unannotated
============================================================================
Found 66 unannotated drivers.
 clkload0/Y
 clkload1/Y
 clkload10/X
 clkload11/X
 clkload12/X
 clkload13/X
 clkload14/X
 clkload15/Y
 clkload16/Y
 clkload17/Y
 clkload18/Y
 clkload19/Y
 clkload2/Y
 clkload20/Y
 clkload21/Y
 clkload22/Y
 clkload23/Y
 clkload24/Y
 clkload25/Y
 clkload26/Y
 clkload27/Y
 clkload28/Y
 clkload29/Y
 clkload3/Y
 clkload30/Y
 clkload31/X
 clkload32/Y
 clkload33/Y
 clkload34/Y
 clkload35/Y
 clkload36/Y
 clkload37/Y
 clkload38/Y
 clkload39/Y
 clkload4/Y
 clkload40/Y
 clkload41/Y
 clkload42/Y
 clkload43/Y
 clkload44/X
 clkload45/Y
 clkload46/Y
 clkload47/Y
 clkload48/Y
 clkload49/Y
 clkload5/Y
 clkload50/Y
 clkload51/Y
 clkload52/Y
 clkload53/Y
 clkload54/Y
 clkload55/Y
 clkload56/Y
 clkload57/Y
 clkload58/Y
 clkload59/Y
 clkload6/Y
 clkload60/X
 clkload61/Y
 clkload62/Y
 clkload63/X
 clkload64/X
 clkload65/Y
 clkload7/X
 clkload8/X
 clkload9/X
Found 0 partially unannotated drivers.

===========================================================================
max slew violation count 0
max fanout violation count 0
max cap violation count 0
============================================================================

===========================================================================
check_setup -verbose -unconstrained_endpoints -multiple_clock -no_clock -no_input_delay -loops -generated_clocks
===========================================================================
