Clock: clk
Sources: clk 
Generated: no
Virtual: yes
Propagated: no
Period: 10.000000

===========================================================================
report_clock_properties
============================================================================
Clock                   Period          Waveform
----------------------------------------------------
clk                  10.000000    0.000000  5.000000

===========================================================================
report_clock_latency
============================================================================
Clock clk
rise -> rise
    min     max
0.000000 0.000000 source latency
1.229566         network latency _20697_/CLK
        1.644804 network latency _20525_/CLK
---------------
1.229566 1.644804 latency
        0.415238 skew

fall -> fall
    min     max
0.000000 0.000000 source latency
1.032496         network latency _20697_/CLK
        1.425657 network latency _20539_/CLK
---------------
1.032496 1.425657 latency
        0.393161 skew



===========================================================================
report_clock_min_period
============================================================================
clk period_min = 10.27 fmax = 97.41
