
===========================================================================
report_checks -unconstrained
===========================================================================
======================= nom_ss_100C_1v60 Corner ===================================

Startpoint: _20668_ (rising edge-triggered flip-flop clocked by clk)
Endpoint: _20564_ (rising edge-triggered flip-flop clocked by clk)
Path Group: clk
Path Type: max

Fanout         Cap        Slew       Delay        Time   Description
---------------------------------------------------------------------------------------------
                                  0.000000    0.000000   clock clk (rise edge)
                                  0.000000    0.000000   clock source latency
     2    0.053106    0.242691    0.180003    0.180003 ^ clk (in)
                                                         clk (net)
                      0.242789    0.000000    0.180003 ^ clkbuf_0_clk/A (sky130_fd_sc_hd__clkbuf_16)
     8    0.224420    0.349490    0.522694    0.702697 ^ clkbuf_0_clk/X (sky130_fd_sc_hd__clkbuf_16)
                                                         clknet_0_clk (net)
                      0.349773    0.006111    0.708807 ^ clkbuf_3_4__f_clk/A (sky130_fd_sc_hd__clkbuf_16)
    11    0.106098    0.186736    0.441289    1.150097 ^ clkbuf_3_4__f_clk/X (sky130_fd_sc_hd__clkbuf_16)
                                                         clknet_3_4__leaf_clk (net)
                      0.186904    0.005145    1.155242 ^ clkbuf_leaf_6_clk/A (sky130_fd_sc_hd__clkbuf_8)
     5    0.026923    0.100155    0.305104    1.460346 ^ clkbuf_leaf_6_clk/X (sky130_fd_sc_hd__clkbuf_8)
                                                         clknet_leaf_6_clk (net)
                      0.100157    0.000619    1.460965 ^ _20668_/CLK (sky130_fd_sc_hd__dfxtp_1)
     3    0.039707    0.588457    1.019478    2.480443 ^ _20668_/Q (sky130_fd_sc_hd__dfxtp_1)
                                                         p_hl[2] (net)
                      0.588457    0.001528    2.481971 ^ _10635_/A_N (sky130_fd_sc_hd__and2b_1)
     2    0.009650    0.121161    0.588776    3.070747 v _10635_/X (sky130_fd_sc_hd__and2b_1)
                                                         _01681_ (net)
                      0.121161    0.000242    3.070989 v _10638_/B1 (sky130_fd_sc_hd__o2bb2ai_2)
     3    0.016575    0.370940    0.411362    3.482351 ^ _10638_/Y (sky130_fd_sc_hd__o2bb2ai_2)
                                                         _01684_ (net)
                      0.370944    0.000919    3.483270 ^ _10645_/A2 (sky130_fd_sc_hd__a21boi_1)
     3    0.009039    0.188900    0.312176    3.795447 v _10645_/Y (sky130_fd_sc_hd__a21boi_1)
                                                         _01690_ (net)
                      0.188900    0.000254    3.795700 v _10654_/B2 (sky130_fd_sc_hd__o22ai_1)
     1    0.005419    0.288512    0.286857    4.082558 ^ _10654_/Y (sky130_fd_sc_hd__o22ai_1)
                                                         _01697_ (net)
                      0.288512    0.000210    4.082767 ^ _10663_/B (sky130_fd_sc_hd__nand3_1)
     3    0.010418    0.290147    0.367734    4.450502 v _10663_/Y (sky130_fd_sc_hd__nand3_1)
                                                         _01705_ (net)
                      0.290147    0.000279    4.450781 v _10670_/C1 (sky130_fd_sc_hd__o211ai_2)
     2    0.007882    0.258072    0.210305    4.661086 ^ _10670_/Y (sky130_fd_sc_hd__o211ai_2)
                                                         _01711_ (net)
                      0.258072    0.000170    4.661255 ^ _10675_/C1 (sky130_fd_sc_hd__o211ai_2)
     3    0.010743    0.207313    0.287605    4.948860 v _10675_/Y (sky130_fd_sc_hd__o211ai_2)
                                                         _01715_ (net)
                      0.207313    0.000185    4.949045 v _10679_/C1 (sky130_fd_sc_hd__o211ai_2)
     3    0.014406    0.358534    0.218612    5.167657 ^ _10679_/Y (sky130_fd_sc_hd__o211ai_2)
                                                         _01719_ (net)
                      0.358534    0.000466    5.168122 ^ _10688_/C1 (sky130_fd_sc_hd__o211ai_2)
     2    0.012599    0.240142    0.344473    5.512596 v _10688_/Y (sky130_fd_sc_hd__o211ai_2)
                                                         _01726_ (net)
                      0.240142    0.000283    5.512879 v _10690_/C1 (sky130_fd_sc_hd__o211ai_4)
     3    0.029226    0.439996    0.275679    5.788558 ^ _10690_/Y (sky130_fd_sc_hd__o211ai_4)
                                                         _01728_ (net)
                      0.439996    0.001000    5.789558 ^ _10702_/B (sky130_fd_sc_hd__nand3_1)
     2    0.008128    0.254784    0.379312    6.168870 v _10702_/Y (sky130_fd_sc_hd__nand3_1)
                                                         _01738_ (net)
                      0.254784    0.000302    6.169172 v _10704_/C1 (sky130_fd_sc_hd__o211ai_1)
     1    0.006276    0.343914    0.255939    6.425112 ^ _10704_/Y (sky130_fd_sc_hd__o211ai_1)
                                                         _01740_ (net)
                      0.343914    0.000210    6.425322 ^ _10714_/B (sky130_fd_sc_hd__nand3b_2)
     4    0.018948    0.296230    0.388730    6.814052 v _10714_/Y (sky130_fd_sc_hd__nand3b_2)
                                                         _01748_ (net)
                      0.296230    0.000363    6.814415 v _10724_/C1 (sky130_fd_sc_hd__o211ai_4)
     4    0.036840    0.515878    0.330220    7.144635 ^ _10724_/Y (sky130_fd_sc_hd__o211ai_4)
                                                         _01756_ (net)
                      0.515961    0.005096    7.149731 ^ _10727_/A (sky130_fd_sc_hd__nand2_1)
     3    0.009422    0.222595    0.349801    7.499532 v _10727_/Y (sky130_fd_sc_hd__nand2_1)
                                                         _01759_ (net)
                      0.222595    0.000138    7.499670 v _10758_/A1 (sky130_fd_sc_hd__a21oi_1)
     2    0.010765    0.408547    0.453500    7.953170 ^ _10758_/Y (sky130_fd_sc_hd__a21oi_1)
                                                         _01786_ (net)
                      0.408547    0.000366    7.953536 ^ _10790_/A1 (sky130_fd_sc_hd__o21a_1)
     4    0.014902    0.241739    0.488732    8.442267 ^ _10790_/X (sky130_fd_sc_hd__o21a_1)
                                                         _01814_ (net)
                      0.241739    0.000271    8.442538 ^ _10802_/B2 (sky130_fd_sc_hd__o22ai_1)
     2    0.008014    0.198538    0.253032    8.695571 v _10802_/Y (sky130_fd_sc_hd__o22ai_1)
                                                         _01824_ (net)
                      0.198538    0.000319    8.695889 v _10804_/A (sky130_fd_sc_hd__nand2_1)
     2    0.005916    0.119190    0.180534    8.876424 ^ _10804_/Y (sky130_fd_sc_hd__nand2_1)
                                                         _01826_ (net)
                      0.119190    0.000133    8.876556 ^ _10807_/B1_N (sky130_fd_sc_hd__a21bo_1)
     1    0.003163    0.064920    0.382506    9.259063 v _10807_/X (sky130_fd_sc_hd__a21bo_1)
                                                         _01828_ (net)
                      0.064920    0.000101    9.259165 v hold510/A (sky130_fd_sc_hd__dlygate4sd3_1)
     2    0.006441    0.141254    1.171424   10.430588 v hold510/X (sky130_fd_sc_hd__dlygate4sd3_1)
                                                         net1307 (net)
                      0.141254    0.000155   10.430743 v _10808_/A1 (sky130_fd_sc_hd__a21oi_1)
     1    0.003125    0.191433    0.238649   10.669393 ^ _10808_/Y (sky130_fd_sc_hd__a21oi_1)
                                                         _01829_ (net)
                      0.191433    0.000091   10.669484 ^ _10809_/B1 (sky130_fd_sc_hd__o21a_1)
     1    0.019798    0.312820    0.451973   11.121457 ^ _10809_/X (sky130_fd_sc_hd__o21a_1)
                                                         _00204_ (net)
                      0.312820    0.000563   11.122020 ^ _20564_/D (sky130_fd_sc_hd__dfxtp_1)
                                             11.122020   data arrival time

                                 10.000000   10.000000   clock clk (rise edge)
                                  0.000000   10.000000   clock source latency
     2    0.053106    0.242691    0.180003   10.180003 ^ clk (in)
                                                         clk (net)
                      0.242789    0.000000   10.180003 ^ clkbuf_0_clk/A (sky130_fd_sc_hd__clkbuf_16)
     8    0.224420    0.349490    0.522694   10.702697 ^ clkbuf_0_clk/X (sky130_fd_sc_hd__clkbuf_16)
                                                         clknet_0_clk (net)
                      0.349804    0.006681   10.709377 ^ clkbuf_3_5__f_clk/A (sky130_fd_sc_hd__clkbuf_16)
     9    0.089776    0.163767    0.424503   11.133881 ^ clkbuf_3_5__f_clk/X (sky130_fd_sc_hd__clkbuf_16)
                                                         clknet_3_5__leaf_clk (net)
                      0.163950    0.004905   11.138785 ^ clkbuf_leaf_17_clk/A (sky130_fd_sc_hd__clkbuf_8)
    17    0.060511    0.179700    0.358324   11.497109 ^ clkbuf_leaf_17_clk/X (sky130_fd_sc_hd__clkbuf_8)
                                                         clknet_leaf_17_clk (net)
                      0.179712    0.001640   11.498750 ^ _20564_/CLK (sky130_fd_sc_hd__dfxtp_1)
                                 -0.200000   11.298750   clock uncertainty
                                  0.000000   11.298750   clock reconvergence pessimism
                                 -0.172693   11.126057   library setup time
                                             11.126057   data required time
---------------------------------------------------------------------------------------------
                                             11.126057   data required time
                                            -11.122020   data arrival time
---------------------------------------------------------------------------------------------
                                              0.004037   slack (MET)




===========================================================================
report_checks --slack_max -0.01
============================================================================
======================= nom_ss_100C_1v60 Corner ===================================

No paths found.


===========================================================================
 report_check_types -max_slew -max_cap -max_fanout -violators
============================================================================
======================= nom_ss_100C_1v60 Corner ===================================



===========================================================================
report_parasitic_annotation -report_unannotated
============================================================================
Found 56 unannotated drivers.
 clkload0/Y
 clkload1/Y
 clkload10/Y
 clkload11/Y
 clkload12/Y
 clkload13/Y
 clkload14/Y
 clkload15/Y
 clkload16/Y
 clkload17/Y
 clkload18/Y
 clkload19/Y
 clkload2/X
 clkload20/Y
 clkload21/Y
 clkload22/Y
 clkload23/Y
 clkload24/Y
 clkload25/Y
 clkload26/Y
 clkload27/Y
 clkload28/Y
 clkload29/Y
 clkload3/Y
 clkload30/Y
 clkload31/Y
 clkload32/Y
 clkload33/Y
 clkload34/X
 clkload35/Y
 clkload36/Y
 clkload37/Y
 clkload38/Y
 clkload39/Y
 clkload4/Y
 clkload40/Y
 clkload41/Y
 clkload42/Y
 clkload43/Y
 clkload44/Y
 clkload45/Y
 clkload46/Y
 clkload47/Y
 clkload48/Y
 clkload49/Y
 clkload5/Y
 clkload50/Y
 clkload51/Y
 clkload52/Y
 clkload53/Y
 clkload54/Y
 clkload55/Y
 clkload6/Y
 clkload7/X
 clkload8/X
 clkload9/Y
Found 0 partially unannotated drivers.

===========================================================================
max slew violation count 0
max fanout violation count 0
max cap violation count 0
============================================================================

===========================================================================
check_setup -verbose -unconstrained_endpoints -multiple_clock -no_clock -no_input_delay -loops -generated_clocks
===========================================================================
