
===========================================================================
report_checks -unconstrained
===========================================================================
======================= max_ss_100C_1v60 Corner ===================================

Startpoint: _20799_ (rising edge-triggered flip-flop clocked by clk)
Endpoint: _20728_ (rising edge-triggered flip-flop clocked by clk)
Path Group: clk
Path Type: max

Fanout         Cap        Slew       Delay        Time   Description
---------------------------------------------------------------------------------------------
                                  0.000000    0.000000   clock clk (rise edge)
                                  0.000000    0.000000   clock source latency
     2    0.056526    0.256973    0.190778    0.190778 ^ clk (in)
                                                         clk (net)
                      0.257005    0.000000    0.190778 ^ clkbuf_0_clk/A (sky130_fd_sc_hd__clkbuf_16)
     8    0.234613    0.366194    0.532519    0.723297 ^ clkbuf_0_clk/X (sky130_fd_sc_hd__clkbuf_16)
                                                         clknet_0_clk (net)
                      0.367183    0.015626    0.738923 ^ clkbuf_3_0__f_clk/A (sky130_fd_sc_hd__clkbuf_16)
    11    0.111887    0.195458    0.451311    1.190234 ^ clkbuf_3_0__f_clk/X (sky130_fd_sc_hd__clkbuf_16)
                                                         clknet_3_0__leaf_clk (net)
                      0.196052    0.008781    1.199015 ^ clkbuf_leaf_71_clk/A (sky130_fd_sc_hd__clkbuf_8)
     5    0.021691    0.087512    0.297144    1.496158 ^ clkbuf_leaf_71_clk/X (sky130_fd_sc_hd__clkbuf_8)
                                                         clknet_leaf_71_clk (net)
                      0.087520    0.000911    1.497070 ^ _20799_/CLK (sky130_fd_sc_hd__dfxtp_1)
     2    0.026029    0.393413    0.872952    2.370022 ^ _20799_/Q (sky130_fd_sc_hd__dfxtp_1)
                                                         b_h[5] (net)
                      0.393421    0.002365    2.372386 ^ max_cap519/A (sky130_fd_sc_hd__buf_8)
    14    0.120261    0.307575    0.467844    2.840230 ^ max_cap519/X (sky130_fd_sc_hd__buf_8)
                                                         net519 (net)
                      0.309645    0.020448    2.860678 ^ wire517/A (sky130_fd_sc_hd__buf_8)
    19    0.132416    0.336878    0.460230    3.320908 ^ wire517/X (sky130_fd_sc_hd__buf_8)
                                                         net517 (net)
                      0.339055    0.021953    3.342861 ^ max_cap516/A (sky130_fd_sc_hd__buf_8)
    26    0.117243    0.299951    0.445626    3.788487 ^ max_cap516/X (sky130_fd_sc_hd__buf_8)
                                                         net516 (net)
                      0.302489    0.022232    3.810720 ^ _15654_/B (sky130_fd_sc_hd__nand2_1)
     3    0.016600    0.286614    0.356658    4.167377 v _15654_/Y (sky130_fd_sc_hd__nand2_1)
                                                         _06535_ (net)
                      0.286614    0.000991    4.168368 v _15662_/B1 (sky130_fd_sc_hd__a21oi_1)
     2    0.006130    0.273544    0.347438    4.515807 ^ _15662_/Y (sky130_fd_sc_hd__a21oi_1)
                                                         _06543_ (net)
                      0.273544    0.000503    4.516310 ^ _15664_/A2 (sky130_fd_sc_hd__a21oi_1)
     2    0.012806    0.238574    0.323956    4.840265 v _15664_/Y (sky130_fd_sc_hd__a21oi_1)
                                                         _06545_ (net)
                      0.238574    0.000667    4.840933 v max_cap347/A (sky130_fd_sc_hd__clkbuf_1)
     2    0.007912    0.103498    0.282501    5.123434 v max_cap347/X (sky130_fd_sc_hd__clkbuf_1)
                                                         net347 (net)
                      0.103499    0.000500    5.123933 v _15705_/A2 (sky130_fd_sc_hd__a21boi_2)
     2    0.007784    0.207442    0.286410    5.410343 ^ _15705_/Y (sky130_fd_sc_hd__a21boi_2)
                                                         _06585_ (net)
                      0.207442    0.000512    5.410855 ^ _15744_/B (sky130_fd_sc_hd__nand3_2)
     4    0.014352    0.230674    0.290650    5.701505 v _15744_/Y (sky130_fd_sc_hd__nand3_2)
                                                         _06624_ (net)
                      0.230674    0.000796    5.702301 v _15775_/A2_N (sky130_fd_sc_hd__o2bb2ai_1)
     1    0.004498    0.116711    0.321988    6.024289 v _15775_/Y (sky130_fd_sc_hd__o2bb2ai_1)
                                                         _06654_ (net)
                      0.116711    0.000299    6.024588 v wire214/A (sky130_fd_sc_hd__buf_1)
     1    0.009763    0.122507    0.241263    6.265851 v wire214/X (sky130_fd_sc_hd__buf_1)
                                                         net214 (net)
                      0.122510    0.000749    6.266600 v _15842_/B (sky130_fd_sc_hd__nand3_4)
     7    0.031952    0.197051    0.221016    6.487616 ^ _15842_/Y (sky130_fd_sc_hd__nand3_4)
                                                         _06721_ (net)
                      0.197068    0.001899    6.489515 ^ _15843_/A2 (sky130_fd_sc_hd__a21o_1)
     2    0.008576    0.136246    0.317618    6.807134 ^ _15843_/X (sky130_fd_sc_hd__a21o_1)
                                                         _06722_ (net)
                      0.136246    0.000575    6.807709 ^ _15850_/B1 (sky130_fd_sc_hd__o211ai_2)
     2    0.010447    0.205517    0.265867    7.073576 v _15850_/Y (sky130_fd_sc_hd__o211ai_2)
                                                         _06729_ (net)
                      0.205517    0.000529    7.074105 v max_cap176/A (sky130_fd_sc_hd__buf_4)
     5    0.026279    0.087965    0.354751    7.428856 v max_cap176/X (sky130_fd_sc_hd__buf_4)
                                                         net176 (net)
                      0.087984    0.001185    7.430042 v _15851_/B (sky130_fd_sc_hd__nand2_1)
     3    0.012290    0.203077    0.202774    7.632815 ^ _15851_/Y (sky130_fd_sc_hd__nand2_1)
                                                         _06730_ (net)
                      0.203079    0.001106    7.633921 ^ _15855_/C1 (sky130_fd_sc_hd__o211ai_2)
     2    0.009489    0.189374    0.254640    7.888561 v _15855_/Y (sky130_fd_sc_hd__o211ai_2)
                                                         _06734_ (net)
                      0.189375    0.000527    7.889088 v _15859_/A1_N (sky130_fd_sc_hd__o2bb2ai_2)
     2    0.015172    0.158101    0.338618    8.227706 v _15859_/Y (sky130_fd_sc_hd__o2bb2ai_2)
                                                         _06738_ (net)
                      0.158107    0.001189    8.228895 v _15968_/B2 (sky130_fd_sc_hd__o22ai_4)
     4    0.027790    0.422790    0.362590    8.591485 ^ _15968_/Y (sky130_fd_sc_hd__o22ai_4)
                                                         _06845_ (net)
                      0.422897    0.005106    8.596591 ^ _16185_/A2_N (sky130_fd_sc_hd__o2bb2ai_4)
     5    0.024967    0.321626    0.372812    8.969403 ^ _16185_/Y (sky130_fd_sc_hd__o2bb2ai_4)
                                                         _07060_ (net)
                      0.321776    0.002668    8.972072 ^ _16565_/A (sky130_fd_sc_hd__nand2_2)
     2    0.022204    0.215891    0.293857    9.265928 v _16565_/Y (sky130_fd_sc_hd__nand2_2)
                                                         _07438_ (net)
                      0.216016    0.002502    9.268430 v _16716_/B1 (sky130_fd_sc_hd__a22oi_4)
     3    0.049890    0.621577    0.591002    9.859432 ^ _16716_/Y (sky130_fd_sc_hd__a22oi_4)
                                                         _07587_ (net)
                      0.621664    0.005913    9.865345 ^ _17761_/A1 (sky130_fd_sc_hd__a21oi_4)
     3    0.027754    0.211231    0.360703   10.226048 v _17761_/Y (sky130_fd_sc_hd__a21oi_4)
                                                         _08624_ (net)
                      0.211291    0.003316   10.229364 v rebuffer163/A (sky130_fd_sc_hd__buf_1)
     1    0.003209    0.055148    0.231127   10.460491 v rebuffer163/X (sky130_fd_sc_hd__buf_1)
                                                         net958 (net)
                      0.055148    0.000211   10.460703 v _17917_/A2 (sky130_fd_sc_hd__o21bai_1)
     2    0.012346    0.460229    0.415022   10.875725 ^ _17917_/Y (sky130_fd_sc_hd__o21bai_1)
                                                         _08776_ (net)
                      0.460232    0.000937   10.876661 ^ _17949_/A (sky130_fd_sc_hd__nand2_1)
     1    0.004356    0.147593    0.252698   11.129360 v _17949_/Y (sky130_fd_sc_hd__nand2_1)
                                                         _08806_ (net)
                      0.147593    0.000272   11.129632 v _17952_/A2 (sky130_fd_sc_hd__a21oi_1)
     1    0.004347    0.212435    0.294789   11.424421 ^ _17952_/Y (sky130_fd_sc_hd__a21oi_1)
                                                         _08809_ (net)
                      0.212435    0.000276   11.424697 ^ _17954_/C (sky130_fd_sc_hd__nor3_1)
     1    0.002845    0.119301    0.133954   11.558651 v _17954_/Y (sky130_fd_sc_hd__nor3_1)
                                                         _00368_ (net)
                      0.119301    0.000201   11.558852 v _20728_/D (sky130_fd_sc_hd__dfxtp_1)
                                             11.558852   data arrival time

                                 10.000000   10.000000   clock clk (rise edge)
                                  0.000000   10.000000   clock source latency
     2    0.056526    0.256973    0.190778   10.190779 ^ clk (in)
                                                         clk (net)
                      0.257005    0.000000   10.190779 ^ clkbuf_0_clk/A (sky130_fd_sc_hd__clkbuf_16)
     8    0.234613    0.366194    0.532519   10.723297 ^ clkbuf_0_clk/X (sky130_fd_sc_hd__clkbuf_16)
                                                         clknet_0_clk (net)
                      0.367977    0.020747   10.744044 ^ clkbuf_3_2__f_clk/A (sky130_fd_sc_hd__clkbuf_16)
    10    0.112021    0.195494    0.453131   11.197175 ^ clkbuf_3_2__f_clk/X (sky130_fd_sc_hd__clkbuf_16)
                                                         clknet_3_2__leaf_clk (net)
                      0.196219    0.008805   11.205979 ^ clkbuf_leaf_8_clk/A (sky130_fd_sc_hd__clkbuf_8)
     7    0.048312    0.149721    0.350023   11.556003 ^ clkbuf_leaf_8_clk/X (sky130_fd_sc_hd__clkbuf_8)
                                                         clknet_leaf_8_clk (net)
                      0.149747    0.002006   11.558008 ^ _20728_/CLK (sky130_fd_sc_hd__dfxtp_1)
                                 -0.200000   11.358008   clock uncertainty
                                  0.000000   11.358008   clock reconvergence pessimism
                                 -0.267965   11.090043   library setup time
                                             11.090043   data required time
---------------------------------------------------------------------------------------------
                                             11.090043   data required time
                                            -11.558852   data arrival time
---------------------------------------------------------------------------------------------
                                             -0.468809   slack (VIOLATED)




===========================================================================
report_checks --slack_max -0.01
============================================================================
======================= max_ss_100C_1v60 Corner ===================================

Startpoint: _20799_ (rising edge-triggered flip-flop clocked by clk)
Endpoint: _20728_ (rising edge-triggered flip-flop clocked by clk)
Path Group: clk
Path Type: max

Fanout         Cap        Slew       Delay        Time   Description
---------------------------------------------------------------------------------------------
                                  0.000000    0.000000   clock clk (rise edge)
                                  0.000000    0.000000   clock source latency
     2    0.056526    0.256973    0.190778    0.190778 ^ clk (in)
                                                         clk (net)
                      0.257005    0.000000    0.190778 ^ clkbuf_0_clk/A (sky130_fd_sc_hd__clkbuf_16)
     8    0.234613    0.366194    0.532519    0.723297 ^ clkbuf_0_clk/X (sky130_fd_sc_hd__clkbuf_16)
                                                         clknet_0_clk (net)
                      0.367183    0.015626    0.738923 ^ clkbuf_3_0__f_clk/A (sky130_fd_sc_hd__clkbuf_16)
    11    0.111887    0.195458    0.451311    1.190234 ^ clkbuf_3_0__f_clk/X (sky130_fd_sc_hd__clkbuf_16)
                                                         clknet_3_0__leaf_clk (net)
                      0.196052    0.008781    1.199015 ^ clkbuf_leaf_71_clk/A (sky130_fd_sc_hd__clkbuf_8)
     5    0.021691    0.087512    0.297144    1.496158 ^ clkbuf_leaf_71_clk/X (sky130_fd_sc_hd__clkbuf_8)
                                                         clknet_leaf_71_clk (net)
                      0.087520    0.000911    1.497070 ^ _20799_/CLK (sky130_fd_sc_hd__dfxtp_1)
     2    0.026029    0.393413    0.872952    2.370022 ^ _20799_/Q (sky130_fd_sc_hd__dfxtp_1)
                                                         b_h[5] (net)
                      0.393421    0.002365    2.372386 ^ max_cap519/A (sky130_fd_sc_hd__buf_8)
    14    0.120261    0.307575    0.467844    2.840230 ^ max_cap519/X (sky130_fd_sc_hd__buf_8)
                                                         net519 (net)
                      0.309645    0.020448    2.860678 ^ wire517/A (sky130_fd_sc_hd__buf_8)
    19    0.132416    0.336878    0.460230    3.320908 ^ wire517/X (sky130_fd_sc_hd__buf_8)
                                                         net517 (net)
                      0.339055    0.021953    3.342861 ^ max_cap516/A (sky130_fd_sc_hd__buf_8)
    26    0.117243    0.299951    0.445626    3.788487 ^ max_cap516/X (sky130_fd_sc_hd__buf_8)
                                                         net516 (net)
                      0.302489    0.022232    3.810720 ^ _15654_/B (sky130_fd_sc_hd__nand2_1)
     3    0.016600    0.286614    0.356658    4.167377 v _15654_/Y (sky130_fd_sc_hd__nand2_1)
                                                         _06535_ (net)
                      0.286614    0.000991    4.168368 v _15662_/B1 (sky130_fd_sc_hd__a21oi_1)
     2    0.006130    0.273544    0.347438    4.515807 ^ _15662_/Y (sky130_fd_sc_hd__a21oi_1)
                                                         _06543_ (net)
                      0.273544    0.000503    4.516310 ^ _15664_/A2 (sky130_fd_sc_hd__a21oi_1)
     2    0.012806    0.238574    0.323956    4.840265 v _15664_/Y (sky130_fd_sc_hd__a21oi_1)
                                                         _06545_ (net)
                      0.238574    0.000667    4.840933 v max_cap347/A (sky130_fd_sc_hd__clkbuf_1)
     2    0.007912    0.103498    0.282501    5.123434 v max_cap347/X (sky130_fd_sc_hd__clkbuf_1)
                                                         net347 (net)
                      0.103499    0.000500    5.123933 v _15705_/A2 (sky130_fd_sc_hd__a21boi_2)
     2    0.007784    0.207442    0.286410    5.410343 ^ _15705_/Y (sky130_fd_sc_hd__a21boi_2)
                                                         _06585_ (net)
                      0.207442    0.000512    5.410855 ^ _15744_/B (sky130_fd_sc_hd__nand3_2)
     4    0.014352    0.230674    0.290650    5.701505 v _15744_/Y (sky130_fd_sc_hd__nand3_2)
                                                         _06624_ (net)
                      0.230674    0.000796    5.702301 v _15775_/A2_N (sky130_fd_sc_hd__o2bb2ai_1)
     1    0.004498    0.116711    0.321988    6.024289 v _15775_/Y (sky130_fd_sc_hd__o2bb2ai_1)
                                                         _06654_ (net)
                      0.116711    0.000299    6.024588 v wire214/A (sky130_fd_sc_hd__buf_1)
     1    0.009763    0.122507    0.241263    6.265851 v wire214/X (sky130_fd_sc_hd__buf_1)
                                                         net214 (net)
                      0.122510    0.000749    6.266600 v _15842_/B (sky130_fd_sc_hd__nand3_4)
     7    0.031952    0.197051    0.221016    6.487616 ^ _15842_/Y (sky130_fd_sc_hd__nand3_4)
                                                         _06721_ (net)
                      0.197068    0.001899    6.489515 ^ _15843_/A2 (sky130_fd_sc_hd__a21o_1)
     2    0.008576    0.136246    0.317618    6.807134 ^ _15843_/X (sky130_fd_sc_hd__a21o_1)
                                                         _06722_ (net)
                      0.136246    0.000575    6.807709 ^ _15850_/B1 (sky130_fd_sc_hd__o211ai_2)
     2    0.010447    0.205517    0.265867    7.073576 v _15850_/Y (sky130_fd_sc_hd__o211ai_2)
                                                         _06729_ (net)
                      0.205517    0.000529    7.074105 v max_cap176/A (sky130_fd_sc_hd__buf_4)
     5    0.026279    0.087965    0.354751    7.428856 v max_cap176/X (sky130_fd_sc_hd__buf_4)
                                                         net176 (net)
                      0.087984    0.001185    7.430042 v _15851_/B (sky130_fd_sc_hd__nand2_1)
     3    0.012290    0.203077    0.202774    7.632815 ^ _15851_/Y (sky130_fd_sc_hd__nand2_1)
                                                         _06730_ (net)
                      0.203079    0.001106    7.633921 ^ _15855_/C1 (sky130_fd_sc_hd__o211ai_2)
     2    0.009489    0.189374    0.254640    7.888561 v _15855_/Y (sky130_fd_sc_hd__o211ai_2)
                                                         _06734_ (net)
                      0.189375    0.000527    7.889088 v _15859_/A1_N (sky130_fd_sc_hd__o2bb2ai_2)
     2    0.015172    0.158101    0.338618    8.227706 v _15859_/Y (sky130_fd_sc_hd__o2bb2ai_2)
                                                         _06738_ (net)
                      0.158107    0.001189    8.228895 v _15968_/B2 (sky130_fd_sc_hd__o22ai_4)
     4    0.027790    0.422790    0.362590    8.591485 ^ _15968_/Y (sky130_fd_sc_hd__o22ai_4)
                                                         _06845_ (net)
                      0.422897    0.005106    8.596591 ^ _16185_/A2_N (sky130_fd_sc_hd__o2bb2ai_4)
     5    0.024967    0.321626    0.372812    8.969403 ^ _16185_/Y (sky130_fd_sc_hd__o2bb2ai_4)
                                                         _07060_ (net)
                      0.321776    0.002668    8.972072 ^ _16565_/A (sky130_fd_sc_hd__nand2_2)
     2    0.022204    0.215891    0.293857    9.265928 v _16565_/Y (sky130_fd_sc_hd__nand2_2)
                                                         _07438_ (net)
                      0.216016    0.002502    9.268430 v _16716_/B1 (sky130_fd_sc_hd__a22oi_4)
     3    0.049890    0.621577    0.591002    9.859432 ^ _16716_/Y (sky130_fd_sc_hd__a22oi_4)
                                                         _07587_ (net)
                      0.621664    0.005913    9.865345 ^ _17761_/A1 (sky130_fd_sc_hd__a21oi_4)
     3    0.027754    0.211231    0.360703   10.226048 v _17761_/Y (sky130_fd_sc_hd__a21oi_4)
                                                         _08624_ (net)
                      0.211291    0.003316   10.229364 v rebuffer163/A (sky130_fd_sc_hd__buf_1)
     1    0.003209    0.055148    0.231127   10.460491 v rebuffer163/X (sky130_fd_sc_hd__buf_1)
                                                         net958 (net)
                      0.055148    0.000211   10.460703 v _17917_/A2 (sky130_fd_sc_hd__o21bai_1)
     2    0.012346    0.460229    0.415022   10.875725 ^ _17917_/Y (sky130_fd_sc_hd__o21bai_1)
                                                         _08776_ (net)
                      0.460232    0.000937   10.876661 ^ _17949_/A (sky130_fd_sc_hd__nand2_1)
     1    0.004356    0.147593    0.252698   11.129360 v _17949_/Y (sky130_fd_sc_hd__nand2_1)
                                                         _08806_ (net)
                      0.147593    0.000272   11.129632 v _17952_/A2 (sky130_fd_sc_hd__a21oi_1)
     1    0.004347    0.212435    0.294789   11.424421 ^ _17952_/Y (sky130_fd_sc_hd__a21oi_1)
                                                         _08809_ (net)
                      0.212435    0.000276   11.424697 ^ _17954_/C (sky130_fd_sc_hd__nor3_1)
     1    0.002845    0.119301    0.133954   11.558651 v _17954_/Y (sky130_fd_sc_hd__nor3_1)
                                                         _00368_ (net)
                      0.119301    0.000201   11.558852 v _20728_/D (sky130_fd_sc_hd__dfxtp_1)
                                             11.558852   data arrival time

                                 10.000000   10.000000   clock clk (rise edge)
                                  0.000000   10.000000   clock source latency
     2    0.056526    0.256973    0.190778   10.190779 ^ clk (in)
                                                         clk (net)
                      0.257005    0.000000   10.190779 ^ clkbuf_0_clk/A (sky130_fd_sc_hd__clkbuf_16)
     8    0.234613    0.366194    0.532519   10.723297 ^ clkbuf_0_clk/X (sky130_fd_sc_hd__clkbuf_16)
                                                         clknet_0_clk (net)
                      0.367977    0.020747   10.744044 ^ clkbuf_3_2__f_clk/A (sky130_fd_sc_hd__clkbuf_16)
    10    0.112021    0.195494    0.453131   11.197175 ^ clkbuf_3_2__f_clk/X (sky130_fd_sc_hd__clkbuf_16)
                                                         clknet_3_2__leaf_clk (net)
                      0.196219    0.008805   11.205979 ^ clkbuf_leaf_8_clk/A (sky130_fd_sc_hd__clkbuf_8)
     7    0.048312    0.149721    0.350023   11.556003 ^ clkbuf_leaf_8_clk/X (sky130_fd_sc_hd__clkbuf_8)
                                                         clknet_leaf_8_clk (net)
                      0.149747    0.002006   11.558008 ^ _20728_/CLK (sky130_fd_sc_hd__dfxtp_1)
                                 -0.200000   11.358008   clock uncertainty
                                  0.000000   11.358008   clock reconvergence pessimism
                                 -0.267965   11.090043   library setup time
                                             11.090043   data required time
---------------------------------------------------------------------------------------------
                                             11.090043   data required time
                                            -11.558852   data arrival time
---------------------------------------------------------------------------------------------
                                             -0.468809   slack (VIOLATED)




===========================================================================
 report_check_types -max_slew -max_cap -max_fanout -violators
============================================================================
======================= max_ss_100C_1v60 Corner ===================================



===========================================================================
report_parasitic_annotation -report_unannotated
============================================================================
Found 60 unannotated drivers.
 clkload0/Y
 clkload1/Y
 clkload10/Y
 clkload11/Y
 clkload12/Y
 clkload13/Y
 clkload14/Y
 clkload15/Y
 clkload16/X
 clkload17/Y
 clkload18/Y
 clkload19/Y
 clkload2/Y
 clkload20/Y
 clkload21/Y
 clkload22/Y
 clkload23/Y
 clkload24/Y
 clkload25/Y
 clkload26/X
 clkload27/Y
 clkload28/Y
 clkload29/Y
 clkload3/Y
 clkload30/Y
 clkload31/Y
 clkload32/Y
 clkload33/Y
 clkload34/Y
 clkload35/Y
 clkload36/Y
 clkload37/Y
 clkload38/X
 clkload39/X
 clkload4/Y
 clkload40/Y
 clkload41/Y
 clkload42/Y
 clkload43/Y
 clkload44/Y
 clkload45/Y
 clkload46/Y
 clkload47/Y
 clkload48/Y
 clkload49/Y
 clkload5/Y
 clkload50/Y
 clkload51/Y
 clkload52/Y
 clkload53/Y
 clkload54/Y
 clkload55/Y
 clkload56/Y
 clkload57/Y
 clkload58/Y
 clkload59/Y
 clkload6/Y
 clkload7/Y
 clkload8/Y
 clkload9/X
Found 0 partially unannotated drivers.

===========================================================================
max slew violation count 0
max fanout violation count 0
max cap violation count 0
============================================================================

===========================================================================
check_setup -verbose -unconstrained_endpoints -multiple_clock -no_clock -no_input_delay -loops -generated_clocks
===========================================================================
