Clock: clk
Sources: clk 
Generated: no
Virtual: yes
Propagated: no
Period: 10.000000

===========================================================================
report_clock_properties
============================================================================
Clock                   Period          Waveform
----------------------------------------------------
clk                  10.000000    0.000000  5.000000

===========================================================================
report_clock_latency
============================================================================
Clock clk
rise -> rise
    min     max
0.000000 0.000000 source latency
1.194942         network latency _20800_/CLK
        1.575358 network latency _20646_/CLK
---------------
1.194942 1.575358 latency
        0.380416 skew

fall -> fall
    min     max
0.000000 0.000000 source latency
1.016572         network latency _20800_/CLK
        1.371867 network latency _20646_/CLK
---------------
1.016572 1.371867 latency
        0.355295 skew



===========================================================================
report_clock_min_period
============================================================================
clk period_min = 10.47 fmax = 95.52
