
===========================================================================
report_checks -unconstrained
===========================================================================
======================= max_tt_025C_1v80 Corner ===================================

Startpoint: _20800_ (rising edge-triggered flip-flop clocked by clk)
Endpoint: _20728_ (rising edge-triggered flip-flop clocked by clk)
Path Group: clk
Path Type: max

Fanout         Cap        Slew       Delay        Time   Description
---------------------------------------------------------------------------------------------
                                  0.000000    0.000000   clock clk (rise edge)
                                  0.000000    0.000000   clock source latency
     2    0.056064    0.158818    0.116080    0.116080 ^ clk (in)
                                                         clk (net)
                      0.158866    0.000000    0.116080 ^ clkbuf_0_clk/A (sky130_fd_sc_hd__clkbuf_16)
     8    0.234955    0.245600    0.308135    0.424215 ^ clkbuf_0_clk/X (sky130_fd_sc_hd__clkbuf_16)
                                                         clknet_0_clk (net)
                      0.247095    0.015564    0.439779 ^ clkbuf_3_1__f_clk/A (sky130_fd_sc_hd__clkbuf_16)
     7    0.104582    0.122009    0.252471    0.692250 ^ clkbuf_3_1__f_clk/X (sky130_fd_sc_hd__clkbuf_16)
                                                         clknet_3_1__leaf_clk (net)
                      0.122792    0.007878    0.700128 ^ clkbuf_leaf_3_clk/A (sky130_fd_sc_hd__clkbuf_8)
     7    0.031279    0.068269    0.174166    0.874293 ^ clkbuf_leaf_3_clk/X (sky130_fd_sc_hd__clkbuf_8)
                                                         clknet_leaf_3_clk (net)
                      0.068364    0.002218    0.876511 ^ _20800_/CLK (sky130_fd_sc_hd__dfxtp_4)
     3    0.066862    0.194616    0.460347    1.336858 ^ _20800_/Q (sky130_fd_sc_hd__dfxtp_4)
                                                         b_h[6] (net)
                      0.194815    0.005687    1.342545 ^ max_cap514/A (sky130_fd_sc_hd__buf_12)
     8    0.093499    0.116687    0.190525    1.533070 ^ max_cap514/X (sky130_fd_sc_hd__buf_12)
                                                         net514 (net)
                      0.119775    0.014966    1.548036 ^ max_cap513/A (sky130_fd_sc_hd__buf_6)
    18    0.115541    0.231320    0.244544    1.792580 ^ max_cap513/X (sky130_fd_sc_hd__buf_6)
                                                         net513 (net)
                      0.236892    0.028546    1.821126 ^ max_cap512/A (sky130_fd_sc_hd__buf_12)
    22    0.115328    0.140782    0.211855    2.032981 ^ max_cap512/X (sky130_fd_sc_hd__buf_12)
                                                         net512 (net)
                      0.146563    0.022328    2.055310 ^ _15779_/B (sky130_fd_sc_hd__nand2_1)
     5    0.017063    0.135263    0.151780    2.207090 v _15779_/Y (sky130_fd_sc_hd__nand2_1)
                                                         _06658_ (net)
                      0.135305    0.000653    2.207743 v _15780_/B (sky130_fd_sc_hd__nand2_2)
     6    0.024482    0.140342    0.172397    2.380140 ^ _15780_/Y (sky130_fd_sc_hd__nand2_2)
                                                         _06659_ (net)
                      0.140384    0.001948    2.382088 ^ _15787_/A1 (sky130_fd_sc_hd__a21o_1)
     1    0.006623    0.067991    0.150417    2.532505 ^ _15787_/X (sky130_fd_sc_hd__a21o_1)
                                                         _06666_ (net)
                      0.067994    0.000527    2.533031 ^ _15788_/C (sky130_fd_sc_hd__nand3_2)
     5    0.026253    0.171854    0.162872    2.695904 v _15788_/Y (sky130_fd_sc_hd__nand3_2)
                                                         _06667_ (net)
                      0.171875    0.001585    2.697489 v _15866_/B1 (sky130_fd_sc_hd__a32oi_4)
     5    0.029345    0.321465    0.326513    3.024002 ^ _15866_/Y (sky130_fd_sc_hd__a32oi_4)
                                                         _06744_ (net)
                      0.321529    0.003636    3.027638 ^ _15867_/B (sky130_fd_sc_hd__nor2_2)
     5    0.026301    0.111869    0.142362    3.170000 v _15867_/Y (sky130_fd_sc_hd__nor2_2)
                                                         _06745_ (net)
                      0.111930    0.002065    3.172065 v _15870_/A (sky130_fd_sc_hd__nor2_2)
     2    0.012897    0.160538    0.194125    3.366190 ^ _15870_/Y (sky130_fd_sc_hd__nor2_2)
                                                         _06748_ (net)
                      0.160595    0.000366    3.366556 ^ max_cap262/A (sky130_fd_sc_hd__buf_1)
     4    0.014642    0.178049    0.201297    3.567853 ^ max_cap262/X (sky130_fd_sc_hd__buf_1)
                                                         net262 (net)
                      0.178054    0.000799    3.568652 ^ _15947_/B (sky130_fd_sc_hd__nand2_1)
     1    0.009166    0.082609    0.118193    3.686845 v _15947_/Y (sky130_fd_sc_hd__nand2_1)
                                                         _06825_ (net)
                      0.082614    0.000693    3.687538 v _15954_/A1 (sky130_fd_sc_hd__o211ai_4)
     4    0.027570    0.270171    0.290089    3.977627 ^ _15954_/Y (sky130_fd_sc_hd__o211ai_4)
                                                         _06832_ (net)
                      0.270178    0.001619    3.979246 ^ _15958_/A (sky130_fd_sc_hd__nand2_4)
     4    0.034222    0.117342    0.137903    4.117149 v _15958_/Y (sky130_fd_sc_hd__nand2_4)
                                                         _06836_ (net)
                      0.117605    0.004525    4.121674 v _15961_/C1 (sky130_fd_sc_hd__o211ai_2)
     1    0.010141    0.183368    0.111942    4.233616 ^ _15961_/Y (sky130_fd_sc_hd__o211ai_2)
                                                         _06839_ (net)
                      0.183369    0.000489    4.234105 ^ _15964_/B1 (sky130_fd_sc_hd__o211ai_4)
     3    0.015829    0.089229    0.125191    4.359296 v _15964_/Y (sky130_fd_sc_hd__o211ai_4)
                                                         _06842_ (net)
                      0.089232    0.000957    4.360253 v _15968_/B2 (sky130_fd_sc_hd__o22ai_4)
     4    0.032006    0.294300    0.234157    4.594410 ^ _15968_/Y (sky130_fd_sc_hd__o22ai_4)
                                                         _06845_ (net)
                      0.294373    0.003550    4.597960 ^ _16185_/A1_N (sky130_fd_sc_hd__o2bb2ai_4)
     5    0.030803    0.234577    0.210399    4.808359 ^ _16185_/Y (sky130_fd_sc_hd__o2bb2ai_4)
                                                         _07060_ (net)
                      0.234702    0.004240    4.812599 ^ _16565_/B (sky130_fd_sc_hd__nand2_4)
     2    0.021725    0.075389    0.105388    4.917986 v _16565_/Y (sky130_fd_sc_hd__nand2_4)
                                                         _07438_ (net)
                      0.075468    0.001891    4.919878 v _16716_/B2 (sky130_fd_sc_hd__a22oi_4)
     4    0.051669    0.406812    0.363784    5.283662 ^ _16716_/Y (sky130_fd_sc_hd__a22oi_4)
                                                         _07587_ (net)
                      0.407147    0.009265    5.292926 ^ _17761_/A1 (sky130_fd_sc_hd__a21oi_4)
     3    0.027173    0.128705    0.152783    5.445709 v _17761_/Y (sky130_fd_sc_hd__a21oi_4)
                                                         _08624_ (net)
                      0.128890    0.003891    5.449601 v _17917_/A2 (sky130_fd_sc_hd__o21bai_2)
     2    0.020033    0.255027    0.258425    5.708025 ^ _17917_/Y (sky130_fd_sc_hd__o21bai_2)
                                                         _08776_ (net)
                      0.255093    0.003281    5.711306 ^ _17949_/A (sky130_fd_sc_hd__nand2_1)
     1    0.004734    0.079281    0.100597    5.811903 v _17949_/Y (sky130_fd_sc_hd__nand2_1)
                                                         _08806_ (net)
                      0.079281    0.000329    5.812232 v _17952_/A2 (sky130_fd_sc_hd__a21oi_1)
     1    0.003631    0.119144    0.160682    5.972914 ^ _17952_/Y (sky130_fd_sc_hd__a21oi_1)
                                                         _08809_ (net)
                      0.119144    0.000159    5.973073 ^ _17954_/C (sky130_fd_sc_hd__nor3_1)
     1    0.002751    0.099244    0.057805    6.030878 v _17954_/Y (sky130_fd_sc_hd__nor3_1)
                                                         _00368_ (net)
                      0.099244    0.000173    6.031051 v _20728_/D (sky130_fd_sc_hd__dfxtp_1)
                                              6.031051   data arrival time

                                 10.000000   10.000000   clock clk (rise edge)
                                  0.000000   10.000000   clock source latency
     2    0.056064    0.158818    0.116080   10.116080 ^ clk (in)
                                                         clk (net)
                      0.158866    0.000000   10.116080 ^ clkbuf_0_clk/A (sky130_fd_sc_hd__clkbuf_16)
     8    0.234955    0.245600    0.308135   10.424214 ^ clkbuf_0_clk/X (sky130_fd_sc_hd__clkbuf_16)
                                                         clknet_0_clk (net)
                      0.246808    0.014056   10.438271 ^ clkbuf_3_4__f_clk/A (sky130_fd_sc_hd__clkbuf_16)
    11    0.114167    0.129736    0.255771   10.694041 ^ clkbuf_3_4__f_clk/X (sky130_fd_sc_hd__clkbuf_16)
                                                         clknet_3_4__leaf_clk (net)
                      0.131221    0.010995   10.705036 ^ clkbuf_leaf_6_clk/A (sky130_fd_sc_hd__clkbuf_8)
     5    0.028223    0.063717    0.173282   10.878318 ^ clkbuf_leaf_6_clk/X (sky130_fd_sc_hd__clkbuf_8)
                                                         clknet_leaf_6_clk (net)
                      0.063755    0.001409   10.879726 ^ _20728_/CLK (sky130_fd_sc_hd__dfxtp_1)
                                 -0.200000   10.679727   clock uncertainty
                                  0.000000   10.679727   clock reconvergence pessimism
                                 -0.129940   10.549788   library setup time
                                             10.549788   data required time
---------------------------------------------------------------------------------------------
                                             10.549788   data required time
                                             -6.031051   data arrival time
---------------------------------------------------------------------------------------------
                                              4.518736   slack (MET)




===========================================================================
report_checks --slack_max -0.01
============================================================================
======================= max_tt_025C_1v80 Corner ===================================

No paths found.


===========================================================================
 report_check_types -max_slew -max_cap -max_fanout -violators
============================================================================
======================= max_tt_025C_1v80 Corner ===================================



===========================================================================
report_parasitic_annotation -report_unannotated
============================================================================
Found 56 unannotated drivers.
 clkload0/Y
 clkload1/Y
 clkload10/Y
 clkload11/Y
 clkload12/Y
 clkload13/Y
 clkload14/Y
 clkload15/Y
 clkload16/Y
 clkload17/Y
 clkload18/Y
 clkload19/Y
 clkload2/X
 clkload20/Y
 clkload21/Y
 clkload22/Y
 clkload23/Y
 clkload24/Y
 clkload25/Y
 clkload26/Y
 clkload27/Y
 clkload28/Y
 clkload29/Y
 clkload3/Y
 clkload30/Y
 clkload31/Y
 clkload32/Y
 clkload33/Y
 clkload34/X
 clkload35/Y
 clkload36/Y
 clkload37/Y
 clkload38/Y
 clkload39/Y
 clkload4/Y
 clkload40/Y
 clkload41/Y
 clkload42/Y
 clkload43/Y
 clkload44/Y
 clkload45/Y
 clkload46/Y
 clkload47/Y
 clkload48/Y
 clkload49/Y
 clkload5/Y
 clkload50/Y
 clkload51/Y
 clkload52/Y
 clkload53/Y
 clkload54/Y
 clkload55/Y
 clkload6/Y
 clkload7/X
 clkload8/X
 clkload9/Y
Found 0 partially unannotated drivers.

===========================================================================
max slew violation count 0
max fanout violation count 0
max cap violation count 0
============================================================================

===========================================================================
check_setup -verbose -unconstrained_endpoints -multiple_clock -no_clock -no_input_delay -loops -generated_clocks
===========================================================================
