Clock: clk
Sources: clk 
Generated: no
Virtual: yes
Propagated: no
Period: 10.000000

===========================================================================
report_clock_properties
============================================================================
Clock                   Period          Waveform
----------------------------------------------------
clk                  10.000000    0.000000  5.000000

===========================================================================
report_clock_latency
============================================================================
Clock clk
rise -> rise
    min     max
0.000000 0.000000 source latency
0.689027         network latency _20688_/CLK
        0.925044 network latency _20394_/CLK
---------------
0.689027 0.925044 latency
        0.236017 skew

fall -> fall
    min     max
0.000000 0.000000 source latency
0.583920         network latency _20688_/CLK
        0.800221 network latency _20394_/CLK
---------------
0.583920 0.800221 latency
        0.216301 skew



===========================================================================
report_clock_min_period
============================================================================
clk period_min = 5.48 fmax = 182.44
