Clock: clk
Sources: clk 
Generated: no
Virtual: yes
Propagated: no
Period: 10.000000

===========================================================================
report_clock_properties
============================================================================
Clock                   Period          Waveform
----------------------------------------------------
clk                  10.000000    0.000000  5.000000

===========================================================================
report_clock_latency
============================================================================
Clock clk
rise -> rise
    min     max
0.000000 0.000000 source latency
2.130900         network latency _20780_/CLK
        2.277178 network latency _20655_/CLK
---------------
2.130900 2.277178 latency
        0.146278 skew

fall -> fall
    min     max
0.000000 0.000000 source latency
0.880456         network latency _20780_/CLK
        1.013916 network latency _20655_/CLK
---------------
0.880456 1.013916 latency
        0.133460 skew



===========================================================================
report_clock_min_period
============================================================================
clk period_min = 8.95 fmax = 111.78
