Clock: clk
Sources: clk 
Generated: no
Virtual: yes
Propagated: no
Period: 10.000000

===========================================================================
report_clock_properties
============================================================================
Clock                   Period          Waveform
----------------------------------------------------
clk                  10.000000    0.000000  5.000000

===========================================================================
report_clock_latency
============================================================================
Clock clk
rise -> rise
    min     max
0.000000 0.000000 source latency
0.666092         network latency _20697_/CLK
        0.890686 network latency _20525_/CLK
---------------
0.666092 0.890686 latency
        0.224594 skew

fall -> fall
    min     max
0.000000 0.000000 source latency
0.561735         network latency _20697_/CLK
        0.774064 network latency _20525_/CLK
---------------
0.561735 0.774064 latency
        0.212329 skew



===========================================================================
report_clock_min_period
============================================================================
clk period_min = 5.23 fmax = 191.21
