if {[file exists ~/openlane2/my_script/script_matt.tcl]} {
    source ~/openlane2/my_script/script_matt.tcl
}
Reading OpenROAD database at '/home/hien/openlane2/designs/highspeed_pipelined_multiplier/runs/opti_8/41-openroad-repairantennas/1-diodeinsertion/pipelined_mult.odb'…
Reading library file at '/home/hien/.volare/volare/sky130/versions/0fe599b2afb6708d281543108caf8310912f54af/sky130A/libs.ref/sky130_fd_sc_hd/lib/sky130_fd_sc_hd__tt_025C_1v80.lib'…
Reading design constraints file at '/home/hien/openlane2/designs/highspeed_pipelined_multiplier/src/pnr.sdc'…
[INFO] No information on clock propagation in input SDC file-- propagating all clocks.
%OL_CREATE_REPORT /home/hien/openlane2/designs/highspeed_pipelined_multiplier/runs/opti_8/41-openroad-repairantennas/2-openroad-checkantennas/reports/antenna.rpt
Net: _00052_
  Pin:   _20412_/D (sky130_fd_sc_hd__dfxtp_1)
    Layer: mcon
      Partial area ratio:    0.23
      Required ratio:    3.00 (Gate area) 
      Cumulative area ratio:    0.23
      Required ratio:    0.00 (Cumulative area) 

    Layer: met1
      Partial area ratio:  132.74
      Required ratio:    0.00 (Gate area) 
      Cumulative area ratio:  132.74
      Required ratio:    0.00 (Cumulative area) 
      Partial area ratio:  662.25
      Required ratio:  400.00 (Side area) (VIOLATED)
      Cumulative area ratio:  662.25
      Required ratio:    0.00 (Cumulative side area) 

    Layer: via
      Partial area ratio:    0.36
      Required ratio:    6.00 (Gate area) 
      Cumulative area ratio:    0.59
      Required ratio:    0.00 (Cumulative area) 

    Layer: met2
      Partial area ratio:    9.95
      Required ratio:    0.00 (Gate area) 
      Cumulative area ratio:  142.70
      Required ratio:    0.00 (Cumulative area) 
      Partial area ratio:   48.67
      Required ratio: 2771.60 (Side area) 
      Cumulative area ratio:  710.92
      Required ratio:    0.00 (Cumulative side area) 



Net: net708
  Pin:   _10908_/B2 (sky130_fd_sc_hd__a22o_1)
    Layer: mcon
      Partial area ratio:    0.12
      Required ratio:    3.00 (Gate area) 
      Cumulative area ratio:    0.12
      Required ratio:    0.00 (Cumulative area) 

    Layer: met1
      Partial area ratio:    3.45
      Required ratio:    0.00 (Gate area) 
      Cumulative area ratio:    3.45
      Required ratio:    0.00 (Cumulative area) 
      Partial area ratio:   16.52
      Required ratio:  400.00 (Side area) 
      Cumulative area ratio:   16.52
      Required ratio:    0.00 (Cumulative side area) 

    Layer: via
      Partial area ratio:    0.18
      Required ratio:    6.00 (Gate area) 
      Cumulative area ratio:    0.30
      Required ratio:    0.00 (Cumulative area) 

    Layer: met2
      Partial area ratio:    0.75
      Required ratio:    0.00 (Gate area) 
      Cumulative area ratio:    4.21
      Required ratio:    0.00 (Cumulative area) 
      Partial area ratio:    3.48
      Required ratio:  400.00 (Side area) 
      Cumulative area ratio:   20.00
      Required ratio:    0.00 (Cumulative side area) 

    Layer: via2
      Partial area ratio:    0.16
      Required ratio:    6.00 (Gate area) 
      Cumulative area ratio:    0.46
      Required ratio:    0.00 (Cumulative area) 

    Layer: met3
      Partial area ratio:    0.50
      Required ratio:    0.00 (Gate area) 
      Cumulative area ratio:    4.71
      Required ratio:    0.00 (Cumulative area) 
      Partial area ratio:    4.59
      Required ratio:  400.00 (Side area) 
      Cumulative area ratio:   24.59
      Required ratio:    0.00 (Cumulative side area) 

    Layer: via3
      Partial area ratio:    0.16
      Required ratio:    6.00 (Gate area) 
      Cumulative area ratio:    0.62
      Required ratio:    0.00 (Cumulative area) 

    Layer: met4
      Partial area ratio:    4.90
      Required ratio:    0.00 (Gate area) 
      Cumulative area ratio:    9.62
      Required ratio:    0.00 (Cumulative area) 
      Partial area ratio:   26.40
      Required ratio: 3312.80 (Side area) 
      Cumulative area ratio:   50.98
      Required ratio:    0.00 (Cumulative side area) 


  Pin:   _13214_/B (sky130_fd_sc_hd__and3_1)
    Layer: mcon
      Partial area ratio:    0.23
      Required ratio:    3.00 (Gate area) 
      Cumulative area ratio:    0.23
      Required ratio:    0.00 (Cumulative area) 

    Layer: met1
      Partial area ratio:    6.56
      Required ratio:    0.00 (Gate area) 
      Cumulative area ratio:    6.56
      Required ratio:    0.00 (Cumulative area) 
      Partial area ratio:   31.31
      Required ratio:  400.00 (Side area) 
      Cumulative area ratio:   31.31
      Required ratio:    0.00 (Cumulative side area) 

    Layer: via
      Partial area ratio:    0.36
      Required ratio:    6.00 (Gate area) 
      Cumulative area ratio:    0.59
      Required ratio:    0.00 (Cumulative area) 

    Layer: met2
      Partial area ratio:    9.43
      Required ratio:    0.00 (Gate area) 
      Cumulative area ratio:   15.98
      Required ratio:    0.00 (Cumulative area) 
      Partial area ratio:   45.69
      Required ratio:  400.00 (Side area) 
      Cumulative area ratio:   77.00
      Required ratio:    0.00 (Cumulative side area) 

    Layer: via2
      Partial area ratio:    0.32
      Required ratio:    6.00 (Gate area) 
      Cumulative area ratio:    0.90
      Required ratio:    0.00 (Cumulative area) 

    Layer: met3
      Partial area ratio:  165.27
      Required ratio:    0.00 (Gate area) 
      Cumulative area ratio:  181.25
      Required ratio:    0.00 (Cumulative area) 
      Partial area ratio:  885.14
      Required ratio:  400.00 (Side area) (VIOLATED)
      Cumulative area ratio:  962.14
      Required ratio:    0.00 (Cumulative side area) 

    Layer: via3
      Partial area ratio:    0.32
      Required ratio:    6.00 (Gate area) 
      Cumulative area ratio:    1.22
      Required ratio:    0.00 (Cumulative area) 

    Layer: met4
      Partial area ratio:    4.90
      Required ratio:    0.00 (Gate area) 
      Cumulative area ratio:  186.16
      Required ratio:    0.00 (Cumulative area) 
      Partial area ratio:   26.40
      Required ratio: 3312.80 (Side area) 
      Cumulative area ratio:  988.54
      Required ratio:    0.00 (Cumulative side area) 


  Pin:   _13217_/A2 (sky130_fd_sc_hd__a22o_1)
    Layer: mcon
      Partial area ratio:    0.12
      Required ratio:    3.00 (Gate area) 
      Cumulative area ratio:    0.12
      Required ratio:    0.00 (Cumulative area) 

    Layer: met1
      Partial area ratio:    5.14
      Required ratio:    0.00 (Gate area) 
      Cumulative area ratio:    5.14
      Required ratio:    0.00 (Cumulative area) 
      Partial area ratio:   24.95
      Required ratio:  400.00 (Side area) 
      Cumulative area ratio:   24.95
      Required ratio:    0.00 (Cumulative side area) 

    Layer: via
      Partial area ratio:    0.18
      Required ratio:    6.00 (Gate area) 
      Cumulative area ratio:    0.30
      Required ratio:    0.00 (Cumulative area) 

    Layer: met2
      Partial area ratio:    4.07
      Required ratio:    0.00 (Gate area) 
      Cumulative area ratio:    9.21
      Required ratio:    0.00 (Cumulative area) 
      Partial area ratio:   20.09
      Required ratio: 3312.80 (Side area) 
      Cumulative area ratio:   45.04
      Required ratio:    0.00 (Cumulative side area) 

    Layer: via2
      Partial area ratio:    0.02
      Required ratio:   70.15 (Gate area) 
      Cumulative area ratio:    0.32
      Required ratio:    0.00 (Cumulative area) 

    Layer: met3
      Partial area ratio:    0.07
      Required ratio:    0.00 (Gate area) 
      Cumulative area ratio:    9.28
      Required ratio:    0.00 (Cumulative area) 
      Partial area ratio:    0.65
      Required ratio: 3312.80 (Side area) 
      Cumulative area ratio:   45.69
      Required ratio:    0.00 (Cumulative side area) 

    Layer: via3
      Partial area ratio:    0.02
      Required ratio:   70.15 (Gate area) 
      Cumulative area ratio:    0.34
      Required ratio:    0.00 (Cumulative area) 

    Layer: met4
      Partial area ratio:    4.90
      Required ratio:    0.00 (Gate area) 
      Cumulative area ratio:   14.18
      Required ratio:    0.00 (Cumulative area) 
      Partial area ratio:   26.40
      Required ratio: 3312.80 (Side area) 
      Cumulative area ratio:   72.09
      Required ratio:    0.00 (Cumulative side area) 


  Pin:   _13223_/B (sky130_fd_sc_hd__and4_1)
    Layer: mcon
      Partial area ratio:    0.23
      Required ratio:    3.00 (Gate area) 
      Cumulative area ratio:    0.23
      Required ratio:    0.00 (Cumulative area) 

    Layer: met1
      Partial area ratio:    5.02
      Required ratio:    0.00 (Gate area) 
      Cumulative area ratio:    5.02
      Required ratio:    0.00 (Cumulative area) 
      Partial area ratio:   24.08
      Required ratio:  400.00 (Side area) 
      Cumulative area ratio:   24.08
      Required ratio:    0.00 (Cumulative side area) 

    Layer: via
      Partial area ratio:    0.18
      Required ratio:    6.00 (Gate area) 
      Cumulative area ratio:    0.41
      Required ratio:    0.00 (Cumulative area) 

    Layer: met2
      Partial area ratio:    4.07
      Required ratio:    0.00 (Gate area) 
      Cumulative area ratio:    9.09
      Required ratio:    0.00 (Cumulative area) 
      Partial area ratio:   20.09
      Required ratio: 3312.80 (Side area) 
      Cumulative area ratio:   44.17
      Required ratio:    0.00 (Cumulative side area) 

    Layer: via2
      Partial area ratio:    0.02
      Required ratio:   70.15 (Gate area) 
      Cumulative area ratio:    0.43
      Required ratio:    0.00 (Cumulative area) 

    Layer: met3
      Partial area ratio:    0.07
      Required ratio:    0.00 (Gate area) 
      Cumulative area ratio:    9.16
      Required ratio:    0.00 (Cumulative area) 
      Partial area ratio:    0.65
      Required ratio: 3312.80 (Side area) 
      Cumulative area ratio:   44.82
      Required ratio:    0.00 (Cumulative side area) 

    Layer: via3
      Partial area ratio:    0.02
      Required ratio:   70.15 (Gate area) 
      Cumulative area ratio:    0.46
      Required ratio:    0.00 (Cumulative area) 

    Layer: met4
      Partial area ratio:    4.90
      Required ratio:    0.00 (Gate area) 
      Cumulative area ratio:   14.06
      Required ratio:    0.00 (Cumulative area) 
      Partial area ratio:   26.40
      Required ratio: 3312.80 (Side area) 
      Cumulative area ratio:   71.22
      Required ratio:    0.00 (Cumulative side area) 


  Pin:   _13225_/A1 (sky130_fd_sc_hd__a31oi_1)
    Layer: mcon
      Partial area ratio:    0.12
      Required ratio:    3.00 (Gate area) 
      Cumulative area ratio:    0.12
      Required ratio:    0.00 (Cumulative area) 

    Layer: met1
      Partial area ratio:    1.74
      Required ratio:    0.00 (Gate area) 
      Cumulative area ratio:    1.74
      Required ratio:    0.00 (Cumulative area) 
      Partial area ratio:    7.99
      Required ratio:  400.00 (Side area) 
      Cumulative area ratio:    7.99
      Required ratio:    0.00 (Cumulative side area) 

    Layer: via
      Partial area ratio:    0.12
      Required ratio:    6.00 (Gate area) 
      Cumulative area ratio:    0.23
      Required ratio:    0.00 (Cumulative area) 

    Layer: met2
      Partial area ratio:    4.07
      Required ratio:    0.00 (Gate area) 
      Cumulative area ratio:    5.81
      Required ratio:    0.00 (Cumulative area) 
      Partial area ratio:   20.09
      Required ratio: 3312.80 (Side area) 
      Cumulative area ratio:   28.08
      Required ratio:    0.00 (Cumulative side area) 

    Layer: via2
      Partial area ratio:    0.02
      Required ratio:   70.15 (Gate area) 
      Cumulative area ratio:    0.26
      Required ratio:    0.00 (Cumulative area) 

    Layer: met3
      Partial area ratio:    0.07
      Required ratio:    0.00 (Gate area) 
      Cumulative area ratio:    5.88
      Required ratio:    0.00 (Cumulative area) 
      Partial area ratio:    0.65
      Required ratio: 3312.80 (Side area) 
      Cumulative area ratio:   28.73
      Required ratio:    0.00 (Cumulative side area) 

    Layer: via3
      Partial area ratio:    0.02
      Required ratio:   70.15 (Gate area) 
      Cumulative area ratio:    0.28
      Required ratio:    0.00 (Cumulative area) 

    Layer: met4
      Partial area ratio:    4.90
      Required ratio:    0.00 (Gate area) 
      Cumulative area ratio:   10.78
      Required ratio:    0.00 (Cumulative area) 
      Partial area ratio:   26.40
      Required ratio: 3312.80 (Side area) 
      Cumulative area ratio:   55.13
      Required ratio:    0.00 (Cumulative side area) 


  Pin:   _13226_/D (sky130_fd_sc_hd__and4_1)
    Layer: mcon
      Partial area ratio:    0.23
      Required ratio:    3.00 (Gate area) 
      Cumulative area ratio:    0.23
      Required ratio:    0.00 (Cumulative area) 

    Layer: met1
      Partial area ratio:    1.74
      Required ratio:    0.00 (Gate area) 
      Cumulative area ratio:    1.74
      Required ratio:    0.00 (Cumulative area) 
      Partial area ratio:    7.99
      Required ratio:  400.00 (Side area) 
      Cumulative area ratio:    7.99
      Required ratio:    0.00 (Cumulative side area) 

    Layer: via
      Partial area ratio:    0.12
      Required ratio:    6.00 (Gate area) 
      Cumulative area ratio:    0.35
      Required ratio:    0.00 (Cumulative area) 

    Layer: met2
      Partial area ratio:    4.07
      Required ratio:    0.00 (Gate area) 
      Cumulative area ratio:    5.81
      Required ratio:    0.00 (Cumulative area) 
      Partial area ratio:   20.09
      Required ratio: 3312.80 (Side area) 
      Cumulative area ratio:   28.08
      Required ratio:    0.00 (Cumulative side area) 

    Layer: via2
      Partial area ratio:    0.02
      Required ratio:   70.15 (Gate area) 
      Cumulative area ratio:    0.37
      Required ratio:    0.00 (Cumulative area) 

    Layer: met3
      Partial area ratio:    0.07
      Required ratio:    0.00 (Gate area) 
      Cumulative area ratio:    5.88
      Required ratio:    0.00 (Cumulative area) 
      Partial area ratio:    0.65
      Required ratio: 3312.80 (Side area) 
      Cumulative area ratio:   28.73
      Required ratio:    0.00 (Cumulative side area) 

    Layer: via3
      Partial area ratio:    0.02
      Required ratio:   70.15 (Gate area) 
      Cumulative area ratio:    0.39
      Required ratio:    0.00 (Cumulative area) 

    Layer: met4
      Partial area ratio:    4.90
      Required ratio:    0.00 (Gate area) 
      Cumulative area ratio:   10.78
      Required ratio:    0.00 (Cumulative area) 
      Partial area ratio:   26.40
      Required ratio: 3312.80 (Side area) 
      Cumulative area ratio:   55.13
      Required ratio:    0.00 (Cumulative side area) 


  Pin:   _13228_/A (sky130_fd_sc_hd__nand2_1)
    Layer: mcon
      Partial area ratio:    0.12
      Required ratio:    3.00 (Gate area) 
      Cumulative area ratio:    0.12
      Required ratio:    0.00 (Cumulative area) 

    Layer: met1
      Partial area ratio:    5.02
      Required ratio:    0.00 (Gate area) 
      Cumulative area ratio:    5.02
      Required ratio:    0.00 (Cumulative area) 
      Partial area ratio:   24.08
      Required ratio:  400.00 (Side area) 
      Cumulative area ratio:   24.08
      Required ratio:    0.00 (Cumulative side area) 

    Layer: via
      Partial area ratio:    0.18
      Required ratio:    6.00 (Gate area) 
      Cumulative area ratio:    0.30
      Required ratio:    0.00 (Cumulative area) 

    Layer: met2
      Partial area ratio:    4.07
      Required ratio:    0.00 (Gate area) 
      Cumulative area ratio:    9.09
      Required ratio:    0.00 (Cumulative area) 
      Partial area ratio:   20.09
      Required ratio: 3312.80 (Side area) 
      Cumulative area ratio:   44.17
      Required ratio:    0.00 (Cumulative side area) 

    Layer: via2
      Partial area ratio:    0.02
      Required ratio:   70.15 (Gate area) 
      Cumulative area ratio:    0.32
      Required ratio:    0.00 (Cumulative area) 

    Layer: met3
      Partial area ratio:    0.07
      Required ratio:    0.00 (Gate area) 
      Cumulative area ratio:    9.16
      Required ratio:    0.00 (Cumulative area) 
      Partial area ratio:    0.65
      Required ratio: 3312.80 (Side area) 
      Cumulative area ratio:   44.82
      Required ratio:    0.00 (Cumulative side area) 

    Layer: via3
      Partial area ratio:    0.02
      Required ratio:   70.15 (Gate area) 
      Cumulative area ratio:    0.34
      Required ratio:    0.00 (Cumulative area) 

    Layer: met4
      Partial area ratio:    4.90
      Required ratio:    0.00 (Gate area) 
      Cumulative area ratio:   14.06
      Required ratio:    0.00 (Cumulative area) 
      Partial area ratio:   26.40
      Required ratio: 3312.80 (Side area) 
      Cumulative area ratio:   71.22
      Required ratio:    0.00 (Cumulative side area) 


  Pin:   _13229_/A2 (sky130_fd_sc_hd__a31o_1)
    Layer: mcon
      Partial area ratio:    0.12
      Required ratio:    3.00 (Gate area) 
      Cumulative area ratio:    0.12
      Required ratio:    0.00 (Cumulative area) 

    Layer: met1
      Partial area ratio:    5.02
      Required ratio:    0.00 (Gate area) 
      Cumulative area ratio:    5.02
      Required ratio:    0.00 (Cumulative area) 
      Partial area ratio:   24.08
      Required ratio:  400.00 (Side area) 
      Cumulative area ratio:   24.08
      Required ratio:    0.00 (Cumulative side area) 

    Layer: via
      Partial area ratio:    0.18
      Required ratio:    6.00 (Gate area) 
      Cumulative area ratio:    0.30
      Required ratio:    0.00 (Cumulative area) 

    Layer: met2
      Partial area ratio:    4.07
      Required ratio:    0.00 (Gate area) 
      Cumulative area ratio:    9.09
      Required ratio:    0.00 (Cumulative area) 
      Partial area ratio:   20.09
      Required ratio: 3312.80 (Side area) 
      Cumulative area ratio:   44.17
      Required ratio:    0.00 (Cumulative side area) 

    Layer: via2
      Partial area ratio:    0.02
      Required ratio:   70.15 (Gate area) 
      Cumulative area ratio:    0.32
      Required ratio:    0.00 (Cumulative area) 

    Layer: met3
      Partial area ratio:    0.07
      Required ratio:    0.00 (Gate area) 
      Cumulative area ratio:    9.16
      Required ratio:    0.00 (Cumulative area) 
      Partial area ratio:    0.65
      Required ratio: 3312.80 (Side area) 
      Cumulative area ratio:   44.82
      Required ratio:    0.00 (Cumulative side area) 

    Layer: via3
      Partial area ratio:    0.02
      Required ratio:   70.15 (Gate area) 
      Cumulative area ratio:    0.34
      Required ratio:    0.00 (Cumulative area) 

    Layer: met4
      Partial area ratio:    4.90
      Required ratio:    0.00 (Gate area) 
      Cumulative area ratio:   14.06
      Required ratio:    0.00 (Cumulative area) 
      Partial area ratio:   26.40
      Required ratio: 3312.80 (Side area) 
      Cumulative area ratio:   71.22
      Required ratio:    0.00 (Cumulative side area) 


  Pin:   _13239_/A1 (sky130_fd_sc_hd__a41o_1)
    Layer: mcon
      Partial area ratio:    0.12
      Required ratio:    3.00 (Gate area) 
      Cumulative area ratio:    0.12
      Required ratio:    0.00 (Cumulative area) 

    Layer: met1
      Partial area ratio:    1.74
      Required ratio:    0.00 (Gate area) 
      Cumulative area ratio:    1.74
      Required ratio:    0.00 (Cumulative area) 
      Partial area ratio:    7.99
      Required ratio:  400.00 (Side area) 
      Cumulative area ratio:    7.99
      Required ratio:    0.00 (Cumulative side area) 

    Layer: via
      Partial area ratio:    0.12
      Required ratio:    6.00 (Gate area) 
      Cumulative area ratio:    0.23
      Required ratio:    0.00 (Cumulative area) 

    Layer: met2
      Partial area ratio:    4.07
      Required ratio:    0.00 (Gate area) 
      Cumulative area ratio:    5.81
      Required ratio:    0.00 (Cumulative area) 
      Partial area ratio:   20.09
      Required ratio: 3312.80 (Side area) 
      Cumulative area ratio:   28.08
      Required ratio:    0.00 (Cumulative side area) 

    Layer: via2
      Partial area ratio:    0.02
      Required ratio:   70.15 (Gate area) 
      Cumulative area ratio:    0.26
      Required ratio:    0.00 (Cumulative area) 

    Layer: met3
      Partial area ratio:    0.07
      Required ratio:    0.00 (Gate area) 
      Cumulative area ratio:    5.88
      Required ratio:    0.00 (Cumulative area) 
      Partial area ratio:    0.65
      Required ratio: 3312.80 (Side area) 
      Cumulative area ratio:   28.73
      Required ratio:    0.00 (Cumulative side area) 

    Layer: via3
      Partial area ratio:    0.02
      Required ratio:   70.15 (Gate area) 
      Cumulative area ratio:    0.28
      Required ratio:    0.00 (Cumulative area) 

    Layer: met4
      Partial area ratio:    4.90
      Required ratio:    0.00 (Gate area) 
      Cumulative area ratio:   10.78
      Required ratio:    0.00 (Cumulative area) 
      Partial area ratio:   26.40
      Required ratio: 3312.80 (Side area) 
      Cumulative area ratio:   55.13
      Required ratio:    0.00 (Cumulative side area) 


  Pin:   _13242_/A (sky130_fd_sc_hd__and4_1)
    Layer: mcon
      Partial area ratio:    0.23
      Required ratio:    3.00 (Gate area) 
      Cumulative area ratio:    0.23
      Required ratio:    0.00 (Cumulative area) 

    Layer: met1
      Partial area ratio:    4.53
      Required ratio:    0.00 (Gate area) 
      Cumulative area ratio:    4.53
      Required ratio:    0.00 (Cumulative area) 
      Partial area ratio:   22.04
      Required ratio: 3312.80 (Side area) 
      Cumulative area ratio:   22.04
      Required ratio:    0.00 (Cumulative side area) 

    Layer: via
      Partial area ratio:    0.10
      Required ratio:   70.15 (Gate area) 
      Cumulative area ratio:    0.33
      Required ratio:    0.00 (Cumulative area) 

    Layer: met2
      Partial area ratio:    4.07
      Required ratio:    0.00 (Gate area) 
      Cumulative area ratio:    8.59
      Required ratio:    0.00 (Cumulative area) 
      Partial area ratio:   20.09
      Required ratio: 3312.80 (Side area) 
      Cumulative area ratio:   42.13
      Required ratio:    0.00 (Cumulative side area) 

    Layer: via2
      Partial area ratio:    0.02
      Required ratio:   70.15 (Gate area) 
      Cumulative area ratio:    0.35
      Required ratio:    0.00 (Cumulative area) 

    Layer: met3
      Partial area ratio:    0.07
      Required ratio:    0.00 (Gate area) 
      Cumulative area ratio:    8.67
      Required ratio:    0.00 (Cumulative area) 
      Partial area ratio:    0.65
      Required ratio: 3312.80 (Side area) 
      Cumulative area ratio:   42.78
      Required ratio:    0.00 (Cumulative side area) 

    Layer: via3
      Partial area ratio:    0.02
      Required ratio:   70.15 (Gate area) 
      Cumulative area ratio:    0.37
      Required ratio:    0.00 (Cumulative area) 

    Layer: met4
      Partial area ratio:    4.90
      Required ratio:    0.00 (Gate area) 
      Cumulative area ratio:   13.57
      Required ratio:    0.00 (Cumulative area) 
      Partial area ratio:   26.40
      Required ratio: 3312.80 (Side area) 
      Cumulative area ratio:   69.18
      Required ratio:    0.00 (Cumulative side area) 


  Pin:   _13243_/A1 (sky130_fd_sc_hd__a22oi_1)
    Layer: mcon
      Partial area ratio:    0.12
      Required ratio:    3.00 (Gate area) 
      Cumulative area ratio:    0.12
      Required ratio:    0.00 (Cumulative area) 

    Layer: met1
      Partial area ratio:    2.95
      Required ratio:    0.00 (Gate area) 
      Cumulative area ratio:    2.95
      Required ratio:    0.00 (Cumulative area) 
      Partial area ratio:   14.01
      Required ratio:  400.00 (Side area) 
      Cumulative area ratio:   14.01
      Required ratio:    0.00 (Cumulative side area) 

    Layer: via
      Partial area ratio:    0.18
      Required ratio:    6.00 (Gate area) 
      Cumulative area ratio:    0.30
      Required ratio:    0.00 (Cumulative area) 

    Layer: met2
      Partial area ratio:    4.07
      Required ratio:    0.00 (Gate area) 
      Cumulative area ratio:    7.02
      Required ratio:    0.00 (Cumulative area) 
      Partial area ratio:   20.09
      Required ratio: 3312.80 (Side area) 
      Cumulative area ratio:   34.10
      Required ratio:    0.00 (Cumulative side area) 

    Layer: via2
      Partial area ratio:    0.02
      Required ratio:   70.15 (Gate area) 
      Cumulative area ratio:    0.32
      Required ratio:    0.00 (Cumulative area) 

    Layer: met3
      Partial area ratio:    0.07
      Required ratio:    0.00 (Gate area) 
      Cumulative area ratio:    7.09
      Required ratio:    0.00 (Cumulative area) 
      Partial area ratio:    0.65
      Required ratio: 3312.80 (Side area) 
      Cumulative area ratio:   34.76
      Required ratio:    0.00 (Cumulative side area) 

    Layer: via3
      Partial area ratio:    0.02
      Required ratio:   70.15 (Gate area) 
      Cumulative area ratio:    0.34
      Required ratio:    0.00 (Cumulative area) 

    Layer: met4
      Partial area ratio:    4.90
      Required ratio:    0.00 (Gate area) 
      Cumulative area ratio:   11.99
      Required ratio:    0.00 (Cumulative area) 
      Partial area ratio:   26.40
      Required ratio: 3312.80 (Side area) 
      Cumulative area ratio:   61.15
      Required ratio:    0.00 (Cumulative side area) 


  Pin:   _13272_/A1 (sky130_fd_sc_hd__a22o_1)
    Layer: mcon
      Partial area ratio:    0.12
      Required ratio:    3.00 (Gate area) 
      Cumulative area ratio:    0.12
      Required ratio:    0.00 (Cumulative area) 

    Layer: met1
      Partial area ratio:    1.94
      Required ratio:    0.00 (Gate area) 
      Cumulative area ratio:    1.94
      Required ratio:    0.00 (Cumulative area) 
      Partial area ratio:    8.34
      Required ratio:  400.00 (Side area) 
      Cumulative area ratio:    8.34
      Required ratio:    0.00 (Cumulative side area) 

    Layer: via
      Partial area ratio:    0.18
      Required ratio:    6.00 (Gate area) 
      Cumulative area ratio:    0.30
      Required ratio:    0.00 (Cumulative area) 

    Layer: met2
      Partial area ratio:    4.07
      Required ratio:    0.00 (Gate area) 
      Cumulative area ratio:    6.01
      Required ratio:    0.00 (Cumulative area) 
      Partial area ratio:   20.09
      Required ratio: 3312.80 (Side area) 
      Cumulative area ratio:   28.43
      Required ratio:    0.00 (Cumulative side area) 

    Layer: via2
      Partial area ratio:    0.02
      Required ratio:   70.15 (Gate area) 
      Cumulative area ratio:    0.32
      Required ratio:    0.00 (Cumulative area) 

    Layer: met3
      Partial area ratio:    0.07
      Required ratio:    0.00 (Gate area) 
      Cumulative area ratio:    6.08
      Required ratio:    0.00 (Cumulative area) 
      Partial area ratio:    0.65
      Required ratio: 3312.80 (Side area) 
      Cumulative area ratio:   29.08
      Required ratio:    0.00 (Cumulative side area) 

    Layer: via3
      Partial area ratio:    0.02
      Required ratio:   70.15 (Gate area) 
      Cumulative area ratio:    0.34
      Required ratio:    0.00 (Cumulative area) 

    Layer: met4
      Partial area ratio:    4.90
      Required ratio:    0.00 (Gate area) 
      Cumulative area ratio:   10.98
      Required ratio:    0.00 (Cumulative area) 
      Partial area ratio:   26.40
      Required ratio: 3312.80 (Side area) 
      Cumulative area ratio:   55.48
      Required ratio:    0.00 (Cumulative side area) 


  Pin:   _13274_/C (sky130_fd_sc_hd__and4_1)
    Layer: mcon
      Partial area ratio:    0.23
      Required ratio:    3.00 (Gate area) 
      Cumulative area ratio:    0.23
      Required ratio:    0.00 (Cumulative area) 

    Layer: met1
      Partial area ratio:    1.94
      Required ratio:    0.00 (Gate area) 
      Cumulative area ratio:    1.94
      Required ratio:    0.00 (Cumulative area) 
      Partial area ratio:    8.34
      Required ratio:  400.00 (Side area) 
      Cumulative area ratio:    8.34
      Required ratio:    0.00 (Cumulative side area) 

    Layer: via
      Partial area ratio:    0.18
      Required ratio:    6.00 (Gate area) 
      Cumulative area ratio:    0.41
      Required ratio:    0.00 (Cumulative area) 

    Layer: met2
      Partial area ratio:    4.07
      Required ratio:    0.00 (Gate area) 
      Cumulative area ratio:    6.01
      Required ratio:    0.00 (Cumulative area) 
      Partial area ratio:   20.09
      Required ratio: 3312.80 (Side area) 
      Cumulative area ratio:   28.43
      Required ratio:    0.00 (Cumulative side area) 

    Layer: via2
      Partial area ratio:    0.02
      Required ratio:   70.15 (Gate area) 
      Cumulative area ratio:    0.43
      Required ratio:    0.00 (Cumulative area) 

    Layer: met3
      Partial area ratio:    0.07
      Required ratio:    0.00 (Gate area) 
      Cumulative area ratio:    6.08
      Required ratio:    0.00 (Cumulative area) 
      Partial area ratio:    0.65
      Required ratio: 3312.80 (Side area) 
      Cumulative area ratio:   29.08
      Required ratio:    0.00 (Cumulative side area) 

    Layer: via3
      Partial area ratio:    0.02
      Required ratio:   70.15 (Gate area) 
      Cumulative area ratio:    0.46
      Required ratio:    0.00 (Cumulative area) 

    Layer: met4
      Partial area ratio:    4.90
      Required ratio:    0.00 (Gate area) 
      Cumulative area ratio:   10.98
      Required ratio:    0.00 (Cumulative area) 
      Partial area ratio:   26.40
      Required ratio: 3312.80 (Side area) 
      Cumulative area ratio:   55.48
      Required ratio:    0.00 (Cumulative side area) 


  Pin:   _13300_/A1 (sky130_fd_sc_hd__a211o_1)
    Layer: mcon
      Partial area ratio:    0.12
      Required ratio:    3.00 (Gate area) 
      Cumulative area ratio:    0.12
      Required ratio:    0.00 (Cumulative area) 

    Layer: met1
      Partial area ratio:    4.53
      Required ratio:    0.00 (Gate area) 
      Cumulative area ratio:    4.53
      Required ratio:    0.00 (Cumulative area) 
      Partial area ratio:   22.04
      Required ratio: 3312.80 (Side area) 
      Cumulative area ratio:   22.04
      Required ratio:    0.00 (Cumulative side area) 

    Layer: via
      Partial area ratio:    0.10
      Required ratio:   70.15 (Gate area) 
      Cumulative area ratio:    0.22
      Required ratio:    0.00 (Cumulative area) 

    Layer: met2
      Partial area ratio:    4.07
      Required ratio:    0.00 (Gate area) 
      Cumulative area ratio:    8.59
      Required ratio:    0.00 (Cumulative area) 
      Partial area ratio:   20.09
      Required ratio: 3312.80 (Side area) 
      Cumulative area ratio:   42.13
      Required ratio:    0.00 (Cumulative side area) 

    Layer: via2
      Partial area ratio:    0.02
      Required ratio:   70.15 (Gate area) 
      Cumulative area ratio:    0.24
      Required ratio:    0.00 (Cumulative area) 

    Layer: met3
      Partial area ratio:    0.07
      Required ratio:    0.00 (Gate area) 
      Cumulative area ratio:    8.67
      Required ratio:    0.00 (Cumulative area) 
      Partial area ratio:    0.65
      Required ratio: 3312.80 (Side area) 
      Cumulative area ratio:   42.78
      Required ratio:    0.00 (Cumulative side area) 

    Layer: via3
      Partial area ratio:    0.02
      Required ratio:   70.15 (Gate area) 
      Cumulative area ratio:    0.26
      Required ratio:    0.00 (Cumulative area) 

    Layer: met4
      Partial area ratio:    4.90
      Required ratio:    0.00 (Gate area) 
      Cumulative area ratio:   13.57
      Required ratio:    0.00 (Cumulative area) 
      Partial area ratio:   26.40
      Required ratio: 3312.80 (Side area) 
      Cumulative area ratio:   69.18
      Required ratio:    0.00 (Cumulative side area) 


  Pin:   _13301_/B1 (sky130_fd_sc_hd__o211ai_4)
    Layer: mcon
      Partial area ratio:    0.03
      Required ratio:    3.00 (Gate area) 
      Cumulative area ratio:    0.03
      Required ratio:    0.00 (Cumulative area) 

    Layer: met1
      Partial area ratio:    4.53
      Required ratio:    0.00 (Gate area) 
      Cumulative area ratio:    4.53
      Required ratio:    0.00 (Cumulative area) 
      Partial area ratio:   22.04
      Required ratio: 3312.80 (Side area) 
      Cumulative area ratio:   22.04
      Required ratio:    0.00 (Cumulative side area) 

    Layer: via
      Partial area ratio:    0.10
      Required ratio:   70.15 (Gate area) 
      Cumulative area ratio:    0.13
      Required ratio:    0.00 (Cumulative area) 

    Layer: met2
      Partial area ratio:    4.07
      Required ratio:    0.00 (Gate area) 
      Cumulative area ratio:    8.59
      Required ratio:    0.00 (Cumulative area) 
      Partial area ratio:   20.09
      Required ratio: 3312.80 (Side area) 
      Cumulative area ratio:   42.13
      Required ratio:    0.00 (Cumulative side area) 

    Layer: via2
      Partial area ratio:    0.02
      Required ratio:   70.15 (Gate area) 
      Cumulative area ratio:    0.15
      Required ratio:    0.00 (Cumulative area) 

    Layer: met3
      Partial area ratio:    0.07
      Required ratio:    0.00 (Gate area) 
      Cumulative area ratio:    8.67
      Required ratio:    0.00 (Cumulative area) 
      Partial area ratio:    0.65
      Required ratio: 3312.80 (Side area) 
      Cumulative area ratio:   42.78
      Required ratio:    0.00 (Cumulative side area) 

    Layer: via3
      Partial area ratio:    0.02
      Required ratio:   70.15 (Gate area) 
      Cumulative area ratio:    0.17
      Required ratio:    0.00 (Cumulative area) 

    Layer: met4
      Partial area ratio:    4.90
      Required ratio:    0.00 (Gate area) 
      Cumulative area ratio:   13.57
      Required ratio:    0.00 (Cumulative area) 
      Partial area ratio:   26.40
      Required ratio: 3312.80 (Side area) 
      Cumulative area ratio:   69.18
      Required ratio:    0.00 (Cumulative side area) 



[INFO ANT-0002] Found 2 net violations.
[INFO ANT-0001] Found 2 pin violations.
%OL_END_REPORT
