Clock: clk
Sources: clk 
Generated: no
Virtual: yes
Propagated: no
Period: 10.000000

===========================================================================
report_clock_properties
============================================================================
Clock                   Period          Waveform
----------------------------------------------------
clk                  10.000000    0.000000  5.000000

===========================================================================
report_clock_latency
============================================================================
Clock clk
rise -> rise
    min     max
0.000000 0.000000 source latency
1.284298         network latency _20402_/CLK
        1.773351 network latency _20666_/CLK
---------------
1.284298 1.773351 latency
        0.489053 skew

fall -> fall
    min     max
0.000000 0.000000 source latency
1.051339         network latency _20402_/CLK
        1.482184 network latency _20666_/CLK
---------------
1.051339 1.482184 latency
        0.430845 skew



===========================================================================
report_clock_min_period
============================================================================
clk period_min = 9.94 fmax = 100.61
