Clock: clk
Sources: clk 
Generated: no
Virtual: yes
Propagated: no
Period: 10.000000

===========================================================================
report_clock_properties
============================================================================
Clock                   Period          Waveform
----------------------------------------------------
clk                  10.000000    0.000000  5.000000

===========================================================================
report_clock_latency
============================================================================
Clock clk
rise -> rise
    min     max
0.000000 0.000000 source latency
1.159625         network latency _0983_/CLK
        0.753155 network latency i_ll/clk
---------------
1.159625 0.753155 latency
        -0.406470 skew

fall -> fall
    min     max
0.000000 0.000000 source latency
0.995824         network latency _0983_/CLK
        0.602185 network latency i_ll/clk
---------------
0.995824 0.602185 latency
        -0.393638 skew



===========================================================================
report_clock_min_period
============================================================================
clk period_min = 7.35 fmax = 136.11
