[WARNING ORD-0039] .openroad ignored with -python
Unannotated report:
['report_parasitic_annotation -report_unannotated\n',
 '============================================================================\n',
 'Found 111 unannotated drivers.\n',
 ' clkload0/Y\n',
 ' clkload1/Y\n',
 ' clkload10/Y\n',
 ' clkload11/Y\n',
 ' clkload12/Y\n',
 ' clkload13/Y\n',
 ' clkload14/Y\n',
 ' clkload15/Y\n',
 ' clkload2/Y\n',
 ' clkload3/Y\n',
 ' clkload4/Y\n',
 ' clkload5/Y\n',
 ' clkload6/Y\n',
 ' clkload7/Y\n',
 ' clkload8/Y\n',
 ' clkload9/X\n',
 ' i_add_188/HI\n',
 ' i_add_189/HI\n',
 ' i_add_190/HI\n',
 ' i_add_191/HI\n',
 ' i_add_192/HI\n',
 ' i_add_193/HI\n',
 ' i_add_194/HI\n',
 ' i_add_195/HI\n',
 ' i_add_196/HI\n',
 ' i_add_197/HI\n',
 ' i_add_198/HI\n',
 ' i_add_199/HI\n',
 ' i_add_200/HI\n',
 ' i_add_201/HI\n',
 ' i_add_202/HI\n',
 ' i_add_203/HI\n',
 ' i_add_204/HI\n',
 ' i_add_205/HI\n',
 ' i_add_206/HI\n',
 ' i_add_207/HI\n',
 ' i_add_208/HI\n',
 ' i_add_209/HI\n',
 ' i_add_210/HI\n',
 ' i_add_211/HI\n',
 ' i_add_212/HI\n',
 ' i_add_213/HI\n',
 ' i_add_214/HI\n',
 ' i_add_215/HI\n',
 ' i_add_216/HI\n',
 ' i_add_217/HI\n',
 ' i_add_218/HI\n',
 ' i_add_219/HI\n',
 ' i_add_220/HI\n',
 ' i_add_221/HI\n',
 ' i_add_222/HI\n',
 ' i_add_223/HI\n',
 ' i_add_224/HI\n',
 ' i_add_225/HI\n',
 ' i_add_226/HI\n',
 ' i_add_227/HI\n',
 ' i_add_228/HI\n',
 ' i_add_229/HI\n',
 ' i_add_230/HI\n',
 ' i_add_231/HI\n',
 ' i_add_232/HI\n',
 ' i_add_233/HI\n',
 ' i_add_234/HI\n',
 ' i_add_235/HI\n',
 ' i_add_236/HI\n',
 ' i_add_237/HI\n',
 ' i_add_238/HI\n',
 ' i_add_239/HI\n',
 ' i_add_240/HI\n',
 ' i_add_241/HI\n',
 ' i_add_242/HI\n',
 ' i_add_243/HI\n',
 ' i_add_244/HI\n',
 ' i_add_245/HI\n',
 ' i_add_246/HI\n',
 ' i_add_247/HI\n',
 ' i_add_248/HI\n',
 ' i_add_249/HI\n',
 ' i_add_250/HI\n',
 ' i_add_251/HI\n',
 ' i_add_252/HI\n',
 ' i_add_253/HI\n',
 ' i_add_254/HI\n',
 ' i_add_255/HI\n',
 ' i_add_256/HI\n',
 ' i_add_257/HI\n',
 ' i_add_258/HI\n',
 ' i_add_259/HI\n',
 ' i_add_260/HI\n',
 ' i_add_261/HI\n',
 ' i_add_262/HI\n',
 ' i_add_263/HI\n',
 ' i_add_264/HI\n',
 ' i_add_265/HI\n',
 ' i_add_266/HI\n',
 ' i_add_267/HI\n',
 ' i_add_268/HI\n',
 ' i_add_269/HI\n',
 ' i_add_270/HI\n',
 ' i_add_271/HI\n',
 ' i_add_272/HI\n',
 ' i_add_273/HI\n',
 ' i_add_274/HI\n',
 ' i_add_275/HI\n',
 ' i_add_276/HI\n',
 ' i_add_277/HI\n',
 ' i_add_278/HI\n',
 ' i_add_279/HI\n',
 ' i_add_280/HI\n',
 ' i_add_281/HI\n',
 ' i_add_282/HI\n',
 'Found 0 partially unannotated drivers.\n',
 '\n']
Reported nets:
['clkload0/Y',
 'clkload1/Y',
 'clkload10/Y',
 'clkload11/Y',
 'clkload12/Y',
 'clkload13/Y',
 'clkload14/Y',
 'clkload15/Y',
 'clkload2/Y',
 'clkload3/Y',
 'clkload4/Y',
 'clkload5/Y',
 'clkload6/Y',
 'clkload7/Y',
 'clkload8/Y',
 'clkload9/X',
 'i_add_188/HI',
 'i_add_189/HI',
 'i_add_190/HI',
 'i_add_191/HI',
 'i_add_192/HI',
 'i_add_193/HI',
 'i_add_194/HI',
 'i_add_195/HI',
 'i_add_196/HI',
 'i_add_197/HI',
 'i_add_198/HI',
 'i_add_199/HI',
 'i_add_200/HI',
 'i_add_201/HI',
 'i_add_202/HI',
 'i_add_203/HI',
 'i_add_204/HI',
 'i_add_205/HI',
 'i_add_206/HI',
 'i_add_207/HI',
 'i_add_208/HI',
 'i_add_209/HI',
 'i_add_210/HI',
 'i_add_211/HI',
 'i_add_212/HI',
 'i_add_213/HI',
 'i_add_214/HI',
 'i_add_215/HI',
 'i_add_216/HI',
 'i_add_217/HI',
 'i_add_218/HI',
 'i_add_219/HI',
 'i_add_220/HI',
 'i_add_221/HI',
 'i_add_222/HI',
 'i_add_223/HI',
 'i_add_224/HI',
 'i_add_225/HI',
 'i_add_226/HI',
 'i_add_227/HI',
 'i_add_228/HI',
 'i_add_229/HI',
 'i_add_230/HI',
 'i_add_231/HI',
 'i_add_232/HI',
 'i_add_233/HI',
 'i_add_234/HI',
 'i_add_235/HI',
 'i_add_236/HI',
 'i_add_237/HI',
 'i_add_238/HI',
 'i_add_239/HI',
 'i_add_240/HI',
 'i_add_241/HI',
 'i_add_242/HI',
 'i_add_243/HI',
 'i_add_244/HI',
 'i_add_245/HI',
 'i_add_246/HI',
 'i_add_247/HI',
 'i_add_248/HI',
 'i_add_249/HI',
 'i_add_250/HI',
 'i_add_251/HI',
 'i_add_252/HI',
 'i_add_253/HI',
 'i_add_254/HI',
 'i_add_255/HI',
 'i_add_256/HI',
 'i_add_257/HI',
 'i_add_258/HI',
 'i_add_259/HI',
 'i_add_260/HI',
 'i_add_261/HI',
 'i_add_262/HI',
 'i_add_263/HI',
 'i_add_264/HI',
 'i_add_265/HI',
 'i_add_266/HI',
 'i_add_267/HI',
 'i_add_268/HI',
 'i_add_269/HI',
 'i_add_270/HI',
 'i_add_271/HI',
 'i_add_272/HI',
 'i_add_273/HI',
 'i_add_274/HI',
 'i_add_275/HI',
 'i_add_276/HI',
 'i_add_277/HI',
 'i_add_278/HI',
 'i_add_279/HI',
 'i_add_280/HI',
 'i_add_281/HI',
 'i_add_282/HI']
Filtered nets:
[]
done
