
===========================================================================
report_checks -unconstrained
===========================================================================
======================= nom_ff_n40C_1v95 Corner ===================================

Startpoint: _20768_ (rising edge-triggered flip-flop clocked by clk)
Endpoint: _20697_ (rising edge-triggered flip-flop clocked by clk)
Path Group: clk
Path Type: max

Fanout         Cap        Slew       Delay        Time   Description
---------------------------------------------------------------------------------------------
                                  0.000000    0.000000   clock clk (rise edge)
                                  0.000000    0.000000   clock source latency
     2    0.062769    0.133064    0.094230    0.094230 ^ clk (in)
                                                         clk (net)
                      0.133130    0.000000    0.094230 ^ clkbuf_0_clk/A (sky130_fd_sc_hd__clkbuf_16)
     8    0.203578    0.166388    0.207323    0.301553 ^ clkbuf_0_clk/X (sky130_fd_sc_hd__clkbuf_16)
                                                         clknet_0_clk (net)
                      0.166747    0.006282    0.307835 ^ clkbuf_3_0_0_clk/A (sky130_fd_sc_hd__clkbuf_16)
    10    0.179593    0.148479    0.199130    0.506965 ^ clkbuf_3_0_0_clk/X (sky130_fd_sc_hd__clkbuf_16)
                                                         clknet_3_0_0_clk (net)
                      0.150566    0.014001    0.520966 ^ clkbuf_leaf_73_clk/A (sky130_fd_sc_hd__clkbuf_16)
     3    0.010539    0.027547    0.106422    0.627388 ^ clkbuf_leaf_73_clk/X (sky130_fd_sc_hd__clkbuf_16)
                                                         clknet_leaf_73_clk (net)
                      0.027548    0.000295    0.627683 ^ _20768_/CLK (sky130_fd_sc_hd__dfxtp_4)
     3    0.035122    0.081867    0.249744    0.877427 ^ _20768_/Q (sky130_fd_sc_hd__dfxtp_4)
                                                         a_h[6] (net)
                      0.081885    0.001177    0.878604 ^ max_cap717/A (sky130_fd_sc_hd__buf_12)
    16    0.126616    0.114733    0.133631    1.012235 ^ max_cap717/X (sky130_fd_sc_hd__buf_12)
                                                         net717 (net)
                      0.116903    0.012534    1.024769 ^ wire716/A (sky130_fd_sc_hd__buf_12)
     9    0.077005    0.073895    0.111276    1.136045 ^ wire716/X (sky130_fd_sc_hd__buf_12)
                                                         net716 (net)
                      0.074517    0.005381    1.141427 ^ max_cap715/A (sky130_fd_sc_hd__buf_12)
     8    0.071013    0.068961    0.103526    1.244953 ^ max_cap715/X (sky130_fd_sc_hd__buf_12)
                                                         net715 (net)
                      0.069216    0.003368    1.248321 ^ rebuffer331/A (sky130_fd_sc_hd__dlymetal6s4s_1)
     3    0.028758    0.228022    0.253938    1.502259 ^ rebuffer331/X (sky130_fd_sc_hd__dlymetal6s4s_1)
                                                         net1166 (net)
                      0.228031    0.001149    1.503407 ^ _13437_/B (sky130_fd_sc_hd__nand2_2)
     4    0.017274    0.076051    0.075984    1.579391 v _13437_/Y (sky130_fd_sc_hd__nand2_2)
                                                         _04348_ (net)
                      0.076056    0.000487    1.579878 v _13500_/A1 (sky130_fd_sc_hd__o21ai_2)
     2    0.011694    0.123033    0.144294    1.724172 ^ _13500_/Y (sky130_fd_sc_hd__o21ai_2)
                                                         _04410_ (net)
                      0.123033    0.000419    1.724591 ^ _13517_/C (sky130_fd_sc_hd__nand3_1)
     3    0.012763    0.089063    0.096564    1.821155 v _13517_/Y (sky130_fd_sc_hd__nand3_1)
                                                         _04427_ (net)
                      0.089066    0.000374    1.821529 v _13521_/A1 (sky130_fd_sc_hd__a21o_4)
     3    0.024228    0.042298    0.168206    1.989735 v _13521_/X (sky130_fd_sc_hd__a21o_4)
                                                         _04431_ (net)
                      0.042328    0.000629    1.990364 v _13525_/A2 (sky130_fd_sc_hd__a21oi_2)
     2    0.013782    0.138377    0.147362    2.137726 ^ _13525_/Y (sky130_fd_sc_hd__a21oi_2)
                                                         _04435_ (net)
                      0.138379    0.000460    2.138186 ^ _13578_/B1 (sky130_fd_sc_hd__a21oi_4)
     3    0.013363    0.041734    0.026604    2.164790 v _13578_/Y (sky130_fd_sc_hd__a21oi_4)
                                                         _04487_ (net)
                      0.041736    0.000488    2.165278 v rebuffer244/A (sky130_fd_sc_hd__dlygate4sd1_1)
     3    0.021983    0.078900    0.199842    2.365121 v rebuffer244/X (sky130_fd_sc_hd__dlygate4sd1_1)
                                                         net1079 (net)
                      0.078906    0.000705    2.365825 v _13677_/A1 (sky130_fd_sc_hd__o21ai_4)
     3    0.017839    0.131529    0.153185    2.519011 ^ _13677_/Y (sky130_fd_sc_hd__o21ai_4)
                                                         _04585_ (net)
                      0.131529    0.000216    2.519227 ^ _13779_/A (sky130_fd_sc_hd__nand3_2)
     2    0.010073    0.064699    0.063358    2.582584 v _13779_/Y (sky130_fd_sc_hd__nand3_2)
                                                         _04687_ (net)
                      0.064700    0.000243    2.582828 v _13780_/A2_N (sky130_fd_sc_hd__o2bb2ai_2)
     4    0.017313    0.058319    0.103457    2.686285 v _13780_/Y (sky130_fd_sc_hd__o2bb2ai_2)
                                                         _04688_ (net)
                      0.058345    0.000403    2.686688 v _13785_/C (sky130_fd_sc_hd__nand3_2)
     5    0.024883    0.111751    0.110505    2.797194 ^ _13785_/Y (sky130_fd_sc_hd__nand3_2)
                                                         _04693_ (net)
                      0.111758    0.000705    2.797898 ^ _13919_/A (sky130_fd_sc_hd__nor2_1)
     2    0.008746    0.049581    0.055242    2.853140 v _13919_/Y (sky130_fd_sc_hd__nor2_1)
                                                         _04826_ (net)
                      0.049581    0.000224    2.853364 v _13921_/A1 (sky130_fd_sc_hd__a21oi_2)
     1    0.009308    0.105311    0.117610    2.970974 ^ _13921_/Y (sky130_fd_sc_hd__a21oi_2)
                                                         _04828_ (net)
                      0.105311    0.000292    2.971266 ^ _14197_/A (sky130_fd_sc_hd__nand4_4)
     1    0.009369    0.066088    0.056886    3.028152 v _14197_/Y (sky130_fd_sc_hd__nand4_4)
                                                         _05102_ (net)
                      0.066089    0.000300    3.028453 v _14359_/A1 (sky130_fd_sc_hd__o211ai_4)
     3    0.029978    0.214307    0.215479    3.243932 ^ _14359_/Y (sky130_fd_sc_hd__o211ai_4)
                                                         _05262_ (net)
                      0.214346    0.001370    3.245301 ^ _14989_/B (sky130_fd_sc_hd__nand3_4)
     3    0.026426    0.089682    0.085632    3.330933 v _14989_/Y (sky130_fd_sc_hd__nand3_4)
                                                         _05888_ (net)
                      0.089769    0.002130    3.333063 v _15322_/C (sky130_fd_sc_hd__nand3_4)
     6    0.028839    0.094490    0.113644    3.446707 ^ _15322_/Y (sky130_fd_sc_hd__nand3_4)
                                                         _06217_ (net)
                      0.094562    0.002039    3.448747 ^ _15450_/A (sky130_fd_sc_hd__nand2_1)
     2    0.008301    0.054517    0.055034    3.503781 v _15450_/Y (sky130_fd_sc_hd__nand2_1)
                                                         _06341_ (net)
                      0.054518    0.000240    3.504021 v _15506_/A1 (sky130_fd_sc_hd__a21oi_2)
     2    0.007322    0.090991    0.107425    3.611446 ^ _15506_/Y (sky130_fd_sc_hd__a21oi_2)
                                                         _06395_ (net)
                      0.090991    0.000220    3.611666 ^ _15509_/A2 (sky130_fd_sc_hd__o21ai_1)
     1    0.002966    0.034019    0.038621    3.650287 v _15509_/Y (sky130_fd_sc_hd__o21ai_1)
                                                         _06398_ (net)
                      0.034019    0.000089    3.650376 v _15513_/A1 (sky130_fd_sc_hd__a21oi_1)
     1    0.002757    0.075632    0.080078    3.730454 ^ _15513_/Y (sky130_fd_sc_hd__a21oi_1)
                                                         _00337_ (net)
                      0.075632    0.000082    3.730536 ^ _20697_/D (sky130_fd_sc_hd__dfxtp_2)
                                              3.730536   data arrival time

                                 10.000000   10.000000   clock clk (rise edge)
                                  0.000000   10.000000   clock source latency
     2    0.062769    0.133064    0.094230   10.094230 ^ clk (in)
                                                         clk (net)
                      0.133130    0.000000   10.094230 ^ clkbuf_0_clk/A (sky130_fd_sc_hd__clkbuf_16)
     8    0.203578    0.166388    0.207324   10.301554 ^ clkbuf_0_clk/X (sky130_fd_sc_hd__clkbuf_16)
                                                         clknet_0_clk (net)
                      0.166714    0.005991   10.307545 ^ clkbuf_3_1_0_clk/A (sky130_fd_sc_hd__clkbuf_16)
     8    0.127597    0.109069    0.173625   10.481169 ^ clkbuf_3_1_0_clk/X (sky130_fd_sc_hd__clkbuf_16)
                                                         clknet_3_1_0_clk (net)
                      0.109246    0.003553   10.484722 ^ _20697_/CLK (sky130_fd_sc_hd__dfxtp_2)
                                 -0.200000   10.284721   clock uncertainty
                                  0.000000   10.284721   clock reconvergence pessimism
                                 -0.033113   10.251609   library setup time
                                             10.251609   data required time
---------------------------------------------------------------------------------------------
                                             10.251609   data required time
                                             -3.730536   data arrival time
---------------------------------------------------------------------------------------------
                                              6.521073   slack (MET)




===========================================================================
report_checks --slack_max -0.01
============================================================================
======================= nom_ff_n40C_1v95 Corner ===================================

No paths found.


===========================================================================
 report_check_types -max_slew -max_cap -max_fanout -violators
============================================================================
======================= nom_ff_n40C_1v95 Corner ===================================



===========================================================================
report_parasitic_annotation -report_unannotated
============================================================================
Found 66 unannotated drivers.
 clkload0/Y
 clkload1/Y
 clkload10/X
 clkload11/X
 clkload12/X
 clkload13/X
 clkload14/X
 clkload15/Y
 clkload16/Y
 clkload17/Y
 clkload18/Y
 clkload19/Y
 clkload2/Y
 clkload20/Y
 clkload21/Y
 clkload22/Y
 clkload23/Y
 clkload24/Y
 clkload25/Y
 clkload26/Y
 clkload27/Y
 clkload28/Y
 clkload29/Y
 clkload3/Y
 clkload30/Y
 clkload31/X
 clkload32/Y
 clkload33/Y
 clkload34/Y
 clkload35/Y
 clkload36/Y
 clkload37/Y
 clkload38/Y
 clkload39/Y
 clkload4/Y
 clkload40/Y
 clkload41/Y
 clkload42/Y
 clkload43/Y
 clkload44/X
 clkload45/Y
 clkload46/Y
 clkload47/Y
 clkload48/Y
 clkload49/Y
 clkload5/Y
 clkload50/Y
 clkload51/Y
 clkload52/Y
 clkload53/Y
 clkload54/Y
 clkload55/Y
 clkload56/Y
 clkload57/Y
 clkload58/Y
 clkload59/Y
 clkload6/Y
 clkload60/X
 clkload61/Y
 clkload62/Y
 clkload63/X
 clkload64/X
 clkload65/Y
 clkload7/X
 clkload8/X
 clkload9/X
Found 0 partially unannotated drivers.

===========================================================================
max slew violation count 0
max fanout violation count 0
max cap violation count 0
============================================================================

===========================================================================
check_setup -verbose -unconstrained_endpoints -multiple_clock -no_clock -no_input_delay -loops -generated_clocks
===========================================================================
