Clock: clk
Sources: clk 
Generated: no
Virtual: yes
Propagated: no
Period: 10.000000

===========================================================================
report_clock_properties
============================================================================
Clock                   Period          Waveform
----------------------------------------------------
clk                  10.000000    0.000000  5.000000

===========================================================================
report_clock_latency
============================================================================
Clock clk
rise -> rise
    min     max
0.000000 0.000000 source latency
0.484722         network latency _20697_/CLK
        0.644216 network latency _20525_/CLK
---------------
0.484722 0.644216 latency
        0.159494 skew

fall -> fall
    min     max
0.000000 0.000000 source latency
0.409058         network latency _20697_/CLK
        0.564966 network latency _20497_/CLK
---------------
0.409058 0.564966 latency
        0.155909 skew



===========================================================================
report_clock_min_period
============================================================================
clk period_min = 3.48 fmax = 287.44
