if {[file exists ~/openlane2/my_script/script_matt.tcl]} {
    source ~/openlane2/my_script/script_matt.tcl
}
Reading OpenROAD database at '/home/hien/openlane2/designs/highspeed_pipelined_multiplier/runs/opti_3/47-odb-reportdisconnectedpins/pipelined_mult.odb'…
Reading library file at '/home/hien/.volare/volare/sky130/versions/0fe599b2afb6708d281543108caf8310912f54af/sky130A/libs.ref/sky130_fd_sc_hd/lib/sky130_fd_sc_hd__tt_025C_1v80.lib'…
Reading design constraints file at '/home/hien/openlane2/designs/highspeed_pipelined_multiplier/src/pnr.sdc'…
[INFO] No information on clock propagation in input SDC file-- propagating all clocks.
sky130_ef_sc_hd__decap_12 sky130_fd_sc_hd__decap_8 sky130_fd_sc_hd__decap_6 sky130_fd_sc_hd__decap_4 sky130_fd_sc_hd__decap_3 sky130_fd_sc_hd__fill*
[INFO DPL-0001] Placed 8486 filler instances.
Setting global connections for newly added cells…
[INFO] Setting global connections...
Updating metrics…
Cell type report:                       Count       Area
  Fill cell                              8782   47591.89
  Tap cell                               2325    2909.04
  Antenna cell                             32      80.08
  Clock buffer                             70    1052.26
  Timing Repair Buffer                   1115   11544.82
  Inverter                                178    1151.10
  Clock inverter                           52     810.78
  Sequential cell                         450    9258.88
  Multi-Input combinational cell        10007   88557.43
  Total                                 23011  162956.29
Writing OpenROAD database to '/home/hien/openlane2/designs/highspeed_pipelined_multiplier/runs/opti_3/51-openroad-fillinsertion/pipelined_mult.odb'…
Writing netlist to '/home/hien/openlane2/designs/highspeed_pipelined_multiplier/runs/opti_3/51-openroad-fillinsertion/pipelined_mult.nl.v'…
Writing powered netlist to '/home/hien/openlane2/designs/highspeed_pipelined_multiplier/runs/opti_3/51-openroad-fillinsertion/pipelined_mult.pnl.v'…
Writing layout to '/home/hien/openlane2/designs/highspeed_pipelined_multiplier/runs/opti_3/51-openroad-fillinsertion/pipelined_mult.def'…
Writing timing constraints to '/home/hien/openlane2/designs/highspeed_pipelined_multiplier/runs/opti_3/51-openroad-fillinsertion/pipelined_mult.sdc'…
