
===========================================================================
report_checks -unconstrained
===========================================================================
======================= nom_tt_025C_1v80 Corner ===================================

Startpoint: _20360_ (rising edge-triggered flip-flop clocked by clk)
Endpoint: _20685_ (rising edge-triggered flip-flop clocked by clk)
Path Group: clk
Path Type: max

Fanout         Cap        Slew       Delay        Time   Description
---------------------------------------------------------------------------------------------
                                  0.000000    0.000000   clock clk (rise edge)
                                  0.000000    0.000000   clock source latency
     1    0.034128    0.101825    0.074530    0.074530 ^ clk (in)
                                                         clk (net)
                      0.101907    0.000000    0.074530 ^ clkbuf_0_clk/A (sky130_fd_sc_hd__clkbuf_16)
     8    0.089763    0.105908    0.199017    0.273547 ^ clkbuf_0_clk/X (sky130_fd_sc_hd__clkbuf_16)
                                                         clknet_0_clk (net)
                      0.105960    0.002205    0.275752 ^ clkbuf_3_5_0_clk/A (sky130_fd_sc_hd__clkbuf_8)
    10    0.077765    0.141081    0.224659    0.500411 ^ clkbuf_3_5_0_clk/X (sky130_fd_sc_hd__clkbuf_8)
                                                         clknet_3_5_0_clk (net)
                      0.141085    0.001028    0.501438 ^ clkbuf_leaf_40_clk/A (sky130_fd_sc_hd__clkbuf_8)
    25    0.062349    0.117523    0.218624    0.720063 ^ clkbuf_leaf_40_clk/X (sky130_fd_sc_hd__clkbuf_8)
                                                         clknet_leaf_40_clk (net)
                      0.117523    0.000321    0.720384 ^ _20360_/CLK (sky130_fd_sc_hd__dfxtp_4)
     2    0.018768    0.048446    0.380885    1.101270 v _20360_/Q (sky130_fd_sc_hd__dfxtp_4)
                                                         b_l[0] (net)
                      0.048446    0.000819    1.102088 v wire795/A (sky130_fd_sc_hd__buf_12)
     8    0.052755    0.042915    0.145210    1.247298 v wire795/X (sky130_fd_sc_hd__buf_12)
                                                         net795 (net)
                      0.042940    0.001243    1.248541 v wire794/A (sky130_fd_sc_hd__buf_12)
     3    0.014392    0.026304    0.120939    1.369480 v wire794/X (sky130_fd_sc_hd__buf_12)
                                                         net794 (net)
                      0.026304    0.000068    1.369547 v max_cap793/A (sky130_fd_sc_hd__buf_12)
     8    0.055887    0.044067    0.136647    1.506194 v max_cap793/X (sky130_fd_sc_hd__buf_12)
                                                         net793 (net)
                      0.044115    0.001004    1.507199 v max_cap792/A (sky130_fd_sc_hd__buf_12)
     8    0.052007    0.042595    0.142868    1.650066 v max_cap792/X (sky130_fd_sc_hd__buf_12)
                                                         net792 (net)
                      0.042653    0.001523    1.651590 v clone111/A (sky130_fd_sc_hd__clkbuf_16)
     8    0.064527    0.059729    0.172677    1.824266 v clone111/X (sky130_fd_sc_hd__clkbuf_16)
                                                         net911 (net)
                      0.059729    0.000081    1.824348 v _13839_/B2 (sky130_fd_sc_hd__a22oi_4)
     3    0.030671    0.278464    0.265768    2.090116 ^ _13839_/Y (sky130_fd_sc_hd__a22oi_4)
                                                         _04746_ (net)
                      0.278464    0.000226    2.090341 ^ _13843_/A1 (sky130_fd_sc_hd__o21ai_4)
     2    0.014465    0.073714    0.114711    2.205052 v _13843_/Y (sky130_fd_sc_hd__o21ai_4)
                                                         _04750_ (net)
                      0.073714    0.000028    2.205080 v _13849_/A (sky130_fd_sc_hd__nand3_4)
     5    0.029237    0.120535    0.111310    2.316390 ^ _13849_/Y (sky130_fd_sc_hd__nand3_4)
                                                         _04756_ (net)
                      0.120535    0.000022    2.316412 ^ _13850_/A (sky130_fd_sc_hd__inv_2)
     1    0.009701    0.042132    0.059099    2.375511 v _13850_/Y (sky130_fd_sc_hd__inv_2)
                                                         _04757_ (net)
                      0.042132    0.000052    2.375563 v _13860_/A1 (sky130_fd_sc_hd__o211ai_4)
     6    0.029160    0.280106    0.282175    2.657738 ^ _13860_/Y (sky130_fd_sc_hd__o211ai_4)
                                                         _04767_ (net)
                      0.280106    0.000263    2.658001 ^ _13863_/B1 (sky130_fd_sc_hd__o21ai_4)
     2    0.011244    0.082470    0.109267    2.767269 v _13863_/Y (sky130_fd_sc_hd__o21ai_4)
                                                         _04770_ (net)
                      0.082470    0.000024    2.767293 v _13869_/A2 (sky130_fd_sc_hd__o211ai_4)
     5    0.031797    0.296101    0.288248    3.055541 ^ _13869_/Y (sky130_fd_sc_hd__o211ai_4)
                                                         _04776_ (net)
                      0.296101    0.000144    3.055685 ^ rebuffer356/A (sky130_fd_sc_hd__clkbuf_1)
     1    0.004942    0.071892    0.142858    3.198542 ^ rebuffer356/X (sky130_fd_sc_hd__clkbuf_1)
                                                         net1156 (net)
                      0.071892    0.000002    3.198544 ^ rebuffer258/A (sky130_fd_sc_hd__buf_6)
     1    0.009106    0.031838    0.098215    3.296759 ^ rebuffer258/X (sky130_fd_sc_hd__buf_6)
                                                         net1058 (net)
                      0.031838    0.000017    3.296776 ^ _13928_/A (sky130_fd_sc_hd__nand2_4)
     1    0.009406    0.040331    0.040065    3.336841 v _13928_/Y (sky130_fd_sc_hd__nand2_4)
                                                         _04834_ (net)
                      0.040331    0.000055    3.336896 v _14047_/A (sky130_fd_sc_hd__nand3_4)
     7    0.023699    0.105649    0.086134    3.423029 ^ _14047_/Y (sky130_fd_sc_hd__nand3_4)
                                                         _04953_ (net)
                      0.105649    0.000056    3.423086 ^ rebuffer348/A (sky130_fd_sc_hd__buf_1)
     1    0.009003    0.116292    0.147010    3.570096 ^ rebuffer348/X (sky130_fd_sc_hd__buf_1)
                                                         net1148 (net)
                      0.116292    0.000016    3.570112 ^ _14051_/C1 (sky130_fd_sc_hd__o211ai_4)
     6    0.025930    0.106426    0.124197    3.694309 v _14051_/Y (sky130_fd_sc_hd__o211ai_4)
                                                         _04957_ (net)
                      0.106426    0.000066    3.694375 v _14055_/A (sky130_fd_sc_hd__nand3_4)
     3    0.024015    0.107418    0.115906    3.810281 ^ _14055_/Y (sky130_fd_sc_hd__nand3_4)
                                                         _04961_ (net)
                      0.107418    0.000025    3.810306 ^ _14056_/A1_N (sky130_fd_sc_hd__o2bb2ai_4)
     3    0.028957    0.224141    0.177069    3.987375 ^ _14056_/Y (sky130_fd_sc_hd__o2bb2ai_4)
                                                         _04962_ (net)
                      0.224141    0.000165    3.987540 ^ _14197_/B (sky130_fd_sc_hd__nand4_4)
     1    0.008943    0.098633    0.129722    4.117262 v _14197_/Y (sky130_fd_sc_hd__nand4_4)
                                                         _05102_ (net)
                      0.098633    0.000019    4.117280 v _14359_/A1 (sky130_fd_sc_hd__o211ai_4)
     3    0.024419    0.251334    0.281775    4.399055 ^ _14359_/Y (sky130_fd_sc_hd__o211ai_4)
                                                         _05262_ (net)
                      0.251334    0.000423    4.399479 ^ _14762_/B (sky130_fd_sc_hd__nand3_4)
     2    0.008188    0.074608    0.103690    4.503169 v _14762_/Y (sky130_fd_sc_hd__nand3_4)
                                                         _05663_ (net)
                      0.074608    0.000030    4.503199 v _14765_/A2 (sky130_fd_sc_hd__a21o_1)
     3    0.011964    0.070253    0.223892    4.727090 v _14765_/X (sky130_fd_sc_hd__a21o_1)
                                                         _05666_ (net)
                      0.070253    0.000155    4.727245 v _14880_/A1 (sky130_fd_sc_hd__a31o_1)
     1    0.004395    0.045507    0.187589    4.914834 v _14880_/X (sky130_fd_sc_hd__a31o_1)
                                                         _05780_ (net)
                      0.045507    0.000006    4.914840 v _14881_/A (sky130_fd_sc_hd__nor2_2)
     1    0.005574    0.087276    0.113016    5.027856 ^ _14881_/Y (sky130_fd_sc_hd__nor2_2)
                                                         _00325_ (net)
                      0.087276    0.000059    5.027915 ^ _20685_/D (sky130_fd_sc_hd__dfxtp_2)
                                              5.027915   data arrival time

                                 10.000000   10.000000   clock clk (rise edge)
                                  0.000000   10.000000   clock source latency
     1    0.034128    0.101825    0.074530   10.074530 ^ clk (in)
                                                         clk (net)
                      0.101907    0.000000   10.074530 ^ clkbuf_0_clk/A (sky130_fd_sc_hd__clkbuf_16)
     8    0.089763    0.105908    0.199018   10.273547 ^ clkbuf_0_clk/X (sky130_fd_sc_hd__clkbuf_16)
                                                         clknet_0_clk (net)
                      0.105932    0.001603   10.275151 ^ clkbuf_3_1_0_clk/A (sky130_fd_sc_hd__clkbuf_8)
     8    0.068755    0.127646    0.214233   10.489384 ^ clkbuf_3_1_0_clk/X (sky130_fd_sc_hd__clkbuf_8)
                                                         clknet_3_1_0_clk (net)
                      0.127655    0.001206   10.490590 ^ _20685_/CLK (sky130_fd_sc_hd__dfxtp_2)
                                 -1.500000    8.990590   clock uncertainty
                                  0.000000    8.990590   clock reconvergence pessimism
                                 -0.056395    8.934195   library setup time
                                              8.934195   data required time
---------------------------------------------------------------------------------------------
                                              8.934195   data required time
                                             -5.027915   data arrival time
---------------------------------------------------------------------------------------------
                                              3.906280   slack (MET)




===========================================================================
report_checks --slack_max -0.01
============================================================================
======================= nom_tt_025C_1v80 Corner ===================================

No paths found.


===========================================================================
 report_check_types -max_slew -max_cap -max_fanout -violators
============================================================================
======================= nom_tt_025C_1v80 Corner ===================================



===========================================================================
report_parasitic_annotation -report_unannotated
============================================================================
Found 55 unannotated drivers.
 clkload0/Y
 clkload1/Y
 clkload10/Y
 clkload11/Y
 clkload12/X
 clkload13/Y
 clkload14/X
 clkload15/Y
 clkload16/Y
 clkload17/Y
 clkload18/Y
 clkload19/Y
 clkload2/Y
 clkload20/Y
 clkload21/Y
 clkload22/Y
 clkload23/Y
 clkload24/Y
 clkload25/Y
 clkload26/Y
 clkload27/Y
 clkload28/Y
 clkload29/Y
 clkload3/Y
 clkload30/Y
 clkload31/Y
 clkload32/Y
 clkload33/Y
 clkload34/Y
 clkload35/Y
 clkload36/Y
 clkload37/Y
 clkload38/Y
 clkload39/Y
 clkload4/Y
 clkload40/Y
 clkload41/Y
 clkload42/Y
 clkload43/Y
 clkload44/Y
 clkload45/Y
 clkload46/Y
 clkload47/Y
 clkload48/Y
 clkload49/Y
 clkload5/Y
 clkload50/Y
 clkload51/Y
 clkload52/Y
 clkload53/Y
 clkload54/Y
 clkload6/X
 clkload7/X
 clkload8/Y
 clkload9/X
Found 0 partially unannotated drivers.

===========================================================================
max slew violation count 0
Writing metric design__max_slew_violation__count__corner:nom_tt_025C_1v80: 0
max fanout violation count 0
Writing metric design__max_fanout_violation__count__corner:nom_tt_025C_1v80: 0
max cap violation count 0
Writing metric design__max_cap_violation__count__corner:nom_tt_025C_1v80: 0
============================================================================

===========================================================================
check_setup -verbose -unconstrained_endpoints -multiple_clock -no_clock -no_input_delay -loops -generated_clocks
===========================================================================
