Clock: clk
Sources: clk 
Generated: no
Virtual: yes
Propagated: no
Period: 10.000000

===========================================================================
report_clock_properties
============================================================================
Clock                   Period          Waveform
----------------------------------------------------
clk                  10.000000    0.000000  5.000000

===========================================================================
report_clock_latency
============================================================================
Clock clk
rise -> rise
    min     max
0.000000 0.000000 source latency
0.489993         network latency _20686_/CLK
        0.720389 network latency _20362_/CLK
---------------
0.489993 0.720389 latency
        0.230396 skew

fall -> fall
    min     max
0.000000 0.000000 source latency
0.442430         network latency _20686_/CLK
        0.650692 network latency _20362_/CLK
---------------
0.442430 0.650692 latency
        0.208262 skew



===========================================================================
report_clock_min_period
============================================================================
clk period_min = 6.09 fmax = 164.10
