if {[file exists ~/openlane2/my_script/script_matt.tcl]} {
    source ~/openlane2/my_script/script_matt.tcl
}
Reading timing models for corner nom_tt_025C_1v80…
Reading timing library for the 'nom_tt_025C_1v80' corner at '/home/hien/.volare/volare/sky130/versions/0fe599b2afb6708d281543108caf8310912f54af/sky130A/libs.ref/sky130_fd_sc_hd/lib/sky130_fd_sc_hd__tt_025C_1v80.lib'…
Reading timing models for corner nom_ff_n40C_1v95…
Reading timing library for the 'nom_ff_n40C_1v95' corner at '/home/hien/.volare/volare/sky130/versions/0fe599b2afb6708d281543108caf8310912f54af/sky130A/libs.ref/sky130_fd_sc_hd/lib/sky130_fd_sc_hd__ff_n40C_1v95.lib'…
Reading timing models for corner nom_ss_100C_1v60…
Reading timing library for the 'nom_ss_100C_1v60' corner at '/home/hien/.volare/volare/sky130/versions/0fe599b2afb6708d281543108caf8310912f54af/sky130A/libs.ref/sky130_fd_sc_hd/lib/sky130_fd_sc_hd__ss_100C_1v60.lib'…
Reading OpenROAD database at '/home/hien/openlane2/designs/highspeed_pipelined_multiplier/runs/opti_1/33-openroad-detailedplacement/pipelined_mult.odb'…
Reading design constraints file at '/home/hien/openlane2/designs/highspeed_pipelined_multiplier/src/pnr.sdc'…
[INFO] No information on clock propagation in input SDC file-- propagating all clocks.
[INFO] Setting RC values…
[INFO] Configuring cts characterization…
[INFO] Performing clock tree synthesis…
[INFO] Looking for the following net(s): clk
[INFO] Running Clock Tree Synthesis…
[INFO CTS-0050] Root buffer is sky130_fd_sc_hd__clkbuf_16.
[INFO CTS-0051] Sink buffer is sky130_fd_sc_hd__clkbuf_8.
[INFO CTS-0052] The following clock buffers will be used for CTS:
                    sky130_fd_sc_hd__clkbuf_4
                    sky130_fd_sc_hd__clkbuf_8
[INFO CTS-0049] Characterization buffer is sky130_fd_sc_hd__clkbuf_8.
[INFO CTS-0007] Net "clk" found for clock "clk".
[INFO CTS-0010]  Clock net "clk" has 450 sinks.
[INFO CTS-0008] TritonCTS found 1 clock nets.
[INFO CTS-0097] Characterization used 2 buffer(s) types.
[INFO CTS-0200] 0 placement blockages have been identified.
[INFO CTS-0201] 0 placed hard macros will be treated like blockages.
[INFO CTS-0027] Generating H-Tree topology for net clk.
[INFO CTS-0028]  Total number of sinks: 450.
[INFO CTS-0029]  Sinks will be clustered in groups of up to 25 and with maximum cluster diameter of 50.0 um.
[INFO CTS-0030]  Number of static layers: 0.
[INFO CTS-0020]  Wire segment unit: 13600  dbu (13 um).
[INFO CTS-0204] A clustering solution was found from clustering size of 25 and clustering diameter of 50.
[INFO CTS-0205] Better solution may be possible if either -sink_clustering_size, -sink_clustering_max_diameter, or both options are omitted to enable automatic clustering.
[INFO CTS-0019]  Total number of sinks after clustering: 65.
[INFO CTS-0024]  Normalized sink region: [(0.526838, 1.10441), (29.2194, 29.6956)].
[INFO CTS-0025]     Width:  28.6926.
[INFO CTS-0026]     Height: 28.5912.
 Level 1
    Direction: Horizontal
    Sinks per sub-region: 33
    Sub-region size: 14.3463 X 28.5912
[INFO CTS-0034]     Segment length (rounded): 8.
 Level 2
    Direction: Vertical
    Sinks per sub-region: 17
    Sub-region size: 14.3463 X 14.2956
[INFO CTS-0034]     Segment length (rounded): 8.
 Level 3
    Direction: Horizontal
    Sinks per sub-region: 9
    Sub-region size: 7.1732 X 14.2956
[INFO CTS-0034]     Segment length (rounded): 4.
[INFO CTS-0032]  Stop criterion found. Max number of sinks is 15.
[INFO CTS-0035]  Number of sinks covered: 65.
[INFO CTS-0018]     Created 65 clock buffers.
[INFO CTS-0012]     Minimum number of buffers in the clock path: 2.
[INFO CTS-0013]     Maximum number of buffers in the clock path: 3.
[INFO CTS-0015]     Created 65 clock nets.
[INFO CTS-0016]     Fanout distribution for the current clock = 2:5, 3:8, 4:11, 5:4, 6:4, 7:4, 8:4, 9:3, 10:3, 12:4, 13:4, 14:2, 15:1, 16:2, 17:2, 18:2, 22:1..
[INFO CTS-0017]     Max level of the clock tree: 3.
[INFO CTS-0098] Clock net "clk"
[INFO CTS-0099]  Sinks 505
[INFO CTS-0100]  Leaf buffers 56
[INFO CTS-0101]  Average sink wire length 716.29 um
[INFO CTS-0102]  Path depth 2 - 3
[INFO CTS-0207]  Leaf load cells 55
[INFO] Repairing long wires on clock nets…
[INFO RSZ-0058] Using max wire length 6335um.
Setting global connections for newly added cells…
[INFO] Setting global connections...
Updating metrics…
Cell type report:                       Count       Area
  Fill cell                               296    1111.07
  Tap cell                               2325    2909.04
  Clock buffer                             78    1124.83
  Timing Repair Buffer                    835    6481.22
  Inverter                                178    1114.82
  Clock inverter                           42     507.99
  Sequential cell                         450    9197.57
  Multi-Input combinational cell        10002   82521.64
  Total                                 14206  104968.17
Writing OpenROAD database to '/home/hien/openlane2/designs/highspeed_pipelined_multiplier/runs/opti_1/34-openroad-cts/pipelined_mult.odb'…
Writing netlist to '/home/hien/openlane2/designs/highspeed_pipelined_multiplier/runs/opti_1/34-openroad-cts/pipelined_mult.nl.v'…
Writing powered netlist to '/home/hien/openlane2/designs/highspeed_pipelined_multiplier/runs/opti_1/34-openroad-cts/pipelined_mult.pnl.v'…
Writing layout to '/home/hien/openlane2/designs/highspeed_pipelined_multiplier/runs/opti_1/34-openroad-cts/pipelined_mult.def'…
Writing timing constraints to '/home/hien/openlane2/designs/highspeed_pipelined_multiplier/runs/opti_1/34-openroad-cts/pipelined_mult.sdc'…
[INFO] Legalizing…
Placement Analysis
---------------------------------
total displacement       1088.9 u
average displacement        0.1 u
max displacement           11.0 u
original HPWL          258676.1 u
legalized HPWL         267091.1 u
delta HPWL                    3 %

[INFO DPL-0020] Mirrored 4811 instances
[INFO DPL-0021] HPWL before          267091.1 u
[INFO DPL-0022] HPWL after           259415.4 u
[INFO DPL-0023] HPWL delta               -2.9 %
Setting global connections for newly added cells…
[INFO] Setting global connections...
Updating metrics…
Cell type report:                       Count       Area
  Fill cell                               296    1111.07
  Tap cell                               2325    2909.04
  Clock buffer                             78    1124.83
  Timing Repair Buffer                    835    6481.22
  Inverter                                178    1114.82
  Clock inverter                           42     507.99
  Sequential cell                         450    9197.57
  Multi-Input combinational cell        10002   82521.64
  Total                                 14206  104968.17
Writing OpenROAD database to '/home/hien/openlane2/designs/highspeed_pipelined_multiplier/runs/opti_1/34-openroad-cts/pipelined_mult.odb'…
Writing netlist to '/home/hien/openlane2/designs/highspeed_pipelined_multiplier/runs/opti_1/34-openroad-cts/pipelined_mult.nl.v'…
Writing powered netlist to '/home/hien/openlane2/designs/highspeed_pipelined_multiplier/runs/opti_1/34-openroad-cts/pipelined_mult.pnl.v'…
Writing layout to '/home/hien/openlane2/designs/highspeed_pipelined_multiplier/runs/opti_1/34-openroad-cts/pipelined_mult.def'…
Writing timing constraints to '/home/hien/openlane2/designs/highspeed_pipelined_multiplier/runs/opti_1/34-openroad-cts/pipelined_mult.sdc'…
%OL_CREATE_REPORT cts.rpt
[INFO CTS-0003] Total number of Clock Roots: 1.
[INFO CTS-0004] Total number of Buffers Inserted: 65.
[INFO CTS-0005] Total number of Clock Subnets: 65.
[INFO CTS-0006] Total number of Sinks: 450.
%OL_END_REPORT
