Clock: clk
Sources: clk 
Generated: no
Virtual: no
Propagated: no
Period: 10.000000

===========================================================================
report_clock_properties
============================================================================
Clock                   Period          Waveform
----------------------------------------------------
clk                  10.000000    0.000000  5.000000

===========================================================================
report_clock_latency
============================================================================
Clock clk
rise -> rise
    min     max
0.000000 0.000000 source latency
1.015283         network latency _0979_/CLK
        1.015283 network latency i_ll/clk
---------------
1.015283 1.015283 latency
        0.000000 skew

fall -> fall
    min     max
0.000000 0.000000 source latency
0.454648         network latency _0979_/CLK
        0.454648 network latency i_ll/clk
---------------
0.454648 0.454648 latency
        0.000000 skew



===========================================================================
report_clock_min_period
============================================================================
clk period_min = 8.14 fmax = 122.81
