if {[file exists ~/openlane2/my_script/script_matt.tcl]} {
    source ~/openlane2/my_script/script_matt.tcl
}
Reading OpenROAD database at '/home/hien/openlane2/designs/fn_pj/pipeline-mult/runs/ADD/41-odb-heuristicdiodeinsertion/1-odb-fuzzydiodeplacement/add3x64.odb'…
Reading library file at '/home/hien/.volare/volare/sky130/versions/0fe599b2afb6708d281543108caf8310912f54af/sky130A/libs.ref/sky130_fd_sc_hd/lib/sky130_fd_sc_hd__tt_025C_1v80.lib'…
Reading design constraints file at '/home/hien/openlane2/designs/fn_pj/pipeline-mult/add64.sdc'…
Placement Analysis
---------------------------------
total displacement       1006.4 u
average displacement        0.4 u
max displacement           11.5 u
original HPWL           26677.0 u
legalized HPWL          28098.2 u
delta HPWL                    5 %

[INFO DPL-0020] Mirrored 821 instances
[INFO DPL-0021] HPWL before           28098.2 u
[INFO DPL-0022] HPWL after            27137.3 u
[INFO DPL-0023] HPWL delta               -3.4 %
Setting global connections for newly added cells…
[INFO] Setting global connections...
Updating metrics…
Cell type report:                       Count       Area
  Fill cell                               278    1043.50
  Tap cell                                423     529.26
  Antenna cell                            435    1088.54
  Clock buffer                             10     142.64
  Timing Repair Buffer                    271    1425.12
  Inverter                                 24      90.09
  Clock inverter                            6      60.06
  Sequential cell                          64    1281.23
  Multi-Input combinational cell          947    6742.72
  Total                                  2458   12403.15
Writing OpenROAD database to '/home/hien/openlane2/designs/fn_pj/pipeline-mult/runs/ADD/41-odb-heuristicdiodeinsertion/2-openroad-detailedplacement/add3x64.odb'…
Writing netlist to '/home/hien/openlane2/designs/fn_pj/pipeline-mult/runs/ADD/41-odb-heuristicdiodeinsertion/2-openroad-detailedplacement/add3x64.nl.v'…
Writing powered netlist to '/home/hien/openlane2/designs/fn_pj/pipeline-mult/runs/ADD/41-odb-heuristicdiodeinsertion/2-openroad-detailedplacement/add3x64.pnl.v'…
Writing layout to '/home/hien/openlane2/designs/fn_pj/pipeline-mult/runs/ADD/41-odb-heuristicdiodeinsertion/2-openroad-detailedplacement/add3x64.def'…
Writing timing constraints to '/home/hien/openlane2/designs/fn_pj/pipeline-mult/runs/ADD/41-odb-heuristicdiodeinsertion/2-openroad-detailedplacement/add3x64.sdc'…
