[WARNING ORD-0039] .openroad ignored with -python
Top-level design name: pipelined_mult
Block boundaries: 0 0 415845 426565
Horizontal Tracks Origin: 340, Count: 627, Step: 680
Vertical Tracks Origin: 230, Count: 904, Step: 460
Placement details for the N side
Virtual pin count:  0
Actual pin count:  32
Total pin count:  32
Tracks count:  904
Tracks per pin:  28
Used tracks count:  869
Unused track count:  35
Starting track index:  17
Placement details for the E side
Virtual pin count:  0
Actual pin count:  32
Total pin count:  32
Tracks count:  314
Tracks per pin:  9
Used tracks count:  280
Unused track count:  34
Starting track index:  17
Placement details for the W side
Virtual pin count:  0
Actual pin count:  33
Total pin count:  33
Tracks count:  314
Tracks per pin:  9
Used tracks count:  289
Unused track count:  25
Starting track index:  12
Placement details for the S side
Virtual pin count:  0
Actual pin count:  33
Total pin count:  33
Tracks count:  904
Tracks per pin:  27
Used tracks count:  865
Unused track count:  39
Starting track index:  19
