                                                                     Buffers by Cell Master                                                                     
┏━━━━━━━━━━━━━━━━━━━━━━━━━━━━━━━━━━━━━━━━━━━━━━━━━━━━━━━━━━━━━━━━━━━━━━━━━━━━━━━━━━━━━━━━━━━━━━━━━━━━━━━━━━━━━━━━━━━━━━━━━━━━━━━━━━┳━━━━━━━━━━━━━━━━━━━━━━━━━━━┓
┃ Buffer                                                                                                                           ┃ Count                     ┃
┡━━━━━━━━━━━━━━━━━━━━━━━━━━━━━━━━━━━━━━━━━━━━━━━━━━━━━━━━━━━━━━━━━━━━━━━━━━━━━━━━━━━━━━━━━━━━━━━━━━━━━━━━━━━━━━━━━━━━━━━━━━━━━━━━━━╇━━━━━━━━━━━━━━━━━━━━━━━━━━━┩
│ sky130_fd_sc_hd__buf_1                                                                                                           │ 141                       │
│ sky130_fd_sc_hd__buf_12                                                                                                          │ 178                       │
│ sky130_fd_sc_hd__buf_2                                                                                                           │ 105                       │
│ sky130_fd_sc_hd__buf_4                                                                                                           │ 36                        │
│ sky130_fd_sc_hd__buf_6                                                                                                           │ 91                        │
│ sky130_fd_sc_hd__buf_8                                                                                                           │ 83                        │
│ sky130_fd_sc_hd__clkbuf_1                                                                                                        │ 118                       │
│ sky130_fd_sc_hd__clkbuf_16                                                                                                       │ 60                        │
│ sky130_fd_sc_hd__clkbuf_2                                                                                                        │ 97                        │
│ sky130_fd_sc_hd__clkbuf_4                                                                                                        │ 5                         │
│ sky130_fd_sc_hd__clkbuf_8                                                                                                        │ 82                        │
│ sky130_fd_sc_hd__dlygate4sd1_1                                                                                                   │ 142                       │
│ sky130_fd_sc_hd__dlygate4sd3_1                                                                                                   │ 416                       │
│ sky130_fd_sc_hd__dlymetal6s2s_1                                                                                                  │ 43                        │
│ sky130_fd_sc_hd__dlymetal6s4s_1                                                                                                  │ 5                         │
└──────────────────────────────────────────────────────────────────────────────────────────────────────────────────────────────────┴───────────────────────────┘
