
===========================================================================
report_checks -unconstrained
===========================================================================
======================= min_ff_n40C_1v95 Corner ===================================

Startpoint: _20790_ (rising edge-triggered flip-flop clocked by clk)
Endpoint: _20760_ (rising edge-triggered flip-flop clocked by clk)
Path Group: clk
Path Type: max

Fanout         Cap        Slew       Delay        Time   Description
---------------------------------------------------------------------------------------------
                                  0.000000    0.000000   clock clk (rise edge)
                                  0.000000    0.000000   clock source latency
     2    0.047724    0.103091    0.072446    0.072446 ^ clk (in)
                                                         clk (net)
                      0.103107    0.000000    0.072446 ^ clkbuf_0_clk/A (sky130_fd_sc_hd__clkbuf_16)
     8    0.208310    0.169520    0.205273    0.277719 ^ clkbuf_0_clk/X (sky130_fd_sc_hd__clkbuf_16)
                                                         clknet_0_clk (net)
                      0.169563    0.002244    0.279963 ^ clkbuf_3_4__f_clk/A (sky130_fd_sc_hd__clkbuf_16)
    11    0.101630    0.091473    0.160649    0.440613 ^ clkbuf_3_4__f_clk/X (sky130_fd_sc_hd__clkbuf_16)
                                                         clknet_3_4__leaf_clk (net)
                      0.091494    0.001156    0.441769 ^ clkbuf_leaf_8_clk/A (sky130_fd_sc_hd__clkbuf_8)
     5    0.020637    0.038940    0.105427    0.547196 ^ clkbuf_leaf_8_clk/X (sky130_fd_sc_hd__clkbuf_8)
                                                         clknet_leaf_8_clk (net)
                      0.038940    0.000123    0.547319 ^ _20790_/CLK (sky130_fd_sc_hd__dfxtp_4)
     5    0.036188    0.083923    0.254682    0.802001 ^ _20790_/Q (sky130_fd_sc_hd__dfxtp_4)
                                                         a_l[12] (net)
                      0.083939    0.001176    0.803177 ^ max_cap566/A (sky130_fd_sc_hd__buf_12)
    15    0.097700    0.090833    0.119225    0.922402 ^ max_cap566/X (sky130_fd_sc_hd__buf_12)
                                                         net566 (net)
                      0.091177    0.004553    0.926955 ^ max_cap565/A (sky130_fd_sc_hd__buf_12)
    14    0.097028    0.090314    0.119847    1.046802 ^ max_cap565/X (sky130_fd_sc_hd__buf_12)
                                                         net565 (net)
                      0.091278    0.007424    1.054227 ^ max_cap564/A (sky130_fd_sc_hd__buf_12)
     7    0.091617    0.085599    0.118303    1.172529 ^ max_cap564/X (sky130_fd_sc_hd__buf_12)
                                                         net564 (net)
                      0.085901    0.004082    1.176611 ^ max_cap563/A (sky130_fd_sc_hd__buf_12)
    11    0.065937    0.064527    0.104598    1.281209 ^ max_cap563/X (sky130_fd_sc_hd__buf_12)
                                                         net563 (net)
                      0.064599    0.001309    1.282518 ^ max_cap562/A (sky130_fd_sc_hd__buf_12)
    14    0.093444    0.086905    0.115738    1.398256 ^ max_cap562/X (sky130_fd_sc_hd__buf_12)
                                                         net562 (net)
                      0.086970    0.001940    1.400196 ^ _19051_/B (sky130_fd_sc_hd__nand2_1)
     1    0.007684    0.048749    0.054525    1.454721 v _19051_/Y (sky130_fd_sc_hd__nand2_1)
                                                         _09942_ (net)
                      0.048750    0.000120    1.454841 v _19152_/A (sky130_fd_sc_hd__nand2_2)
     6    0.025316    0.107531    0.098882    1.553723 ^ _19152_/Y (sky130_fd_sc_hd__nand2_2)
                                                         _10044_ (net)
                      0.107532    0.000308    1.554032 ^ _19157_/A2 (sky130_fd_sc_hd__a21o_1)
     2    0.010182    0.072547    0.112307    1.666338 ^ _19157_/X (sky130_fd_sc_hd__a21o_1)
                                                         _10049_ (net)
                      0.072547    0.000060    1.666399 ^ _19160_/A (sky130_fd_sc_hd__nand2_1)
     1    0.009740    0.073479    0.056447    1.722845 v _19160_/Y (sky130_fd_sc_hd__nand2_1)
                                                         _10053_ (net)
                      0.073481    0.000363    1.723209 v _19161_/A (sky130_fd_sc_hd__nand3_1)
     1    0.011263    0.103729    0.102830    1.826039 ^ _19161_/Y (sky130_fd_sc_hd__nand3_1)
                                                         _10054_ (net)
                      0.103763    0.000191    1.826230 ^ _19165_/C (sky130_fd_sc_hd__nand4_4)
     7    0.028588    0.103799    0.101119    1.927349 v _19165_/Y (sky130_fd_sc_hd__nand4_4)
                                                         _10058_ (net)
                      0.103822    0.001148    1.928497 v rebuffer53/A (sky130_fd_sc_hd__clkbuf_2)
     2    0.015645    0.046705    0.121718    2.050215 v rebuffer53/X (sky130_fd_sc_hd__clkbuf_2)
                                                         net850 (net)
                      0.046706    0.000265    2.050481 v _19259_/A (sky130_fd_sc_hd__nand2_2)
     2    0.022950    0.100526    0.092009    2.142489 ^ _19259_/Y (sky130_fd_sc_hd__nand2_2)
                                                         _10160_ (net)
                      0.100528    0.000301    2.142790 ^ _19499_/A1 (sky130_fd_sc_hd__a22oi_1)
     1    0.004669    0.050491    0.057512    2.200302 v _19499_/Y (sky130_fd_sc_hd__a22oi_1)
                                                         _00689_ (net)
                      0.050491    0.000017    2.200319 v _19503_/B1 (sky130_fd_sc_hd__o2bb2ai_2)
     2    0.008748    0.106144    0.122070    2.322389 ^ _19503_/Y (sky130_fd_sc_hd__o2bb2ai_2)
                                                         _00693_ (net)
                      0.106144    0.000085    2.322474 ^ max_cap183/A (sky130_fd_sc_hd__clkbuf_2)
     2    0.011028    0.052668    0.100419    2.422893 ^ max_cap183/X (sky130_fd_sc_hd__clkbuf_2)
                                                         net183 (net)
                      0.052668    0.000155    2.423048 ^ _19507_/A (sky130_fd_sc_hd__nand2_2)
     2    0.012008    0.046912    0.043580    2.466628 v _19507_/Y (sky130_fd_sc_hd__nand2_2)
                                                         _00697_ (net)
                      0.046912    0.000125    2.466752 v _19510_/A1 (sky130_fd_sc_hd__o211ai_4)
     3    0.025724    0.195283    0.194608    2.661360 ^ _19510_/Y (sky130_fd_sc_hd__o211ai_4)
                                                         _00701_ (net)
                      0.195283    0.000319    2.661680 ^ _19514_/A1_N (sky130_fd_sc_hd__o2bb2ai_4)
     2    0.016368    0.114906    0.099426    2.761106 ^ _19514_/Y (sky130_fd_sc_hd__o2bb2ai_4)
                                                         _00705_ (net)
                      0.114907    0.000237    2.761342 ^ _19517_/C (sky130_fd_sc_hd__nand4_4)
     7    0.027594    0.101046    0.100990    2.862333 v _19517_/Y (sky130_fd_sc_hd__nand4_4)
                                                         _00708_ (net)
                      0.101046    0.000218    2.862550 v _19518_/B (sky130_fd_sc_hd__nand2_1)
     1    0.004163    0.050760    0.077468    2.940018 ^ _19518_/Y (sky130_fd_sc_hd__nand2_1)
                                                         _00710_ (net)
                      0.050760    0.000058    2.940076 ^ _19762_/A (sky130_fd_sc_hd__nor2_1)
     1    0.009704    0.039841    0.046103    2.986179 v _19762_/Y (sky130_fd_sc_hd__nor2_1)
                                                         _00972_ (net)
                      0.039855    0.000113    2.986292 v _19766_/A2 (sky130_fd_sc_hd__a21oi_4)
     4    0.036637    0.214123    0.204132    3.190424 ^ _19766_/Y (sky130_fd_sc_hd__a21oi_4)
                                                         _00976_ (net)
                      0.214138    0.001395    3.191819 ^ _20114_/A (sky130_fd_sc_hd__nand3_4)
     5    0.043831    0.128308    0.121477    3.313296 v _20114_/Y (sky130_fd_sc_hd__nand3_4)
                                                         _01350_ (net)
                      0.128331    0.001409    3.314704 v _20257_/A2 (sky130_fd_sc_hd__a21oi_4)
     5    0.020655    0.141364    0.182506    3.497211 ^ _20257_/Y (sky130_fd_sc_hd__a21oi_4)
                                                         _01502_ (net)
                      0.141364    0.000443    3.497653 ^ _20307_/B2 (sky130_fd_sc_hd__o22ai_1)
     1    0.003050    0.040464    0.032108    3.529761 v _20307_/Y (sky130_fd_sc_hd__o22ai_1)
                                                         _01553_ (net)
                      0.040464    0.000019    3.529781 v _20309_/A1 (sky130_fd_sc_hd__o211a_1)
     1    0.003353    0.029936    0.142072    3.671853 v _20309_/X (sky130_fd_sc_hd__o211a_1)
                                                         _00400_ (net)
                      0.029936    0.000046    3.671898 v _20760_/D (sky130_fd_sc_hd__dfxtp_1)
                                              3.671898   data arrival time

                                 10.000000   10.000000   clock clk (rise edge)
                                  0.000000   10.000000   clock source latency
     2    0.047724    0.103091    0.072446   10.072446 ^ clk (in)
                                                         clk (net)
                      0.103107    0.000000   10.072446 ^ clkbuf_0_clk/A (sky130_fd_sc_hd__clkbuf_16)
     8    0.208310    0.169520    0.205273   10.277719 ^ clkbuf_0_clk/X (sky130_fd_sc_hd__clkbuf_16)
                                                         clknet_0_clk (net)
                      0.169786    0.005435   10.283154 ^ clkbuf_3_2__f_clk/A (sky130_fd_sc_hd__clkbuf_16)
    10    0.097053    0.088100    0.158412   10.441566 ^ clkbuf_3_2__f_clk/X (sky130_fd_sc_hd__clkbuf_16)
                                                         clknet_3_2__leaf_clk (net)
                      0.088435    0.004338   10.445904 ^ clkbuf_leaf_53_clk/A (sky130_fd_sc_hd__clkbuf_8)
     4    0.044259    0.066819    0.126312   10.572216 ^ clkbuf_leaf_53_clk/X (sky130_fd_sc_hd__clkbuf_8)
                                                         clknet_leaf_53_clk (net)
                      0.066819    0.000365   10.572581 ^ _20760_/CLK (sky130_fd_sc_hd__dfxtp_1)
                                 -0.200000   10.372581   clock uncertainty
                                  0.000000   10.372581   clock reconvergence pessimism
                                 -0.065916   10.306665   library setup time
                                             10.306665   data required time
---------------------------------------------------------------------------------------------
                                             10.306665   data required time
                                             -3.671898   data arrival time
---------------------------------------------------------------------------------------------
                                              6.634767   slack (MET)




===========================================================================
report_checks --slack_max -0.01
============================================================================
======================= min_ff_n40C_1v95 Corner ===================================

No paths found.


===========================================================================
 report_check_types -max_slew -max_cap -max_fanout -violators
============================================================================
======================= min_ff_n40C_1v95 Corner ===================================



===========================================================================
report_parasitic_annotation -report_unannotated
============================================================================
Found 56 unannotated drivers.
 clkload0/Y
 clkload1/Y
 clkload10/Y
 clkload11/Y
 clkload12/Y
 clkload13/Y
 clkload14/Y
 clkload15/Y
 clkload16/Y
 clkload17/Y
 clkload18/Y
 clkload19/Y
 clkload2/X
 clkload20/Y
 clkload21/Y
 clkload22/Y
 clkload23/Y
 clkload24/Y
 clkload25/Y
 clkload26/Y
 clkload27/Y
 clkload28/Y
 clkload29/Y
 clkload3/Y
 clkload30/Y
 clkload31/Y
 clkload32/Y
 clkload33/Y
 clkload34/X
 clkload35/Y
 clkload36/Y
 clkload37/Y
 clkload38/Y
 clkload39/Y
 clkload4/Y
 clkload40/Y
 clkload41/Y
 clkload42/Y
 clkload43/Y
 clkload44/Y
 clkload45/Y
 clkload46/Y
 clkload47/Y
 clkload48/Y
 clkload49/Y
 clkload5/Y
 clkload50/Y
 clkload51/Y
 clkload52/Y
 clkload53/Y
 clkload54/Y
 clkload55/Y
 clkload6/Y
 clkload7/X
 clkload8/X
 clkload9/Y
Found 0 partially unannotated drivers.

===========================================================================
max slew violation count 0
max fanout violation count 0
max cap violation count 0
============================================================================

===========================================================================
check_setup -verbose -unconstrained_endpoints -multiple_clock -no_clock -no_input_delay -loops -generated_clocks
===========================================================================
