                                                                        Cells by Master                                                                         
┏━━━━━━━━━━━━━━━━━━━━━━━━━━━━━━━━━━━━━━━━━━━━━━━━━━━━━━━━━━━━━━━━━━━━━━━━━━━━━━━━━━━━━━━━━━━━━━━━━━━━━━━━━━━━━━━━━━━━━━━━━━━━━━━━━━┳━━━━━━━━━━━━━━━━━━━━━━━━━━━┓
┃ Cell                                                                                                                             ┃ Count                     ┃
┡━━━━━━━━━━━━━━━━━━━━━━━━━━━━━━━━━━━━━━━━━━━━━━━━━━━━━━━━━━━━━━━━━━━━━━━━━━━━━━━━━━━━━━━━━━━━━━━━━━━━━━━━━━━━━━━━━━━━━━━━━━━━━━━━━━╇━━━━━━━━━━━━━━━━━━━━━━━━━━━┩
│ sky130_ef_sc_hd__decap_12                                                                                                        │ 985                       │
│ sky130_fd_sc_hd__a2111oi_1                                                                                                       │ 1                         │
│ sky130_fd_sc_hd__a211o_1                                                                                                         │ 5                         │
│ sky130_fd_sc_hd__a211oi_1                                                                                                        │ 3                         │
│ sky130_fd_sc_hd__a211oi_2                                                                                                        │ 1                         │
│ sky130_fd_sc_hd__a21bo_1                                                                                                         │ 8                         │
│ sky130_fd_sc_hd__a21boi_1                                                                                                        │ 9                         │
│ sky130_fd_sc_hd__a21boi_2                                                                                                        │ 2                         │
│ sky130_fd_sc_hd__a21o_1                                                                                                          │ 64                        │
│ sky130_fd_sc_hd__a21o_2                                                                                                          │ 3                         │
│ sky130_fd_sc_hd__a21oi_1                                                                                                         │ 78                        │
│ sky130_fd_sc_hd__a21oi_2                                                                                                         │ 11                        │
│ sky130_fd_sc_hd__a221o_1                                                                                                         │ 6                         │
│ sky130_fd_sc_hd__a221oi_1                                                                                                        │ 1                         │
│ sky130_fd_sc_hd__a221oi_2                                                                                                        │ 2                         │
│ sky130_fd_sc_hd__a221oi_4                                                                                                        │ 1                         │
│ sky130_fd_sc_hd__a22o_1                                                                                                          │ 2                         │
│ sky130_fd_sc_hd__a22oi_2                                                                                                         │ 1                         │
│ sky130_fd_sc_hd__a22oi_4                                                                                                         │ 2                         │
│ sky130_fd_sc_hd__a311o_1                                                                                                         │ 4                         │
│ sky130_fd_sc_hd__a31o_1                                                                                                          │ 12                        │
│ sky130_fd_sc_hd__a31oi_1                                                                                                         │ 4                         │
│ sky130_fd_sc_hd__a31oi_4                                                                                                         │ 2                         │
│ sky130_fd_sc_hd__and2_1                                                                                                          │ 45                        │
│ sky130_fd_sc_hd__and2_2                                                                                                          │ 2                         │
│ sky130_fd_sc_hd__and2b_1                                                                                                         │ 3                         │
│ sky130_fd_sc_hd__and3_1                                                                                                          │ 26                        │
│ sky130_fd_sc_hd__and3b_1                                                                                                         │ 1                         │
│ sky130_fd_sc_hd__and4_1                                                                                                          │ 4                         │
│ sky130_fd_sc_hd__buf_1                                                                                                           │ 34                        │
│ sky130_fd_sc_hd__buf_2                                                                                                           │ 73                        │
│ sky130_fd_sc_hd__bufinv_16                                                                                                       │ 1                         │
│ sky130_fd_sc_hd__clkbuf_1                                                                                                        │ 79                        │
│ sky130_fd_sc_hd__clkbuf_16                                                                                                       │ 1                         │
│ sky130_fd_sc_hd__clkbuf_2                                                                                                        │ 53                        │
│ sky130_fd_sc_hd__clkbuf_4                                                                                                        │ 7                         │
│ sky130_fd_sc_hd__clkbuf_8                                                                                                        │ 8                         │
│ sky130_fd_sc_hd__clkinv_2                                                                                                        │ 3                         │
│ sky130_fd_sc_hd__clkinvlp_4                                                                                                      │ 2                         │
│ sky130_fd_sc_hd__decap_3                                                                                                         │ 446                       │
│ sky130_fd_sc_hd__decap_4                                                                                                         │ 197                       │
│ sky130_fd_sc_hd__decap_6                                                                                                         │ 208                       │
│ sky130_fd_sc_hd__decap_8                                                                                                         │ 211                       │
│ sky130_fd_sc_hd__dfxtp_1                                                                                                         │ 64                        │
│ sky130_fd_sc_hd__diode_2                                                                                                         │ 435                       │
│ sky130_fd_sc_hd__dlymetal6s2s_1                                                                                                  │ 26                        │
│ sky130_fd_sc_hd__fill_1                                                                                                          │ 508                       │
│ sky130_fd_sc_hd__fill_2                                                                                                          │ 179                       │
│ sky130_fd_sc_hd__inv_2                                                                                                           │ 24                        │
│ sky130_fd_sc_hd__nand2_1                                                                                                         │ 106                       │
│ sky130_fd_sc_hd__nand2_2                                                                                                         │ 9                         │
│ sky130_fd_sc_hd__nand2b_1                                                                                                        │ 3                         │
│ sky130_fd_sc_hd__nand3_1                                                                                                         │ 41                        │
│ sky130_fd_sc_hd__nand3_2                                                                                                         │ 2                         │
│ sky130_fd_sc_hd__nand3b_1                                                                                                        │ 12                        │
│ sky130_fd_sc_hd__nand3b_2                                                                                                        │ 8                         │
│ sky130_fd_sc_hd__nand3b_4                                                                                                        │ 1                         │
│ sky130_fd_sc_hd__nand4_1                                                                                                         │ 12                        │
│ sky130_fd_sc_hd__nand4_2                                                                                                         │ 4                         │
│ sky130_fd_sc_hd__nand4b_1                                                                                                        │ 2                         │
│ sky130_fd_sc_hd__nand4b_4                                                                                                        │ 1                         │
│ sky130_fd_sc_hd__nor2_1                                                                                                          │ 74                        │
│ sky130_fd_sc_hd__nor3_1                                                                                                          │ 26                        │
│ sky130_fd_sc_hd__nor3b_2                                                                                                         │ 1                         │
│ sky130_fd_sc_hd__nor4_1                                                                                                          │ 3                         │
│ sky130_fd_sc_hd__o2111a_1                                                                                                        │ 3                         │
│ sky130_fd_sc_hd__o2111ai_2                                                                                                       │ 5                         │
│ sky130_fd_sc_hd__o2111ai_4                                                                                                       │ 7                         │
│ sky130_fd_sc_hd__o211a_1                                                                                                         │ 14                        │
│ sky130_fd_sc_hd__o211ai_1                                                                                                        │ 21                        │
│ sky130_fd_sc_hd__o211ai_2                                                                                                        │ 23                        │
│ sky130_fd_sc_hd__o211ai_4                                                                                                        │ 7                         │
│ sky130_fd_sc_hd__o21a_1                                                                                                          │ 45                        │
│ sky130_fd_sc_hd__o21ai_1                                                                                                         │ 77                        │
│ sky130_fd_sc_hd__o21ai_2                                                                                                         │ 15                        │
│ sky130_fd_sc_hd__o21ai_4                                                                                                         │ 1                         │
│ sky130_fd_sc_hd__o21ba_1                                                                                                         │ 7                         │
│ sky130_fd_sc_hd__o21bai_1                                                                                                        │ 26                        │
│ sky130_fd_sc_hd__o21bai_2                                                                                                        │ 11                        │
│ sky130_fd_sc_hd__o21bai_4                                                                                                        │ 2                         │
│ sky130_fd_sc_hd__o221ai_2                                                                                                        │ 6                         │
│ sky130_fd_sc_hd__o221ai_4                                                                                                        │ 4                         │
│ sky130_fd_sc_hd__o22a_1                                                                                                          │ 2                         │
│ sky130_fd_sc_hd__o22ai_1                                                                                                         │ 1                         │
│ sky130_fd_sc_hd__o22ai_2                                                                                                         │ 2                         │
│ sky130_fd_sc_hd__o2bb2a_1                                                                                                        │ 2                         │
│ sky130_fd_sc_hd__o2bb2ai_1                                                                                                       │ 1                         │
│ sky130_fd_sc_hd__o311a_1                                                                                                         │ 1                         │
│ sky130_fd_sc_hd__o311ai_4                                                                                                        │ 1                         │
│ sky130_fd_sc_hd__o31a_1                                                                                                          │ 9                         │
│ sky130_fd_sc_hd__o31ai_1                                                                                                         │ 2                         │
│ sky130_fd_sc_hd__o41a_1                                                                                                          │ 1                         │
│ sky130_fd_sc_hd__or2_1                                                                                                           │ 13                        │
│ sky130_fd_sc_hd__or2_2                                                                                                           │ 1                         │
│ sky130_fd_sc_hd__or3_1                                                                                                           │ 12                        │
│ sky130_fd_sc_hd__or3_2                                                                                                           │ 2                         │
│ sky130_fd_sc_hd__or3b_1                                                                                                          │ 7                         │
│ sky130_fd_sc_hd__or4_1                                                                                                           │ 1                         │
│ sky130_fd_sc_hd__or4b_1                                                                                                          │ 1                         │
│ sky130_fd_sc_hd__or4bb_1                                                                                                         │ 1                         │
│ sky130_fd_sc_hd__tapvpwrvgnd_1                                                                                                   │ 423                       │
│ sky130_fd_sc_hd__xnor2_1                                                                                                         │ 3                         │
│ sky130_fd_sc_hd__xor2_1                                                                                                          │ 2                         │
└──────────────────────────────────────────────────────────────────────────────────────────────────────────────────────────────────┴───────────────────────────┘
