
===========================================================================
Violator List
============================================================================
[hold reg-reg] _20734_/Q -> _20606_/D : -0.074541
[hold reg-reg] _20508_/Q -> _20379_/D : -0.072804
[hold reg-reg] _20730_/Q -> _20602_/D : -0.070476
[hold reg-reg] _20629_/Q -> _20532_/D : -0.068069
[hold reg-reg] _20634_/Q -> _20570_/D : -0.067380
[hold reg-reg] _20638_/Q -> _20574_/D : -0.067248
[hold reg-reg] _20752_/Q -> _20624_/D : -0.066363
[hold reg-reg] _20749_/Q -> _20621_/D : -0.066149
[hold reg-reg] _20513_/Q -> _20384_/D : -0.065558
[hold reg-reg] _20605_/Q -> _20508_/D : -0.064790
[hold reg-reg] _20639_/Q -> _20575_/D : -0.064750
[hold reg-reg] _20737_/Q -> _20609_/D : -0.064636
[hold reg-reg] _20608_/Q -> _20511_/D : -0.064533
[hold reg-reg] _20505_/Q -> _20376_/D : -0.064364
[hold reg-reg] _20736_/Q -> _20608_/D : -0.064155
[hold reg-reg] _20753_/Q -> _20625_/D : -0.063537
[hold reg-reg] _20606_/Q -> _20509_/D : -0.063519
[hold reg-reg] _20754_/Q -> _20626_/D : -0.063490
[hold reg-reg] _20510_/Q -> _20381_/D : -0.063255
[hold reg-reg] _20576_/Q -> _20446_/D : -0.063179
[hold reg-reg] _20732_/Q -> _20604_/D : -0.063168
[hold reg-reg] _20511_/Q -> _20382_/D : -0.062787
[hold reg-reg] _20573_/Q -> _20443_/D : -0.062034
[hold reg-reg] _20575_/Q -> _20445_/D : -0.061752
[hold reg-reg] _20739_/Q -> _20611_/D : -0.061459
[hold reg-reg] _20738_/Q -> _20610_/D : -0.061420
[hold reg-reg] _20626_/Q -> _20529_/D : -0.061403
[hold reg-reg] _20602_/Q -> _20505_/D : -0.061316
[hold reg-reg] _20636_/Q -> _20572_/D : -0.060978
[hold reg-reg] _20731_/Q -> _20603_/D : -0.060933
[hold reg-reg] _20574_/Q -> _20444_/D : -0.060891
[hold reg-reg] _20735_/Q -> _20607_/D : -0.060667
[hold reg-reg] _20570_/Q -> _20440_/D : -0.060266
[hold reg-reg] _20603_/Q -> _20506_/D : -0.060198
[hold reg-reg] _20558_/Q -> _20493_/D : -0.059968
[hold reg-reg] _20601_/Q -> _20471_/D : -0.059877
[hold reg-reg] _20751_/Q -> _20623_/D : -0.059630
[hold reg-reg] _20514_/Q -> _20385_/D : -0.059546
[hold reg-reg] _20506_/Q -> _20377_/D : -0.059225
[hold reg-reg] _20637_/Q -> _20573_/D : -0.058981
[hold reg-reg] _20516_/Q -> _20387_/D : -0.058773
[hold reg-reg] _20615_/Q -> _20518_/D : -0.058439
[hold reg-reg] _20518_/Q -> _20389_/D : -0.058424
[hold reg-reg] _20583_/Q -> _20453_/D : -0.058276
[hold reg-reg] _20621_/Q -> _20524_/D : -0.058201
[hold reg-reg] _20750_/Q -> _20622_/D : -0.058033
[hold reg-reg] _20579_/Q -> _20449_/D : -0.057976
[hold reg-reg] _20748_/Q -> _20620_/D : -0.057901
[hold reg-reg] _20604_/Q -> _20507_/D : -0.057899
[hold reg-reg] _20557_/Q -> _20492_/D : -0.057761
[hold reg-reg] _20515_/Q -> _20386_/D : -0.057687
[hold reg-reg] _20645_/Q -> _20581_/D : -0.057482
[hold reg-reg] _20644_/Q -> _20580_/D : -0.057445
[hold reg-reg] _20571_/Q -> _20441_/D : -0.057440
[hold reg-reg] _20647_/Q -> _20583_/D : -0.057293
[hold reg-reg] _20609_/Q -> _20512_/D : -0.057269
[hold reg-reg] _20598_/Q -> _20468_/D : -0.057172
[hold reg-reg] _20582_/Q -> _20452_/D : -0.057135
[hold reg-reg] _20509_/Q -> _20380_/D : -0.057108
[hold reg-reg] _20620_/Q -> _20523_/D : -0.057021
[hold reg-reg] _20747_/Q -> _20619_/D : -0.056849
[hold reg-reg] _20755_/Q -> _20627_/D : -0.056785
[hold reg-reg] _20596_/Q -> _20466_/D : -0.056777
[hold reg-reg] _20624_/Q -> _20527_/D : -0.056648
[hold reg-reg] _20617_/Q -> _20520_/D : -0.056638
[hold reg-reg] _20546_/Q -> _20481_/D : -0.056601
[hold reg-reg] _20563_/Q -> _20498_/D : -0.056516
[hold reg-reg] _20650_/Q -> _20586_/D : -0.056478
[hold reg-reg] _20658_/Q -> _20594_/D : -0.056271
[hold reg-reg] _20625_/Q -> _20528_/D : -0.056195
[hold reg-reg] _20555_/Q -> _20490_/D : -0.056187
[hold reg-reg] _20618_/Q -> _20521_/D : -0.056133
[hold reg-reg] _20561_/Q -> _20496_/D : -0.056092
[hold reg-reg] _20580_/Q -> _20450_/D : -0.056081
[hold reg-reg] _20562_/Q -> _20497_/D : -0.055898
[hold reg-reg] _20597_/Q -> _20467_/D : -0.055880
[hold reg-reg] _20627_/Q -> _20530_/D : -0.055845
[hold reg-reg] _20641_/Q -> _20577_/D : -0.055749
[hold reg-reg] _20587_/Q -> _20457_/D : -0.055460
[hold reg-reg] _20614_/Q -> _20517_/D : -0.055391
[hold reg-reg] _20584_/Q -> _20454_/D : -0.055383
[hold reg-reg] _20740_/Q -> _20612_/D : -0.055263
[hold reg-reg] _20646_/Q -> _20582_/D : -0.055062
[hold reg-reg] _20581_/Q -> _20451_/D : -0.054955
[hold reg-reg] _20733_/Q -> _20605_/D : -0.054839
[hold reg-reg] _20741_/Q -> _20613_/D : -0.054827
[hold reg-reg] _20578_/Q -> _20448_/D : -0.054634
[hold reg-reg] _20607_/Q -> _20510_/D : -0.054599
[hold reg-reg] _20642_/Q -> _20578_/D : -0.054091
[hold reg-reg] _20507_/Q -> _20378_/D : -0.053864
[hold reg-reg] _20745_/Q -> _20617_/D : -0.053774
[hold reg-reg] _20572_/Q -> _20442_/D : -0.053766
[hold reg-reg] _20628_/Q -> _20531_/D : -0.053626
[hold reg-reg] _20622_/Q -> _20525_/D : -0.053512
[hold reg-reg] _20623_/Q -> _20526_/D : -0.053400
[hold reg-reg] _20656_/Q -> _20592_/D : -0.052990
[hold reg-reg] _20619_/Q -> _20522_/D : -0.052633
[hold reg-reg] _20616_/Q -> _20519_/D : -0.052584
[hold reg-reg] _20744_/Q -> _20616_/D : -0.052525
[hold reg-reg] _20613_/Q -> _20516_/D : -0.052462
[hold reg-reg] _20630_/Q -> _20533_/D : -0.052373
[hold reg-reg] _20746_/Q -> _20618_/D : -0.052313
[hold reg-reg] _20517_/Q -> _20388_/D : -0.052208
[hold reg-reg] _20559_/Q -> _20494_/D : -0.052019
[hold reg-reg] _20564_/Q -> _20499_/D : -0.051830
[hold reg-reg] _20585_/Q -> _20455_/D : -0.051628
[hold reg-reg] _20539_/Q -> _20474_/D : -0.051621
[hold reg-reg] _20643_/Q -> _20579_/D : -0.051289
[hold reg-reg] _20654_/Q -> _20590_/D : -0.051199
[hold reg-reg] _20588_/Q -> _20458_/D : -0.050743
[hold reg-reg] _20651_/Q -> _20587_/D : -0.050348
[hold reg-reg] _20648_/Q -> _20584_/D : -0.050250
[hold reg-reg] _20632_/Q -> _20535_/D : -0.050155
[hold reg-reg] _20742_/Q -> _20614_/D : -0.050150
[hold reg-reg] _20589_/Q -> _20459_/D : -0.050109
[hold reg-reg] _20599_/Q -> _20469_/D : -0.049796
[hold reg-reg] _20586_/Q -> _20456_/D : -0.049294
[hold reg-reg] _20540_/Q -> _20475_/D : -0.048898
[hold reg-reg] _20594_/Q -> _20464_/D : -0.048851
[hold reg-reg] _20593_/Q -> _20463_/D : -0.048754
[hold reg-reg] _20612_/Q -> _20515_/D : -0.046582
[hold reg-reg] _20553_/Q -> _20488_/D : -0.046556
[hold reg-reg] _20655_/Q -> _20591_/D : -0.046267
[hold reg-reg] _20541_/Q -> _20476_/D : -0.046245
[hold reg-reg] _20649_/Q -> _20585_/D : -0.045428
[hold reg-reg] _20592_/Q -> _20462_/D : -0.044949
[hold reg-reg] _20631_/Q -> _20534_/D : -0.043379
[hold reg-reg] _20652_/Q -> _20588_/D : -0.043188
[hold reg-reg] _20595_/Q -> _20465_/D : -0.042661
[hold reg-reg] _20547_/Q -> _20482_/D : -0.040606
[hold reg-reg] _20633_/Q -> _20536_/D : -0.039774
[hold reg-reg] _20653_/Q -> _20589_/D : -0.039755
[hold reg-reg] _20661_/Q -> _20597_/D : -0.039427
[hold reg-reg] _20545_/Q -> _20480_/D : -0.038661
[hold reg-reg] _20543_/Q -> _20478_/D : -0.036254
[hold reg-reg] _20600_/Q -> _20470_/D : -0.035447
[hold reg-reg] _20542_/Q -> _20477_/D : -0.034084
[hold reg-reg] _20590_/Q -> _20460_/D : -0.032327
[hold reg-reg] _20577_/Q -> _20447_/D : -0.029693
[hold reg-reg] _20743_/Q -> _20615_/D : -0.029344
[hold reg-reg] _20591_/Q -> _20461_/D : -0.028921
[hold reg-reg] _20657_/Q -> _20593_/D : -0.028764
[hold reg-reg] _20519_/Q -> _20390_/D : -0.028562
[hold reg-reg] _20640_/Q -> _20576_/D : -0.025400
[hold reg-reg] _20544_/Q -> _20479_/D : -0.021793
[hold reg-reg] _20560_/Q -> _20495_/D : -0.021349
[hold reg-reg] _20548_/Q -> _20483_/D : -0.016690
[hold reg-reg] _20659_/Q -> _20595_/D : -0.015991
[hold reg-reg] _20664_/Q -> _20600_/D : -0.014563
[hold reg-reg] _20566_/Q -> _20501_/D : -0.013419
[hold reg-reg] _20565_/Q -> _20500_/D : -0.013246
[hold reg-reg] _20660_/Q -> _20596_/D : -0.012421
[hold reg-reg] _20663_/Q -> _20599_/D : -0.005153
[hold reg-reg] _20556_/Q -> _20491_/D : -0.004834
[hold reg-reg] _20554_/Q -> _20489_/D : -0.004372
[hold reg-reg] _20537_/Q -> _20472_/D : -0.003759
[hold reg-reg] _20512_/Q -> _20383_/D : -0.002356
[hold reg-reg] _20758_/Q -> _20630_/D : -0.002005
[hold reg-reg] _20471_/Q -> _20439_/D : -0.001540
[hold reg-reg] _20569_/Q -> _20504_/D : -0.001384
[hold reg-reg] _20610_/Q -> _20513_/D : -0.000279
Writing metric timing__hold_vio__count__corner:nom_tt_025C_1v80: 161
Writing metric timing__hold_r2r__ws__corner:nom_tt_025C_1v80: -0.074541
Writing metric timing__hold_r2r_vio__count__corner:nom_tt_025C_1v80: 161
Writing metric timing__setup_vio__count__corner:nom_tt_025C_1v80: 0
Writing metric timing__setup_r2r__ws__corner:nom_tt_025C_1v80: 3.385042
Writing metric timing__setup_r2r_vio__count__corner:nom_tt_025C_1v80: 0
