100. Printing statistics.

=== mult_16x16 ===

   Number of wires:               1627
   Number of wire bits:           1997
   Number of public wires:           7
   Number of public wire bits:      98
   Number of ports:                  5
   Number of port bits:             66
   Number of memories:               0
   Number of memory bits:            0
   Number of processes:              0
   Number of cells:               1707
     $_ANDNOT_                     462
     $_AND_                        181
     $_MUX_                         64
     $_NAND_                       122
     $_NOR_                         45
     $_NOT_                         45
     $_ORNOT_                       32
     $_OR_                         191
     $_XNOR_                       105
     $_XOR_                        396
     sky130_fd_sc_hd__dfxtp_2       64

   Area for cell type $_NOT_ is unknown!
   Area for cell type $_AND_ is unknown!
   Area for cell type $_NAND_ is unknown!
   Area for cell type $_OR_ is unknown!
   Area for cell type $_NOR_ is unknown!
   Area for cell type $_XOR_ is unknown!
   Area for cell type $_XNOR_ is unknown!
   Area for cell type $_ANDNOT_ is unknown!
   Area for cell type $_ORNOT_ is unknown!
   Area for cell type $_MUX_ is unknown!

   Chip area for module '\mult_16x16': 1361.305600
     of which used for sequential elements: 1361.305600 (100.00%)

