108. Printing statistics.

=== mult_16x16 ===

   Number of wires:               2529
   Number of wire bits:           2590
   Number of public wires:          37
   Number of public wire bits:      98
   Number of ports:                  5
   Number of port bits:             66
   Number of memories:               0
   Number of memory bits:            0
   Number of processes:              0
   Number of cells:               2556
     sky130_fd_sc_hd__a211o_2       11
     sky130_fd_sc_hd__a211oi_2       4
     sky130_fd_sc_hd__a21bo_2       12
     sky130_fd_sc_hd__a21boi_2      27
     sky130_fd_sc_hd__a21o_2       124
     sky130_fd_sc_hd__a21oi_2      142
     sky130_fd_sc_hd__a221oi_2       1
     sky130_fd_sc_hd__a22o_2        68
     sky130_fd_sc_hd__a22oi_2       81
     sky130_fd_sc_hd__a2bb2o_2       5
     sky130_fd_sc_hd__a2bb2oi_2     18
     sky130_fd_sc_hd__a311o_2        1
     sky130_fd_sc_hd__a311oi_2       1
     sky130_fd_sc_hd__a31o_2        38
     sky130_fd_sc_hd__a31oi_2       28
     sky130_fd_sc_hd__a32o_2         9
     sky130_fd_sc_hd__a32oi_2        9
     sky130_fd_sc_hd__a41o_2         7
     sky130_fd_sc_hd__a41oi_2        2
     sky130_fd_sc_hd__and2_2        62
     sky130_fd_sc_hd__and2b_2        4
     sky130_fd_sc_hd__and3_2        86
     sky130_fd_sc_hd__and3b_2        1
     sky130_fd_sc_hd__and4_2        51
     sky130_fd_sc_hd__and4b_2        3
     sky130_fd_sc_hd__and4bb_2       1
     sky130_fd_sc_hd__dfxtp_2       64
     sky130_fd_sc_hd__inv_2         61
     sky130_fd_sc_hd__nand2_2      507
     sky130_fd_sc_hd__nand2b_2       4
     sky130_fd_sc_hd__nand3_2      233
     sky130_fd_sc_hd__nand3b_2      19
     sky130_fd_sc_hd__nand4_2      177
     sky130_fd_sc_hd__nand4b_2       2
     sky130_fd_sc_hd__nor2_2        64
     sky130_fd_sc_hd__nor3_2         7
     sky130_fd_sc_hd__nor3b_2        1
     sky130_fd_sc_hd__nor4_2         1
     sky130_fd_sc_hd__o2111a_2       6
     sky130_fd_sc_hd__o2111ai_2     39
     sky130_fd_sc_hd__o211a_2       49
     sky130_fd_sc_hd__o211ai_2     141
     sky130_fd_sc_hd__o21a_2        22
     sky130_fd_sc_hd__o21ai_2      132
     sky130_fd_sc_hd__o21bai_2      16
     sky130_fd_sc_hd__o221a_2        3
     sky130_fd_sc_hd__o221ai_2      26
     sky130_fd_sc_hd__o22a_2        19
     sky130_fd_sc_hd__o22ai_2       28
     sky130_fd_sc_hd__o2bb2a_2      10
     sky130_fd_sc_hd__o2bb2ai_2     90
     sky130_fd_sc_hd__o311a_2        2
     sky130_fd_sc_hd__o31a_2        14
     sky130_fd_sc_hd__o41a_2         1
     sky130_fd_sc_hd__or2_2         14
     sky130_fd_sc_hd__or3_2          3
     sky130_fd_sc_hd__xnor2_2        2
     sky130_fd_sc_hd__xor2_2         3

   Chip area for module '\mult_16x16': 25054.028800
     of which used for sequential elements: 1361.305600 (5.43%)

