if {[file exists ~/openlane2/my_script/script_matt.tcl]} {
    source ~/openlane2/my_script/script_matt.tcl
}
Reading OpenROAD database at '/home/hien/openlane2/designs/fn_pj/pipeline-mult/runs/TOP/16-odb-manualmacroplacement/pipelined_mult.odb'…
Reading library file at '/home/hien/.volare/volare/sky130/versions/0fe599b2afb6708d281543108caf8310912f54af/sky130A/libs.ref/sky130_fd_sc_hd/lib/sky130_fd_sc_hd__tt_025C_1v80.lib'…
Reading library file at '/home/hien/openlane2/designs/fn_pj/pipeline-mult/macro/lib/max_ss_100C_1v60/mult_16x16__max_ss_100C_1v60.lib'…
Reading library file at '/home/hien/openlane2/designs/fn_pj/pipeline-mult/macro/lib/max_ss_100C_1v60/add3x64__max_ss_100C_1v60.lib'…
Reading macro library file at '/home/hien/openlane2/designs/fn_pj/pipeline-mult/macro/lib/max_ss_100C_1v60/mult_16x16__max_ss_100C_1v60.lib'…
[WARNING STA-1140] /home/hien/openlane2/designs/fn_pj/pipeline-mult/macro/lib/max_ss_100C_1v60/mult_16x16__max_ss_100C_1v60.lib line 1, library mult_16x16 already exists.
Reading macro library file at '/home/hien/openlane2/designs/fn_pj/pipeline-mult/macro/lib/max_ss_100C_1v60/add3x64__max_ss_100C_1v60.lib'…
[WARNING STA-1140] /home/hien/openlane2/designs/fn_pj/pipeline-mult/macro/lib/max_ss_100C_1v60/add3x64__max_ss_100C_1v60.lib line 1, library add3x64 already exists.
Reading design constraints file at '/home/hien/openlane2/designs/fn_pj/pipeline-mult/src/pnr.sdc'…
[INFO] No information on clock propagation in input SDC file-- propagating all clocks.
[INFO ODB-0303] The initial 230 rows (394450 sites) were cut with 5 shapes for a total of 750 rows (159384 sites).
Setting global connections for newly added cells…
[INFO] Setting global connections...
Updating metrics…
Cell type report:                       Count       Area
  Macro                                     5  242500.00
  Inverter                                  6      22.52
  Sequential cell                         194    4126.46
  Multi-Input combinational cell          531    3988.83
  Total                                   736  250637.80
Writing OpenROAD database to '/home/hien/openlane2/designs/fn_pj/pipeline-mult/runs/TOP/17-openroad-cutrows/pipelined_mult.odb'…
Writing layout to '/home/hien/openlane2/designs/fn_pj/pipeline-mult/runs/TOP/17-openroad-cutrows/pipelined_mult.def'…
