Clock: clk
Sources: clk 
Generated: no
Virtual: yes
Propagated: no
Period: 10.000000

===========================================================================
report_clock_properties
============================================================================
Clock                   Period          Waveform
----------------------------------------------------
clk                  10.000000    0.000000  5.000000

===========================================================================
report_clock_latency
============================================================================
Clock clk
rise -> rise
    min     max
0.000000 0.000000 source latency
0.625477         network latency _20689_/CLK
        0.852360 network latency _20394_/CLK
---------------
0.625477 0.852360 latency
        0.226883 skew

fall -> fall
    min     max
0.000000 0.000000 source latency
0.539807         network latency _20689_/CLK
        0.747563 network latency _20394_/CLK
---------------
0.539807 0.747563 latency
        0.207756 skew



===========================================================================
report_clock_min_period
============================================================================
clk period_min = 5.20 fmax = 192.42
