
===========================================================================
report_checks -unconstrained
===========================================================================
======================= nom_tt_025C_1v80 Corner ===================================

Startpoint: _20769_ (rising edge-triggered flip-flop clocked by clk)
Endpoint: _20661_ (rising edge-triggered flip-flop clocked by clk)
Path Group: clk
Path Type: max

Fanout         Cap        Slew       Delay        Time   Description
---------------------------------------------------------------------------------------------
                                  0.000000    0.000000   clock clk (rise edge)
                                  0.000000    0.000000   clock source latency
     1    0.045955    0.132547    0.098273    0.098273 ^ clk (in)
                                                         clk (net)
                      0.132758    0.000000    0.098273 ^ clkbuf_0_clk/A (sky130_fd_sc_hd__clkbuf_16)
     8    0.100326    0.116038    0.217117    0.315390 ^ clkbuf_0_clk/X (sky130_fd_sc_hd__clkbuf_16)
                                                         clknet_0_clk (net)
                      0.116163    0.002345    0.317734 ^ clkbuf_3_0_0_clk/A (sky130_fd_sc_hd__clkbuf_8)
     9    0.071059    0.131154    0.219734    0.537468 ^ clkbuf_3_0_0_clk/X (sky130_fd_sc_hd__clkbuf_8)
                                                         clknet_3_0_0_clk (net)
                      0.131394    0.003927    0.541395 ^ clkbuf_leaf_56_clk/A (sky130_fd_sc_hd__clkbuf_8)
     6    0.017089    0.047074    0.159171    0.700567 ^ clkbuf_leaf_56_clk/X (sky130_fd_sc_hd__clkbuf_8)
                                                         clknet_leaf_56_clk (net)
                      0.047074    0.000038    0.700604 ^ _20769_/CLK (sky130_fd_sc_hd__dfxtp_4)
    12    0.076097    0.219337    0.473088    1.173692 ^ _20769_/Q (sky130_fd_sc_hd__dfxtp_4)
                                                         a_h[7] (net)
                      0.219358    0.002292    1.175984 ^ max_cap694/A (sky130_fd_sc_hd__buf_6)
    11    0.055849    0.117967    0.201268    1.377253 ^ max_cap694/X (sky130_fd_sc_hd__buf_6)
                                                         net694 (net)
                      0.117980    0.001330    1.378583 ^ max_cap693/A (sky130_fd_sc_hd__buf_8)
    17    0.081089    0.136144    0.187457    1.566039 ^ max_cap693/X (sky130_fd_sc_hd__buf_8)
                                                         net693 (net)
                      0.136298    0.003732    1.569771 ^ max_cap692/A (sky130_fd_sc_hd__clkbuf_8)
    14    0.076704    0.139067    0.233543    1.803315 ^ max_cap692/X (sky130_fd_sc_hd__clkbuf_8)
                                                         net692 (net)
                      0.139102    0.002170    1.805484 ^ max_cap691/A (sky130_fd_sc_hd__buf_6)
    12    0.057358    0.120196    0.185878    1.991362 ^ max_cap691/X (sky130_fd_sc_hd__buf_6)
                                                         net691 (net)
                      0.120209    0.001305    1.992667 ^ max_cap690/A (sky130_fd_sc_hd__buf_6)
    13    0.060758    0.126378    0.186291    2.178958 ^ max_cap690/X (sky130_fd_sc_hd__buf_6)
                                                         net690 (net)
                      0.126385    0.001080    2.180038 ^ max_cap689/A (sky130_fd_sc_hd__buf_8)
    23    0.086014    0.143137    0.195438    2.375476 ^ max_cap689/X (sky130_fd_sc_hd__buf_8)
                                                         net689 (net)
                      0.143156    0.001364    2.376839 ^ _12117_/A1 (sky130_fd_sc_hd__a22oi_2)
     3    0.007637    0.072202    0.106678    2.483518 v _12117_/Y (sky130_fd_sc_hd__a22oi_2)
                                                         _03052_ (net)
                      0.072202    0.000004    2.483521 v max_cap473/A (sky130_fd_sc_hd__clkbuf_2)
     3    0.020260    0.082722    0.162147    2.645669 v max_cap473/X (sky130_fd_sc_hd__clkbuf_2)
                                                         net473 (net)
                      0.082722    0.000091    2.645760 v _12127_/A2 (sky130_fd_sc_hd__o211ai_4)
     5    0.016111    0.201830    0.214324    2.860084 ^ _12127_/Y (sky130_fd_sc_hd__o211ai_4)
                                                         _03062_ (net)
                      0.201830    0.000093    2.860177 ^ _12131_/B1 (sky130_fd_sc_hd__o21ai_1)
     3    0.008350    0.104289    0.137252    2.997429 v _12131_/Y (sky130_fd_sc_hd__o21ai_1)
                                                         _03066_ (net)
                      0.104289    0.000009    2.997437 v _12134_/A1 (sky130_fd_sc_hd__o211ai_1)
     2    0.006037    0.206029    0.234272    3.231710 ^ _12134_/Y (sky130_fd_sc_hd__o211ai_1)
                                                         _03069_ (net)
                      0.206029    0.000032    3.231742 ^ max_cap278/A (sky130_fd_sc_hd__clkbuf_2)
     6    0.023552    0.133901    0.218499    3.450240 ^ max_cap278/X (sky130_fd_sc_hd__clkbuf_2)
                                                         net278 (net)
                      0.133901    0.000102    3.450342 ^ _12143_/A (sky130_fd_sc_hd__nand2_1)
     2    0.004512    0.057928    0.078054    3.528397 v _12143_/Y (sky130_fd_sc_hd__nand2_1)
                                                         _03078_ (net)
                      0.057928    0.000019    3.528415 v _12290_/B (sky130_fd_sc_hd__and3_1)
     5    0.012790    0.078415    0.209329    3.737744 v _12290_/X (sky130_fd_sc_hd__and3_1)
                                                         _03224_ (net)
                      0.078415    0.000008    3.737752 v _12295_/A2 (sky130_fd_sc_hd__o21ai_1)
     3    0.007872    0.190265    0.190063    3.927815 ^ _12295_/Y (sky130_fd_sc_hd__o21ai_1)
                                                         _03229_ (net)
                      0.190265    0.000030    3.927845 ^ _12297_/B1 (sky130_fd_sc_hd__o21ai_1)
     2    0.006746    0.091689    0.123831    4.051675 v _12297_/Y (sky130_fd_sc_hd__o21ai_1)
                                                         _03231_ (net)
                      0.091689    0.000015    4.051690 v _12319_/B2 (sky130_fd_sc_hd__a32oi_2)
     2    0.007508    0.186827    0.209448    4.261138 ^ _12319_/Y (sky130_fd_sc_hd__a32oi_2)
                                                         _03252_ (net)
                      0.186827    0.000044    4.261181 ^ _12427_/B (sky130_fd_sc_hd__nand3_2)
     5    0.013217    0.108462    0.141184    4.402365 v _12427_/Y (sky130_fd_sc_hd__nand3_2)
                                                         _03360_ (net)
                      0.108462    0.000020    4.402385 v _12430_/A (sky130_fd_sc_hd__nand2_1)
     2    0.005542    0.068992    0.098657    4.501042 ^ _12430_/Y (sky130_fd_sc_hd__nand2_1)
                                                         _03363_ (net)
                      0.068992    0.000006    4.501048 ^ _12558_/B (sky130_fd_sc_hd__nand2_1)
     3    0.007256    0.071443    0.078285    4.579333 v _12558_/Y (sky130_fd_sc_hd__nand2_1)
                                                         _03490_ (net)
                      0.071443    0.000009    4.579342 v _12559_/B1 (sky130_fd_sc_hd__a21oi_1)
     2    0.005467    0.158199    0.157500    4.736842 ^ _12559_/Y (sky130_fd_sc_hd__a21oi_1)
                                                         _03491_ (net)
                      0.158199    0.000004    4.736846 ^ _12563_/B1 (sky130_fd_sc_hd__a21oi_1)
     3    0.009194    0.092695    0.092593    4.829439 v _12563_/Y (sky130_fd_sc_hd__a21oi_1)
                                                         _03495_ (net)
                      0.092695    0.000068    4.829507 v _12676_/A3 (sky130_fd_sc_hd__a41oi_1)
     1    0.004911    0.191702    0.245141    5.074648 ^ _12676_/Y (sky130_fd_sc_hd__a41oi_1)
                                                         _03607_ (net)
                      0.191702    0.000046    5.074694 ^ wire140/A (sky130_fd_sc_hd__clkbuf_2)
     4    0.021742    0.124475    0.207941    5.282634 ^ wire140/X (sky130_fd_sc_hd__clkbuf_2)
                                                         net140 (net)
                      0.124475    0.000508    5.283143 ^ _13026_/B (sky130_fd_sc_hd__nand4_4)
     6    0.019282    0.120481    0.141269    5.424412 v _13026_/Y (sky130_fd_sc_hd__nand4_4)
                                                         _03953_ (net)
                      0.120481    0.000217    5.424629 v _13113_/A1 (sky130_fd_sc_hd__a21boi_1)
     3    0.008546    0.215591    0.224146    5.648775 ^ _13113_/Y (sky130_fd_sc_hd__a21boi_1)
                                                         _04038_ (net)
                      0.215591    0.000010    5.648785 ^ _13144_/A2 (sky130_fd_sc_hd__o21ai_1)
     1    0.002430    0.051559    0.080789    5.729574 v _13144_/Y (sky130_fd_sc_hd__o21ai_1)
                                                         _04068_ (net)
                      0.051559    0.000002    5.729576 v _13146_/A1 (sky130_fd_sc_hd__o211a_1)
     1    0.005641    0.051213    0.234649    5.964224 v _13146_/X (sky130_fd_sc_hd__o211a_1)
                                                         _00301_ (net)
                      0.051213    0.000099    5.964324 v _20661_/D (sky130_fd_sc_hd__dfxtp_1)
                                              5.964324   data arrival time

                                 10.000000   10.000000   clock clk (rise edge)
                                  0.000000   10.000000   clock source latency
     1    0.045955    0.132547    0.098273   10.098272 ^ clk (in)
                                                         clk (net)
                      0.132758    0.000000   10.098272 ^ clkbuf_0_clk/A (sky130_fd_sc_hd__clkbuf_16)
     8    0.100326    0.116038    0.217117   10.315390 ^ clkbuf_0_clk/X (sky130_fd_sc_hd__clkbuf_16)
                                                         clknet_0_clk (net)
                      0.116225    0.003187   10.318577 ^ clkbuf_3_2_0_clk/A (sky130_fd_sc_hd__clkbuf_8)
     9    0.065874    0.122911    0.213191   10.531768 ^ clkbuf_3_2_0_clk/X (sky130_fd_sc_hd__clkbuf_8)
                                                         clknet_3_2_0_clk (net)
                      0.123075    0.003017   10.534785 ^ clkbuf_leaf_14_clk/A (sky130_fd_sc_hd__clkbuf_8)
    14    0.035301    0.074623    0.180002   10.714787 ^ clkbuf_leaf_14_clk/X (sky130_fd_sc_hd__clkbuf_8)
                                                         clknet_leaf_14_clk (net)
                      0.074623    0.000102   10.714889 ^ _20661_/CLK (sky130_fd_sc_hd__dfxtp_1)
                                 -1.500000    9.214889   clock uncertainty
                                  0.000000    9.214889   clock reconvergence pessimism
                                 -0.106334    9.108555   library setup time
                                              9.108555   data required time
---------------------------------------------------------------------------------------------
                                              9.108555   data required time
                                             -5.964324   data arrival time
---------------------------------------------------------------------------------------------
                                              3.144232   slack (MET)




===========================================================================
report_checks --slack_max -0.01
============================================================================
======================= nom_tt_025C_1v80 Corner ===================================

No paths found.


===========================================================================
 report_check_types -max_slew -max_cap -max_fanout -violators
============================================================================
======================= nom_tt_025C_1v80 Corner ===================================



===========================================================================
report_parasitic_annotation -report_unannotated
============================================================================
Found 53 unannotated drivers.
 clkload0/Y
 clkload1/Y
 clkload10/X
 clkload11/X
 clkload12/X
 clkload13/X
 clkload14/Y
 clkload15/Y
 clkload16/Y
 clkload17/Y
 clkload18/Y
 clkload19/Y
 clkload2/X
 clkload20/Y
 clkload21/X
 clkload22/X
 clkload23/Y
 clkload24/X
 clkload25/Y
 clkload26/Y
 clkload27/Y
 clkload28/Y
 clkload29/Y
 clkload3/X
 clkload30/Y
 clkload31/Y
 clkload32/X
 clkload33/Y
 clkload34/Y
 clkload35/Y
 clkload36/Y
 clkload37/Y
 clkload38/X
 clkload39/X
 clkload4/X
 clkload40/Y
 clkload41/Y
 clkload42/Y
 clkload43/Y
 clkload44/Y
 clkload45/Y
 clkload46/Y
 clkload47/Y
 clkload48/Y
 clkload49/X
 clkload5/Y
 clkload50/X
 clkload51/Y
 clkload52/Y
 clkload6/Y
 clkload7/Y
 clkload8/Y
 clkload9/Y
Found 0 partially unannotated drivers.

===========================================================================
max slew violation count 0
Writing metric design__max_slew_violation__count__corner:nom_tt_025C_1v80: 0
max fanout violation count 0
Writing metric design__max_fanout_violation__count__corner:nom_tt_025C_1v80: 0
max cap violation count 0
Writing metric design__max_cap_violation__count__corner:nom_tt_025C_1v80: 0
============================================================================

===========================================================================
check_setup -verbose -unconstrained_endpoints -multiple_clock -no_clock -no_input_delay -loops -generated_clocks
===========================================================================
