Clock: clk
Sources: clk 
Generated: no
Virtual: yes
Propagated: no
Period: 10.000000

===========================================================================
report_clock_properties
============================================================================
Clock                   Period          Waveform
----------------------------------------------------
clk                  10.000000    0.000000  5.000000

===========================================================================
report_clock_latency
============================================================================
Clock clk
rise -> rise
    min     max
0.000000 0.000000 source latency
0.335494         network latency _5001_/CLK
        0.344196 network latency _5022_/CLK
---------------
0.335494 0.344196 latency
        0.008703 skew

fall -> fall
    min     max
0.000000 0.000000 source latency
0.340160         network latency _5001_/CLK
        0.347761 network latency _5022_/CLK
---------------
0.340160 0.347761 latency
        0.007601 skew



===========================================================================
report_clock_min_period
============================================================================
clk period_min = 4.69 fmax = 213.34
