
Magic 8.3 revision 489 - Compiled on Thu Aug 22 13:45:15 UTC 2024.
Starting magic under Tcl interpreter
Using the terminal as the console.
Using NULL graphics device.
Processing system .magicrc file
Sourcing design .magicrc for technology sky130A ...
2 Magic internal units = 1 Lambda
Input style sky130(): scaleFactor=2, multiplier=2
The following types are not handled by extraction and will be treated as non-electrical types:
    ubm 
Scaled tech values by 2 / 1 to match internal grid scaling
Loading sky130A Device Generator Menu ...
Loading "/nix/store/h0ldzjka94yryiq8yxbxmwargpnmwhx6-python3-3.11.9-env/lib/python3.11/site-packages/openlane/scripts/magic/wrapper.tcl" from command line.
> lef read /home/hien/.volare/volare/sky130/versions/0fe599b2afb6708d281543108caf8310912f54af/sky130A/libs.ref/sky130_fd_sc_hd/techlef/sky130_fd_sc_hd__nom.tlef
Reading LEF data from file /home/hien/.volare/volare/sky130/versions/0fe599b2afb6708d281543108caf8310912f54af/sky130A/libs.ref/sky130_fd_sc_hd/techlef/sky130_fd_sc_hd__nom.tlef.
This action cannot be undone.
LEF read, Line 82 (Message): Unknown keyword "ANTENNAMODEL" in LEF file; ignoring.
LEF read, Line 83 (Message): Unknown keyword "ANTENNADIFFSIDEAREARATIO" in LEF file; ignoring.
LEF read, Line 116 (Message): Unknown keyword "MINENCLOSEDAREA" in LEF file; ignoring.
LEF read, Line 118 (Message): Unknown keyword "ANTENNAMODEL" in LEF file; ignoring.
LEF read, Line 119 (Message): Unknown keyword "ANTENNADIFFSIDEAREARATIO" in LEF file; ignoring.
LEF read, Line 125 (Message): Unknown keyword "MAXIMUMDENSITY" in LEF file; ignoring.
LEF read, Line 126 (Message): Unknown keyword "DENSITYCHECKWINDOW" in LEF file; ignoring.
LEF read, Line 127 (Message): Unknown keyword "DENSITYCHECKSTEP" in LEF file; ignoring.
LEF read, Line 160 (Message): Unknown keyword "MINENCLOSEDAREA" in LEF file; ignoring.
LEF read, Line 168 (Message): Unknown keyword "ANTENNAMODEL" in LEF file; ignoring.
LEF read, Line 169 (Message): Unknown keyword "ANTENNADIFFSIDEAREARATIO" in LEF file; ignoring.
LEF read, Line 171 (Message): Unknown keyword "MAXIMUMDENSITY" in LEF file; ignoring.
LEF read, Line 172 (Message): Unknown keyword "DENSITYCHECKWINDOW" in LEF file; ignoring.
LEF read, Line 173 (Message): Unknown keyword "DENSITYCHECKSTEP" in LEF file; ignoring.
LEF read, Line 210 (Message): Unknown keyword "ANTENNAMODEL" in LEF file; ignoring.
LEF read, Line 211 (Message): Unknown keyword "ANTENNADIFFSIDEAREARATIO" in LEF file; ignoring.
LEF read, Line 213 (Message): Unknown keyword "MAXIMUMDENSITY" in LEF file; ignoring.
LEF read, Line 214 (Message): Unknown keyword "DENSITYCHECKWINDOW" in LEF file; ignoring.
LEF read, Line 215 (Message): Unknown keyword "DENSITYCHECKSTEP" in LEF file; ignoring.
LEF read, Line 252 (Message): Unknown keyword "ANTENNAMODEL" in LEF file; ignoring.
LEF read, Line 253 (Message): Unknown keyword "ANTENNADIFFSIDEAREARATIO" in LEF file; ignoring.
LEF read, Line 255 (Message): Unknown keyword "MAXIMUMDENSITY" in LEF file; ignoring.
LEF read, Line 256 (Message): Unknown keyword "DENSITYCHECKWINDOW" in LEF file; ignoring.
LEF read, Line 257 (Message): Unknown keyword "DENSITYCHECKSTEP" in LEF file; ignoring.
LEF read, Line 294 (Message): Unknown keyword "ANTENNAMODEL" in LEF file; ignoring.
LEF read, Line 295 (Message): Unknown keyword "ANTENNADIFFSIDEAREARATIO" in LEF file; ignoring.
LEF read: Processed 801 lines.
> gds read /home/hien/.volare/volare/sky130/versions/0fe599b2afb6708d281543108caf8310912f54af/sky130A/libs.ref/sky130_fd_sc_hd/gds/sky130_fd_sc_hd.gds
Warning: Calma reading is not undoable!  I hope that's OK.
Library written using GDS-II Release 3.0
Library name: sky130_fd_sc_hd
Reading "sky130_fd_sc_hd__or4bb_4".
Reading "sky130_fd_sc_hd__probe_p_8".
Reading "sky130_fd_sc_hd__probec_p_8".
Reading "sky130_fd_sc_hd__sdfbbn_1".
Reading "sky130_fd_sc_hd__sdfsbp_2".
Reading "sky130_fd_sc_hd__sdfsbp_1".
Reading "sky130_fd_sc_hd__sdfrtp_4".
Reading "sky130_fd_sc_hd__sdfrtp_2".
Reading "sky130_fd_sc_hd__sdfrtp_1".
Reading "sky130_fd_sc_hd__sdfrtn_1".
Reading "sky130_fd_sc_hd__sdfrbp_2".
Reading "sky130_fd_sc_hd__sdfrbp_1".
Reading "sky130_fd_sc_hd__sdfbbp_1".
Reading "sky130_fd_sc_hd__sdfbbn_2".
Reading "sky130_fd_sc_hd__sdfstp_1".
Reading "sky130_fd_sc_hd__sdfstp_2".
Reading "sky130_fd_sc_hd__sdfstp_4".
Reading "sky130_fd_sc_hd__sdfxbp_1".
Reading "sky130_fd_sc_hd__sdfxbp_2".
Reading "sky130_fd_sc_hd__sdfxtp_1".
Reading "sky130_fd_sc_hd__sdfxtp_2".
Reading "sky130_fd_sc_hd__sdfxtp_4".
Reading "sky130_fd_sc_hd__sdlclkp_1".
Reading "sky130_fd_sc_hd__sdlclkp_2".
Reading "sky130_fd_sc_hd__sdlclkp_4".
Reading "sky130_fd_sc_hd__sedfxbp_1".
Reading "sky130_fd_sc_hd__sedfxbp_2".
Reading "sky130_fd_sc_hd__sedfxtp_1".
Reading "sky130_fd_sc_hd__sedfxtp_2".
Reading "sky130_fd_sc_hd__sedfxtp_4".
Reading "sky130_fd_sc_hd__tap_1".
Reading "sky130_fd_sc_hd__tap_2".
Reading "sky130_fd_sc_hd__xor2_1".
Reading "sky130_fd_sc_hd__xnor3_4".
Reading "sky130_fd_sc_hd__xnor3_2".
Reading "sky130_fd_sc_hd__xnor3_1".
Reading "sky130_fd_sc_hd__xnor2_4".
Reading "sky130_fd_sc_hd__xnor2_2".
Reading "sky130_fd_sc_hd__xnor2_1".
Reading "sky130_fd_sc_hd__tapvpwrvgnd_1".
Reading "sky130_fd_sc_hd__tapvgnd_1".
Reading "sky130_fd_sc_hd__tapvgnd2_1".
Reading "sky130_fd_sc_hd__xor2_2".
Reading "sky130_fd_sc_hd__xor2_4".
Reading "sky130_fd_sc_hd__xor3_1".
Reading "sky130_fd_sc_hd__xor3_2".
Reading "sky130_fd_sc_hd__xor3_4".
Reading "sky130_fd_sc_hd__o41a_4".
Reading "sky130_fd_sc_hd__o41ai_1".
Reading "sky130_fd_sc_hd__o41ai_2".
Reading "sky130_fd_sc_hd__o41ai_4".
Reading "sky130_fd_sc_hd__o211a_1".
Reading "sky130_fd_sc_hd__o211a_2".
Reading "sky130_fd_sc_hd__o211a_4".
Reading "sky130_fd_sc_hd__o211ai_1".
Reading "sky130_fd_sc_hd__o211ai_2".
Reading "sky130_fd_sc_hd__o211ai_4".
Reading "sky130_fd_sc_hd__o221a_1".
Reading "sky130_fd_sc_hd__o221a_2".
Reading "sky130_fd_sc_hd__o221a_4".
Reading "sky130_fd_sc_hd__o221ai_1".
Reading "sky130_fd_sc_hd__o221ai_2".
Reading "sky130_fd_sc_hd__o221ai_4".
Reading "sky130_fd_sc_hd__o2111a_4".
Reading "sky130_fd_sc_hd__o2111a_2".
Reading "sky130_fd_sc_hd__o2111a_1".
Reading "sky130_fd_sc_hd__o311ai_4".
Reading "sky130_fd_sc_hd__o311ai_2".
Reading "sky130_fd_sc_hd__o311ai_1".
Reading "sky130_fd_sc_hd__o311ai_0".
Reading "sky130_fd_sc_hd__o311a_4".
Reading "sky130_fd_sc_hd__o311a_2".
Reading "sky130_fd_sc_hd__o311a_1".
Reading "sky130_fd_sc_hd__o2111ai_1".
Reading "sky130_fd_sc_hd__o2111ai_2".
Reading "sky130_fd_sc_hd__o2111ai_4".
Reading "sky130_fd_sc_hd__or2_0".
Reading "sky130_fd_sc_hd__or2_1".
Reading "sky130_fd_sc_hd__or2_2".
Reading "sky130_fd_sc_hd__or2_4".
Reading "sky130_fd_sc_hd__or2b_1".
Reading "sky130_fd_sc_hd__or2b_2".
Reading "sky130_fd_sc_hd__or2b_4".
Reading "sky130_fd_sc_hd__or3_1".
Reading "sky130_fd_sc_hd__or3_2".
Reading "sky130_fd_sc_hd__or3_4".
Reading "sky130_fd_sc_hd__or3b_1".
Reading "sky130_fd_sc_hd__or3b_2".
Reading "sky130_fd_sc_hd__or3b_4".
Reading "sky130_fd_sc_hd__or4_1".
Reading "sky130_fd_sc_hd__or4_2".
Reading "sky130_fd_sc_hd__or4_4".
Reading "sky130_fd_sc_hd__or4b_1".
Reading "sky130_fd_sc_hd__or4b_2".
Reading "sky130_fd_sc_hd__or4b_4".
Reading "sky130_fd_sc_hd__or4bb_1".
Reading "sky130_fd_sc_hd__or4bb_2".
Reading "sky130_fd_sc_hd__nor3b_2".
Reading "sky130_fd_sc_hd__nor3b_4".
Reading "sky130_fd_sc_hd__nor4_1".
Reading "sky130_fd_sc_hd__nor4_2".
Reading "sky130_fd_sc_hd__nor4_4".
Reading "sky130_fd_sc_hd__nor4b_1".
Reading "sky130_fd_sc_hd__nor4b_2".
Reading "sky130_fd_sc_hd__nor4b_4".
Reading "sky130_fd_sc_hd__nor4bb_1".
Reading "sky130_fd_sc_hd__nor4bb_2".
Reading "sky130_fd_sc_hd__nor4bb_4".
Moving label "k" from mvpsubdiff to ndiff in cell sky130_fd_sc_hd__nor4bb_4.
Reading "sky130_fd_sc_hd__o2bb2a_1".
Reading "sky130_fd_sc_hd__o2bb2a_2".
Reading "sky130_fd_sc_hd__o2bb2a_4".
Reading "sky130_fd_sc_hd__o2bb2ai_1".
Reading "sky130_fd_sc_hd__o2bb2ai_2".
Reading "sky130_fd_sc_hd__o2bb2ai_4".
Reading "sky130_fd_sc_hd__o21a_1".
Reading "sky130_fd_sc_hd__o21a_2".
Reading "sky130_fd_sc_hd__o21ai_2".
Reading "sky130_fd_sc_hd__o21ai_1".
Reading "sky130_fd_sc_hd__o21ai_0".
Reading "sky130_fd_sc_hd__o21a_4".
Reading "sky130_fd_sc_hd__o21ba_2".
Reading "sky130_fd_sc_hd__o21ba_1".
Reading "sky130_fd_sc_hd__o21ai_4".
Reading "sky130_fd_sc_hd__o21bai_2".
Reading "sky130_fd_sc_hd__o21bai_1".
Reading "sky130_fd_sc_hd__o21ba_4".
Reading "sky130_fd_sc_hd__o21bai_4".
Reading "sky130_fd_sc_hd__o22a_1".
Reading "sky130_fd_sc_hd__o22a_2".
Reading "sky130_fd_sc_hd__o22a_4".
Reading "sky130_fd_sc_hd__o22ai_1".
Reading "sky130_fd_sc_hd__o22ai_2".
Reading "sky130_fd_sc_hd__o22ai_4".
Reading "sky130_fd_sc_hd__o31a_1".
Reading "sky130_fd_sc_hd__o31a_2".
Reading "sky130_fd_sc_hd__o31a_4".
Reading "sky130_fd_sc_hd__o31ai_1".
Reading "sky130_fd_sc_hd__o31ai_2".
Reading "sky130_fd_sc_hd__o31ai_4".
Reading "sky130_fd_sc_hd__o32a_1".
Reading "sky130_fd_sc_hd__o32a_2".
Reading "sky130_fd_sc_hd__o32a_4".
Reading "sky130_fd_sc_hd__o32ai_1".
Reading "sky130_fd_sc_hd__o32ai_2".
Reading "sky130_fd_sc_hd__o32ai_4".
Reading "sky130_fd_sc_hd__o41a_1".
Reading "sky130_fd_sc_hd__o41a_2".
Reading "sky130_fd_sc_hd__lpflow_lsbuf_lh_hl_isowell_tap_1".
CIF file read warning: CIF style sky130(): units rescaled by factor of 5 / 1
Reading "sky130_fd_sc_hd__lpflow_lsbuf_lh_hl_isowell_tap_2".
Reading "sky130_fd_sc_hd__lpflow_lsbuf_lh_hl_isowell_tap_4".
Reading "sky130_fd_sc_hd__lpflow_lsbuf_lh_isowell_4".
Reading "sky130_fd_sc_hd__lpflow_lsbuf_lh_isowell_tap_1".
Reading "sky130_fd_sc_hd__lpflow_lsbuf_lh_isowell_tap_2".
Reading "sky130_fd_sc_hd__lpflow_lsbuf_lh_isowell_tap_4".
Reading "sky130_fd_sc_hd__nor2_2".
Reading "sky130_fd_sc_hd__nand2_2".
Reading "sky130_fd_sc_hd__inv_2".
Reading "sky130_fd_sc_hd__conb_1".
Reading "sky130_fd_sc_hd__macro_sparecell".
Reading "sky130_fd_sc_hd__maj3_1".
Reading "sky130_fd_sc_hd__maj3_2".
Reading "sky130_fd_sc_hd__maj3_4".
Reading "sky130_fd_sc_hd__mux2_1".
Reading "sky130_fd_sc_hd__mux2_2".
Reading "sky130_fd_sc_hd__mux2_4".
Reading "sky130_fd_sc_hd__mux2_8".
Reading "sky130_fd_sc_hd__mux2i_1".
Reading "sky130_fd_sc_hd__mux2i_2".
Reading "sky130_fd_sc_hd__nand2_1".
Reading "sky130_fd_sc_hd__nand2_4".
Reading "sky130_fd_sc_hd__nand2_8".
Reading "sky130_fd_sc_hd__nand2b_1".
Reading "sky130_fd_sc_hd__mux2i_4".
Reading "sky130_fd_sc_hd__mux4_1".
Reading "sky130_fd_sc_hd__mux4_2".
Reading "sky130_fd_sc_hd__mux4_4".
Reading "sky130_fd_sc_hd__nand2b_2".
Reading "sky130_fd_sc_hd__nand2b_4".
Reading "sky130_fd_sc_hd__nand3_1".
Reading "sky130_fd_sc_hd__nand3_2".
Reading "sky130_fd_sc_hd__nand3_4".
Reading "sky130_fd_sc_hd__nand3b_1".
Reading "sky130_fd_sc_hd__nand3b_2".
Reading "sky130_fd_sc_hd__nand3b_4".
Reading "sky130_fd_sc_hd__nand4_1".
Reading "sky130_fd_sc_hd__nand4_2".
Reading "sky130_fd_sc_hd__nand4_4".
Reading "sky130_fd_sc_hd__nand4b_1".
Reading "sky130_fd_sc_hd__nand4b_2".
Reading "sky130_fd_sc_hd__nand4b_4".
Reading "sky130_fd_sc_hd__nand4bb_1".
Reading "sky130_fd_sc_hd__nand4bb_2".
Reading "sky130_fd_sc_hd__nand4bb_4".
Reading "sky130_fd_sc_hd__nor2_1".
Reading "sky130_fd_sc_hd__nor2_4".
Reading "sky130_fd_sc_hd__nor2_8".
Reading "sky130_fd_sc_hd__nor2b_1".
Reading "sky130_fd_sc_hd__nor2b_2".
Reading "sky130_fd_sc_hd__nor2b_4".
Reading "sky130_fd_sc_hd__nor3_1".
Reading "sky130_fd_sc_hd__nor3_2".
Reading "sky130_fd_sc_hd__nor3_4".
Reading "sky130_fd_sc_hd__nor3b_1".
Reading "sky130_fd_sc_hd__einvp_1".
Reading "sky130_fd_sc_hd__einvp_2".
Reading "sky130_fd_sc_hd__einvp_4".
Reading "sky130_fd_sc_hd__einvp_8".
Reading "sky130_fd_sc_hd__fa_1".
Reading "sky130_fd_sc_hd__fa_2".
Reading "sky130_fd_sc_hd__fa_4".
Reading "sky130_fd_sc_hd__fah_1".
Reading "sky130_fd_sc_hd__fahcin_1".
Reading "sky130_fd_sc_hd__fahcon_1".
Reading "sky130_fd_sc_hd__fill_1".
Reading "sky130_fd_sc_hd__fill_2".
Reading "sky130_fd_sc_hd__fill_4".
Reading "sky130_fd_sc_hd__fill_8".
Reading "sky130_fd_sc_hd__ha_1".
Reading "sky130_fd_sc_hd__ha_2".
Reading "sky130_fd_sc_hd__ha_4".
Reading "sky130_fd_sc_hd__inv_1".
Reading "sky130_fd_sc_hd__inv_16".
Reading "sky130_fd_sc_hd__inv_12".
Reading "sky130_fd_sc_hd__inv_8".
Reading "sky130_fd_sc_hd__inv_6".
Reading "sky130_fd_sc_hd__inv_4".
Reading "sky130_fd_sc_hd__lpflow_clkbufkapwr_4".
Reading "sky130_fd_sc_hd__lpflow_clkbufkapwr_2".
Reading "sky130_fd_sc_hd__lpflow_clkbufkapwr_1".
Reading "sky130_fd_sc_hd__lpflow_bleeder_1".
Reading "sky130_fd_sc_hd__lpflow_clkbufkapwr_8".
Reading "sky130_fd_sc_hd__lpflow_clkbufkapwr_16".
Reading "sky130_fd_sc_hd__lpflow_clkinvkapwr_1".
Reading "sky130_fd_sc_hd__lpflow_clkinvkapwr_2".
Reading "sky130_fd_sc_hd__lpflow_clkinvkapwr_4".
Reading "sky130_fd_sc_hd__lpflow_clkinvkapwr_8".
Reading "sky130_fd_sc_hd__lpflow_clkinvkapwr_16".
Reading "sky130_fd_sc_hd__lpflow_decapkapwr_3".
Reading "sky130_fd_sc_hd__lpflow_decapkapwr_4".
Reading "sky130_fd_sc_hd__lpflow_decapkapwr_6".
Reading "sky130_fd_sc_hd__lpflow_inputiso0n_1".
Reading "sky130_fd_sc_hd__lpflow_decapkapwr_12".
Reading "sky130_fd_sc_hd__lpflow_decapkapwr_8".
Reading "sky130_fd_sc_hd__lpflow_inputisolatch_1".
Reading "sky130_fd_sc_hd__lpflow_inputiso1p_1".
Reading "sky130_fd_sc_hd__lpflow_inputiso1n_1".
Reading "sky130_fd_sc_hd__lpflow_inputiso0p_1".
Reading "sky130_fd_sc_hd__lpflow_isobufsrc_4".
Reading "sky130_fd_sc_hd__lpflow_isobufsrc_2".
Reading "sky130_fd_sc_hd__lpflow_isobufsrc_1".
Reading "sky130_fd_sc_hd__lpflow_isobufsrc_8".
Reading "sky130_fd_sc_hd__lpflow_isobufsrc_16".
Reading "sky130_fd_sc_hd__lpflow_isobufsrckapwr_16".
Reading "sky130_fd_sc_hd__dfrtp_2".
Reading "sky130_fd_sc_hd__dfrtp_4".
Reading "sky130_fd_sc_hd__dfsbp_1".
Reading "sky130_fd_sc_hd__dfsbp_2".
Reading "sky130_fd_sc_hd__dfstp_1".
Reading "sky130_fd_sc_hd__dfstp_2".
Reading "sky130_fd_sc_hd__dfstp_4".
Reading "sky130_fd_sc_hd__dfxbp_1".
Reading "sky130_fd_sc_hd__dfxbp_2".
Reading "sky130_fd_sc_hd__dfxtp_1".
Reading "sky130_fd_sc_hd__dfxtp_2".
Reading "sky130_fd_sc_hd__dfxtp_4".
Reading "sky130_fd_sc_hd__diode_2".
Reading "sky130_fd_sc_hd__dlclkp_1".
Reading "sky130_fd_sc_hd__dlclkp_2".
Reading "sky130_fd_sc_hd__dlclkp_4".
Reading "sky130_fd_sc_hd__dlrbn_1".
Reading "sky130_fd_sc_hd__dlrbp_1".
Reading "sky130_fd_sc_hd__dlrtn_1".
Reading "sky130_fd_sc_hd__dlrtn_2".
Reading "sky130_fd_sc_hd__dlrbn_2".
Reading "sky130_fd_sc_hd__dlrbp_2".
Reading "sky130_fd_sc_hd__dlrtn_4".
Reading "sky130_fd_sc_hd__dlrtp_1".
Reading "sky130_fd_sc_hd__dlrtp_2".
Reading "sky130_fd_sc_hd__dlrtp_4".
Reading "sky130_fd_sc_hd__dlxbn_1".
Reading "sky130_fd_sc_hd__dlxbn_2".
Reading "sky130_fd_sc_hd__dlxbp_1".
Reading "sky130_fd_sc_hd__dlxtn_1".
Reading "sky130_fd_sc_hd__dlxtn_2".
Reading "sky130_fd_sc_hd__dlxtn_4".
Reading "sky130_fd_sc_hd__dlxtp_1".
Reading "sky130_fd_sc_hd__dlygate4sd1_1".
Reading "sky130_fd_sc_hd__dlygate4sd2_1".
Reading "sky130_fd_sc_hd__dlygate4sd3_1".
Reading "sky130_fd_sc_hd__dlymetal6s2s_1".
Reading "sky130_fd_sc_hd__dlymetal6s4s_1".
Reading "sky130_fd_sc_hd__dlymetal6s6s_1".
Reading "sky130_fd_sc_hd__ebufn_1".
Reading "sky130_fd_sc_hd__ebufn_2".
Reading "sky130_fd_sc_hd__ebufn_4".
Reading "sky130_fd_sc_hd__einvn_0".
Reading "sky130_fd_sc_hd__einvn_1".
Reading "sky130_fd_sc_hd__einvn_2".
Reading "sky130_fd_sc_hd__einvn_4".
Reading "sky130_fd_sc_hd__ebufn_8".
Reading "sky130_fd_sc_hd__edfxbp_1".
Reading "sky130_fd_sc_hd__edfxtp_1".
Reading "sky130_fd_sc_hd__einvn_8".
Reading "sky130_fd_sc_hd__and4_4".
Reading "sky130_fd_sc_hd__and4b_1".
Reading "sky130_fd_sc_hd__and4b_2".
Reading "sky130_fd_sc_hd__and4b_4".
Reading "sky130_fd_sc_hd__and4bb_1".
Reading "sky130_fd_sc_hd__and4bb_2".
Reading "sky130_fd_sc_hd__and4bb_4".
Reading "sky130_fd_sc_hd__buf_1".
Reading "sky130_fd_sc_hd__buf_2".
Reading "sky130_fd_sc_hd__buf_4".
Reading "sky130_fd_sc_hd__buf_6".
Reading "sky130_fd_sc_hd__buf_8".
Reading "sky130_fd_sc_hd__buf_12".
Reading "sky130_fd_sc_hd__buf_16".
Reading "sky130_fd_sc_hd__bufbuf_8".
Reading "sky130_fd_sc_hd__clkdlybuf4s15_2".
Reading "sky130_fd_sc_hd__clkdlybuf4s15_1".
Reading "sky130_fd_sc_hd__clkbuf_16".
Reading "sky130_fd_sc_hd__clkbuf_8".
Reading "sky130_fd_sc_hd__clkbuf_4".
Reading "sky130_fd_sc_hd__clkbuf_2".
Reading "sky130_fd_sc_hd__clkbuf_1".
Reading "sky130_fd_sc_hd__bufinv_16".
Reading "sky130_fd_sc_hd__bufinv_8".
Reading "sky130_fd_sc_hd__bufbuf_16".
Reading "sky130_fd_sc_hd__clkdlybuf4s18_1".
Reading "sky130_fd_sc_hd__clkdlybuf4s18_2".
Reading "sky130_fd_sc_hd__clkdlybuf4s25_1".
Reading "sky130_fd_sc_hd__clkdlybuf4s25_2".
Reading "sky130_fd_sc_hd__clkdlybuf4s50_1".
Reading "sky130_fd_sc_hd__clkdlybuf4s50_2".
Reading "sky130_fd_sc_hd__clkinv_1".
Reading "sky130_fd_sc_hd__clkinv_2".
Reading "sky130_fd_sc_hd__clkinv_4".
Reading "sky130_fd_sc_hd__dfbbn_1".
Reading "sky130_fd_sc_hd__decap_12".
Reading "sky130_fd_sc_hd__decap_8".
Reading "sky130_fd_sc_hd__decap_6".
Reading "sky130_fd_sc_hd__decap_4".
Reading "sky130_fd_sc_hd__decap_3".
Reading "sky130_fd_sc_hd__clkinvlp_4".
Reading "sky130_fd_sc_hd__clkinvlp_2".
Reading "sky130_fd_sc_hd__clkinv_16".
Reading "sky130_fd_sc_hd__clkinv_8".
Reading "sky130_fd_sc_hd__dfbbn_2".
Reading "sky130_fd_sc_hd__dfbbp_1".
Reading "sky130_fd_sc_hd__dfrbp_1".
Reading "sky130_fd_sc_hd__dfrbp_2".
Reading "sky130_fd_sc_hd__dfrtn_1".
Reading "sky130_fd_sc_hd__dfrtp_1".
Reading "sky130_fd_sc_hd__a32oi_1".
Reading "sky130_fd_sc_hd__a32oi_2".
Reading "sky130_fd_sc_hd__a32oi_4".
Reading "sky130_fd_sc_hd__a41o_1".
Reading "sky130_fd_sc_hd__a41o_2".
Reading "sky130_fd_sc_hd__a41o_4".
Reading "sky130_fd_sc_hd__a41oi_1".
Reading "sky130_fd_sc_hd__a41oi_2".
Reading "sky130_fd_sc_hd__a41oi_4".
Reading "sky130_fd_sc_hd__a221o_4".
Reading "sky130_fd_sc_hd__a221o_2".
Reading "sky130_fd_sc_hd__a221oi_1".
Reading "sky130_fd_sc_hd__a211oi_2".
Reading "sky130_fd_sc_hd__a211oi_1".
Reading "sky130_fd_sc_hd__a211o_4".
Reading "sky130_fd_sc_hd__a211o_2".
Reading "sky130_fd_sc_hd__a211o_1".
Reading "sky130_fd_sc_hd__a221o_1".
Reading "sky130_fd_sc_hd__a211oi_4".
Reading "sky130_fd_sc_hd__a221oi_2".
Reading "sky130_fd_sc_hd__a221oi_4".
Reading "sky130_fd_sc_hd__a222oi_1".
Reading "sky130_fd_sc_hd__a311o_1".
Reading "sky130_fd_sc_hd__a311o_2".
Reading "sky130_fd_sc_hd__a311o_4".
Reading "sky130_fd_sc_hd__a311oi_1".
Reading "sky130_fd_sc_hd__a311oi_2".
Reading "sky130_fd_sc_hd__a311oi_4".
Reading "sky130_fd_sc_hd__a2111o_1".
Reading "sky130_fd_sc_hd__a2111o_2".
Reading "sky130_fd_sc_hd__a2111o_4".
Reading "sky130_fd_sc_hd__a2111oi_0".
Reading "sky130_fd_sc_hd__a2111oi_1".
CIF file read warning: Input off lambda grid by 2/5; snapped to grid.
Reading "sky130_fd_sc_hd__a2111oi_2".
Reading "sky130_fd_sc_hd__a2111oi_4".
Reading "sky130_fd_sc_hd__and2_0".
Reading "sky130_fd_sc_hd__and2_1".
Reading "sky130_fd_sc_hd__and2b_1".
Reading "sky130_fd_sc_hd__and2_4".
Reading "sky130_fd_sc_hd__and2_2".
Reading "sky130_fd_sc_hd__and2b_4".
Reading "sky130_fd_sc_hd__and2b_2".
Reading "sky130_fd_sc_hd__and3_4".
Reading "sky130_fd_sc_hd__and3_2".
Reading "sky130_fd_sc_hd__and3_1".
Reading "sky130_fd_sc_hd__and3b_2".
Reading "sky130_fd_sc_hd__and3b_1".
Reading "sky130_fd_sc_hd__and3b_4".
Reading "sky130_fd_sc_hd__and4_1".
Reading "sky130_fd_sc_hd__and4_2".
Reading "sky130_ef_sc_hd__decap_12".
Reading "sky130_ef_sc_hd__fill_4".
Reading "sky130_ef_sc_hd__fill_8".
Reading "sky130_ef_sc_hd__fill_12".
Reading "sky130_fd_sc_hd__a2bb2o_1".
Reading "sky130_fd_sc_hd__a2bb2o_2".
Reading "sky130_fd_sc_hd__a2bb2o_4".
Reading "sky130_fd_sc_hd__a2bb2oi_1".
Reading "sky130_fd_sc_hd__a2bb2oi_2".
Reading "sky130_fd_sc_hd__a2bb2oi_4".
Reading "sky130_fd_sc_hd__a21bo_1".
Reading "sky130_fd_sc_hd__a21bo_2".
Reading "sky130_fd_sc_hd__a21bo_4".
Reading "sky130_fd_sc_hd__a21boi_0".
Reading "sky130_fd_sc_hd__a21boi_1".
Reading "sky130_fd_sc_hd__a21boi_2".
Reading "sky130_fd_sc_hd__a21boi_4".
Reading "sky130_fd_sc_hd__a21o_1".
Reading "sky130_fd_sc_hd__a21o_2".
Reading "sky130_fd_sc_hd__a22o_1".
Reading "sky130_fd_sc_hd__a21oi_4".
Reading "sky130_fd_sc_hd__a21oi_2".
Reading "sky130_fd_sc_hd__a22oi_2".
Reading "sky130_fd_sc_hd__a22oi_1".
Reading "sky130_fd_sc_hd__a22o_4".
Reading "sky130_fd_sc_hd__a22o_2".
Reading "sky130_fd_sc_hd__a22oi_4".
Reading "sky130_fd_sc_hd__a21oi_1".
Reading "sky130_fd_sc_hd__a21o_4".
Reading "sky130_fd_sc_hd__a31o_1".
Reading "sky130_fd_sc_hd__a31o_2".
Reading "sky130_fd_sc_hd__a31o_4".
Reading "sky130_fd_sc_hd__a31oi_1".
Reading "sky130_fd_sc_hd__a31oi_2".
Reading "sky130_fd_sc_hd__a31oi_4".
Reading "sky130_fd_sc_hd__a32o_1".
Reading "sky130_fd_sc_hd__a32o_2".
Reading "sky130_fd_sc_hd__a32o_4".
Cell (REFRESHLAYOUT?) couldn't be read
No such file or directory
Creating new cell
> def read /home/hien/openlane2/designs/highspeed_pipelined_multiplier/runs/opti_6/52-odb-cellfrequencytables/pipelined_mult.def -noblockage -labels
Reading DEF data from file /home/hien/openlane2/designs/highspeed_pipelined_multiplier/runs/opti_6/52-odb-cellfrequencytables/pipelined_mult.def.
This action cannot be undone.
  Processed 4 vias total.
  Processed 68696 subcell instances total.
  Processed 132 pins total.
  Processed 2 special nets total.
  Processed 12112 nets total.
DEF read: Processed 305778 lines.
Moving label "_00040_" from metal1 to via1 in cell pipelined_mult.
Moving label "_00053_" from metal1 to via1 in cell pipelined_mult.
Moving label "_00064_" from metal2 to via2 in cell pipelined_mult.
Moving label "_00069_" from metal1 to via1 in cell pipelined_mult.
Moving label "_00076_" from metal1 to via1 in cell pipelined_mult.
Moving label "_00119_" from metal1 to via1 in cell pipelined_mult.
Moving label "_00120_" from metal1 to via1 in cell pipelined_mult.
Moving label "_00121_" from metal1 to via1 in cell pipelined_mult.
Moving label "_00124_" from metal1 to via1 in cell pipelined_mult.
Moving label "_00125_" from metal1 to via1 in cell pipelined_mult.
Moving label "_00126_" from metal1 to via1 in cell pipelined_mult.
Moving label "_00137_" from metal1 to via1 in cell pipelined_mult.
Moving label "_00144_" from metal1 to via1 in cell pipelined_mult.
Moving label "_00155_" from metal1 to via1 in cell pipelined_mult.
Moving label "_00181_" from metal3 to via3 in cell pipelined_mult.
Moving label "_00183_" from metal1 to via1 in cell pipelined_mult.
Moving label "_00184_" from metal1 to via1 in cell pipelined_mult.
Moving label "_00188_" from metal1 to via1 in cell pipelined_mult.
Moving label "_00190_" from metal1 to via1 in cell pipelined_mult.
Moving label "_00215_" from metal1 to via1 in cell pipelined_mult.
Moving label "_00264_" from metal2 to via2 in cell pipelined_mult.
Moving label "_00269_" from metal1 to via1 in cell pipelined_mult.
Moving label "_00282_" from metal1 to via1 in cell pipelined_mult.
Moving label "_00285_" from metal1 to via1 in cell pipelined_mult.
Moving label "_00302_" from metal1 to via1 in cell pipelined_mult.
Moving label "_00303_" from metal1 to via1 in cell pipelined_mult.
Moving label "_00322_" from metal2 to via1 in cell pipelined_mult.
Moving label "_00332_" from metal1 to via1 in cell pipelined_mult.
Moving label "_00341_" from metal1 to via1 in cell pipelined_mult.
Moving label "_00343_" from metal1 to via1 in cell pipelined_mult.
Moving label "_00346_" from metal1 to via1 in cell pipelined_mult.
Moving label "_00365_" from metal1 to via1 in cell pipelined_mult.
Moving label "_00377_" from metal1 to via1 in cell pipelined_mult.
Moving label "_00386_" from metal2 to via2 in cell pipelined_mult.
Moving label "_00387_" from metal2 to via2 in cell pipelined_mult.
Moving label "_00391_" from metal1 to via1 in cell pipelined_mult.
Moving label "_00399_" from metal1 to via1 in cell pipelined_mult.
Moving label "_00507_" from metal1 to via1 in cell pipelined_mult.
Moving label "_00589_" from metal2 to via1 in cell pipelined_mult.
Moving label "_00597_" from metal2 to via2 in cell pipelined_mult.
Moving label "_00618_" from metal1 to via1 in cell pipelined_mult.
Moving label "_00662_" from metal1 to viali in cell pipelined_mult.
Moving label "_00739_" from metal2 to via2 in cell pipelined_mult.
Moving label "_00809_" from metal2 to via2 in cell pipelined_mult.
Moving label "_00838_" from metal1 to viali in cell pipelined_mult.
Moving label "_00886_" from metal2 to via2 in cell pipelined_mult.
Moving label "_00955_" from metal2 to via2 in cell pipelined_mult.
Moving label "_00983_" from metal1 to via1 in cell pipelined_mult.
Moving label "_00998_" from metal1 to viali in cell pipelined_mult.
Moving label "_01041_" from metal1 to via1 in cell pipelined_mult.
Moving label "_01061_" from metal1 to viali in cell pipelined_mult.
Moving label "_01125_" from metal2 to via2 in cell pipelined_mult.
Moving label "_01373_" from metal1 to viali in cell pipelined_mult.
Moving label "_01460_" from metal2 to via2 in cell pipelined_mult.
Moving label "_01565_" from metal2 to via1 in cell pipelined_mult.
Moving label "_01568_" from metal1 to viali in cell pipelined_mult.
Moving label "_01572_" from metal1 to via1 in cell pipelined_mult.
Moving label "_01668_" from metal2 to via1 in cell pipelined_mult.
Moving label "_01669_" from metal2 to via1 in cell pipelined_mult.
Moving label "_01758_" from metal2 to via2 in cell pipelined_mult.
Moving label "_01781_" from metal1 to via1 in cell pipelined_mult.
Moving label "_01819_" from metal2 to via1 in cell pipelined_mult.
Moving label "_01888_" from metal2 to via2 in cell pipelined_mult.
Moving label "_01896_" from metal1 to viali in cell pipelined_mult.
Moving label "_01900_" from metal2 to via1 in cell pipelined_mult.
Moving label "_02028_" from metal1 to via1 in cell pipelined_mult.
Moving label "_02076_" from metal2 to via2 in cell pipelined_mult.
Moving label "_02169_" from metal2 to via1 in cell pipelined_mult.
Moving label "_02185_" from metal2 to via1 in cell pipelined_mult.
Moving label "_02353_" from metal1 to via1 in cell pipelined_mult.
Moving label "_02465_" from metal1 to via1 in cell pipelined_mult.
Moving label "_02475_" from metal2 to via1 in cell pipelined_mult.
Moving label "_02646_" from metal2 to via2 in cell pipelined_mult.
Moving label "_02670_" from metal2 to via2 in cell pipelined_mult.
Moving label "_02696_" from metal2 to via1 in cell pipelined_mult.
Moving label "_02783_" from metal2 to via2 in cell pipelined_mult.
Moving label "_02851_" from metal2 to via2 in cell pipelined_mult.
Moving label "_02899_" from metal2 to via2 in cell pipelined_mult.
Moving label "_03038_" from metal2 to via2 in cell pipelined_mult.
Moving label "_03039_" from metal3 to via3 in cell pipelined_mult.
Moving label "_03081_" from metal2 to via1 in cell pipelined_mult.
Moving label "_03125_" from metal1 to via1 in cell pipelined_mult.
Moving label "_03225_" from metal2 to via2 in cell pipelined_mult.
Moving label "_03298_" from metal2 to via2 in cell pipelined_mult.
Moving label "_03308_" from metal1 to via1 in cell pipelined_mult.
Moving label "_03363_" from metal1 to via1 in cell pipelined_mult.
Moving label "_03453_" from metal2 to via2 in cell pipelined_mult.
Moving label "_03455_" from metal2 to via2 in cell pipelined_mult.
Moving label "_03589_" from metal1 to viali in cell pipelined_mult.
Moving label "_03627_" from metal1 to via1 in cell pipelined_mult.
Moving label "_03660_" from metal2 to via1 in cell pipelined_mult.
Moving label "_04066_" from metal1 to viali in cell pipelined_mult.
Moving label "_04137_" from metal1 to via1 in cell pipelined_mult.
Moving label "_04182_" from metal2 to via2 in cell pipelined_mult.
Moving label "_04188_" from metal1 to via1 in cell pipelined_mult.
Moving label "_04256_" from metal1 to via1 in cell pipelined_mult.
Moving label "_04259_" from metal2 to via2 in cell pipelined_mult.
Moving label "_04283_" from metal2 to via2 in cell pipelined_mult.
Moving label "_04555_" from metal2 to via1 in cell pipelined_mult.
Moving label "_04570_" from metal1 to via1 in cell pipelined_mult.
Moving label "_04580_" from metal2 to via2 in cell pipelined_mult.
Moving label "_04645_" from metal1 to viali in cell pipelined_mult.
Moving label "_04661_" from metal2 to via1 in cell pipelined_mult.
Moving label "_04697_" from metal1 to via1 in cell pipelined_mult.
Moving label "_04726_" from metal2 to via1 in cell pipelined_mult.
Moving label "_04750_" from metal1 to viali in cell pipelined_mult.
Moving label "_04776_" from metal2 to via2 in cell pipelined_mult.
Moving label "_04899_" from metal2 to via2 in cell pipelined_mult.
Moving label "_04914_" from metal2 to via1 in cell pipelined_mult.
Moving label "_04998_" from metal1 to viali in cell pipelined_mult.
Moving label "_05024_" from metal1 to via1 in cell pipelined_mult.
Moving label "_05061_" from metal3 to via3 in cell pipelined_mult.
Moving label "_05062_" from metal3 to via3 in cell pipelined_mult.
Moving label "_05066_" from metal2 to via1 in cell pipelined_mult.
Moving label "_05122_" from metal1 to viali in cell pipelined_mult.
Moving label "_05133_" from metal2 to via1 in cell pipelined_mult.
Moving label "_05237_" from metal2 to via2 in cell pipelined_mult.
Moving label "_05256_" from metal1 to viali in cell pipelined_mult.
Moving label "_05321_" from metal1 to via1 in cell pipelined_mult.
Moving label "_05396_" from metal1 to via1 in cell pipelined_mult.
Moving label "_05466_" from metal2 to via2 in cell pipelined_mult.
Moving label "_05482_" from metal1 to viali in cell pipelined_mult.
Moving label "_05548_" from metal2 to via2 in cell pipelined_mult.
Moving label "_05658_" from metal1 to via1 in cell pipelined_mult.
Moving label "_05666_" from metal3 to via3 in cell pipelined_mult.
Moving label "_05773_" from metal2 to via2 in cell pipelined_mult.
Moving label "_05841_" from metal1 to via1 in cell pipelined_mult.
Moving label "_05885_" from metal3 to via3 in cell pipelined_mult.
Moving label "_05886_" from metal2 to via2 in cell pipelined_mult.
Moving label "_05905_" from metal1 to viali in cell pipelined_mult.
Moving label "_05927_" from metal1 to viali in cell pipelined_mult.
Moving label "_05930_" from metal2 to via2 in cell pipelined_mult.
Moving label "_05995_" from metal1 to via1 in cell pipelined_mult.
Moving label "_05996_" from metal1 to viali in cell pipelined_mult.
Moving label "_06015_" from metal1 to via1 in cell pipelined_mult.
Moving label "_06039_" from metal2 to via2 in cell pipelined_mult.
Moving label "_06208_" from metal2 to via1 in cell pipelined_mult.
Moving label "_06383_" from metal1 to via1 in cell pipelined_mult.
Moving label "_06401_" from metal2 to via2 in cell pipelined_mult.
Moving label "_06437_" from metal1 to via1 in cell pipelined_mult.
Moving label "_06488_" from metal2 to via2 in cell pipelined_mult.
Moving label "_06543_" from metal2 to via2 in cell pipelined_mult.
Moving label "_06570_" from metal1 to viali in cell pipelined_mult.
Moving label "_06600_" from metal1 to via1 in cell pipelined_mult.
Moving label "_06694_" from metal2 to via1 in cell pipelined_mult.
Moving label "_06743_" from metal2 to via2 in cell pipelined_mult.
Moving label "_06830_" from metal1 to via1 in cell pipelined_mult.
Moving label "_06845_" from metal3 to via3 in cell pipelined_mult.
Moving label "_06849_" from metal2 to via2 in cell pipelined_mult.
Moving label "_06999_" from metal2 to via1 in cell pipelined_mult.
Moving label "_07001_" from metal2 to via2 in cell pipelined_mult.
Moving label "_07005_" from metal1 to viali in cell pipelined_mult.
Moving label "_07112_" from metal1 to via1 in cell pipelined_mult.
Moving label "_07113_" from metal2 to via2 in cell pipelined_mult.
Moving label "_07151_" from metal2 to via2 in cell pipelined_mult.
Moving label "_07187_" from metal2 to via2 in cell pipelined_mult.
Moving label "_07234_" from metal2 to via2 in cell pipelined_mult.
Moving label "_07259_" from metal2 to via1 in cell pipelined_mult.
Moving label "_07301_" from metal2 to via2 in cell pipelined_mult.
Moving label "_07376_" from metal1 to via1 in cell pipelined_mult.
Moving label "_07422_" from metal1 to via1 in cell pipelined_mult.
Moving label "_07428_" from metal1 to via1 in cell pipelined_mult.
Moving label "_07504_" from metal2 to via2 in cell pipelined_mult.
Moving label "_07510_" from metal2 to via2 in cell pipelined_mult.
Moving label "_07565_" from metal2 to via2 in cell pipelined_mult.
Moving label "_07588_" from metal2 to via2 in cell pipelined_mult.
Moving label "_07638_" from metal2 to via2 in cell pipelined_mult.
Moving label "_07650_" from metal2 to via2 in cell pipelined_mult.
Moving label "_07675_" from metal1 to via1 in cell pipelined_mult.
Moving label "_07746_" from metal2 to via2 in cell pipelined_mult.
Moving label "_07854_" from metal1 to viali in cell pipelined_mult.
Moving label "_08098_" from metal1 to viali in cell pipelined_mult.
Moving label "_08138_" from metal3 to via3 in cell pipelined_mult.
Moving label "_08272_" from metal1 to via1 in cell pipelined_mult.
Moving label "_08333_" from metal2 to via1 in cell pipelined_mult.
Moving label "_08362_" from metal2 to via2 in cell pipelined_mult.
Moving label "_08363_" from metal2 to via2 in cell pipelined_mult.
Moving label "_08425_" from metal1 to viali in cell pipelined_mult.
Moving label "_08432_" from metal1 to via1 in cell pipelined_mult.
Moving label "_08477_" from metal1 to viali in cell pipelined_mult.
Moving label "_08557_" from metal1 to via1 in cell pipelined_mult.
Moving label "_08648_" from metal2 to via2 in cell pipelined_mult.
Moving label "_08718_" from metal1 to via1 in cell pipelined_mult.
Moving label "_08789_" from metal1 to via1 in cell pipelined_mult.
Moving label "_08856_" from metal1 to via1 in cell pipelined_mult.
Moving label "_08896_" from metal2 to via2 in cell pipelined_mult.
Moving label "_08942_" from metal1 to via1 in cell pipelined_mult.
Moving label "_09166_" from metal2 to via2 in cell pipelined_mult.
Moving label "_09225_" from metal2 to via2 in cell pipelined_mult.
Moving label "_09257_" from metal1 to via1 in cell pipelined_mult.
Moving label "_09259_" from metal2 to via2 in cell pipelined_mult.
Moving label "_09269_" from metal1 to via1 in cell pipelined_mult.
Moving label "_09303_" from metal1 to viali in cell pipelined_mult.
Moving label "_09305_" from metal2 to via2 in cell pipelined_mult.
Moving label "_09308_" from metal2 to via2 in cell pipelined_mult.
Moving label "_09313_" from metal1 to via1 in cell pipelined_mult.
Moving label "_09340_" from metal2 to via2 in cell pipelined_mult.
Moving label "_09343_" from metal2 to via2 in cell pipelined_mult.
Moving label "_09376_" from metal1 to viali in cell pipelined_mult.
Moving label "_09417_" from metal2 to via2 in cell pipelined_mult.
Moving label "_09432_" from metal2 to via2 in cell pipelined_mult.
Moving label "_09505_" from metal1 to viali in cell pipelined_mult.
Moving label "_09517_" from metal1 to via1 in cell pipelined_mult.
Moving label "_09526_" from metal3 to via3 in cell pipelined_mult.
Moving label "_09543_" from metal2 to via2 in cell pipelined_mult.
Moving label "_09623_" from metal1 to via1 in cell pipelined_mult.
Moving label "_09657_" from metal2 to via2 in cell pipelined_mult.
Moving label "_09950_" from metal2 to via2 in cell pipelined_mult.
Moving label "_10077_" from metal1 to via1 in cell pipelined_mult.
Moving label "a_h\[15\]" from metal2 to via2 in cell pipelined_mult.
Moving label "a_h\[1\]" from metal2 to via2 in cell pipelined_mult.
Moving label "b_h\[10\]" from metal2 to via2 in cell pipelined_mult.
Moving label "b_h\[11\]" from metal2 to via2 in cell pipelined_mult.
Moving label "b_h\[4\]" from metal2 to via1 in cell pipelined_mult.
Moving label "b_l\[3\]" from metal3 to via3 in cell pipelined_mult.
Moving label "b_l\[4\]" from metal3 to via3 in cell pipelined_mult.
Moving label "b_l\[5\]" from metal3 to via3 in cell pipelined_mult.
Moving label "clknet_0_clk" from metal2 to via2 in cell pipelined_mult.
Moving label "clknet_3_4_0_clk" from metal2 to via2 in cell pipelined_mult.
Moving label "clknet_leaf_28_clk" from metal1 to via1 in cell pipelined_mult.
Moving label "clknet_leaf_46_clk" from metal2 to via2 in cell pipelined_mult.
Moving label "clknet_leaf_6_clk" from metal2 to via2 in cell pipelined_mult.
Moving label "net1" from metal2 to via2 in cell pipelined_mult.
Moving label "net1002" from metal2 to via2 in cell pipelined_mult.
Moving label "net1040" from metal3 to via3 in cell pipelined_mult.
Moving label "net1169" from metal2 to via2 in cell pipelined_mult.
Moving label "net1181" from metal2 to via2 in cell pipelined_mult.
Moving label "net1396" from metal2 to via2 in cell pipelined_mult.
Moving label "net1410" from metal2 to via2 in cell pipelined_mult.
Moving label "net176" from metal3 to via3 in cell pipelined_mult.
Moving label "net188" from metal3 to via3 in cell pipelined_mult.
Moving label "net2" from metal2 to via2 in cell pipelined_mult.
Moving label "net271" from metal2 to via1 in cell pipelined_mult.
Moving label "net295" from metal1 to viali in cell pipelined_mult.
Moving label "net311" from metal1 to viali in cell pipelined_mult.
Moving label "net376" from metal1 to via1 in cell pipelined_mult.
Moving label "net40" from metal2 to via2 in cell pipelined_mult.
Moving label "net416" from metal1 to via1 in cell pipelined_mult.
Moving label "net42" from metal2 to via2 in cell pipelined_mult.
Moving label "net43" from metal2 to via2 in cell pipelined_mult.
Moving label "net443" from metal1 to via1 in cell pipelined_mult.
Moving label "net5" from metal2 to via2 in cell pipelined_mult.
Moving label "net506" from metal3 to via3 in cell pipelined_mult.
Moving label "net52" from metal2 to via2 in cell pipelined_mult.
Moving label "net53" from metal2 to via2 in cell pipelined_mult.
Moving label "net54" from metal2 to via2 in cell pipelined_mult.
Moving label "net559" from metal3 to via3 in cell pipelined_mult.
Moving label "net646" from metal1 to via1 in cell pipelined_mult.
Moving label "net671" from metal2 to via2 in cell pipelined_mult.
Moving label "net705" from metal2 to via2 in cell pipelined_mult.
Moving label "net724" from metal1 to via1 in cell pipelined_mult.
Moving label "net725" from metal2 to via1 in cell pipelined_mult.
Moving label "net732" from metal2 to via2 in cell pipelined_mult.
Moving label "net740" from metal2 to via2 in cell pipelined_mult.
Moving label "net774" from metal2 to via2 in cell pipelined_mult.
Moving label "net776" from metal2 to via2 in cell pipelined_mult.
Moving label "net794" from metal2 to via2 in cell pipelined_mult.
Moving label "net814" from metal2 to via2 in cell pipelined_mult.
Moving label "net833" from metal1 to via1 in cell pipelined_mult.
Moving label "net863" from metal1 to via1 in cell pipelined_mult.
Moving label "net941" from metal2 to via2 in cell pipelined_mult.
Moving label "net950" from metal2 to via2 in cell pipelined_mult.
Moving label "net977" from metal2 to via2 in cell pipelined_mult.
Moving label "p[10]" from metal2 to via2 in cell pipelined_mult.
Moving label "p[12]" from metal2 to via2 in cell pipelined_mult.
Moving label "p[13]" from metal2 to via2 in cell pipelined_mult.
Moving label "p[14]" from metal2 to via2 in cell pipelined_mult.
Moving label "p[15]" from metal2 to via2 in cell pipelined_mult.
Moving label "p[16]" from metal2 to via2 in cell pipelined_mult.
Moving label "p[17]" from metal2 to via2 in cell pipelined_mult.
Moving label "p[18]" from metal2 to via2 in cell pipelined_mult.
Moving label "p[19]" from metal2 to via2 in cell pipelined_mult.
Moving label "p[1]" from metal2 to via2 in cell pipelined_mult.
Moving label "p[21]" from metal2 to via2 in cell pipelined_mult.
Moving label "p[22]" from metal2 to via2 in cell pipelined_mult.
Moving label "p[23]" from metal2 to via2 in cell pipelined_mult.
Moving label "p[24]" from metal2 to via2 in cell pipelined_mult.
Moving label "p[26]" from metal2 to via2 in cell pipelined_mult.
Moving label "p[29]" from metal2 to via2 in cell pipelined_mult.
Moving label "p[30]" from metal2 to via2 in cell pipelined_mult.
Moving label "p[31]" from metal2 to via2 in cell pipelined_mult.
Moving label "p[3]" from metal2 to via2 in cell pipelined_mult.
Moving label "p[4]" from metal2 to via2 in cell pipelined_mult.
Moving label "p[5]" from metal2 to via2 in cell pipelined_mult.
Moving label "p[6]" from metal2 to via2 in cell pipelined_mult.
Moving label "p[7]" from metal2 to via2 in cell pipelined_mult.
Moving label "p[8]" from metal2 to via2 in cell pipelined_mult.
Moving label "p[9]" from metal2 to via2 in cell pipelined_mult.
Moving label "p_hl\[10\]" from metal3 to via3 in cell pipelined_mult.
Moving label "p_hl\[12\]" from metal2 to via2 in cell pipelined_mult.
Moving label "p_hl\[15\]" from metal2 to via2 in cell pipelined_mult.
Moving label "p_hl\[19\]" from metal2 to via2 in cell pipelined_mult.
Moving label "p_hl\[24\]" from metal2 to via2 in cell pipelined_mult.
Moving label "p_hl\[25\]" from metal2 to via2 in cell pipelined_mult.
Moving label "p_hl\[27\]" from metal2 to via2 in cell pipelined_mult.
Moving label "p_hl\[31\]" from metal2 to via2 in cell pipelined_mult.
Moving label "p_hl\[6\]" from metal2 to via2 in cell pipelined_mult.
Moving label "p_hl\[9\]" from metal2 to via2 in cell pipelined_mult.
Moving label "p_lh\[0\]" from metal1 to via1 in cell pipelined_mult.
Moving label "p_lh\[19\]" from metal1 to viali in cell pipelined_mult.
Moving label "p_lh\[31\]" from metal2 to via2 in cell pipelined_mult.
Moving label "term_low\[22\]" from metal2 to via1 in cell pipelined_mult.
[INFO] Ignoring 'VPWR VGND'
[INFO] Writing abstract LEF…
[INFO] Not specifiying -pinonly (nets connected to pins on the same layer are declared as part of the pin)…
Generating LEF output /home/hien/openlane2/designs/highspeed_pipelined_multiplier/runs/opti_6/58-magic-writelef/pipelined_mult.lef for cell pipelined_mult:
Diagnostic:  Write LEF header for cell pipelined_mult
Diagnostic:  Writing LEF output for cell pipelined_mult
Diagnostic:  Scale value is 0.005000
[INFO] LEF Write Complete.
Using technology "sky130A", version 1.0.493-0-g0fe599b
