[WARNING ORD-0039] .openroad ignored with -python
Top-level design name: pipelined_mult
Block boundaries: 0 0 800000 800000
Horizontal Tracks Origin: 340, Count: 1176, Step: 680
Vertical Tracks Origin: 230, Count: 1739, Step: 460
Placement details for the N side
Virtual pin count:  0
Actual pin count:  32
Total pin count:  32
Tracks count:  1739
Tracks per pin:  54
Used tracks count:  1675
Unused track count:  64
Starting track index:  32
Placement details for the E side
Virtual pin count:  0
Actual pin count:  32
Total pin count:  32
Tracks count:  588
Tracks per pin:  18
Used tracks count:  559
Unused track count:  29
Starting track index:  14
Placement details for the W side
Virtual pin count:  0
Actual pin count:  33
Total pin count:  33
Tracks count:  588
Tracks per pin:  17
Used tracks count:  545
Unused track count:  43
Starting track index:  21
Placement details for the S side
Virtual pin count:  0
Actual pin count:  33
Total pin count:  33
Tracks count:  1739
Tracks per pin:  52
Used tracks count:  1665
Unused track count:  74
Starting track index:  37
