Clock: clk
Sources: clk 
Generated: no
Virtual: yes
Propagated: no
Period: 10.000000

===========================================================================
report_clock_properties
============================================================================
Clock                   Period          Waveform
----------------------------------------------------
clk                  10.000000    0.000000  5.000000

===========================================================================
report_clock_latency
============================================================================
Clock clk
rise -> rise
    min     max
0.000000 0.000000 source latency
0.728020         network latency _20650_/CLK
        0.958208 network latency _20484_/CLK
---------------
0.728020 0.958208 latency
        0.230187 skew

fall -> fall
    min     max
0.000000 0.000000 source latency
0.608287         network latency _20688_/CLK
        0.820220 network latency _20484_/CLK
---------------
0.608287 0.820220 latency
        0.211933 skew



===========================================================================
report_clock_min_period
============================================================================
clk period_min = 5.51 fmax = 181.44
