Clock: clk
Sources: clk 
Generated: no
Virtual: yes
Propagated: no
Period: 10.000000

===========================================================================
report_clock_properties
============================================================================
Clock                   Period          Waveform
----------------------------------------------------
clk                  10.000000    0.000000  5.000000

===========================================================================
report_clock_latency
============================================================================
Clock clk
rise -> rise
    min     max
0.000000 0.000000 source latency
1.193205         network latency _20799_/CLK
        1.631425 network latency _20360_/CLK
---------------
1.193205 1.631425 latency
        0.438220 skew

fall -> fall
    min     max
0.000000 0.000000 source latency
1.001288         network latency _20799_/CLK
        1.394590 network latency _20360_/CLK
---------------
1.001288 1.394590 latency
        0.393301 skew



===========================================================================
report_clock_min_period
============================================================================
clk period_min = 9.92 fmax = 100.77
