Clock: clk
Sources: clk 
Generated: no
Virtual: yes
Propagated: no
Period: 10.000000

===========================================================================
report_clock_properties
============================================================================
Clock                   Period          Waveform
----------------------------------------------------
clk                  10.000000    0.000000  5.000000

===========================================================================
report_clock_latency
============================================================================
Clock clk
rise -> rise
    min     max
0.000000 0.000000 source latency
1.177143         network latency _20689_/CLK
        1.578583 network latency _20394_/CLK
---------------
1.177143 1.578583 latency
        0.401440 skew

fall -> fall
    min     max
0.000000 0.000000 source latency
1.006319         network latency _20689_/CLK
        1.375232 network latency _20394_/CLK
---------------
1.006319 1.375232 latency
        0.368913 skew



===========================================================================
report_clock_min_period
============================================================================
clk period_min = 10.25 fmax = 97.58
