Clock: clk
Sources: clk 
Generated: no
Virtual: yes
Propagated: no
Period: 10.000000

===========================================================================
report_clock_properties
============================================================================
Clock                   Period          Waveform
----------------------------------------------------
clk                  10.000000    0.000000  5.000000

===========================================================================
report_clock_latency
============================================================================
Clock clk
rise -> rise
    min     max
0.000000 0.000000 source latency
0.789909         network latency _0983_/CLK
        0.528129 network latency i_ll/clk
---------------
0.789909 0.528129 latency
        -0.261780 skew

fall -> fall
    min     max
0.000000 0.000000 source latency
0.694039         network latency _0983_/CLK
        0.429188 network latency i_ll/clk
---------------
0.694039 0.429188 latency
        -0.264850 skew



===========================================================================
report_clock_min_period
============================================================================
clk period_min = 7.07 fmax = 141.37
