if {[file exists ~/openlane2/my_script/script_matt.tcl]} {
    source ~/openlane2/my_script/script_matt.tcl
}
Reading OpenROAD database at '/home/hien/openlane2/designs/highspeed_pipelined_multiplier/runs/opti_7/20-openroad-generatepdn/pipelined_mult.odb'…
Reading library file at '/home/hien/.volare/volare/sky130/versions/0fe599b2afb6708d281543108caf8310912f54af/sky130A/libs.ref/sky130_fd_sc_hd/lib/sky130_fd_sc_hd__tt_025C_1v80.lib'…
Reading design constraints file at '/home/hien/openlane2/designs/highspeed_pipelined_multiplier/src/pnr.sdc'…
[INFO] No information on clock propagation in input SDC file-- propagating all clocks.
+ global_placement -density 0.65 -skip_io -pad_right 0 -pad_left 0 -init_wirelength_coef 0.25
[INFO GPL-0002] DBU: 1000
[INFO GPL-0003] SiteSize: (  0.460  2.720 ) um
[INFO GPL-0004] CoreBBox: (  5.520 10.880 ) ( 544.180 538.560 ) um
[INFO GPL-0006] NumInstances:             15036
[INFO GPL-0007] NumPlaceInstances:        10630
[INFO GPL-0008] NumFixedInstances:         4406
[INFO GPL-0009] NumDummyInstances:            0
[INFO GPL-0010] NumNets:                  10696
[INFO GPL-0011] NumPins:                  43163
[INFO GPL-0012] DieBBox:  (  0.000  0.000 ) ( 550.000 550.000 ) um
[INFO GPL-0013] CoreBBox: (  5.520 10.880 ) ( 544.180 538.560 ) um
[INFO GPL-0016] CoreArea:            284240.109 um^2
[INFO GPL-0017] NonPlaceInstsArea:     6483.718 um^2
[INFO GPL-0018] PlaceInstsArea:      106514.656 um^2
[INFO GPL-0019] Util:                    38.348 %
[INFO GPL-0020] StdInstsArea:        106514.656 um^2
[INFO GPL-0021] MacroInstsArea:           0.000 um^2
[INFO GPL-0031] FillerInit:NumGCells:     18268
[INFO GPL-0032] FillerInit:NumGNets:      10696
[INFO GPL-0033] FillerInit:NumGPins:      43163
[INFO GPL-0023] TargetDensity:            0.650
[INFO GPL-0024] AvrgPlaceInstArea:       10.020 um^2
[INFO GPL-0025] IdealBinArea:            15.416 um^2
[INFO GPL-0026] IdealBinCnt:              18438
[INFO GPL-0027] TotalBinArea:        284240.109 um^2
[INFO GPL-0028] BinCnt:       128    128
[INFO GPL-0029] BinSize: (  4.209  4.123 )
[INFO GPL-0030] NumBins: 16384
[NesterovSolve] Iter:    1 overflow: 0.999 HPWL: 26453673
[NesterovSolve] Iter:   10 overflow: 0.999 HPWL: 18932615
[NesterovSolve] Iter:   20 overflow: 0.998 HPWL: 18166133
[NesterovSolve] Iter:   30 overflow: 0.998 HPWL: 17730292
[NesterovSolve] Iter:   40 overflow: 0.997 HPWL: 17473731
[NesterovSolve] Iter:   50 overflow: 0.997 HPWL: 17358707
[NesterovSolve] Iter:   60 overflow: 0.997 HPWL: 17323259
[NesterovSolve] Iter:   70 overflow: 0.997 HPWL: 17316640
[NesterovSolve] Iter:   80 overflow: 0.997 HPWL: 17314658
[NesterovSolve] Iter:   90 overflow: 0.997 HPWL: 17320612
[NesterovSolve] Iter:  100 overflow: 0.997 HPWL: 17368782
[NesterovSolve] Iter:  110 overflow: 0.997 HPWL: 17593534
[NesterovSolve] Iter:  120 overflow: 0.996 HPWL: 18473620
[NesterovSolve] Iter:  130 overflow: 0.994 HPWL: 21089581
[NesterovSolve] Iter:  140 overflow: 0.990 HPWL: 25234866
[NesterovSolve] Iter:  150 overflow: 0.986 HPWL: 29252058
[NesterovSolve] Iter:  160 overflow: 0.981 HPWL: 33280524
[NesterovSolve] Iter:  170 overflow: 0.971 HPWL: 38377379
[NesterovSolve] Iter:  180 overflow: 0.958 HPWL: 44732689
[NesterovSolve] Iter:  190 overflow: 0.940 HPWL: 52228266
[NesterovSolve] Iter:  200 overflow: 0.920 HPWL: 60919946
[NesterovSolve] Iter:  210 overflow: 0.895 HPWL: 70703500
[NesterovSolve] Iter:  220 overflow: 0.864 HPWL: 81171305
[NesterovSolve] Iter:  230 overflow: 0.830 HPWL: 92046026
[NesterovSolve] Iter:  240 overflow: 0.792 HPWL: 103784792
[NesterovSolve] Iter:  250 overflow: 0.750 HPWL: 115825470
[NesterovSolve] Iter:  260 overflow: 0.705 HPWL: 126046167
[NesterovSolve] Iter:  270 overflow: 0.659 HPWL: 135520816
[NesterovSolve] Iter:  280 overflow: 0.611 HPWL: 145608925
[NesterovSolve] Iter:  290 overflow: 0.565 HPWL: 158691097
[NesterovSolve] Iter:  300 overflow: 0.526 HPWL: 171565324
[NesterovSolve] Iter:  310 overflow: 0.492 HPWL: 177066317
[NesterovSolve] Iter:  320 overflow: 0.462 HPWL: 177509869
[NesterovSolve] Iter:  330 overflow: 0.429 HPWL: 179439573
[NesterovSolve] Iter:  340 overflow: 0.391 HPWL: 185582440
[NesterovSolve] Iter:  350 overflow: 0.363 HPWL: 188656788
[NesterovSolve] Iter:  360 overflow: 0.334 HPWL: 190344496
[NesterovSolve] Iter:  370 overflow: 0.313 HPWL: 191942809
[NesterovSolve] Iter:  380 overflow: 0.292 HPWL: 193109015
[NesterovSolve] Iter:  390 overflow: 0.270 HPWL: 194351035
[NesterovSolve] Iter:  400 overflow: 0.246 HPWL: 195283906
[NesterovSolve] Iter:  410 overflow: 0.224 HPWL: 195988344
[NesterovSolve] Iter:  420 overflow: 0.201 HPWL: 196977460
[NesterovSolve] Iter:  430 overflow: 0.178 HPWL: 197623089
[NesterovSolve] Iter:  440 overflow: 0.155 HPWL: 198219060
[NesterovSolve] Iter:  450 overflow: 0.136 HPWL: 197479220
[NesterovSolve] Iter:  460 overflow: 0.117 HPWL: 198264349
[NesterovSolve] Iter:  470 overflow: 0.101 HPWL: 199375103
[NesterovSolve] Finished with Overflow: 0.099843
[INFO] Setting RC values…
Setting global connections for newly added cells…
[INFO] Setting global connections...
Updating metrics…
Cell type report:                       Count       Area
  Fill cell                               388    1456.40
  Tap cell                               4018    5027.32
  Inverter                                178     668.14
  Sequential cell                         450    9571.68
  Multi-Input combinational cell        10002   96274.84
  Total                                 15036  112998.37
Writing OpenROAD database to '/home/hien/openlane2/designs/highspeed_pipelined_multiplier/runs/opti_7/23-openroad-globalplacementskipio/pipelined_mult.odb'…
Writing netlist to '/home/hien/openlane2/designs/highspeed_pipelined_multiplier/runs/opti_7/23-openroad-globalplacementskipio/pipelined_mult.nl.v'…
Writing powered netlist to '/home/hien/openlane2/designs/highspeed_pipelined_multiplier/runs/opti_7/23-openroad-globalplacementskipio/pipelined_mult.pnl.v'…
Writing layout to '/home/hien/openlane2/designs/highspeed_pipelined_multiplier/runs/opti_7/23-openroad-globalplacementskipio/pipelined_mult.def'…
Writing timing constraints to '/home/hien/openlane2/designs/highspeed_pipelined_multiplier/runs/opti_7/23-openroad-globalplacementskipio/pipelined_mult.sdc'…
