
===========================================================================
report_checks -unconstrained
===========================================================================
======================= nom_tt_025C_1v80 Corner ===================================

Startpoint: _20790_ (rising edge-triggered flip-flop clocked by clk)
Endpoint: _20760_ (rising edge-triggered flip-flop clocked by clk)
Path Group: clk
Path Type: max

Fanout         Cap        Slew       Delay        Time   Description
---------------------------------------------------------------------------------------------
                                  0.000000    0.000000   clock clk (rise edge)
                                  0.000000    0.000000   clock source latency
     1    0.025497    0.079512    0.057388    0.057388 ^ clk (in)
                                                         clk (net)
                      0.079541    0.000000    0.057388 ^ clkbuf_0_clk/A (sky130_fd_sc_hd__clkbuf_16)
     8    0.131351    0.143952    0.219456    0.276844 ^ clkbuf_0_clk/X (sky130_fd_sc_hd__clkbuf_16)
                                                         clknet_0_clk (net)
                      0.144017    0.002491    0.279335 ^ clkbuf_3_4__f_clk/A (sky130_fd_sc_hd__clkbuf_16)
    11    0.071351    0.088875    0.199918    0.479253 ^ clkbuf_3_4__f_clk/X (sky130_fd_sc_hd__clkbuf_16)
                                                         clknet_3_4__leaf_clk (net)
                      0.088875    0.000311    0.479565 ^ clkbuf_leaf_8_clk/A (sky130_fd_sc_hd__clkbuf_8)
     5    0.018705    0.050985    0.146365    0.625929 ^ clkbuf_leaf_8_clk/X (sky130_fd_sc_hd__clkbuf_8)
                                                         clknet_leaf_8_clk (net)
                      0.050985    0.000024    0.625954 ^ _20790_/CLK (sky130_fd_sc_hd__dfxtp_4)
     5    0.027046    0.056867    0.366251    0.992205 v _20790_/Q (sky130_fd_sc_hd__dfxtp_4)
                                                         a_l[12] (net)
                      0.056867    0.000374    0.992579 v max_cap566/A (sky130_fd_sc_hd__buf_12)
    15    0.074551    0.051754    0.156544    1.149123 v max_cap566/X (sky130_fd_sc_hd__buf_12)
                                                         net566 (net)
                      0.051771    0.001096    1.150218 v max_cap565/A (sky130_fd_sc_hd__buf_12)
    14    0.075746    0.052345    0.154304    1.304523 v max_cap565/X (sky130_fd_sc_hd__buf_12)
                                                         net565 (net)
                      0.052710    0.003147    1.307669 v max_cap564/A (sky130_fd_sc_hd__buf_12)
     7    0.068538    0.049299    0.152193    1.459862 v max_cap564/X (sky130_fd_sc_hd__buf_12)
                                                         net564 (net)
                      0.049642    0.002866    1.462728 v max_cap563/A (sky130_fd_sc_hd__buf_12)
    11    0.046085    0.041081    0.142345    1.605073 v max_cap563/X (sky130_fd_sc_hd__buf_12)
                                                         net563 (net)
                      0.041087    0.000513    1.605587 v max_cap562/A (sky130_fd_sc_hd__buf_12)
    14    0.074909    0.051719    0.150280    1.755866 v max_cap562/X (sky130_fd_sc_hd__buf_12)
                                                         net562 (net)
                      0.051722    0.000491    1.756358 v _19151_/A2 (sky130_fd_sc_hd__a22oi_2)
     2    0.011168    0.212292    0.236236    1.992594 ^ _19151_/Y (sky130_fd_sc_hd__a22oi_2)
                                                         _10043_ (net)
                      0.212292    0.000022    1.992616 ^ _19281_/A1 (sky130_fd_sc_hd__o21a_4)
     2    0.021052    0.077625    0.198132    2.190748 ^ _19281_/X (sky130_fd_sc_hd__o21a_4)
                                                         _00454_ (net)
                      0.077625    0.000162    2.190910 ^ _19294_/A (sky130_fd_sc_hd__nand3_4)
     5    0.015971    0.090654    0.085793    2.276703 v _19294_/Y (sky130_fd_sc_hd__nand3_4)
                                                         _00467_ (net)
                      0.090654    0.000071    2.276774 v _19409_/A1 (sky130_fd_sc_hd__a21boi_1)
     1    0.002748    0.106391    0.133582    2.410356 ^ _19409_/Y (sky130_fd_sc_hd__a21boi_1)
                                                         _00592_ (net)
                      0.106391    0.000008    2.410363 ^ wire297/A (sky130_fd_sc_hd__clkbuf_2)
     2    0.014606    0.086714    0.158157    2.568520 ^ wire297/X (sky130_fd_sc_hd__clkbuf_2)
                                                         net297 (net)
                      0.086714    0.000175    2.568695 ^ _19443_/A (sky130_fd_sc_hd__nand3_4)
     4    0.016386    0.084547    0.089629    2.658324 v _19443_/Y (sky130_fd_sc_hd__nand3_4)
                                                         _00628_ (net)
                      0.084547    0.000040    2.658363 v _19446_/A1 (sky130_fd_sc_hd__a21o_4)
     5    0.027004    0.060424    0.246692    2.905055 v _19446_/X (sky130_fd_sc_hd__a21o_4)
                                                         _00631_ (net)
                      0.060424    0.000242    2.905298 v _19495_/C (sky130_fd_sc_hd__nand4_4)
     3    0.019616    0.114121    0.125817    3.031115 ^ _19495_/Y (sky130_fd_sc_hd__nand4_4)
                                                         _00684_ (net)
                      0.114121    0.000099    3.031214 ^ _19503_/A1_N (sky130_fd_sc_hd__o2bb2ai_2)
     2    0.007705    0.139712    0.132464    3.163679 ^ _19503_/Y (sky130_fd_sc_hd__o2bb2ai_2)
                                                         _00693_ (net)
                      0.139712    0.000027    3.163706 ^ max_cap183/A (sky130_fd_sc_hd__clkbuf_2)
     2    0.008776    0.057892    0.146651    3.310357 ^ max_cap183/X (sky130_fd_sc_hd__clkbuf_2)
                                                         net183 (net)
                      0.057892    0.000051    3.310408 ^ _19507_/A (sky130_fd_sc_hd__nand2_2)
     2    0.011345    0.061351    0.065987    3.376395 v _19507_/Y (sky130_fd_sc_hd__nand2_2)
                                                         _00697_ (net)
                      0.061351    0.000027    3.376423 v _19510_/A1 (sky130_fd_sc_hd__o211ai_4)
     3    0.023887    0.248138    0.265266    3.641688 ^ _19510_/Y (sky130_fd_sc_hd__o211ai_4)
                                                         _00701_ (net)
                      0.248138    0.000090    3.641778 ^ _19515_/A (sky130_fd_sc_hd__nand4_4)
     2    0.013725    0.122788    0.139275    3.781053 v _19515_/Y (sky130_fd_sc_hd__nand4_4)
                                                         _00706_ (net)
                      0.122788    0.000084    3.781137 v _19516_/B1 (sky130_fd_sc_hd__a22o_4)
     4    0.016938    0.056387    0.265928    4.047065 v _19516_/X (sky130_fd_sc_hd__a22o_4)
                                                         _00707_ (net)
                      0.056387    0.000064    4.047130 v _19518_/A (sky130_fd_sc_hd__nand2_1)
     1    0.003359    0.060822    0.061939    4.109069 ^ _19518_/Y (sky130_fd_sc_hd__nand2_1)
                                                         _00710_ (net)
                      0.060822    0.000014    4.109083 ^ _19762_/A (sky130_fd_sc_hd__nor2_1)
     1    0.009291    0.051890    0.067669    4.176753 v _19762_/Y (sky130_fd_sc_hd__nor2_1)
                                                         _00972_ (net)
                      0.051890    0.000024    4.176777 v _19766_/A2 (sky130_fd_sc_hd__a21oi_4)
     4    0.025793    0.218813    0.235096    4.411873 ^ _19766_/Y (sky130_fd_sc_hd__a21oi_4)
                                                         _00976_ (net)
                      0.218821    0.001065    4.412938 ^ _20114_/A (sky130_fd_sc_hd__nand3_4)
     5    0.033673    0.143906    0.166275    4.579213 v _20114_/Y (sky130_fd_sc_hd__nand3_4)
                                                         _01350_ (net)
                      0.143920    0.001135    4.580348 v _20257_/A2 (sky130_fd_sc_hd__a21oi_4)
     5    0.016424    0.162837    0.228367    4.808715 ^ _20257_/Y (sky130_fd_sc_hd__a21oi_4)
                                                         _01502_ (net)
                      0.162837    0.000105    4.808820 ^ _20307_/B2 (sky130_fd_sc_hd__o22ai_1)
     1    0.002565    0.058805    0.086089    4.894909 v _20307_/Y (sky130_fd_sc_hd__o22ai_1)
                                                         _01553_ (net)
                      0.058805    0.000004    4.894913 v _20309_/A1 (sky130_fd_sc_hd__o211a_1)
     1    0.002601    0.038692    0.219556    5.114469 v _20309_/X (sky130_fd_sc_hd__o211a_1)
                                                         _00400_ (net)
                      0.038692    0.000011    5.114480 v _20760_/D (sky130_fd_sc_hd__dfxtp_1)
                                              5.114480   data arrival time

                                 10.000000   10.000000   clock clk (rise edge)
                                  0.000000   10.000000   clock source latency
     1    0.025497    0.079512    0.057388   10.057388 ^ clk (in)
                                                         clk (net)
                      0.079541    0.000000   10.057388 ^ clkbuf_0_clk/A (sky130_fd_sc_hd__clkbuf_16)
     8    0.131351    0.143952    0.219456   10.276845 ^ clkbuf_0_clk/X (sky130_fd_sc_hd__clkbuf_16)
                                                         clknet_0_clk (net)
                      0.144140    0.004197   10.281041 ^ clkbuf_3_2__f_clk/A (sky130_fd_sc_hd__clkbuf_16)
    10    0.071313    0.088839    0.199935   10.480976 ^ clkbuf_3_2__f_clk/X (sky130_fd_sc_hd__clkbuf_16)
                                                         clknet_3_2__leaf_clk (net)
                      0.088868    0.001537   10.482513 ^ clkbuf_leaf_53_clk/A (sky130_fd_sc_hd__clkbuf_8)
     4    0.042518    0.085858    0.176187   10.658701 ^ clkbuf_leaf_53_clk/X (sky130_fd_sc_hd__clkbuf_8)
                                                         clknet_leaf_53_clk (net)
                      0.085858    0.000067   10.658768 ^ _20760_/CLK (sky130_fd_sc_hd__dfxtp_1)
                                 -1.500000    9.158768   clock uncertainty
                                  0.000000    9.158768   clock reconvergence pessimism
                                 -0.098221    9.060546   library setup time
                                              9.060546   data required time
---------------------------------------------------------------------------------------------
                                              9.060546   data required time
                                             -5.114480   data arrival time
---------------------------------------------------------------------------------------------
                                              3.946067   slack (MET)




===========================================================================
report_checks --slack_max -0.01
============================================================================
======================= nom_tt_025C_1v80 Corner ===================================

No paths found.


===========================================================================
 report_check_types -max_slew -max_cap -max_fanout -violators
============================================================================
======================= nom_tt_025C_1v80 Corner ===================================



===========================================================================
report_parasitic_annotation -report_unannotated
============================================================================
Found 56 unannotated drivers.
 clkload0/Y
 clkload1/Y
 clkload10/Y
 clkload11/Y
 clkload12/Y
 clkload13/Y
 clkload14/Y
 clkload15/Y
 clkload16/Y
 clkload17/Y
 clkload18/Y
 clkload19/Y
 clkload2/X
 clkload20/Y
 clkload21/Y
 clkload22/Y
 clkload23/Y
 clkload24/Y
 clkload25/Y
 clkload26/Y
 clkload27/Y
 clkload28/Y
 clkload29/Y
 clkload3/Y
 clkload30/Y
 clkload31/Y
 clkload32/Y
 clkload33/Y
 clkload34/X
 clkload35/Y
 clkload36/Y
 clkload37/Y
 clkload38/Y
 clkload39/Y
 clkload4/Y
 clkload40/Y
 clkload41/Y
 clkload42/Y
 clkload43/Y
 clkload44/Y
 clkload45/Y
 clkload46/Y
 clkload47/Y
 clkload48/Y
 clkload49/Y
 clkload5/Y
 clkload50/Y
 clkload51/Y
 clkload52/Y
 clkload53/Y
 clkload54/Y
 clkload55/Y
 clkload6/Y
 clkload7/X
 clkload8/X
 clkload9/Y
Found 0 partially unannotated drivers.

===========================================================================
max slew violation count 0
Writing metric design__max_slew_violation__count__corner:nom_tt_025C_1v80: 0
max fanout violation count 0
Writing metric design__max_fanout_violation__count__corner:nom_tt_025C_1v80: 0
max cap violation count 0
Writing metric design__max_cap_violation__count__corner:nom_tt_025C_1v80: 0
============================================================================

===========================================================================
check_setup -verbose -unconstrained_endpoints -multiple_clock -no_clock -no_input_delay -loops -generated_clocks
===========================================================================
