if {[file exists ~/openlane2/my_script/script_matt.tcl]} {
    source ~/openlane2/my_script/script_matt.tcl
}
Reading OpenROAD database at '/home/hien/openlane2/designs/highspeed_pipelined_multiplier/runs/opti_2/20-openroad-generatepdn/pipelined_mult.odb'…
Reading library file at '/home/hien/.volare/volare/sky130/versions/0fe599b2afb6708d281543108caf8310912f54af/sky130A/libs.ref/sky130_fd_sc_hd/lib/sky130_fd_sc_hd__tt_025C_1v80.lib'…
Reading design constraints file at '/home/hien/openlane2/designs/highspeed_pipelined_multiplier/src/pnr.sdc'…
[INFO] No information on clock propagation in input SDC file-- propagating all clocks.
+ global_placement -density 0.7 -skip_io -pad_right 0 -pad_left 0 -init_wirelength_coef 0.25
[INFO GPL-0002] DBU: 1000
[INFO GPL-0003] SiteSize: (  0.460  2.720 ) um
[INFO GPL-0004] CoreBBox: (  5.520 10.880 ) ( 410.320 413.440 ) um
[INFO GPL-0006] NumInstances:             13251
[INFO GPL-0007] NumPlaceInstances:        10630
[INFO GPL-0008] NumFixedInstances:         2621
[INFO GPL-0009] NumDummyInstances:            0
[INFO GPL-0010] NumNets:                  10696
[INFO GPL-0011] NumPins:                  43163
[INFO GPL-0012] DieBBox:  (  0.000  0.000 ) ( 415.845 426.565 ) um
[INFO GPL-0013] CoreBBox: (  5.520 10.880 ) ( 410.320 413.440 ) um
[INFO GPL-0016] CoreArea:            162956.288 um^2
[INFO GPL-0017] NonPlaceInstsArea:     4020.106 um^2
[INFO GPL-0018] PlaceInstsArea:      106514.656 um^2
[INFO GPL-0019] Util:                    67.017 %
[INFO GPL-0020] StdInstsArea:        106514.656 um^2
[INFO GPL-0021] MacroInstsArea:           0.000 um^2
[INFO GPL-0031] FillerInit:NumGCells:     11119
[INFO GPL-0032] FillerInit:NumGNets:      10696
[INFO GPL-0033] FillerInit:NumGPins:      43163
[INFO GPL-0023] TargetDensity:            0.700
[INFO GPL-0024] AvrgPlaceInstArea:       10.020 um^2
[INFO GPL-0025] IdealBinArea:            14.315 um^2
[INFO GPL-0026] IdealBinCnt:              11383
[INFO GPL-0027] TotalBinArea:        162956.288 um^2
[INFO GPL-0028] BinCnt:        64     64
[INFO GPL-0029] BinSize: (  6.325  6.290 )
[INFO GPL-0030] NumBins: 4096
[NesterovSolve] Iter:    1 overflow: 0.999 HPWL: 29216987
[NesterovSolve] Iter:   10 overflow: 0.998 HPWL: 18925580
[NesterovSolve] Iter:   20 overflow: 0.997 HPWL: 18174620
[NesterovSolve] Iter:   30 overflow: 0.997 HPWL: 17734442
[NesterovSolve] Iter:   40 overflow: 0.997 HPWL: 17471217
[NesterovSolve] Iter:   50 overflow: 0.996 HPWL: 17351103
[NesterovSolve] Iter:   60 overflow: 0.996 HPWL: 17315415
[NesterovSolve] Iter:   70 overflow: 0.996 HPWL: 17307299
[NesterovSolve] Iter:   80 overflow: 0.996 HPWL: 17307373
[NesterovSolve] Iter:   90 overflow: 0.995 HPWL: 17334971
[NesterovSolve] Iter:  100 overflow: 0.995 HPWL: 17468655
[NesterovSolve] Iter:  110 overflow: 0.994 HPWL: 17932453
[NesterovSolve] Iter:  120 overflow: 0.992 HPWL: 19512539
[NesterovSolve] Iter:  130 overflow: 0.987 HPWL: 24143201
[NesterovSolve] Iter:  140 overflow: 0.979 HPWL: 31785045
[NesterovSolve] Iter:  150 overflow: 0.969 HPWL: 38673289
[NesterovSolve] Iter:  160 overflow: 0.957 HPWL: 44312656
[NesterovSolve] Iter:  170 overflow: 0.937 HPWL: 50677813
[NesterovSolve] Iter:  180 overflow: 0.916 HPWL: 58095433
[NesterovSolve] Iter:  190 overflow: 0.889 HPWL: 66561986
[NesterovSolve] Iter:  200 overflow: 0.860 HPWL: 76364165
[NesterovSolve] Iter:  210 overflow: 0.824 HPWL: 87150445
[NesterovSolve] Iter:  220 overflow: 0.784 HPWL: 98030714
[NesterovSolve] Iter:  230 overflow: 0.742 HPWL: 108761067
[NesterovSolve] Iter:  240 overflow: 0.697 HPWL: 119662451
[NesterovSolve] Iter:  250 overflow: 0.651 HPWL: 129591679
[NesterovSolve] Iter:  260 overflow: 0.601 HPWL: 138295567
[NesterovSolve] Iter:  270 overflow: 0.551 HPWL: 146160129
[NesterovSolve] Iter:  280 overflow: 0.503 HPWL: 155209379
[NesterovSolve] Iter:  290 overflow: 0.464 HPWL: 166806304
[NesterovSolve] Iter:  300 overflow: 0.428 HPWL: 172497270
[NesterovSolve] Iter:  310 overflow: 0.394 HPWL: 173311915
[NesterovSolve] Iter:  320 overflow: 0.362 HPWL: 173463127
[NesterovSolve] Iter:  330 overflow: 0.320 HPWL: 177364622
[NesterovSolve] Iter:  340 overflow: 0.292 HPWL: 178278358
[NesterovSolve] Iter:  350 overflow: 0.264 HPWL: 179402524
[NesterovSolve] Iter:  360 overflow: 0.241 HPWL: 181213931
[NesterovSolve] Iter:  370 overflow: 0.220 HPWL: 181989620
[NesterovSolve] Iter:  380 overflow: 0.199 HPWL: 182864751
[NesterovSolve] Iter:  390 overflow: 0.182 HPWL: 183424696
[NesterovSolve] Iter:  400 overflow: 0.162 HPWL: 183978733
[NesterovSolve] Iter:  410 overflow: 0.144 HPWL: 184401452
[NesterovSolve] Iter:  420 overflow: 0.127 HPWL: 184903263
[NesterovSolve] Iter:  430 overflow: 0.111 HPWL: 185366357
[NesterovSolve] Finished with Overflow: 0.099678
[INFO] Setting RC values…
Setting global connections for newly added cells…
[INFO] Setting global connections...
Updating metrics…
Cell type report:                       Count       Area
  Fill cell                               296    1111.07
  Tap cell                               2325    2909.04
  Inverter                                178     668.14
  Sequential cell                         450    9571.68
  Multi-Input combinational cell        10002   96274.84
  Total                                 13251  110534.76
Writing OpenROAD database to '/home/hien/openlane2/designs/highspeed_pipelined_multiplier/runs/opti_2/23-openroad-globalplacementskipio/pipelined_mult.odb'…
Writing netlist to '/home/hien/openlane2/designs/highspeed_pipelined_multiplier/runs/opti_2/23-openroad-globalplacementskipio/pipelined_mult.nl.v'…
Writing powered netlist to '/home/hien/openlane2/designs/highspeed_pipelined_multiplier/runs/opti_2/23-openroad-globalplacementskipio/pipelined_mult.pnl.v'…
Writing layout to '/home/hien/openlane2/designs/highspeed_pipelined_multiplier/runs/opti_2/23-openroad-globalplacementskipio/pipelined_mult.def'…
Writing timing constraints to '/home/hien/openlane2/designs/highspeed_pipelined_multiplier/runs/opti_2/23-openroad-globalplacementskipio/pipelined_mult.sdc'…
