                                                                     Buffers by Cell Master                                                                     
┏━━━━━━━━━━━━━━━━━━━━━━━━━━━━━━━━━━━━━━━━━━━━━━━━━━━━━━━━━━━━━━━━━━━━━━━━━━━━━━━━━━━━━━━━━━━━━━━━━━━━━━━━━━━━━━━━━━━━━━━━━━━━━━━━━━┳━━━━━━━━━━━━━━━━━━━━━━━━━━━┓
┃ Buffer                                                                                                                           ┃ Count                     ┃
┡━━━━━━━━━━━━━━━━━━━━━━━━━━━━━━━━━━━━━━━━━━━━━━━━━━━━━━━━━━━━━━━━━━━━━━━━━━━━━━━━━━━━━━━━━━━━━━━━━━━━━━━━━━━━━━━━━━━━━━━━━━━━━━━━━━╇━━━━━━━━━━━━━━━━━━━━━━━━━━━┩
│ sky130_fd_sc_hd__buf_1                                                                                                           │ 149                       │
│ sky130_fd_sc_hd__buf_12                                                                                                          │ 168                       │
│ sky130_fd_sc_hd__buf_2                                                                                                           │ 102                       │
│ sky130_fd_sc_hd__buf_4                                                                                                           │ 28                        │
│ sky130_fd_sc_hd__buf_6                                                                                                           │ 133                       │
│ sky130_fd_sc_hd__buf_8                                                                                                           │ 70                        │
│ sky130_fd_sc_hd__clkbuf_1                                                                                                        │ 100                       │
│ sky130_fd_sc_hd__clkbuf_16                                                                                                       │ 118                       │
│ sky130_fd_sc_hd__clkbuf_2                                                                                                        │ 109                       │
│ sky130_fd_sc_hd__clkbuf_4                                                                                                        │ 11                        │
│ sky130_fd_sc_hd__clkbuf_8                                                                                                        │ 34                        │
│ sky130_fd_sc_hd__dlygate4sd1_1                                                                                                   │ 108                       │
│ sky130_fd_sc_hd__dlygate4sd3_1                                                                                                   │ 213                       │
│ sky130_fd_sc_hd__dlymetal6s2s_1                                                                                                  │ 58                        │
│ sky130_fd_sc_hd__dlymetal6s4s_1                                                                                                  │ 11                        │
└──────────────────────────────────────────────────────────────────────────────────────────────────────────────────────────────────┴───────────────────────────┘
