                                                                        Cells by Master                                                                         
┏━━━━━━━━━━━━━━━━━━━━━━━━━━━━━━━━━━━━━━━━━━━━━━━━━━━━━━━━━━━━━━━━━━━━━━━━━━━━━━━━━━━━━━━━━━━━━━━━━━━━━━━━━━━━━━━━━━━━━━━━━━━━━━━━━━┳━━━━━━━━━━━━━━━━━━━━━━━━━━━┓
┃ Cell                                                                                                                             ┃ Count                     ┃
┡━━━━━━━━━━━━━━━━━━━━━━━━━━━━━━━━━━━━━━━━━━━━━━━━━━━━━━━━━━━━━━━━━━━━━━━━━━━━━━━━━━━━━━━━━━━━━━━━━━━━━━━━━━━━━━━━━━━━━━━━━━━━━━━━━━╇━━━━━━━━━━━━━━━━━━━━━━━━━━━┩
│ sky130_ef_sc_hd__decap_12                                                                                                        │ 7370                      │
│ sky130_fd_sc_hd__a2111o_1                                                                                                        │ 1                         │
│ sky130_fd_sc_hd__a2111oi_1                                                                                                       │ 1                         │
│ sky130_fd_sc_hd__a2111oi_4                                                                                                       │ 1                         │
│ sky130_fd_sc_hd__a211o_1                                                                                                         │ 25                        │
│ sky130_fd_sc_hd__a211o_4                                                                                                         │ 1                         │
│ sky130_fd_sc_hd__a211oi_1                                                                                                        │ 14                        │
│ sky130_fd_sc_hd__a211oi_2                                                                                                        │ 6                         │
│ sky130_fd_sc_hd__a211oi_4                                                                                                        │ 2                         │
│ sky130_fd_sc_hd__a21bo_1                                                                                                         │ 61                        │
│ sky130_fd_sc_hd__a21bo_2                                                                                                         │ 1                         │
│ sky130_fd_sc_hd__a21boi_1                                                                                                        │ 69                        │
│ sky130_fd_sc_hd__a21boi_2                                                                                                        │ 40                        │
│ sky130_fd_sc_hd__a21boi_4                                                                                                        │ 16                        │
│ sky130_fd_sc_hd__a21o_1                                                                                                          │ 526                       │
│ sky130_fd_sc_hd__a21o_2                                                                                                          │ 4                         │
│ sky130_fd_sc_hd__a21o_4                                                                                                          │ 8                         │
│ sky130_fd_sc_hd__a21oi_1                                                                                                         │ 435                       │
│ sky130_fd_sc_hd__a21oi_2                                                                                                         │ 160                       │
│ sky130_fd_sc_hd__a21oi_4                                                                                                         │ 56                        │
│ sky130_fd_sc_hd__a221o_1                                                                                                         │ 9                         │
│ sky130_fd_sc_hd__a221oi_1                                                                                                        │ 5                         │
│ sky130_fd_sc_hd__a221oi_2                                                                                                        │ 2                         │
│ sky130_fd_sc_hd__a22o_1                                                                                                          │ 267                       │
│ sky130_fd_sc_hd__a22o_2                                                                                                          │ 4                         │
│ sky130_fd_sc_hd__a22o_4                                                                                                          │ 10                        │
│ sky130_fd_sc_hd__a22oi_1                                                                                                         │ 116                       │
│ sky130_fd_sc_hd__a22oi_2                                                                                                         │ 111                       │
│ sky130_fd_sc_hd__a22oi_4                                                                                                         │ 90                        │
│ sky130_fd_sc_hd__a2bb2o_1                                                                                                        │ 21                        │
│ sky130_fd_sc_hd__a2bb2o_2                                                                                                        │ 2                         │
│ sky130_fd_sc_hd__a2bb2o_4                                                                                                        │ 4                         │
│ sky130_fd_sc_hd__a2bb2oi_1                                                                                                       │ 19                        │
│ sky130_fd_sc_hd__a2bb2oi_2                                                                                                       │ 10                        │
│ sky130_fd_sc_hd__a2bb2oi_4                                                                                                       │ 9                         │
│ sky130_fd_sc_hd__a311o_1                                                                                                         │ 6                         │
│ sky130_fd_sc_hd__a311oi_1                                                                                                        │ 9                         │
│ sky130_fd_sc_hd__a311oi_2                                                                                                        │ 3                         │
│ sky130_fd_sc_hd__a31o_1                                                                                                          │ 152                       │
│ sky130_fd_sc_hd__a31o_2                                                                                                          │ 3                         │
│ sky130_fd_sc_hd__a31o_4                                                                                                          │ 2                         │
│ sky130_fd_sc_hd__a31oi_1                                                                                                         │ 35                        │
│ sky130_fd_sc_hd__a31oi_2                                                                                                         │ 31                        │
│ sky130_fd_sc_hd__a31oi_4                                                                                                         │ 20                        │
│ sky130_fd_sc_hd__a32o_1                                                                                                          │ 25                        │
│ sky130_fd_sc_hd__a32o_2                                                                                                          │ 6                         │
│ sky130_fd_sc_hd__a32oi_1                                                                                                         │ 10                        │
│ sky130_fd_sc_hd__a32oi_2                                                                                                         │ 18                        │
│ sky130_fd_sc_hd__a32oi_4                                                                                                         │ 31                        │
│ sky130_fd_sc_hd__a41o_1                                                                                                          │ 47                        │
│ sky130_fd_sc_hd__a41o_2                                                                                                          │ 1                         │
│ sky130_fd_sc_hd__a41oi_1                                                                                                         │ 1                         │
│ sky130_fd_sc_hd__a41oi_2                                                                                                         │ 2                         │
│ sky130_fd_sc_hd__a41oi_4                                                                                                         │ 1                         │
│ sky130_fd_sc_hd__and2_1                                                                                                          │ 359                       │
│ sky130_fd_sc_hd__and2_2                                                                                                          │ 6                         │
│ sky130_fd_sc_hd__and2_4                                                                                                          │ 4                         │
│ sky130_fd_sc_hd__and2b_1                                                                                                         │ 13                        │
│ sky130_fd_sc_hd__and2b_2                                                                                                         │ 2                         │
│ sky130_fd_sc_hd__and3_1                                                                                                          │ 275                       │
│ sky130_fd_sc_hd__and3_2                                                                                                          │ 9                         │
│ sky130_fd_sc_hd__and3_4                                                                                                          │ 9                         │
│ sky130_fd_sc_hd__and3b_1                                                                                                         │ 2                         │
│ sky130_fd_sc_hd__and4_1                                                                                                          │ 154                       │
│ sky130_fd_sc_hd__and4_2                                                                                                          │ 11                        │
│ sky130_fd_sc_hd__and4_4                                                                                                          │ 7                         │
│ sky130_fd_sc_hd__and4b_1                                                                                                         │ 12                        │
│ sky130_fd_sc_hd__and4b_2                                                                                                         │ 1                         │
│ sky130_fd_sc_hd__and4bb_1                                                                                                        │ 4                         │
│ sky130_fd_sc_hd__buf_1                                                                                                           │ 149                       │
│ sky130_fd_sc_hd__buf_12                                                                                                          │ 168                       │
│ sky130_fd_sc_hd__buf_2                                                                                                           │ 102                       │
│ sky130_fd_sc_hd__buf_4                                                                                                           │ 28                        │
│ sky130_fd_sc_hd__buf_6                                                                                                           │ 133                       │
│ sky130_fd_sc_hd__buf_8                                                                                                           │ 70                        │
│ sky130_fd_sc_hd__clkbuf_1                                                                                                        │ 100                       │
│ sky130_fd_sc_hd__clkbuf_16                                                                                                       │ 118                       │
│ sky130_fd_sc_hd__clkbuf_2                                                                                                        │ 109                       │
│ sky130_fd_sc_hd__clkbuf_4                                                                                                        │ 11                        │
│ sky130_fd_sc_hd__clkbuf_8                                                                                                        │ 34                        │
│ sky130_fd_sc_hd__clkinv_16                                                                                                       │ 2                         │
│ sky130_fd_sc_hd__clkinv_2                                                                                                        │ 3                         │
│ sky130_fd_sc_hd__clkinv_4                                                                                                        │ 5                         │
│ sky130_fd_sc_hd__clkinv_8                                                                                                        │ 21                        │
│ sky130_fd_sc_hd__decap_3                                                                                                         │ 1668                      │
│ sky130_fd_sc_hd__decap_4                                                                                                         │ 1437                      │
│ sky130_fd_sc_hd__decap_6                                                                                                         │ 2165                      │
│ sky130_fd_sc_hd__decap_8                                                                                                         │ 1329                      │
│ sky130_fd_sc_hd__dfxtp_1                                                                                                         │ 365                       │
│ sky130_fd_sc_hd__dfxtp_2                                                                                                         │ 30                        │
│ sky130_fd_sc_hd__dfxtp_4                                                                                                         │ 55                        │
│ sky130_fd_sc_hd__diode_2                                                                                                         │ 76                        │
│ sky130_fd_sc_hd__dlygate4sd1_1                                                                                                   │ 108                       │
│ sky130_fd_sc_hd__dlygate4sd3_1                                                                                                   │ 213                       │
│ sky130_fd_sc_hd__dlymetal6s2s_1                                                                                                  │ 58                        │
│ sky130_fd_sc_hd__dlymetal6s4s_1                                                                                                  │ 11                        │
│ sky130_fd_sc_hd__fill_1                                                                                                          │ 4296                      │
│ sky130_fd_sc_hd__fill_2                                                                                                          │ 1661                      │
│ sky130_fd_sc_hd__inv_12                                                                                                          │ 18                        │
│ sky130_fd_sc_hd__inv_16                                                                                                          │ 14                        │
│ sky130_fd_sc_hd__inv_2                                                                                                           │ 131                       │
│ sky130_fd_sc_hd__inv_4                                                                                                           │ 2                         │
│ sky130_fd_sc_hd__inv_6                                                                                                           │ 17                        │
│ sky130_fd_sc_hd__inv_8                                                                                                           │ 20                        │
│ sky130_fd_sc_hd__mux2_1                                                                                                          │ 1                         │
│ sky130_fd_sc_hd__nand2_1                                                                                                         │ 1577                      │
│ sky130_fd_sc_hd__nand2_2                                                                                                         │ 315                       │
│ sky130_fd_sc_hd__nand2_4                                                                                                         │ 59                        │
│ sky130_fd_sc_hd__nand2_8                                                                                                         │ 25                        │
│ sky130_fd_sc_hd__nand2b_1                                                                                                        │ 9                         │
│ sky130_fd_sc_hd__nand3_1                                                                                                         │ 400                       │
│ sky130_fd_sc_hd__nand3_2                                                                                                         │ 352                       │
│ sky130_fd_sc_hd__nand3_4                                                                                                         │ 227                       │
│ sky130_fd_sc_hd__nand3b_1                                                                                                        │ 38                        │
│ sky130_fd_sc_hd__nand3b_2                                                                                                        │ 27                        │
│ sky130_fd_sc_hd__nand3b_4                                                                                                        │ 24                        │
│ sky130_fd_sc_hd__nand4_1                                                                                                         │ 227                       │
│ sky130_fd_sc_hd__nand4_2                                                                                                         │ 229                       │
│ sky130_fd_sc_hd__nand4_4                                                                                                         │ 159                       │
│ sky130_fd_sc_hd__nand4b_1                                                                                                        │ 4                         │
│ sky130_fd_sc_hd__nand4b_2                                                                                                        │ 7                         │
│ sky130_fd_sc_hd__nor2_1                                                                                                          │ 243                       │
│ sky130_fd_sc_hd__nor2_2                                                                                                          │ 27                        │
│ sky130_fd_sc_hd__nor2_4                                                                                                          │ 11                        │
│ sky130_fd_sc_hd__nor3_1                                                                                                          │ 27                        │
│ sky130_fd_sc_hd__nor3_2                                                                                                          │ 7                         │
│ sky130_fd_sc_hd__nor3_4                                                                                                          │ 2                         │
│ sky130_fd_sc_hd__nor3b_1                                                                                                         │ 7                         │
│ sky130_fd_sc_hd__nor4_1                                                                                                          │ 5                         │
│ sky130_fd_sc_hd__nor4_2                                                                                                          │ 1                         │
│ sky130_fd_sc_hd__nor4b_1                                                                                                         │ 1                         │
│ sky130_fd_sc_hd__nor4b_4                                                                                                         │ 1                         │
│ sky130_fd_sc_hd__o2111a_1                                                                                                        │ 20                        │
│ sky130_fd_sc_hd__o2111a_2                                                                                                        │ 3                         │
│ sky130_fd_sc_hd__o2111a_4                                                                                                        │ 2                         │
│ sky130_fd_sc_hd__o2111ai_1                                                                                                       │ 35                        │
│ sky130_fd_sc_hd__o2111ai_2                                                                                                       │ 46                        │
│ sky130_fd_sc_hd__o2111ai_4                                                                                                       │ 90                        │
│ sky130_fd_sc_hd__o211a_1                                                                                                         │ 139                       │
│ sky130_fd_sc_hd__o211a_2                                                                                                         │ 4                         │
│ sky130_fd_sc_hd__o211a_4                                                                                                         │ 13                        │
│ sky130_fd_sc_hd__o211ai_1                                                                                                        │ 136                       │
│ sky130_fd_sc_hd__o211ai_2                                                                                                        │ 227                       │
│ sky130_fd_sc_hd__o211ai_4                                                                                                        │ 181                       │
│ sky130_fd_sc_hd__o21a_1                                                                                                          │ 176                       │
│ sky130_fd_sc_hd__o21a_2                                                                                                          │ 4                         │
│ sky130_fd_sc_hd__o21a_4                                                                                                          │ 1                         │
│ sky130_fd_sc_hd__o21ai_1                                                                                                         │ 335                       │
│ sky130_fd_sc_hd__o21ai_2                                                                                                         │ 184                       │
│ sky130_fd_sc_hd__o21ai_4                                                                                                         │ 45                        │
│ sky130_fd_sc_hd__o21ba_1                                                                                                         │ 9                         │
│ sky130_fd_sc_hd__o21bai_1                                                                                                        │ 21                        │
│ sky130_fd_sc_hd__o21bai_2                                                                                                        │ 10                        │
│ sky130_fd_sc_hd__o21bai_4                                                                                                        │ 18                        │
│ sky130_fd_sc_hd__o221a_1                                                                                                         │ 20                        │
│ sky130_fd_sc_hd__o221a_2                                                                                                         │ 2                         │
│ sky130_fd_sc_hd__o221a_4                                                                                                         │ 1                         │
│ sky130_fd_sc_hd__o221ai_1                                                                                                        │ 8                         │
│ sky130_fd_sc_hd__o221ai_2                                                                                                        │ 36                        │
│ sky130_fd_sc_hd__o221ai_4                                                                                                        │ 48                        │
│ sky130_fd_sc_hd__o22a_1                                                                                                          │ 61                        │
│ sky130_fd_sc_hd__o22a_2                                                                                                          │ 4                         │
│ sky130_fd_sc_hd__o22a_4                                                                                                          │ 1                         │
│ sky130_fd_sc_hd__o22ai_1                                                                                                         │ 23                        │
│ sky130_fd_sc_hd__o22ai_2                                                                                                         │ 37                        │
│ sky130_fd_sc_hd__o22ai_4                                                                                                         │ 25                        │
│ sky130_fd_sc_hd__o2bb2a_1                                                                                                        │ 39                        │
│ sky130_fd_sc_hd__o2bb2a_2                                                                                                        │ 4                         │
│ sky130_fd_sc_hd__o2bb2a_4                                                                                                        │ 3                         │
│ sky130_fd_sc_hd__o2bb2ai_1                                                                                                       │ 178                       │
│ sky130_fd_sc_hd__o2bb2ai_2                                                                                                       │ 131                       │
│ sky130_fd_sc_hd__o2bb2ai_4                                                                                                       │ 46                        │
│ sky130_fd_sc_hd__o311a_1                                                                                                         │ 26                        │
│ sky130_fd_sc_hd__o311ai_1                                                                                                        │ 1                         │
│ sky130_fd_sc_hd__o311ai_4                                                                                                        │ 1                         │
│ sky130_fd_sc_hd__o31a_1                                                                                                          │ 45                        │
│ sky130_fd_sc_hd__o31a_2                                                                                                          │ 3                         │
│ sky130_fd_sc_hd__o31ai_1                                                                                                         │ 9                         │
│ sky130_fd_sc_hd__o31ai_2                                                                                                         │ 6                         │
│ sky130_fd_sc_hd__o31ai_4                                                                                                         │ 1                         │
│ sky130_fd_sc_hd__o32a_1                                                                                                          │ 14                        │
│ sky130_fd_sc_hd__o32a_2                                                                                                          │ 2                         │
│ sky130_fd_sc_hd__o32ai_1                                                                                                         │ 2                         │
│ sky130_fd_sc_hd__o32ai_2                                                                                                         │ 1                         │
│ sky130_fd_sc_hd__o41a_1                                                                                                          │ 5                         │
│ sky130_fd_sc_hd__o41a_2                                                                                                          │ 1                         │
│ sky130_fd_sc_hd__or2_1                                                                                                           │ 42                        │
│ sky130_fd_sc_hd__or2_2                                                                                                           │ 2                         │
│ sky130_fd_sc_hd__or2_4                                                                                                           │ 2                         │
│ sky130_fd_sc_hd__or3_1                                                                                                           │ 16                        │
│ sky130_fd_sc_hd__or3_4                                                                                                           │ 2                         │
│ sky130_fd_sc_hd__or3b_1                                                                                                          │ 5                         │
│ sky130_fd_sc_hd__or3b_2                                                                                                          │ 1                         │
│ sky130_fd_sc_hd__or4_1                                                                                                           │ 3                         │
│ sky130_fd_sc_hd__or4_4                                                                                                           │ 1                         │
│ sky130_fd_sc_hd__or4b_1                                                                                                          │ 6                         │
│ sky130_fd_sc_hd__or4b_2                                                                                                          │ 1                         │
│ sky130_fd_sc_hd__or4bb_1                                                                                                         │ 1                         │
│ sky130_fd_sc_hd__or4bb_4                                                                                                         │ 1                         │
│ sky130_fd_sc_hd__tapvpwrvgnd_1                                                                                                   │ 4018                      │
│ sky130_fd_sc_hd__xnor2_1                                                                                                         │ 14                        │
│ sky130_fd_sc_hd__xnor2_2                                                                                                         │ 4                         │
│ sky130_fd_sc_hd__xor2_1                                                                                                          │ 22                        │
│ sky130_fd_sc_hd__xor2_2                                                                                                          │ 8                         │
└──────────────────────────────────────────────────────────────────────────────────────────────────────────────────────────────────┴───────────────────────────┘
