
===========================================================================
report_checks -unconstrained
===========================================================================
======================= nom_tt_025C_1v80 Corner ===================================

Startpoint: _20781_ (rising edge-triggered flip-flop clocked by clk)
Endpoint: _20757_ (rising edge-triggered flip-flop clocked by clk)
Path Group: clk
Path Type: max

Fanout         Cap        Slew       Delay        Time   Description
---------------------------------------------------------------------------------------------
                                  0.000000    0.000000   clock clk (rise edge)
                                  0.000000    0.000000   clock source latency
     2    0.028432    0.087211    0.062755    0.062755 ^ clk (in)
                                                         clk (net)
                      0.087260    0.000000    0.062755 ^ clkbuf_0_clk/A (sky130_fd_sc_hd__clkbuf_16)
     8    0.136582    0.149512    0.223688    0.286443 ^ clkbuf_0_clk/X (sky130_fd_sc_hd__clkbuf_16)
                                                         clknet_0_clk (net)
                      0.150155    0.007870    0.294313 ^ clkbuf_3_3__f_clk/A (sky130_fd_sc_hd__clkbuf_16)
    12    0.079891    0.096984    0.207242    0.501556 ^ clkbuf_3_3__f_clk/X (sky130_fd_sc_hd__clkbuf_16)
                                                         clknet_3_3__leaf_clk (net)
                      0.097063    0.002542    0.504097 ^ clkbuf_leaf_29_clk/A (sky130_fd_sc_hd__clkbuf_8)
     4    0.036525    0.076413    0.171268    0.675365 ^ clkbuf_leaf_29_clk/X (sky130_fd_sc_hd__clkbuf_8)
                                                         clknet_leaf_29_clk (net)
                      0.076416    0.000626    0.675992 ^ _20781_/CLK (sky130_fd_sc_hd__dfxtp_4)
     3    0.015529    0.045276    0.361061    1.037052 v _20781_/Q (sky130_fd_sc_hd__dfxtp_4)
                                                         a_l[3] (net)
                      0.045276    0.000557    1.037610 v max_cap620/A (sky130_fd_sc_hd__buf_12)
    15    0.076448    0.052746    0.150770    1.188380 v max_cap620/X (sky130_fd_sc_hd__buf_12)
                                                         net620 (net)
                      0.052907    0.002170    1.190550 v max_cap619/A (sky130_fd_sc_hd__buf_12)
    14    0.066547    0.048786    0.149929    1.340479 v max_cap619/X (sky130_fd_sc_hd__buf_12)
                                                         net619 (net)
                      0.050467    0.006935    1.347414 v max_cap618/A (sky130_fd_sc_hd__buf_12)
     8    0.037884    0.037273    0.137096    1.484510 v max_cap618/X (sky130_fd_sc_hd__buf_12)
                                                         net618 (net)
                      0.037496    0.002454    1.486964 v max_cap617/A (sky130_fd_sc_hd__buf_12)
     8    0.045958    0.041758    0.135734    1.622698 v max_cap617/X (sky130_fd_sc_hd__buf_12)
                                                         net617 (net)
                      0.041897    0.002102    1.624800 v max_cap616/A (sky130_fd_sc_hd__buf_12)
    11    0.069925    0.050219    0.145991    1.770791 v max_cap616/X (sky130_fd_sc_hd__buf_12)
                                                         net616 (net)
                      0.052392    0.008047    1.778837 v max_cap615/A (sky130_fd_sc_hd__buf_12)
    10    0.041892    0.039379    0.140314    1.919151 v max_cap615/X (sky130_fd_sc_hd__buf_12)
                                                         net615 (net)
                      0.039513    0.001981    1.921132 v _18982_/A1 (sky130_fd_sc_hd__a22o_1)
     4    0.015153    0.093721    0.258316    2.179448 v _18982_/X (sky130_fd_sc_hd__a22o_1)
                                                         _09873_ (net)
                      0.093721    0.000242    2.179689 v _18987_/B1 (sky130_fd_sc_hd__a22oi_2)
     3    0.014421    0.240011    0.219370    2.399059 ^ _18987_/Y (sky130_fd_sc_hd__a22oi_2)
                                                         _09878_ (net)
                      0.240011    0.000367    2.399426 ^ _18988_/B1 (sky130_fd_sc_hd__a21oi_2)
     3    0.011237    0.073011    0.081617    2.481044 v _18988_/Y (sky130_fd_sc_hd__a21oi_2)
                                                         _09879_ (net)
                      0.073011    0.000185    2.481229 v max_cap367/A (sky130_fd_sc_hd__clkbuf_1)
     2    0.007256    0.050226    0.120598    2.601827 v max_cap367/X (sky130_fd_sc_hd__clkbuf_1)
                                                         net367 (net)
                      0.050226    0.000221    2.602048 v _19178_/A1 (sky130_fd_sc_hd__a21oi_1)
     2    0.010738    0.252238    0.231182    2.833230 ^ _19178_/Y (sky130_fd_sc_hd__a21oi_1)
                                                         _10073_ (net)
                      0.252239    0.000433    2.833663 ^ _19211_/B1 (sky130_fd_sc_hd__a31o_1)
     1    0.004606    0.060863    0.148433    2.982096 ^ _19211_/X (sky130_fd_sc_hd__a31o_1)
                                                         _10108_ (net)
                      0.060863    0.000094    2.982191 ^ _19368_/D1 (sky130_fd_sc_hd__o2111ai_2)
     3    0.011662    0.150101    0.133263    3.115454 v _19368_/Y (sky130_fd_sc_hd__o2111ai_2)
                                                         _00548_ (net)
                      0.150101    0.000179    3.115633 v max_cap226/A (sky130_fd_sc_hd__buf_6)
     4    0.020087    0.034041    0.173616    3.289249 v max_cap226/X (sky130_fd_sc_hd__buf_6)
                                                         net226 (net)
                      0.034041    0.000836    3.290085 v _19370_/A2 (sky130_fd_sc_hd__a21oi_1)
     1    0.005806    0.158949    0.173385    3.463470 ^ _19370_/Y (sky130_fd_sc_hd__a21oi_1)
                                                         _00550_ (net)
                      0.158949    0.000213    3.463683 ^ _19374_/A (sky130_fd_sc_hd__nor2_2)
     2    0.011193    0.055044    0.080303    3.543986 v _19374_/Y (sky130_fd_sc_hd__nor2_2)
                                                         _00554_ (net)
                      0.055058    0.000580    3.544566 v _19379_/B1 (sky130_fd_sc_hd__a21o_1)
     2    0.009154    0.059446    0.181679    3.726245 v _19379_/X (sky130_fd_sc_hd__a21o_1)
                                                         _00560_ (net)
                      0.059446    0.000318    3.726562 v _19395_/A3 (sky130_fd_sc_hd__a31o_1)
     2    0.018136    0.102511    0.282461    4.009023 v _19395_/X (sky130_fd_sc_hd__a31o_1)
                                                         _00576_ (net)
                      0.102519    0.000962    4.009985 v _19516_/A2 (sky130_fd_sc_hd__a22o_4)
     4    0.016592    0.055847    0.297946    4.307931 v _19516_/X (sky130_fd_sc_hd__a22o_4)
                                                         _00707_ (net)
                      0.055847    0.000557    4.308488 v _19518_/A (sky130_fd_sc_hd__nand2_1)
     1    0.005915    0.080033    0.077836    4.386324 ^ _19518_/Y (sky130_fd_sc_hd__nand2_1)
                                                         _00710_ (net)
                      0.080033    0.000171    4.386495 ^ _19762_/A (sky130_fd_sc_hd__nor2_2)
     1    0.010811    0.040888    0.059813    4.446308 v _19762_/Y (sky130_fd_sc_hd__nor2_2)
                                                         _00972_ (net)
                      0.040891    0.000391    4.446699 v _19766_/A2 (sky130_fd_sc_hd__a21oi_4)
     4    0.030915    0.250409    0.253654    4.700352 ^ _19766_/Y (sky130_fd_sc_hd__a21oi_4)
                                                         _00976_ (net)
                      0.250432    0.001919    4.702271 ^ _20114_/B (sky130_fd_sc_hd__nand3_4)
     5    0.030708    0.133252    0.164860    4.867132 v _20114_/Y (sky130_fd_sc_hd__nand3_4)
                                                         _01350_ (net)
                      0.133327    0.002511    4.869643 v _20212_/A1 (sky130_fd_sc_hd__a21oi_4)
     2    0.007133    0.106937    0.157239    5.026882 ^ _20212_/Y (sky130_fd_sc_hd__a21oi_4)
                                                         _01455_ (net)
                      0.106939    0.000169    5.027051 ^ max_cap130/A (sky130_fd_sc_hd__clkbuf_2)
     3    0.009636    0.061823    0.139714    5.166766 ^ max_cap130/X (sky130_fd_sc_hd__clkbuf_2)
                                                         net130 (net)
                      0.061823    0.000289    5.167055 ^ _20247_/B2 (sky130_fd_sc_hd__o22ai_1)
     1    0.003314    0.069255    0.064453    5.231508 v _20247_/Y (sky130_fd_sc_hd__o22ai_1)
                                                         _01492_ (net)
                      0.069255    0.000112    5.231620 v _20249_/A1 (sky130_fd_sc_hd__o211a_1)
     1    0.003083    0.039939    0.226847    5.458467 v _20249_/X (sky130_fd_sc_hd__o211a_1)
                                                         _00397_ (net)
                      0.039939    0.000080    5.458547 v _20757_/D (sky130_fd_sc_hd__dfxtp_1)
                                              5.458547   data arrival time

                                 10.000000   10.000000   clock clk (rise edge)
                                  0.000000   10.000000   clock source latency
     2    0.028432    0.087211    0.062755   10.062756 ^ clk (in)
                                                         clk (net)
                      0.087260    0.000000   10.062756 ^ clkbuf_0_clk/A (sky130_fd_sc_hd__clkbuf_16)
     8    0.136582    0.149512    0.223688   10.286443 ^ clkbuf_0_clk/X (sky130_fd_sc_hd__clkbuf_16)
                                                         clknet_0_clk (net)
                      0.149955    0.006571   10.293014 ^ clkbuf_3_4__f_clk/A (sky130_fd_sc_hd__clkbuf_16)
     9    0.079227    0.096776    0.206397   10.499411 ^ clkbuf_3_4__f_clk/X (sky130_fd_sc_hd__clkbuf_16)
                                                         clknet_3_4__leaf_clk (net)
                      0.096847    0.002434   10.501844 ^ clkbuf_leaf_58_clk/A (sky130_fd_sc_hd__clkbuf_8)
     3    0.020168    0.051677    0.151070   10.652914 ^ clkbuf_leaf_58_clk/X (sky130_fd_sc_hd__clkbuf_8)
                                                         clknet_leaf_58_clk (net)
                      0.051688    0.000751   10.653666 ^ _20757_/CLK (sky130_fd_sc_hd__dfxtp_1)
                                 -1.500000    9.153666   clock uncertainty
                                  0.000000    9.153666   clock reconvergence pessimism
                                 -0.106747    9.046918   library setup time
                                              9.046918   data required time
---------------------------------------------------------------------------------------------
                                              9.046918   data required time
                                             -5.458547   data arrival time
---------------------------------------------------------------------------------------------
                                              3.588372   slack (MET)




===========================================================================
report_checks --slack_max -0.01
============================================================================
======================= nom_tt_025C_1v80 Corner ===================================

No paths found.


===========================================================================
 report_check_types -max_slew -max_cap -max_fanout -violators
============================================================================
======================= nom_tt_025C_1v80 Corner ===================================



===========================================================================
report_parasitic_annotation -report_unannotated
============================================================================
Found 60 unannotated drivers.
 clkload0/Y
 clkload1/Y
 clkload10/Y
 clkload11/Y
 clkload12/Y
 clkload13/Y
 clkload14/Y
 clkload15/Y
 clkload16/X
 clkload17/Y
 clkload18/Y
 clkload19/Y
 clkload2/Y
 clkload20/Y
 clkload21/Y
 clkload22/Y
 clkload23/Y
 clkload24/Y
 clkload25/Y
 clkload26/X
 clkload27/Y
 clkload28/Y
 clkload29/Y
 clkload3/Y
 clkload30/Y
 clkload31/Y
 clkload32/Y
 clkload33/Y
 clkload34/Y
 clkload35/Y
 clkload36/Y
 clkload37/Y
 clkload38/X
 clkload39/X
 clkload4/Y
 clkload40/Y
 clkload41/Y
 clkload42/Y
 clkload43/Y
 clkload44/Y
 clkload45/Y
 clkload46/Y
 clkload47/Y
 clkload48/Y
 clkload49/Y
 clkload5/Y
 clkload50/Y
 clkload51/Y
 clkload52/Y
 clkload53/Y
 clkload54/Y
 clkload55/Y
 clkload56/Y
 clkload57/Y
 clkload58/Y
 clkload59/Y
 clkload6/Y
 clkload7/Y
 clkload8/Y
 clkload9/X
Found 0 partially unannotated drivers.

===========================================================================
max slew violation count 0
Writing metric design__max_slew_violation__count__corner:nom_tt_025C_1v80: 0
max fanout violation count 0
Writing metric design__max_fanout_violation__count__corner:nom_tt_025C_1v80: 0
max cap violation count 0
Writing metric design__max_cap_violation__count__corner:nom_tt_025C_1v80: 0
============================================================================

===========================================================================
check_setup -verbose -unconstrained_endpoints -multiple_clock -no_clock -no_input_delay -loops -generated_clocks
===========================================================================
