Clock: clk
Sources: clk 
Generated: no
Virtual: yes
Propagated: no
Period: 10.000000

===========================================================================
report_clock_properties
============================================================================
Clock                   Period          Waveform
----------------------------------------------------
clk                  10.000000    0.000000  5.000000

===========================================================================
report_clock_latency
============================================================================
Clock clk
rise -> rise
    min     max
0.000000 0.000000 source latency
0.499500         network latency _20803_/CLK
        0.699473 network latency _20523_/CLK
---------------
0.499500 0.699473 latency
        0.199973 skew

fall -> fall
    min     max
0.000000 0.000000 source latency
0.458162         network latency _20800_/CLK
        0.645878 network latency _20567_/CLK
---------------
0.458162 0.645878 latency
        0.187716 skew



===========================================================================
report_clock_min_period
============================================================================
clk period_min = 6.41 fmax = 155.97
