
===========================================================================
report_checks -unconstrained
===========================================================================
======================= nom_tt_025C_1v80 Corner ===================================

Startpoint: _20781_ (rising edge-triggered flip-flop clocked by clk)
Endpoint: _20757_ (rising edge-triggered flip-flop clocked by clk)
Path Group: clk
Path Type: max

Fanout         Cap        Slew       Delay        Time   Description
---------------------------------------------------------------------------------------------
                                  0.000000    0.000000   clock clk (rise edge)
                                  0.000000    0.000000   clock source latency
     1    0.027275    0.084098    0.060897    0.060897 ^ clk (in)
                                                         clk (net)
                      0.084134    0.000000    0.060897 ^ clkbuf_0_clk/A (sky130_fd_sc_hd__clkbuf_16)
     8    0.133747    0.146243    0.222741    0.283638 ^ clkbuf_0_clk/X (sky130_fd_sc_hd__clkbuf_16)
                                                         clknet_0_clk (net)
                      0.146391    0.003765    0.287403 ^ clkbuf_3_3__f_clk/A (sky130_fd_sc_hd__clkbuf_16)
    12    0.073743    0.091289    0.202536    0.489939 ^ clkbuf_3_3__f_clk/X (sky130_fd_sc_hd__clkbuf_16)
                                                         clknet_3_3__leaf_clk (net)
                      0.091291    0.000673    0.490612 ^ clkbuf_leaf_29_clk/A (sky130_fd_sc_hd__clkbuf_8)
     4    0.035673    0.075132    0.168719    0.659331 ^ clkbuf_leaf_29_clk/X (sky130_fd_sc_hd__clkbuf_8)
                                                         clknet_leaf_29_clk (net)
                      0.075132    0.000010    0.659341 ^ _20781_/CLK (sky130_fd_sc_hd__dfxtp_4)
     3    0.013612    0.042356    0.357337    1.016678 v _20781_/Q (sky130_fd_sc_hd__dfxtp_4)
                                                         a_l[3] (net)
                      0.042356    0.000044    1.016722 v max_cap620/A (sky130_fd_sc_hd__buf_12)
    15    0.070286    0.049839    0.148851    1.165573 v max_cap620/X (sky130_fd_sc_hd__buf_12)
                                                         net620 (net)
                      0.049839    0.000367    1.165940 v max_cap619/A (sky130_fd_sc_hd__buf_12)
    14    0.063636    0.047288    0.149362    1.315302 v max_cap619/X (sky130_fd_sc_hd__buf_12)
                                                         net619 (net)
                      0.047441    0.002248    1.317550 v max_cap618/A (sky130_fd_sc_hd__buf_12)
     8    0.035368    0.035509    0.135013    1.452563 v max_cap618/X (sky130_fd_sc_hd__buf_12)
                                                         net618 (net)
                      0.035535    0.000879    1.453442 v max_cap617/A (sky130_fd_sc_hd__buf_12)
     8    0.042419    0.039094    0.133994    1.587436 v max_cap617/X (sky130_fd_sc_hd__buf_12)
                                                         net617 (net)
                      0.039097    0.000366    1.587803 v max_cap616/A (sky130_fd_sc_hd__buf_12)
    11    0.066138    0.048280    0.145449    1.733251 v max_cap616/X (sky130_fd_sc_hd__buf_12)
                                                         net616 (net)
                      0.048599    0.002763    1.736014 v max_cap615/A (sky130_fd_sc_hd__buf_12)
    10    0.039502    0.037616    0.138037    1.874051 v max_cap615/X (sky130_fd_sc_hd__buf_12)
                                                         net615 (net)
                      0.037626    0.000600    1.874650 v _18982_/A1 (sky130_fd_sc_hd__a22o_1)
     4    0.013774    0.089661    0.252173    2.126823 v _18982_/X (sky130_fd_sc_hd__a22o_1)
                                                         _09873_ (net)
                      0.089661    0.000016    2.126839 v _18987_/B1 (sky130_fd_sc_hd__a22oi_2)
     3    0.013234    0.235162    0.208470    2.335310 ^ _18987_/Y (sky130_fd_sc_hd__a22oi_2)
                                                         _09878_ (net)
                      0.235162    0.000035    2.335345 ^ _18988_/B1 (sky130_fd_sc_hd__a21oi_2)
     3    0.009555    0.069380    0.075659    2.411003 v _18988_/Y (sky130_fd_sc_hd__a21oi_2)
                                                         _09879_ (net)
                      0.069380    0.000018    2.411021 v max_cap367/A (sky130_fd_sc_hd__clkbuf_1)
     2    0.005719    0.041969    0.112000    2.523021 v max_cap367/X (sky130_fd_sc_hd__clkbuf_1)
                                                         net367 (net)
                      0.041969    0.000028    2.523049 v _19178_/A1 (sky130_fd_sc_hd__a21oi_1)
     2    0.009863    0.235497    0.215609    2.738658 ^ _19178_/Y (sky130_fd_sc_hd__a21oi_1)
                                                         _10073_ (net)
                      0.235497    0.000092    2.738750 ^ _19211_/B1 (sky130_fd_sc_hd__a31o_1)
     1    0.004444    0.061575    0.144162    2.882912 ^ _19211_/X (sky130_fd_sc_hd__a31o_1)
                                                         _10108_ (net)
                      0.061575    0.000002    2.882914 ^ _19368_/D1 (sky130_fd_sc_hd__o2111ai_2)
     3    0.011156    0.150849    0.130732    3.013645 v _19368_/Y (sky130_fd_sc_hd__o2111ai_2)
                                                         _00548_ (net)
                      0.150849    0.000022    3.013667 v max_cap226/A (sky130_fd_sc_hd__buf_6)
     4    0.019408    0.033383    0.173515    3.187182 v max_cap226/X (sky130_fd_sc_hd__buf_6)
                                                         net226 (net)
                      0.033383    0.000158    3.187340 v _19370_/A2 (sky130_fd_sc_hd__a21oi_1)
     1    0.004829    0.145915    0.159223    3.346562 ^ _19370_/Y (sky130_fd_sc_hd__a21oi_1)
                                                         _00550_ (net)
                      0.145915    0.000007    3.346569 ^ _19374_/A (sky130_fd_sc_hd__nor2_2)
     2    0.009616    0.050411    0.074619    3.421188 v _19374_/Y (sky130_fd_sc_hd__nor2_2)
                                                         _00554_ (net)
                      0.050411    0.000092    3.421280 v _19379_/B1 (sky130_fd_sc_hd__a21o_1)
     2    0.007855    0.054936    0.174145    3.595426 v _19379_/X (sky130_fd_sc_hd__a21o_1)
                                                         _00560_ (net)
                      0.054936    0.000057    3.595482 v _19395_/A3 (sky130_fd_sc_hd__a31o_1)
     2    0.017121    0.097730    0.277164    3.872647 v _19395_/X (sky130_fd_sc_hd__a31o_1)
                                                         _00576_ (net)
                      0.097730    0.000243    3.872890 v _19516_/A2 (sky130_fd_sc_hd__a22o_4)
     4    0.015354    0.054233    0.293511    4.166401 v _19516_/X (sky130_fd_sc_hd__a22o_4)
                                                         _00707_ (net)
                      0.054233    0.000098    4.166499 v _19518_/A (sky130_fd_sc_hd__nand2_1)
     1    0.005884    0.077338    0.077003    4.243502 ^ _19518_/Y (sky130_fd_sc_hd__nand2_1)
                                                         _00710_ (net)
                      0.077338    0.000031    4.243533 ^ _19762_/A (sky130_fd_sc_hd__nor2_2)
     1    0.010213    0.038457    0.058035    4.301568 v _19762_/Y (sky130_fd_sc_hd__nor2_2)
                                                         _00972_ (net)
                      0.038457    0.000068    4.301636 v _19766_/A2 (sky130_fd_sc_hd__a21oi_4)
     4    0.029273    0.240239    0.245636    4.547272 ^ _19766_/Y (sky130_fd_sc_hd__a21oi_4)
                                                         _00976_ (net)
                      0.240243    0.000700    4.547972 ^ _20114_/B (sky130_fd_sc_hd__nand3_4)
     5    0.029541    0.128555    0.160577    4.708549 v _20114_/Y (sky130_fd_sc_hd__nand3_4)
                                                         _01350_ (net)
                      0.128607    0.000722    4.709271 v _20212_/A1 (sky130_fd_sc_hd__a21oi_4)
     2    0.005967    0.101284    0.149909    4.859180 ^ _20212_/Y (sky130_fd_sc_hd__a21oi_4)
                                                         _01455_ (net)
                      0.101284    0.000015    4.859195 ^ max_cap130/A (sky130_fd_sc_hd__clkbuf_2)
     3    0.008985    0.058514    0.135284    4.994479 ^ max_cap130/X (sky130_fd_sc_hd__clkbuf_2)
                                                         net130 (net)
                      0.058514    0.000035    4.994514 ^ _20247_/B2 (sky130_fd_sc_hd__o22ai_1)
     1    0.002766    0.067298    0.060402    5.054917 v _20247_/Y (sky130_fd_sc_hd__o22ai_1)
                                                         _01492_ (net)
                      0.067298    0.000008    5.054924 v _20249_/A1 (sky130_fd_sc_hd__o211a_1)
     1    0.002112    0.036229    0.219193    5.274118 v _20249_/X (sky130_fd_sc_hd__o211a_1)
                                                         _00397_ (net)
                      0.036229    0.000004    5.274121 v _20757_/D (sky130_fd_sc_hd__dfxtp_1)
                                              5.274121   data arrival time

                                 10.000000   10.000000   clock clk (rise edge)
                                  0.000000   10.000000   clock source latency
     1    0.027275    0.084098    0.060897   10.060897 ^ clk (in)
                                                         clk (net)
                      0.084134    0.000000   10.060897 ^ clkbuf_0_clk/A (sky130_fd_sc_hd__clkbuf_16)
     8    0.133747    0.146243    0.222741   10.283638 ^ clkbuf_0_clk/X (sky130_fd_sc_hd__clkbuf_16)
                                                         clknet_0_clk (net)
                      0.146374    0.003547   10.287186 ^ clkbuf_3_4__f_clk/A (sky130_fd_sc_hd__clkbuf_16)
     9    0.075441    0.092862    0.203830   10.491015 ^ clkbuf_3_4__f_clk/X (sky130_fd_sc_hd__clkbuf_16)
                                                         clknet_3_4__leaf_clk (net)
                      0.092868    0.000892   10.491907 ^ clkbuf_leaf_58_clk/A (sky130_fd_sc_hd__clkbuf_8)
     3    0.018392    0.048814    0.147351   10.639258 ^ clkbuf_leaf_58_clk/X (sky130_fd_sc_hd__clkbuf_8)
                                                         clknet_leaf_58_clk (net)
                      0.048814    0.000042   10.639300 ^ _20757_/CLK (sky130_fd_sc_hd__dfxtp_1)
                                 -1.500000    9.139300   clock uncertainty
                                  0.000000    9.139300   clock reconvergence pessimism
                                 -0.105790    9.033510   library setup time
                                              9.033510   data required time
---------------------------------------------------------------------------------------------
                                              9.033510   data required time
                                             -5.274121   data arrival time
---------------------------------------------------------------------------------------------
                                              3.759389   slack (MET)




===========================================================================
report_checks --slack_max -0.01
============================================================================
======================= nom_tt_025C_1v80 Corner ===================================

No paths found.


===========================================================================
 report_check_types -max_slew -max_cap -max_fanout -violators
============================================================================
======================= nom_tt_025C_1v80 Corner ===================================



===========================================================================
report_parasitic_annotation -report_unannotated
============================================================================
Found 60 unannotated drivers.
 clkload0/Y
 clkload1/Y
 clkload10/Y
 clkload11/Y
 clkload12/Y
 clkload13/Y
 clkload14/Y
 clkload15/Y
 clkload16/X
 clkload17/Y
 clkload18/Y
 clkload19/Y
 clkload2/Y
 clkload20/Y
 clkload21/Y
 clkload22/Y
 clkload23/Y
 clkload24/Y
 clkload25/Y
 clkload26/X
 clkload27/Y
 clkload28/Y
 clkload29/Y
 clkload3/Y
 clkload30/Y
 clkload31/Y
 clkload32/Y
 clkload33/Y
 clkload34/Y
 clkload35/Y
 clkload36/Y
 clkload37/Y
 clkload38/X
 clkload39/X
 clkload4/Y
 clkload40/Y
 clkload41/Y
 clkload42/Y
 clkload43/Y
 clkload44/Y
 clkload45/Y
 clkload46/Y
 clkload47/Y
 clkload48/Y
 clkload49/Y
 clkload5/Y
 clkload50/Y
 clkload51/Y
 clkload52/Y
 clkload53/Y
 clkload54/Y
 clkload55/Y
 clkload56/Y
 clkload57/Y
 clkload58/Y
 clkload59/Y
 clkload6/Y
 clkload7/Y
 clkload8/Y
 clkload9/X
Found 0 partially unannotated drivers.

===========================================================================
max slew violation count 0
Writing metric design__max_slew_violation__count__corner:nom_tt_025C_1v80: 0
max fanout violation count 0
Writing metric design__max_fanout_violation__count__corner:nom_tt_025C_1v80: 0
max cap violation count 0
Writing metric design__max_cap_violation__count__corner:nom_tt_025C_1v80: 0
============================================================================

===========================================================================
check_setup -verbose -unconstrained_endpoints -multiple_clock -no_clock -no_input_delay -loops -generated_clocks
===========================================================================
