if {[file exists ~/openlane2/my_script/script_matt.tcl]} {
    source ~/openlane2/my_script/script_matt.tcl
}
Reading OpenROAD database at '/home/hien/openlane2/designs/highspeed_pipelined_multiplier/runs/opti_5/41-openroad-repairantennas/1-diodeinsertion/pipelined_mult.odb'…
Reading library file at '/home/hien/.volare/volare/sky130/versions/0fe599b2afb6708d281543108caf8310912f54af/sky130A/libs.ref/sky130_fd_sc_hd/lib/sky130_fd_sc_hd__tt_025C_1v80.lib'…
Reading design constraints file at '/home/hien/openlane2/designs/highspeed_pipelined_multiplier/src/pnr.sdc'…
[INFO] No information on clock propagation in input SDC file-- propagating all clocks.
%OL_CREATE_REPORT /home/hien/openlane2/designs/highspeed_pipelined_multiplier/runs/opti_5/41-openroad-repairantennas/2-openroad-checkantennas/reports/antenna.rpt
Net: p_hl\[20\]
  Pin:   _10750_/A (sky130_fd_sc_hd__and2_1)
    Layer: mcon
      Partial area ratio:    0.23
      Required ratio:    3.00 (Gate area) 
      Cumulative area ratio:    0.23
      Required ratio:    0.00 (Cumulative area) 

    Layer: met1
      Partial area ratio:    2.50
      Required ratio:    0.00 (Gate area) 
      Cumulative area ratio:    2.50
      Required ratio:    0.00 (Cumulative area) 
      Partial area ratio:   10.66
      Required ratio:  400.00 (Side area) 
      Cumulative area ratio:   10.66
      Required ratio:    0.00 (Cumulative side area) 

    Layer: via
      Partial area ratio:    0.36
      Required ratio:    6.00 (Gate area) 
      Cumulative area ratio:    0.59
      Required ratio:    0.00 (Cumulative area) 

    Layer: met2
      Partial area ratio:   11.48
      Required ratio:    0.00 (Gate area) 
      Cumulative area ratio:   13.98
      Required ratio:    0.00 (Cumulative area) 
      Partial area ratio:   56.00
      Required ratio:  400.00 (Side area) 
      Cumulative area ratio:   66.65
      Required ratio:    0.00 (Cumulative side area) 

    Layer: via2
      Partial area ratio:    0.11
      Required ratio:    6.00 (Gate area) 
      Cumulative area ratio:    0.69
      Required ratio:    0.00 (Cumulative area) 

    Layer: met3
      Partial area ratio:   22.50
      Required ratio:    0.00 (Gate area) 
      Cumulative area ratio:   36.48
      Required ratio:    0.00 (Cumulative area) 
      Partial area ratio:  121.25
      Required ratio:  400.00 (Side area) 
      Cumulative area ratio:  187.90
      Required ratio:    0.00 (Cumulative side area) 

    Layer: via3
      Partial area ratio:    0.11
      Required ratio:    6.00 (Gate area) 
      Cumulative area ratio:    0.80
      Required ratio:    0.00 (Cumulative area) 

    Layer: met4
      Partial area ratio:   50.21
      Required ratio:    0.00 (Gate area) 
      Cumulative area ratio:   86.68
      Required ratio:    0.00 (Cumulative area) 
      Partial area ratio:  269.65
      Required ratio: 2778.20 (Side area) 
      Cumulative area ratio:  457.55
      Required ratio:    0.00 (Cumulative side area) 


  Pin:   _10769_/A1 (sky130_fd_sc_hd__a22o_1)
    Layer: mcon
      Partial area ratio:    0.12
      Required ratio:    3.00 (Gate area) 
      Cumulative area ratio:    0.12
      Required ratio:    0.00 (Cumulative area) 

    Layer: met1
      Partial area ratio:   21.18
      Required ratio:    0.00 (Gate area) 
      Cumulative area ratio:   21.18
      Required ratio:    0.00 (Cumulative area) 
      Partial area ratio:  104.70
      Required ratio:  400.00 (Side area) 
      Cumulative area ratio:  104.70
      Required ratio:    0.00 (Cumulative side area) 

    Layer: via
      Partial area ratio:    0.27
      Required ratio:    6.00 (Gate area) 
      Cumulative area ratio:    0.39
      Required ratio:    0.00 (Cumulative area) 

    Layer: met2
      Partial area ratio:   11.48
      Required ratio:    0.00 (Gate area) 
      Cumulative area ratio:   32.66
      Required ratio:    0.00 (Cumulative area) 
      Partial area ratio:   56.00
      Required ratio:  400.00 (Side area) 
      Cumulative area ratio:  160.70
      Required ratio:    0.00 (Cumulative side area) 

    Layer: via2
      Partial area ratio:    0.11
      Required ratio:    6.00 (Gate area) 
      Cumulative area ratio:    0.50
      Required ratio:    0.00 (Cumulative area) 

    Layer: met3
      Partial area ratio:   22.50
      Required ratio:    0.00 (Gate area) 
      Cumulative area ratio:   55.16
      Required ratio:    0.00 (Cumulative area) 
      Partial area ratio:  121.25
      Required ratio:  400.00 (Side area) 
      Cumulative area ratio:  281.95
      Required ratio:    0.00 (Cumulative side area) 

    Layer: via3
      Partial area ratio:    0.11
      Required ratio:    6.00 (Gate area) 
      Cumulative area ratio:    0.60
      Required ratio:    0.00 (Cumulative area) 

    Layer: met4
      Partial area ratio:   50.21
      Required ratio:    0.00 (Gate area) 
      Cumulative area ratio:  105.37
      Required ratio:    0.00 (Cumulative area) 
      Partial area ratio:  269.65
      Required ratio: 2778.20 (Side area) 
      Cumulative area ratio:  551.60
      Required ratio:    0.00 (Cumulative side area) 


  Pin:   hold598/A (sky130_fd_sc_hd__dlygate4sd3_1)
    Layer: mcon
      Partial area ratio:    0.23
      Required ratio:    3.00 (Gate area) 
      Cumulative area ratio:    0.23
      Required ratio:    0.00 (Cumulative area) 

    Layer: met1
      Partial area ratio:    3.98
      Required ratio:    0.00 (Gate area) 
      Cumulative area ratio:    3.98
      Required ratio:    0.00 (Cumulative area) 
      Partial area ratio:   18.44
      Required ratio:  400.00 (Side area) 
      Cumulative area ratio:   18.44
      Required ratio:    0.00 (Cumulative side area) 

    Layer: via
      Partial area ratio:    0.36
      Required ratio:    6.00 (Gate area) 
      Cumulative area ratio:    0.59
      Required ratio:    0.00 (Cumulative area) 

    Layer: met2
      Partial area ratio:   70.89
      Required ratio:    0.00 (Gate area) 
      Cumulative area ratio:   74.88
      Required ratio:    0.00 (Cumulative area) 
      Partial area ratio:  352.61
      Required ratio:  400.00 (Side area) 
      Cumulative area ratio:  371.06
      Required ratio:    0.00 (Cumulative side area) 

    Layer: via2
      Partial area ratio:    0.63
      Required ratio:    6.00 (Gate area) 
      Cumulative area ratio:    1.22
      Required ratio:    0.00 (Cumulative area) 

    Layer: met3
      Partial area ratio:  116.98
      Required ratio:    0.00 (Gate area) 
      Cumulative area ratio:  191.85
      Required ratio:    0.00 (Cumulative area) 
      Partial area ratio:  631.30
      Required ratio:  400.00 (Side area) (VIOLATED)
      Cumulative area ratio: 1002.36
      Required ratio:    0.00 (Cumulative side area) 

    Layer: via3
      Partial area ratio:    0.63
      Required ratio:    6.00 (Gate area) 
      Cumulative area ratio:    1.86
      Required ratio:    0.00 (Cumulative area) 

    Layer: met4
      Partial area ratio:   50.21
      Required ratio:    0.00 (Gate area) 
      Cumulative area ratio:  242.06
      Required ratio:    0.00 (Cumulative area) 
      Partial area ratio:  269.65
      Required ratio: 2778.20 (Side area) 
      Cumulative area ratio: 1272.00
      Required ratio:    0.00 (Cumulative side area) 



Net: net53
  Pin:   _20356_/B (sky130_fd_sc_hd__and2_1)
    Layer: mcon
      Partial area ratio:    0.23
      Required ratio:    3.00 (Gate area) 
      Cumulative area ratio:    0.23
      Required ratio:    0.00 (Cumulative area) 

    Layer: met1
      Partial area ratio:    7.26
      Required ratio:    0.00 (Gate area) 
      Cumulative area ratio:    7.26
      Required ratio:    0.00 (Cumulative area) 
      Partial area ratio:   34.83
      Required ratio:  400.00 (Side area) 
      Cumulative area ratio:   34.83
      Required ratio:    0.00 (Cumulative side area) 

    Layer: via
      Partial area ratio:    0.36
      Required ratio:    6.00 (Gate area) 
      Cumulative area ratio:    0.59
      Required ratio:    0.00 (Cumulative area) 

    Layer: met2
      Partial area ratio:    1.48
      Required ratio:    0.00 (Gate area) 
      Cumulative area ratio:    8.74
      Required ratio:    0.00 (Cumulative area) 
      Partial area ratio:    6.83
      Required ratio:  400.00 (Side area) 
      Cumulative area ratio:   41.67
      Required ratio:    0.00 (Cumulative side area) 

    Layer: via2
      Partial area ratio:    0.32
      Required ratio:    6.00 (Gate area) 
      Cumulative area ratio:    0.90
      Required ratio:    0.00 (Cumulative area) 

    Layer: met3
      Partial area ratio:    0.99
      Required ratio:    0.00 (Gate area) 
      Cumulative area ratio:    9.73
      Required ratio:    0.00 (Cumulative area) 
      Partial area ratio:    9.02
      Required ratio:  400.00 (Side area) 
      Cumulative area ratio:   50.68
      Required ratio:    0.00 (Cumulative side area) 

    Layer: via3
      Partial area ratio:    0.32
      Required ratio:    6.00 (Gate area) 
      Cumulative area ratio:    1.22
      Required ratio:    0.00 (Cumulative area) 

    Layer: met4
      Partial area ratio:  559.51
      Required ratio:    0.00 (Gate area) 
      Cumulative area ratio:  569.25
      Required ratio:    0.00 (Cumulative area) 
      Partial area ratio: 2987.81
      Required ratio: 2753.36 (Side area) (VIOLATED)
      Cumulative area ratio: 3038.49
      Required ratio:    0.00 (Cumulative side area) 



[INFO ANT-0002] Found 2 net violations.
[INFO ANT-0001] Found 2 pin violations.
%OL_END_REPORT
