if {[file exists ~/openlane2/my_script/script_matt.tcl]} {
    source ~/openlane2/my_script/script_matt.tcl
}
Reading timing models for corner nom_tt_025C_1v80…
Reading timing library for the 'nom_tt_025C_1v80' corner at '/home/hien/.volare/volare/sky130/versions/0fe599b2afb6708d281543108caf8310912f54af/sky130A/libs.ref/sky130_fd_sc_hd/lib/sky130_fd_sc_hd__tt_025C_1v80.lib'…
Reading timing models for corner nom_ff_n40C_1v95…
Reading timing library for the 'nom_ff_n40C_1v95' corner at '/home/hien/.volare/volare/sky130/versions/0fe599b2afb6708d281543108caf8310912f54af/sky130A/libs.ref/sky130_fd_sc_hd/lib/sky130_fd_sc_hd__ff_n40C_1v95.lib'…
Reading timing models for corner nom_ss_100C_1v60…
Reading timing library for the 'nom_ss_100C_1v60' corner at '/home/hien/.volare/volare/sky130/versions/0fe599b2afb6708d281543108caf8310912f54af/sky130A/libs.ref/sky130_fd_sc_hd/lib/sky130_fd_sc_hd__ss_100C_1v60.lib'…
Reading OpenROAD database at '/home/hien/openlane2/designs/highspeed_pipelined_multiplier/runs/opti_6/27-openroad-globalplacement/pipelined_mult.odb'…
Reading design constraints file at '/home/hien/openlane2/designs/highspeed_pipelined_multiplier/src/pnr.sdc'…
[INFO] No information on clock propagation in input SDC file-- propagating all clocks.
[INFO] Setting RC values…
[INFO RSZ-0027] Inserted 65 input buffers.
[INFO RSZ-0028] Inserted 64 output buffers.
[INFO RSZ-0058] Using max wire length 6335um.
Iteration | Resized | Buffers | Nets repaired | Remaining
---------------------------------------------------------
        0 |       0 |       0 |             0 |     10825
      100 |      98 |       2 |            24 |     10725
      200 |     191 |       5 |            49 |     10625
      300 |     282 |       8 |            64 |     10525
      400 |     371 |      12 |            75 |     10425
      500 |     456 |      17 |            89 |     10325
      600 |     545 |      18 |            96 |     10225
      700 |     634 |      18 |            99 |     10125
      800 |     720 |      21 |           106 |     10025
      900 |     809 |      23 |           111 |      9925
     1000 |     881 |      24 |           113 |      9825
     1100 |     968 |      27 |           116 |      9725
     1200 |    1057 |      29 |           122 |      9625
     1300 |    1137 |      34 |           124 |      9525
     1400 |    1222 |      37 |           132 |      9425
     1500 |    1299 |      39 |           134 |      9325
     1600 |    1377 |      46 |           140 |      9225
     1700 |    1464 |      48 |           147 |      9125
     1800 |    1539 |      49 |           148 |      9025
     1900 |    1619 |      53 |           153 |      8925
     2000 |    1696 |      61 |           162 |      8825
     2100 |    1774 |      67 |           170 |      8725
     2200 |    1852 |      71 |           174 |      8625
     2300 |    1927 |      77 |           179 |      8525
     2400 |    2006 |      81 |           187 |      8425
     2500 |    2089 |      85 |           197 |      8325
     2600 |    2160 |      87 |           203 |      8225
     2700 |    2233 |      88 |           210 |      8125
     2800 |    2313 |      94 |           220 |      8025
     2900 |    2398 |     100 |           232 |      7925
     3000 |    2473 |     106 |           241 |      7825
     3100 |    2550 |     109 |           248 |      7725
     3200 |    2620 |     111 |           253 |      7625
     3300 |    2697 |     113 |           258 |      7525
     3400 |    2779 |     115 |           261 |      7425
     3500 |    2856 |     122 |           270 |      7325
     3600 |    2934 |     125 |           275 |      7225
     3700 |    3019 |     128 |           282 |      7125
     3800 |    3093 |     131 |           288 |      7025
     3900 |    3165 |     133 |           289 |      6925
     4000 |    3244 |     142 |           297 |      6825
     4100 |    3320 |     145 |           302 |      6725
     4200 |    3394 |     150 |           307 |      6625
     4300 |    3466 |     156 |           313 |      6525
     4400 |    3546 |     162 |           322 |      6425
     4500 |    3622 |     167 |           327 |      6325
     4600 |    3700 |     171 |           333 |      6225
     4700 |    3784 |     177 |           338 |      6125
     4800 |    3861 |     178 |           342 |      6025
     4900 |    3944 |     180 |           344 |      5925
     5000 |    4019 |     188 |           357 |      5825
     5100 |    4094 |     190 |           361 |      5725
     5200 |    4183 |     191 |           364 |      5625
     5300 |    4260 |     198 |           371 |      5525
     5400 |    4337 |     202 |           376 |      5425
     5500 |    4412 |     205 |           380 |      5325
     5600 |    4495 |     211 |           389 |      5225
     5700 |    4581 |     216 |           396 |      5125
     5800 |    4655 |     223 |           408 |      5025
     5900 |    4739 |     230 |           418 |      4925
     6000 |    4805 |     234 |           423 |      4825
     6100 |    4873 |     238 |           432 |      4725
     6200 |    4952 |     242 |           438 |      4625
     6300 |    5029 |     248 |           446 |      4525
     6400 |    5107 |     250 |           476 |      4425
     6500 |    5192 |     256 |           518 |      4325
     6600 |    5275 |     259 |           549 |      4225
     6700 |    5361 |     266 |           584 |      4125
     6800 |    5442 |     274 |           614 |      4025
     6900 |    5520 |     276 |           647 |      3925
     7000 |    5600 |     280 |           682 |      3825
     7100 |    5682 |     284 |           715 |      3725
     7200 |    5769 |     288 |           757 |      3625
     7300 |    5856 |     295 |           782 |      3525
     7400 |    5945 |     298 |           798 |      3425
     7500 |    6023 |     300 |           820 |      3325
     7600 |    6111 |     302 |           843 |      3225
     7700 |    6185 |     304 |           866 |      3125
     7800 |    6265 |     308 |           887 |      3025
     7900 |    6351 |     310 |           897 |      2925
     8000 |    6426 |     312 |           919 |      2825
     8100 |    6513 |     317 |           943 |      2725
     8200 |    6589 |     320 |           969 |      2625
     8300 |    6674 |     323 |           981 |      2525
     8400 |    6770 |     326 |           999 |      2425
     8500 |    6855 |     327 |          1083 |      2325
     8600 |    6941 |     329 |          1173 |      2225
     8700 |    7029 |     329 |          1261 |      2125
     8800 |    7116 |     331 |          1339 |      2025
     8900 |    7196 |     335 |          1418 |      1925
     9000 |    7277 |     337 |          1501 |      1825
     9100 |    7363 |     338 |          1582 |      1725
     9200 |    7446 |     338 |          1665 |      1625
     9300 |    7524 |     339 |          1754 |      1525
     9400 |    7599 |     340 |          1843 |      1425
     9500 |    7684 |     343 |          1915 |      1325
     9600 |    7767 |     345 |          2004 |      1225
     9700 |    7845 |     347 |          2090 |      1125
     9800 |    7925 |     350 |          2179 |      1025
     9900 |    8024 |     353 |          2182 |       925
    10000 |    8123 |     353 |          2183 |       825
    10100 |    8219 |     356 |          2187 |       725
    10200 |    8315 |     356 |          2233 |       625
    10300 |    8434 |     598 |          2281 |       525
    10400 |    8515 |     598 |          2281 |       425
    10500 |    8615 |     598 |          2281 |       325
    10600 |    8715 |     598 |          2281 |       225
    10700 |    8807 |     683 |          2299 |       125
    10800 |    8863 |     683 |          2299 |        25
    final |    8863 |     683 |          2299 |         0
---------------------------------------------------------
[INFO RSZ-0034] Found 2299 slew violations.
[INFO RSZ-0036] Found 63 capacitance violations.
[INFO RSZ-0038] Inserted 683 buffers in 2299 nets.
[INFO RSZ-0039] Resized 8863 instances.
Placement Analysis
---------------------------------
total displacement      29918.8 u
average displacement        1.4 u
max displacement           14.6 u
original HPWL          270338.7 u
legalized HPWL         298715.4 u
delta HPWL                   10 %

[INFO DPL-0020] Mirrored 4720 instances
[INFO DPL-0021] HPWL before          298715.4 u
[INFO DPL-0022] HPWL after           291411.6 u
[INFO DPL-0023] HPWL delta               -2.4 %
[INFO] Setting RC values…
Setting global connections for newly added cells…
[INFO] Setting global connections...
Updating metrics…
Cell type report:                       Count       Area
  Fill cell                               572    2147.06
  Tap cell                               8784   10990.54
  Timing Repair Buffer                    812    6586.32
  Inverter                                178    1158.61
  Sequential cell                         450    9222.60
  Multi-Input combinational cell        10002   82196.33
  Total                                 20798  112301.46
Writing OpenROAD database to '/home/hien/openlane2/designs/highspeed_pipelined_multiplier/runs/opti_6/31-openroad-repairdesignpostgpl/pipelined_mult.odb'…
Writing netlist to '/home/hien/openlane2/designs/highspeed_pipelined_multiplier/runs/opti_6/31-openroad-repairdesignpostgpl/pipelined_mult.nl.v'…
Writing powered netlist to '/home/hien/openlane2/designs/highspeed_pipelined_multiplier/runs/opti_6/31-openroad-repairdesignpostgpl/pipelined_mult.pnl.v'…
Writing layout to '/home/hien/openlane2/designs/highspeed_pipelined_multiplier/runs/opti_6/31-openroad-repairdesignpostgpl/pipelined_mult.def'…
Writing timing constraints to '/home/hien/openlane2/designs/highspeed_pipelined_multiplier/runs/opti_6/31-openroad-repairdesignpostgpl/pipelined_mult.sdc'…
