if {[file exists ~/openlane2/my_script/script_matt.tcl]} {
    source ~/openlane2/my_script/script_matt.tcl
}
Reading OpenROAD database at '/home/hien/openlane2/designs/highspeed_pipelined_multiplier/runs/opti_2/41-openroad-repairantennas/1-diodeinsertion/pipelined_mult.odb'…
Reading library file at '/home/hien/.volare/volare/sky130/versions/0fe599b2afb6708d281543108caf8310912f54af/sky130A/libs.ref/sky130_fd_sc_hd/lib/sky130_fd_sc_hd__tt_025C_1v80.lib'…
Reading design constraints file at '/home/hien/openlane2/designs/highspeed_pipelined_multiplier/src/pnr.sdc'…
[INFO] No information on clock propagation in input SDC file-- propagating all clocks.
%OL_CREATE_REPORT /home/hien/openlane2/designs/highspeed_pipelined_multiplier/runs/opti_2/41-openroad-repairantennas/2-openroad-checkantennas/reports/antenna.rpt
Net: _01855_
  Pin:   _11406_/A3 (sky130_fd_sc_hd__o32ai_1)
    Layer: mcon
      Partial area ratio:    0.12
      Required ratio:    3.00 (Gate area) 
      Cumulative area ratio:    0.12
      Required ratio:    0.00 (Cumulative area) 

    Layer: met1
      Partial area ratio:    5.20
      Required ratio:    0.00 (Gate area) 
      Cumulative area ratio:    5.20
      Required ratio:    0.00 (Cumulative area) 
      Partial area ratio:   25.04
      Required ratio:  400.00 (Side area) 
      Cumulative area ratio:   25.04
      Required ratio:    0.00 (Cumulative side area) 

    Layer: via
      Partial area ratio:    0.18
      Required ratio:    6.00 (Gate area) 
      Cumulative area ratio:    0.30
      Required ratio:    0.00 (Cumulative area) 

    Layer: met2
      Partial area ratio:    0.72
      Required ratio:    0.00 (Gate area) 
      Cumulative area ratio:    5.92
      Required ratio:    0.00 (Cumulative area) 
      Partial area ratio:    3.39
      Required ratio:  400.00 (Side area) 
      Cumulative area ratio:   28.43
      Required ratio:    0.00 (Cumulative side area) 

    Layer: via2
      Partial area ratio:    0.11
      Required ratio:    6.00 (Gate area) 
      Cumulative area ratio:    0.40
      Required ratio:    0.00 (Cumulative area) 

    Layer: met3
      Partial area ratio:   16.96
      Required ratio:    0.00 (Gate area) 
      Cumulative area ratio:   22.88
      Required ratio:    0.00 (Cumulative area) 
      Partial area ratio:   91.69
      Required ratio:  400.00 (Side area) 
      Cumulative area ratio:  120.13
      Required ratio:    0.00 (Cumulative side area) 

    Layer: via3
      Partial area ratio:    0.11
      Required ratio:    6.00 (Gate area) 
      Cumulative area ratio:    0.51
      Required ratio:    0.00 (Cumulative area) 

    Layer: met4
      Partial area ratio:   23.02
      Required ratio:    0.00 (Gate area) 
      Cumulative area ratio:   45.90
      Required ratio:    0.00 (Cumulative area) 
      Partial area ratio:  123.22
      Required ratio: 3172.40 (Side area) 
      Cumulative area ratio:  243.35
      Required ratio:    0.00 (Cumulative side area) 


  Pin:   _11652_/A (sky130_fd_sc_hd__or2_2)
    Layer: mcon
      Partial area ratio:    0.23
      Required ratio:    3.00 (Gate area) 
      Cumulative area ratio:    0.23
      Required ratio:    0.00 (Cumulative area) 

    Layer: met1
      Partial area ratio:    5.20
      Required ratio:    0.00 (Gate area) 
      Cumulative area ratio:    5.20
      Required ratio:    0.00 (Cumulative area) 
      Partial area ratio:   25.04
      Required ratio:  400.00 (Side area) 
      Cumulative area ratio:   25.04
      Required ratio:    0.00 (Cumulative side area) 

    Layer: via
      Partial area ratio:    0.18
      Required ratio:    6.00 (Gate area) 
      Cumulative area ratio:    0.41
      Required ratio:    0.00 (Cumulative area) 

    Layer: met2
      Partial area ratio:    0.72
      Required ratio:    0.00 (Gate area) 
      Cumulative area ratio:    5.92
      Required ratio:    0.00 (Cumulative area) 
      Partial area ratio:    3.39
      Required ratio:  400.00 (Side area) 
      Cumulative area ratio:   28.43
      Required ratio:    0.00 (Cumulative side area) 

    Layer: via2
      Partial area ratio:    0.11
      Required ratio:    6.00 (Gate area) 
      Cumulative area ratio:    0.52
      Required ratio:    0.00 (Cumulative area) 

    Layer: met3
      Partial area ratio:   16.96
      Required ratio:    0.00 (Gate area) 
      Cumulative area ratio:   22.88
      Required ratio:    0.00 (Cumulative area) 
      Partial area ratio:   91.69
      Required ratio:  400.00 (Side area) 
      Cumulative area ratio:  120.13
      Required ratio:    0.00 (Cumulative side area) 

    Layer: via3
      Partial area ratio:    0.11
      Required ratio:    6.00 (Gate area) 
      Cumulative area ratio:    0.62
      Required ratio:    0.00 (Cumulative area) 

    Layer: met4
      Partial area ratio:   23.02
      Required ratio:    0.00 (Gate area) 
      Cumulative area ratio:   45.90
      Required ratio:    0.00 (Cumulative area) 
      Partial area ratio:  123.22
      Required ratio: 3172.40 (Side area) 
      Cumulative area ratio:  243.35
      Required ratio:    0.00 (Cumulative side area) 


  Pin:   _13420_/A1 (sky130_fd_sc_hd__o211ai_2)
    Layer: mcon
      Partial area ratio:    0.06
      Required ratio:    3.00 (Gate area) 
      Cumulative area ratio:    0.06
      Required ratio:    0.00 (Cumulative area) 

    Layer: met1
      Partial area ratio:    1.47
      Required ratio:    0.00 (Gate area) 
      Cumulative area ratio:    1.47
      Required ratio:    0.00 (Cumulative area) 
      Partial area ratio:    6.95
      Required ratio:  400.00 (Side area) 
      Cumulative area ratio:    6.95
      Required ratio:    0.00 (Cumulative side area) 

    Layer: via
      Partial area ratio:    0.09
      Required ratio:    6.00 (Gate area) 
      Cumulative area ratio:    0.15
      Required ratio:    0.00 (Cumulative area) 

    Layer: met2
      Partial area ratio:    2.40
      Required ratio:    0.00 (Gate area) 
      Cumulative area ratio:    3.86
      Required ratio:    0.00 (Cumulative area) 
      Partial area ratio:   11.63
      Required ratio:  400.00 (Side area) 
      Cumulative area ratio:   18.58
      Required ratio:    0.00 (Cumulative side area) 

    Layer: via2
      Partial area ratio:    0.08
      Required ratio:    6.00 (Gate area) 
      Cumulative area ratio:    0.23
      Required ratio:    0.00 (Cumulative area) 

    Layer: met3
      Partial area ratio:   30.41
      Required ratio:    0.00 (Gate area) 
      Cumulative area ratio:   34.27
      Required ratio:    0.00 (Cumulative area) 
      Partial area ratio:  163.67
      Required ratio: 3172.40 (Side area) 
      Cumulative area ratio:  182.25
      Required ratio:    0.00 (Cumulative side area) 

    Layer: via3
      Partial area ratio:    0.06
      Required ratio:   57.52 (Gate area) 
      Cumulative area ratio:    0.29
      Required ratio:    0.00 (Cumulative area) 

    Layer: met4
      Partial area ratio:   23.02
      Required ratio:    0.00 (Gate area) 
      Cumulative area ratio:   57.29
      Required ratio:    0.00 (Cumulative area) 
      Partial area ratio:  123.22
      Required ratio: 3172.40 (Side area) 
      Cumulative area ratio:  305.48
      Required ratio:    0.00 (Cumulative side area) 


  Pin:   hold735/A (sky130_fd_sc_hd__dlygate4sd3_1)
    Layer: mcon
      Partial area ratio:    0.23
      Required ratio:    3.00 (Gate area) 
      Cumulative area ratio:    0.23
      Required ratio:    0.00 (Cumulative area) 

    Layer: met1
      Partial area ratio:    4.91
      Required ratio:    0.00 (Gate area) 
      Cumulative area ratio:    4.91
      Required ratio:    0.00 (Cumulative area) 
      Partial area ratio:   23.06
      Required ratio:  400.00 (Side area) 
      Cumulative area ratio:   23.06
      Required ratio:    0.00 (Cumulative side area) 

    Layer: via
      Partial area ratio:    0.36
      Required ratio:    6.00 (Gate area) 
      Cumulative area ratio:    0.59
      Required ratio:    0.00 (Cumulative area) 

    Layer: met2
      Partial area ratio:  109.53
      Required ratio:    0.00 (Gate area) 
      Cumulative area ratio:  114.44
      Required ratio:    0.00 (Cumulative area) 
      Partial area ratio:  544.94
      Required ratio:  400.00 (Side area) (VIOLATED)
      Cumulative area ratio:  568.00
      Required ratio:    0.00 (Cumulative side area) 

    Layer: via2
      Partial area ratio:    0.63
      Required ratio:    6.00 (Gate area) 
      Cumulative area ratio:    1.22
      Required ratio:    0.00 (Cumulative area) 

    Layer: met3
      Partial area ratio:   30.41
      Required ratio:    0.00 (Gate area) 
      Cumulative area ratio:  144.84
      Required ratio:    0.00 (Cumulative area) 
      Partial area ratio:  163.67
      Required ratio: 3172.40 (Side area) 
      Cumulative area ratio:  731.67
      Required ratio:    0.00 (Cumulative side area) 

    Layer: via3
      Partial area ratio:    0.06
      Required ratio:   57.52 (Gate area) 
      Cumulative area ratio:    1.29
      Required ratio:    0.00 (Cumulative area) 

    Layer: met4
      Partial area ratio:   23.02
      Required ratio:    0.00 (Gate area) 
      Cumulative area ratio:  167.86
      Required ratio:    0.00 (Cumulative area) 
      Partial area ratio:  123.22
      Required ratio: 3172.40 (Side area) 
      Cumulative area ratio:  854.89
      Required ratio:    0.00 (Cumulative side area) 



Net: mid_sum\[32\]
  Pin:   hold523/A (sky130_fd_sc_hd__dlygate4sd3_1)
    Layer: mcon
      Partial area ratio:    0.23
      Required ratio:    3.00 (Gate area) 
      Cumulative area ratio:    0.23
      Required ratio:    0.00 (Cumulative area) 

    Layer: met1
      Partial area ratio:    5.79
      Required ratio:    0.00 (Gate area) 
      Cumulative area ratio:    5.79
      Required ratio:    0.00 (Cumulative area) 
      Partial area ratio:   27.50
      Required ratio:  400.00 (Side area) 
      Cumulative area ratio:   27.50
      Required ratio:    0.00 (Cumulative side area) 

    Layer: via
      Partial area ratio:    0.36
      Required ratio:    6.00 (Gate area) 
      Cumulative area ratio:    0.59
      Required ratio:    0.00 (Cumulative area) 

    Layer: met2
      Partial area ratio:   86.09
      Required ratio:    0.00 (Gate area) 
      Cumulative area ratio:   91.89
      Required ratio:    0.00 (Cumulative area) 
      Partial area ratio:  429.03
      Required ratio:  400.00 (Side area) (VIOLATED)
      Cumulative area ratio:  456.53
      Required ratio:    0.00 (Cumulative side area) 

    Layer: via2
      Partial area ratio:    0.32
      Required ratio:    6.00 (Gate area) 
      Cumulative area ratio:    0.90
      Required ratio:    0.00 (Cumulative area) 

    Layer: met3
      Partial area ratio:   17.41
      Required ratio:    0.00 (Gate area) 
      Cumulative area ratio:  109.30
      Required ratio:    0.00 (Cumulative area) 
      Partial area ratio:   96.57
      Required ratio:  400.00 (Side area) 
      Cumulative area ratio:  553.10
      Required ratio:    0.00 (Cumulative side area) 

    Layer: via3
      Partial area ratio:    0.32
      Required ratio:    6.00 (Gate area) 
      Cumulative area ratio:    1.22
      Required ratio:    0.00 (Cumulative area) 

    Layer: met4
      Partial area ratio:   17.37
      Required ratio:    0.00 (Gate area) 
      Cumulative area ratio:  126.67
      Required ratio:    0.00 (Cumulative area) 
      Partial area ratio:   96.38
      Required ratio: 2771.60 (Side area) 
      Cumulative area ratio:  649.48
      Required ratio:    0.00 (Cumulative side area) 



[INFO ANT-0002] Found 2 net violations.
[INFO ANT-0001] Found 2 pin violations.
%OL_END_REPORT
