
===========================================================================
report_checks -unconstrained
===========================================================================
======================= max_ss_100C_1v60 Corner ===================================

Startpoint: _20800_ (rising edge-triggered flip-flop clocked by clk)
Endpoint: _20728_ (rising edge-triggered flip-flop clocked by clk)
Path Group: clk
Path Type: max

Fanout         Cap        Slew       Delay        Time   Description
---------------------------------------------------------------------------------------------
                                  0.000000    0.000000   clock clk (rise edge)
                                  0.000000    0.000000   clock source latency
     2    0.054840    0.249979    0.185596    0.185596 ^ clk (in)
                                                         clk (net)
                      0.250009    0.000000    0.185596 ^ clkbuf_0_clk/A (sky130_fd_sc_hd__clkbuf_16)
     8    0.232142    0.362609    0.528049    0.713645 ^ clkbuf_0_clk/X (sky130_fd_sc_hd__clkbuf_16)
                                                         clknet_0_clk (net)
                      0.363552    0.015155    0.728800 ^ clkbuf_3_1__f_clk/A (sky130_fd_sc_hd__clkbuf_16)
     7    0.104419    0.184572    0.444638    1.173438 ^ clkbuf_3_1__f_clk/X (sky130_fd_sc_hd__clkbuf_16)
                                                         clknet_3_1__leaf_clk (net)
                      0.185219    0.007963    1.181401 ^ clkbuf_leaf_3_clk/A (sky130_fd_sc_hd__clkbuf_8)
     7    0.029866    0.107700    0.310425    1.491826 ^ clkbuf_leaf_3_clk/X (sky130_fd_sc_hd__clkbuf_8)
                                                         clknet_leaf_3_clk (net)
                      0.107746    0.002078    1.493904 ^ _20800_/CLK (sky130_fd_sc_hd__dfxtp_4)
     3    0.064715    0.303186    0.896860    2.390764 ^ _20800_/Q (sky130_fd_sc_hd__dfxtp_4)
                                                         b_h[6] (net)
                      0.303346    0.006496    2.397260 ^ max_cap514/A (sky130_fd_sc_hd__buf_12)
     8    0.092683    0.179906    0.356430    2.753690 ^ max_cap514/X (sky130_fd_sc_hd__buf_12)
                                                         net514 (net)
                      0.181686    0.014295    2.767985 ^ max_cap513/A (sky130_fd_sc_hd__buf_6)
    18    0.117860    0.371716    0.441765    3.209750 ^ max_cap513/X (sky130_fd_sc_hd__buf_6)
                                                         net513 (net)
                      0.374418    0.025647    3.235397 ^ max_cap512/A (sky130_fd_sc_hd__buf_12)
    22    0.113226    0.216572    0.398452    3.633849 ^ max_cap512/X (sky130_fd_sc_hd__buf_12)
                                                         net512 (net)
                      0.221170    0.025020    3.658869 ^ _15779_/B (sky130_fd_sc_hd__nand2_1)
     5    0.017597    0.301388    0.337219    3.996089 v _15779_/Y (sky130_fd_sc_hd__nand2_1)
                                                         _06658_ (net)
                      0.301388    0.000872    3.996961 v _15780_/B (sky130_fd_sc_hd__nand2_2)
     6    0.023778    0.225367    0.319594    4.316555 ^ _15780_/Y (sky130_fd_sc_hd__nand2_2)
                                                         _06659_ (net)
                      0.225368    0.001171    4.317726 ^ _15787_/A1 (sky130_fd_sc_hd__a21o_1)
     1    0.007078    0.116357    0.307613    4.625340 ^ _15787_/X (sky130_fd_sc_hd__a21o_1)
                                                         _06666_ (net)
                      0.116357    0.000522    4.625862 ^ _15788_/C (sky130_fd_sc_hd__nand3_2)
     5    0.026761    0.377037    0.379891    5.005753 v _15788_/Y (sky130_fd_sc_hd__nand3_2)
                                                         _06667_ (net)
                      0.377157    0.001599    5.007352 v _15866_/B1 (sky130_fd_sc_hd__a32oi_4)
     5    0.028424    0.473403    0.566486    5.573838 ^ _15866_/Y (sky130_fd_sc_hd__a32oi_4)
                                                         _06744_ (net)
                      0.473430    0.003533    5.577371 ^ _15867_/B (sky130_fd_sc_hd__nor2_2)
     5    0.026217    0.177522    0.293020    5.870391 v _15867_/Y (sky130_fd_sc_hd__nor2_2)
                                                         _06745_ (net)
                      0.177534    0.001530    5.871922 v _15870_/A (sky130_fd_sc_hd__nor2_2)
     2    0.012993    0.263593    0.328405    6.200326 ^ _15870_/Y (sky130_fd_sc_hd__nor2_2)
                                                         _06748_ (net)
                      0.263593    0.000368    6.200695 ^ max_cap262/A (sky130_fd_sc_hd__buf_1)
     4    0.014715    0.286667    0.380529    6.581223 ^ max_cap262/X (sky130_fd_sc_hd__buf_1)
                                                         net262 (net)
                      0.286667    0.000681    6.581903 ^ _15947_/B (sky130_fd_sc_hd__nand2_1)
     1    0.009262    0.176507    0.262583    6.844487 v _15947_/Y (sky130_fd_sc_hd__nand2_1)
                                                         _06825_ (net)
                      0.176507    0.000703    6.845190 v _15954_/A1 (sky130_fd_sc_hd__o211ai_4)
     4    0.028049    0.428625    0.500266    7.345456 ^ _15954_/Y (sky130_fd_sc_hd__o211ai_4)
                                                         _06832_ (net)
                      0.428626    0.001683    7.347139 ^ _15958_/A (sky130_fd_sc_hd__nand2_4)
     4    0.034058    0.200151    0.295703    7.642841 v _15958_/Y (sky130_fd_sc_hd__nand2_4)
                                                         _06836_ (net)
                      0.200328    0.003361    7.646202 v _15961_/C1 (sky130_fd_sc_hd__o211ai_2)
     1    0.010159    0.290428    0.189851    7.836053 ^ _15961_/Y (sky130_fd_sc_hd__o211ai_2)
                                                         _06839_ (net)
                      0.290428    0.000489    7.836542 ^ _15964_/B1 (sky130_fd_sc_hd__o211ai_4)
     3    0.015940    0.170334    0.276090    8.112633 v _15964_/Y (sky130_fd_sc_hd__o211ai_4)
                                                         _06842_ (net)
                      0.170335    0.000967    8.113600 v _15968_/B2 (sky130_fd_sc_hd__o22ai_4)
     4    0.032728    0.472112    0.406098    8.519698 ^ _15968_/Y (sky130_fd_sc_hd__o22ai_4)
                                                         _06845_ (net)
                      0.472136    0.002626    8.522325 ^ _16185_/A1_N (sky130_fd_sc_hd__o2bb2ai_4)
     5    0.029703    0.364720    0.412653    8.934978 ^ _16185_/Y (sky130_fd_sc_hd__o2bb2ai_4)
                                                         _07060_ (net)
                      0.364742    0.002255    8.937233 ^ _16565_/B (sky130_fd_sc_hd__nand2_4)
     2    0.022603    0.137282    0.237852    9.175084 v _16565_/Y (sky130_fd_sc_hd__nand2_4)
                                                         _07438_ (net)
                      0.137310    0.001950    9.177034 v _16716_/B2 (sky130_fd_sc_hd__a22oi_4)
     3    0.049361    0.616371    0.586622    9.763657 ^ _16716_/Y (sky130_fd_sc_hd__a22oi_4)
                                                         _07587_ (net)
                      0.616461    0.005993    9.769650 ^ _17761_/A1 (sky130_fd_sc_hd__a21oi_4)
     3    0.028578    0.212888    0.362365   10.132014 v _17761_/Y (sky130_fd_sc_hd__a21oi_4)
                                                         _08624_ (net)
                      0.212922    0.002644   10.134659 v _17917_/A2 (sky130_fd_sc_hd__o21bai_2)
     2    0.019235    0.399693    0.425058   10.559717 ^ _17917_/Y (sky130_fd_sc_hd__o21bai_2)
                                                         _08776_ (net)
                      0.399734    0.003263   10.562980 ^ _17949_/A (sky130_fd_sc_hd__nand2_1)
     1    0.004664    0.139998    0.238134   10.801114 v _17949_/Y (sky130_fd_sc_hd__nand2_1)
                                                         _08806_ (net)
                      0.139998    0.000314   10.801429 v _17952_/A2 (sky130_fd_sc_hd__a21oi_1)
     1    0.003684    0.193086    0.276062   11.077491 ^ _17952_/Y (sky130_fd_sc_hd__a21oi_1)
                                                         _08809_ (net)
                      0.193086    0.000161   11.077651 ^ _17954_/C (sky130_fd_sc_hd__nor3_1)
     1    0.002729    0.141302    0.124851   11.202502 v _17954_/Y (sky130_fd_sc_hd__nor3_1)
                                                         _00368_ (net)
                      0.141303    0.000169   11.202671 v _20728_/D (sky130_fd_sc_hd__dfxtp_1)
                                             11.202671   data arrival time

                                 10.000000   10.000000   clock clk (rise edge)
                                  0.000000   10.000000   clock source latency
     2    0.054840    0.249979    0.185596   10.185596 ^ clk (in)
                                                         clk (net)
                      0.250009    0.000000   10.185596 ^ clkbuf_0_clk/A (sky130_fd_sc_hd__clkbuf_16)
     8    0.232142    0.362609    0.528049   10.713645 ^ clkbuf_0_clk/X (sky130_fd_sc_hd__clkbuf_16)
                                                         clknet_0_clk (net)
                      0.363405    0.013967   10.727612 ^ clkbuf_3_4__f_clk/A (sky130_fd_sc_hd__clkbuf_16)
    11    0.111619    0.194973    0.449096   11.176708 ^ clkbuf_3_4__f_clk/X (sky130_fd_sc_hd__clkbuf_16)
                                                         clknet_3_4__leaf_clk (net)
                      0.196047    0.010895   11.187603 ^ clkbuf_leaf_6_clk/A (sky130_fd_sc_hd__clkbuf_8)
     5    0.027564    0.101799    0.310121   11.497724 ^ clkbuf_leaf_6_clk/X (sky130_fd_sc_hd__clkbuf_8)
                                                         clknet_leaf_6_clk (net)
                      0.101850    0.002107   11.499831 ^ _20728_/CLK (sky130_fd_sc_hd__dfxtp_1)
                                 -0.200000   11.299830   clock uncertainty
                                  0.000000   11.299830   clock reconvergence pessimism
                                 -0.290023   11.009808   library setup time
                                             11.009808   data required time
---------------------------------------------------------------------------------------------
                                             11.009808   data required time
                                            -11.202671   data arrival time
---------------------------------------------------------------------------------------------
                                             -0.192864   slack (VIOLATED)




===========================================================================
report_checks --slack_max -0.01
============================================================================
======================= max_ss_100C_1v60 Corner ===================================

Startpoint: _20800_ (rising edge-triggered flip-flop clocked by clk)
Endpoint: _20728_ (rising edge-triggered flip-flop clocked by clk)
Path Group: clk
Path Type: max

Fanout         Cap        Slew       Delay        Time   Description
---------------------------------------------------------------------------------------------
                                  0.000000    0.000000   clock clk (rise edge)
                                  0.000000    0.000000   clock source latency
     2    0.054840    0.249979    0.185596    0.185596 ^ clk (in)
                                                         clk (net)
                      0.250009    0.000000    0.185596 ^ clkbuf_0_clk/A (sky130_fd_sc_hd__clkbuf_16)
     8    0.232142    0.362609    0.528049    0.713645 ^ clkbuf_0_clk/X (sky130_fd_sc_hd__clkbuf_16)
                                                         clknet_0_clk (net)
                      0.363552    0.015155    0.728800 ^ clkbuf_3_1__f_clk/A (sky130_fd_sc_hd__clkbuf_16)
     7    0.104419    0.184572    0.444638    1.173438 ^ clkbuf_3_1__f_clk/X (sky130_fd_sc_hd__clkbuf_16)
                                                         clknet_3_1__leaf_clk (net)
                      0.185219    0.007963    1.181401 ^ clkbuf_leaf_3_clk/A (sky130_fd_sc_hd__clkbuf_8)
     7    0.029866    0.107700    0.310425    1.491826 ^ clkbuf_leaf_3_clk/X (sky130_fd_sc_hd__clkbuf_8)
                                                         clknet_leaf_3_clk (net)
                      0.107746    0.002078    1.493904 ^ _20800_/CLK (sky130_fd_sc_hd__dfxtp_4)
     3    0.064715    0.303186    0.896860    2.390764 ^ _20800_/Q (sky130_fd_sc_hd__dfxtp_4)
                                                         b_h[6] (net)
                      0.303346    0.006496    2.397260 ^ max_cap514/A (sky130_fd_sc_hd__buf_12)
     8    0.092683    0.179906    0.356430    2.753690 ^ max_cap514/X (sky130_fd_sc_hd__buf_12)
                                                         net514 (net)
                      0.181686    0.014295    2.767985 ^ max_cap513/A (sky130_fd_sc_hd__buf_6)
    18    0.117860    0.371716    0.441765    3.209750 ^ max_cap513/X (sky130_fd_sc_hd__buf_6)
                                                         net513 (net)
                      0.374418    0.025647    3.235397 ^ max_cap512/A (sky130_fd_sc_hd__buf_12)
    22    0.113226    0.216572    0.398452    3.633849 ^ max_cap512/X (sky130_fd_sc_hd__buf_12)
                                                         net512 (net)
                      0.221170    0.025020    3.658869 ^ _15779_/B (sky130_fd_sc_hd__nand2_1)
     5    0.017597    0.301388    0.337219    3.996089 v _15779_/Y (sky130_fd_sc_hd__nand2_1)
                                                         _06658_ (net)
                      0.301388    0.000872    3.996961 v _15780_/B (sky130_fd_sc_hd__nand2_2)
     6    0.023778    0.225367    0.319594    4.316555 ^ _15780_/Y (sky130_fd_sc_hd__nand2_2)
                                                         _06659_ (net)
                      0.225368    0.001171    4.317726 ^ _15787_/A1 (sky130_fd_sc_hd__a21o_1)
     1    0.007078    0.116357    0.307613    4.625340 ^ _15787_/X (sky130_fd_sc_hd__a21o_1)
                                                         _06666_ (net)
                      0.116357    0.000522    4.625862 ^ _15788_/C (sky130_fd_sc_hd__nand3_2)
     5    0.026761    0.377037    0.379891    5.005753 v _15788_/Y (sky130_fd_sc_hd__nand3_2)
                                                         _06667_ (net)
                      0.377157    0.001599    5.007352 v _15866_/B1 (sky130_fd_sc_hd__a32oi_4)
     5    0.028424    0.473403    0.566486    5.573838 ^ _15866_/Y (sky130_fd_sc_hd__a32oi_4)
                                                         _06744_ (net)
                      0.473430    0.003533    5.577371 ^ _15867_/B (sky130_fd_sc_hd__nor2_2)
     5    0.026217    0.177522    0.293020    5.870391 v _15867_/Y (sky130_fd_sc_hd__nor2_2)
                                                         _06745_ (net)
                      0.177534    0.001530    5.871922 v _15870_/A (sky130_fd_sc_hd__nor2_2)
     2    0.012993    0.263593    0.328405    6.200326 ^ _15870_/Y (sky130_fd_sc_hd__nor2_2)
                                                         _06748_ (net)
                      0.263593    0.000368    6.200695 ^ max_cap262/A (sky130_fd_sc_hd__buf_1)
     4    0.014715    0.286667    0.380529    6.581223 ^ max_cap262/X (sky130_fd_sc_hd__buf_1)
                                                         net262 (net)
                      0.286667    0.000681    6.581903 ^ _15947_/B (sky130_fd_sc_hd__nand2_1)
     1    0.009262    0.176507    0.262583    6.844487 v _15947_/Y (sky130_fd_sc_hd__nand2_1)
                                                         _06825_ (net)
                      0.176507    0.000703    6.845190 v _15954_/A1 (sky130_fd_sc_hd__o211ai_4)
     4    0.028049    0.428625    0.500266    7.345456 ^ _15954_/Y (sky130_fd_sc_hd__o211ai_4)
                                                         _06832_ (net)
                      0.428626    0.001683    7.347139 ^ _15958_/A (sky130_fd_sc_hd__nand2_4)
     4    0.034058    0.200151    0.295703    7.642841 v _15958_/Y (sky130_fd_sc_hd__nand2_4)
                                                         _06836_ (net)
                      0.200328    0.003361    7.646202 v _15961_/C1 (sky130_fd_sc_hd__o211ai_2)
     1    0.010159    0.290428    0.189851    7.836053 ^ _15961_/Y (sky130_fd_sc_hd__o211ai_2)
                                                         _06839_ (net)
                      0.290428    0.000489    7.836542 ^ _15964_/B1 (sky130_fd_sc_hd__o211ai_4)
     3    0.015940    0.170334    0.276090    8.112633 v _15964_/Y (sky130_fd_sc_hd__o211ai_4)
                                                         _06842_ (net)
                      0.170335    0.000967    8.113600 v _15968_/B2 (sky130_fd_sc_hd__o22ai_4)
     4    0.032728    0.472112    0.406098    8.519698 ^ _15968_/Y (sky130_fd_sc_hd__o22ai_4)
                                                         _06845_ (net)
                      0.472136    0.002626    8.522325 ^ _16185_/A1_N (sky130_fd_sc_hd__o2bb2ai_4)
     5    0.029703    0.364720    0.412653    8.934978 ^ _16185_/Y (sky130_fd_sc_hd__o2bb2ai_4)
                                                         _07060_ (net)
                      0.364742    0.002255    8.937233 ^ _16565_/B (sky130_fd_sc_hd__nand2_4)
     2    0.022603    0.137282    0.237852    9.175084 v _16565_/Y (sky130_fd_sc_hd__nand2_4)
                                                         _07438_ (net)
                      0.137310    0.001950    9.177034 v _16716_/B2 (sky130_fd_sc_hd__a22oi_4)
     3    0.049361    0.616371    0.586622    9.763657 ^ _16716_/Y (sky130_fd_sc_hd__a22oi_4)
                                                         _07587_ (net)
                      0.616461    0.005993    9.769650 ^ _17761_/A1 (sky130_fd_sc_hd__a21oi_4)
     3    0.028578    0.212888    0.362365   10.132014 v _17761_/Y (sky130_fd_sc_hd__a21oi_4)
                                                         _08624_ (net)
                      0.212922    0.002644   10.134659 v _17917_/A2 (sky130_fd_sc_hd__o21bai_2)
     2    0.019235    0.399693    0.425058   10.559717 ^ _17917_/Y (sky130_fd_sc_hd__o21bai_2)
                                                         _08776_ (net)
                      0.399734    0.003263   10.562980 ^ _17949_/A (sky130_fd_sc_hd__nand2_1)
     1    0.004664    0.139998    0.238134   10.801114 v _17949_/Y (sky130_fd_sc_hd__nand2_1)
                                                         _08806_ (net)
                      0.139998    0.000314   10.801429 v _17952_/A2 (sky130_fd_sc_hd__a21oi_1)
     1    0.003684    0.193086    0.276062   11.077491 ^ _17952_/Y (sky130_fd_sc_hd__a21oi_1)
                                                         _08809_ (net)
                      0.193086    0.000161   11.077651 ^ _17954_/C (sky130_fd_sc_hd__nor3_1)
     1    0.002729    0.141302    0.124851   11.202502 v _17954_/Y (sky130_fd_sc_hd__nor3_1)
                                                         _00368_ (net)
                      0.141303    0.000169   11.202671 v _20728_/D (sky130_fd_sc_hd__dfxtp_1)
                                             11.202671   data arrival time

                                 10.000000   10.000000   clock clk (rise edge)
                                  0.000000   10.000000   clock source latency
     2    0.054840    0.249979    0.185596   10.185596 ^ clk (in)
                                                         clk (net)
                      0.250009    0.000000   10.185596 ^ clkbuf_0_clk/A (sky130_fd_sc_hd__clkbuf_16)
     8    0.232142    0.362609    0.528049   10.713645 ^ clkbuf_0_clk/X (sky130_fd_sc_hd__clkbuf_16)
                                                         clknet_0_clk (net)
                      0.363405    0.013967   10.727612 ^ clkbuf_3_4__f_clk/A (sky130_fd_sc_hd__clkbuf_16)
    11    0.111619    0.194973    0.449096   11.176708 ^ clkbuf_3_4__f_clk/X (sky130_fd_sc_hd__clkbuf_16)
                                                         clknet_3_4__leaf_clk (net)
                      0.196047    0.010895   11.187603 ^ clkbuf_leaf_6_clk/A (sky130_fd_sc_hd__clkbuf_8)
     5    0.027564    0.101799    0.310121   11.497724 ^ clkbuf_leaf_6_clk/X (sky130_fd_sc_hd__clkbuf_8)
                                                         clknet_leaf_6_clk (net)
                      0.101850    0.002107   11.499831 ^ _20728_/CLK (sky130_fd_sc_hd__dfxtp_1)
                                 -0.200000   11.299830   clock uncertainty
                                  0.000000   11.299830   clock reconvergence pessimism
                                 -0.290023   11.009808   library setup time
                                             11.009808   data required time
---------------------------------------------------------------------------------------------
                                             11.009808   data required time
                                            -11.202671   data arrival time
---------------------------------------------------------------------------------------------
                                             -0.192864   slack (VIOLATED)




===========================================================================
 report_check_types -max_slew -max_cap -max_fanout -violators
============================================================================
======================= max_ss_100C_1v60 Corner ===================================



===========================================================================
report_parasitic_annotation -report_unannotated
============================================================================
Found 56 unannotated drivers.
 clkload0/Y
 clkload1/Y
 clkload10/Y
 clkload11/Y
 clkload12/Y
 clkload13/Y
 clkload14/Y
 clkload15/Y
 clkload16/Y
 clkload17/Y
 clkload18/Y
 clkload19/Y
 clkload2/X
 clkload20/Y
 clkload21/Y
 clkload22/Y
 clkload23/Y
 clkload24/Y
 clkload25/Y
 clkload26/Y
 clkload27/Y
 clkload28/Y
 clkload29/Y
 clkload3/Y
 clkload30/Y
 clkload31/Y
 clkload32/Y
 clkload33/Y
 clkload34/X
 clkload35/Y
 clkload36/Y
 clkload37/Y
 clkload38/Y
 clkload39/Y
 clkload4/Y
 clkload40/Y
 clkload41/Y
 clkload42/Y
 clkload43/Y
 clkload44/Y
 clkload45/Y
 clkload46/Y
 clkload47/Y
 clkload48/Y
 clkload49/Y
 clkload5/Y
 clkload50/Y
 clkload51/Y
 clkload52/Y
 clkload53/Y
 clkload54/Y
 clkload55/Y
 clkload6/Y
 clkload7/X
 clkload8/X
 clkload9/Y
Found 0 partially unannotated drivers.

===========================================================================
max slew violation count 0
max fanout violation count 0
max cap violation count 0
============================================================================

===========================================================================
check_setup -verbose -unconstrained_endpoints -multiple_clock -no_clock -no_input_delay -loops -generated_clocks
===========================================================================
