Clock: clk
Sources: clk 
Generated: no
Virtual: yes
Propagated: no
Period: 10.000000

===========================================================================
report_clock_properties
============================================================================
Clock                   Period          Waveform
----------------------------------------------------
clk                  10.000000    0.000000  5.000000

===========================================================================
report_clock_latency
============================================================================
Clock clk
rise -> rise
    min     max
0.000000 0.000000 source latency
1.161108         network latency _20687_/CLK
        1.562526 network latency _20394_/CLK
---------------
1.161108 1.562526 latency
        0.401418 skew

fall -> fall
    min     max
0.000000 0.000000 source latency
0.995255         network latency _20687_/CLK
        1.364293 network latency _20394_/CLK
---------------
0.995255 1.364293 latency
        0.369037 skew



===========================================================================
report_clock_min_period
============================================================================
clk period_min = 10.19 fmax = 98.11
