Clock: clk
Sources: clk 
Generated: no
Virtual: yes
Propagated: no
Period: 10.000000

===========================================================================
report_clock_properties
============================================================================
Clock                   Period          Waveform
----------------------------------------------------
clk                  10.000000    0.000000  5.000000

===========================================================================
report_clock_latency
============================================================================
Clock clk
rise -> rise
    min     max
0.000000 0.000000 source latency
0.888313         network latency _0983_/CLK
        0.558832 network latency i_ll/clk
---------------
0.888313 0.558832 latency
        -0.329482 skew

fall -> fall
    min     max
0.000000 0.000000 source latency
0.818642         network latency _0983_/CLK
        0.485261 network latency i_ll/clk
---------------
0.818642 0.485261 latency
        -0.333381 skew



===========================================================================
report_clock_min_period
============================================================================
clk period_min = 8.50 fmax = 117.71
