
===========================================================================
report_checks -unconstrained
===========================================================================
======================= nom_ss_100C_1v60 Corner ===================================

Startpoint: _20768_ (rising edge-triggered flip-flop clocked by clk)
Endpoint: _20659_ (rising edge-triggered flip-flop clocked by clk)
Path Group: clk
Path Type: max

Fanout         Cap        Slew       Delay        Time   Description
---------------------------------------------------------------------------------------------
                                  0.000000    0.000000   clock clk (rise edge)
                                  0.000000    0.000000   clock source latency
     2    0.062902    0.283292    0.209971    0.209971 ^ clk (in)
                                                         clk (net)
                      0.283323    0.000000    0.209971 ^ clkbuf_0_clk/A (sky130_fd_sc_hd__clkbuf_16)
     8    0.203026    0.319030    0.518133    0.728103 ^ clkbuf_0_clk/X (sky130_fd_sc_hd__clkbuf_16)
                                                         clknet_0_clk (net)
                      0.319171    0.006275    0.734379 ^ clkbuf_3_0_0_clk/A (sky130_fd_sc_hd__clkbuf_16)
    10    0.178403    0.287517    0.506591    1.240970 ^ clkbuf_3_0_0_clk/X (sky130_fd_sc_hd__clkbuf_16)
                                                         clknet_3_0_0_clk (net)
                      0.288547    0.014008    1.254977 ^ clkbuf_leaf_73_clk/A (sky130_fd_sc_hd__clkbuf_16)
     3    0.010060    0.056377    0.304354    1.559331 ^ clkbuf_leaf_73_clk/X (sky130_fd_sc_hd__clkbuf_16)
                                                         clknet_leaf_73_clk (net)
                      0.056377    0.000279    1.559610 ^ _20768_/CLK (sky130_fd_sc_hd__dfxtp_4)
     3    0.034336    0.177244    0.782575    2.342185 ^ _20768_/Q (sky130_fd_sc_hd__dfxtp_4)
                                                         a_h[6] (net)
                      0.177247    0.001147    2.343332 ^ max_cap717/A (sky130_fd_sc_hd__buf_12)
    16    0.126036    0.234687    0.350407    2.693739 ^ max_cap717/X (sky130_fd_sc_hd__buf_12)
                                                         net717 (net)
                      0.235712    0.012568    2.706307 ^ wire716/A (sky130_fd_sc_hd__buf_12)
     9    0.076680    0.152647    0.318949    3.025256 ^ wire716/X (sky130_fd_sc_hd__buf_12)
                                                         net716 (net)
                      0.153021    0.005369    3.030625 ^ max_cap715/A (sky130_fd_sc_hd__buf_12)
     8    0.070221    0.141477    0.274827    3.305452 ^ max_cap715/X (sky130_fd_sc_hd__buf_12)
                                                         net715 (net)
                      0.142130    0.007074    3.312526 ^ max_cap714/A (sky130_fd_sc_hd__buf_12)
    12    0.075371    0.149972    0.276432    3.588958 ^ max_cap714/X (sky130_fd_sc_hd__buf_12)
                                                         net714 (net)
                      0.150318    0.005089    3.594047 ^ max_cap713/A (sky130_fd_sc_hd__buf_12)
    19    0.109049    0.206094    0.317875    3.911922 ^ max_cap713/X (sky130_fd_sc_hd__buf_12)
                                                         net713 (net)
                      0.206693    0.009058    3.920980 ^ _11214_/A (sky130_fd_sc_hd__nand2_1)
     2    0.010890    0.206464    0.249067    4.170047 v _11214_/Y (sky130_fd_sc_hd__nand2_1)
                                                         _02156_ (net)
                      0.206464    0.000266    4.170313 v _11216_/B (sky130_fd_sc_hd__nand2_1)
     2    0.008110    0.145767    0.217853    4.388167 ^ _11216_/Y (sky130_fd_sc_hd__nand2_1)
                                                         _02158_ (net)
                      0.145767    0.000218    4.388384 ^ _11219_/A1 (sky130_fd_sc_hd__a21oi_2)
     2    0.007401    0.096080    0.149337    4.537722 v _11219_/Y (sky130_fd_sc_hd__a21oi_2)
                                                         _02161_ (net)
                      0.096080    0.000201    4.537922 v max_cap418/A (sky130_fd_sc_hd__buf_1)
     2    0.010946    0.134631    0.241437    4.779359 v max_cap418/X (sky130_fd_sc_hd__buf_1)
                                                         net418 (net)
                      0.134631    0.000291    4.779650 v _11221_/A (sky130_fd_sc_hd__nor2_2)
     4    0.014859    0.294044    0.333739    5.113389 ^ _11221_/Y (sky130_fd_sc_hd__nor2_2)
                                                         _02163_ (net)
                      0.294045    0.000386    5.113776 ^ _11237_/B (sky130_fd_sc_hd__nand2_1)
     2    0.005745    0.144036    0.221356    5.335132 v _11237_/Y (sky130_fd_sc_hd__nand2_1)
                                                         _02179_ (net)
                      0.144036    0.000146    5.335278 v _11331_/B (sky130_fd_sc_hd__nand2_1)
     1    0.005545    0.124021    0.162587    5.497865 ^ _11331_/Y (sky130_fd_sc_hd__nand2_1)
                                                         _02272_ (net)
                      0.124021    0.000134    5.497999 ^ _11368_/A (sky130_fd_sc_hd__nand3_2)
     5    0.021466    0.309053    0.298129    5.796128 v _11368_/Y (sky130_fd_sc_hd__nand3_2)
                                                         _02309_ (net)
                      0.309055    0.000721    5.796848 v _11373_/B1 (sky130_fd_sc_hd__a22o_1)
     1    0.005234    0.092384    0.445445    6.242293 v _11373_/X (sky130_fd_sc_hd__a22o_1)
                                                         _02314_ (net)
                      0.092384    0.000167    6.242461 v _11374_/C1 (sky130_fd_sc_hd__o211ai_2)
     2    0.009626    0.282186    0.136527    6.378987 ^ _11374_/Y (sky130_fd_sc_hd__o211ai_2)
                                                         _02315_ (net)
                      0.282186    0.000382    6.379369 ^ max_cap237/A (sky130_fd_sc_hd__buf_2)
     5    0.027576    0.223134    0.402517    6.781887 ^ max_cap237/X (sky130_fd_sc_hd__buf_2)
                                                         net237 (net)
                      0.223134    0.000753    6.782640 ^ _11397_/B1_N (sky130_fd_sc_hd__a21boi_1)
     1    0.002764    0.177348    0.320036    7.102676 ^ _11397_/Y (sky130_fd_sc_hd__a21boi_1)
                                                         _02337_ (net)
                      0.177348    0.000080    7.102756 ^ _11492_/A (sky130_fd_sc_hd__nand3_1)
     2    0.011424    0.311258    0.326639    7.429395 v _11492_/Y (sky130_fd_sc_hd__nand3_1)
                                                         _02432_ (net)
                      0.311258    0.000338    7.429732 v _11493_/A2_N (sky130_fd_sc_hd__o2bb2ai_2)
     4    0.016642    0.166380    0.399376    7.829108 v _11493_/Y (sky130_fd_sc_hd__o2bb2ai_2)
                                                         _02433_ (net)
                      0.166380    0.000445    7.829553 v _11499_/C (sky130_fd_sc_hd__and3_1)
     2    0.015453    0.170582    0.513452    8.343005 v _11499_/X (sky130_fd_sc_hd__and3_1)
                                                         _02439_ (net)
                      0.170582    0.000396    8.343402 v _11501_/B2 (sky130_fd_sc_hd__o22ai_4)
     5    0.023756    0.383454    0.337992    8.681394 ^ _11501_/Y (sky130_fd_sc_hd__o22ai_4)
                                                         _02441_ (net)
                      0.383483    0.001021    8.682415 ^ _11881_/D (sky130_fd_sc_hd__nand4_4)
     2    0.015740    0.233201    0.362276    9.044690 v _11881_/Y (sky130_fd_sc_hd__nand4_4)
                                                         _02818_ (net)
                      0.233201    0.000776    9.045466 v _12186_/A (sky130_fd_sc_hd__nand3_4)
     1    0.019235    0.143812    0.204554    9.250021 ^ _12186_/Y (sky130_fd_sc_hd__nand3_4)
                                                         _03121_ (net)
                      0.143816    0.001387    9.251408 ^ _12674_/A (sky130_fd_sc_hd__nand4_4)
     4    0.031142    0.346678    0.322520    9.573928 v _12674_/Y (sky130_fd_sc_hd__nand4_4)
                                                         _03605_ (net)
                      0.346724    0.003154    9.577082 v _13026_/A (sky130_fd_sc_hd__nand4_4)
     6    0.032011    0.235592    0.309977    9.887058 ^ _13026_/Y (sky130_fd_sc_hd__nand4_4)
                                                         _03953_ (net)
                      0.235595    0.001251    9.888310 ^ rebuffer241/A (sky130_fd_sc_hd__dlygate4sd1_1)
     1    0.002689    0.063620    0.437207   10.325517 ^ rebuffer241/X (sky130_fd_sc_hd__dlygate4sd1_1)
                                                         net1076 (net)
                      0.063620    0.000076   10.325593 ^ _13029_/C1 (sky130_fd_sc_hd__o2111ai_1)
     2    0.005173    0.260093    0.285023   10.610616 v _13029_/Y (sky130_fd_sc_hd__o2111ai_1)
                                                         _03956_ (net)
                      0.260093    0.000151   10.610766 v _13072_/B (sky130_fd_sc_hd__nand2_1)
     2    0.007152    0.141973    0.230827   10.841594 ^ _13072_/Y (sky130_fd_sc_hd__nand2_1)
                                                         _03998_ (net)
                      0.141973    0.000189   10.841783 ^ _13073_/A1 (sky130_fd_sc_hd__a21oi_1)
     1    0.002837    0.117478    0.148702   10.990484 v _13073_/Y (sky130_fd_sc_hd__a21oi_1)
                                                         _03999_ (net)
                      0.117478    0.000082   10.990566 v _13074_/B1 (sky130_fd_sc_hd__o21a_1)
     1    0.001915    0.057298    0.200075   11.190640 v _13074_/X (sky130_fd_sc_hd__o21a_1)
                                                         _00299_ (net)
                      0.057298    0.000053   11.190694 v _20659_/D (sky130_fd_sc_hd__dfxtp_1)
                                             11.190694   data arrival time

                                 10.000000   10.000000   clock clk (rise edge)
                                  0.000000   10.000000   clock source latency
     2    0.062902    0.283292    0.209971   10.209970 ^ clk (in)
                                                         clk (net)
                      0.283323    0.000000   10.209970 ^ clkbuf_0_clk/A (sky130_fd_sc_hd__clkbuf_16)
     8    0.203026    0.319030    0.518133   10.728104 ^ clkbuf_0_clk/X (sky130_fd_sc_hd__clkbuf_16)
                                                         clknet_0_clk (net)
                      0.319386    0.007213   10.735317 ^ clkbuf_3_2_0_clk/A (sky130_fd_sc_hd__clkbuf_16)
    10    0.159025    0.261405    0.485050   11.220367 ^ clkbuf_3_2_0_clk/X (sky130_fd_sc_hd__clkbuf_16)
                                                         clknet_3_2_0_clk (net)
                      0.262444    0.012459   11.232826 ^ clkbuf_leaf_16_clk/A (sky130_fd_sc_hd__clkbuf_16)
     7    0.039763    0.094907    0.335602   11.568428 ^ clkbuf_leaf_16_clk/X (sky130_fd_sc_hd__clkbuf_16)
                                                         clknet_leaf_16_clk (net)
                      0.094916    0.000997   11.569425 ^ _20659_/CLK (sky130_fd_sc_hd__dfxtp_1)
                                 -0.200000   11.369425   clock uncertainty
                                  0.000000   11.369425   clock reconvergence pessimism
                                 -0.256991   11.112434   library setup time
                                             11.112434   data required time
---------------------------------------------------------------------------------------------
                                             11.112434   data required time
                                            -11.190694   data arrival time
---------------------------------------------------------------------------------------------
                                             -0.078260   slack (VIOLATED)




===========================================================================
report_checks --slack_max -0.01
============================================================================
======================= nom_ss_100C_1v60 Corner ===================================

Startpoint: _20768_ (rising edge-triggered flip-flop clocked by clk)
Endpoint: _20659_ (rising edge-triggered flip-flop clocked by clk)
Path Group: clk
Path Type: max

Fanout         Cap        Slew       Delay        Time   Description
---------------------------------------------------------------------------------------------
                                  0.000000    0.000000   clock clk (rise edge)
                                  0.000000    0.000000   clock source latency
     2    0.062902    0.283292    0.209971    0.209971 ^ clk (in)
                                                         clk (net)
                      0.283323    0.000000    0.209971 ^ clkbuf_0_clk/A (sky130_fd_sc_hd__clkbuf_16)
     8    0.203026    0.319030    0.518133    0.728103 ^ clkbuf_0_clk/X (sky130_fd_sc_hd__clkbuf_16)
                                                         clknet_0_clk (net)
                      0.319171    0.006275    0.734379 ^ clkbuf_3_0_0_clk/A (sky130_fd_sc_hd__clkbuf_16)
    10    0.178403    0.287517    0.506591    1.240970 ^ clkbuf_3_0_0_clk/X (sky130_fd_sc_hd__clkbuf_16)
                                                         clknet_3_0_0_clk (net)
                      0.288547    0.014008    1.254977 ^ clkbuf_leaf_73_clk/A (sky130_fd_sc_hd__clkbuf_16)
     3    0.010060    0.056377    0.304354    1.559331 ^ clkbuf_leaf_73_clk/X (sky130_fd_sc_hd__clkbuf_16)
                                                         clknet_leaf_73_clk (net)
                      0.056377    0.000279    1.559610 ^ _20768_/CLK (sky130_fd_sc_hd__dfxtp_4)
     3    0.034336    0.177244    0.782575    2.342185 ^ _20768_/Q (sky130_fd_sc_hd__dfxtp_4)
                                                         a_h[6] (net)
                      0.177247    0.001147    2.343332 ^ max_cap717/A (sky130_fd_sc_hd__buf_12)
    16    0.126036    0.234687    0.350407    2.693739 ^ max_cap717/X (sky130_fd_sc_hd__buf_12)
                                                         net717 (net)
                      0.235712    0.012568    2.706307 ^ wire716/A (sky130_fd_sc_hd__buf_12)
     9    0.076680    0.152647    0.318949    3.025256 ^ wire716/X (sky130_fd_sc_hd__buf_12)
                                                         net716 (net)
                      0.153021    0.005369    3.030625 ^ max_cap715/A (sky130_fd_sc_hd__buf_12)
     8    0.070221    0.141477    0.274827    3.305452 ^ max_cap715/X (sky130_fd_sc_hd__buf_12)
                                                         net715 (net)
                      0.142130    0.007074    3.312526 ^ max_cap714/A (sky130_fd_sc_hd__buf_12)
    12    0.075371    0.149972    0.276432    3.588958 ^ max_cap714/X (sky130_fd_sc_hd__buf_12)
                                                         net714 (net)
                      0.150318    0.005089    3.594047 ^ max_cap713/A (sky130_fd_sc_hd__buf_12)
    19    0.109049    0.206094    0.317875    3.911922 ^ max_cap713/X (sky130_fd_sc_hd__buf_12)
                                                         net713 (net)
                      0.206693    0.009058    3.920980 ^ _11214_/A (sky130_fd_sc_hd__nand2_1)
     2    0.010890    0.206464    0.249067    4.170047 v _11214_/Y (sky130_fd_sc_hd__nand2_1)
                                                         _02156_ (net)
                      0.206464    0.000266    4.170313 v _11216_/B (sky130_fd_sc_hd__nand2_1)
     2    0.008110    0.145767    0.217853    4.388167 ^ _11216_/Y (sky130_fd_sc_hd__nand2_1)
                                                         _02158_ (net)
                      0.145767    0.000218    4.388384 ^ _11219_/A1 (sky130_fd_sc_hd__a21oi_2)
     2    0.007401    0.096080    0.149337    4.537722 v _11219_/Y (sky130_fd_sc_hd__a21oi_2)
                                                         _02161_ (net)
                      0.096080    0.000201    4.537922 v max_cap418/A (sky130_fd_sc_hd__buf_1)
     2    0.010946    0.134631    0.241437    4.779359 v max_cap418/X (sky130_fd_sc_hd__buf_1)
                                                         net418 (net)
                      0.134631    0.000291    4.779650 v _11221_/A (sky130_fd_sc_hd__nor2_2)
     4    0.014859    0.294044    0.333739    5.113389 ^ _11221_/Y (sky130_fd_sc_hd__nor2_2)
                                                         _02163_ (net)
                      0.294045    0.000386    5.113776 ^ _11237_/B (sky130_fd_sc_hd__nand2_1)
     2    0.005745    0.144036    0.221356    5.335132 v _11237_/Y (sky130_fd_sc_hd__nand2_1)
                                                         _02179_ (net)
                      0.144036    0.000146    5.335278 v _11331_/B (sky130_fd_sc_hd__nand2_1)
     1    0.005545    0.124021    0.162587    5.497865 ^ _11331_/Y (sky130_fd_sc_hd__nand2_1)
                                                         _02272_ (net)
                      0.124021    0.000134    5.497999 ^ _11368_/A (sky130_fd_sc_hd__nand3_2)
     5    0.021466    0.309053    0.298129    5.796128 v _11368_/Y (sky130_fd_sc_hd__nand3_2)
                                                         _02309_ (net)
                      0.309055    0.000721    5.796848 v _11373_/B1 (sky130_fd_sc_hd__a22o_1)
     1    0.005234    0.092384    0.445445    6.242293 v _11373_/X (sky130_fd_sc_hd__a22o_1)
                                                         _02314_ (net)
                      0.092384    0.000167    6.242461 v _11374_/C1 (sky130_fd_sc_hd__o211ai_2)
     2    0.009626    0.282186    0.136527    6.378987 ^ _11374_/Y (sky130_fd_sc_hd__o211ai_2)
                                                         _02315_ (net)
                      0.282186    0.000382    6.379369 ^ max_cap237/A (sky130_fd_sc_hd__buf_2)
     5    0.027576    0.223134    0.402517    6.781887 ^ max_cap237/X (sky130_fd_sc_hd__buf_2)
                                                         net237 (net)
                      0.223134    0.000753    6.782640 ^ _11397_/B1_N (sky130_fd_sc_hd__a21boi_1)
     1    0.002764    0.177348    0.320036    7.102676 ^ _11397_/Y (sky130_fd_sc_hd__a21boi_1)
                                                         _02337_ (net)
                      0.177348    0.000080    7.102756 ^ _11492_/A (sky130_fd_sc_hd__nand3_1)
     2    0.011424    0.311258    0.326639    7.429395 v _11492_/Y (sky130_fd_sc_hd__nand3_1)
                                                         _02432_ (net)
                      0.311258    0.000338    7.429732 v _11493_/A2_N (sky130_fd_sc_hd__o2bb2ai_2)
     4    0.016642    0.166380    0.399376    7.829108 v _11493_/Y (sky130_fd_sc_hd__o2bb2ai_2)
                                                         _02433_ (net)
                      0.166380    0.000445    7.829553 v _11499_/C (sky130_fd_sc_hd__and3_1)
     2    0.015453    0.170582    0.513452    8.343005 v _11499_/X (sky130_fd_sc_hd__and3_1)
                                                         _02439_ (net)
                      0.170582    0.000396    8.343402 v _11501_/B2 (sky130_fd_sc_hd__o22ai_4)
     5    0.023756    0.383454    0.337992    8.681394 ^ _11501_/Y (sky130_fd_sc_hd__o22ai_4)
                                                         _02441_ (net)
                      0.383483    0.001021    8.682415 ^ _11881_/D (sky130_fd_sc_hd__nand4_4)
     2    0.015740    0.233201    0.362276    9.044690 v _11881_/Y (sky130_fd_sc_hd__nand4_4)
                                                         _02818_ (net)
                      0.233201    0.000776    9.045466 v _12186_/A (sky130_fd_sc_hd__nand3_4)
     1    0.019235    0.143812    0.204554    9.250021 ^ _12186_/Y (sky130_fd_sc_hd__nand3_4)
                                                         _03121_ (net)
                      0.143816    0.001387    9.251408 ^ _12674_/A (sky130_fd_sc_hd__nand4_4)
     4    0.031142    0.346678    0.322520    9.573928 v _12674_/Y (sky130_fd_sc_hd__nand4_4)
                                                         _03605_ (net)
                      0.346724    0.003154    9.577082 v _13026_/A (sky130_fd_sc_hd__nand4_4)
     6    0.032011    0.235592    0.309977    9.887058 ^ _13026_/Y (sky130_fd_sc_hd__nand4_4)
                                                         _03953_ (net)
                      0.235595    0.001251    9.888310 ^ rebuffer241/A (sky130_fd_sc_hd__dlygate4sd1_1)
     1    0.002689    0.063620    0.437207   10.325517 ^ rebuffer241/X (sky130_fd_sc_hd__dlygate4sd1_1)
                                                         net1076 (net)
                      0.063620    0.000076   10.325593 ^ _13029_/C1 (sky130_fd_sc_hd__o2111ai_1)
     2    0.005173    0.260093    0.285023   10.610616 v _13029_/Y (sky130_fd_sc_hd__o2111ai_1)
                                                         _03956_ (net)
                      0.260093    0.000151   10.610766 v _13072_/B (sky130_fd_sc_hd__nand2_1)
     2    0.007152    0.141973    0.230827   10.841594 ^ _13072_/Y (sky130_fd_sc_hd__nand2_1)
                                                         _03998_ (net)
                      0.141973    0.000189   10.841783 ^ _13073_/A1 (sky130_fd_sc_hd__a21oi_1)
     1    0.002837    0.117478    0.148702   10.990484 v _13073_/Y (sky130_fd_sc_hd__a21oi_1)
                                                         _03999_ (net)
                      0.117478    0.000082   10.990566 v _13074_/B1 (sky130_fd_sc_hd__o21a_1)
     1    0.001915    0.057298    0.200075   11.190640 v _13074_/X (sky130_fd_sc_hd__o21a_1)
                                                         _00299_ (net)
                      0.057298    0.000053   11.190694 v _20659_/D (sky130_fd_sc_hd__dfxtp_1)
                                             11.190694   data arrival time

                                 10.000000   10.000000   clock clk (rise edge)
                                  0.000000   10.000000   clock source latency
     2    0.062902    0.283292    0.209971   10.209970 ^ clk (in)
                                                         clk (net)
                      0.283323    0.000000   10.209970 ^ clkbuf_0_clk/A (sky130_fd_sc_hd__clkbuf_16)
     8    0.203026    0.319030    0.518133   10.728104 ^ clkbuf_0_clk/X (sky130_fd_sc_hd__clkbuf_16)
                                                         clknet_0_clk (net)
                      0.319386    0.007213   10.735317 ^ clkbuf_3_2_0_clk/A (sky130_fd_sc_hd__clkbuf_16)
    10    0.159025    0.261405    0.485050   11.220367 ^ clkbuf_3_2_0_clk/X (sky130_fd_sc_hd__clkbuf_16)
                                                         clknet_3_2_0_clk (net)
                      0.262444    0.012459   11.232826 ^ clkbuf_leaf_16_clk/A (sky130_fd_sc_hd__clkbuf_16)
     7    0.039763    0.094907    0.335602   11.568428 ^ clkbuf_leaf_16_clk/X (sky130_fd_sc_hd__clkbuf_16)
                                                         clknet_leaf_16_clk (net)
                      0.094916    0.000997   11.569425 ^ _20659_/CLK (sky130_fd_sc_hd__dfxtp_1)
                                 -0.200000   11.369425   clock uncertainty
                                  0.000000   11.369425   clock reconvergence pessimism
                                 -0.256991   11.112434   library setup time
                                             11.112434   data required time
---------------------------------------------------------------------------------------------
                                             11.112434   data required time
                                            -11.190694   data arrival time
---------------------------------------------------------------------------------------------
                                             -0.078260   slack (VIOLATED)




===========================================================================
 report_check_types -max_slew -max_cap -max_fanout -violators
============================================================================
======================= nom_ss_100C_1v60 Corner ===================================



===========================================================================
report_parasitic_annotation -report_unannotated
============================================================================
Found 66 unannotated drivers.
 clkload0/Y
 clkload1/Y
 clkload10/X
 clkload11/X
 clkload12/X
 clkload13/X
 clkload14/X
 clkload15/Y
 clkload16/Y
 clkload17/Y
 clkload18/Y
 clkload19/Y
 clkload2/Y
 clkload20/Y
 clkload21/Y
 clkload22/Y
 clkload23/Y
 clkload24/Y
 clkload25/Y
 clkload26/Y
 clkload27/Y
 clkload28/Y
 clkload29/Y
 clkload3/Y
 clkload30/Y
 clkload31/X
 clkload32/Y
 clkload33/Y
 clkload34/Y
 clkload35/Y
 clkload36/Y
 clkload37/Y
 clkload38/Y
 clkload39/Y
 clkload4/Y
 clkload40/Y
 clkload41/Y
 clkload42/Y
 clkload43/Y
 clkload44/X
 clkload45/Y
 clkload46/Y
 clkload47/Y
 clkload48/Y
 clkload49/Y
 clkload5/Y
 clkload50/Y
 clkload51/Y
 clkload52/Y
 clkload53/Y
 clkload54/Y
 clkload55/Y
 clkload56/Y
 clkload57/Y
 clkload58/Y
 clkload59/Y
 clkload6/Y
 clkload60/X
 clkload61/Y
 clkload62/Y
 clkload63/X
 clkload64/X
 clkload65/Y
 clkload7/X
 clkload8/X
 clkload9/X
Found 0 partially unannotated drivers.

===========================================================================
max slew violation count 0
max fanout violation count 0
max cap violation count 0
============================================================================

===========================================================================
check_setup -verbose -unconstrained_endpoints -multiple_clock -no_clock -no_input_delay -loops -generated_clocks
===========================================================================
