Clock: clk
Sources: clk 
Generated: no
Virtual: yes
Propagated: no
Period: 10.000000

===========================================================================
report_clock_properties
============================================================================
Clock                   Period          Waveform
----------------------------------------------------
clk                  10.000000    0.000000  5.000000

===========================================================================
report_clock_latency
============================================================================
Clock clk
rise -> rise
    min     max
0.000000 0.000000 source latency
1.190142         network latency _20697_/CLK
        1.591602 network latency _20525_/CLK
---------------
1.190142 1.591602 latency
        0.401460 skew

fall -> fall
    min     max
0.000000 0.000000 source latency
1.006164         network latency _20697_/CLK
        1.386541 network latency _20361_/CLK
---------------
1.006164 1.386541 latency
        0.380377 skew



===========================================================================
report_clock_min_period
============================================================================
clk period_min = 10.08 fmax = 99.22
