Clock: clk
Sources: clk 
Generated: no
Virtual: yes
Propagated: no
Period: 10.000000

===========================================================================
report_clock_properties
============================================================================
Clock                   Period          Waveform
----------------------------------------------------
clk                  10.000000    0.000000  5.000000

===========================================================================
report_clock_latency
============================================================================
Clock clk
rise -> rise
    min     max
0.000000 0.000000 source latency
1.065396         network latency _20687_/CLK
        1.448287 network latency _20394_/CLK
---------------
1.065396 1.448287 latency
        0.382891 skew

fall -> fall
    min     max
0.000000 0.000000 source latency
0.930016         network latency _20687_/CLK
        1.284869 network latency _20394_/CLK
---------------
0.930016 1.284869 latency
        0.354853 skew



===========================================================================
report_clock_min_period
============================================================================
clk period_min = 9.75 fmax = 102.52
