Clock: clk
Sources: clk 
Generated: no
Virtual: yes
Propagated: no
Period: 10.000000

===========================================================================
report_clock_properties
============================================================================
Clock                   Period          Waveform
----------------------------------------------------
clk                  10.000000    0.000000  5.000000

===========================================================================
report_clock_latency
============================================================================
Clock clk
rise -> rise
    min     max
0.000000 0.000000 source latency
0.812576         network latency _0983_/CLK
        0.548590 network latency i_ll/clk
---------------
0.812576 0.548590 latency
        -0.263986 skew

fall -> fall
    min     max
0.000000 0.000000 source latency
0.710962         network latency _0983_/CLK
        0.446531 network latency i_ll/clk
---------------
0.710962 0.446531 latency
        -0.264431 skew



===========================================================================
report_clock_min_period
============================================================================
clk period_min = 7.09 fmax = 141.08
