Clock: clk
Sources: clk 
Generated: no
Virtual: no
Propagated: no
Period: 10.000000

===========================================================================
report_clock_properties
============================================================================
Clock                   Period          Waveform
----------------------------------------------------
clk                  10.000000    0.000000  5.000000

===========================================================================
report_clock_latency
============================================================================
Clock clk
rise -> rise
    min     max
0.000000 0.000000 source latency
1.217708         network latency _20360_/CLK
        1.217708 network latency _20360_/CLK
---------------
1.217708 1.217708 latency
        0.000000 skew

fall -> fall
    min     max
0.000000 0.000000 source latency
0.491025         network latency _20360_/CLK
        0.491025 network latency _20360_/CLK
---------------
0.491025 0.491025 latency
        0.000000 skew



===========================================================================
report_clock_min_period
============================================================================
clk period_min = 5.38 fmax = 185.89
