if {[file exists ~/openlane2/my_script/script_matt.tcl]} {
    source ~/openlane2/my_script/script_matt.tcl
}
Reading OpenROAD database at '/home/hien/openlane2/designs/fn_pj/pipeline-mult/runs/MULT/41-odb-heuristicdiodeinsertion/2-openroad-detailedplacement/mult_16x16.odb'…
Reading library file at '/home/hien/.volare/volare/sky130/versions/0fe599b2afb6708d281543108caf8310912f54af/sky130A/libs.ref/sky130_fd_sc_hd/lib/sky130_fd_sc_hd__tt_025C_1v80.lib'…
Reading design constraints file at '/home/hien/openlane2/designs/fn_pj/pipeline-mult/mult_16x16.sdc'…
[INFO] Setting signal min routing layer to: met1 and clock min routing layer to met1. 
[INFO] Setting signal max routing layer to: met5 and clock max routing layer to met5. 
-congestion_iterations 50 -verbose
[INFO GRT-0020] Min routing layer: met1
[INFO GRT-0021] Max routing layer: met5
[INFO GRT-0022] Global adjustment: 30%
[INFO GRT-0023] Grid origin: (0, 0)
[INFO GRT-0043] No OR_DEFAULT vias defined.
[INFO GRT-0088] Layer li1     Track-Pitch = 0.4600  line-2-Via Pitch: 0.3400
[INFO GRT-0088] Layer met1    Track-Pitch = 0.3400  line-2-Via Pitch: 0.3400
[INFO GRT-0088] Layer met2    Track-Pitch = 0.4600  line-2-Via Pitch: 0.3500
[INFO GRT-0088] Layer met3    Track-Pitch = 0.6800  line-2-Via Pitch: 0.6150
[INFO GRT-0088] Layer met4    Track-Pitch = 0.9200  line-2-Via Pitch: 1.0400
[INFO GRT-0088] Layer met5    Track-Pitch = 3.4000  line-2-Via Pitch: 3.1100
[INFO GRT-0019] Found 10 clock nets.
[INFO GRT-0001] Minimum degree: 2
[INFO GRT-0002] Maximum degree: 24
[INFO GRT-0003] Macros: 0
[INFO GRT-0043] No OR_DEFAULT vias defined.
[INFO GRT-0004] Blockages: 1141

[INFO GRT-0053] Routing resources analysis:
          Routing      Original      Derated      Resource
Layer     Direction    Resources     Resources    Reduction (%)
---------------------------------------------------------------
li1        Vertical            0             0          0.00%
met1       Horizontal      20864         10257          50.84%
met2       Vertical        15648         10080          35.58%
met3       Horizontal      10432          7028          32.63%
met4       Vertical         6336          3889          38.62%
met5       Horizontal       2080           961          53.80%
---------------------------------------------------------------

[INFO GRT-0101] Running extra iterations to remove overflow.
[INFO GRT-0197] Via related to pin nodes: 19061
[INFO GRT-0198] Via related Steiner nodes: 252
[INFO GRT-0199] Via filling finished.
[INFO GRT-0111] Final number of vias: 23409
[INFO GRT-0112] Final usage 3D: 81212

[INFO GRT-0096] Final congestion report:
Layer         Resource        Demand        Usage (%)    Max H / Max V / Total Overflow
---------------------------------------------------------------------------------------
li1                  0             0            0.00%             0 /  0 /  0
met1             10257          5202           50.72%             0 /  0 /  0
met2             10080          4448           44.13%             0 /  0 /  0
met3              7028           933           13.28%             0 /  0 /  0
met4              3889           402           10.34%             0 /  0 /  0
met5               961             0            0.00%             0 /  0 /  0
---------------------------------------------------------------------------------------
Total            32215         10985           34.10%             0 /  0 /  0

[INFO GRT-0018] Total wirelength: 128257 um
[INFO GRT-0014] Routed nets: 2894
%OL_CREATE_REPORT antenna.rpt
[INFO GRT-0043] No OR_DEFAULT vias defined.
[INFO ANT-0002] Found 0 net violations.
[INFO ANT-0001] Found 0 pin violations.
%OL_END_REPORT
[INFO] Setting RC values…
Setting global connections for newly added cells…
[INFO] Setting global connections...
Updating metrics…
Cell type report:                       Count       Area
  Fill cell                               148     555.53
  Tap cell                                608     760.73
  Antenna cell                           1121    2805.19
  Clock buffer                              9     225.22
  Timing Repair Buffer                    295    1990.66
  Inverter                                 61     269.01
  Clock inverter                            7      71.32
  Sequential cell                          64    1293.74
  Multi-Input combinational cell         2431   21755.87
  Total                                  4744   29727.26
Writing OpenROAD database to '/home/hien/openlane2/designs/fn_pj/pipeline-mult/runs/MULT/41-odb-heuristicdiodeinsertion/3-openroad-globalrouting/mult_16x16.odb'…
Writing layout to '/home/hien/openlane2/designs/fn_pj/pipeline-mult/runs/MULT/41-odb-heuristicdiodeinsertion/3-openroad-globalrouting/mult_16x16.def'…
