if {[file exists ~/openlane2/my_script/script_matt.tcl]} {
    source ~/openlane2/my_script/script_matt.tcl
}
Reading timing models for corner nom_tt_025C_1v80…
Reading timing library for the 'nom_tt_025C_1v80' corner at '/home/hien/.volare/volare/sky130/versions/0fe599b2afb6708d281543108caf8310912f54af/sky130A/libs.ref/sky130_fd_sc_hd/lib/sky130_fd_sc_hd__tt_025C_1v80.lib'…
Reading timing models for corner nom_ff_n40C_1v95…
Reading timing library for the 'nom_ff_n40C_1v95' corner at '/home/hien/.volare/volare/sky130/versions/0fe599b2afb6708d281543108caf8310912f54af/sky130A/libs.ref/sky130_fd_sc_hd/lib/sky130_fd_sc_hd__ff_n40C_1v95.lib'…
Reading timing models for corner nom_ss_100C_1v60…
Reading timing library for the 'nom_ss_100C_1v60' corner at '/home/hien/.volare/volare/sky130/versions/0fe599b2afb6708d281543108caf8310912f54af/sky130A/libs.ref/sky130_fd_sc_hd/lib/sky130_fd_sc_hd__ss_100C_1v60.lib'…
Reading OpenROAD database at '/home/hien/openlane2/designs/highspeed_pipelined_multiplier/runs/opti_8/27-openroad-globalplacement/pipelined_mult.odb'…
Reading design constraints file at '/home/hien/openlane2/designs/highspeed_pipelined_multiplier/src/pnr.sdc'…
[INFO] No information on clock propagation in input SDC file-- propagating all clocks.
[INFO] Setting RC values…
[INFO RSZ-0027] Inserted 65 input buffers.
[INFO RSZ-0028] Inserted 64 output buffers.
[INFO RSZ-0058] Using max wire length 6335um.
Iteration | Resized | Buffers | Nets repaired | Remaining
---------------------------------------------------------
        0 |       0 |       0 |             0 |     10825
      100 |      98 |       1 |            24 |     10725
      200 |     193 |       7 |            50 |     10625
      300 |     281 |       9 |            65 |     10525
      400 |     372 |      12 |            75 |     10425
      500 |     456 |      15 |            88 |     10325
      600 |     547 |      17 |            96 |     10225
      700 |     639 |      18 |           100 |     10125
      800 |     724 |      21 |           107 |     10025
      900 |     811 |      24 |           111 |      9925
     1000 |     881 |      24 |           112 |      9825
     1100 |     966 |      26 |           114 |      9725
     1200 |    1056 |      29 |           120 |      9625
     1300 |    1133 |      30 |           122 |      9525
     1400 |    1215 |      32 |           128 |      9425
     1500 |    1293 |      34 |           130 |      9325
     1600 |    1372 |      40 |           136 |      9225
     1700 |    1459 |      42 |           142 |      9125
     1800 |    1539 |      46 |           146 |      9025
     1900 |    1619 |      49 |           150 |      8925
     2000 |    1697 |      55 |           157 |      8825
     2100 |    1776 |      60 |           165 |      8725
     2200 |    1851 |      62 |           167 |      8625
     2300 |    1926 |      69 |           173 |      8525
     2400 |    2005 |      71 |           179 |      8425
     2500 |    2084 |      72 |           186 |      8325
     2600 |    2157 |      76 |           194 |      8225
     2700 |    2230 |      77 |           201 |      8125
     2800 |    2303 |      81 |           212 |      8025
     2900 |    2384 |      84 |           221 |      7925
     3000 |    2459 |      90 |           230 |      7825
     3100 |    2536 |      93 |           238 |      7725
     3200 |    2605 |      96 |           244 |      7625
     3300 |    2680 |      99 |           251 |      7525
     3400 |    2757 |     102 |           255 |      7425
     3500 |    2832 |     108 |           263 |      7325
     3600 |    2912 |     111 |           268 |      7225
     3700 |    2997 |     114 |           275 |      7125
     3800 |    3077 |     119 |           283 |      7025
     3900 |    3151 |     122 |           285 |      6925
     4000 |    3229 |     130 |           292 |      6825
     4100 |    3305 |     133 |           297 |      6725
     4200 |    3380 |     137 |           301 |      6625
     4300 |    3452 |     144 |           308 |      6525
     4400 |    3533 |     150 |           316 |      6425
     4500 |    3608 |     157 |           322 |      6325
     4600 |    3683 |     160 |           327 |      6225
     4700 |    3767 |     166 |           334 |      6125
     4800 |    3843 |     167 |           338 |      6025
     4900 |    3919 |     168 |           339 |      5925
     5000 |    3992 |     175 |           350 |      5825
     5100 |    4070 |     180 |           356 |      5725
     5200 |    4158 |     182 |           362 |      5625
     5300 |    4231 |     186 |           366 |      5525
     5400 |    4311 |     191 |           373 |      5425
     5500 |    4388 |     193 |           376 |      5325
     5600 |    4473 |     197 |           383 |      5225
     5700 |    4556 |     201 |           389 |      5125
     5800 |    4631 |     208 |           401 |      5025
     5900 |    4715 |     216 |           410 |      4925
     6000 |    4784 |     221 |           415 |      4825
     6100 |    4850 |     225 |           423 |      4725
     6200 |    4924 |     228 |           428 |      4625
     6300 |    5000 |     234 |           435 |      4525
     6400 |    5081 |     237 |           465 |      4425
     6500 |    5164 |     241 |           504 |      4325
     6600 |    5246 |     246 |           535 |      4225
     6700 |    5329 |     252 |           569 |      4125
     6800 |    5410 |     260 |           599 |      4025
     6900 |    5488 |     263 |           632 |      3925
     7000 |    5566 |     265 |           666 |      3825
     7100 |    5650 |     270 |           701 |      3725
     7200 |    5738 |     272 |           739 |      3625
     7300 |    5824 |     280 |           761 |      3525
     7400 |    5910 |     283 |           775 |      3425
     7500 |    5990 |     287 |           797 |      3325
     7600 |    6072 |     289 |           819 |      3225
     7700 |    6149 |     294 |           843 |      3125
     7800 |    6228 |     297 |           863 |      3025
     7900 |    6317 |     302 |           873 |      2925
     8000 |    6395 |     305 |           892 |      2825
     8100 |    6485 |     309 |           914 |      2725
     8200 |    6562 |     310 |           940 |      2625
     8300 |    6648 |     314 |           954 |      2525
     8400 |    6735 |     316 |           971 |      2425
     8500 |    6819 |     317 |          1056 |      2325
     8600 |    6902 |     319 |          1146 |      2225
     8700 |    6988 |     320 |          1236 |      2125
     8800 |    7077 |     322 |          1313 |      2025
     8900 |    7156 |     324 |          1392 |      1925
     9000 |    7235 |     326 |          1475 |      1825
     9100 |    7322 |     326 |          1555 |      1725
     9200 |    7402 |     326 |          1638 |      1625
     9300 |    7485 |     327 |          1727 |      1525
     9400 |    7561 |     328 |          1816 |      1425
     9500 |    7647 |     330 |          1889 |      1325
     9600 |    7729 |     332 |          1978 |      1225
     9700 |    7809 |     334 |          2064 |      1125
     9800 |    7889 |     337 |          2153 |      1025
     9900 |    7988 |     339 |          2155 |       925
    10000 |    8086 |     339 |          2156 |       825
    10100 |    8181 |     341 |          2159 |       725
    10200 |    8277 |     341 |          2205 |       625
    10300 |    8396 |     581 |          2253 |       525
    10400 |    8483 |     581 |          2253 |       425
    10500 |    8583 |     581 |          2253 |       325
    10600 |    8683 |     581 |          2253 |       225
    10700 |    8791 |     666 |          2271 |       125
    10800 |    8850 |     666 |          2271 |        25
    final |    8850 |     666 |          2271 |         0
---------------------------------------------------------
[INFO RSZ-0034] Found 2271 slew violations.
[INFO RSZ-0036] Found 62 capacitance violations.
[INFO RSZ-0038] Inserted 666 buffers in 2271 nets.
[INFO RSZ-0039] Resized 8850 instances.
Placement Analysis
---------------------------------
total displacement      32195.1 u
average displacement        2.2 u
max displacement           13.8 u
original HPWL          236905.1 u
legalized HPWL         269263.4 u
delta HPWL                   14 %

[INFO DPL-0020] Mirrored 4780 instances
[INFO DPL-0021] HPWL before          269263.4 u
[INFO DPL-0022] HPWL after           261836.2 u
[INFO DPL-0023] HPWL delta               -2.8 %
[INFO] Setting RC values…
Setting global connections for newly added cells…
[INFO] Setting global connections...
Updating metrics…
Cell type report:                       Count       Area
  Fill cell                               314    1178.63
  Tap cell                               2623    3281.90
  Timing Repair Buffer                    795    6197.19
  Inverter                                178    1147.35
  Sequential cell                         450    9191.32
  Multi-Input combinational cell        10002   82381.51
  Total                                 14362  103377.90
Writing OpenROAD database to '/home/hien/openlane2/designs/highspeed_pipelined_multiplier/runs/opti_8/31-openroad-repairdesignpostgpl/pipelined_mult.odb'…
Writing netlist to '/home/hien/openlane2/designs/highspeed_pipelined_multiplier/runs/opti_8/31-openroad-repairdesignpostgpl/pipelined_mult.nl.v'…
Writing powered netlist to '/home/hien/openlane2/designs/highspeed_pipelined_multiplier/runs/opti_8/31-openroad-repairdesignpostgpl/pipelined_mult.pnl.v'…
Writing layout to '/home/hien/openlane2/designs/highspeed_pipelined_multiplier/runs/opti_8/31-openroad-repairdesignpostgpl/pipelined_mult.def'…
Writing timing constraints to '/home/hien/openlane2/designs/highspeed_pipelined_multiplier/runs/opti_8/31-openroad-repairdesignpostgpl/pipelined_mult.sdc'…
