Clock: clk
Sources: clk 
Generated: no
Virtual: yes
Propagated: no
Period: 10.000000

===========================================================================
report_clock_properties
============================================================================
Clock                   Period          Waveform
----------------------------------------------------
clk                  10.000000    0.000000  5.000000

===========================================================================
report_clock_latency
============================================================================
Clock clk
rise -> rise
    min     max
0.000000 0.000000 source latency
0.501653         network latency _20697_/CLK
        0.669988 network latency _20539_/CLK
---------------
0.501653 0.669988 latency
        0.168335 skew

fall -> fall
    min     max
0.000000 0.000000 source latency
0.421988         network latency _20697_/CLK
        0.587768 network latency _20539_/CLK
---------------
0.421988 0.587768 latency
        0.165780 skew



===========================================================================
report_clock_min_period
============================================================================
clk period_min = 3.55 fmax = 281.78
