
===========================================================================
report_checks -unconstrained
===========================================================================
======================= nom_tt_025C_1v80 Corner ===================================

Startpoint: _20794_ (rising edge-triggered flip-flop clocked by clk)
Endpoint: _20728_ (rising edge-triggered flip-flop clocked by clk)
Path Group: clk
Path Type: max

Fanout         Cap        Slew       Delay        Time   Description
---------------------------------------------------------------------------------------------
                                  0.000000    0.000000   clock clk (rise edge)
                                  0.000000    0.000000   clock source latency
     1    0.034128    0.101825    0.074530    0.074530 ^ clk (in)
                                                         clk (net)
                      0.101907    0.000000    0.074530 ^ clkbuf_0_clk/A (sky130_fd_sc_hd__clkbuf_16)
     8    0.089763    0.105908    0.199017    0.273547 ^ clkbuf_0_clk/X (sky130_fd_sc_hd__clkbuf_16)
                                                         clknet_0_clk (net)
                      0.105932    0.001604    0.275151 ^ clkbuf_3_1_0_clk/A (sky130_fd_sc_hd__clkbuf_8)
     8    0.068755    0.127646    0.214233    0.489384 ^ clkbuf_3_1_0_clk/X (sky130_fd_sc_hd__clkbuf_8)
                                                         clknet_3_1_0_clk (net)
                      0.127647    0.000682    0.490066 ^ clkbuf_leaf_2_clk/A (sky130_fd_sc_hd__clkbuf_8)
     4    0.018325    0.048880    0.159875    0.649941 ^ clkbuf_leaf_2_clk/X (sky130_fd_sc_hd__clkbuf_8)
                                                         clknet_leaf_2_clk (net)
                      0.048880    0.000020    0.649961 ^ _20794_/CLK (sky130_fd_sc_hd__dfxtp_4)
    13    0.078151    0.224696    0.478613    1.128573 ^ _20794_/Q (sky130_fd_sc_hd__dfxtp_4)
                                                         b_h[0] (net)
                      0.224696    0.000786    1.129359 ^ max_cap548/A (sky130_fd_sc_hd__buf_8)
    13    0.070728    0.120831    0.204172    1.333531 ^ max_cap548/X (sky130_fd_sc_hd__buf_8)
                                                         net548 (net)
                      0.120854    0.001662    1.335194 ^ max_cap547/A (sky130_fd_sc_hd__buf_6)
    17    0.084025    0.169827    0.217501    1.552695 ^ max_cap547/X (sky130_fd_sc_hd__buf_6)
                                                         net547 (net)
                      0.169836    0.001013    1.553708 ^ wire546/A (sky130_fd_sc_hd__buf_6)
    16    0.087696    0.177183    0.231153    1.784861 ^ wire546/X (sky130_fd_sc_hd__buf_6)
                                                         net546 (net)
                      0.177307    0.003868    1.788729 ^ max_cap545/A (sky130_fd_sc_hd__clkbuf_8)
    15    0.068453    0.127699    0.236909    2.025638 ^ max_cap545/X (sky130_fd_sc_hd__clkbuf_8)
                                                         net545 (net)
                      0.127699    0.000457    2.026094 ^ max_cap544/A (sky130_fd_sc_hd__buf_8)
    15    0.067512    0.115334    0.176857    2.202951 ^ max_cap544/X (sky130_fd_sc_hd__buf_8)
                                                         net544 (net)
                      0.115334    0.000040    2.202991 ^ _16239_/C (sky130_fd_sc_hd__nand4_2)
     4    0.009541    0.111278    0.135317    2.338307 v _16239_/Y (sky130_fd_sc_hd__nand4_2)
                                                         _07114_ (net)
                      0.111278    0.000027    2.338334 v _16242_/A (sky130_fd_sc_hd__and3_1)
     1    0.002266    0.035258    0.164319    2.502654 v _16242_/X (sky130_fd_sc_hd__and3_1)
                                                         _07117_ (net)
                      0.035258    0.000000    2.502654 v _16244_/A2 (sky130_fd_sc_hd__a21oi_1)
     3    0.008476    0.216235    0.211749    2.714403 ^ _16244_/Y (sky130_fd_sc_hd__a21oi_1)
                                                         _07119_ (net)
                      0.216235    0.000006    2.714409 ^ _16246_/B (sky130_fd_sc_hd__nand3_1)
     1    0.009111    0.125938    0.158362    2.872771 v _16246_/Y (sky130_fd_sc_hd__nand3_1)
                                                         _07121_ (net)
                      0.125938    0.000021    2.872792 v _16253_/B1 (sky130_fd_sc_hd__o211ai_4)
     2    0.016340    0.203095    0.136728    3.009520 ^ _16253_/Y (sky130_fd_sc_hd__o211ai_4)
                                                         _07128_ (net)
                      0.203095    0.000397    3.009917 ^ max_cap283/A (sky130_fd_sc_hd__clkbuf_2)
     5    0.014658    0.088043    0.185388    3.195305 ^ max_cap283/X (sky130_fd_sc_hd__clkbuf_2)
                                                         net283 (net)
                      0.088043    0.000048    3.195354 ^ _16277_/A2_N (sky130_fd_sc_hd__o2bb2ai_1)
     2    0.007970    0.204681    0.151688    3.347041 ^ _16277_/Y (sky130_fd_sc_hd__o2bb2ai_1)
                                                         _07152_ (net)
                      0.204681    0.000028    3.347070 ^ max_cap256/A (sky130_fd_sc_hd__clkbuf_2)
     2    0.013680    0.085614    0.182262    3.529331 ^ max_cap256/X (sky130_fd_sc_hd__clkbuf_2)
                                                         net256 (net)
                      0.085614    0.000028    3.529360 ^ _16281_/B (sky130_fd_sc_hd__nand3_2)
     6    0.017633    0.128387    0.132901    3.662261 v _16281_/Y (sky130_fd_sc_hd__nand3_2)
                                                         _07156_ (net)
                      0.128387    0.000076    3.662337 v _16288_/A2 (sky130_fd_sc_hd__a21o_1)
     2    0.007271    0.052262    0.225523    3.887859 v _16288_/X (sky130_fd_sc_hd__a21o_1)
                                                         _07163_ (net)
                      0.052262    0.000026    3.887885 v _16290_/A (sky130_fd_sc_hd__nand3_2)
     5    0.014099    0.094947    0.093020    3.980905 ^ _16290_/Y (sky130_fd_sc_hd__nand3_2)
                                                         _07165_ (net)
                      0.094947    0.000052    3.980957 ^ _16293_/A1_N (sky130_fd_sc_hd__o2bb2ai_1)
     2    0.005562    0.159656    0.137858    4.118815 ^ _16293_/Y (sky130_fd_sc_hd__o2bb2ai_1)
                                                         _07168_ (net)
                      0.159656    0.000014    4.118829 ^ max_cap159/A (sky130_fd_sc_hd__clkbuf_2)
     4    0.015115    0.092414    0.175708    4.294537 ^ max_cap159/X (sky130_fd_sc_hd__clkbuf_2)
                                                         net159 (net)
                      0.092414    0.000033    4.294569 ^ _16302_/C1 (sky130_fd_sc_hd__o211ai_2)
     3    0.009475    0.089434    0.106670    4.401240 v _16302_/Y (sky130_fd_sc_hd__o211ai_2)
                                                         _07177_ (net)
                      0.089434    0.000045    4.401285 v _16563_/A2 (sky130_fd_sc_hd__a211oi_1)
     2    0.007266    0.312941    0.335635    4.736920 ^ _16563_/Y (sky130_fd_sc_hd__a211oi_1)
                                                         _07436_ (net)
                      0.312941    0.000048    4.736969 ^ max_cap144/A (sky130_fd_sc_hd__buf_1)
     2    0.009361    0.118286    0.179514    4.916482 ^ max_cap144/X (sky130_fd_sc_hd__buf_1)
                                                         net144 (net)
                      0.118286    0.000084    4.916566 ^ _16712_/B1 (sky130_fd_sc_hd__a21oi_2)
     2    0.013797    0.063317    0.070032    4.986598 v _16712_/Y (sky130_fd_sc_hd__a21oi_2)
                                                         _07583_ (net)
                      0.063317    0.000092    4.986691 v _16716_/B2 (sky130_fd_sc_hd__a22oi_4)
     3    0.018322    0.205676    0.209496    5.196187 ^ _16716_/Y (sky130_fd_sc_hd__a22oi_4)
                                                         _07587_ (net)
                      0.205676    0.000524    5.196710 ^ _17761_/A1 (sky130_fd_sc_hd__a21oi_2)
     3    0.015576    0.090152    0.121227    5.317938 v _17761_/Y (sky130_fd_sc_hd__a21oi_2)
                                                         _08624_ (net)
                      0.090152    0.000391    5.318328 v _17917_/A2 (sky130_fd_sc_hd__o21bai_1)
     2    0.007538    0.187484    0.197745    5.516074 ^ _17917_/Y (sky130_fd_sc_hd__o21bai_1)
                                                         _08776_ (net)
                      0.187484    0.000068    5.516141 ^ _17951_/A1 (sky130_fd_sc_hd__a211oi_1)
     1    0.002622    0.070380    0.097677    5.613819 v _17951_/Y (sky130_fd_sc_hd__a211oi_1)
                                                         _08808_ (net)
                      0.070380    0.000005    5.613824 v _17954_/B (sky130_fd_sc_hd__nor3_1)
     1    0.005444    0.212487    0.223388    5.837212 ^ _17954_/Y (sky130_fd_sc_hd__nor3_1)
                                                         _00368_ (net)
                      0.212487    0.000081    5.837293 ^ wire130/A (sky130_fd_sc_hd__clkbuf_1)
     1    0.006199    0.082670    0.141916    5.979209 ^ wire130/X (sky130_fd_sc_hd__clkbuf_1)
                                                         net130 (net)
                      0.082670    0.000118    5.979327 ^ _20728_/D (sky130_fd_sc_hd__dfxtp_1)
                                              5.979327   data arrival time

                                 10.000000   10.000000   clock clk (rise edge)
                                  0.000000   10.000000   clock source latency
     1    0.034128    0.101825    0.074530   10.074530 ^ clk (in)
                                                         clk (net)
                      0.101907    0.000000   10.074530 ^ clkbuf_0_clk/A (sky130_fd_sc_hd__clkbuf_16)
     8    0.089763    0.105908    0.199018   10.273547 ^ clkbuf_0_clk/X (sky130_fd_sc_hd__clkbuf_16)
                                                         clknet_0_clk (net)
                      0.105960    0.002195   10.275743 ^ clkbuf_3_3_0_clk/A (sky130_fd_sc_hd__clkbuf_8)
     8    0.069501    0.128885    0.214994   10.490737 ^ clkbuf_3_3_0_clk/X (sky130_fd_sc_hd__clkbuf_8)
                                                         clknet_3_3_0_clk (net)
                      0.128900    0.001477   10.492213 ^ clkbuf_leaf_12_clk/A (sky130_fd_sc_hd__clkbuf_8)
    23    0.056674    0.108388    0.207876   10.700089 ^ clkbuf_leaf_12_clk/X (sky130_fd_sc_hd__clkbuf_8)
                                                         clknet_leaf_12_clk (net)
                      0.108388    0.000044   10.700133 ^ _20728_/CLK (sky130_fd_sc_hd__dfxtp_1)
                                 -1.500000    9.200133   clock uncertainty
                                  0.000000    9.200133   clock reconvergence pessimism
                                 -0.053543    9.146589   library setup time
                                              9.146589   data required time
---------------------------------------------------------------------------------------------
                                              9.146589   data required time
                                             -5.979327   data arrival time
---------------------------------------------------------------------------------------------
                                              3.167262   slack (MET)




===========================================================================
report_checks --slack_max -0.01
============================================================================
======================= nom_tt_025C_1v80 Corner ===================================

No paths found.


===========================================================================
 report_check_types -max_slew -max_cap -max_fanout -violators
============================================================================
======================= nom_tt_025C_1v80 Corner ===================================

max slew

Pin                                        Limit        Slew       Slack
------------------------------------------------------------------------
_15701_/Y                               0.500000    0.505271   -0.005271 (VIOLATED)
_15704_/A                               0.500000    0.505271   -0.005271 (VIOLATED)
max_cap378/A                            0.500000    0.505271   -0.005271 (VIOLATED)



===========================================================================
report_parasitic_annotation -report_unannotated
============================================================================
Found 55 unannotated drivers.
 clkload0/Y
 clkload1/Y
 clkload10/Y
 clkload11/Y
 clkload12/X
 clkload13/Y
 clkload14/X
 clkload15/Y
 clkload16/Y
 clkload17/Y
 clkload18/Y
 clkload19/Y
 clkload2/Y
 clkload20/Y
 clkload21/Y
 clkload22/Y
 clkload23/Y
 clkload24/Y
 clkload25/Y
 clkload26/Y
 clkload27/Y
 clkload28/Y
 clkload29/Y
 clkload3/Y
 clkload30/Y
 clkload31/Y
 clkload32/Y
 clkload33/Y
 clkload34/Y
 clkload35/Y
 clkload36/Y
 clkload37/Y
 clkload38/Y
 clkload39/Y
 clkload4/Y
 clkload40/Y
 clkload41/Y
 clkload42/Y
 clkload43/Y
 clkload44/Y
 clkload45/Y
 clkload46/Y
 clkload47/Y
 clkload48/Y
 clkload49/Y
 clkload5/Y
 clkload50/Y
 clkload51/Y
 clkload52/Y
 clkload53/Y
 clkload54/Y
 clkload6/X
 clkload7/X
 clkload8/Y
 clkload9/X
Found 0 partially unannotated drivers.

===========================================================================
max slew violation count 3
Writing metric design__max_slew_violation__count__corner:nom_tt_025C_1v80: 3
max fanout violation count 0
Writing metric design__max_fanout_violation__count__corner:nom_tt_025C_1v80: 0
max cap violation count 0
Writing metric design__max_cap_violation__count__corner:nom_tt_025C_1v80: 0
============================================================================

===========================================================================
check_setup -verbose -unconstrained_endpoints -multiple_clock -no_clock -no_input_delay -loops -generated_clocks
===========================================================================
