Clock: clk
Sources: clk 
Generated: no
Virtual: yes
Propagated: no
Period: 10.000000

===========================================================================
report_clock_properties
============================================================================
Clock                   Period          Waveform
----------------------------------------------------
clk                  10.000000    0.000000  5.000000

===========================================================================
report_clock_latency
============================================================================
Clock clk
rise -> rise
    min     max
0.000000 0.000000 source latency
0.489993         network latency _20686_/CLK
        0.720425 network latency _20362_/CLK
---------------
0.489993 0.720425 latency
        0.230432 skew

fall -> fall
    min     max
0.000000 0.000000 source latency
0.442430         network latency _20686_/CLK
        0.650701 network latency _20362_/CLK
---------------
0.442430 0.650701 latency
        0.208271 skew



===========================================================================
report_clock_min_period
============================================================================
clk period_min = 6.83 fmax = 146.35
