Clock: clk
Sources: clk 
Generated: no
Virtual: yes
Propagated: no
Period: 10.000000

===========================================================================
report_clock_properties
============================================================================
Clock                   Period          Waveform
----------------------------------------------------
clk                  10.000000    0.000000  5.000000

===========================================================================
report_clock_latency
============================================================================
Clock clk
rise -> rise
    min     max
0.000000 0.000000 source latency
0.482907         network latency _20687_/CLK
        0.693232 network latency _20746_/CLK
---------------
0.482907 0.693232 latency
        0.210325 skew

fall -> fall
    min     max
0.000000 0.000000 source latency
0.446794         network latency _20687_/CLK
        0.642201 network latency _20746_/CLK
---------------
0.446794 0.642201 latency
        0.195406 skew



===========================================================================
report_clock_min_period
============================================================================
clk period_min = 6.23 fmax = 160.57
