if {[file exists ~/openlane2/my_script/script_matt.tcl]} {
    source ~/openlane2/my_script/script_matt.tcl
}
Reading OpenROAD database at '/home/hien/openlane2/designs/fn_pj/pipeline-mult/runs/MULT/20-openroad-generatepdn/mult_16x16.odb'…
Reading library file at '/home/hien/.volare/volare/sky130/versions/0fe599b2afb6708d281543108caf8310912f54af/sky130A/libs.ref/sky130_fd_sc_hd/lib/sky130_fd_sc_hd__tt_025C_1v80.lib'…
Reading design constraints file at '/home/hien/openlane2/designs/fn_pj/pipeline-mult/mult_16x16.sdc'…
+ global_placement -density 0.699593 -skip_io -pad_right 0 -pad_left 0 -init_wirelength_coef 0.25
[INFO GPL-0002] DBU: 1000
[INFO GPL-0003] SiteSize: (  0.460  2.720 ) um
[INFO GPL-0004] CoreBBox: (  5.520 10.880 ) ( 219.420 212.160 ) um
[INFO GPL-0006] NumInstances:              3312
[INFO GPL-0007] NumPlaceInstances:         2556
[INFO GPL-0008] NumFixedInstances:          756
[INFO GPL-0009] NumDummyInstances:            0
[INFO GPL-0010] NumNets:                   2590
[INFO GPL-0011] NumPins:                  10431
[INFO GPL-0012] DieBBox:  (  0.000  0.000 ) ( 225.000 225.000 ) um
[INFO GPL-0013] CoreBBox: (  5.520 10.880 ) ( 219.420 212.160 ) um
[INFO GPL-0016] CoreArea:             43053.792 um^2
[INFO GPL-0017] NonPlaceInstsArea:     1316.262 um^2
[INFO GPL-0018] PlaceInstsArea:       25054.029 um^2
[INFO GPL-0019] Util:                    60.028 %
[INFO GPL-0020] StdInstsArea:         25054.029 um^2
[INFO GPL-0021] MacroInstsArea:           0.000 um^2
[INFO GPL-0031] FillerInit:NumGCells:      2988
[INFO GPL-0032] FillerInit:NumGNets:       2590
[INFO GPL-0033] FillerInit:NumGPins:      10431
[INFO GPL-0023] TargetDensity:            0.700
[INFO GPL-0024] AvrgPlaceInstArea:        9.802 um^2
[INFO GPL-0025] IdealBinArea:            14.011 um^2
[INFO GPL-0026] IdealBinCnt:               3072
[INFO GPL-0027] TotalBinArea:         43053.792 um^2
[INFO GPL-0028] BinCnt:        32     32
[INFO GPL-0029] BinSize: (  6.685  6.290 )
[INFO GPL-0030] NumBins: 1024
[NesterovSolve] Iter:    1 overflow: 0.995 HPWL: 6937681
[NesterovSolve] Iter:   10 overflow: 0.993 HPWL: 4428210
[NesterovSolve] Iter:   20 overflow: 0.992 HPWL: 4358864
[NesterovSolve] Iter:   30 overflow: 0.992 HPWL: 4344278
[NesterovSolve] Iter:   40 overflow: 0.992 HPWL: 4343974
[NesterovSolve] Iter:   50 overflow: 0.992 HPWL: 4345569
[NesterovSolve] Iter:   60 overflow: 0.992 HPWL: 4346016
[NesterovSolve] Iter:   70 overflow: 0.992 HPWL: 4345394
[NesterovSolve] Iter:   80 overflow: 0.991 HPWL: 4346298
[NesterovSolve] Iter:   90 overflow: 0.991 HPWL: 4351076
[NesterovSolve] Iter:  100 overflow: 0.991 HPWL: 4365381
[NesterovSolve] Iter:  110 overflow: 0.989 HPWL: 4419798
[NesterovSolve] Iter:  120 overflow: 0.987 HPWL: 4636857
[NesterovSolve] Iter:  130 overflow: 0.981 HPWL: 5613376
[NesterovSolve] Iter:  140 overflow: 0.968 HPWL: 7722478
[NesterovSolve] Iter:  150 overflow: 0.953 HPWL: 9801114
[NesterovSolve] Iter:  160 overflow: 0.936 HPWL: 11154399
[NesterovSolve] Iter:  170 overflow: 0.921 HPWL: 12369723
[NesterovSolve] Iter:  180 overflow: 0.895 HPWL: 14557200
[NesterovSolve] Iter:  190 overflow: 0.861 HPWL: 17346831
[NesterovSolve] Iter:  200 overflow: 0.830 HPWL: 19419543
[NesterovSolve] Iter:  210 overflow: 0.794 HPWL: 21738614
[NesterovSolve] Iter:  220 overflow: 0.745 HPWL: 24341440
[NesterovSolve] Iter:  230 overflow: 0.705 HPWL: 26427098
[NesterovSolve] Iter:  240 overflow: 0.654 HPWL: 28969557
[NesterovSolve] Iter:  250 overflow: 0.606 HPWL: 31110609
[NesterovSolve] Iter:  260 overflow: 0.554 HPWL: 32961233
[NesterovSolve] Iter:  270 overflow: 0.499 HPWL: 35077625
[NesterovSolve] Iter:  280 overflow: 0.452 HPWL: 37142239
[NesterovSolve] Iter:  290 overflow: 0.405 HPWL: 39318523
[NesterovSolve] Iter:  300 overflow: 0.361 HPWL: 40546355
[NesterovSolve] Iter:  310 overflow: 0.315 HPWL: 41276373
[NesterovSolve] Iter:  320 overflow: 0.287 HPWL: 41568476
[NesterovSolve] Iter:  330 overflow: 0.256 HPWL: 41864809
[NesterovSolve] Iter:  340 overflow: 0.236 HPWL: 41846940
[NesterovSolve] Iter:  350 overflow: 0.212 HPWL: 41983486
[NesterovSolve] Iter:  360 overflow: 0.192 HPWL: 42115467
[NesterovSolve] Iter:  370 overflow: 0.169 HPWL: 42203389
[NesterovSolve] Iter:  380 overflow: 0.151 HPWL: 42328616
[NesterovSolve] Iter:  390 overflow: 0.134 HPWL: 42455095
[NesterovSolve] Iter:  400 overflow: 0.115 HPWL: 42666479
[NesterovSolve] Finished with Overflow: 0.099222
[INFO] Setting RC values…
Setting global connections for newly added cells…
[INFO] Setting global connections...
Updating metrics…
Cell type report:                       Count       Area
  Fill cell                               148     555.53
  Tap cell                                608     760.73
  Inverter                                 61     228.97
  Sequential cell                          64    1361.31
  Multi-Input combinational cell         2431   23463.75
  Total                                  3312   26370.29
Writing OpenROAD database to '/home/hien/openlane2/designs/fn_pj/pipeline-mult/runs/MULT/23-openroad-globalplacementskipio/mult_16x16.odb'…
Writing netlist to '/home/hien/openlane2/designs/fn_pj/pipeline-mult/runs/MULT/23-openroad-globalplacementskipio/mult_16x16.nl.v'…
Writing powered netlist to '/home/hien/openlane2/designs/fn_pj/pipeline-mult/runs/MULT/23-openroad-globalplacementskipio/mult_16x16.pnl.v'…
Writing layout to '/home/hien/openlane2/designs/fn_pj/pipeline-mult/runs/MULT/23-openroad-globalplacementskipio/mult_16x16.def'…
Writing timing constraints to '/home/hien/openlane2/designs/fn_pj/pipeline-mult/runs/MULT/23-openroad-globalplacementskipio/mult_16x16.sdc'…
