
===========================================================================
report_checks -unconstrained
===========================================================================
======================= nom_ss_100C_1v60 Corner ===================================

Startpoint: _20790_ (rising edge-triggered flip-flop clocked by clk)
Endpoint: _20760_ (rising edge-triggered flip-flop clocked by clk)
Path Group: clk
Path Type: max

Fanout         Cap        Slew       Delay        Time   Description
---------------------------------------------------------------------------------------------
                                  0.000000    0.000000   clock clk (rise edge)
                                  0.000000    0.000000   clock source latency
     2    0.051926    0.237782    0.176442    0.176442 ^ clk (in)
                                                         clk (net)
                      0.237878    0.000000    0.176442 ^ clkbuf_0_clk/A (sky130_fd_sc_hd__clkbuf_16)
     8    0.220571    0.343950    0.516785    0.693227 ^ clkbuf_0_clk/X (sky130_fd_sc_hd__clkbuf_16)
                                                         clknet_0_clk (net)
                      0.344227    0.005980    0.699207 ^ clkbuf_3_4__f_clk/A (sky130_fd_sc_hd__clkbuf_16)
    11    0.105371    0.185628    0.438384    1.137591 ^ clkbuf_3_4__f_clk/X (sky130_fd_sc_hd__clkbuf_16)
                                                         clknet_3_4__leaf_clk (net)
                      0.185660    0.002645    1.140236 ^ clkbuf_leaf_8_clk/A (sky130_fd_sc_hd__clkbuf_8)
     5    0.020018    0.083536    0.288950    1.429186 ^ clkbuf_leaf_8_clk/X (sky130_fd_sc_hd__clkbuf_8)
                                                         clknet_leaf_8_clk (net)
                      0.083536    0.000328    1.429514 ^ _20790_/CLK (sky130_fd_sc_hd__dfxtp_4)
     5    0.035591    0.182504    0.798644    2.228158 ^ _20790_/Q (sky130_fd_sc_hd__dfxtp_4)
                                                         a_l[12] (net)
                      0.182509    0.001290    2.229449 ^ max_cap566/A (sky130_fd_sc_hd__buf_12)
    15    0.100467    0.191936    0.320765    2.550214 ^ max_cap566/X (sky130_fd_sc_hd__buf_12)
                                                         net566 (net)
                      0.192456    0.008193    2.558407 ^ max_cap565/A (sky130_fd_sc_hd__buf_12)
    14    0.100452    0.192038    0.325946    2.884352 ^ max_cap565/X (sky130_fd_sc_hd__buf_12)
                                                         net565 (net)
                      0.193277    0.012405    2.896757 ^ max_cap564/A (sky130_fd_sc_hd__buf_12)
     7    0.098683    0.189074    0.326478    3.223235 ^ max_cap564/X (sky130_fd_sc_hd__buf_12)
                                                         net564 (net)
                      0.189632    0.008304    3.231539 ^ max_cap563/A (sky130_fd_sc_hd__buf_12)
    11    0.068888    0.139438    0.290086    3.521625 ^ max_cap563/X (sky130_fd_sc_hd__buf_12)
                                                         net563 (net)
                      0.139785    0.004751    3.526376 ^ max_cap562/A (sky130_fd_sc_hd__buf_12)
    14    0.094855    0.182245    0.298941    3.825317 ^ max_cap562/X (sky130_fd_sc_hd__buf_12)
                                                         net562 (net)
                      0.182491    0.004339    3.829656 ^ _19051_/B (sky130_fd_sc_hd__nand2_1)
     1    0.008050    0.153717    0.210739    4.040395 v _19051_/Y (sky130_fd_sc_hd__nand2_1)
                                                         _09942_ (net)
                      0.153717    0.000322    4.040718 v _19152_/A (sky130_fd_sc_hd__nand2_2)
     6    0.026101    0.232243    0.248865    4.289583 ^ _19152_/Y (sky130_fd_sc_hd__nand2_2)
                                                         _10044_ (net)
                      0.232247    0.000802    4.290385 ^ _19159_/B1 (sky130_fd_sc_hd__o211ai_1)
     2    0.011304    0.336057    0.393975    4.684360 v _19159_/Y (sky130_fd_sc_hd__o211ai_1)
                                                         _10052_ (net)
                      0.336057    0.000254    4.684613 v _19160_/B (sky130_fd_sc_hd__nand2_1)
     1    0.010940    0.200934    0.303758    4.988371 ^ _19160_/Y (sky130_fd_sc_hd__nand2_1)
                                                         _10053_ (net)
                      0.200934    0.000532    4.988903 ^ _19161_/A (sky130_fd_sc_hd__nand3_1)
     1    0.010896    0.307792    0.326837    5.315740 v _19161_/Y (sky130_fd_sc_hd__nand3_1)
                                                         _10054_ (net)
                      0.307792    0.000408    5.316148 v _19165_/C (sky130_fd_sc_hd__nand4_4)
     7    0.030940    0.229704    0.346603    5.662750 ^ _19165_/Y (sky130_fd_sc_hd__nand4_4)
                                                         _10058_ (net)
                      0.229716    0.001738    5.664489 ^ _19169_/A2 (sky130_fd_sc_hd__a21o_1)
     1    0.009651    0.148618    0.340531    6.005019 ^ _19169_/X (sky130_fd_sc_hd__a21o_1)
                                                         _10063_ (net)
                      0.148618    0.000307    6.005326 ^ _19177_/B (sky130_fd_sc_hd__nand3_4)
     6    0.037249    0.289388    0.310248    6.315574 v _19177_/Y (sky130_fd_sc_hd__nand3_4)
                                                         _10071_ (net)
                      0.289406    0.001841    6.317415 v _19216_/A2_N (sky130_fd_sc_hd__o2bb2ai_1)
     1    0.005041    0.136892    0.352553    6.669968 v _19216_/Y (sky130_fd_sc_hd__o2bb2ai_1)
                                                         _10113_ (net)
                      0.136892    0.000184    6.670152 v wire206/A (sky130_fd_sc_hd__buf_4)
     4    0.020297    0.078018    0.308956    6.979107 v wire206/X (sky130_fd_sc_hd__buf_4)
                                                         net206 (net)
                      0.078019    0.000475    6.979582 v _19222_/A2 (sky130_fd_sc_hd__a21o_1)
     3    0.014029    0.144505    0.407725    7.387307 v _19222_/X (sky130_fd_sc_hd__a21o_1)
                                                         _10120_ (net)
                      0.144505    0.000346    7.387653 v _19235_/B (sky130_fd_sc_hd__nand2_1)
     1    0.010103    0.168737    0.208190    7.595843 ^ _19235_/Y (sky130_fd_sc_hd__nand2_1)
                                                         _10134_ (net)
                      0.168737    0.000335    7.596178 ^ _19380_/B (sky130_fd_sc_hd__nand4_4)
     6    0.022075    0.286501    0.315714    7.911892 v _19380_/Y (sky130_fd_sc_hd__nand4_4)
                                                         _00561_ (net)
                      0.286501    0.000451    7.912343 v _19386_/C1 (sky130_fd_sc_hd__o2111ai_1)
     1    0.009572    0.450660    0.306702    8.219046 ^ _19386_/Y (sky130_fd_sc_hd__o2111ai_1)
                                                         _00567_ (net)
                      0.450660    0.000290    8.219336 ^ _19388_/A (sky130_fd_sc_hd__nand3_4)
     4    0.016796    0.197625    0.296776    8.516111 v _19388_/Y (sky130_fd_sc_hd__nand3_4)
                                                         _00570_ (net)
                      0.197625    0.000359    8.516471 v _19521_/B1_N (sky130_fd_sc_hd__a21boi_2)
     2    0.012355    0.165898    0.417234    8.933704 v _19521_/Y (sky130_fd_sc_hd__a21boi_2)
                                                         _00713_ (net)
                      0.165899    0.000373    8.934077 v _19766_/A1 (sky130_fd_sc_hd__a21oi_4)
     4    0.037556    0.458302    0.482624    9.416701 ^ _19766_/Y (sky130_fd_sc_hd__a21oi_4)
                                                         _00976_ (net)
                      0.458318    0.002254    9.418956 ^ _20114_/A (sky130_fd_sc_hd__nand3_4)
     5    0.046043    0.361913    0.448704    9.867660 v _20114_/Y (sky130_fd_sc_hd__nand3_4)
                                                         _01350_ (net)
                      0.362068    0.002937    9.870597 v _20257_/A2 (sky130_fd_sc_hd__a21oi_4)
     5    0.021957    0.310239    0.473854   10.344451 ^ _20257_/Y (sky130_fd_sc_hd__a21oi_4)
                                                         _01502_ (net)
                      0.310239    0.000969   10.345420 ^ _20307_/B2 (sky130_fd_sc_hd__o22ai_1)
     1    0.003171    0.118540    0.215990   10.561410 v _20307_/Y (sky130_fd_sc_hd__o22ai_1)
                                                         _01553_ (net)
                      0.118540    0.000067   10.561477 v _20309_/A1 (sky130_fd_sc_hd__o211a_1)
     1    0.003380    0.076651    0.427892   10.989367 v _20309_/X (sky130_fd_sc_hd__o211a_1)
                                                         _00400_ (net)
                      0.076651    0.000112   10.989480 v _20760_/D (sky130_fd_sc_hd__dfxtp_1)
                                             10.989480   data arrival time

                                 10.000000   10.000000   clock clk (rise edge)
                                  0.000000   10.000000   clock source latency
     2    0.051926    0.237782    0.176442   10.176442 ^ clk (in)
                                                         clk (net)
                      0.237878    0.000000   10.176442 ^ clkbuf_0_clk/A (sky130_fd_sc_hd__clkbuf_16)
     8    0.220571    0.343950    0.516785   10.693227 ^ clkbuf_0_clk/X (sky130_fd_sc_hd__clkbuf_16)
                                                         clknet_0_clk (net)
                      0.344507    0.009978   10.703205 ^ clkbuf_3_2__f_clk/A (sky130_fd_sc_hd__clkbuf_16)
    10    0.102377    0.181330    0.435777   11.138982 ^ clkbuf_3_2__f_clk/X (sky130_fd_sc_hd__clkbuf_16)
                                                         clknet_3_2__leaf_clk (net)
                      0.181683    0.007020   11.146002 ^ clkbuf_leaf_53_clk/A (sky130_fd_sc_hd__clkbuf_8)
     4    0.043697    0.138580    0.335571   11.481572 ^ clkbuf_leaf_53_clk/X (sky130_fd_sc_hd__clkbuf_8)
                                                         clknet_leaf_53_clk (net)
                      0.138583    0.000946   11.482518 ^ _20760_/CLK (sky130_fd_sc_hd__dfxtp_1)
                                 -0.200000   11.282518   clock uncertainty
                                  0.000000   11.282518   clock reconvergence pessimism
                                 -0.253267   11.029252   library setup time
                                             11.029252   data required time
---------------------------------------------------------------------------------------------
                                             11.029252   data required time
                                            -10.989480   data arrival time
---------------------------------------------------------------------------------------------
                                              0.039772   slack (MET)




===========================================================================
report_checks --slack_max -0.01
============================================================================
======================= nom_ss_100C_1v60 Corner ===================================

No paths found.


===========================================================================
 report_check_types -max_slew -max_cap -max_fanout -violators
============================================================================
======================= nom_ss_100C_1v60 Corner ===================================



===========================================================================
report_parasitic_annotation -report_unannotated
============================================================================
Found 56 unannotated drivers.
 clkload0/Y
 clkload1/Y
 clkload10/Y
 clkload11/Y
 clkload12/Y
 clkload13/Y
 clkload14/Y
 clkload15/Y
 clkload16/Y
 clkload17/Y
 clkload18/Y
 clkload19/Y
 clkload2/X
 clkload20/Y
 clkload21/Y
 clkload22/Y
 clkload23/Y
 clkload24/Y
 clkload25/Y
 clkload26/Y
 clkload27/Y
 clkload28/Y
 clkload29/Y
 clkload3/Y
 clkload30/Y
 clkload31/Y
 clkload32/Y
 clkload33/Y
 clkload34/X
 clkload35/Y
 clkload36/Y
 clkload37/Y
 clkload38/Y
 clkload39/Y
 clkload4/Y
 clkload40/Y
 clkload41/Y
 clkload42/Y
 clkload43/Y
 clkload44/Y
 clkload45/Y
 clkload46/Y
 clkload47/Y
 clkload48/Y
 clkload49/Y
 clkload5/Y
 clkload50/Y
 clkload51/Y
 clkload52/Y
 clkload53/Y
 clkload54/Y
 clkload55/Y
 clkload6/Y
 clkload7/X
 clkload8/X
 clkload9/Y
Found 0 partially unannotated drivers.

===========================================================================
max slew violation count 0
max fanout violation count 0
max cap violation count 0
============================================================================

===========================================================================
check_setup -verbose -unconstrained_endpoints -multiple_clock -no_clock -no_input_delay -loops -generated_clocks
===========================================================================
