Clock: clk
Sources: clk 
Generated: no
Virtual: yes
Propagated: no
Period: 10.000000

===========================================================================
report_clock_properties
============================================================================
Clock                   Period          Waveform
----------------------------------------------------
clk                  10.000000    0.000000  5.000000

===========================================================================
report_clock_latency
============================================================================
Clock clk
rise -> rise
    min     max
0.000000 0.000000 source latency
1.118613         network latency _20687_/CLK
        1.510812 network latency _20394_/CLK
---------------
1.118613 1.510812 latency
        0.392199 skew

fall -> fall
    min     max
0.000000 0.000000 source latency
0.965747         network latency _20687_/CLK
        1.327547 network latency _20394_/CLK
---------------
0.965747 1.327547 latency
        0.361800 skew



===========================================================================
report_clock_min_period
============================================================================
clk period_min = 9.96 fmax = 100.40
