Clock: clk
Sources: clk 
Generated: no
Virtual: yes
Propagated: no
Period: 10.000000

===========================================================================
report_clock_properties
============================================================================
Clock                   Period          Waveform
----------------------------------------------------
clk                  10.000000    0.000000  5.000000

===========================================================================
report_clock_latency
============================================================================
Clock clk
rise -> rise
    min     max
0.000000 0.000000 source latency
0.594394         network latency _1997_/CLK
        0.654533 network latency _1968_/CLK
---------------
0.594394 0.654533 latency
        0.060139 skew

fall -> fall
    min     max
0.000000 0.000000 source latency
0.597876         network latency _1997_/CLK
        0.643688 network latency _1968_/CLK
---------------
0.597876 0.643688 latency
        0.045812 skew



===========================================================================
report_clock_min_period
============================================================================
clk period_min = 0.00 fmax = inf
