[WARNING ORD-0039] .openroad ignored with -python
Top-level design name: pipelined_mult
Block boundaries: 0 0 450000 450000
Horizontal Tracks Origin: 340, Count: 662, Step: 680
Vertical Tracks Origin: 230, Count: 978, Step: 460
Placement details for the N side
Virtual pin count:  0
Actual pin count:  32
Total pin count:  32
Tracks count:  978
Tracks per pin:  30
Used tracks count:  931
Unused track count:  47
Starting track index:  23
Placement details for the E side
Virtual pin count:  0
Actual pin count:  32
Total pin count:  32
Tracks count:  331
Tracks per pin:  10
Used tracks count:  311
Unused track count:  20
Starting track index:  10
Placement details for the W side
Virtual pin count:  0
Actual pin count:  33
Total pin count:  33
Tracks count:  331
Tracks per pin:  10
Used tracks count:  321
Unused track count:  10
Starting track index:  5
Placement details for the S side
Virtual pin count:  0
Actual pin count:  33
Total pin count:  33
Tracks count:  978
Tracks per pin:  29
Used tracks count:  929
Unused track count:  49
Starting track index:  24
