Clock: clk
Sources: clk 
Generated: no
Virtual: yes
Propagated: no
Period: 10.000000

===========================================================================
report_clock_properties
============================================================================
Clock                   Period          Waveform
----------------------------------------------------
clk                  10.000000    0.000000  5.000000

===========================================================================
report_clock_latency
============================================================================
Clock clk
rise -> rise
    min     max
0.000000 0.000000 source latency
0.536461         network latency _20740_/CLK
        0.737164 network latency _20378_/CLK
---------------
0.536461 0.737164 latency
        0.200702 skew

fall -> fall
    min     max
0.000000 0.000000 source latency
0.479269         network latency _20740_/CLK
        0.667308 network latency _20378_/CLK
---------------
0.479269 0.667308 latency
        0.188039 skew



===========================================================================
report_clock_min_period
============================================================================
clk period_min = 6.33 fmax = 158.09
