
===========================================================================
report_checks -unconstrained
===========================================================================
======================= nom_tt_025C_1v80 Corner ===================================

Startpoint: _1045_ (rising edge-triggered flip-flop clocked by clk)
Endpoint: i_add (rising edge-triggered flip-flop clocked by clk)
Path Group: clk
Path Type: max

Fanout         Cap        Slew       Delay        Time   Description
---------------------------------------------------------------------------------------------
                                  0.000000    0.000000   clock clk (rise edge)
                                  0.000000    0.000000   clock source latency
   199    0.812588    2.180645    1.578733    1.578733 ^ clk (in)
                                                         clk (net)
                      2.207281    0.000000    1.578733 ^ _1045_/CLK (sky130_fd_sc_hd__dfxtp_2)
     1    0.006512    0.030523    0.606919    2.185652 v _1045_/Q (sky130_fd_sc_hd__dfxtp_2)
                                                         term_mid[18] (net)
                      0.030523    0.000046    2.185698 v i_add/in2[18] (add3x64)
                                              2.185698   data arrival time

                                 10.000000   10.000000   clock clk (rise edge)
                                  0.000000   10.000000   clock source latency
   199    0.812588    2.180645    1.583089   11.583090 ^ clk (in)
                                                         clk (net)
                      2.208554    0.000000   11.583090 ^ i_add/clk (add3x64)
                                 -1.500000   10.083089   clock uncertainty
                                  0.000000   10.083089   clock reconvergence pessimism
                                 -6.349880    3.733209   library setup time
                                              3.733209   data required time
---------------------------------------------------------------------------------------------
                                              3.733209   data required time
                                             -2.185698   data arrival time
---------------------------------------------------------------------------------------------
                                              1.547511   slack (MET)




===========================================================================
report_checks --slack_max -0.01
============================================================================
======================= nom_tt_025C_1v80 Corner ===================================

No paths found.


===========================================================================
 report_check_types -max_slew -max_cap -max_fanout -violators
============================================================================
======================= nom_tt_025C_1v80 Corner ===================================

max slew

Pin                                        Limit        Slew       Slack
------------------------------------------------------------------------
i_add/clk                               0.500000    2.208554   -1.708554 (VIOLATED)
_1086_/CLK                              0.500000    2.208445   -1.708445 (VIOLATED)
_1085_/CLK                              0.500000    2.208435   -1.708435 (VIOLATED)
_1087_/CLK                              0.500000    2.208270   -1.708270 (VIOLATED)
_1088_/CLK                              0.500000    2.208090   -1.708090 (VIOLATED)
_1090_/CLK                              0.500000    2.207980   -1.707980 (VIOLATED)
_1091_/CLK                              0.500000    2.207981   -1.707981 (VIOLATED)
_1089_/CLK                              0.500000    2.207940   -1.707940 (VIOLATED)
_1095_/CLK                              0.500000    2.207378   -1.707378 (VIOLATED)
_1052_/CLK                              0.500000    2.207287   -1.707287 (VIOLATED)
_1045_/CLK                              0.500000    2.207281   -1.707281 (VIOLATED)
_1043_/CLK                              0.500000    2.207179   -1.707179 (VIOLATED)
_1092_/CLK                              0.500000    2.207169   -1.707169 (VIOLATED)
_1044_/CLK                              0.500000    2.207089   -1.707089 (VIOLATED)
_1093_/CLK                              0.500000    2.206988   -1.706988 (VIOLATED)
_1094_/CLK                              0.500000    2.206926   -1.706926 (VIOLATED)
_1046_/CLK                              0.500000    2.206858   -1.706858 (VIOLATED)
_1048_/CLK                              0.500000    2.206756   -1.706756 (VIOLATED)
_1047_/CLK                              0.500000    2.206531   -1.706531 (VIOLATED)
_1051_/CLK                              0.500000    2.206503   -1.706503 (VIOLATED)
_1097_/CLK                              0.500000    2.206379   -1.706379 (VIOLATED)
_1099_/CLK                              0.500000    2.206292   -1.706292 (VIOLATED)
_1168_/CLK                              0.500000    2.206216   -1.706216 (VIOLATED)
_1049_/CLK                              0.500000    2.206161   -1.706161 (VIOLATED)
_1050_/CLK                              0.500000    2.206102   -1.706102 (VIOLATED)
_1100_/CLK                              0.500000    2.205878   -1.705878 (VIOLATED)
_1053_/CLK                              0.500000    2.205787   -1.705787 (VIOLATED)
_1055_/CLK                              0.500000    2.205716   -1.705716 (VIOLATED)
_1105_/CLK                              0.500000    2.205640   -1.705639 (VIOLATED)
_1076_/CLK                              0.500000    2.205637   -1.705637 (VIOLATED)
_1077_/CLK                              0.500000    2.205628   -1.705628 (VIOLATED)
_1079_/CLK                              0.500000    2.205613   -1.705613 (VIOLATED)
_1101_/CLK                              0.500000    2.205608   -1.705608 (VIOLATED)
_1084_/CLK                              0.500000    2.205597   -1.705597 (VIOLATED)
_1082_/CLK                              0.500000    2.205573   -1.705573 (VIOLATED)
_1083_/CLK                              0.500000    2.205549   -1.705549 (VIOLATED)
_1081_/CLK                              0.500000    2.205515   -1.705515 (VIOLATED)
_1016_/CLK                              0.500000    2.205498   -1.705498 (VIOLATED)
_1080_/CLK                              0.500000    2.205456   -1.705456 (VIOLATED)
_1014_/CLK                              0.500000    2.205412   -1.705412 (VIOLATED)
_1106_/CLK                              0.500000    2.205410   -1.705410 (VIOLATED)
_1078_/CLK                              0.500000    2.205402   -1.705402 (VIOLATED)
_1039_/CLK                              0.500000    2.205355   -1.705355 (VIOLATED)
_1098_/CLK                              0.500000    2.205357   -1.705357 (VIOLATED)
_1022_/CLK                              0.500000    2.205350   -1.705350 (VIOLATED)
_1021_/CLK                              0.500000    2.205348   -1.705348 (VIOLATED)
_1020_/CLK                              0.500000    2.205333   -1.705333 (VIOLATED)
_1067_/CLK                              0.500000    2.205325   -1.705325 (VIOLATED)
_1018_/CLK                              0.500000    2.205317   -1.705317 (VIOLATED)
_1104_/CLK                              0.500000    2.205299   -1.705299 (VIOLATED)
_1015_/CLK                              0.500000    2.205295   -1.705295 (VIOLATED)
_1057_/CLK                              0.500000    2.205284   -1.705284 (VIOLATED)
_1056_/CLK                              0.500000    2.205245   -1.705245 (VIOLATED)
_1058_/CLK                              0.500000    2.205228   -1.705228 (VIOLATED)
_1038_/CLK                              0.500000    2.205220   -1.705219 (VIOLATED)
_1037_/CLK                              0.500000    2.205172   -1.705172 (VIOLATED)
_1107_/CLK                              0.500000    2.205156   -1.705156 (VIOLATED)
_0988_/CLK                              0.500000    2.205152   -1.705152 (VIOLATED)
_0982_/CLK                              0.500000    2.205150   -1.705150 (VIOLATED)
_1059_/CLK                              0.500000    2.205149   -1.705149 (VIOLATED)
_1103_/CLK                              0.500000    2.205148   -1.705148 (VIOLATED)
_1062_/CLK                              0.500000    2.205146   -1.705146 (VIOLATED)
_1108_/CLK                              0.500000    2.205147   -1.705147 (VIOLATED)
_1054_/CLK                              0.500000    2.205141   -1.705141 (VIOLATED)
_1063_/CLK                              0.500000    2.205142   -1.705142 (VIOLATED)
_1109_/CLK                              0.500000    2.205141   -1.705141 (VIOLATED)
_0980_/CLK                              0.500000    2.205138   -1.705138 (VIOLATED)
_1171_/CLK                              0.500000    2.205139   -1.705139 (VIOLATED)
_0987_/CLK                              0.500000    2.205134   -1.705134 (VIOLATED)
_1013_/CLK                              0.500000    2.205135   -1.705135 (VIOLATED)
_1110_/CLK                              0.500000    2.205134   -1.705134 (VIOLATED)
_1102_/CLK                              0.500000    2.205123   -1.705123 (VIOLATED)
_0979_/CLK                              0.500000    2.205118   -1.705118 (VIOLATED)
_1096_/CLK                              0.500000    2.205099   -1.705099 (VIOLATED)
_1111_/CLK                              0.500000    2.205094   -1.705094 (VIOLATED)
_1017_/CLK                              0.500000    2.205090   -1.705090 (VIOLATED)
_0985_/CLK                              0.500000    2.205076   -1.705076 (VIOLATED)
_1023_/CLK                              0.500000    2.205064   -1.705064 (VIOLATED)
_1064_/CLK                              0.500000    2.205064   -1.705064 (VIOLATED)
_1113_/CLK                              0.500000    2.205053   -1.705053 (VIOLATED)
_1170_/CLK                              0.500000    2.205044   -1.705044 (VIOLATED)
_1066_/CLK                              0.500000    2.205013   -1.705013 (VIOLATED)
_1112_/CLK                              0.500000    2.205002   -1.705001 (VIOLATED)
_1019_/CLK                              0.500000    2.204963   -1.704963 (VIOLATED)
_0986_/CLK                              0.500000    2.204960   -1.704960 (VIOLATED)
_1117_/CLK                              0.500000    2.204942   -1.704942 (VIOLATED)
_1172_/CLK                              0.500000    2.204940   -1.704940 (VIOLATED)
_1065_/CLK                              0.500000    2.204926   -1.704926 (VIOLATED)
_1071_/CLK                              0.500000    2.204924   -1.704924 (VIOLATED)
_1033_/CLK                              0.500000    2.204902   -1.704902 (VIOLATED)
_1034_/CLK                              0.500000    2.204903   -1.704903 (VIOLATED)
_1036_/CLK                              0.500000    2.204884   -1.704884 (VIOLATED)
_0984_/CLK                              0.500000    2.204858   -1.704858 (VIOLATED)
_1114_/CLK                              0.500000    2.204857   -1.704857 (VIOLATED)
_0983_/CLK                              0.500000    2.204854   -1.704854 (VIOLATED)
_1146_/CLK                              0.500000    2.204851   -1.704851 (VIOLATED)
_1169_/CLK                              0.500000    2.204853   -1.704853 (VIOLATED)
_1115_/CLK                              0.500000    2.204849   -1.704849 (VIOLATED)
_1035_/CLK                              0.500000    2.204840   -1.704840 (VIOLATED)
_1123_/CLK                              0.500000    2.204841   -1.704841 (VIOLATED)
_0989_/CLK                              0.500000    2.204821   -1.704821 (VIOLATED)
_1032_/CLK                              0.500000    2.204793   -1.704793 (VIOLATED)
_1068_/CLK                              0.500000    2.204777   -1.704776 (VIOLATED)
_1031_/CLK                              0.500000    2.204765   -1.704765 (VIOLATED)
_0994_/CLK                              0.500000    2.204752   -1.704752 (VIOLATED)
_0990_/CLK                              0.500000    2.204726   -1.704726 (VIOLATED)
_1011_/CLK                              0.500000    2.204713   -1.704713 (VIOLATED)
_1116_/CLK                              0.500000    2.204689   -1.704689 (VIOLATED)
_0981_/CLK                              0.500000    2.204652   -1.704652 (VIOLATED)
_1012_/CLK                              0.500000    2.204641   -1.704641 (VIOLATED)
_1122_/CLK                              0.500000    2.204631   -1.704630 (VIOLATED)
_0991_/CLK                              0.500000    2.204589   -1.704589 (VIOLATED)
_1060_/CLK                              0.500000    2.204576   -1.704576 (VIOLATED)
_1024_/CLK                              0.500000    2.204566   -1.704566 (VIOLATED)
_1073_/CLK                              0.500000    2.204520   -1.704520 (VIOLATED)
_1121_/CLK                              0.500000    2.204493   -1.704493 (VIOLATED)
_1026_/CLK                              0.500000    2.204469   -1.704469 (VIOLATED)
_1025_/CLK                              0.500000    2.204467   -1.704467 (VIOLATED)
_1041_/CLK                              0.500000    2.204466   -1.704466 (VIOLATED)
_1166_/CLK                              0.500000    2.204339   -1.704339 (VIOLATED)
_1167_/CLK                              0.500000    2.204259   -1.704259 (VIOLATED)
_1145_/CLK                              0.500000    2.204243   -1.704243 (VIOLATED)
_1127_/CLK                              0.500000    2.204238   -1.704238 (VIOLATED)
_1149_/CLK                              0.500000    2.204236   -1.704236 (VIOLATED)
_1136_/CLK                              0.500000    2.204174   -1.704174 (VIOLATED)
_1163_/CLK                              0.500000    2.204149   -1.704149 (VIOLATED)
_1132_/CLK                              0.500000    2.204094   -1.704094 (VIOLATED)
_1042_/CLK                              0.500000    2.204078   -1.704078 (VIOLATED)
_1061_/CLK                              0.500000    2.204077   -1.704077 (VIOLATED)
_1028_/CLK                              0.500000    2.204072   -1.704072 (VIOLATED)
_1040_/CLK                              0.500000    2.204065   -1.704065 (VIOLATED)
_1074_/CLK                              0.500000    2.204057   -1.704057 (VIOLATED)
_1069_/CLK                              0.500000    2.204033   -1.704033 (VIOLATED)
_1118_/CLK                              0.500000    2.204030   -1.704030 (VIOLATED)
_1165_/CLK                              0.500000    2.203986   -1.703986 (VIOLATED)
_1072_/CLK                              0.500000    2.203964   -1.703964 (VIOLATED)
_1027_/CLK                              0.500000    2.203928   -1.703928 (VIOLATED)
_1161_/CLK                              0.500000    2.203923   -1.703923 (VIOLATED)
_1151_/CLK                              0.500000    2.203848   -1.703848 (VIOLATED)
_1162_/CLK                              0.500000    2.203830   -1.703830 (VIOLATED)
_1010_/CLK                              0.500000    2.203817   -1.703817 (VIOLATED)
_1150_/CLK                              0.500000    2.203813   -1.703813 (VIOLATED)
_1030_/CLK                              0.500000    2.203765   -1.703765 (VIOLATED)
_1070_/CLK                              0.500000    2.203744   -1.703744 (VIOLATED)
_1153_/CLK                              0.500000    2.203739   -1.703739 (VIOLATED)
_1164_/CLK                              0.500000    2.203676   -1.703676 (VIOLATED)
_1075_/CLK                              0.500000    2.203663   -1.703663 (VIOLATED)
_1152_/CLK                              0.500000    2.203571   -1.703570 (VIOLATED)
_1006_/CLK                              0.500000    2.203506   -1.703506 (VIOLATED)
_1154_/CLK                              0.500000    2.203472   -1.703472 (VIOLATED)
_1129_/CLK                              0.500000    2.203452   -1.703452 (VIOLATED)
_0997_/CLK                              0.500000    2.203429   -1.703429 (VIOLATED)
_1156_/CLK                              0.500000    2.203207   -1.703207 (VIOLATED)
_1155_/CLK                              0.500000    2.203118   -1.703118 (VIOLATED)
_1139_/CLK                              0.500000    2.202941   -1.702941 (VIOLATED)
_1148_/CLK                              0.500000    2.202940   -1.702940 (VIOLATED)
_1007_/CLK                              0.500000    2.202840   -1.702840 (VIOLATED)
_0995_/CLK                              0.500000    2.202129   -1.702129 (VIOLATED)
_1124_/CLK                              0.500000    2.201246   -1.701245 (VIOLATED)
_1126_/CLK                              0.500000    2.201244   -1.701244 (VIOLATED)
_1004_/CLK                              0.500000    2.201178   -1.701178 (VIOLATED)
_1009_/CLK                              0.500000    2.200726   -1.700725 (VIOLATED)
i_ll/clk                                0.500000    2.200506   -1.700506 (VIOLATED)
_0999_/CLK                              0.500000    2.200423   -1.700423 (VIOLATED)
i_hl/clk                                0.500000    2.199940   -1.699940 (VIOLATED)
_1002_/CLK                              0.500000    2.199851   -1.699851 (VIOLATED)
_1003_/CLK                              0.500000    2.199803   -1.699803 (VIOLATED)
_1001_/CLK                              0.500000    2.199769   -1.699769 (VIOLATED)
_1005_/CLK                              0.500000    2.199729   -1.699729 (VIOLATED)
_1000_/CLK                              0.500000    2.199723   -1.699723 (VIOLATED)
_0993_/CLK                              0.500000    2.199697   -1.699697 (VIOLATED)
_1120_/CLK                              0.500000    2.199683   -1.699683 (VIOLATED)
_1119_/CLK                              0.500000    2.199626   -1.699626 (VIOLATED)
_0998_/CLK                              0.500000    2.199614   -1.699614 (VIOLATED)
_1128_/CLK                              0.500000    2.199541   -1.699541 (VIOLATED)
_1131_/CLK                              0.500000    2.199321   -1.699321 (VIOLATED)
_0992_/CLK                              0.500000    2.199214   -1.699214 (VIOLATED)
_1135_/CLK                              0.500000    2.199164   -1.699164 (VIOLATED)
_1140_/CLK                              0.500000    2.198894   -1.698894 (VIOLATED)
_1130_/CLK                              0.500000    2.198863   -1.698863 (VIOLATED)
_0996_/CLK                              0.500000    2.198800   -1.698800 (VIOLATED)
_1137_/CLK                              0.500000    2.198742   -1.698742 (VIOLATED)
_1125_/CLK                              0.500000    2.198740   -1.698740 (VIOLATED)
_1138_/CLK                              0.500000    2.198739   -1.698739 (VIOLATED)
_1133_/CLK                              0.500000    2.198728   -1.698728 (VIOLATED)
_1134_/CLK                              0.500000    2.198725   -1.698725 (VIOLATED)
_1029_/CLK                              0.500000    2.198695   -1.698695 (VIOLATED)
_1008_/CLK                              0.500000    2.198606   -1.698606 (VIOLATED)
_1141_/CLK                              0.500000    2.196131   -1.696130 (VIOLATED)
_1142_/CLK                              0.500000    2.192585   -1.692585 (VIOLATED)
_1147_/CLK                              0.500000    2.188675   -1.688675 (VIOLATED)
_1143_/CLK                              0.500000    2.188504   -1.688504 (VIOLATED)
_1158_/CLK                              0.500000    2.188504   -1.688504 (VIOLATED)
_1144_/CLK                              0.500000    2.188500   -1.688500 (VIOLATED)
_1160_/CLK                              0.500000    2.188494   -1.688494 (VIOLATED)
_1157_/CLK                              0.500000    2.188490   -1.688490 (VIOLATED)
_1159_/CLK                              0.500000    2.188475   -1.688475 (VIOLATED)
i_hh/clk                                0.500000    2.185844   -1.685844 (VIOLATED)
i_lh/clk                                0.500000    2.184333   -1.684333 (VIOLATED)
clk                                     0.500000    2.180645   -1.680645 (VIOLATED)
_0640_/A                                0.500000    1.940750   -1.440750 (VIOLATED)
_0642_/A                                0.500000    1.940751   -1.440751 (VIOLATED)
_0648_/A                                0.500000    1.940752   -1.440752 (VIOLATED)
_0606_/A                                0.500000    1.940749   -1.440749 (VIOLATED)
_0608_/A                                0.500000    1.940749   -1.440749 (VIOLATED)
_0647_/A                                0.500000    1.940748   -1.440748 (VIOLATED)
_0607_/A                                0.500000    1.940745   -1.440745 (VIOLATED)
_0639_/A                                0.500000    1.940742   -1.440742 (VIOLATED)
_0656_/A                                0.500000    1.940737   -1.440737 (VIOLATED)
_0609_/A                                0.500000    1.940731   -1.440731 (VIOLATED)
_0645_/A                                0.500000    1.940732   -1.440732 (VIOLATED)
_0615_/A                                0.500000    1.940725   -1.440725 (VIOLATED)
_0653_/A                                0.500000    1.940724   -1.440724 (VIOLATED)
_0655_/A                                0.500000    1.940723   -1.440723 (VIOLATED)
_0977_/A                                0.500000    1.940724   -1.440724 (VIOLATED)
_0658_/A                                0.500000    1.940721   -1.440721 (VIOLATED)
_0978_/A                                0.500000    1.940722   -1.440722 (VIOLATED)
_0976_/A                                0.500000    1.940720   -1.440720 (VIOLATED)
_0551_/A                                0.500000    1.940717   -1.440717 (VIOLATED)
_0611_/A                                0.500000    1.940717   -1.440717 (VIOLATED)
_0974_/A                                0.500000    1.940716   -1.440716 (VIOLATED)
_0545_/A                                0.500000    1.940712   -1.440712 (VIOLATED)
_0646_/A                                0.500000    1.940713   -1.440713 (VIOLATED)
_0678_/B1                               0.500000    1.940706   -1.440706 (VIOLATED)
_0543_/A                                0.500000    1.940702   -1.440702 (VIOLATED)
_0644_/A                                0.500000    1.940702   -1.440702 (VIOLATED)
_0610_/A                                0.500000    1.940699   -1.440699 (VIOLATED)
_0550_/A                                0.500000    1.940691   -1.440691 (VIOLATED)
_0542_/A                                0.500000    1.940681   -1.440681 (VIOLATED)
_0654_/A                                0.500000    1.940674   -1.440674 (VIOLATED)
_0612_/A                                0.500000    1.940665   -1.440665 (VIOLATED)
_0643_/A                                0.500000    1.940666   -1.440666 (VIOLATED)
_0548_/A                                0.500000    1.940662   -1.440662 (VIOLATED)
_0614_/A                                0.500000    1.940654   -1.440654 (VIOLATED)
_0975_/A                                0.500000    1.940647   -1.440647 (VIOLATED)
_0659_/A                                0.500000    1.940645   -1.440645 (VIOLATED)
_0686_/B1                               0.500000    1.940646   -1.440646 (VIOLATED)
_0705_/A                                0.500000    1.940642   -1.440642 (VIOLATED)
_0700_/A                                0.500000    1.940636   -1.440636 (VIOLATED)
_0657_/A                                0.500000    1.940622   -1.440622 (VIOLATED)
_0662_/A                                0.500000    1.940578   -1.440578 (VIOLATED)
_0547_/A                                0.500000    1.940513   -1.440513 (VIOLATED)
_0549_/A                                0.500000    1.940514   -1.440514 (VIOLATED)
_0546_/A                                0.500000    1.940491   -1.440491 (VIOLATED)
_0579_/A                                0.500000    1.940479   -1.440479 (VIOLATED)
_0613_/A                                0.500000    1.940480   -1.440480 (VIOLATED)
_0641_/A                                0.500000    1.940478   -1.440478 (VIOLATED)
_0649_/A                                0.500000    1.940477   -1.440477 (VIOLATED)
_0620_/A                                0.500000    1.940475   -1.440474 (VIOLATED)
_0621_/A                                0.500000    1.940475   -1.440475 (VIOLATED)
_0650_/A                                0.500000    1.940475   -1.440475 (VIOLATED)
_0651_/A                                0.500000    1.940474   -1.440474 (VIOLATED)
_0619_/A                                0.500000    1.940470   -1.440470 (VIOLATED)
_0603_/A                                0.500000    1.940467   -1.440467 (VIOLATED)
_0605_/A                                0.500000    1.940465   -1.440465 (VIOLATED)
_0576_/A                                0.500000    1.940460   -1.440460 (VIOLATED)
_0577_/A                                0.500000    1.940460   -1.440460 (VIOLATED)
_0618_/A                                0.500000    1.940460   -1.440460 (VIOLATED)
_0616_/A                                0.500000    1.940457   -1.440457 (VIOLATED)
_0660_/A                                0.500000    1.940458   -1.440458 (VIOLATED)
_0663_/A                                0.500000    1.940453   -1.440452 (VIOLATED)
_0668_/A                                0.500000    1.940441   -1.440440 (VIOLATED)
_0580_/A                                0.500000    1.940424   -1.440424 (VIOLATED)
_0617_/A                                0.500000    1.940371   -1.440371 (VIOLATED)
_0622_/A                                0.500000    1.940371   -1.440371 (VIOLATED)
_0625_/A                                0.500000    1.940372   -1.440371 (VIOLATED)
_0626_/A                                0.500000    1.940372   -1.440372 (VIOLATED)
_0665_/A                                0.500000    1.940371   -1.440371 (VIOLATED)
_0664_/A                                0.500000    1.940368   -1.440368 (VIOLATED)
_0667_/A                                0.500000    1.940369   -1.440369 (VIOLATED)
_0627_/A                                0.500000    1.940314   -1.440314 (VIOLATED)
_0955_/A                                0.500000    1.940264   -1.440264 (VIOLATED)
_0599_/A                                0.500000    1.940196   -1.440196 (VIOLATED)
_0600_/A                                0.500000    1.940196   -1.440196 (VIOLATED)
_0601_/A                                0.500000    1.940197   -1.440197 (VIOLATED)
_0634_/A                                0.500000    1.940194   -1.440194 (VIOLATED)
_0630_/A                                0.500000    1.940192   -1.440192 (VIOLATED)
_0578_/A                                0.500000    1.940190   -1.440190 (VIOLATED)
_0598_/A                                0.500000    1.940188   -1.440188 (VIOLATED)
_0594_/A                                0.500000    1.940185   -1.440185 (VIOLATED)
_0596_/A                                0.500000    1.940187   -1.440187 (VIOLATED)
_0595_/A                                0.500000    1.940182   -1.440182 (VIOLATED)
_0597_/A                                0.500000    1.940172   -1.440172 (VIOLATED)
_0623_/A                                0.500000    1.940160   -1.440160 (VIOLATED)
_0636_/A                                0.500000    1.940160   -1.440160 (VIOLATED)
_0583_/A                                0.500000    1.940149   -1.440148 (VIOLATED)
_0586_/A                                0.500000    1.940149   -1.440149 (VIOLATED)
_0587_/A                                0.500000    1.940149   -1.440149 (VIOLATED)
_0584_/A                                0.500000    1.940148   -1.440148 (VIOLATED)
_0602_/A                                0.500000    1.940146   -1.440146 (VIOLATED)
_0544_/A                                0.500000    1.940141   -1.440140 (VIOLATED)
_0585_/A                                0.500000    1.940141   -1.440141 (VIOLATED)
_0573_/A                                0.500000    1.940139   -1.440138 (VIOLATED)
_0581_/A                                0.500000    1.940138   -1.440138 (VIOLATED)
_0972_/A                                0.500000    1.940139   -1.440139 (VIOLATED)
_0604_/A                                0.500000    1.940135   -1.440135 (VIOLATED)
_0588_/A                                0.500000    1.940130   -1.440130 (VIOLATED)
_0589_/A                                0.500000    1.940131   -1.440130 (VIOLATED)
_0582_/A                                0.500000    1.940126   -1.440126 (VIOLATED)
_0652_/A                                0.500000    1.940125   -1.440125 (VIOLATED)
_0670_/A                                0.500000    1.940125   -1.440125 (VIOLATED)
_0666_/A                                0.500000    1.940123   -1.440122 (VIOLATED)
_0973_/A                                0.500000    1.940122   -1.440122 (VIOLATED)
_0637_/A                                0.500000    1.940119   -1.440119 (VIOLATED)
_0957_/A                                0.500000    1.940114   -1.440114 (VIOLATED)
_0956_/A                                0.500000    1.940112   -1.440111 (VIOLATED)
_0593_/A                                0.500000    1.940089   -1.440089 (VIOLATED)
_0969_/A                                0.500000    1.940081   -1.440081 (VIOLATED)
_0633_/A                                0.500000    1.940060   -1.440060 (VIOLATED)
_0959_/A                                0.500000    1.940045   -1.440045 (VIOLATED)
_0967_/A                                0.500000    1.940030   -1.440030 (VIOLATED)
_0971_/A                                0.500000    1.940030   -1.440030 (VIOLATED)
_0968_/A                                0.500000    1.940011   -1.440011 (VIOLATED)
_0732_/B1                               0.500000    1.939968   -1.439968 (VIOLATED)
_0958_/A                                0.500000    1.939964   -1.439964 (VIOLATED)
_0970_/A                                0.500000    1.939955   -1.439955 (VIOLATED)
_0960_/A                                0.500000    1.939870   -1.439870 (VIOLATED)
_0624_/A                                0.500000    1.939821   -1.439821 (VIOLATED)
_0661_/A                                0.500000    1.939750   -1.439750 (VIOLATED)
_0961_/A                                0.500000    1.939745   -1.439745 (VIOLATED)
_0962_/A                                0.500000    1.939722   -1.439722 (VIOLATED)
_0669_/A                                0.500000    1.939684   -1.439684 (VIOLATED)
_0954_/A                                0.500000    1.939668   -1.439668 (VIOLATED)
_0628_/A                                0.500000    1.939358   -1.439358 (VIOLATED)
_0629_/A                                0.500000    1.939357   -1.439357 (VIOLATED)
_0552_/A                                0.500000    1.939219   -1.439219 (VIOLATED)
_0592_/A                                0.500000    1.938907   -1.438907 (VIOLATED)
_0635_/A                                0.500000    1.938905   -1.438905 (VIOLATED)
_0638_/A                                0.500000    1.938905   -1.438905 (VIOLATED)
_0558_/A                                0.500000    1.938903   -1.438903 (VIOLATED)
_0560_/A                                0.500000    1.938904   -1.438904 (VIOLATED)
_0566_/A                                0.500000    1.938903   -1.438903 (VIOLATED)
_0631_/A                                0.500000    1.938899   -1.438899 (VIOLATED)
_0565_/A                                0.500000    1.938897   -1.438897 (VIOLATED)
_0632_/A                                0.500000    1.938898   -1.438898 (VIOLATED)
_0572_/A                                0.500000    1.938896   -1.438896 (VIOLATED)
_0564_/A                                0.500000    1.938894   -1.438893 (VIOLATED)
_0562_/A                                0.500000    1.938889   -1.438889 (VIOLATED)
_0563_/A                                0.500000    1.938890   -1.438890 (VIOLATED)
_0556_/A                                0.500000    1.938881   -1.438881 (VIOLATED)
_0868_/A                                0.500000    1.938867   -1.438867 (VIOLATED)
_0862_/A                                0.500000    1.938863   -1.438863 (VIOLATED)
_0561_/A                                0.500000    1.938851   -1.438851 (VIOLATED)
_0852_/B1                               0.500000    1.938845   -1.438845 (VIOLATED)
_0559_/A                                0.500000    1.938697   -1.438697 (VIOLATED)
_0567_/A                                0.500000    1.938697   -1.438697 (VIOLATED)
_0568_/A                                0.500000    1.938697   -1.438697 (VIOLATED)
_0553_/A                                0.500000    1.938695   -1.438695 (VIOLATED)
_0555_/A                                0.500000    1.938696   -1.438696 (VIOLATED)
_0571_/A                                0.500000    1.938694   -1.438694 (VIOLATED)
_0888_/A                                0.500000    1.938694   -1.438694 (VIOLATED)
_0896_/A                                0.500000    1.938694   -1.438693 (VIOLATED)
_0574_/A                                0.500000    1.938692   -1.438692 (VIOLATED)
_0575_/A                                0.500000    1.938684   -1.438684 (VIOLATED)
_0819_/A                                0.500000    1.938685   -1.438685 (VIOLATED)
_0812_/B1                               0.500000    1.938669   -1.438669 (VIOLATED)
_0793_/B1                               0.500000    1.938585   -1.438585 (VIOLATED)
_0554_/A                                0.500000    1.938525   -1.438525 (VIOLATED)
_0835_/B1                               0.500000    1.938357   -1.438357 (VIOLATED)
_0569_/A                                0.500000    1.938052   -1.438052 (VIOLATED)
_0944_/A                                0.500000    1.938053   -1.438053 (VIOLATED)
_0570_/A                                0.500000    1.938051   -1.438051 (VIOLATED)
_0557_/A                                0.500000    1.937843   -1.437843 (VIOLATED)
_0591_/A                                0.500000    1.937477   -1.437476 (VIOLATED)
_0590_/A                                0.500000    1.937236   -1.437235 (VIOLATED)
_0951_/A                                0.500000    1.937234   -1.437234 (VIOLATED)
_0953_/A                                0.500000    1.937204   -1.437204 (VIOLATED)
_0948_/A                                0.500000    1.937153   -1.437153 (VIOLATED)
_0947_/A                                0.500000    1.937126   -1.437126 (VIOLATED)
_0952_/A                                0.500000    1.937116   -1.437116 (VIOLATED)
_0949_/A                                0.500000    1.937045   -1.437045 (VIOLATED)
_0966_/A                                0.500000    1.937045   -1.437045 (VIOLATED)
_0950_/A                                0.500000    1.937044   -1.437044 (VIOLATED)
_0963_/A                                0.500000    1.936991   -1.436991 (VIOLATED)
_0541_/Y                                0.500000    1.936962   -1.436962 (VIOLATED)
_0964_/A                                0.500000    1.936962   -1.436962 (VIOLATED)
_0965_/A                                0.500000    1.936962   -1.436962 (VIOLATED)
p[60]                                   0.500000    0.882875   -0.382875 (VIOLATED)
i_add/out[60]                           0.500000    0.880719   -0.380719 (VIOLATED)
p[61]                                   0.500000    0.861458   -0.361458 (VIOLATED)
i_add/out[61]                           0.500000    0.859446   -0.359446 (VIOLATED)
p[63]                                   0.500000    0.839442   -0.339442 (VIOLATED)
i_add/out[63]                           0.500000    0.838423   -0.338423 (VIOLATED)
p[62]                                   0.500000    0.834418   -0.334418 (VIOLATED)
i_add/out[62]                           0.500000    0.833463   -0.333463 (VIOLATED)
p[50]                                   0.500000    0.768105   -0.268105 (VIOLATED)
i_add/out[50]                           0.500000    0.767307   -0.267307 (VIOLATED)
p[52]                                   0.500000    0.726839   -0.226839 (VIOLATED)
i_add/out[52]                           0.500000    0.726191   -0.226191 (VIOLATED)
p[51]                                   0.500000    0.712882   -0.212882 (VIOLATED)
i_add/out[51]                           0.500000    0.712353   -0.212353 (VIOLATED)
p[53]                                   0.500000    0.700265   -0.200265 (VIOLATED)
i_add/out[53]                           0.500000    0.699698   -0.199698 (VIOLATED)
i_ll/rst                                0.500000    0.698477   -0.198477 (VIOLATED)
_0671_/B1                               0.500000    0.698442   -0.198442 (VIOLATED)
_0691_/B1                               0.500000    0.698429   -0.198429 (VIOLATED)
_0714_/B1                               0.500000    0.698383   -0.198383 (VIOLATED)
_0721_/B1                               0.500000    0.698372   -0.198372 (VIOLATED)
i_hl/rst                                0.500000    0.698217   -0.198217 (VIOLATED)
i_lh/rst                                0.500000    0.698070   -0.198070 (VIOLATED)
_0739_/B1                               0.500000    0.697948   -0.197948 (VIOLATED)
_0748_/B1                               0.500000    0.697904   -0.197904 (VIOLATED)
_0756_/B1                               0.500000    0.697870   -0.197870 (VIOLATED)
_0845_/B1                               0.500000    0.697851   -0.197851 (VIOLATED)
_0769_/B1                               0.500000    0.697785   -0.197785 (VIOLATED)
_0946_/B1                               0.500000    0.697783   -0.197783 (VIOLATED)
_0935_/B1                               0.500000    0.697780   -0.197780 (VIOLATED)
_0883_/B1                               0.500000    0.697779   -0.197779 (VIOLATED)
_0902_/B1                               0.500000    0.697773   -0.197773 (VIOLATED)
_0915_/B1                               0.500000    0.697768   -0.197768 (VIOLATED)
_0919_/B1                               0.500000    0.697767   -0.197767 (VIOLATED)
_0776_/B1                               0.500000    0.697755   -0.197755 (VIOLATED)
_0784_/B1                               0.500000    0.697704   -0.197704 (VIOLATED)
_0828_/B1                               0.500000    0.697657   -0.197657 (VIOLATED)
p[57]                                   0.500000    0.697138   -0.197138 (VIOLATED)
i_hh/rst                                0.500000    0.696633   -0.196633 (VIOLATED)
i_add/out[57]                           0.500000    0.696585   -0.196585 (VIOLATED)
p[40]                                   0.500000    0.696492   -0.196492 (VIOLATED)
i_add/out[40]                           0.500000    0.695865   -0.195865 (VIOLATED)
_0541_/A                                0.500000    0.694981   -0.194981 (VIOLATED)
i_add/rst                               0.500000    0.693738   -0.193738 (VIOLATED)
rst                                     0.500000    0.693154   -0.193154 (VIOLATED)
p[54]                                   0.500000    0.688581   -0.188581 (VIOLATED)
i_add/out[54]                           0.500000    0.688039   -0.188039 (VIOLATED)
p[56]                                   0.500000    0.686064   -0.186064 (VIOLATED)
i_add/out[56]                           0.500000    0.685566   -0.185566 (VIOLATED)
p[41]                                   0.500000    0.676698   -0.176698 (VIOLATED)
i_add/out[41]                           0.500000    0.676138   -0.176138 (VIOLATED)
p[58]                                   0.500000    0.666252   -0.166252 (VIOLATED)
i_add/out[58]                           0.500000    0.665795   -0.165795 (VIOLATED)
p[55]                                   0.500000    0.665748   -0.165748 (VIOLATED)
i_add/out[55]                           0.500000    0.665264   -0.165264 (VIOLATED)
p[59]                                   0.500000    0.661344   -0.161344 (VIOLATED)
i_add/out[59]                           0.500000    0.660881   -0.160881 (VIOLATED)
p[42]                                   0.500000    0.637214   -0.137214 (VIOLATED)
i_add/out[42]                           0.500000    0.636768   -0.136768 (VIOLATED)
p[43]                                   0.500000    0.627822   -0.127822 (VIOLATED)
i_add/out[43]                           0.500000    0.627391   -0.127391 (VIOLATED)
p[44]                                   0.500000    0.613318   -0.113318 (VIOLATED)
i_add/out[44]                           0.500000    0.612913   -0.112914 (VIOLATED)
_0677_/A2                               0.500000    0.603546   -0.103546 (VIOLATED)
_0673_/B                                0.500000    0.603546   -0.103546 (VIOLATED)
_0674_/B                                0.500000    0.603545   -0.103545 (VIOLATED)
_0676_/A2                               0.500000    0.603544   -0.103544 (VIOLATED)
_0682_/A2                               0.500000    0.603543   -0.103543 (VIOLATED)
_0684_/B2                               0.500000    0.603543   -0.103543 (VIOLATED)
_0685_/A2                               0.500000    0.603539   -0.103539 (VIOLATED)
i_lh/out[1]                             0.500000    0.603170   -0.103170 (VIOLATED)
p[46]                                   0.500000    0.591922   -0.091922 (VIOLATED)
i_add/out[46]                           0.500000    0.591550   -0.091550 (VIOLATED)
_0718_/B                                0.500000    0.559927   -0.059927 (VIOLATED)
_0725_/A2                               0.500000    0.559925   -0.059925 (VIOLATED)
_0717_/B                                0.500000    0.559924   -0.059925 (VIOLATED)
_0538_/A                                0.500000    0.559924   -0.059924 (VIOLATED)
i_lh/out[7]                             0.500000    0.559615   -0.059615 (VIOLATED)
_0672_/A2                               0.500000    0.559223   -0.059223 (VIOLATED)
_0671_/A2                               0.500000    0.559223   -0.059223 (VIOLATED)
_0675_/B2                               0.500000    0.559222   -0.059222 (VIOLATED)
_0677_/C1                               0.500000    0.559221   -0.059221 (VIOLATED)
_0676_/C1                               0.500000    0.559218   -0.059218 (VIOLATED)
_0684_/A2                               0.500000    0.559217   -0.059217 (VIOLATED)
i_lh/out[0]                             0.500000    0.558915   -0.058915 (VIOLATED)
p[9]                                    0.500000    0.556483   -0.056483 (VIOLATED)
i_add/out[9]                            0.500000    0.556100   -0.056100 (VIOLATED)
p[8]                                    0.500000    0.534110   -0.034110 (VIOLATED)
i_add/out[8]                            0.500000    0.533778   -0.033778 (VIOLATED)
p[47]                                   0.500000    0.520352   -0.020352 (VIOLATED)
i_add/out[47]                           0.500000    0.520098   -0.020098 (VIOLATED)
_0679_/B                                0.500000    0.517818   -0.017818 (VIOLATED)
_0681_/B                                0.500000    0.517818   -0.017818 (VIOLATED)
_0690_/A2_N                             0.500000    0.517818   -0.017818 (VIOLATED)
_0685_/B2                               0.500000    0.517817   -0.017817 (VIOLATED)
_0680_/B                                0.500000    0.517816   -0.017816 (VIOLATED)
i_lh/out[2]                             0.500000    0.517570   -0.017571 (VIOLATED)
p[17]                                   0.500000    0.517511   -0.017511 (VIOLATED)
i_add/out[17]                           0.500000    0.517280   -0.017280 (VIOLATED)
p[7]                                    0.500000    0.516197   -0.016197 (VIOLATED)
i_add/out[7]                            0.500000    0.515909   -0.015909 (VIOLATED)
_0765_/B                                0.500000    0.513783   -0.013783 (VIOLATED)
_0766_/B                                0.500000    0.513782   -0.013782 (VIOLATED)
_0767_/A_N                              0.500000    0.513782   -0.013782 (VIOLATED)
_0781_/C1                               0.500000    0.513780   -0.013780 (VIOLATED)
i_lh/out[12]                            0.500000    0.513567   -0.013567 (VIOLATED)
p[15]                                   0.500000    0.510323   -0.010323 (VIOLATED)
i_add/out[15]                           0.500000    0.510117   -0.010117 (VIOLATED)
_0781_/A2                               0.500000    0.509973   -0.009973 (VIOLATED)
_0773_/B                                0.500000    0.509972   -0.009972 (VIOLATED)
_0772_/B                                0.500000    0.509972   -0.009972 (VIOLATED)
_0774_/A_N                              0.500000    0.509972   -0.009972 (VIOLATED)
i_lh/out[13]                            0.500000    0.509753   -0.009753 (VIOLATED)
_0701_/B                                0.500000    0.508938   -0.008938 (VIOLATED)
_0702_/B                                0.500000    0.508938   -0.008938 (VIOLATED)
_0708_/A2                               0.500000    0.508937   -0.008937 (VIOLATED)
_0707_/B2                               0.500000    0.508936   -0.008936 (VIOLATED)
i_lh/out[5]                             0.500000    0.508698   -0.008698 (VIOLATED)
p[45]                                   0.500000    0.508469   -0.008469 (VIOLATED)
i_add/out[45]                           0.500000    0.508309   -0.008309 (VIOLATED)
_0789_/B                                0.500000    0.508032   -0.008032 (VIOLATED)
_0786_/B                                0.500000    0.508032   -0.008032 (VIOLATED)
_0788_/B                                0.500000    0.508032   -0.008032 (VIOLATED)
_0540_/A                                0.500000    0.508031   -0.008031 (VIOLATED)
i_lh/out[15]                            0.500000    0.507820   -0.007820 (VIOLATED)
_0710_/B                                0.500000    0.503891   -0.003891 (VIOLATED)
_0711_/B                                0.500000    0.503890   -0.003890 (VIOLATED)
_0712_/A_N                              0.500000    0.503890   -0.003889 (VIOLATED)
_0725_/C1                               0.500000    0.503888   -0.003888 (VIOLATED)
_0973_/B                                0.500000    0.503886   -0.003886 (VIOLATED)
i_hh/out[26]                            0.500000    0.503674   -0.003674 (VIOLATED)
i_lh/out[6]                             0.500000    0.503661   -0.003661 (VIOLATED)
_0693_/B                                0.500000    0.501115   -0.001115 (VIOLATED)
_0695_/B                                0.500000    0.501115   -0.001115 (VIOLATED)
_0694_/B                                0.500000    0.501115   -0.001115 (VIOLATED)
_0707_/A2                               0.500000    0.501113   -0.001113 (VIOLATED)
i_lh/out[4]                             0.500000    0.500889   -0.000889 (VIOLATED)

max capacitance

Pin                                        Limit         Cap       Slack
------------------------------------------------------------------------
clk                                     0.561228    0.812588   -0.251360 (VIOLATED)
_0541_/Y                                0.331431    0.433913   -0.102482 (VIOLATED)



===========================================================================
report_parasitic_annotation -report_unannotated
============================================================================
Found 95 unannotated drivers.
 _1173_/HI
 _1174_/HI
 _1175_/HI
 _1176_/HI
 _1177_/HI
 _1178_/HI
 _1179_/HI
 _1180_/HI
 _1181_/HI
 _1182_/HI
 _1183_/HI
 _1184_/HI
 _1185_/HI
 _1186_/HI
 _1187_/HI
 _1188_/HI
 _1189_/HI
 _1190_/HI
 _1191_/HI
 _1192_/HI
 _1193_/HI
 _1194_/HI
 _1195_/HI
 _1196_/HI
 _1197_/HI
 _1198_/HI
 _1199_/HI
 _1200_/HI
 _1201_/HI
 _1202_/HI
 _1203_/HI
 _1204_/HI
 _1205_/HI
 _1206_/HI
 _1207_/HI
 _1208_/HI
 _1209_/HI
 _1210_/HI
 _1211_/HI
 _1212_/HI
 _1213_/HI
 _1214_/HI
 _1215_/HI
 _1216_/HI
 _1217_/HI
 _1218_/HI
 _1219_/HI
 _1220_/HI
 _1221_/HI
 _1222_/HI
 _1223_/HI
 _1224_/HI
 _1225_/HI
 _1226_/HI
 _1227_/HI
 _1228_/HI
 _1229_/HI
 _1230_/HI
 _1231_/HI
 _1232_/HI
 _1233_/HI
 _1234_/HI
 _1235_/HI
 _1236_/HI
 _1237_/HI
 _1238_/HI
 _1239_/HI
 _1240_/HI
 _1241_/HI
 _1242_/HI
 _1243_/HI
 _1244_/HI
 _1245_/HI
 _1246_/HI
 _1247_/HI
 _1248_/HI
 _1249_/HI
 _1250_/HI
 _1251_/HI
 _1252_/HI
 _1253_/HI
 _1254_/HI
 _1255_/HI
 _1256_/HI
 _1257_/HI
 _1258_/HI
 _1259_/HI
 _1260_/HI
 _1261_/HI
 _1262_/HI
 _1263_/HI
 _1264_/HI
 _1265_/HI
 _1266_/HI
 _1267_/HI
Found 0 partially unannotated drivers.

===========================================================================
max slew violation count 514
Writing metric design__max_slew_violation__count__corner:nom_tt_025C_1v80: 514
max fanout violation count 0
Writing metric design__max_fanout_violation__count__corner:nom_tt_025C_1v80: 0
max cap violation count 2
Writing metric design__max_cap_violation__count__corner:nom_tt_025C_1v80: 2
============================================================================

===========================================================================
check_setup -verbose -unconstrained_endpoints -multiple_clock -no_clock -no_input_delay -loops -generated_clocks
===========================================================================
Warning: There are 95 unconstrained endpoints.
  i_add/in1[0]
  i_add/in1[10]
  i_add/in1[11]
  i_add/in1[12]
  i_add/in1[13]
  i_add/in1[14]
  i_add/in1[15]
  i_add/in1[16]
  i_add/in1[17]
  i_add/in1[18]
  i_add/in1[19]
  i_add/in1[1]
  i_add/in1[20]
  i_add/in1[21]
  i_add/in1[22]
  i_add/in1[23]
  i_add/in1[24]
  i_add/in1[25]
  i_add/in1[26]
  i_add/in1[27]
  i_add/in1[28]
  i_add/in1[29]
  i_add/in1[2]
  i_add/in1[30]
  i_add/in1[31]
  i_add/in1[3]
  i_add/in1[4]
  i_add/in1[5]
  i_add/in1[6]
  i_add/in1[7]
  i_add/in1[8]
  i_add/in1[9]
  i_add/in2[0]
  i_add/in2[10]
  i_add/in2[11]
  i_add/in2[12]
  i_add/in2[13]
  i_add/in2[14]
  i_add/in2[15]
  i_add/in2[1]
  i_add/in2[2]
  i_add/in2[3]
  i_add/in2[49]
  i_add/in2[4]
  i_add/in2[50]
  i_add/in2[51]
  i_add/in2[52]
  i_add/in2[53]
  i_add/in2[54]
  i_add/in2[55]
  i_add/in2[56]
  i_add/in2[57]
  i_add/in2[58]
  i_add/in2[59]
  i_add/in2[5]
  i_add/in2[60]
  i_add/in2[61]
  i_add/in2[62]
  i_add/in2[63]
  i_add/in2[6]
  i_add/in2[7]
  i_add/in2[8]
  i_add/in2[9]
  i_add/in3[32]
  i_add/in3[33]
  i_add/in3[34]
  i_add/in3[35]
  i_add/in3[36]
  i_add/in3[37]
  i_add/in3[38]
  i_add/in3[39]
  i_add/in3[40]
  i_add/in3[41]
  i_add/in3[42]
  i_add/in3[43]
  i_add/in3[44]
  i_add/in3[45]
  i_add/in3[46]
  i_add/in3[47]
  i_add/in3[48]
  i_add/in3[49]
  i_add/in3[50]
  i_add/in3[51]
  i_add/in3[52]
  i_add/in3[53]
  i_add/in3[54]
  i_add/in3[55]
  i_add/in3[56]
  i_add/in3[57]
  i_add/in3[58]
  i_add/in3[59]
  i_add/in3[60]
  i_add/in3[61]
  i_add/in3[62]
  i_add/in3[63]
