Clock: clk
Sources: clk 
Generated: no
Virtual: yes
Propagated: no
Period: 10.000000

===========================================================================
report_clock_properties
============================================================================
Clock                   Period          Waveform
----------------------------------------------------
clk                  10.000000    0.000000  5.000000

===========================================================================
report_clock_latency
============================================================================
Clock clk
rise -> rise
    min     max
0.000000 0.000000 source latency
1.492954         network latency _1159_/CLK
        1.553490 network latency i_ll/clk
---------------
1.492954 1.553490 latency
        0.060536 skew

fall -> fall
    min     max
0.000000 0.000000 source latency
0.641994         network latency _1159_/CLK
        0.696809 network latency i_ll/clk
---------------
0.641994 0.696809 latency
        0.054815 skew



===========================================================================
report_clock_min_period
============================================================================
clk period_min = 8.45 fmax = 118.31
