
===========================================================================
report_checks -unconstrained
===========================================================================
======================= min_tt_025C_1v80 Corner ===================================

Startpoint: _20800_ (rising edge-triggered flip-flop clocked by clk)
Endpoint: _20728_ (rising edge-triggered flip-flop clocked by clk)
Path Group: clk
Path Type: max

Fanout         Cap        Slew       Delay        Time   Description
---------------------------------------------------------------------------------------------
                                  0.000000    0.000000   clock clk (rise edge)
                                  0.000000    0.000000   clock source latency
     2    0.047750    0.137563    0.099579    0.099579 ^ clk (in)
                                                         clk (net)
                      0.137576    0.000000    0.099579 ^ clkbuf_0_clk/A (sky130_fd_sc_hd__clkbuf_16)
     8    0.207758    0.217146    0.291800    0.391379 ^ clkbuf_0_clk/X (sky130_fd_sc_hd__clkbuf_16)
                                                         clknet_0_clk (net)
                      0.217184    0.002400    0.393779 ^ clkbuf_3_1__f_clk/A (sky130_fd_sc_hd__clkbuf_16)
     7    0.093490    0.110734    0.238665    0.632444 ^ clkbuf_3_1__f_clk/X (sky130_fd_sc_hd__clkbuf_16)
                                                         clknet_3_1__leaf_clk (net)
                      0.110753    0.001502    0.633946 ^ clkbuf_leaf_3_clk/A (sky130_fd_sc_hd__clkbuf_8)
     7    0.028649    0.064304    0.167227    0.801174 ^ clkbuf_leaf_3_clk/X (sky130_fd_sc_hd__clkbuf_8)
                                                         clknet_leaf_3_clk (net)
                      0.064307    0.000477    0.801650 ^ _20800_/CLK (sky130_fd_sc_hd__dfxtp_4)
     3    0.058934    0.172850    0.447529    1.249180 ^ _20800_/Q (sky130_fd_sc_hd__dfxtp_4)
                                                         b_h[6] (net)
                      0.172851    0.000791    1.249970 ^ max_cap514/A (sky130_fd_sc_hd__buf_12)
     8    0.083701    0.105184    0.183187    1.433157 ^ max_cap514/X (sky130_fd_sc_hd__buf_12)
                                                         net514 (net)
                      0.105491    0.004537    1.437695 ^ max_cap513/A (sky130_fd_sc_hd__buf_6)
    18    0.107449    0.214727    0.240042    1.677737 ^ max_cap513/X (sky130_fd_sc_hd__buf_6)
                                                         net513 (net)
                      0.215293    0.009009    1.686745 ^ max_cap512/A (sky130_fd_sc_hd__buf_12)
    22    0.105814    0.129116    0.209417    1.896162 ^ max_cap512/X (sky130_fd_sc_hd__buf_12)
                                                         net512 (net)
                      0.129684    0.006892    1.903054 ^ _15779_/B (sky130_fd_sc_hd__nand2_1)
     5    0.016148    0.127342    0.142736    2.045790 v _15779_/Y (sky130_fd_sc_hd__nand2_1)
                                                         _06658_ (net)
                      0.127342    0.000066    2.045856 v _15780_/B (sky130_fd_sc_hd__nand2_2)
     6    0.022763    0.131554    0.163566    2.209422 ^ _15780_/Y (sky130_fd_sc_hd__nand2_2)
                                                         _06659_ (net)
                      0.131554    0.000389    2.209810 ^ _15787_/A1 (sky130_fd_sc_hd__a21o_1)
     1    0.006277    0.065100    0.146747    2.356558 ^ _15787_/X (sky130_fd_sc_hd__a21o_1)
                                                         _06666_ (net)
                      0.065100    0.000066    2.356624 ^ _15788_/C (sky130_fd_sc_hd__nand3_2)
     5    0.024905    0.164583    0.157482    2.514107 v _15788_/Y (sky130_fd_sc_hd__nand3_2)
                                                         _06667_ (net)
                      0.164583    0.000287    2.514394 v _15866_/B1 (sky130_fd_sc_hd__a32oi_4)
     5    0.026467    0.302983    0.309403    2.823796 ^ _15866_/Y (sky130_fd_sc_hd__a32oi_4)
                                                         _06744_ (net)
                      0.302984    0.001156    2.824952 ^ _15867_/B (sky130_fd_sc_hd__nor2_2)
     5    0.024378    0.104794    0.136089    2.961040 v _15867_/Y (sky130_fd_sc_hd__nor2_2)
                                                         _06745_ (net)
                      0.104795    0.000545    2.961586 v _15870_/A (sky130_fd_sc_hd__nor2_2)
     2    0.012581    0.157243    0.189327    3.150912 ^ _15870_/Y (sky130_fd_sc_hd__nor2_2)
                                                         _06748_ (net)
                      0.157243    0.000031    3.150944 ^ max_cap262/A (sky130_fd_sc_hd__buf_1)
     4    0.013626    0.166350    0.193245    3.344189 ^ max_cap262/X (sky130_fd_sc_hd__buf_1)
                                                         net262 (net)
                      0.166350    0.000093    3.344282 ^ _15947_/B (sky130_fd_sc_hd__nand2_1)
     1    0.009023    0.080151    0.114831    3.459113 v _15947_/Y (sky130_fd_sc_hd__nand2_1)
                                                         _06825_ (net)
                      0.080151    0.000083    3.459196 v _15954_/A1 (sky130_fd_sc_hd__o211ai_4)
     4    0.026134    0.261562    0.282938    3.742134 ^ _15954_/Y (sky130_fd_sc_hd__o211ai_4)
                                                         _06832_ (net)
                      0.261562    0.000271    3.742405 ^ _15958_/A (sky130_fd_sc_hd__nand2_4)
     4    0.031868    0.110020    0.132548    3.874953 v _15958_/Y (sky130_fd_sc_hd__nand2_4)
                                                         _06836_ (net)
                      0.110059    0.001691    3.876644 v _15961_/C1 (sky130_fd_sc_hd__o211ai_2)
     1    0.010025    0.182299    0.108240    3.984884 ^ _15961_/Y (sky130_fd_sc_hd__o211ai_2)
                                                         _06839_ (net)
                      0.182299    0.000063    3.984947 ^ _15964_/B1 (sky130_fd_sc_hd__o211ai_4)
     3    0.015075    0.087389    0.123485    4.108432 v _15964_/Y (sky130_fd_sc_hd__o211ai_4)
                                                         _06842_ (net)
                      0.087389    0.000121    4.108553 v _15968_/B2 (sky130_fd_sc_hd__o22ai_4)
     4    0.030571    0.285311    0.227864    4.336417 ^ _15968_/Y (sky130_fd_sc_hd__o22ai_4)
                                                         _06845_ (net)
                      0.285344    0.000663    4.337080 ^ _16185_/A1_N (sky130_fd_sc_hd__o2bb2ai_4)
     5    0.028476    0.221506    0.205428    4.542508 ^ _16185_/Y (sky130_fd_sc_hd__o2bb2ai_4)
                                                         _07060_ (net)
                      0.221519    0.001328    4.543836 ^ _16565_/B (sky130_fd_sc_hd__nand2_4)
     2    0.020689    0.071629    0.101972    4.645808 v _16565_/Y (sky130_fd_sc_hd__nand2_4)
                                                         _07438_ (net)
                      0.071632    0.000540    4.646348 v _16716_/B2 (sky130_fd_sc_hd__a22oi_4)
     4    0.045507    0.368604    0.337283    4.983631 ^ _16716_/Y (sky130_fd_sc_hd__a22oi_4)
                                                         _07587_ (net)
                      0.368640    0.002885    4.986516 ^ _17761_/A1 (sky130_fd_sc_hd__a21oi_4)
     3    0.024953    0.117038    0.143819    5.130335 v _17761_/Y (sky130_fd_sc_hd__a21oi_4)
                                                         _08624_ (net)
                      0.117058    0.001219    5.131555 v _17917_/A2 (sky130_fd_sc_hd__o21bai_2)
     2    0.017005    0.225060    0.232102    5.363657 ^ _17917_/Y (sky130_fd_sc_hd__o21bai_2)
                                                         _08776_ (net)
                      0.225066    0.000949    5.364606 ^ _17949_/A (sky130_fd_sc_hd__nand2_1)
     1    0.004225    0.070927    0.091314    5.455920 v _17949_/Y (sky130_fd_sc_hd__nand2_1)
                                                         _08806_ (net)
                      0.070927    0.000064    5.455984 v _17952_/A2 (sky130_fd_sc_hd__a21oi_1)
     1    0.003444    0.119167    0.154731    5.610715 ^ _17952_/Y (sky130_fd_sc_hd__a21oi_1)
                                                         _08809_ (net)
                      0.119167    0.000027    5.610742 ^ _17954_/C (sky130_fd_sc_hd__nor3_1)
     1    0.002556    0.080305    0.056783    5.667525 v _17954_/Y (sky130_fd_sc_hd__nor3_1)
                                                         _00368_ (net)
                      0.080305    0.000028    5.667553 v _20728_/D (sky130_fd_sc_hd__dfxtp_1)
                                              5.667553   data arrival time

                                 10.000000   10.000000   clock clk (rise edge)
                                  0.000000   10.000000   clock source latency
     2    0.047750    0.137563    0.099579   10.099579 ^ clk (in)
                                                         clk (net)
                      0.137576    0.000000   10.099579 ^ clkbuf_0_clk/A (sky130_fd_sc_hd__clkbuf_16)
     8    0.207758    0.217146    0.291800   10.391379 ^ clkbuf_0_clk/X (sky130_fd_sc_hd__clkbuf_16)
                                                         clknet_0_clk (net)
                      0.217179    0.002237   10.393617 ^ clkbuf_3_4__f_clk/A (sky130_fd_sc_hd__clkbuf_16)
    11    0.101213    0.118360    0.243061   10.636678 ^ clkbuf_3_4__f_clk/X (sky130_fd_sc_hd__clkbuf_16)
                                                         clknet_3_4__leaf_clk (net)
                      0.118437    0.002830   10.639507 ^ clkbuf_leaf_6_clk/A (sky130_fd_sc_hd__clkbuf_8)
     5    0.025877    0.060036    0.166720   10.806228 ^ clkbuf_leaf_6_clk/X (sky130_fd_sc_hd__clkbuf_8)
                                                         clknet_leaf_6_clk (net)
                      0.060037    0.000316   10.806543 ^ _20728_/CLK (sky130_fd_sc_hd__dfxtp_1)
                                 -0.200000   10.606544   clock uncertainty
                                  0.000000   10.606544   clock reconvergence pessimism
                                 -0.122505   10.484038   library setup time
                                             10.484038   data required time
---------------------------------------------------------------------------------------------
                                             10.484038   data required time
                                             -5.667553   data arrival time
---------------------------------------------------------------------------------------------
                                              4.816486   slack (MET)




===========================================================================
report_checks --slack_max -0.01
============================================================================
======================= min_tt_025C_1v80 Corner ===================================

No paths found.


===========================================================================
 report_check_types -max_slew -max_cap -max_fanout -violators
============================================================================
======================= min_tt_025C_1v80 Corner ===================================



===========================================================================
report_parasitic_annotation -report_unannotated
============================================================================
Found 56 unannotated drivers.
 clkload0/Y
 clkload1/Y
 clkload10/Y
 clkload11/Y
 clkload12/Y
 clkload13/Y
 clkload14/Y
 clkload15/Y
 clkload16/Y
 clkload17/Y
 clkload18/Y
 clkload19/Y
 clkload2/X
 clkload20/Y
 clkload21/Y
 clkload22/Y
 clkload23/Y
 clkload24/Y
 clkload25/Y
 clkload26/Y
 clkload27/Y
 clkload28/Y
 clkload29/Y
 clkload3/Y
 clkload30/Y
 clkload31/Y
 clkload32/Y
 clkload33/Y
 clkload34/X
 clkload35/Y
 clkload36/Y
 clkload37/Y
 clkload38/Y
 clkload39/Y
 clkload4/Y
 clkload40/Y
 clkload41/Y
 clkload42/Y
 clkload43/Y
 clkload44/Y
 clkload45/Y
 clkload46/Y
 clkload47/Y
 clkload48/Y
 clkload49/Y
 clkload5/Y
 clkload50/Y
 clkload51/Y
 clkload52/Y
 clkload53/Y
 clkload54/Y
 clkload55/Y
 clkload6/Y
 clkload7/X
 clkload8/X
 clkload9/Y
Found 0 partially unannotated drivers.

===========================================================================
max slew violation count 0
max fanout violation count 0
max cap violation count 0
============================================================================

===========================================================================
check_setup -verbose -unconstrained_endpoints -multiple_clock -no_clock -no_input_delay -loops -generated_clocks
===========================================================================
