Clock: clk
Sources: clk 
Generated: no
Virtual: yes
Propagated: no
Period: 10.000000

===========================================================================
report_clock_properties
============================================================================
Clock                   Period          Waveform
----------------------------------------------------
clk                  10.000000    0.000000  5.000000

===========================================================================
report_clock_latency
============================================================================
Clock clk
rise -> rise
    min     max
0.000000 0.000000 source latency
0.625863         network latency _20688_/CLK
        0.850650 network latency _20394_/CLK
---------------
0.625863 0.850650 latency
        0.224787 skew

fall -> fall
    min     max
0.000000 0.000000 source latency
0.540017         network latency _20688_/CLK
        0.746255 network latency _20394_/CLK
---------------
0.540017 0.746255 latency
        0.206238 skew



===========================================================================
report_clock_min_period
============================================================================
clk period_min = 5.18 fmax = 192.92
