Clock: clk
Sources: clk 
Generated: no
Virtual: no
Propagated: no
Period: 10.000000

===========================================================================
report_clock_properties
============================================================================
Clock                   Period          Waveform
----------------------------------------------------
clk                  10.000000    0.000000  5.000000

===========================================================================
report_clock_latency
============================================================================
Clock clk
rise -> rise
    min     max
0.000000 0.000000 source latency
1.573420         network latency _20360_/CLK
        1.573420 network latency _20360_/CLK
---------------
1.573420 1.573420 latency
        0.000000 skew

fall -> fall
    min     max
0.000000 0.000000 source latency
0.667252         network latency _20360_/CLK
        0.667252 network latency _20360_/CLK
---------------
0.667252 0.667252 latency
        0.000000 skew



===========================================================================
report_clock_min_period
============================================================================
clk period_min = 7.74 fmax = 129.22
