Clock: clk
Sources: clk 
Generated: no
Virtual: yes
Propagated: no
Period: 10.000000

===========================================================================
report_clock_properties
============================================================================
Clock                   Period          Waveform
----------------------------------------------------
clk                  10.000000    0.000000  5.000000

===========================================================================
report_clock_latency
============================================================================
Clock clk
rise -> rise
    min     max
0.000000 0.000000 source latency
1.190652         network latency _0983_/CLK
        0.779319 network latency i_ll/clk
---------------
1.190652 0.779319 latency
        -0.411334 skew

fall -> fall
    min     max
0.000000 0.000000 source latency
1.019293         network latency _0983_/CLK
        0.621422 network latency i_ll/clk
---------------
1.019293 0.621422 latency
        -0.397870 skew



===========================================================================
report_clock_min_period
============================================================================
clk period_min = 7.37 fmax = 135.76
