
===========================================================================
report_checks -unconstrained
===========================================================================
======================= min_ff_n40C_1v95 Corner ===================================

Startpoint: _20790_ (rising edge-triggered flip-flop clocked by clk)
Endpoint: _20760_ (rising edge-triggered flip-flop clocked by clk)
Path Group: clk
Path Type: max

Fanout         Cap        Slew       Delay        Time   Description
---------------------------------------------------------------------------------------------
                                  0.000000    0.000000   clock clk (rise edge)
                                  0.000000    0.000000   clock source latency
     2    0.047488    0.102626    0.072111    0.072111 ^ clk (in)
                                                         clk (net)
                      0.102643    0.000000    0.072111 ^ clkbuf_0_clk/A (sky130_fd_sc_hd__clkbuf_16)
     8    0.209659    0.170534    0.205851    0.277962 ^ clkbuf_0_clk/X (sky130_fd_sc_hd__clkbuf_16)
                                                         clknet_0_clk (net)
                      0.170579    0.002282    0.280244 ^ clkbuf_3_4__f_clk/A (sky130_fd_sc_hd__clkbuf_16)
    11    0.100090    0.090369    0.159897    0.440141 ^ clkbuf_3_4__f_clk/X (sky130_fd_sc_hd__clkbuf_16)
                                                         clknet_3_4__leaf_clk (net)
                      0.090388    0.001108    0.441249 ^ clkbuf_leaf_8_clk/A (sky130_fd_sc_hd__clkbuf_8)
     5    0.020418    0.038674    0.104896    0.546145 ^ clkbuf_leaf_8_clk/X (sky130_fd_sc_hd__clkbuf_8)
                                                         clknet_leaf_8_clk (net)
                      0.038674    0.000121    0.546266 ^ _20790_/CLK (sky130_fd_sc_hd__dfxtp_4)
     5    0.036608    0.084977    0.255295    0.801561 ^ _20790_/Q (sky130_fd_sc_hd__dfxtp_4)
                                                         a_l[12] (net)
                      0.084987    0.000956    0.802517 ^ max_cap566/A (sky130_fd_sc_hd__buf_12)
    15    0.098025    0.091121    0.119360    0.921877 ^ max_cap566/X (sky130_fd_sc_hd__buf_12)
                                                         net566 (net)
                      0.091464    0.004555    0.926433 ^ max_cap565/A (sky130_fd_sc_hd__buf_12)
    14    0.099104    0.092063    0.120603    1.047035 ^ max_cap565/X (sky130_fd_sc_hd__buf_12)
                                                         net565 (net)
                      0.093270    0.008377    1.055413 ^ max_cap564/A (sky130_fd_sc_hd__buf_12)
     7    0.096484    0.089603    0.121496    1.176909 ^ max_cap564/X (sky130_fd_sc_hd__buf_12)
                                                         net564 (net)
                      0.089846    0.003752    1.180660 ^ max_cap563/A (sky130_fd_sc_hd__buf_12)
    11    0.064643    0.063727    0.103578    1.284238 ^ max_cap563/X (sky130_fd_sc_hd__buf_12)
                                                         net563 (net)
                      0.063890    0.002549    1.286787 ^ max_cap562/A (sky130_fd_sc_hd__buf_12)
    14    0.091608    0.085404    0.114398    1.401186 ^ max_cap562/X (sky130_fd_sc_hd__buf_12)
                                                         net562 (net)
                      0.085680    0.003897    1.405083 ^ _19466_/B (sky130_fd_sc_hd__nand2_4)
     7    0.044239    0.072078    0.074001    1.479084 v _19466_/Y (sky130_fd_sc_hd__nand2_4)
                                                         _00653_ (net)
                      0.072079    0.000237    1.479321 v _19467_/B1 (sky130_fd_sc_hd__o2bb2ai_2)
     2    0.009337    0.110515    0.133120    1.612441 ^ _19467_/Y (sky130_fd_sc_hd__o2bb2ai_2)
                                                         _00654_ (net)
                      0.110515    0.000077    1.612518 ^ _19472_/A (sky130_fd_sc_hd__nand2_1)
     1    0.009986    0.060583    0.065394    1.677912 v _19472_/Y (sky130_fd_sc_hd__nand2_1)
                                                         _00660_ (net)
                      0.060583    0.000154    1.678066 v _19473_/C (sky130_fd_sc_hd__nand3_4)
    10    0.038052    0.112173    0.115275    1.793341 ^ _19473_/Y (sky130_fd_sc_hd__nand3_4)
                                                         _00661_ (net)
                      0.112186    0.000922    1.794262 ^ _19478_/A1 (sky130_fd_sc_hd__a21oi_1)
     1    0.006191    0.052228    0.058412    1.852675 v _19478_/Y (sky130_fd_sc_hd__a21oi_1)
                                                         _00666_ (net)
                      0.052228    0.000088    1.852762 v _19488_/B1 (sky130_fd_sc_hd__o2bb2ai_2)
     2    0.015372    0.153966    0.158611    2.011373 ^ _19488_/Y (sky130_fd_sc_hd__o2bb2ai_2)
                                                         _00677_ (net)
                      0.153967    0.000212    2.011585 ^ _19493_/A (sky130_fd_sc_hd__nand4_4)
     5    0.028586    0.110605    0.102151    2.113736 v _19493_/Y (sky130_fd_sc_hd__nand4_4)
                                                         _00682_ (net)
                      0.110623    0.001061    2.114797 v rebuffer205/A (sky130_fd_sc_hd__buf_1)
     1    0.003307    0.022238    0.087247    2.202044 v rebuffer205/X (sky130_fd_sc_hd__buf_1)
                                                         net1002 (net)
                      0.022238    0.000039    2.202083 v _19539_/A3 (sky130_fd_sc_hd__a31o_1)
     2    0.009963    0.048823    0.156211    2.358294 v _19539_/X (sky130_fd_sc_hd__a31o_1)
                                                         _00732_ (net)
                      0.048823    0.000167    2.358461 v _19635_/C1 (sky130_fd_sc_hd__o211ai_2)
     4    0.014872    0.169623    0.076477    2.434938 ^ _19635_/Y (sky130_fd_sc_hd__o211ai_2)
                                                         _00835_ (net)
                      0.169623    0.000183    2.435120 ^ _19638_/A1 (sky130_fd_sc_hd__a21o_1)
     2    0.010362    0.073798    0.111134    2.546255 ^ _19638_/X (sky130_fd_sc_hd__a21o_1)
                                                         _00839_ (net)
                      0.073798    0.000129    2.546383 ^ _19642_/C (sky130_fd_sc_hd__nand3_2)
     2    0.007579    0.053988    0.052457    2.598840 v _19642_/Y (sky130_fd_sc_hd__nand3_2)
                                                         _00843_ (net)
                      0.053988    0.000052    2.598892 v _19644_/A2 (sky130_fd_sc_hd__a21bo_1)
     3    0.013919    0.056614    0.161201    2.760093 v _19644_/X (sky130_fd_sc_hd__a21bo_1)
                                                         _00845_ (net)
                      0.056615    0.000338    2.760431 v _19647_/A (sky130_fd_sc_hd__nand2_1)
     1    0.005552    0.053362    0.060495    2.820925 ^ _19647_/Y (sky130_fd_sc_hd__nand2_1)
                                                         _00848_ (net)
                      0.053362    0.000066    2.820992 ^ _19651_/A (sky130_fd_sc_hd__nand2_2)
     3    0.016018    0.046988    0.051255    2.872247 v _19651_/Y (sky130_fd_sc_hd__nand2_2)
                                                         _00853_ (net)
                      0.046989    0.000227    2.872474 v _19653_/A (sky130_fd_sc_hd__nand2_1)
     2    0.007366    0.068798    0.065157    2.937630 ^ _19653_/Y (sky130_fd_sc_hd__nand2_1)
                                                         _00855_ (net)
                      0.068798    0.000129    2.937759 ^ _19762_/B (sky130_fd_sc_hd__nor2_1)
     1    0.009721    0.039746    0.046529    2.984288 v _19762_/Y (sky130_fd_sc_hd__nor2_1)
                                                         _00972_ (net)
                      0.039759    0.000113    2.984401 v _19766_/A2 (sky130_fd_sc_hd__a21oi_4)
     4    0.035727    0.209912    0.201120    3.185521 ^ _19766_/Y (sky130_fd_sc_hd__a21oi_4)
                                                         _00976_ (net)
                      0.209923    0.001180    3.186701 ^ _20114_/A (sky130_fd_sc_hd__nand3_4)
     5    0.043811    0.127516    0.120529    3.307230 v _20114_/Y (sky130_fd_sc_hd__nand3_4)
                                                         _01350_ (net)
                      0.127550    0.001711    3.308941 v _20257_/A2 (sky130_fd_sc_hd__a21oi_4)
     5    0.021427    0.144807    0.184838    3.493779 ^ _20257_/Y (sky130_fd_sc_hd__a21oi_4)
                                                         _01502_ (net)
                      0.144807    0.000436    3.494215 ^ _20307_/B2 (sky130_fd_sc_hd__o22ai_1)
     1    0.003073    0.041026    0.032072    3.526287 v _20307_/Y (sky130_fd_sc_hd__o22ai_1)
                                                         _01553_ (net)
                      0.041026    0.000019    3.526306 v _20309_/A1 (sky130_fd_sc_hd__o211a_1)
     1    0.003384    0.030049    0.142421    3.668727 v _20309_/X (sky130_fd_sc_hd__o211a_1)
                                                         _00400_ (net)
                      0.030049    0.000046    3.668773 v _20760_/D (sky130_fd_sc_hd__dfxtp_1)
                                              3.668773   data arrival time

                                 10.000000   10.000000   clock clk (rise edge)
                                  0.000000   10.000000   clock source latency
     2    0.047488    0.102626    0.072111   10.072111 ^ clk (in)
                                                         clk (net)
                      0.102643    0.000000   10.072111 ^ clkbuf_0_clk/A (sky130_fd_sc_hd__clkbuf_16)
     8    0.209659    0.170534    0.205850   10.277962 ^ clkbuf_0_clk/X (sky130_fd_sc_hd__clkbuf_16)
                                                         clknet_0_clk (net)
                      0.170801    0.005458   10.283420 ^ clkbuf_3_2__f_clk/A (sky130_fd_sc_hd__clkbuf_16)
    10    0.097906    0.088737    0.159030   10.442450 ^ clkbuf_3_2__f_clk/X (sky130_fd_sc_hd__clkbuf_16)
                                                         clknet_3_2__leaf_clk (net)
                      0.089073    0.004358   10.446808 ^ clkbuf_leaf_53_clk/A (sky130_fd_sc_hd__clkbuf_8)
     4    0.044540    0.067164    0.126736   10.573545 ^ clkbuf_leaf_53_clk/X (sky130_fd_sc_hd__clkbuf_8)
                                                         clknet_leaf_53_clk (net)
                      0.067165    0.000371   10.573915 ^ _20760_/CLK (sky130_fd_sc_hd__dfxtp_1)
                                 -0.200000   10.373916   clock uncertainty
                                  0.000000   10.373916   clock reconvergence pessimism
                                 -0.065923   10.307992   library setup time
                                             10.307992   data required time
---------------------------------------------------------------------------------------------
                                             10.307992   data required time
                                             -3.668773   data arrival time
---------------------------------------------------------------------------------------------
                                              6.639219   slack (MET)




===========================================================================
report_checks --slack_max -0.01
============================================================================
======================= min_ff_n40C_1v95 Corner ===================================

No paths found.


===========================================================================
 report_check_types -max_slew -max_cap -max_fanout -violators
============================================================================
======================= min_ff_n40C_1v95 Corner ===================================



===========================================================================
report_parasitic_annotation -report_unannotated
============================================================================
Found 56 unannotated drivers.
 clkload0/Y
 clkload1/Y
 clkload10/Y
 clkload11/Y
 clkload12/Y
 clkload13/Y
 clkload14/Y
 clkload15/Y
 clkload16/Y
 clkload17/Y
 clkload18/Y
 clkload19/Y
 clkload2/X
 clkload20/Y
 clkload21/Y
 clkload22/Y
 clkload23/Y
 clkload24/Y
 clkload25/Y
 clkload26/Y
 clkload27/Y
 clkload28/Y
 clkload29/Y
 clkload3/Y
 clkload30/Y
 clkload31/Y
 clkload32/Y
 clkload33/Y
 clkload34/X
 clkload35/Y
 clkload36/Y
 clkload37/Y
 clkload38/Y
 clkload39/Y
 clkload4/Y
 clkload40/Y
 clkload41/Y
 clkload42/Y
 clkload43/Y
 clkload44/Y
 clkload45/Y
 clkload46/Y
 clkload47/Y
 clkload48/Y
 clkload49/Y
 clkload5/Y
 clkload50/Y
 clkload51/Y
 clkload52/Y
 clkload53/Y
 clkload54/Y
 clkload55/Y
 clkload6/Y
 clkload7/X
 clkload8/X
 clkload9/Y
Found 0 partially unannotated drivers.

===========================================================================
max slew violation count 0
max fanout violation count 0
max cap violation count 0
============================================================================

===========================================================================
check_setup -verbose -unconstrained_endpoints -multiple_clock -no_clock -no_input_delay -loops -generated_clocks
===========================================================================
