Clock: clk
Sources: clk 
Generated: no
Virtual: yes
Propagated: no
Period: 10.000000

===========================================================================
report_clock_properties
============================================================================
Clock                   Period          Waveform
----------------------------------------------------
clk                  10.000000    0.000000  5.000000

===========================================================================
report_clock_latency
============================================================================
Clock clk
rise -> rise
    min     max
0.000000 0.000000 source latency
0.432927         network latency _20689_/CLK
        0.590526 network latency _20394_/CLK
---------------
0.432927 0.590526 latency
        0.157599 skew

fall -> fall
    min     max
0.000000 0.000000 source latency
0.377464         network latency _20689_/CLK
        0.521650 network latency _20394_/CLK
---------------
0.377464 0.521650 latency
        0.144186 skew



===========================================================================
report_clock_min_period
============================================================================
clk period_min = 3.36 fmax = 297.55
