
===========================================================================
report_checks -unconstrained
===========================================================================
======================= max_ff_n40C_1v95 Corner ===================================

Startpoint: _20786_ (rising edge-triggered flip-flop clocked by clk)
Endpoint: _20760_ (rising edge-triggered flip-flop clocked by clk)
Path Group: clk
Path Type: max

Fanout         Cap        Slew       Delay        Time   Description
---------------------------------------------------------------------------------------------
                                  0.000000    0.000000   clock clk (rise edge)
                                  0.000000    0.000000   clock source latency
     2    0.054707    0.116690    0.082935    0.082935 ^ clk (in)
                                                         clk (net)
                      0.116754    0.000000    0.082935 ^ clkbuf_0_clk/A (sky130_fd_sc_hd__clkbuf_16)
     8    0.232694    0.188995    0.213236    0.296170 ^ clkbuf_0_clk/X (sky130_fd_sc_hd__clkbuf_16)
                                                         clknet_0_clk (net)
                      0.191268    0.016616    0.312786 ^ clkbuf_3_7__f_clk/A (sky130_fd_sc_hd__clkbuf_16)
     8    0.094156    0.087086    0.156547    0.469334 ^ clkbuf_3_7__f_clk/X (sky130_fd_sc_hd__clkbuf_16)
                                                         clknet_3_7__leaf_clk (net)
                      0.089305    0.010958    0.480292 ^ clkbuf_leaf_25_clk/A (sky130_fd_sc_hd__clkbuf_8)
     3    0.034976    0.055621    0.117318    0.597609 ^ clkbuf_leaf_25_clk/X (sky130_fd_sc_hd__clkbuf_8)
                                                         clknet_leaf_25_clk (net)
                      0.055740    0.001700    0.599310 ^ _20786_/CLK (sky130_fd_sc_hd__dfxtp_4)
     2    0.010420    0.034985    0.221228    0.820538 ^ _20786_/Q (sky130_fd_sc_hd__dfxtp_4)
                                                         a_l[8] (net)
                      0.034990    0.000312    0.820850 ^ rebuffer144/A (sky130_fd_sc_hd__buf_2)
     4    0.052715    0.194209    0.181348    1.002198 ^ rebuffer144/X (sky130_fd_sc_hd__buf_2)
                                                         net941 (net)
                      0.194429    0.005371    1.007569 ^ max_cap589/A (sky130_fd_sc_hd__clkbuf_8)
    16    0.116011    0.156565    0.197219    1.204788 ^ max_cap589/X (sky130_fd_sc_hd__clkbuf_8)
                                                         net589 (net)
                      0.159705    0.017658    1.222446 ^ max_cap588/A (sky130_fd_sc_hd__buf_12)
    14    0.106375    0.098683    0.123046    1.345492 ^ max_cap588/X (sky130_fd_sc_hd__buf_12)
                                                         net588 (net)
                      0.107312    0.022613    1.368105 ^ _10190_/A (sky130_fd_sc_hd__inv_8)
    20    0.209779    0.105011    0.076781    1.444886 v _10190_/Y (sky130_fd_sc_hd__inv_8)
                                                         _09253_ (net)
                      0.117936    0.027134    1.472019 v _16108_/A (sky130_fd_sc_hd__nor2_1)
     2    0.022734    0.289593    0.265523    1.737542 ^ _16108_/Y (sky130_fd_sc_hd__nor2_1)
                                                         _06984_ (net)
                      0.289596    0.000793    1.738335 ^ _19120_/B2 (sky130_fd_sc_hd__a32o_1)
     3    0.032356    0.247031    0.231757    1.970092 ^ _19120_/X (sky130_fd_sc_hd__a32o_1)
                                                         _10010_ (net)
                      0.247066    0.002425    1.972517 ^ _19317_/A1_N (sky130_fd_sc_hd__o2bb2ai_4)
     1    0.018251    0.122417    0.102099    2.074616 ^ _19317_/Y (sky130_fd_sc_hd__o2bb2ai_4)
                                                         _00492_ (net)
                      0.122472    0.001950    2.076565 ^ _19347_/C (sky130_fd_sc_hd__nand3_4)
     6    0.025573    0.083564    0.075932    2.152497 v _19347_/Y (sky130_fd_sc_hd__nand3_4)
                                                         _00525_ (net)
                      0.083631    0.001771    2.154268 v _19351_/B (sky130_fd_sc_hd__nand3_1)
     4    0.016001    0.138725    0.143523    2.297791 ^ _19351_/Y (sky130_fd_sc_hd__nand3_1)
                                                         _00529_ (net)
                      0.138732    0.000844    2.298635 ^ _19499_/B2 (sky130_fd_sc_hd__a22oi_1)
     1    0.004690    0.051170    0.057078    2.355713 v _19499_/Y (sky130_fd_sc_hd__a22oi_1)
                                                         _00689_ (net)
                      0.051171    0.000217    2.355930 v _19503_/B1 (sky130_fd_sc_hd__o2bb2ai_2)
     2    0.009191    0.109477    0.124582    2.480512 ^ _19503_/Y (sky130_fd_sc_hd__o2bb2ai_2)
                                                         _00693_ (net)
                      0.109478    0.000514    2.481026 ^ max_cap183/A (sky130_fd_sc_hd__clkbuf_2)
     2    0.011971    0.056250    0.103532    2.584558 ^ max_cap183/X (sky130_fd_sc_hd__clkbuf_2)
                                                         net183 (net)
                      0.056261    0.000764    2.585322 ^ _19507_/A (sky130_fd_sc_hd__nand2_2)
     2    0.012349    0.048486    0.044406    2.629728 v _19507_/Y (sky130_fd_sc_hd__nand2_2)
                                                         _00697_ (net)
                      0.048509    0.000882    2.630610 v _19510_/A1 (sky130_fd_sc_hd__o211ai_4)
     3    0.026665    0.199340    0.197898    2.828508 ^ _19510_/Y (sky130_fd_sc_hd__o211ai_4)
                                                         _00701_ (net)
                      0.199344    0.001628    2.830136 ^ _19514_/A1_N (sky130_fd_sc_hd__o2bb2ai_4)
     2    0.017128    0.117841    0.100310    2.930445 ^ _19514_/Y (sky130_fd_sc_hd__o2bb2ai_4)
                                                         _00705_ (net)
                      0.117845    0.001197    2.931642 ^ _19517_/C (sky130_fd_sc_hd__nand4_4)
     7    0.028935    0.104759    0.103281    3.034923 v _19517_/Y (sky130_fd_sc_hd__nand4_4)
                                                         _00708_ (net)
                      0.104781    0.001174    3.036097 v _19518_/B (sky130_fd_sc_hd__nand2_1)
     1    0.004780    0.054556    0.081860    3.117956 ^ _19518_/Y (sky130_fd_sc_hd__nand2_1)
                                                         _00710_ (net)
                      0.054556    0.000353    3.118309 ^ _19762_/A (sky130_fd_sc_hd__nor2_1)
     1    0.009946    0.041081    0.047234    3.165544 v _19762_/Y (sky130_fd_sc_hd__nor2_1)
                                                         _00972_ (net)
                      0.041104    0.000790    3.166333 v _19766_/A2 (sky130_fd_sc_hd__a21oi_4)
     4    0.039037    0.225336    0.211337    3.377670 ^ _19766_/Y (sky130_fd_sc_hd__a21oi_4)
                                                         _00976_ (net)
                      0.225462    0.004211    3.381881 ^ _20114_/A (sky130_fd_sc_hd__nand3_4)
     5    0.047045    0.137916    0.127494    3.509375 v _20114_/Y (sky130_fd_sc_hd__nand3_4)
                                                         _01350_ (net)
                      0.138202    0.005119    3.514494 v _20257_/A2 (sky130_fd_sc_hd__a21oi_4)
     5    0.022841    0.151781    0.192538    3.707032 ^ _20257_/Y (sky130_fd_sc_hd__a21oi_4)
                                                         _01502_ (net)
                      0.151898    0.002307    3.709339 ^ _20307_/B2 (sky130_fd_sc_hd__o22ai_1)
     1    0.003195    0.042441    0.032369    3.741708 v _20307_/Y (sky130_fd_sc_hd__o22ai_1)
                                                         _01553_ (net)
                      0.042441    0.000133    3.741841 v _20309_/A1 (sky130_fd_sc_hd__o211a_1)
     1    0.003690    0.034820    0.144330    3.886172 v _20309_/X (sky130_fd_sc_hd__o211a_1)
                                                         _00400_ (net)
                      0.034820    0.000273    3.886444 v _20760_/D (sky130_fd_sc_hd__dfxtp_1)
                                              3.886444   data arrival time

                                 10.000000   10.000000   clock clk (rise edge)
                                  0.000000   10.000000   clock source latency
     2    0.054707    0.116690    0.082935   10.082934 ^ clk (in)
                                                         clk (net)
                      0.116754    0.000000   10.082934 ^ clkbuf_0_clk/A (sky130_fd_sc_hd__clkbuf_16)
     8    0.232694    0.188995    0.213236   10.296170 ^ clkbuf_0_clk/X (sky130_fd_sc_hd__clkbuf_16)
                                                         clknet_0_clk (net)
                      0.191838    0.018511   10.314681 ^ clkbuf_3_2__f_clk/A (sky130_fd_sc_hd__clkbuf_16)
    10    0.107474    0.096971    0.162872   10.477553 ^ clkbuf_3_2__f_clk/X (sky130_fd_sc_hd__clkbuf_16)
                                                         clknet_3_2__leaf_clk (net)
                      0.099794    0.013028   10.490582 ^ clkbuf_leaf_53_clk/A (sky130_fd_sc_hd__clkbuf_8)
     4    0.045261    0.068265    0.128732   10.619313 ^ clkbuf_leaf_53_clk/X (sky130_fd_sc_hd__clkbuf_8)
                                                         clknet_leaf_53_clk (net)
                      0.068411    0.002536   10.621849 ^ _20760_/CLK (sky130_fd_sc_hd__dfxtp_1)
                                 -0.200000   10.421848   clock uncertainty
                                  0.000000   10.421848   clock reconvergence pessimism
                                 -0.067505   10.354343   library setup time
                                             10.354343   data required time
---------------------------------------------------------------------------------------------
                                             10.354343   data required time
                                             -3.886444   data arrival time
---------------------------------------------------------------------------------------------
                                              6.467899   slack (MET)




===========================================================================
report_checks --slack_max -0.01
============================================================================
======================= max_ff_n40C_1v95 Corner ===================================

No paths found.


===========================================================================
 report_check_types -max_slew -max_cap -max_fanout -violators
============================================================================
======================= max_ff_n40C_1v95 Corner ===================================



===========================================================================
report_parasitic_annotation -report_unannotated
============================================================================
Found 56 unannotated drivers.
 clkload0/Y
 clkload1/Y
 clkload10/Y
 clkload11/Y
 clkload12/Y
 clkload13/Y
 clkload14/Y
 clkload15/Y
 clkload16/Y
 clkload17/Y
 clkload18/Y
 clkload19/Y
 clkload2/X
 clkload20/Y
 clkload21/Y
 clkload22/Y
 clkload23/Y
 clkload24/Y
 clkload25/Y
 clkload26/Y
 clkload27/Y
 clkload28/Y
 clkload29/Y
 clkload3/Y
 clkload30/Y
 clkload31/Y
 clkload32/Y
 clkload33/Y
 clkload34/X
 clkload35/Y
 clkload36/Y
 clkload37/Y
 clkload38/Y
 clkload39/Y
 clkload4/Y
 clkload40/Y
 clkload41/Y
 clkload42/Y
 clkload43/Y
 clkload44/Y
 clkload45/Y
 clkload46/Y
 clkload47/Y
 clkload48/Y
 clkload49/Y
 clkload5/Y
 clkload50/Y
 clkload51/Y
 clkload52/Y
 clkload53/Y
 clkload54/Y
 clkload55/Y
 clkload6/Y
 clkload7/X
 clkload8/X
 clkload9/Y
Found 0 partially unannotated drivers.

===========================================================================
max slew violation count 0
max fanout violation count 0
max cap violation count 0
============================================================================

===========================================================================
check_setup -verbose -unconstrained_endpoints -multiple_clock -no_clock -no_input_delay -loops -generated_clocks
===========================================================================
