Clock: clk
Sources: clk 
Generated: no
Virtual: yes
Propagated: no
Period: 10.000000

===========================================================================
report_clock_properties
============================================================================
Clock                   Period          Waveform
----------------------------------------------------
clk                  10.000000    0.000000  5.000000

===========================================================================
report_clock_latency
============================================================================
Clock clk
rise -> rise
    min     max
0.000000 0.000000 source latency
0.471631         network latency _20687_/CLK
        0.638261 network latency _20394_/CLK
---------------
0.471631 0.638261 latency
        0.166631 skew

fall -> fall
    min     max
0.000000 0.000000 source latency
0.407608         network latency _20687_/CLK
        0.559922 network latency _20394_/CLK
---------------
0.407608 0.559922 latency
        0.152315 skew



===========================================================================
report_clock_min_period
============================================================================
clk period_min = 3.53 fmax = 283.12
