Clock: clk
Sources: clk 
Generated: no
Virtual: yes
Propagated: no
Period: 10.000000

===========================================================================
report_clock_properties
============================================================================
Clock                   Period          Waveform
----------------------------------------------------
clk                  10.000000    0.000000  5.000000

===========================================================================
report_clock_latency
============================================================================
Clock clk
rise -> rise
    min     max
0.000000 0.000000 source latency
0.001099         network latency _5008_/CLK
        0.011061 network latency _5023_/CLK
---------------
0.001099 0.011061 latency
        0.009963 skew

fall -> fall
    min     max
0.000000 0.000000 source latency
0.001029         network latency _5008_/CLK
        0.010347 network latency _5023_/CLK
---------------
0.001029 0.010347 latency
        0.009319 skew



===========================================================================
report_clock_min_period
============================================================================
clk period_min = 5.54 fmax = 180.61
