Clock: clk
Sources: clk 
Generated: no
Virtual: yes
Propagated: no
Period: 10.000000

===========================================================================
report_clock_properties
============================================================================
Clock                   Period          Waveform
----------------------------------------------------
clk                  10.000000    0.000000  5.000000

===========================================================================
report_clock_latency
============================================================================
Clock clk
rise -> rise
    min     max
0.000000 0.000000 source latency
1.133718         network latency _20799_/CLK
        1.558252 network latency _20360_/CLK
---------------
1.133718 1.558252 latency
        0.424534 skew

fall -> fall
    min     max
0.000000 0.000000 source latency
0.960524         network latency _20799_/CLK
        1.343580 network latency _20360_/CLK
---------------
0.960524 1.343580 latency
        0.383055 skew



===========================================================================
report_clock_min_period
============================================================================
clk period_min = 9.71 fmax = 103.03
