
Magic 8.3 revision 489 - Compiled on Thu Aug 22 13:45:15 UTC 2024.
Starting magic under Tcl interpreter
Using the terminal as the console.
Using NULL graphics device.
Processing system .magicrc file
Sourcing design .magicrc for technology sky130A ...
2 Magic internal units = 1 Lambda
Input style sky130(): scaleFactor=2, multiplier=2
The following types are not handled by extraction and will be treated as non-electrical types:
    ubm 
Scaled tech values by 2 / 1 to match internal grid scaling
Loading sky130A Device Generator Menu ...
Loading "/nix/store/h0ldzjka94yryiq8yxbxmwargpnmwhx6-python3-3.11.9-env/lib/python3.11/site-packages/openlane/scripts/magic/wrapper.tcl" from command line.
> lef read /home/hien/.volare/volare/sky130/versions/0fe599b2afb6708d281543108caf8310912f54af/sky130A/libs.ref/sky130_fd_sc_hd/techlef/sky130_fd_sc_hd__nom.tlef
Reading LEF data from file /home/hien/.volare/volare/sky130/versions/0fe599b2afb6708d281543108caf8310912f54af/sky130A/libs.ref/sky130_fd_sc_hd/techlef/sky130_fd_sc_hd__nom.tlef.
This action cannot be undone.
LEF read, Line 82 (Message): Unknown keyword "ANTENNAMODEL" in LEF file; ignoring.
LEF read, Line 83 (Message): Unknown keyword "ANTENNADIFFSIDEAREARATIO" in LEF file; ignoring.
LEF read, Line 116 (Message): Unknown keyword "MINENCLOSEDAREA" in LEF file; ignoring.
LEF read, Line 118 (Message): Unknown keyword "ANTENNAMODEL" in LEF file; ignoring.
LEF read, Line 119 (Message): Unknown keyword "ANTENNADIFFSIDEAREARATIO" in LEF file; ignoring.
LEF read, Line 125 (Message): Unknown keyword "MAXIMUMDENSITY" in LEF file; ignoring.
LEF read, Line 126 (Message): Unknown keyword "DENSITYCHECKWINDOW" in LEF file; ignoring.
LEF read, Line 127 (Message): Unknown keyword "DENSITYCHECKSTEP" in LEF file; ignoring.
LEF read, Line 160 (Message): Unknown keyword "MINENCLOSEDAREA" in LEF file; ignoring.
LEF read, Line 168 (Message): Unknown keyword "ANTENNAMODEL" in LEF file; ignoring.
LEF read, Line 169 (Message): Unknown keyword "ANTENNADIFFSIDEAREARATIO" in LEF file; ignoring.
LEF read, Line 171 (Message): Unknown keyword "MAXIMUMDENSITY" in LEF file; ignoring.
LEF read, Line 172 (Message): Unknown keyword "DENSITYCHECKWINDOW" in LEF file; ignoring.
LEF read, Line 173 (Message): Unknown keyword "DENSITYCHECKSTEP" in LEF file; ignoring.
LEF read, Line 210 (Message): Unknown keyword "ANTENNAMODEL" in LEF file; ignoring.
LEF read, Line 211 (Message): Unknown keyword "ANTENNADIFFSIDEAREARATIO" in LEF file; ignoring.
LEF read, Line 213 (Message): Unknown keyword "MAXIMUMDENSITY" in LEF file; ignoring.
LEF read, Line 214 (Message): Unknown keyword "DENSITYCHECKWINDOW" in LEF file; ignoring.
LEF read, Line 215 (Message): Unknown keyword "DENSITYCHECKSTEP" in LEF file; ignoring.
LEF read, Line 252 (Message): Unknown keyword "ANTENNAMODEL" in LEF file; ignoring.
LEF read, Line 253 (Message): Unknown keyword "ANTENNADIFFSIDEAREARATIO" in LEF file; ignoring.
LEF read, Line 255 (Message): Unknown keyword "MAXIMUMDENSITY" in LEF file; ignoring.
LEF read, Line 256 (Message): Unknown keyword "DENSITYCHECKWINDOW" in LEF file; ignoring.
LEF read, Line 257 (Message): Unknown keyword "DENSITYCHECKSTEP" in LEF file; ignoring.
LEF read, Line 294 (Message): Unknown keyword "ANTENNAMODEL" in LEF file; ignoring.
LEF read, Line 295 (Message): Unknown keyword "ANTENNADIFFSIDEAREARATIO" in LEF file; ignoring.
LEF read: Processed 801 lines.
> lef read /home/hien/.volare/volare/sky130/versions/0fe599b2afb6708d281543108caf8310912f54af/sky130A/libs.ref/sky130_fd_sc_hd/lef/sky130_ef_sc_hd.lef
Reading LEF data from file /home/hien/.volare/volare/sky130/versions/0fe599b2afb6708d281543108caf8310912f54af/sky130A/libs.ref/sky130_fd_sc_hd/lef/sky130_ef_sc_hd.lef.
This action cannot be undone.
LEF read: Processed 278 lines.
> lef read /home/hien/.volare/volare/sky130/versions/0fe599b2afb6708d281543108caf8310912f54af/sky130A/libs.ref/sky130_fd_sc_hd/lef/sky130_fd_sc_hd.lef
Reading LEF data from file /home/hien/.volare/volare/sky130/versions/0fe599b2afb6708d281543108caf8310912f54af/sky130A/libs.ref/sky130_fd_sc_hd/lef/sky130_fd_sc_hd.lef.
This action cannot be undone.
LEF read: Processed 56536 lines.
> def read /home/hien/openlane2/designs/highspeed_pipelined_multiplier/runs/opti_5/52-odb-cellfrequencytables/pipelined_mult.def -noblockage -labels
Reading DEF data from file /home/hien/openlane2/designs/highspeed_pipelined_multiplier/runs/opti_5/52-odb-cellfrequencytables/pipelined_mult.def.
This action cannot be undone.
  Processed 4 vias total.
  Processed 41143 subcell instances total.
  Processed 132 pins total.
  Processed 2 special nets total.
  Processed 12143 nets total.
DEF read: Processed 264010 lines.
Moving label "_00037_" from metal1 to via1 in cell pipelined_mult.
Moving label "_00046_" from metal1 to via1 in cell pipelined_mult.
Moving label "_00075_" from metal1 to via1 in cell pipelined_mult.
Moving label "_00088_" from metal1 to viali in cell pipelined_mult.
Moving label "_00097_" from metal1 to via1 in cell pipelined_mult.
Moving label "_00119_" from metal1 to via1 in cell pipelined_mult.
Moving label "_00122_" from metal1 to via1 in cell pipelined_mult.
Moving label "_00125_" from metal1 to via1 in cell pipelined_mult.
Moving label "_00126_" from metal1 to via1 in cell pipelined_mult.
Moving label "_00135_" from metal1 to via1 in cell pipelined_mult.
Moving label "_00136_" from metal1 to via1 in cell pipelined_mult.
Moving label "_00174_" from metal1 to via1 in cell pipelined_mult.
Moving label "_00181_" from metal1 to via1 in cell pipelined_mult.
Moving label "_00183_" from metal1 to via1 in cell pipelined_mult.
Moving label "_00185_" from metal1 to via1 in cell pipelined_mult.
Moving label "_00207_" from metal1 to via1 in cell pipelined_mult.
Moving label "_00227_" from metal1 to via1 in cell pipelined_mult.
Moving label "_00234_" from metal2 to via1 in cell pipelined_mult.
Moving label "_00236_" from metal1 to via1 in cell pipelined_mult.
Moving label "_00255_" from metal1 to viali in cell pipelined_mult.
Moving label "_00286_" from metal1 to via1 in cell pipelined_mult.
Moving label "_00312_" from metal1 to via1 in cell pipelined_mult.
Moving label "_00321_" from metal1 to viali in cell pipelined_mult.
Moving label "_00331_" from metal1 to via1 in cell pipelined_mult.
Moving label "_00334_" from metal1 to via1 in cell pipelined_mult.
Moving label "_00338_" from metal1 to via1 in cell pipelined_mult.
Moving label "_00342_" from metal1 to via1 in cell pipelined_mult.
Moving label "_00347_" from metal1 to via1 in cell pipelined_mult.
Moving label "_00351_" from metal3 to via3 in cell pipelined_mult.
Moving label "_00357_" from metal1 to via1 in cell pipelined_mult.
Moving label "_00369_" from metal2 to via2 in cell pipelined_mult.
Moving label "_00370_" from metal1 to via1 in cell pipelined_mult.
Moving label "_00373_" from metal1 to via1 in cell pipelined_mult.
Moving label "_00385_" from metal1 to via1 in cell pipelined_mult.
Moving label "_00401_" from metal1 to via1 in cell pipelined_mult.
Moving label "_00419_" from metal2 to via2 in cell pipelined_mult.
Moving label "_00435_" from metal2 to via2 in cell pipelined_mult.
Moving label "_00469_" from metal2 to via1 in cell pipelined_mult.
Moving label "_00486_" from metal1 to via1 in cell pipelined_mult.
Moving label "_00511_" from metal2 to via1 in cell pipelined_mult.
Moving label "_00538_" from metal1 to via1 in cell pipelined_mult.
Moving label "_00545_" from metal1 to via1 in cell pipelined_mult.
Moving label "_00567_" from metal2 to via2 in cell pipelined_mult.
Moving label "_00694_" from metal2 to via2 in cell pipelined_mult.
Moving label "_00819_" from metal2 to via2 in cell pipelined_mult.
Moving label "_00847_" from metal1 to via1 in cell pipelined_mult.
Moving label "_00895_" from metal2 to via2 in cell pipelined_mult.
Moving label "_00897_" from metal2 to via2 in cell pipelined_mult.
Moving label "_00989_" from metal1 to via1 in cell pipelined_mult.
Moving label "_01008_" from metal1 to via1 in cell pipelined_mult.
Moving label "_01021_" from metal1 to via1 in cell pipelined_mult.
Moving label "_01099_" from metal1 to via1 in cell pipelined_mult.
Moving label "_01101_" from metal2 to via1 in cell pipelined_mult.
Moving label "_01121_" from metal2 to via2 in cell pipelined_mult.
Moving label "_01264_" from metal1 to viali in cell pipelined_mult.
Moving label "_01425_" from metal2 to via1 in cell pipelined_mult.
Moving label "_01440_" from metal2 to via1 in cell pipelined_mult.
Moving label "_01460_" from metal2 to via2 in cell pipelined_mult.
Moving label "_01488_" from metal1 to via1 in cell pipelined_mult.
Moving label "_01611_" from metal1 to viali in cell pipelined_mult.
Moving label "_01661_" from metal1 to viali in cell pipelined_mult.
Moving label "_01665_" from metal1 to viali in cell pipelined_mult.
Moving label "_01758_" from metal3 to via3 in cell pipelined_mult.
Moving label "_01774_" from metal1 to via1 in cell pipelined_mult.
Moving label "_01781_" from metal1 to via1 in cell pipelined_mult.
Moving label "_01820_" from metal1 to viali in cell pipelined_mult.
Moving label "_01855_" from metal2 to via2 in cell pipelined_mult.
Moving label "_01972_" from metal2 to via1 in cell pipelined_mult.
Moving label "_02081_" from metal1 to via1 in cell pipelined_mult.
Moving label "_02253_" from metal1 to viali in cell pipelined_mult.
Moving label "_02278_" from metal3 to via3 in cell pipelined_mult.
Moving label "_02288_" from metal2 to via1 in cell pipelined_mult.
Moving label "_02407_" from metal1 to via1 in cell pipelined_mult.
Moving label "_02483_" from metal2 to via2 in cell pipelined_mult.
Moving label "_02535_" from metal1 to via1 in cell pipelined_mult.
Moving label "_02607_" from metal2 to via1 in cell pipelined_mult.
Moving label "_02670_" from metal2 to via2 in cell pipelined_mult.
Moving label "_02671_" from metal3 to via3 in cell pipelined_mult.
Moving label "_02672_" from metal2 to via2 in cell pipelined_mult.
Moving label "_02676_" from metal1 to viali in cell pipelined_mult.
Moving label "_02688_" from metal1 to via1 in cell pipelined_mult.
Moving label "_02709_" from metal1 to viali in cell pipelined_mult.
Moving label "_02741_" from metal2 to via2 in cell pipelined_mult.
Moving label "_02755_" from metal2 to via2 in cell pipelined_mult.
Moving label "_02804_" from metal2 to via1 in cell pipelined_mult.
Moving label "_02910_" from metal1 to via1 in cell pipelined_mult.
Moving label "_03039_" from metal3 to via3 in cell pipelined_mult.
Moving label "_03069_" from metal2 to via1 in cell pipelined_mult.
Moving label "_03088_" from metal1 to via1 in cell pipelined_mult.
Moving label "_03106_" from metal1 to via1 in cell pipelined_mult.
Moving label "_03122_" from metal1 to viali in cell pipelined_mult.
Moving label "_03202_" from metal1 to via1 in cell pipelined_mult.
Moving label "_03263_" from metal2 to via2 in cell pipelined_mult.
Moving label "_03375_" from metal2 to via2 in cell pipelined_mult.
Moving label "_03489_" from metal2 to via2 in cell pipelined_mult.
Moving label "_03633_" from metal1 to viali in cell pipelined_mult.
Moving label "_03728_" from metal2 to via1 in cell pipelined_mult.
Moving label "_03741_" from metal1 to via1 in cell pipelined_mult.
Moving label "_03782_" from metal1 to via1 in cell pipelined_mult.
Moving label "_03789_" from metal2 to via1 in cell pipelined_mult.
Moving label "_03889_" from metal1 to via1 in cell pipelined_mult.
Moving label "_03911_" from metal1 to via1 in cell pipelined_mult.
Moving label "_03929_" from metal1 to via1 in cell pipelined_mult.
Moving label "_03945_" from metal2 to via1 in cell pipelined_mult.
Moving label "_03958_" from metal1 to via1 in cell pipelined_mult.
Moving label "_04107_" from metal1 to via1 in cell pipelined_mult.
Moving label "_04111_" from metal2 to via2 in cell pipelined_mult.
Moving label "_04133_" from metal2 to via2 in cell pipelined_mult.
Moving label "_04162_" from metal1 to via1 in cell pipelined_mult.
Moving label "_04260_" from metal2 to via2 in cell pipelined_mult.
Moving label "_04337_" from metal2 to via2 in cell pipelined_mult.
Moving label "_04340_" from metal1 to viali in cell pipelined_mult.
Moving label "_04348_" from metal1 to viali in cell pipelined_mult.
Moving label "_04381_" from metal2 to via1 in cell pipelined_mult.
Moving label "_04388_" from metal1 to via1 in cell pipelined_mult.
Moving label "_04414_" from metal2 to via2 in cell pipelined_mult.
Moving label "_04449_" from metal1 to viali in cell pipelined_mult.
Moving label "_04548_" from metal1 to via1 in cell pipelined_mult.
Moving label "_04610_" from metal1 to via1 in cell pipelined_mult.
Moving label "_04784_" from metal1 to viali in cell pipelined_mult.
Moving label "_04864_" from metal2 to via2 in cell pipelined_mult.
Moving label "_04878_" from metal1 to viali in cell pipelined_mult.
Moving label "_05007_" from metal1 to via1 in cell pipelined_mult.
Moving label "_05047_" from metal2 to via2 in cell pipelined_mult.
Moving label "_05105_" from metal2 to via2 in cell pipelined_mult.
Moving label "_05153_" from metal1 to via1 in cell pipelined_mult.
Moving label "_05256_" from metal1 to via1 in cell pipelined_mult.
Moving label "_05264_" from metal1 to via1 in cell pipelined_mult.
Moving label "_05290_" from metal2 to via2 in cell pipelined_mult.
Moving label "_05469_" from metal1 to via1 in cell pipelined_mult.
Moving label "_05641_" from metal1 to via1 in cell pipelined_mult.
Moving label "_05649_" from metal2 to via2 in cell pipelined_mult.
Moving label "_05730_" from metal2 to via1 in cell pipelined_mult.
Moving label "_05885_" from metal3 to via3 in cell pipelined_mult.
Moving label "_05888_" from metal2 to via2 in cell pipelined_mult.
Moving label "_05919_" from metal2 to via2 in cell pipelined_mult.
Moving label "_05942_" from metal2 to via1 in cell pipelined_mult.
Moving label "_05947_" from metal2 to via1 in cell pipelined_mult.
Moving label "_05981_" from metal2 to via1 in cell pipelined_mult.
Moving label "_05992_" from metal2 to via2 in cell pipelined_mult.
Moving label "_06042_" from metal1 to viali in cell pipelined_mult.
Moving label "_06101_" from metal2 to via1 in cell pipelined_mult.
Moving label "_06105_" from metal2 to via2 in cell pipelined_mult.
Moving label "_06162_" from metal1 to via1 in cell pipelined_mult.
Moving label "_06238_" from metal2 to via1 in cell pipelined_mult.
Moving label "_06310_" from metal1 to via1 in cell pipelined_mult.
Moving label "_06378_" from metal1 to via1 in cell pipelined_mult.
Moving label "_06429_" from metal1 to via1 in cell pipelined_mult.
Moving label "_06431_" from metal1 to viali in cell pipelined_mult.
Moving label "_06441_" from metal2 to via2 in cell pipelined_mult.
Moving label "_06455_" from metal2 to via1 in cell pipelined_mult.
Moving label "_06480_" from metal3 to via3 in cell pipelined_mult.
Moving label "_06503_" from metal1 to viali in cell pipelined_mult.
Moving label "_06537_" from metal2 to via2 in cell pipelined_mult.
Moving label "_06752_" from metal1 to via1 in cell pipelined_mult.
Moving label "_06769_" from metal2 to via1 in cell pipelined_mult.
Moving label "_06874_" from metal2 to via1 in cell pipelined_mult.
Moving label "_06978_" from metal1 to viali in cell pipelined_mult.
Moving label "_07047_" from metal2 to via2 in cell pipelined_mult.
Moving label "_07053_" from metal1 to via1 in cell pipelined_mult.
Moving label "_07058_" from metal1 to via1 in cell pipelined_mult.
Moving label "_07067_" from metal1 to viali in cell pipelined_mult.
Moving label "_07127_" from metal3 to via3 in cell pipelined_mult.
Moving label "_07143_" from metal1 to viali in cell pipelined_mult.
Moving label "_07174_" from metal2 to via1 in cell pipelined_mult.
Moving label "_07257_" from metal3 to via3 in cell pipelined_mult.
Moving label "_07294_" from metal2 to via1 in cell pipelined_mult.
Moving label "_07331_" from metal1 to viali in cell pipelined_mult.
Moving label "_07423_" from metal1 to via1 in cell pipelined_mult.
Moving label "_07435_" from metal1 to viali in cell pipelined_mult.
Moving label "_07471_" from metal2 to via1 in cell pipelined_mult.
Moving label "_07489_" from metal1 to via1 in cell pipelined_mult.
Moving label "_07553_" from metal2 to via1 in cell pipelined_mult.
Moving label "_07746_" from metal2 to via1 in cell pipelined_mult.
Moving label "_07812_" from metal1 to viali in cell pipelined_mult.
Moving label "_07884_" from metal1 to via1 in cell pipelined_mult.
Moving label "_07921_" from metal1 to via1 in cell pipelined_mult.
Moving label "_07925_" from metal2 to via2 in cell pipelined_mult.
Moving label "_07940_" from metal1 to via1 in cell pipelined_mult.
Moving label "_07965_" from metal1 to via1 in cell pipelined_mult.
Moving label "_08000_" from metal2 to via2 in cell pipelined_mult.
Moving label "_08167_" from metal2 to via2 in cell pipelined_mult.
Moving label "_08192_" from metal2 to via1 in cell pipelined_mult.
Moving label "_08219_" from metal1 to via1 in cell pipelined_mult.
Moving label "_08268_" from metal2 to via2 in cell pipelined_mult.
Moving label "_08271_" from metal1 to via1 in cell pipelined_mult.
Moving label "_08353_" from metal2 to via1 in cell pipelined_mult.
Moving label "_08367_" from metal2 to via1 in cell pipelined_mult.
Moving label "_08519_" from metal2 to via2 in cell pipelined_mult.
Moving label "_08526_" from metal2 to via2 in cell pipelined_mult.
Moving label "_08648_" from metal1 to via1 in cell pipelined_mult.
Moving label "_08841_" from metal2 to via2 in cell pipelined_mult.
Moving label "_08850_" from metal2 to via2 in cell pipelined_mult.
Moving label "_08961_" from metal2 to via1 in cell pipelined_mult.
Moving label "_08979_" from metal2 to via2 in cell pipelined_mult.
Moving label "_09048_" from metal2 to via2 in cell pipelined_mult.
Moving label "_09065_" from metal2 to via1 in cell pipelined_mult.
Moving label "_09137_" from metal2 to via1 in cell pipelined_mult.
Moving label "_09177_" from metal2 to via2 in cell pipelined_mult.
Moving label "_09241_" from metal1 to viali in cell pipelined_mult.
Moving label "_09253_" from metal2 to via2 in cell pipelined_mult.
Moving label "_09338_" from metal1 to via1 in cell pipelined_mult.
Moving label "_09340_" from metal2 to via2 in cell pipelined_mult.
Moving label "_09351_" from metal2 to via2 in cell pipelined_mult.
Moving label "_09398_" from metal2 to via1 in cell pipelined_mult.
Moving label "_09433_" from metal1 to via1 in cell pipelined_mult.
Moving label "_09449_" from metal3 to via3 in cell pipelined_mult.
Moving label "_09462_" from metal1 to via1 in cell pipelined_mult.
Moving label "_09595_" from metal1 to viali in cell pipelined_mult.
Moving label "_09602_" from metal2 to via2 in cell pipelined_mult.
Moving label "_09613_" from metal2 to via2 in cell pipelined_mult.
Moving label "_09635_" from metal2 to via2 in cell pipelined_mult.
Moving label "_09723_" from metal1 to viali in cell pipelined_mult.
Moving label "_09734_" from metal1 to via1 in cell pipelined_mult.
Moving label "_09824_" from metal1 to via1 in cell pipelined_mult.
Moving label "_09845_" from metal2 to via1 in cell pipelined_mult.
Moving label "_09849_" from metal2 to via1 in cell pipelined_mult.
Moving label "_09900_" from metal2 to via2 in cell pipelined_mult.
Moving label "_09982_" from metal1 to via1 in cell pipelined_mult.
Moving label "_10005_" from metal1 to via1 in cell pipelined_mult.
Moving label "_10113_" from metal2 to via2 in cell pipelined_mult.
Moving label "_10128_" from metal1 to via1 in cell pipelined_mult.
Moving label "_10153_" from metal1 to via1 in cell pipelined_mult.
Moving label "a_h\[15\]" from metal2 to via2 in cell pipelined_mult.
Moving label "b_l\[0\]" from metal3 to via3 in cell pipelined_mult.
Moving label "b_l\[1\]" from metal3 to via3 in cell pipelined_mult.
Moving label "b_l\[8\]" from metal2 to via2 in cell pipelined_mult.
Moving label "clknet_3_1_0_clk" from metal2 to via2 in cell pipelined_mult.
Moving label "clknet_leaf_32_clk" from metal2 to via2 in cell pipelined_mult.
Moving label "net1035" from metal2 to via2 in cell pipelined_mult.
Moving label "net1092" from metal2 to via2 in cell pipelined_mult.
Moving label "net1153" from metal2 to via2 in cell pipelined_mult.
Moving label "net1158" from metal2 to via2 in cell pipelined_mult.
Moving label "net1165" from metal2 to via2 in cell pipelined_mult.
Moving label "net1203" from metal2 to via2 in cell pipelined_mult.
Moving label "net133" from metal3 to via3 in cell pipelined_mult.
Moving label "net1404" from metal2 to via2 in cell pipelined_mult.
Moving label "net1405" from metal1 to via1 in cell pipelined_mult.
Moving label "net1406" from metal2 to via2 in cell pipelined_mult.
Moving label "net1411" from metal2 to via2 in cell pipelined_mult.
Moving label "net207" from metal1 to via1 in cell pipelined_mult.
Moving label "net23" from metal2 to via2 in cell pipelined_mult.
Moving label "net295" from metal2 to via1 in cell pipelined_mult.
Moving label "net3" from metal2 to via2 in cell pipelined_mult.
Moving label "net321" from metal1 to via1 in cell pipelined_mult.
Moving label "net4" from metal2 to via2 in cell pipelined_mult.
Moving label "net411" from metal1 to via1 in cell pipelined_mult.
Moving label "net424" from metal2 to via2 in cell pipelined_mult.
Moving label "net432" from metal2 to via1 in cell pipelined_mult.
Moving label "net474" from metal2 to via2 in cell pipelined_mult.
Moving label "net478" from metal2 to via2 in cell pipelined_mult.
Moving label "net498" from metal2 to via1 in cell pipelined_mult.
Moving label "net50" from metal3 to via3 in cell pipelined_mult.
Moving label "net51" from metal2 to via2 in cell pipelined_mult.
Moving label "net511" from metal2 to via2 in cell pipelined_mult.
Moving label "net533" from metal2 to via2 in cell pipelined_mult.
Moving label "net538" from metal2 to via2 in cell pipelined_mult.
Moving label "net6" from metal2 to via2 in cell pipelined_mult.
Moving label "net648" from metal2 to via2 in cell pipelined_mult.
Moving label "net658" from metal2 to via2 in cell pipelined_mult.
Moving label "net693" from metal2 to via2 in cell pipelined_mult.
Moving label "net705" from metal2 to via2 in cell pipelined_mult.
Moving label "net764" from metal2 to via2 in cell pipelined_mult.
Moving label "net773" from metal2 to via2 in cell pipelined_mult.
Moving label "net778" from metal2 to via2 in cell pipelined_mult.
Moving label "net779" from metal2 to via2 in cell pipelined_mult.
Moving label "net790" from metal2 to via1 in cell pipelined_mult.
Moving label "net807" from metal2 to via2 in cell pipelined_mult.
Moving label "net819" from metal1 to via1 in cell pipelined_mult.
Moving label "net856" from metal1 to viali in cell pipelined_mult.
Moving label "net903" from metal1 to viali in cell pipelined_mult.
Moving label "net962" from metal2 to via2 in cell pipelined_mult.
Moving label "p[10]" from metal2 to via2 in cell pipelined_mult.
Moving label "p[12]" from metal2 to via2 in cell pipelined_mult.
Moving label "p[14]" from metal2 to via2 in cell pipelined_mult.
Moving label "p[16]" from metal2 to via2 in cell pipelined_mult.
Moving label "p[20]" from metal2 to via2 in cell pipelined_mult.
Moving label "p[26]" from metal2 to via2 in cell pipelined_mult.
Moving label "p[28]" from metal2 to via2 in cell pipelined_mult.
Moving label "p[30]" from metal2 to via2 in cell pipelined_mult.
Moving label "p[4]" from metal2 to via2 in cell pipelined_mult.
Moving label "p[6]" from metal2 to via2 in cell pipelined_mult.
Moving label "p[8]" from metal2 to via2 in cell pipelined_mult.
Moving label "p_hl\[11\]" from metal2 to via2 in cell pipelined_mult.
Moving label "p_hl\[12\]" from metal2 to via2 in cell pipelined_mult.
Moving label "p_hl\[14\]" from metal2 to via2 in cell pipelined_mult.
Moving label "p_hl\[18\]" from metal2 to via2 in cell pipelined_mult.
Moving label "p_hl\[19\]" from metal2 to via2 in cell pipelined_mult.
Moving label "p_hl\[1\]" from metal2 to via2 in cell pipelined_mult.
Moving label "p_hl\[26\]" from metal2 to via2 in cell pipelined_mult.
Moving label "p_hl\[28\]" from metal2 to via2 in cell pipelined_mult.
Moving label "p_hl\[30\]" from metal2 to via2 in cell pipelined_mult.
Moving label "p_hl\[31\]" from metal2 to via2 in cell pipelined_mult.
Moving label "p_hl\[3\]" from metal2 to via2 in cell pipelined_mult.
Moving label "p_lh\[13\]" from metal2 to via2 in cell pipelined_mult.
Moving label "p_lh\[29\]" from metal2 to via2 in cell pipelined_mult.
Moving label "term_low\[24\]" from metal2 to via2 in cell pipelined_mult.
Processing pipelined_mult
Extracting sky130_fd_sc_hd__fill_1 into sky130_fd_sc_hd__fill_1.ext:
Extracting sky130_fd_sc_hd__decap_8 into sky130_fd_sc_hd__decap_8.ext:
Extracting sky130_ef_sc_hd__decap_12 into sky130_ef_sc_hd__decap_12.ext:
Extracting sky130_fd_sc_hd__decap_3 into sky130_fd_sc_hd__decap_3.ext:
Extracting sky130_fd_sc_hd__clkbuf_2 into sky130_fd_sc_hd__clkbuf_2.ext:
Extracting sky130_fd_sc_hd__tapvpwrvgnd_1 into sky130_fd_sc_hd__tapvpwrvgnd_1.ext:
Extracting sky130_fd_sc_hd__decap_4 into sky130_fd_sc_hd__decap_4.ext:
Extracting sky130_fd_sc_hd__dlymetal6s2s_1 into sky130_fd_sc_hd__dlymetal6s2s_1.ext:
Extracting sky130_fd_sc_hd__buf_2 into sky130_fd_sc_hd__buf_2.ext:
Extracting sky130_fd_sc_hd__fill_2 into sky130_fd_sc_hd__fill_2.ext:
Extracting sky130_fd_sc_hd__decap_6 into sky130_fd_sc_hd__decap_6.ext:
Extracting sky130_fd_sc_hd__buf_1 into sky130_fd_sc_hd__buf_1.ext:
Extracting sky130_fd_sc_hd__buf_12 into sky130_fd_sc_hd__buf_12.ext:
Extracting sky130_fd_sc_hd__diode_2 into sky130_fd_sc_hd__diode_2.ext:
Extracting sky130_fd_sc_hd__and2_1 into sky130_fd_sc_hd__and2_1.ext:
Extracting sky130_fd_sc_hd__dfxtp_4 into sky130_fd_sc_hd__dfxtp_4.ext:
Extracting sky130_fd_sc_hd__inv_4 into sky130_fd_sc_hd__inv_4.ext:
Extracting sky130_fd_sc_hd__clkbuf_8 into sky130_fd_sc_hd__clkbuf_8.ext:
Extracting sky130_fd_sc_hd__dfxtp_2 into sky130_fd_sc_hd__dfxtp_2.ext:
Extracting sky130_fd_sc_hd__nand3_1 into sky130_fd_sc_hd__nand3_1.ext:
Extracting sky130_fd_sc_hd__nand2_1 into sky130_fd_sc_hd__nand2_1.ext:
Extracting sky130_fd_sc_hd__clkinv_2 into sky130_fd_sc_hd__clkinv_2.ext:
Extracting sky130_fd_sc_hd__nand2_2 into sky130_fd_sc_hd__nand2_2.ext:
Extracting sky130_fd_sc_hd__dlygate4sd1_1 into sky130_fd_sc_hd__dlygate4sd1_1.ext:
Extracting sky130_fd_sc_hd__dlygate4sd3_1 into sky130_fd_sc_hd__dlygate4sd3_1.ext:
Extracting sky130_fd_sc_hd__nand4_2 into sky130_fd_sc_hd__nand4_2.ext:
Extracting sky130_fd_sc_hd__a22oi_4 into sky130_fd_sc_hd__a22oi_4.ext:
Extracting sky130_fd_sc_hd__o2bb2ai_1 into sky130_fd_sc_hd__o2bb2ai_1.ext:
Extracting sky130_fd_sc_hd__nand2_4 into sky130_fd_sc_hd__nand2_4.ext:
Extracting sky130_fd_sc_hd__a22oi_2 into sky130_fd_sc_hd__a22oi_2.ext:
Extracting sky130_fd_sc_hd__nand4_4 into sky130_fd_sc_hd__nand4_4.ext:
Extracting sky130_fd_sc_hd__o2111ai_4 into sky130_fd_sc_hd__o2111ai_4.ext:
Extracting sky130_fd_sc_hd__nand4_1 into sky130_fd_sc_hd__nand4_1.ext:
Extracting sky130_fd_sc_hd__inv_8 into sky130_fd_sc_hd__inv_8.ext:
Extracting sky130_fd_sc_hd__clkinv_8 into sky130_fd_sc_hd__clkinv_8.ext:
Extracting sky130_fd_sc_hd__inv_16 into sky130_fd_sc_hd__inv_16.ext:
Extracting sky130_fd_sc_hd__buf_8 into sky130_fd_sc_hd__buf_8.ext:
Extracting sky130_fd_sc_hd__a22o_1 into sky130_fd_sc_hd__a22o_1.ext:
Extracting sky130_fd_sc_hd__a41o_1 into sky130_fd_sc_hd__a41o_1.ext:
Extracting sky130_fd_sc_hd__o211ai_4 into sky130_fd_sc_hd__o211ai_4.ext:
Extracting sky130_fd_sc_hd__buf_6 into sky130_fd_sc_hd__buf_6.ext:
Extracting sky130_fd_sc_hd__o22ai_1 into sky130_fd_sc_hd__o22ai_1.ext:
Extracting sky130_fd_sc_hd__nand3_2 into sky130_fd_sc_hd__nand3_2.ext:
Extracting sky130_fd_sc_hd__o221ai_2 into sky130_fd_sc_hd__o221ai_2.ext:
Extracting sky130_fd_sc_hd__o211ai_1 into sky130_fd_sc_hd__o211ai_1.ext:
Extracting sky130_fd_sc_hd__o22a_1 into sky130_fd_sc_hd__o22a_1.ext:
Extracting sky130_fd_sc_hd__o21ai_2 into sky130_fd_sc_hd__o21ai_2.ext:
Extracting sky130_fd_sc_hd__o211a_1 into sky130_fd_sc_hd__o211a_1.ext:
Extracting sky130_fd_sc_hd__o2bb2ai_2 into sky130_fd_sc_hd__o2bb2ai_2.ext:
Extracting sky130_fd_sc_hd__o2bb2ai_4 into sky130_fd_sc_hd__o2bb2ai_4.ext:
Extracting sky130_fd_sc_hd__o21a_1 into sky130_fd_sc_hd__o21a_1.ext:
Extracting sky130_fd_sc_hd__o21ai_1 into sky130_fd_sc_hd__o21ai_1.ext:
Extracting sky130_fd_sc_hd__and3_1 into sky130_fd_sc_hd__and3_1.ext:
Extracting sky130_fd_sc_hd__a21o_1 into sky130_fd_sc_hd__a21o_1.ext:
Extracting sky130_fd_sc_hd__nand3_4 into sky130_fd_sc_hd__nand3_4.ext:
Extracting sky130_fd_sc_hd__clkinv_16 into sky130_fd_sc_hd__clkinv_16.ext:
Extracting sky130_fd_sc_hd__clkbuf_1 into sky130_fd_sc_hd__clkbuf_1.ext:
Extracting sky130_fd_sc_hd__a21bo_1 into sky130_fd_sc_hd__a21bo_1.ext:
Extracting sky130_fd_sc_hd__a22oi_1 into sky130_fd_sc_hd__a22oi_1.ext:
Extracting sky130_fd_sc_hd__inv_2 into sky130_fd_sc_hd__inv_2.ext:
Extracting sky130_fd_sc_hd__a21oi_2 into sky130_fd_sc_hd__a21oi_2.ext:
Extracting sky130_fd_sc_hd__o211ai_2 into sky130_fd_sc_hd__o211ai_2.ext:
Extracting sky130_fd_sc_hd__dlymetal6s4s_1 into sky130_fd_sc_hd__dlymetal6s4s_1.ext:
Extracting sky130_fd_sc_hd__or2_1 into sky130_fd_sc_hd__or2_1.ext:
Extracting sky130_fd_sc_hd__dfxtp_1 into sky130_fd_sc_hd__dfxtp_1.ext:
Extracting sky130_fd_sc_hd__and4_1 into sky130_fd_sc_hd__and4_1.ext:
Extracting sky130_fd_sc_hd__a311oi_1 into sky130_fd_sc_hd__a311oi_1.ext:
Extracting sky130_fd_sc_hd__o22ai_2 into sky130_fd_sc_hd__o22ai_2.ext:
Extracting sky130_fd_sc_hd__clkbuf_16 into sky130_fd_sc_hd__clkbuf_16.ext:
Extracting sky130_fd_sc_hd__o2bb2a_1 into sky130_fd_sc_hd__o2bb2a_1.ext:
Extracting sky130_fd_sc_hd__and2b_1 into sky130_fd_sc_hd__and2b_1.ext:
Extracting sky130_fd_sc_hd__o311a_1 into sky130_fd_sc_hd__o311a_1.ext:
Extracting sky130_fd_sc_hd__inv_6 into sky130_fd_sc_hd__inv_6.ext:
Extracting sky130_fd_sc_hd__inv_12 into sky130_fd_sc_hd__inv_12.ext:
Extracting sky130_fd_sc_hd__o221ai_1 into sky130_fd_sc_hd__o221ai_1.ext:
Extracting sky130_fd_sc_hd__nor2_1 into sky130_fd_sc_hd__nor2_1.ext:
Extracting sky130_fd_sc_hd__a211o_1 into sky130_fd_sc_hd__a211o_1.ext:
Extracting sky130_fd_sc_hd__o221ai_4 into sky130_fd_sc_hd__o221ai_4.ext:
Extracting sky130_fd_sc_hd__o21ai_4 into sky130_fd_sc_hd__o21ai_4.ext:
Extracting sky130_fd_sc_hd__a21oi_1 into sky130_fd_sc_hd__a21oi_1.ext:
Extracting sky130_fd_sc_hd__a21boi_1 into sky130_fd_sc_hd__a21boi_1.ext:
Extracting sky130_fd_sc_hd__nand3b_2 into sky130_fd_sc_hd__nand3b_2.ext:
Extracting sky130_fd_sc_hd__and4_2 into sky130_fd_sc_hd__and4_2.ext:
Extracting sky130_fd_sc_hd__nand3b_4 into sky130_fd_sc_hd__nand3b_4.ext:
Extracting sky130_fd_sc_hd__o2111ai_2 into sky130_fd_sc_hd__o2111ai_2.ext:
Extracting sky130_fd_sc_hd__a31oi_4 into sky130_fd_sc_hd__a31oi_4.ext:
Extracting sky130_fd_sc_hd__o2111ai_1 into sky130_fd_sc_hd__o2111ai_1.ext:
Extracting sky130_fd_sc_hd__and3_2 into sky130_fd_sc_hd__and3_2.ext:
Extracting sky130_fd_sc_hd__a31o_1 into sky130_fd_sc_hd__a31o_1.ext:
Extracting sky130_fd_sc_hd__nor3_2 into sky130_fd_sc_hd__nor3_2.ext:
Extracting sky130_fd_sc_hd__o22ai_4 into sky130_fd_sc_hd__o22ai_4.ext:
Extracting sky130_fd_sc_hd__o31ai_1 into sky130_fd_sc_hd__o31ai_1.ext:
Extracting sky130_fd_sc_hd__o31a_1 into sky130_fd_sc_hd__o31a_1.ext:
Extracting sky130_fd_sc_hd__a2bb2oi_1 into sky130_fd_sc_hd__a2bb2oi_1.ext:
Extracting sky130_fd_sc_hd__o2111a_1 into sky130_fd_sc_hd__o2111a_1.ext:
Extracting sky130_fd_sc_hd__o21bai_1 into sky130_fd_sc_hd__o21bai_1.ext:
Extracting sky130_fd_sc_hd__a32o_2 into sky130_fd_sc_hd__a32o_2.ext:
Extracting sky130_fd_sc_hd__xnor2_1 into sky130_fd_sc_hd__xnor2_1.ext:
Extracting sky130_fd_sc_hd__a31oi_2 into sky130_fd_sc_hd__a31oi_2.ext:
Extracting sky130_fd_sc_hd__o21ba_1 into sky130_fd_sc_hd__o21ba_1.ext:
Extracting sky130_fd_sc_hd__and4b_1 into sky130_fd_sc_hd__and4b_1.ext:
Extracting sky130_fd_sc_hd__a2bb2o_1 into sky130_fd_sc_hd__a2bb2o_1.ext:
Extracting sky130_fd_sc_hd__o221a_1 into sky130_fd_sc_hd__o221a_1.ext:
Extracting sky130_fd_sc_hd__a32o_1 into sky130_fd_sc_hd__a32o_1.ext:
Extracting sky130_fd_sc_hd__nand2_8 into sky130_fd_sc_hd__nand2_8.ext:
Extracting sky130_fd_sc_hd__o31ai_2 into sky130_fd_sc_hd__o31ai_2.ext:
Extracting sky130_fd_sc_hd__a2bb2o_4 into sky130_fd_sc_hd__a2bb2o_4.ext:
Extracting sky130_fd_sc_hd__and4bb_1 into sky130_fd_sc_hd__and4bb_1.ext:
Extracting sky130_fd_sc_hd__or3_1 into sky130_fd_sc_hd__or3_1.ext:
Extracting sky130_fd_sc_hd__a22o_4 into sky130_fd_sc_hd__a22o_4.ext:
Extracting sky130_fd_sc_hd__and4_4 into sky130_fd_sc_hd__and4_4.ext:
Extracting sky130_fd_sc_hd__a31oi_1 into sky130_fd_sc_hd__a31oi_1.ext:
Extracting sky130_fd_sc_hd__clkinv_4 into sky130_fd_sc_hd__clkinv_4.ext:
Extracting sky130_fd_sc_hd__buf_4 into sky130_fd_sc_hd__buf_4.ext:
Extracting sky130_fd_sc_hd__a32oi_2 into sky130_fd_sc_hd__a32oi_2.ext:
Extracting sky130_fd_sc_hd__a32oi_4 into sky130_fd_sc_hd__a32oi_4.ext:
Extracting sky130_fd_sc_hd__o32a_1 into sky130_fd_sc_hd__o32a_1.ext:
Extracting sky130_fd_sc_hd__and3b_1 into sky130_fd_sc_hd__and3b_1.ext:
Extracting sky130_fd_sc_hd__nor4_1 into sky130_fd_sc_hd__nor4_1.ext:
Extracting sky130_fd_sc_hd__a21oi_4 into sky130_fd_sc_hd__a21oi_4.ext:
Extracting sky130_fd_sc_hd__a21boi_2 into sky130_fd_sc_hd__a21boi_2.ext:
Extracting sky130_fd_sc_hd__a2bb2oi_2 into sky130_fd_sc_hd__a2bb2oi_2.ext:
Extracting sky130_fd_sc_hd__a22o_2 into sky130_fd_sc_hd__a22o_2.ext:
Extracting sky130_fd_sc_hd__o311ai_4 into sky130_fd_sc_hd__o311ai_4.ext:
Extracting sky130_fd_sc_hd__nor3b_1 into sky130_fd_sc_hd__nor3b_1.ext:
Extracting sky130_fd_sc_hd__a211oi_1 into sky130_fd_sc_hd__a211oi_1.ext:
Extracting sky130_fd_sc_hd__a221oi_1 into sky130_fd_sc_hd__a221oi_1.ext:
Extracting sky130_fd_sc_hd__a21boi_4 into sky130_fd_sc_hd__a21boi_4.ext:
Extracting sky130_fd_sc_hd__a221o_1 into sky130_fd_sc_hd__a221o_1.ext:
Extracting sky130_fd_sc_hd__nand3b_1 into sky130_fd_sc_hd__nand3b_1.ext:
Extracting sky130_fd_sc_hd__and2_4 into sky130_fd_sc_hd__and2_4.ext:
Extracting sky130_fd_sc_hd__o32ai_2 into sky130_fd_sc_hd__o32ai_2.ext:
Extracting sky130_fd_sc_hd__nand2b_1 into sky130_fd_sc_hd__nand2b_1.ext:
Extracting sky130_fd_sc_hd__nor3_1 into sky130_fd_sc_hd__nor3_1.ext:
Extracting sky130_fd_sc_hd__a41oi_1 into sky130_fd_sc_hd__a41oi_1.ext:
Extracting sky130_fd_sc_hd__nor2_2 into sky130_fd_sc_hd__nor2_2.ext:
Extracting sky130_fd_sc_hd__clkbuf_4 into sky130_fd_sc_hd__clkbuf_4.ext:
Extracting sky130_fd_sc_hd__xor2_1 into sky130_fd_sc_hd__xor2_1.ext:
Extracting sky130_fd_sc_hd__a21bo_2 into sky130_fd_sc_hd__a21bo_2.ext:
Extracting sky130_fd_sc_hd__o211a_4 into sky130_fd_sc_hd__o211a_4.ext:
Extracting sky130_fd_sc_hd__o22a_2 into sky130_fd_sc_hd__o22a_2.ext:
Extracting sky130_fd_sc_hd__or4b_1 into sky130_fd_sc_hd__or4b_1.ext:
Extracting sky130_fd_sc_hd__a31o_2 into sky130_fd_sc_hd__a31o_2.ext:
Extracting sky130_fd_sc_hd__a2bb2oi_4 into sky130_fd_sc_hd__a2bb2oi_4.ext:
Extracting sky130_fd_sc_hd__a2bb2o_2 into sky130_fd_sc_hd__a2bb2o_2.ext:
Extracting sky130_fd_sc_hd__o21bai_4 into sky130_fd_sc_hd__o21bai_4.ext:
Extracting sky130_fd_sc_hd__a21o_4 into sky130_fd_sc_hd__a21o_4.ext:
Extracting sky130_fd_sc_hd__nor2_4 into sky130_fd_sc_hd__nor2_4.ext:
Extracting sky130_fd_sc_hd__o21a_4 into sky130_fd_sc_hd__o21a_4.ext:
Extracting sky130_fd_sc_hd__a211o_4 into sky130_fd_sc_hd__a211o_4.ext:
Extracting sky130_fd_sc_hd__or4b_2 into sky130_fd_sc_hd__or4b_2.ext:
Extracting sky130_fd_sc_hd__or4_1 into sky130_fd_sc_hd__or4_1.ext:
Extracting sky130_fd_sc_hd__xor2_2 into sky130_fd_sc_hd__xor2_2.ext:
Extracting sky130_fd_sc_hd__clkinvlp_4 into sky130_fd_sc_hd__clkinvlp_4.ext:
Extracting sky130_fd_sc_hd__or3b_4 into sky130_fd_sc_hd__or3b_4.ext:
Extracting sky130_fd_sc_hd__nand4b_1 into sky130_fd_sc_hd__nand4b_1.ext:
Extracting sky130_fd_sc_hd__bufinv_16 into sky130_fd_sc_hd__bufinv_16.ext:
Extracting sky130_fd_sc_hd__a211oi_4 into sky130_fd_sc_hd__a211oi_4.ext:
Extracting sky130_fd_sc_hd__o41a_1 into sky130_fd_sc_hd__o41a_1.ext:
Extracting sky130_fd_sc_hd__and3_4 into sky130_fd_sc_hd__and3_4.ext:
Extracting sky130_fd_sc_hd__and2_2 into sky130_fd_sc_hd__and2_2.ext:
Extracting sky130_fd_sc_hd__o2111a_2 into sky130_fd_sc_hd__o2111a_2.ext:
Extracting sky130_fd_sc_hd__a311o_1 into sky130_fd_sc_hd__a311o_1.ext:
Extracting sky130_fd_sc_hd__a2111oi_1 into sky130_fd_sc_hd__a2111oi_1.ext:
Extracting sky130_fd_sc_hd__o32a_2 into sky130_fd_sc_hd__o32a_2.ext:
Extracting sky130_fd_sc_hd__o211a_2 into sky130_fd_sc_hd__o211a_2.ext:
Extracting sky130_fd_sc_hd__nor4b_4 into sky130_fd_sc_hd__nor4b_4.ext:
Extracting sky130_fd_sc_hd__nor3b_2 into sky130_fd_sc_hd__nor3b_2.ext:
Extracting sky130_fd_sc_hd__o221a_2 into sky130_fd_sc_hd__o221a_2.ext:
Extracting sky130_fd_sc_hd__clkinv_1 into sky130_fd_sc_hd__clkinv_1.ext:
Extracting sky130_fd_sc_hd__a32oi_1 into sky130_fd_sc_hd__a32oi_1.ext:
Extracting sky130_fd_sc_hd__o21bai_2 into sky130_fd_sc_hd__o21bai_2.ext:
Extracting sky130_fd_sc_hd__o31a_2 into sky130_fd_sc_hd__o31a_2.ext:
Extracting sky130_fd_sc_hd__or4bb_4 into sky130_fd_sc_hd__or4bb_4.ext:
Extracting sky130_fd_sc_hd__nor2_8 into sky130_fd_sc_hd__nor2_8.ext:
Extracting sky130_fd_sc_hd__nand4b_2 into sky130_fd_sc_hd__nand4b_2.ext:
Extracting sky130_fd_sc_hd__or4bb_1 into sky130_fd_sc_hd__or4bb_1.ext:
Extracting sky130_fd_sc_hd__o2bb2a_4 into sky130_fd_sc_hd__o2bb2a_4.ext:
Extracting sky130_fd_sc_hd__or3b_1 into sky130_fd_sc_hd__or3b_1.ext:
Extracting sky130_fd_sc_hd__o21a_2 into sky130_fd_sc_hd__o21a_2.ext:
Extracting sky130_fd_sc_hd__or2_2 into sky130_fd_sc_hd__or2_2.ext:
Extracting sky130_fd_sc_hd__a41o_2 into sky130_fd_sc_hd__a41o_2.ext:
Extracting sky130_fd_sc_hd__a311oi_2 into sky130_fd_sc_hd__a311oi_2.ext:
Extracting sky130_fd_sc_hd__or3_4 into sky130_fd_sc_hd__or3_4.ext:
Extracting sky130_fd_sc_hd__nor4b_1 into sky130_fd_sc_hd__nor4b_1.ext:
Extracting sky130_fd_sc_hd__xnor2_2 into sky130_fd_sc_hd__xnor2_2.ext:
Extracting sky130_fd_sc_hd__mux2_1 into sky130_fd_sc_hd__mux2_1.ext:
Extracting sky130_fd_sc_hd__a41oi_2 into sky130_fd_sc_hd__a41oi_2.ext:
Extracting sky130_fd_sc_hd__a221oi_2 into sky130_fd_sc_hd__a221oi_2.ext:
Extracting sky130_fd_sc_hd__a41oi_4 into sky130_fd_sc_hd__a41oi_4.ext:
Extracting sky130_fd_sc_hd__o22a_4 into sky130_fd_sc_hd__o22a_4.ext:
Extracting sky130_fd_sc_hd__a21o_2 into sky130_fd_sc_hd__a21o_2.ext:
Extracting sky130_fd_sc_hd__or3b_2 into sky130_fd_sc_hd__or3b_2.ext:
Extracting sky130_fd_sc_hd__o311a_4 into sky130_fd_sc_hd__o311a_4.ext:
Extracting sky130_fd_sc_hd__a211oi_2 into sky130_fd_sc_hd__a211oi_2.ext:
Extracting sky130_fd_sc_hd__a2111oi_4 into sky130_fd_sc_hd__a2111oi_4.ext:
Extracting sky130_fd_sc_hd__or4_2 into sky130_fd_sc_hd__or4_2.ext:
Extracting sky130_fd_sc_hd__nor3_4 into sky130_fd_sc_hd__nor3_4.ext:
Extracting sky130_fd_sc_hd__o2bb2a_2 into sky130_fd_sc_hd__o2bb2a_2.ext:
Extracting sky130_fd_sc_hd__nand4b_4 into sky130_fd_sc_hd__nand4b_4.ext:
Extracting sky130_fd_sc_hd__o32ai_1 into sky130_fd_sc_hd__o32ai_1.ext:
Extracting sky130_fd_sc_hd__and4b_2 into sky130_fd_sc_hd__and4b_2.ext:
Extracting sky130_fd_sc_hd__nor4_4 into sky130_fd_sc_hd__nor4_4.ext:
Extracting sky130_fd_sc_hd__o311ai_1 into sky130_fd_sc_hd__o311ai_1.ext:
Extracting sky130_fd_sc_hd__o31ai_4 into sky130_fd_sc_hd__o31ai_4.ext:
Extracting sky130_fd_sc_hd__and2b_2 into sky130_fd_sc_hd__and2b_2.ext:
Extracting sky130_fd_sc_hd__o41a_2 into sky130_fd_sc_hd__o41a_2.ext:
Extracting sky130_fd_sc_hd__a2111o_1 into sky130_fd_sc_hd__a2111o_1.ext:
Extracting pipelined_mult into pipelined_mult.ext:
exttospice finished.
Using technology "sky130A", version 1.0.493-0-g0fe599b
