if {[file exists ~/openlane2/my_script/script_matt.tcl]} {
    source ~/openlane2/my_script/script_matt.tcl
}
Reading technology LEF file at '/home/hien/.volare/volare/sky130/versions/0fe599b2afb6708d281543108caf8310912f54af/sky130A/libs.ref/sky130_fd_sc_hd/techlef/sky130_fd_sc_hd__nom.tlef'…
[INFO ODB-0227] LEF file: /home/hien/.volare/volare/sky130/versions/0fe599b2afb6708d281543108caf8310912f54af/sky130A/libs.ref/sky130_fd_sc_hd/techlef/sky130_fd_sc_hd__nom.tlef, created 14 layers, 25 vias
Reading cell LEF file at '/home/hien/.volare/volare/sky130/versions/0fe599b2afb6708d281543108caf8310912f54af/sky130A/libs.ref/sky130_fd_sc_hd/lef/sky130_ef_sc_hd.lef'…
[WARNING ODB-0220] WARNING (LEFPARS-2008): NOWIREEXTENSIONATPIN statement is obsolete in version 5.6 or later.
The NOWIREEXTENSIONATPIN statement will be ignored. See file /home/hien/.volare/volare/sky130/versions/0fe599b2afb6708d281543108caf8310912f54af/sky130A/libs.ref/sky130_fd_sc_hd/lef/sky130_ef_sc_hd.lef at line 2.

[INFO ODB-0227] LEF file: /home/hien/.volare/volare/sky130/versions/0fe599b2afb6708d281543108caf8310912f54af/sky130A/libs.ref/sky130_fd_sc_hd/lef/sky130_ef_sc_hd.lef, created 4 library cells
Reading cell LEF file at '/home/hien/.volare/volare/sky130/versions/0fe599b2afb6708d281543108caf8310912f54af/sky130A/libs.ref/sky130_fd_sc_hd/lef/sky130_fd_sc_hd.lef'…
[WARNING ODB-0220] WARNING (LEFPARS-2008): NOWIREEXTENSIONATPIN statement is obsolete in version 5.6 or later.
The NOWIREEXTENSIONATPIN statement will be ignored. See file /home/hien/.volare/volare/sky130/versions/0fe599b2afb6708d281543108caf8310912f54af/sky130A/libs.ref/sky130_fd_sc_hd/lef/sky130_fd_sc_hd.lef at line 2.

[INFO ODB-0227] LEF file: /home/hien/.volare/volare/sky130/versions/0fe599b2afb6708d281543108caf8310912f54af/sky130A/libs.ref/sky130_fd_sc_hd/lef/sky130_fd_sc_hd.lef, created 437 library cells
[INFO ODB-0127] Reading DEF file: /home/hien/openlane2/designs/highspeed_pipelined_multiplier/runs/opti_4/52-odb-cellfrequencytables/pipelined_mult.def
[INFO ODB-0128] Design: pipelined_mult
[INFO ODB-0130]     Created 132 pins.
[INFO ODB-0131]     Created 23041 components and 133640 component-terminals.
[INFO ODB-0132]     Created 2 special nets and 87514 connections.
[INFO ODB-0133]     Created 12101 nets and 46070 connections.
[INFO ODB-0134] Finished DEF file: /home/hien/openlane2/designs/highspeed_pipelined_multiplier/runs/opti_4/52-odb-cellfrequencytables/pipelined_mult.def
Using RCX ruleset '/home/hien/.volare/volare/sky130/versions/0fe599b2afb6708d281543108caf8310912f54af/sky130A/libs.tech/openlane/rules.openrcx.sky130A.nom.calibre'…
[INFO RCX-0431] Defined process_corner CURRENT_CORNER with ext_model_index 0
[INFO RCX-0029] Defined extraction corner CURRENT_CORNER
[INFO RCX-0435] Reading extraction model file /home/hien/.volare/volare/sky130/versions/0fe599b2afb6708d281543108caf8310912f54af/sky130A/libs.tech/openlane/rules.openrcx.sky130A.nom.calibre ...
[INFO RCX-0436] RC segment generation pipelined_mult (max_merge_res 50.0) ...
[INFO RCX-0040] Final 57188 rc segments
[INFO RCX-0439] Coupling Cap extraction pipelined_mult ...
[INFO RCX-0440] Coupling threshhold is 0.1000 fF, coupling capacitance less than 0.1000 fF will be grounded.
[INFO RCX-0442] 49% of 105909 wires extracted
[INFO RCX-0442] 100% of 105909 wires extracted
[INFO RCX-0045] Extract 12101 nets, 69289 rsegs, 69289 caps, 129815 ccs
Setting global connections for newly added cells…
[INFO] Setting global connections...
Updating metrics…
Cell type report:                       Count       Area
  Fill cell                              8590   45392.28
  Tap cell                               2325    2909.04
  Antenna cell                             35      87.58
  Standard cell                         12091  114567.38
  Total                                 23041  162956.29
Writing extracted parasitics to '/home/hien/openlane2/designs/highspeed_pipelined_multiplier/runs/opti_4/53-openroad-rcx/nom/pipelined_mult.nom.spef'…
[INFO RCX-0443] 12101 nets finished
