
===========================================================================
report_checks -unconstrained
===========================================================================
======================= nom_ss_100C_1v60 Corner ===================================

Startpoint: _20790_ (rising edge-triggered flip-flop clocked by clk)
Endpoint: _20760_ (rising edge-triggered flip-flop clocked by clk)
Path Group: clk
Path Type: max

Fanout         Cap        Slew       Delay        Time   Description
---------------------------------------------------------------------------------------------
                                  0.000000    0.000000   clock clk (rise edge)
                                  0.000000    0.000000   clock source latency
     2    0.053163    0.242909    0.180181    0.180181 ^ clk (in)
                                                         clk (net)
                      0.243007    0.000000    0.180181 ^ clkbuf_0_clk/A (sky130_fd_sc_hd__clkbuf_16)
     8    0.222555    0.346817    0.520902    0.701082 ^ clkbuf_0_clk/X (sky130_fd_sc_hd__clkbuf_16)
                                                         clknet_0_clk (net)
                      0.347096    0.006016    0.707098 ^ clkbuf_3_4__f_clk/A (sky130_fd_sc_hd__clkbuf_16)
    11    0.107577    0.188775    0.441866    1.148964 ^ clkbuf_3_4__f_clk/X (sky130_fd_sc_hd__clkbuf_16)
                                                         clknet_3_4__leaf_clk (net)
                      0.188810    0.002737    1.151701 ^ clkbuf_leaf_8_clk/A (sky130_fd_sc_hd__clkbuf_8)
     5    0.019997    0.083491    0.290360    1.442062 ^ clkbuf_leaf_8_clk/X (sky130_fd_sc_hd__clkbuf_8)
                                                         clknet_leaf_8_clk (net)
                      0.083491    0.000327    1.442389 ^ _20790_/CLK (sky130_fd_sc_hd__dfxtp_4)
     5    0.037020    0.188087    0.802588    2.244977 ^ _20790_/Q (sky130_fd_sc_hd__dfxtp_4)
                                                         a_l[12] (net)
                      0.188111    0.002228    2.247205 ^ max_cap566/A (sky130_fd_sc_hd__buf_12)
    15    0.100482    0.192019    0.323796    2.571001 ^ max_cap566/X (sky130_fd_sc_hd__buf_12)
                                                         net566 (net)
                      0.192457    0.007531    2.578532 ^ max_cap565/A (sky130_fd_sc_hd__buf_12)
    14    0.100341    0.191858    0.326308    2.904840 ^ max_cap565/X (sky130_fd_sc_hd__buf_12)
                                                         net565 (net)
                      0.192925    0.011517    2.916357 ^ max_cap564/A (sky130_fd_sc_hd__buf_12)
     7    0.094882    0.182740    0.321964    3.238322 ^ max_cap564/X (sky130_fd_sc_hd__buf_12)
                                                         net564 (net)
                      0.183141    0.006933    3.245254 ^ max_cap563/A (sky130_fd_sc_hd__buf_12)
    11    0.069107    0.139283    0.288323    3.533577 ^ max_cap563/X (sky130_fd_sc_hd__buf_12)
                                                         net563 (net)
                      0.139370    0.003223    3.536800 ^ max_cap562/A (sky130_fd_sc_hd__buf_12)
    14    0.096208    0.184618    0.299878    3.836678 ^ max_cap562/X (sky130_fd_sc_hd__buf_12)
                                                         net562 (net)
                      0.184742    0.003935    3.840613 ^ _19051_/B (sky130_fd_sc_hd__nand2_1)
     1    0.008174    0.155553    0.213080    4.053693 v _19051_/Y (sky130_fd_sc_hd__nand2_1)
                                                         _09942_ (net)
                      0.155553    0.000330    4.054023 v _19152_/A (sky130_fd_sc_hd__nand2_2)
     6    0.026330    0.233978    0.251051    4.305074 ^ _19152_/Y (sky130_fd_sc_hd__nand2_2)
                                                         _10044_ (net)
                      0.233981    0.000649    4.305723 ^ _19159_/B1 (sky130_fd_sc_hd__o211ai_1)
     2    0.011419    0.338034    0.396534    4.702257 v _19159_/Y (sky130_fd_sc_hd__o211ai_1)
                                                         _10052_ (net)
                      0.338034    0.000214    4.702471 v _19160_/B (sky130_fd_sc_hd__nand2_1)
     1    0.010776    0.199302    0.302763    5.005234 ^ _19160_/Y (sky130_fd_sc_hd__nand2_1)
                                                         _10053_ (net)
                      0.199302    0.000547    5.005781 ^ _19161_/A (sky130_fd_sc_hd__nand3_1)
     1    0.010988    0.309212    0.327764    5.333545 v _19161_/Y (sky130_fd_sc_hd__nand3_1)
                                                         _10054_ (net)
                      0.309212    0.000415    5.333960 v _19165_/C (sky130_fd_sc_hd__nand4_4)
     7    0.031028    0.230221    0.347515    5.681475 ^ _19165_/Y (sky130_fd_sc_hd__nand4_4)
                                                         _10058_ (net)
                      0.230239    0.002008    5.683483 ^ _19169_/A2 (sky130_fd_sc_hd__a21o_1)
     1    0.010225    0.155897    0.346249    6.029732 ^ _19169_/X (sky130_fd_sc_hd__a21o_1)
                                                         _10063_ (net)
                      0.155897    0.000342    6.030074 ^ _19177_/B (sky130_fd_sc_hd__nand3_4)
     6    0.037006    0.287774    0.311604    6.341678 v _19177_/Y (sky130_fd_sc_hd__nand3_4)
                                                         _10071_ (net)
                      0.287791    0.001811    6.343489 v _19216_/A2_N (sky130_fd_sc_hd__o2bb2ai_1)
     1    0.004989    0.136102    0.351252    6.694741 v _19216_/Y (sky130_fd_sc_hd__o2bb2ai_1)
                                                         _10113_ (net)
                      0.136102    0.000178    6.694920 v wire206/A (sky130_fd_sc_hd__buf_4)
     4    0.020157    0.077684    0.308229    7.003149 v wire206/X (sky130_fd_sc_hd__buf_4)
                                                         net206 (net)
                      0.077686    0.000472    7.003620 v _19222_/A2 (sky130_fd_sc_hd__a21o_1)
     3    0.013899    0.143513    0.406765    7.410386 v _19222_/X (sky130_fd_sc_hd__a21o_1)
                                                         _10120_ (net)
                      0.143513    0.000343    7.410728 v _19235_/B (sky130_fd_sc_hd__nand2_1)
     1    0.010094    0.168592    0.207631    7.618360 ^ _19235_/Y (sky130_fd_sc_hd__nand2_1)
                                                         _10134_ (net)
                      0.168592    0.000335    7.618694 ^ _19380_/B (sky130_fd_sc_hd__nand4_4)
     6    0.021430    0.281620    0.311636    7.930330 v _19380_/Y (sky130_fd_sc_hd__nand4_4)
                                                         _00561_ (net)
                      0.281620    0.000436    7.930767 v _19386_/C1 (sky130_fd_sc_hd__o2111ai_1)
     1    0.009547    0.450007    0.304043    8.234810 ^ _19386_/Y (sky130_fd_sc_hd__o2111ai_1)
                                                         _00567_ (net)
                      0.450007    0.000290    8.235099 ^ _19388_/A (sky130_fd_sc_hd__nand3_4)
     4    0.016459    0.195659    0.294410    8.529509 v _19388_/Y (sky130_fd_sc_hd__nand3_4)
                                                         _00570_ (net)
                      0.195659    0.000346    8.529856 v _19521_/B1_N (sky130_fd_sc_hd__a21boi_2)
     2    0.012375    0.165428    0.416395    8.946250 v _19521_/Y (sky130_fd_sc_hd__a21boi_2)
                                                         _00713_ (net)
                      0.165428    0.000373    8.946623 v _19766_/A1 (sky130_fd_sc_hd__a21oi_4)
     4    0.038259    0.465286    0.487806    9.434429 ^ _19766_/Y (sky130_fd_sc_hd__a21oi_4)
                                                         _00976_ (net)
                      0.465308    0.002590    9.437019 ^ _20114_/A (sky130_fd_sc_hd__nand3_4)
     5    0.046756    0.366498    0.455208    9.892228 v _20114_/Y (sky130_fd_sc_hd__nand3_4)
                                                         _01350_ (net)
                      0.366646    0.002603    9.894831 v _20257_/A2 (sky130_fd_sc_hd__a21oi_4)
     5    0.021313    0.304338    0.470907   10.365738 ^ _20257_/Y (sky130_fd_sc_hd__a21oi_4)
                                                         _01502_ (net)
                      0.304338    0.000846   10.366585 ^ _20307_/B2 (sky130_fd_sc_hd__o22ai_1)
     1    0.003180    0.117657    0.214247   10.580832 v _20307_/Y (sky130_fd_sc_hd__o22ai_1)
                                                         _01553_ (net)
                      0.117657    0.000067   10.580898 v _20309_/A1 (sky130_fd_sc_hd__o211a_1)
     1    0.003385    0.076706    0.427603   11.008501 v _20309_/X (sky130_fd_sc_hd__o211a_1)
                                                         _00400_ (net)
                      0.076706    0.000113   11.008614 v _20760_/D (sky130_fd_sc_hd__dfxtp_1)
                                             11.008614   data arrival time

                                 10.000000   10.000000   clock clk (rise edge)
                                  0.000000   10.000000   clock source latency
     2    0.053163    0.242909    0.180180   10.180181 ^ clk (in)
                                                         clk (net)
                      0.243007    0.000000   10.180181 ^ clkbuf_0_clk/A (sky130_fd_sc_hd__clkbuf_16)
     8    0.222555    0.346817    0.520902   10.701082 ^ clkbuf_0_clk/X (sky130_fd_sc_hd__clkbuf_16)
                                                         clknet_0_clk (net)
                      0.347384    0.010121   10.711203 ^ clkbuf_3_2__f_clk/A (sky130_fd_sc_hd__clkbuf_16)
    10    0.102687    0.181799    0.437266   11.148469 ^ clkbuf_3_2__f_clk/X (sky130_fd_sc_hd__clkbuf_16)
                                                         clknet_3_2__leaf_clk (net)
                      0.182158    0.007086   11.155555 ^ clkbuf_leaf_53_clk/A (sky130_fd_sc_hd__clkbuf_8)
     4    0.043554    0.138236    0.335526   11.491081 ^ clkbuf_leaf_53_clk/X (sky130_fd_sc_hd__clkbuf_8)
                                                         clknet_leaf_53_clk (net)
                      0.138239    0.000941   11.492023 ^ _20760_/CLK (sky130_fd_sc_hd__dfxtp_1)
                                 -0.200000   11.292023   clock uncertainty
                                  0.000000   11.292023   clock reconvergence pessimism
                                 -0.253383   11.038640   library setup time
                                             11.038640   data required time
---------------------------------------------------------------------------------------------
                                             11.038640   data required time
                                            -11.008614   data arrival time
---------------------------------------------------------------------------------------------
                                              0.030026   slack (MET)




===========================================================================
report_checks --slack_max -0.01
============================================================================
======================= nom_ss_100C_1v60 Corner ===================================

No paths found.


===========================================================================
 report_check_types -max_slew -max_cap -max_fanout -violators
============================================================================
======================= nom_ss_100C_1v60 Corner ===================================



===========================================================================
report_parasitic_annotation -report_unannotated
============================================================================
Found 56 unannotated drivers.
 clkload0/Y
 clkload1/Y
 clkload10/Y
 clkload11/Y
 clkload12/Y
 clkload13/Y
 clkload14/Y
 clkload15/Y
 clkload16/Y
 clkload17/Y
 clkload18/Y
 clkload19/Y
 clkload2/X
 clkload20/Y
 clkload21/Y
 clkload22/Y
 clkload23/Y
 clkload24/Y
 clkload25/Y
 clkload26/Y
 clkload27/Y
 clkload28/Y
 clkload29/Y
 clkload3/Y
 clkload30/Y
 clkload31/Y
 clkload32/Y
 clkload33/Y
 clkload34/X
 clkload35/Y
 clkload36/Y
 clkload37/Y
 clkload38/Y
 clkload39/Y
 clkload4/Y
 clkload40/Y
 clkload41/Y
 clkload42/Y
 clkload43/Y
 clkload44/Y
 clkload45/Y
 clkload46/Y
 clkload47/Y
 clkload48/Y
 clkload49/Y
 clkload5/Y
 clkload50/Y
 clkload51/Y
 clkload52/Y
 clkload53/Y
 clkload54/Y
 clkload55/Y
 clkload6/Y
 clkload7/X
 clkload8/X
 clkload9/Y
Found 0 partially unannotated drivers.

===========================================================================
max slew violation count 0
max fanout violation count 0
max cap violation count 0
============================================================================

===========================================================================
check_setup -verbose -unconstrained_endpoints -multiple_clock -no_clock -no_input_delay -loops -generated_clocks
===========================================================================
