                                                                     Buffers by Cell Master                                                                     
┏━━━━━━━━━━━━━━━━━━━━━━━━━━━━━━━━━━━━━━━━━━━━━━━━━━━━━━━━━━━━━━━━━━━━━━━━━━━━━━━━━━━━━━━━━━━━━━━━━━━━━━━━━━━━━━━━━━━━━━━━━━━━━━━━━━┳━━━━━━━━━━━━━━━━━━━━━━━━━━━┓
┃ Buffer                                                                                                                           ┃ Count                     ┃
┡━━━━━━━━━━━━━━━━━━━━━━━━━━━━━━━━━━━━━━━━━━━━━━━━━━━━━━━━━━━━━━━━━━━━━━━━━━━━━━━━━━━━━━━━━━━━━━━━━━━━━━━━━━━━━━━━━━━━━━━━━━━━━━━━━━╇━━━━━━━━━━━━━━━━━━━━━━━━━━━┩
│ sky130_fd_sc_hd__buf_1                                                                                                           │ 6                         │
│ sky130_fd_sc_hd__buf_12                                                                                                          │ 5                         │
│ sky130_fd_sc_hd__buf_2                                                                                                           │ 71                        │
│ sky130_fd_sc_hd__buf_4                                                                                                           │ 33                        │
│ sky130_fd_sc_hd__buf_6                                                                                                           │ 58                        │
│ sky130_fd_sc_hd__buf_8                                                                                                           │ 16                        │
│ sky130_fd_sc_hd__clkbuf_1                                                                                                        │ 34                        │
│ sky130_fd_sc_hd__clkbuf_16                                                                                                       │ 9                         │
│ sky130_fd_sc_hd__clkbuf_2                                                                                                        │ 25                        │
│ sky130_fd_sc_hd__clkbuf_4                                                                                                        │ 48                        │
│ sky130_fd_sc_hd__clkbuf_8                                                                                                        │ 1                         │
│ sky130_fd_sc_hd__dlygate4sd1_1                                                                                                   │ 3                         │
│ sky130_fd_sc_hd__dlygate4sd3_1                                                                                                   │ 2                         │
│ sky130_fd_sc_hd__dlymetal6s2s_1                                                                                                  │ 11                        │
│ sky130_fd_sc_hd__dlymetal6s4s_1                                                                                                  │ 1                         │
└──────────────────────────────────────────────────────────────────────────────────────────────────────────────────────────────────┴───────────────────────────┘
