[WARNING ORD-0039] .openroad ignored with -python
                                Cells by Master                                 
┏━━━━━━━━━━━━━━━━━━━━━━━━━━━━━━━━━━━━━━━━━━━━━━━━━━━━━━━━━━━━━━━━┳━━━━━━━━━━━━━┓
┃ Cell                                                           ┃ Count       ┃
┡━━━━━━━━━━━━━━━━━━━━━━━━━━━━━━━━━━━━━━━━━━━━━━━━━━━━━━━━━━━━━━━━╇━━━━━━━━━━━━━┩
│ sky130_ef_sc_hd__decap_12                                      │ 428         │
│ sky130_fd_sc_hd__a211o_1                                       │ 10          │
│ sky130_fd_sc_hd__a211o_2                                       │ 1           │
│ sky130_fd_sc_hd__a211oi_1                                      │ 2           │
│ sky130_fd_sc_hd__a211oi_2                                      │ 1           │
│ sky130_fd_sc_hd__a211oi_4                                      │ 1           │
│ sky130_fd_sc_hd__a21bo_1                                       │ 10          │
│ sky130_fd_sc_hd__a21bo_2                                       │ 1           │
│ sky130_fd_sc_hd__a21bo_4                                       │ 1           │
│ sky130_fd_sc_hd__a21boi_1                                      │ 13          │
│ sky130_fd_sc_hd__a21boi_2                                      │ 13          │
│ sky130_fd_sc_hd__a21boi_4                                      │ 1           │
│ sky130_fd_sc_hd__a21o_1                                        │ 122         │
│ sky130_fd_sc_hd__a21o_4                                        │ 2           │
│ sky130_fd_sc_hd__a21oi_1                                       │ 74          │
│ sky130_fd_sc_hd__a21oi_2                                       │ 46          │
│ sky130_fd_sc_hd__a21oi_4                                       │ 22          │
│ sky130_fd_sc_hd__a221oi_2                                      │ 1           │
│ sky130_fd_sc_hd__a22o_1                                        │ 63          │
│ sky130_fd_sc_hd__a22o_2                                        │ 2           │
│ sky130_fd_sc_hd__a22o_4                                        │ 3           │
│ sky130_fd_sc_hd__a22oi_1                                       │ 27          │
│ sky130_fd_sc_hd__a22oi_2                                       │ 17          │
│ sky130_fd_sc_hd__a22oi_4                                       │ 37          │
│ sky130_fd_sc_hd__a2bb2o_1                                      │ 3           │
│ sky130_fd_sc_hd__a2bb2o_2                                      │ 1           │
│ sky130_fd_sc_hd__a2bb2o_4                                      │ 1           │
│ sky130_fd_sc_hd__a2bb2oi_1                                     │ 2           │
│ sky130_fd_sc_hd__a2bb2oi_2                                     │ 12          │
│ sky130_fd_sc_hd__a2bb2oi_4                                     │ 4           │
│ sky130_fd_sc_hd__a311o_1                                       │ 1           │
│ sky130_fd_sc_hd__a311oi_4                                      │ 1           │
│ sky130_fd_sc_hd__a31o_1                                        │ 38          │
│ sky130_fd_sc_hd__a31oi_1                                       │ 11          │
│ sky130_fd_sc_hd__a31oi_2                                       │ 11          │
│ sky130_fd_sc_hd__a31oi_4                                       │ 6           │
│ sky130_fd_sc_hd__a32o_1                                        │ 9           │
│ sky130_fd_sc_hd__a32oi_1                                       │ 2           │
│ sky130_fd_sc_hd__a32oi_2                                       │ 3           │
│ sky130_fd_sc_hd__a32oi_4                                       │ 4           │
│ sky130_fd_sc_hd__a41o_1                                        │ 7           │
│ sky130_fd_sc_hd__a41oi_1                                       │ 1           │
│ sky130_fd_sc_hd__a41oi_2                                       │ 1           │
│ sky130_fd_sc_hd__and2_1                                        │ 61          │
│ sky130_fd_sc_hd__and2_4                                        │ 1           │
│ sky130_fd_sc_hd__and2b_1                                       │ 4           │
│ sky130_fd_sc_hd__and3_1                                        │ 80          │
│ sky130_fd_sc_hd__and3_2                                        │ 6           │
│ sky130_fd_sc_hd__and3b_1                                       │ 1           │
│ sky130_fd_sc_hd__and4_1                                        │ 42          │
│ sky130_fd_sc_hd__and4_2                                        │ 8           │
│ sky130_fd_sc_hd__and4_4                                        │ 1           │
│ sky130_fd_sc_hd__and4b_1                                       │ 3           │
│ sky130_fd_sc_hd__and4bb_1                                      │ 1           │
│ sky130_fd_sc_hd__buf_1                                         │ 6           │
│ sky130_fd_sc_hd__buf_12                                        │ 5           │
│ sky130_fd_sc_hd__buf_2                                         │ 71          │
│ sky130_fd_sc_hd__buf_4                                         │ 33          │
│ sky130_fd_sc_hd__buf_6                                         │ 58          │
│ sky130_fd_sc_hd__buf_8                                         │ 16          │
│ sky130_fd_sc_hd__bufinv_16                                     │ 1           │
│ sky130_fd_sc_hd__clkbuf_1                                      │ 34          │
│ sky130_fd_sc_hd__clkbuf_16                                     │ 9           │
│ sky130_fd_sc_hd__clkbuf_2                                      │ 25          │
│ sky130_fd_sc_hd__clkbuf_4                                      │ 48          │
│ sky130_fd_sc_hd__clkbuf_8                                      │ 1           │
│ sky130_fd_sc_hd__clkinv_1                                      │ 1           │
│ sky130_fd_sc_hd__clkinv_2                                      │ 1           │
│ sky130_fd_sc_hd__clkinv_4                                      │ 7           │
│ sky130_fd_sc_hd__clkinvlp_4                                    │ 2           │
│ sky130_fd_sc_hd__decap_3                                       │ 298         │
│ sky130_fd_sc_hd__decap_4                                       │ 189         │
│ sky130_fd_sc_hd__decap_6                                       │ 116         │
│ sky130_fd_sc_hd__decap_8                                       │ 147         │
│ sky130_fd_sc_hd__dfxtp_1                                       │ 48          │
│ sky130_fd_sc_hd__dfxtp_2                                       │ 10          │
│ sky130_fd_sc_hd__dfxtp_4                                       │ 6           │
│ sky130_fd_sc_hd__diode_2                                       │ 1121        │
│ sky130_fd_sc_hd__dlygate4sd1_1                                 │ 3           │
│ sky130_fd_sc_hd__dlygate4sd3_1                                 │ 2           │
│ sky130_fd_sc_hd__dlymetal6s2s_1                                │ 11          │
│ sky130_fd_sc_hd__dlymetal6s4s_1                                │ 1           │
│ sky130_fd_sc_hd__fill_1                                        │ 793         │
│ sky130_fd_sc_hd__fill_2                                        │ 165         │
│ sky130_fd_sc_hd__inv_2                                         │ 52          │
│ sky130_fd_sc_hd__inv_4                                         │ 2           │
│ sky130_fd_sc_hd__inv_6                                         │ 2           │
│ sky130_fd_sc_hd__nand2_1                                       │ 378         │
│ sky130_fd_sc_hd__nand2_2                                       │ 106         │
│ sky130_fd_sc_hd__nand2_4                                       │ 23          │
│ sky130_fd_sc_hd__nand2b_1                                      │ 4           │
│ sky130_fd_sc_hd__nand3_1                                       │ 83          │
│ sky130_fd_sc_hd__nand3_2                                       │ 90          │
│ sky130_fd_sc_hd__nand3_4                                       │ 61          │
│ sky130_fd_sc_hd__nand3b_1                                      │ 7           │
│ sky130_fd_sc_hd__nand3b_2                                      │ 6           │
│ sky130_fd_sc_hd__nand3b_4                                      │ 6           │
│ sky130_fd_sc_hd__nand4_1                                       │ 60          │
│ sky130_fd_sc_hd__nand4_2                                       │ 57          │
│ sky130_fd_sc_hd__nand4_4                                       │ 61          │
│ sky130_fd_sc_hd__nand4b_2                                      │ 1           │
│ sky130_fd_sc_hd__nand4b_4                                      │ 1           │
│ sky130_fd_sc_hd__nor2_1                                        │ 55          │
│ sky130_fd_sc_hd__nor2_2                                        │ 6           │
│ sky130_fd_sc_hd__nor2_4                                        │ 2           │
│ sky130_fd_sc_hd__nor2_8                                        │ 1           │
│ sky130_fd_sc_hd__nor3_1                                        │ 3           │
│ sky130_fd_sc_hd__nor3_2                                        │ 1           │
│ sky130_fd_sc_hd__nor3_4                                        │ 3           │
│ sky130_fd_sc_hd__nor3b_2                                       │ 1           │
│ sky130_fd_sc_hd__nor4_1                                        │ 1           │
│ sky130_fd_sc_hd__o2111a_1                                      │ 5           │
│ sky130_fd_sc_hd__o2111a_4                                      │ 1           │
│ sky130_fd_sc_hd__o2111ai_1                                     │ 8           │
│ sky130_fd_sc_hd__o2111ai_2                                     │ 11          │
│ sky130_fd_sc_hd__o2111ai_4                                     │ 21          │
│ sky130_fd_sc_hd__o211a_1                                       │ 36          │
│ sky130_fd_sc_hd__o211a_2                                       │ 6           │
│ sky130_fd_sc_hd__o211a_4                                       │ 7           │
│ sky130_fd_sc_hd__o211ai_1                                      │ 35          │
│ sky130_fd_sc_hd__o211ai_2                                      │ 57          │
│ sky130_fd_sc_hd__o211ai_4                                      │ 49          │
│ sky130_fd_sc_hd__o21a_1                                        │ 21          │
│ sky130_fd_sc_hd__o21a_2                                        │ 1           │
│ sky130_fd_sc_hd__o21ai_1                                       │ 76          │
│ sky130_fd_sc_hd__o21ai_2                                       │ 44          │
│ sky130_fd_sc_hd__o21ai_4                                       │ 13          │
│ sky130_fd_sc_hd__o21bai_1                                      │ 9           │
│ sky130_fd_sc_hd__o21bai_2                                      │ 3           │
│ sky130_fd_sc_hd__o21bai_4                                      │ 4           │
│ sky130_fd_sc_hd__o221a_1                                       │ 2           │
│ sky130_fd_sc_hd__o221a_4                                       │ 1           │
│ sky130_fd_sc_hd__o221ai_2                                      │ 4           │
│ sky130_fd_sc_hd__o221ai_4                                      │ 22          │
│ sky130_fd_sc_hd__o22a_1                                        │ 18          │
│ sky130_fd_sc_hd__o22a_2                                        │ 1           │
│ sky130_fd_sc_hd__o22ai_1                                       │ 5           │
│ sky130_fd_sc_hd__o22ai_2                                       │ 17          │
│ sky130_fd_sc_hd__o22ai_4                                       │ 8           │
│ sky130_fd_sc_hd__o2bb2a_1                                      │ 10          │
│ sky130_fd_sc_hd__o2bb2ai_1                                     │ 37          │
│ sky130_fd_sc_hd__o2bb2ai_2                                     │ 33          │
│ sky130_fd_sc_hd__o2bb2ai_4                                     │ 20          │
│ sky130_fd_sc_hd__o311a_1                                       │ 2           │
│ sky130_fd_sc_hd__o31a_1                                        │ 13          │
│ sky130_fd_sc_hd__o31a_2                                        │ 1           │
│ sky130_fd_sc_hd__o41a_1                                        │ 1           │
│ sky130_fd_sc_hd__or2_1                                         │ 13          │
│ sky130_fd_sc_hd__or2_2                                         │ 1           │
│ sky130_fd_sc_hd__or3_1                                         │ 3           │
│ sky130_fd_sc_hd__tapvpwrvgnd_1                                 │ 608         │
│ sky130_fd_sc_hd__xnor2_1                                       │ 2           │
│ sky130_fd_sc_hd__xor2_1                                        │ 3           │
└────────────────────────────────────────────────────────────────┴─────────────┘
                               Cells by Function                                
┏━━━━━━━━━━━━━━━━━━━━━━━━━━━━━━━━━━━━━━━━━━━━━━━━━━━━━━━━━━━━━━━┳━━━━━━━━━━━━━━┓
┃ Cell Function                                                 ┃ Count        ┃
┡━━━━━━━━━━━━━━━━━━━━━━━━━━━━━━━━━━━━━━━━━━━━━━━━━━━━━━━━━━━━━━━╇━━━━━━━━━━━━━━┩
│ sky130_ef_sc_hd__decap                                        │ 428          │
│ sky130_fd_sc_hd__a211o                                        │ 11           │
│ sky130_fd_sc_hd__a211oi                                       │ 4            │
│ sky130_fd_sc_hd__a21bo                                        │ 12           │
│ sky130_fd_sc_hd__a21boi                                       │ 27           │
│ sky130_fd_sc_hd__a21o                                         │ 124          │
│ sky130_fd_sc_hd__a21oi                                        │ 142          │
│ sky130_fd_sc_hd__a221oi                                       │ 1            │
│ sky130_fd_sc_hd__a22o                                         │ 68           │
│ sky130_fd_sc_hd__a22oi                                        │ 81           │
│ sky130_fd_sc_hd__a2bb2o                                       │ 5            │
│ sky130_fd_sc_hd__a2bb2oi                                      │ 18           │
│ sky130_fd_sc_hd__a311o                                        │ 1            │
│ sky130_fd_sc_hd__a311oi                                       │ 1            │
│ sky130_fd_sc_hd__a31o                                         │ 38           │
│ sky130_fd_sc_hd__a31oi                                        │ 28           │
│ sky130_fd_sc_hd__a32o                                         │ 9            │
│ sky130_fd_sc_hd__a32oi                                        │ 9            │
│ sky130_fd_sc_hd__a41o                                         │ 7            │
│ sky130_fd_sc_hd__a41oi                                        │ 2            │
│ sky130_fd_sc_hd__and2                                         │ 62           │
│ sky130_fd_sc_hd__and2b                                        │ 4            │
│ sky130_fd_sc_hd__and3                                         │ 86           │
│ sky130_fd_sc_hd__and3b                                        │ 1            │
│ sky130_fd_sc_hd__and4                                         │ 51           │
│ sky130_fd_sc_hd__and4b                                        │ 3            │
│ sky130_fd_sc_hd__and4bb                                       │ 1            │
│ sky130_fd_sc_hd__buf                                          │ 189          │
│ sky130_fd_sc_hd__bufinv                                       │ 1            │
│ sky130_fd_sc_hd__clkbuf                                       │ 117          │
│ sky130_fd_sc_hd__clkinv                                       │ 9            │
│ sky130_fd_sc_hd__clkinvlp                                     │ 2            │
│ sky130_fd_sc_hd__decap                                        │ 750          │
│ sky130_fd_sc_hd__dfxtp                                        │ 64           │
│ sky130_fd_sc_hd__diode                                        │ 1121         │
│ sky130_fd_sc_hd__dlygate4sd1                                  │ 3            │
│ sky130_fd_sc_hd__dlygate4sd3                                  │ 2            │
│ sky130_fd_sc_hd__dlymetal6s2s                                 │ 11           │
│ sky130_fd_sc_hd__dlymetal6s4s                                 │ 1            │
│ sky130_fd_sc_hd__fill                                         │ 958          │
│ sky130_fd_sc_hd__inv                                          │ 56           │
│ sky130_fd_sc_hd__nand2                                        │ 507          │
│ sky130_fd_sc_hd__nand2b                                       │ 4            │
│ sky130_fd_sc_hd__nand3                                        │ 234          │
│ sky130_fd_sc_hd__nand3b                                       │ 19           │
│ sky130_fd_sc_hd__nand4                                        │ 178          │
│ sky130_fd_sc_hd__nand4b                                       │ 2            │
│ sky130_fd_sc_hd__nor2                                         │ 64           │
│ sky130_fd_sc_hd__nor3                                         │ 7            │
│ sky130_fd_sc_hd__nor3b                                        │ 1            │
│ sky130_fd_sc_hd__nor4                                         │ 1            │
│ sky130_fd_sc_hd__o2111a                                       │ 6            │
│ sky130_fd_sc_hd__o2111ai                                      │ 40           │
│ sky130_fd_sc_hd__o211a                                        │ 49           │
│ sky130_fd_sc_hd__o211ai                                       │ 141          │
│ sky130_fd_sc_hd__o21a                                         │ 22           │
│ sky130_fd_sc_hd__o21ai                                        │ 133          │
│ sky130_fd_sc_hd__o21bai                                       │ 16           │
│ sky130_fd_sc_hd__o221a                                        │ 3            │
│ sky130_fd_sc_hd__o221ai                                       │ 26           │
│ sky130_fd_sc_hd__o22a                                         │ 19           │
│ sky130_fd_sc_hd__o22ai                                        │ 30           │
│ sky130_fd_sc_hd__o2bb2a                                       │ 10           │
│ sky130_fd_sc_hd__o2bb2ai                                      │ 90           │
│ sky130_fd_sc_hd__o311a                                        │ 2            │
│ sky130_fd_sc_hd__o31a                                         │ 14           │
│ sky130_fd_sc_hd__o41a                                         │ 1            │
│ sky130_fd_sc_hd__or2                                          │ 14           │
│ sky130_fd_sc_hd__or3                                          │ 3            │
│ sky130_fd_sc_hd__tapvpwrvgnd                                  │ 608          │
│ sky130_fd_sc_hd__xnor2                                        │ 2            │
│ sky130_fd_sc_hd__xor2                                         │ 3            │
└───────────────────────────────────────────────────────────────┴──────────────┘
                                  Cells by SCL                                  
┏━━━━━━━━━━━━━━━━━━━━━━━━━━━━━━━━━━━━━━━━━━━━━━━━━━━━━━━┳━━━━━━━━━━━━━━━━━━━━━━┓
┃ SCL                                                   ┃ Count                ┃
┡━━━━━━━━━━━━━━━━━━━━━━━━━━━━━━━━━━━━━━━━━━━━━━━━━━━━━━━╇━━━━━━━━━━━━━━━━━━━━━━┩
│ sky130_ef_sc_hd                                       │ 428                  │
│ sky130_fd_sc_hd                                       │ 6329                 │
└───────────────────────────────────────────────────────┴──────────────────────┘
                             Buffers by Cell Master                             
┏━━━━━━━━━━━━━━━━━━━━━━━━━━━━━━━━━━━━━━━━━━━━━━━━━━━━━━━━━━━━━━━━┳━━━━━━━━━━━━━┓
┃ Buffer                                                         ┃ Count       ┃
┡━━━━━━━━━━━━━━━━━━━━━━━━━━━━━━━━━━━━━━━━━━━━━━━━━━━━━━━━━━━━━━━━╇━━━━━━━━━━━━━┩
│ sky130_fd_sc_hd__buf_1                                         │ 6           │
│ sky130_fd_sc_hd__buf_12                                        │ 5           │
│ sky130_fd_sc_hd__buf_2                                         │ 71          │
│ sky130_fd_sc_hd__buf_4                                         │ 33          │
│ sky130_fd_sc_hd__buf_6                                         │ 58          │
│ sky130_fd_sc_hd__buf_8                                         │ 16          │
│ sky130_fd_sc_hd__clkbuf_1                                      │ 34          │
│ sky130_fd_sc_hd__clkbuf_16                                     │ 9           │
│ sky130_fd_sc_hd__clkbuf_2                                      │ 25          │
│ sky130_fd_sc_hd__clkbuf_4                                      │ 48          │
│ sky130_fd_sc_hd__clkbuf_8                                      │ 1           │
│ sky130_fd_sc_hd__dlygate4sd1_1                                 │ 3           │
│ sky130_fd_sc_hd__dlygate4sd3_1                                 │ 2           │
│ sky130_fd_sc_hd__dlymetal6s2s_1                                │ 11          │
│ sky130_fd_sc_hd__dlymetal6s4s_1                                │ 1           │
└────────────────────────────────────────────────────────────────┴─────────────┘
