if {[file exists ~/openlane2/my_script/script_matt.tcl]} {
    source ~/openlane2/my_script/script_matt.tcl
}
Reading OpenROAD database at '/home/hien/openlane2/designs/fn_pj/pipeline-mult/runs/ADD/23-openroad-globalplacementskipio/add3x64.odb'…
Reading library file at '/home/hien/.volare/volare/sky130/versions/0fe599b2afb6708d281543108caf8310912f54af/sky130A/libs.ref/sky130_fd_sc_hd/lib/sky130_fd_sc_hd__tt_025C_1v80.lib'…
Reading design constraints file at '/home/hien/openlane2/designs/fn_pj/pipeline-mult/add64.sdc'…
[INFO] place_pins args: -min_distance 3
Found 0 macro blocks.
[INFO PPL-0010] Tentative 0 to set up sections.
[INFO PPL-0001] Number of slots           298
[INFO PPL-0002] Number of I/O             258
[INFO PPL-0003] Number of I/O w/sink      258
[INFO PPL-0004] Number of I/O w/o sink    0
[INFO PPL-0005] Slots per section         200
[INFO PPL-0006] Slots increase factor     0.01
[INFO PPL-0008] Successfully assigned pins to sections.
[INFO PPL-0012] I/O nets HPWL: 16470.38 um.
Setting global connections for newly added cells…
[INFO] Setting global connections...
Updating metrics…
Cell type report:                       Count       Area
  Fill cell                               278    1043.50
  Tap cell                                423     529.26
  Inverter                                 24      90.09
  Sequential cell                          64    1361.31
  Multi-Input combinational cell          947    8632.03
  Total                                  1736   11656.18
Writing OpenROAD database to '/home/hien/openlane2/designs/fn_pj/pipeline-mult/runs/ADD/24-openroad-ioplacement/add3x64.odb'…
Writing netlist to '/home/hien/openlane2/designs/fn_pj/pipeline-mult/runs/ADD/24-openroad-ioplacement/add3x64.nl.v'…
Writing powered netlist to '/home/hien/openlane2/designs/fn_pj/pipeline-mult/runs/ADD/24-openroad-ioplacement/add3x64.pnl.v'…
Writing layout to '/home/hien/openlane2/designs/fn_pj/pipeline-mult/runs/ADD/24-openroad-ioplacement/add3x64.def'…
Writing timing constraints to '/home/hien/openlane2/designs/fn_pj/pipeline-mult/runs/ADD/24-openroad-ioplacement/add3x64.sdc'…
