
===========================================================================
report_checks -unconstrained
===========================================================================
======================= min_ss_100C_1v60 Corner ===================================

Startpoint: _20768_ (rising edge-triggered flip-flop clocked by clk)
Endpoint: _20659_ (rising edge-triggered flip-flop clocked by clk)
Path Group: clk
Path Type: max

Fanout         Cap        Slew       Delay        Time   Description
---------------------------------------------------------------------------------------------
                                  0.000000    0.000000   clock clk (rise edge)
                                  0.000000    0.000000   clock source latency
     2    0.057730    0.261930    0.194083    0.194083 ^ clk (in)
                                                         clk (net)
                      0.261952    0.000000    0.194083 ^ clkbuf_0_clk/A (sky130_fd_sc_hd__clkbuf_16)
     8    0.192056    0.304107    0.500391    0.694474 ^ clkbuf_0_clk/X (sky130_fd_sc_hd__clkbuf_16)
                                                         clknet_0_clk (net)
                      0.304125    0.002626    0.697100 ^ clkbuf_3_0_0_clk/A (sky130_fd_sc_hd__clkbuf_16)
    10    0.172563    0.279874    0.496069    1.193169 ^ clkbuf_3_0_0_clk/X (sky130_fd_sc_hd__clkbuf_16)
                                                         clknet_3_0_0_clk (net)
                      0.280478    0.009261    1.202431 ^ clkbuf_leaf_73_clk/A (sky130_fd_sc_hd__clkbuf_16)
     3    0.009866    0.055954    0.300838    1.503269 ^ clkbuf_leaf_73_clk/X (sky130_fd_sc_hd__clkbuf_16)
                                                         clknet_leaf_73_clk (net)
                      0.055955    0.000119    1.503388 ^ _20768_/CLK (sky130_fd_sc_hd__dfxtp_4)
     3    0.033895    0.175362    0.781279    2.284667 ^ _20768_/Q (sky130_fd_sc_hd__dfxtp_4)
                                                         a_h[6] (net)
                      0.175362    0.000689    2.285356 ^ max_cap717/A (sky130_fd_sc_hd__buf_12)
    16    0.120324    0.223925    0.345460    2.630816 ^ max_cap717/X (sky130_fd_sc_hd__buf_12)
                                                         net717 (net)
                      0.224264    0.007120    2.637936 ^ wire716/A (sky130_fd_sc_hd__buf_12)
     9    0.073565    0.146832    0.312257    2.950193 ^ wire716/X (sky130_fd_sc_hd__buf_12)
                                                         net716 (net)
                      0.146935    0.003539    2.953732 ^ max_cap715/A (sky130_fd_sc_hd__buf_12)
     8    0.067517    0.136964    0.269961    3.223693 ^ max_cap715/X (sky130_fd_sc_hd__buf_12)
                                                         net715 (net)
                      0.137294    0.004697    3.228391 ^ max_cap714/A (sky130_fd_sc_hd__buf_12)
    12    0.072185    0.144130    0.271665    3.500056 ^ max_cap714/X (sky130_fd_sc_hd__buf_12)
                                                         net714 (net)
                      0.144200    0.002956    3.503012 ^ max_cap713/A (sky130_fd_sc_hd__buf_12)
    19    0.104728    0.198784    0.312433    3.815444 ^ max_cap713/X (sky130_fd_sc_hd__buf_12)
                                                         net713 (net)
                      0.198993    0.005272    3.820717 ^ _11214_/A (sky130_fd_sc_hd__nand2_1)
     2    0.010139    0.193522    0.237066    4.057783 v _11214_/Y (sky130_fd_sc_hd__nand2_1)
                                                         _02156_ (net)
                      0.193522    0.000101    4.057883 v _11216_/B (sky130_fd_sc_hd__nand2_1)
     2    0.007978    0.143468    0.210445    4.268329 ^ _11216_/Y (sky130_fd_sc_hd__nand2_1)
                                                         _02158_ (net)
                      0.143468    0.000075    4.268404 ^ _11219_/A1 (sky130_fd_sc_hd__a21oi_2)
     2    0.007054    0.093799    0.146407    4.414812 v _11219_/Y (sky130_fd_sc_hd__a21oi_2)
                                                         _02161_ (net)
                      0.093799    0.000092    4.414904 v max_cap418/A (sky130_fd_sc_hd__buf_1)
     2    0.010672    0.131914    0.238186    4.653090 v max_cap418/X (sky130_fd_sc_hd__buf_1)
                                                         net418 (net)
                      0.131914    0.000121    4.653211 v _11221_/A (sky130_fd_sc_hd__nor2_2)
     4    0.014524    0.288420    0.328618    4.981829 ^ _11221_/Y (sky130_fd_sc_hd__nor2_2)
                                                         _02163_ (net)
                      0.288420    0.000182    4.982010 ^ _11237_/B (sky130_fd_sc_hd__nand2_1)
     2    0.005601    0.141687    0.217838    5.199848 v _11237_/Y (sky130_fd_sc_hd__nand2_1)
                                                         _02179_ (net)
                      0.141687    0.000054    5.199903 v _11331_/B (sky130_fd_sc_hd__nand2_1)
     1    0.005441    0.121842    0.160466    5.360369 ^ _11331_/Y (sky130_fd_sc_hd__nand2_1)
                                                         _02272_ (net)
                      0.121842    0.000048    5.360416 ^ _11368_/A (sky130_fd_sc_hd__nand3_2)
     5    0.020614    0.298465    0.289704    5.650120 v _11368_/Y (sky130_fd_sc_hd__nand3_2)
                                                         _02309_ (net)
                      0.298555    0.000402    5.650522 v _11373_/B1 (sky130_fd_sc_hd__a22o_1)
     1    0.005159    0.091801    0.440564    6.091086 v _11373_/X (sky130_fd_sc_hd__a22o_1)
                                                         _02314_ (net)
                      0.091801    0.000063    6.091149 v _11374_/C1 (sky130_fd_sc_hd__o211ai_2)
     2    0.009096    0.273819    0.133138    6.224287 ^ _11374_/Y (sky130_fd_sc_hd__o211ai_2)
                                                         _02315_ (net)
                      0.273819    0.000227    6.224514 ^ max_cap237/A (sky130_fd_sc_hd__buf_2)
     5    0.026944    0.218307    0.396217    6.620732 ^ max_cap237/X (sky130_fd_sc_hd__buf_2)
                                                         net237 (net)
                      0.218307    0.000353    6.621085 ^ _11397_/B1_N (sky130_fd_sc_hd__a21boi_1)
     1    0.002720    0.179445    0.317006    6.938091 ^ _11397_/Y (sky130_fd_sc_hd__a21boi_1)
                                                         _02337_ (net)
                      0.179445    0.000024    6.938114 ^ _11492_/A (sky130_fd_sc_hd__nand3_1)
     2    0.011118    0.304414    0.322396    7.260510 v _11492_/Y (sky130_fd_sc_hd__nand3_1)
                                                         _02432_ (net)
                      0.304414    0.000158    7.260668 v _11493_/A2_N (sky130_fd_sc_hd__o2bb2ai_2)
     4    0.016407    0.164544    0.395386    7.656054 v _11493_/Y (sky130_fd_sc_hd__o2bb2ai_2)
                                                         _02433_ (net)
                      0.164544    0.000203    7.656257 v _11499_/C (sky130_fd_sc_hd__and3_1)
     2    0.014917    0.166225    0.509079    8.165337 v _11499_/X (sky130_fd_sc_hd__and3_1)
                                                         _02439_ (net)
                      0.166225    0.000146    8.165482 v _11501_/B2 (sky130_fd_sc_hd__o22ai_4)
     5    0.023277    0.378951    0.332750    8.498232 ^ _11501_/Y (sky130_fd_sc_hd__o22ai_4)
                                                         _02441_ (net)
                      0.378951    0.000441    8.498672 ^ _11881_/D (sky130_fd_sc_hd__nand4_4)
     2    0.015198    0.228483    0.357606    8.856278 v _11881_/Y (sky130_fd_sc_hd__nand4_4)
                                                         _02818_ (net)
                      0.228483    0.000409    8.856688 v _12186_/A (sky130_fd_sc_hd__nand3_4)
     1    0.018035    0.139100    0.198765    9.055451 ^ _12186_/Y (sky130_fd_sc_hd__nand3_4)
                                                         _03121_ (net)
                      0.139101    0.000834    9.056286 ^ _12674_/A (sky130_fd_sc_hd__nand4_4)
     4    0.029473    0.333859    0.310870    9.367156 v _12674_/Y (sky130_fd_sc_hd__nand4_4)
                                                         _03605_ (net)
                      0.333865    0.002099    9.369255 v _13026_/A (sky130_fd_sc_hd__nand4_4)
     6    0.031026    0.230754    0.301208    9.670463 ^ _13026_/Y (sky130_fd_sc_hd__nand4_4)
                                                         _03953_ (net)
                      0.230754    0.000717    9.671180 ^ rebuffer241/A (sky130_fd_sc_hd__dlygate4sd1_1)
     1    0.002658    0.063227    0.435493   10.106672 ^ rebuffer241/X (sky130_fd_sc_hd__dlygate4sd1_1)
                                                         net1076 (net)
                      0.063227    0.000022   10.106694 ^ _13029_/C1 (sky130_fd_sc_hd__o2111ai_1)
     2    0.005002    0.263198    0.281132   10.387826 v _13029_/Y (sky130_fd_sc_hd__o2111ai_1)
                                                         _03956_ (net)
                      0.263198    0.000058   10.387884 v _13072_/B (sky130_fd_sc_hd__nand2_1)
     2    0.006938    0.140050    0.229855   10.617739 ^ _13072_/Y (sky130_fd_sc_hd__nand2_1)
                                                         _03998_ (net)
                      0.140050    0.000084   10.617824 ^ _13073_/A1 (sky130_fd_sc_hd__a21oi_1)
     1    0.002781    0.114872    0.147196   10.765019 v _13073_/Y (sky130_fd_sc_hd__a21oi_1)
                                                         _03999_ (net)
                      0.114872    0.000026   10.765045 v _13074_/B1 (sky130_fd_sc_hd__o21a_1)
     1    0.001889    0.057087    0.198540   10.963585 v _13074_/X (sky130_fd_sc_hd__o21a_1)
                                                         _00299_ (net)
                      0.057087    0.000016   10.963601 v _20659_/D (sky130_fd_sc_hd__dfxtp_1)
                                             10.963601   data arrival time

                                 10.000000   10.000000   clock clk (rise edge)
                                  0.000000   10.000000   clock source latency
     2    0.057730    0.261930    0.194083   10.194083 ^ clk (in)
                                                         clk (net)
                      0.261952    0.000000   10.194083 ^ clkbuf_0_clk/A (sky130_fd_sc_hd__clkbuf_16)
     8    0.192056    0.304107    0.500391   10.694474 ^ clkbuf_0_clk/X (sky130_fd_sc_hd__clkbuf_16)
                                                         clknet_0_clk (net)
                      0.304137    0.003152   10.697626 ^ clkbuf_3_2_0_clk/A (sky130_fd_sc_hd__clkbuf_16)
    10    0.154017    0.252671    0.475747   11.173373 ^ clkbuf_3_2_0_clk/X (sky130_fd_sc_hd__clkbuf_16)
                                                         clknet_3_2_0_clk (net)
                      0.253182    0.008032   11.181404 ^ clkbuf_leaf_16_clk/A (sky130_fd_sc_hd__clkbuf_16)
     7    0.039088    0.093614    0.331194   11.512598 ^ clkbuf_leaf_16_clk/X (sky130_fd_sc_hd__clkbuf_16)
                                                         clknet_leaf_16_clk (net)
                      0.093615    0.000470   11.513068 ^ _20659_/CLK (sky130_fd_sc_hd__dfxtp_1)
                                 -0.200000   11.313068   clock uncertainty
                                  0.000000   11.313068   clock reconvergence pessimism
                                 -0.257253   11.055816   library setup time
                                             11.055816   data required time
---------------------------------------------------------------------------------------------
                                             11.055816   data required time
                                            -10.963601   data arrival time
---------------------------------------------------------------------------------------------
                                              0.092214   slack (MET)




===========================================================================
report_checks --slack_max -0.01
============================================================================
======================= min_ss_100C_1v60 Corner ===================================

No paths found.


===========================================================================
 report_check_types -max_slew -max_cap -max_fanout -violators
============================================================================
======================= min_ss_100C_1v60 Corner ===================================



===========================================================================
report_parasitic_annotation -report_unannotated
============================================================================
Found 66 unannotated drivers.
 clkload0/Y
 clkload1/Y
 clkload10/X
 clkload11/X
 clkload12/X
 clkload13/X
 clkload14/X
 clkload15/Y
 clkload16/Y
 clkload17/Y
 clkload18/Y
 clkload19/Y
 clkload2/Y
 clkload20/Y
 clkload21/Y
 clkload22/Y
 clkload23/Y
 clkload24/Y
 clkload25/Y
 clkload26/Y
 clkload27/Y
 clkload28/Y
 clkload29/Y
 clkload3/Y
 clkload30/Y
 clkload31/X
 clkload32/Y
 clkload33/Y
 clkload34/Y
 clkload35/Y
 clkload36/Y
 clkload37/Y
 clkload38/Y
 clkload39/Y
 clkload4/Y
 clkload40/Y
 clkload41/Y
 clkload42/Y
 clkload43/Y
 clkload44/X
 clkload45/Y
 clkload46/Y
 clkload47/Y
 clkload48/Y
 clkload49/Y
 clkload5/Y
 clkload50/Y
 clkload51/Y
 clkload52/Y
 clkload53/Y
 clkload54/Y
 clkload55/Y
 clkload56/Y
 clkload57/Y
 clkload58/Y
 clkload59/Y
 clkload6/Y
 clkload60/X
 clkload61/Y
 clkload62/Y
 clkload63/X
 clkload64/X
 clkload65/Y
 clkload7/X
 clkload8/X
 clkload9/X
Found 0 partially unannotated drivers.

===========================================================================
max slew violation count 0
max fanout violation count 0
max cap violation count 0
============================================================================

===========================================================================
check_setup -verbose -unconstrained_endpoints -multiple_clock -no_clock -no_input_delay -loops -generated_clocks
===========================================================================
