Clock: clk
Sources: clk 
Generated: no
Virtual: yes
Propagated: no
Period: 10.000000

===========================================================================
report_clock_properties
============================================================================
Clock                   Period          Waveform
----------------------------------------------------
clk                  10.000000    0.000000  5.000000

===========================================================================
report_clock_latency
============================================================================
Clock clk
rise -> rise
    min     max
0.000000 0.000000 source latency
1.141076         network latency _20697_/CLK
        1.533257 network latency _20361_/CLK
---------------
1.141076 1.533257 latency
        0.392181 skew

fall -> fall
    min     max
0.000000 0.000000 source latency
0.973454         network latency _20697_/CLK
        1.346276 network latency _20361_/CLK
---------------
0.973454 1.346276 latency
        0.372822 skew



===========================================================================
report_clock_min_period
============================================================================
clk period_min = 9.91 fmax = 100.93
