if {[file exists ~/openlane2/my_script/script_matt.tcl]} {
    source ~/openlane2/my_script/script_matt.tcl
}
Reading OpenROAD database at '/home/hien/openlane2/designs/fn_pj/pipeline-mult/runs/MULT/36-openroad-resizertimingpostcts/mult_16x16.odb'…
Reading library file at '/home/hien/.volare/volare/sky130/versions/0fe599b2afb6708d281543108caf8310912f54af/sky130A/libs.ref/sky130_fd_sc_hd/lib/sky130_fd_sc_hd__tt_025C_1v80.lib'…
Reading design constraints file at '/home/hien/openlane2/designs/fn_pj/pipeline-mult/mult_16x16.sdc'…
[INFO] Setting signal min routing layer to: met1 and clock min routing layer to met1. 
[INFO] Setting signal max routing layer to: met5 and clock max routing layer to met5. 
-congestion_iterations 50 -verbose
[INFO GRT-0020] Min routing layer: met1
[INFO GRT-0021] Max routing layer: met5
[INFO GRT-0022] Global adjustment: 30%
[INFO GRT-0023] Grid origin: (0, 0)
[INFO GRT-0043] No OR_DEFAULT vias defined.
[INFO GRT-0088] Layer li1     Track-Pitch = 0.4600  line-2-Via Pitch: 0.3400
[INFO GRT-0088] Layer met1    Track-Pitch = 0.3400  line-2-Via Pitch: 0.3400
[INFO GRT-0088] Layer met2    Track-Pitch = 0.4600  line-2-Via Pitch: 0.3500
[INFO GRT-0088] Layer met3    Track-Pitch = 0.6800  line-2-Via Pitch: 0.6150
[INFO GRT-0088] Layer met4    Track-Pitch = 0.9200  line-2-Via Pitch: 1.0400
[INFO GRT-0088] Layer met5    Track-Pitch = 3.4000  line-2-Via Pitch: 3.1100
[INFO GRT-0019] Found 10 clock nets.
[INFO GRT-0001] Minimum degree: 2
[INFO GRT-0002] Maximum degree: 13
[INFO GRT-0003] Macros: 0
[INFO GRT-0043] No OR_DEFAULT vias defined.
[INFO GRT-0004] Blockages: 1141

[INFO GRT-0053] Routing resources analysis:
          Routing      Original      Derated      Resource
Layer     Direction    Resources     Resources    Reduction (%)
---------------------------------------------------------------
li1        Vertical            0             0          0.00%
met1       Horizontal      20864         10258          50.83%
met2       Vertical        15648         10080          35.58%
met3       Horizontal      10432          7028          32.63%
met4       Vertical         6336          3889          38.62%
met5       Horizontal       2080           961          53.80%
---------------------------------------------------------------

[INFO GRT-0101] Running extra iterations to remove overflow.
[INFO GRT-0197] Via related to pin nodes: 17747
[INFO GRT-0198] Via related Steiner nodes: 279
[INFO GRT-0199] Via filling finished.
[INFO GRT-0111] Final number of vias: 21941
[INFO GRT-0112] Final usage 3D: 76453

[INFO GRT-0096] Final congestion report:
Layer         Resource        Demand        Usage (%)    Max H / Max V / Total Overflow
---------------------------------------------------------------------------------------
li1                  0             0            0.00%             0 /  0 /  0
met1             10258          5071           49.43%             0 /  0 /  0
met2             10080          4399           43.64%             0 /  0 /  0
met3              7028           835           11.88%             0 /  0 /  0
met4              3889           325            8.36%             0 /  0 /  0
met5               961             0            0.00%             0 /  0 /  0
---------------------------------------------------------------------------------------
Total            32216         10630           33.00%             0 /  0 /  0

[INFO GRT-0018] Total wirelength: 122454 um
[INFO GRT-0014] Routed nets: 2894
%OL_CREATE_REPORT antenna.rpt
[INFO GRT-0043] No OR_DEFAULT vias defined.
Net: clknet_3_4__leaf_clk
  Pin:   _4985_/CLK (sky130_fd_sc_hd__dfxtp_1)
    Layer: mcon
      Partial area ratio:    0.18
      Required ratio:    3.00 (Gate area) 
      Cumulative area ratio:    0.18
      Required ratio:    0.00 (Cumulative area) 

    Layer: met1
      Partial area ratio:    7.27
      Required ratio:    0.00 (Gate area) 
      Cumulative area ratio:    7.27
      Required ratio:    0.00 (Cumulative area) 
      Partial area ratio:   34.76
      Required ratio:  400.00 (Side area) 
      Cumulative area ratio:   34.76
      Required ratio:    0.00 (Cumulative side area) 

    Layer: via
      Partial area ratio:    0.28
      Required ratio:    6.00 (Gate area) 
      Cumulative area ratio:    0.46
      Required ratio:    0.00 (Cumulative area) 

    Layer: met2
      Partial area ratio:    3.22
      Required ratio:    0.00 (Gate area) 
      Cumulative area ratio:   10.49
      Required ratio:    0.00 (Cumulative area) 
      Partial area ratio:   15.77
      Required ratio: 3872.32 (Side area) 
      Cumulative area ratio:   50.52
      Required ratio:    0.00 (Cumulative side area) 

    Layer: via2
      Partial area ratio:    0.02
      Required ratio:  120.51 (Gate area) 
      Cumulative area ratio:    0.49
      Required ratio:    0.00 (Cumulative area) 

    Layer: met3
      Partial area ratio:    0.07
      Required ratio:    0.00 (Gate area) 
      Cumulative area ratio:   10.56
      Required ratio:    0.00 (Cumulative area) 
      Partial area ratio:    0.64
      Required ratio: 3872.32 (Side area) 
      Cumulative area ratio:   51.16
      Required ratio:    0.00 (Cumulative side area) 

    Layer: via3
      Partial area ratio:    0.02
      Required ratio:  120.51 (Gate area) 
      Cumulative area ratio:    0.51
      Required ratio:    0.00 (Cumulative area) 

    Layer: met4
      Partial area ratio:   13.88
      Required ratio:    0.00 (Gate area) 
      Cumulative area ratio:   24.44
      Required ratio:    0.00 (Cumulative area) 
      Partial area ratio:   74.28
      Required ratio: 3872.32 (Side area) 
      Cumulative area ratio:  125.44
      Required ratio:    0.00 (Cumulative side area) 


  Pin:   _4986_/CLK (sky130_fd_sc_hd__dfxtp_1)
    Layer: mcon
      Partial area ratio:    0.18
      Required ratio:    3.00 (Gate area) 
      Cumulative area ratio:    0.18
      Required ratio:    0.00 (Cumulative area) 

    Layer: met1
      Partial area ratio:    7.27
      Required ratio:    0.00 (Gate area) 
      Cumulative area ratio:    7.27
      Required ratio:    0.00 (Cumulative area) 
      Partial area ratio:   34.76
      Required ratio:  400.00 (Side area) 
      Cumulative area ratio:   34.76
      Required ratio:    0.00 (Cumulative side area) 

    Layer: via
      Partial area ratio:    0.28
      Required ratio:    6.00 (Gate area) 
      Cumulative area ratio:    0.46
      Required ratio:    0.00 (Cumulative area) 

    Layer: met2
      Partial area ratio:    3.22
      Required ratio:    0.00 (Gate area) 
      Cumulative area ratio:   10.49
      Required ratio:    0.00 (Cumulative area) 
      Partial area ratio:   15.77
      Required ratio: 3872.32 (Side area) 
      Cumulative area ratio:   50.52
      Required ratio:    0.00 (Cumulative side area) 

    Layer: via2
      Partial area ratio:    0.02
      Required ratio:  120.51 (Gate area) 
      Cumulative area ratio:    0.49
      Required ratio:    0.00 (Cumulative area) 

    Layer: met3
      Partial area ratio:    0.07
      Required ratio:    0.00 (Gate area) 
      Cumulative area ratio:   10.56
      Required ratio:    0.00 (Cumulative area) 
      Partial area ratio:    0.64
      Required ratio: 3872.32 (Side area) 
      Cumulative area ratio:   51.16
      Required ratio:    0.00 (Cumulative side area) 

    Layer: via3
      Partial area ratio:    0.02
      Required ratio:  120.51 (Gate area) 
      Cumulative area ratio:    0.51
      Required ratio:    0.00 (Cumulative area) 

    Layer: met4
      Partial area ratio:   13.88
      Required ratio:    0.00 (Gate area) 
      Cumulative area ratio:   24.44
      Required ratio:    0.00 (Cumulative area) 
      Partial area ratio:   74.28
      Required ratio: 3872.32 (Side area) 
      Cumulative area ratio:  125.44
      Required ratio:    0.00 (Cumulative side area) 


  Pin:   _5023_/CLK (sky130_fd_sc_hd__dfxtp_1)
    Layer: mcon
      Partial area ratio:    0.18
      Required ratio:    3.00 (Gate area) 
      Cumulative area ratio:    0.18
      Required ratio:    0.00 (Cumulative area) 

    Layer: met1
      Partial area ratio:    4.93
      Required ratio:    0.00 (Gate area) 
      Cumulative area ratio:    4.93
      Required ratio:    0.00 (Cumulative area) 
      Partial area ratio:   23.47
      Required ratio:  400.00 (Side area) 
      Cumulative area ratio:   23.47
      Required ratio:    0.00 (Cumulative side area) 

    Layer: via
      Partial area ratio:    0.28
      Required ratio:    6.00 (Gate area) 
      Cumulative area ratio:    0.46
      Required ratio:    0.00 (Cumulative area) 

    Layer: met2
      Partial area ratio:    1.17
      Required ratio:    0.00 (Gate area) 
      Cumulative area ratio:    6.10
      Required ratio:    0.00 (Cumulative area) 
      Partial area ratio:    5.42
      Required ratio:  400.00 (Side area) 
      Cumulative area ratio:   28.88
      Required ratio:    0.00 (Cumulative side area) 

    Layer: via2
      Partial area ratio:    0.25
      Required ratio:    6.00 (Gate area) 
      Cumulative area ratio:    0.72
      Required ratio:    0.00 (Cumulative area) 

    Layer: met3
      Partial area ratio:  130.97
      Required ratio:    0.00 (Gate area) 
      Cumulative area ratio:  137.07
      Required ratio:    0.00 (Cumulative area) 
      Partial area ratio:  701.43
      Required ratio:  400.00 (Side area) (VIOLATED)
      Cumulative area ratio:  730.31
      Required ratio:    0.00 (Cumulative side area) 

    Layer: via3
      Partial area ratio:    0.25
      Required ratio:    6.00 (Gate area) 
      Cumulative area ratio:    0.97
      Required ratio:    0.00 (Cumulative area) 

    Layer: met4
      Partial area ratio:   13.88
      Required ratio:    0.00 (Gate area) 
      Cumulative area ratio:  150.95
      Required ratio:    0.00 (Cumulative area) 
      Partial area ratio:   74.28
      Required ratio: 3872.32 (Side area) 
      Cumulative area ratio:  804.59
      Required ratio:    0.00 (Cumulative side area) 


  Pin:   _5038_/CLK (sky130_fd_sc_hd__dfxtp_2)
    Layer: mcon
      Partial area ratio:    0.18
      Required ratio:    3.00 (Gate area) 
      Cumulative area ratio:    0.18
      Required ratio:    0.00 (Cumulative area) 

    Layer: met1
      Partial area ratio:    4.51
      Required ratio:    0.00 (Gate area) 
      Cumulative area ratio:    4.51
      Required ratio:    0.00 (Cumulative area) 
      Partial area ratio:   21.40
      Required ratio:  400.00 (Side area) 
      Cumulative area ratio:   21.40
      Required ratio:    0.00 (Cumulative side area) 

    Layer: via
      Partial area ratio:    0.28
      Required ratio:    6.00 (Gate area) 
      Cumulative area ratio:    0.46
      Required ratio:    0.00 (Cumulative area) 

    Layer: met2
      Partial area ratio:    3.22
      Required ratio:    0.00 (Gate area) 
      Cumulative area ratio:    7.73
      Required ratio:    0.00 (Cumulative area) 
      Partial area ratio:   15.77
      Required ratio: 3872.32 (Side area) 
      Cumulative area ratio:   37.16
      Required ratio:    0.00 (Cumulative side area) 

    Layer: via2
      Partial area ratio:    0.02
      Required ratio:  120.51 (Gate area) 
      Cumulative area ratio:    0.49
      Required ratio:    0.00 (Cumulative area) 

    Layer: met3
      Partial area ratio:    0.07
      Required ratio:    0.00 (Gate area) 
      Cumulative area ratio:    7.80
      Required ratio:    0.00 (Cumulative area) 
      Partial area ratio:    0.64
      Required ratio: 3872.32 (Side area) 
      Cumulative area ratio:   37.80
      Required ratio:    0.00 (Cumulative side area) 

    Layer: via3
      Partial area ratio:    0.02
      Required ratio:  120.51 (Gate area) 
      Cumulative area ratio:    0.51
      Required ratio:    0.00 (Cumulative area) 

    Layer: met4
      Partial area ratio:   13.88
      Required ratio:    0.00 (Gate area) 
      Cumulative area ratio:   21.68
      Required ratio:    0.00 (Cumulative area) 
      Partial area ratio:   74.28
      Required ratio: 3872.32 (Side area) 
      Cumulative area ratio:  112.08
      Required ratio:    0.00 (Cumulative side area) 


  Pin:   _5040_/CLK (sky130_fd_sc_hd__dfxtp_1)
    Layer: mcon
      Partial area ratio:    0.18
      Required ratio:    3.00 (Gate area) 
      Cumulative area ratio:    0.18
      Required ratio:    0.00 (Cumulative area) 

    Layer: met1
      Partial area ratio:   15.99
      Required ratio:    0.00 (Gate area) 
      Cumulative area ratio:   15.99
      Required ratio:    0.00 (Cumulative area) 
      Partial area ratio:   78.76
      Required ratio:  400.00 (Side area) 
      Cumulative area ratio:   78.76
      Required ratio:    0.00 (Cumulative side area) 

    Layer: via
      Partial area ratio:    0.28
      Required ratio:    6.00 (Gate area) 
      Cumulative area ratio:    0.46
      Required ratio:    0.00 (Cumulative area) 

    Layer: met2
      Partial area ratio:    3.22
      Required ratio:    0.00 (Gate area) 
      Cumulative area ratio:   19.20
      Required ratio:    0.00 (Cumulative area) 
      Partial area ratio:   15.77
      Required ratio: 3872.32 (Side area) 
      Cumulative area ratio:   94.53
      Required ratio:    0.00 (Cumulative side area) 

    Layer: via2
      Partial area ratio:    0.02
      Required ratio:  120.51 (Gate area) 
      Cumulative area ratio:    0.49
      Required ratio:    0.00 (Cumulative area) 

    Layer: met3
      Partial area ratio:    0.07
      Required ratio:    0.00 (Gate area) 
      Cumulative area ratio:   19.27
      Required ratio:    0.00 (Cumulative area) 
      Partial area ratio:    0.64
      Required ratio: 3872.32 (Side area) 
      Cumulative area ratio:   95.16
      Required ratio:    0.00 (Cumulative side area) 

    Layer: via3
      Partial area ratio:    0.02
      Required ratio:  120.51 (Gate area) 
      Cumulative area ratio:    0.51
      Required ratio:    0.00 (Cumulative area) 

    Layer: met4
      Partial area ratio:   13.88
      Required ratio:    0.00 (Gate area) 
      Cumulative area ratio:   33.16
      Required ratio:    0.00 (Cumulative area) 
      Partial area ratio:   74.28
      Required ratio: 3872.32 (Side area) 
      Cumulative area ratio:  169.44
      Required ratio:    0.00 (Cumulative side area) 


  Pin:   clkload3/A (sky130_fd_sc_hd__clkinv_4)
    Layer: mcon
      Partial area ratio:    0.03
      Required ratio:    3.00 (Gate area) 
      Cumulative area ratio:    0.03
      Required ratio:    0.00 (Cumulative area) 

    Layer: met1
      Partial area ratio:    1.09
      Required ratio:    0.00 (Gate area) 
      Cumulative area ratio:    1.09
      Required ratio:    0.00 (Cumulative area) 
      Partial area ratio:    5.18
      Required ratio:  400.00 (Side area) 
      Cumulative area ratio:    5.18
      Required ratio:    0.00 (Cumulative side area) 

    Layer: via
      Partial area ratio:    0.06
      Required ratio:    6.00 (Gate area) 
      Cumulative area ratio:    0.08
      Required ratio:    0.00 (Cumulative area) 

    Layer: met2
      Partial area ratio:    3.22
      Required ratio:    0.00 (Gate area) 
      Cumulative area ratio:    4.30
      Required ratio:    0.00 (Cumulative area) 
      Partial area ratio:   15.77
      Required ratio: 3872.32 (Side area) 
      Cumulative area ratio:   20.95
      Required ratio:    0.00 (Cumulative side area) 

    Layer: via2
      Partial area ratio:    0.02
      Required ratio:  120.51 (Gate area) 
      Cumulative area ratio:    0.11
      Required ratio:    0.00 (Cumulative area) 

    Layer: met3
      Partial area ratio:    0.07
      Required ratio:    0.00 (Gate area) 
      Cumulative area ratio:    4.37
      Required ratio:    0.00 (Cumulative area) 
      Partial area ratio:    0.64
      Required ratio: 3872.32 (Side area) 
      Cumulative area ratio:   21.58
      Required ratio:    0.00 (Cumulative side area) 

    Layer: via3
      Partial area ratio:    0.02
      Required ratio:  120.51 (Gate area) 
      Cumulative area ratio:    0.13
      Required ratio:    0.00 (Cumulative area) 

    Layer: met4
      Partial area ratio:   13.88
      Required ratio:    0.00 (Gate area) 
      Cumulative area ratio:   18.26
      Required ratio:    0.00 (Cumulative area) 
      Partial area ratio:   74.28
      Required ratio: 3872.32 (Side area) 
      Cumulative area ratio:   95.86
      Required ratio:    0.00 (Cumulative side area) 



[INFO ANT-0002] Found 1 net violations.
[INFO ANT-0001] Found 1 pin violations.
%OL_END_REPORT
[INFO] Setting RC values…
Setting global connections for newly added cells…
[INFO] Setting global connections...
Updating metrics…
Cell type report:                       Count       Area
  Fill cell                               148     555.53
  Tap cell                                608     760.73
  Clock buffer                              9     225.22
  Timing Repair Buffer                    295    1990.66
  Inverter                                 61     269.01
  Clock inverter                            7      71.32
  Sequential cell                          64    1293.74
  Multi-Input combinational cell         2431   21755.87
  Total                                  3623   26922.07
Writing OpenROAD database to '/home/hien/openlane2/designs/fn_pj/pipeline-mult/runs/MULT/38-openroad-globalrouting/mult_16x16.odb'…
Writing layout to '/home/hien/openlane2/designs/fn_pj/pipeline-mult/runs/MULT/38-openroad-globalrouting/mult_16x16.def'…
