if {[file exists ~/openlane2/my_script/script_matt.tcl]} {
    source ~/openlane2/my_script/script_matt.tcl
}
Reading OpenROAD database at '/home/hien/openlane2/designs/highspeed_pipelined_multiplier/runs/opti_6/25-odb-customioplacement/pipelined_mult.odb'…
Reading library file at '/home/hien/.volare/volare/sky130/versions/0fe599b2afb6708d281543108caf8310912f54af/sky130A/libs.ref/sky130_fd_sc_hd/lib/sky130_fd_sc_hd__tt_025C_1v80.lib'…
Reading design constraints file at '/home/hien/openlane2/designs/highspeed_pipelined_multiplier/src/pnr.sdc'…
[INFO] No information on clock propagation in input SDC file-- propagating all clocks.
[INFO] Setting RC values…
[INFO] Setting signal min routing layer to: met1 and clock min routing layer to met1. 
[INFO] Setting signal max routing layer to: met5 and clock max routing layer to met5. 
+ global_placement -density 0.7 -timing_driven -routability_driven -pad_right 0 -pad_left 0 -init_wirelength_coef 0.25
[INFO GPL-0002] DBU: 1000
[INFO GPL-0003] SiteSize: (  0.460  2.720 ) um
[INFO GPL-0004] CoreBBox: (  5.520 10.880 ) ( 794.420 788.800 ) um
[INFO GPL-0006] NumInstances:             19986
[INFO GPL-0007] NumPlaceInstances:        10630
[INFO GPL-0008] NumFixedInstances:         9356
[INFO GPL-0009] NumDummyInstances:            0
[INFO GPL-0010] NumNets:                  10696
[INFO GPL-0011] NumPins:                  43293
[INFO GPL-0012] DieBBox:  (  0.000  0.000 ) ( 800.000 800.000 ) um
[INFO GPL-0013] CoreBBox: (  5.520 10.880 ) ( 794.420 788.800 ) um
[INFO GPL-0016] CoreArea:            613701.088 um^2
[INFO GPL-0017] NonPlaceInstsArea:    13137.600 um^2
[INFO GPL-0018] PlaceInstsArea:      106514.656 um^2
[INFO GPL-0019] Util:                    17.736 %
[INFO GPL-0020] StdInstsArea:        106514.656 um^2
[INFO GPL-0021] MacroInstsArea:           0.000 um^2
[InitialPlace]  Iter: 1 CG residual: 0.00042855 HPWL: 327101453
[InitialPlace]  Iter: 2 CG residual: 0.00030292 HPWL: 164647250
[InitialPlace]  Iter: 3 CG residual: 0.00007124 HPWL: 164757067
[InitialPlace]  Iter: 4 CG residual: 0.00004826 HPWL: 165425426
[InitialPlace]  Iter: 5 CG residual: 0.00005821 HPWL: 165268445
[InitialPlace]  Iter: 6 CG residual: 0.00006187 HPWL: 165526474
[InitialPlace]  Iter: 7 CG residual: 0.00005579 HPWL: 165331723
[InitialPlace]  Iter: 8 CG residual: 0.00005769 HPWL: 165576649
[InitialPlace]  Iter: 9 CG residual: 0.00005115 HPWL: 165356291
[InitialPlace]  Iter: 10 CG residual: 0.00007993 HPWL: 165587118
[InitialPlace]  Iter: 11 CG residual: 0.00005321 HPWL: 165374902
[InitialPlace]  Iter: 12 CG residual: 0.00005503 HPWL: 165585700
[InitialPlace]  Iter: 13 CG residual: 0.00005136 HPWL: 165369531
[InitialPlace]  Iter: 14 CG residual: 0.00004970 HPWL: 165592701
[InitialPlace]  Iter: 15 CG residual: 0.00005235 HPWL: 165375103
[InitialPlace]  Iter: 16 CG residual: 0.00005079 HPWL: 165586343
[InitialPlace]  Iter: 17 CG residual: 0.00004690 HPWL: 165392844
[InitialPlace]  Iter: 18 CG residual: 0.00004568 HPWL: 165584287
[InitialPlace]  Iter: 19 CG residual: 0.00004551 HPWL: 165359749
[InitialPlace]  Iter: 20 CG residual: 0.00004252 HPWL: 165601527
[INFO GPL-0031] FillerInit:NumGCells:     43017
[INFO GPL-0032] FillerInit:NumGNets:      10696
[INFO GPL-0033] FillerInit:NumGPins:      43293
[INFO GPL-0023] TargetDensity:            0.700
[INFO GPL-0024] AvrgPlaceInstArea:       10.020 um^2
[INFO GPL-0025] IdealBinArea:            14.315 um^2
[INFO GPL-0026] IdealBinCnt:              42872
[INFO GPL-0027] TotalBinArea:        613701.088 um^2
[INFO GPL-0028] BinCnt:       128    128
[INFO GPL-0029] BinSize: (  6.164  6.078 )
[INFO GPL-0030] NumBins: 16384
[NesterovSolve] Iter:    1 overflow: 0.961 HPWL: 102012451
[NesterovSolve] Iter:   10 overflow: 0.905 HPWL: 118725406
[NesterovSolve] Iter:   20 overflow: 0.867 HPWL: 122578904
[NesterovSolve] Iter:   30 overflow: 0.837 HPWL: 132854135
[NesterovSolve] Iter:   40 overflow: 0.818 HPWL: 141730896
[NesterovSolve] Iter:   50 overflow: 0.809 HPWL: 145759411
[NesterovSolve] Iter:   60 overflow: 0.808 HPWL: 145342437
[NesterovSolve] Iter:   70 overflow: 0.812 HPWL: 143340548
[NesterovSolve] Iter:   80 overflow: 0.813 HPWL: 141953953
[NesterovSolve] Iter:   90 overflow: 0.814 HPWL: 141593226
[NesterovSolve] Iter:  100 overflow: 0.814 HPWL: 141880444
[NesterovSolve] Iter:  110 overflow: 0.814 HPWL: 142414030
[NesterovSolve] Iter:  120 overflow: 0.813 HPWL: 142915650
[NesterovSolve] Iter:  130 overflow: 0.813 HPWL: 143408458
[NesterovSolve] Iter:  140 overflow: 0.810 HPWL: 144224136
[NesterovSolve] Iter:  150 overflow: 0.807 HPWL: 145654249
[NesterovSolve] Iter:  160 overflow: 0.803 HPWL: 147887955
[NesterovSolve] Iter:  170 overflow: 0.796 HPWL: 151012893
[NesterovSolve] Iter:  180 overflow: 0.787 HPWL: 155207462
[INFO GPL-0100] Timing-driven: executing resizer for reweighting nets.
[INFO GPL-0101] Timing-driven: worst slack 3.75e-09
[INFO GPL-0103] Timing-driven: weighted 1069 nets.
[NesterovSolve] Iter:  190 overflow: 0.777 HPWL: 159773075
[NesterovSolve] Iter:  200 overflow: 0.765 HPWL: 164763733
[NesterovSolve] Iter:  210 overflow: 0.749 HPWL: 171560595
[NesterovSolve] Iter:  220 overflow: 0.725 HPWL: 178564725
[NesterovSolve] Iter:  230 overflow: 0.693 HPWL: 185479017
[NesterovSolve] Iter:  240 overflow: 0.660 HPWL: 192360505
[INFO GPL-0100] Timing-driven: executing resizer for reweighting nets.
[INFO GPL-0101] Timing-driven: worst slack 3.38e-09
[INFO GPL-0103] Timing-driven: weighted 1069 nets.
[NesterovSolve] Iter:  250 overflow: 0.626 HPWL: 198788808
[NesterovSolve] Snapshot saved at iter = 257
[NesterovSolve] Iter:  260 overflow: 0.592 HPWL: 202746133
[NesterovSolve] Iter:  270 overflow: 0.555 HPWL: 205899659
[NesterovSolve] Iter:  280 overflow: 0.510 HPWL: 212663040
[INFO GPL-0100] Timing-driven: executing resizer for reweighting nets.
[INFO GPL-0101] Timing-driven: worst slack 3.38e-09
[INFO GPL-0103] Timing-driven: weighted 1069 nets.
[NesterovSolve] Iter:  290 overflow: 0.465 HPWL: 213533653
[NesterovSolve] Iter:  300 overflow: 0.434 HPWL: 215869786
[NesterovSolve] Iter:  310 overflow: 0.391 HPWL: 220800660
[NesterovSolve] Iter:  320 overflow: 0.352 HPWL: 223061656
[NesterovSolve] Iter:  330 overflow: 0.321 HPWL: 226119637
[INFO GPL-0075] Routability numCall: 1 inflationIterCnt: 1 bloatIterCnt: 0
[INFO GPL-0036] TileBBox: (    0    0 ) ( 6900 6900 ) DBU
[INFO GPL-0038] TileCnt:     115  115
[INFO GPL-0040] NumTiles: 13225
[INFO GPL-0081] TotalRouteOverflow: 0.2300245761871338
[INFO GPL-0082] OverflowTileCnt: 8
[INFO GPL-0083] 0.5%RC: 0.9332012792131794
[INFO GPL-0084] 1.0%RC: 0.8940660612923759
[INFO GPL-0085] 2.0%RC: 0.8524624473643753
[INFO GPL-0086] 5.0%RC: 0.7894272402694218
[INFO GPL-0087] FinalRC: 0.91363364
[INFO GPL-0077] FinalRC lower than targetRC(1.01), routability not needed.
[NesterovSolve] Iter:  340 overflow: 0.296 HPWL: 227989253
[INFO GPL-0100] Timing-driven: executing resizer for reweighting nets.
[INFO GPL-0101] Timing-driven: worst slack 3.2e-09
[INFO GPL-0103] Timing-driven: weighted 1066 nets.
[NesterovSolve] Iter:  350 overflow: 0.269 HPWL: 229828471
[NesterovSolve] Iter:  360 overflow: 0.248 HPWL: 231122141
[NesterovSolve] Iter:  370 overflow: 0.224 HPWL: 231638614
[NesterovSolve] Iter:  380 overflow: 0.203 HPWL: 232563250
[INFO GPL-0100] Timing-driven: executing resizer for reweighting nets.
[INFO GPL-0101] Timing-driven: worst slack 3.25e-09
[INFO GPL-0103] Timing-driven: weighted 1068 nets.
[NesterovSolve] Iter:  390 overflow: 0.185 HPWL: 233508889
[NesterovSolve] Iter:  400 overflow: 0.166 HPWL: 234663907
[NesterovSolve] Iter:  410 overflow: 0.147 HPWL: 235510764
[INFO GPL-0100] Timing-driven: executing resizer for reweighting nets.
[INFO GPL-0101] Timing-driven: worst slack 3.34e-09
[INFO GPL-0103] Timing-driven: weighted 1069 nets.
[NesterovSolve] Iter:  420 overflow: 0.131 HPWL: 236661818
[NesterovSolve] Iter:  430 overflow: 0.114 HPWL: 237464629
[NesterovSolve] Finished with Overflow: 0.099979
[INFO] Setting RC values…
Setting global connections for newly added cells…
[INFO] Setting global connections...
Updating metrics…
Cell type report:                       Count       Area
  Fill cell                               572    2147.06
  Tap cell                               8784   10990.54
  Inverter                                178     668.14
  Sequential cell                         450    9571.68
  Multi-Input combinational cell        10002   96274.84
  Total                                 19986  119652.26
Writing OpenROAD database to '/home/hien/openlane2/designs/highspeed_pipelined_multiplier/runs/opti_6/27-openroad-globalplacement/pipelined_mult.odb'…
Writing netlist to '/home/hien/openlane2/designs/highspeed_pipelined_multiplier/runs/opti_6/27-openroad-globalplacement/pipelined_mult.nl.v'…
Writing powered netlist to '/home/hien/openlane2/designs/highspeed_pipelined_multiplier/runs/opti_6/27-openroad-globalplacement/pipelined_mult.pnl.v'…
Writing layout to '/home/hien/openlane2/designs/highspeed_pipelined_multiplier/runs/opti_6/27-openroad-globalplacement/pipelined_mult.def'…
Writing timing constraints to '/home/hien/openlane2/designs/highspeed_pipelined_multiplier/runs/opti_6/27-openroad-globalplacement/pipelined_mult.sdc'…
