Clock: clk
Sources: clk 
Generated: no
Virtual: yes
Propagated: no
Period: 10.000000

===========================================================================
report_clock_properties
============================================================================
Clock                   Period          Waveform
----------------------------------------------------
clk                  10.000000    0.000000  5.000000

===========================================================================
report_clock_latency
============================================================================
Clock clk
rise -> rise
    min     max
0.000000 0.000000 source latency
0.532593         network latency _20688_/CLK
        0.722664 network latency _20510_/CLK
---------------
0.532593 0.722664 latency
        0.190071 skew

fall -> fall
    min     max
0.000000 0.000000 source latency
0.476799         network latency _20688_/CLK
        0.657264 network latency _20510_/CLK
---------------
0.476799 0.657264 latency
        0.180465 skew



===========================================================================
report_clock_min_period
============================================================================
clk period_min = 6.20 fmax = 161.35
