                                                                        Cells by Master                                                                         
┏━━━━━━━━━━━━━━━━━━━━━━━━━━━━━━━━━━━━━━━━━━━━━━━━━━━━━━━━━━━━━━━━━━━━━━━━━━━━━━━━━━━━━━━━━━━━━━━━━━━━━━━━━━━━━━━━━━━━━━━━━━━━━━━━━┳━━━━━━━━━━━━━━━━━━━━━━━━━━━━┓
┃ Cell                                                                                                                            ┃ Count                      ┃
┡━━━━━━━━━━━━━━━━━━━━━━━━━━━━━━━━━━━━━━━━━━━━━━━━━━━━━━━━━━━━━━━━━━━━━━━━━━━━━━━━━━━━━━━━━━━━━━━━━━━━━━━━━━━━━━━━━━━━━━━━━━━━━━━━━╇━━━━━━━━━━━━━━━━━━━━━━━━━━━━┩
│ add3x64                                                                                                                         │ 1                          │
│ mult_16x16                                                                                                                      │ 4                          │
│ sky130_ef_sc_hd__decap_12                                                                                                       │ 9944                       │
│ sky130_fd_sc_hd__a211o_1                                                                                                        │ 1                          │
│ sky130_fd_sc_hd__a211oi_1                                                                                                       │ 1                          │
│ sky130_fd_sc_hd__a21bo_1                                                                                                        │ 4                          │
│ sky130_fd_sc_hd__a21boi_1                                                                                                       │ 2                          │
│ sky130_fd_sc_hd__a21o_1                                                                                                         │ 4                          │
│ sky130_fd_sc_hd__a21oi_1                                                                                                        │ 30                         │
│ sky130_fd_sc_hd__a21oi_2                                                                                                        │ 2                          │
│ sky130_fd_sc_hd__a22o_1                                                                                                         │ 3                          │
│ sky130_fd_sc_hd__a22oi_1                                                                                                        │ 1                          │
│ sky130_fd_sc_hd__a22oi_2                                                                                                        │ 2                          │
│ sky130_fd_sc_hd__a22oi_4                                                                                                        │ 1                          │
│ sky130_fd_sc_hd__a2bb2o_1                                                                                                       │ 3                          │
│ sky130_fd_sc_hd__a31o_1                                                                                                         │ 6                          │
│ sky130_fd_sc_hd__a31oi_1                                                                                                        │ 1                          │
│ sky130_fd_sc_hd__a31oi_4                                                                                                        │ 1                          │
│ sky130_fd_sc_hd__a41o_1                                                                                                         │ 1                          │
│ sky130_fd_sc_hd__and2_1                                                                                                         │ 164                        │
│ sky130_fd_sc_hd__and2_2                                                                                                         │ 17                         │
│ sky130_fd_sc_hd__and2b_1                                                                                                        │ 6                          │
│ sky130_fd_sc_hd__and3_1                                                                                                         │ 9                          │
│ sky130_fd_sc_hd__buf_1                                                                                                          │ 7                          │
│ sky130_fd_sc_hd__buf_12                                                                                                         │ 2                          │
│ sky130_fd_sc_hd__buf_2                                                                                                          │ 64                         │
│ sky130_fd_sc_hd__buf_4                                                                                                          │ 77                         │
│ sky130_fd_sc_hd__buf_6                                                                                                          │ 7                          │
│ sky130_fd_sc_hd__clkbuf_1                                                                                                       │ 1                          │
│ sky130_fd_sc_hd__clkbuf_16                                                                                                      │ 23                         │
│ sky130_fd_sc_hd__clkbuf_2                                                                                                       │ 1                          │
│ sky130_fd_sc_hd__clkbuf_4                                                                                                       │ 14                         │
│ sky130_fd_sc_hd__clkbuf_8                                                                                                       │ 14                         │
│ sky130_fd_sc_hd__clkinv_16                                                                                                      │ 2                          │
│ sky130_fd_sc_hd__clkinv_8                                                                                                       │ 3                          │
│ sky130_fd_sc_hd__conb_1                                                                                                         │ 95                         │
│ sky130_fd_sc_hd__decap_3                                                                                                        │ 2095                       │
│ sky130_fd_sc_hd__decap_4                                                                                                        │ 482                        │
│ sky130_fd_sc_hd__decap_6                                                                                                        │ 1954                       │
│ sky130_fd_sc_hd__decap_8                                                                                                        │ 365                        │
│ sky130_fd_sc_hd__dfxtp_1                                                                                                        │ 189                        │
│ sky130_fd_sc_hd__dfxtp_2                                                                                                        │ 5                          │
│ sky130_fd_sc_hd__diode_2                                                                                                        │ 1387                       │
│ sky130_fd_sc_hd__dlygate4sd3_1                                                                                                  │ 92                         │
│ sky130_fd_sc_hd__fill_1                                                                                                         │ 2754                       │
│ sky130_fd_sc_hd__fill_2                                                                                                         │ 325                        │
│ sky130_fd_sc_hd__inv_2                                                                                                          │ 5                          │
│ sky130_fd_sc_hd__inv_6                                                                                                          │ 7                          │
│ sky130_fd_sc_hd__inv_8                                                                                                          │ 4                          │
│ sky130_fd_sc_hd__nand2_1                                                                                                        │ 29                         │
│ sky130_fd_sc_hd__nand2_2                                                                                                        │ 3                          │
│ sky130_fd_sc_hd__nand2b_1                                                                                                       │ 11                         │
│ sky130_fd_sc_hd__nand4_1                                                                                                        │ 2                          │
│ sky130_fd_sc_hd__nand4_2                                                                                                        │ 1                          │
│ sky130_fd_sc_hd__nand4_4                                                                                                        │ 1                          │
│ sky130_fd_sc_hd__nand4b_1                                                                                                       │ 2                          │
│ sky130_fd_sc_hd__nor2_1                                                                                                         │ 36                         │
│ sky130_fd_sc_hd__nor2_2                                                                                                         │ 1                          │
│ sky130_fd_sc_hd__nor3_1                                                                                                         │ 2                          │
│ sky130_fd_sc_hd__nor4_1                                                                                                         │ 1                          │
│ sky130_fd_sc_hd__o2111a_1                                                                                                       │ 1                          │
│ sky130_fd_sc_hd__o2111ai_1                                                                                                      │ 1                          │
│ sky130_fd_sc_hd__o211a_1                                                                                                        │ 3                          │
│ sky130_fd_sc_hd__o211ai_1                                                                                                       │ 7                          │
│ sky130_fd_sc_hd__o211ai_4                                                                                                       │ 1                          │
│ sky130_fd_sc_hd__o21a_1                                                                                                         │ 15                         │
│ sky130_fd_sc_hd__o21ai_1                                                                                                        │ 14                         │
│ sky130_fd_sc_hd__o21ai_2                                                                                                        │ 2                          │
│ sky130_fd_sc_hd__o21ba_1                                                                                                        │ 1                          │
│ sky130_fd_sc_hd__o21bai_1                                                                                                       │ 3                          │
│ sky130_fd_sc_hd__o21bai_2                                                                                                       │ 3                          │
│ sky130_fd_sc_hd__o221ai_1                                                                                                       │ 1                          │
│ sky130_fd_sc_hd__o22ai_1                                                                                                        │ 2                          │
│ sky130_fd_sc_hd__o22ai_4                                                                                                        │ 1                          │
│ sky130_fd_sc_hd__o2bb2a_1                                                                                                       │ 2                          │
│ sky130_fd_sc_hd__o2bb2ai_1                                                                                                      │ 2                          │
│ sky130_fd_sc_hd__o311a_1                                                                                                        │ 1                          │
│ sky130_fd_sc_hd__o31a_1                                                                                                         │ 5                          │
│ sky130_fd_sc_hd__o31a_2                                                                                                         │ 2                          │
│ sky130_fd_sc_hd__o31ai_1                                                                                                        │ 1                          │
│ sky130_fd_sc_hd__or2_1                                                                                                          │ 5                          │
│ sky130_fd_sc_hd__or2_2                                                                                                          │ 1                          │
│ sky130_fd_sc_hd__or3_1                                                                                                          │ 4                          │
│ sky130_fd_sc_hd__or3b_1                                                                                                         │ 2                          │
│ sky130_fd_sc_hd__or4_1                                                                                                          │ 1                          │
│ sky130_fd_sc_hd__or4bb_1                                                                                                        │ 1                          │
│ sky130_fd_sc_hd__tapvpwrvgnd_1                                                                                                  │ 2865                       │
│ sky130_fd_sc_hd__xnor2_4                                                                                                        │ 1                          │
│ sky130_fd_sc_hd__xor2_1                                                                                                         │ 3                          │
│ sky130_fd_sc_hd__xor2_2                                                                                                         │ 2                          │
└─────────────────────────────────────────────────────────────────────────────────────────────────────────────────────────────────┴────────────────────────────┘
