Clock: clk
Sources: clk 
Generated: no
Virtual: yes
Propagated: no
Period: 10.000000

===========================================================================
report_clock_properties
============================================================================
Clock                   Period          Waveform
----------------------------------------------------
clk                  10.000000    0.000000  5.000000

===========================================================================
report_clock_latency
============================================================================
Clock clk
rise -> rise
    min     max
0.000000 0.000000 source latency
0.505290         network latency _20688_/CLK
        0.664823 network latency _20484_/CLK
---------------
0.505290 0.664823 latency
        0.159533 skew

fall -> fall
    min     max
0.000000 0.000000 source latency
0.430973         network latency _20688_/CLK
        0.580283 network latency _20484_/CLK
---------------
0.430973 0.580283 latency
        0.149310 skew



===========================================================================
report_clock_min_period
============================================================================
clk period_min = 3.65 fmax = 273.86
