[WARNING ORD-0039] .openroad ignored with -python
Unannotated report:
['report_parasitic_annotation -report_unannotated\n',
 '============================================================================\n',
 'Found 55 unannotated drivers.\n',
 ' clkload0/Y\n',
 ' clkload1/Y\n',
 ' clkload10/Y\n',
 ' clkload11/Y\n',
 ' clkload12/Y\n',
 ' clkload13/Y\n',
 ' clkload14/Y\n',
 ' clkload15/X\n',
 ' clkload16/Y\n',
 ' clkload17/X\n',
 ' clkload18/X\n',
 ' clkload19/X\n',
 ' clkload2/Y\n',
 ' clkload20/X\n',
 ' clkload21/Y\n',
 ' clkload22/Y\n',
 ' clkload23/Y\n',
 ' clkload24/X\n',
 ' clkload25/X\n',
 ' clkload26/Y\n',
 ' clkload27/X\n',
 ' clkload28/X\n',
 ' clkload29/Y\n',
 ' clkload3/Y\n',
 ' clkload30/Y\n',
 ' clkload31/Y\n',
 ' clkload32/Y\n',
 ' clkload33/Y\n',
 ' clkload34/Y\n',
 ' clkload35/Y\n',
 ' clkload36/Y\n',
 ' clkload37/Y\n',
 ' clkload38/Y\n',
 ' clkload39/Y\n',
 ' clkload4/Y\n',
 ' clkload40/Y\n',
 ' clkload41/Y\n',
 ' clkload42/Y\n',
 ' clkload43/Y\n',
 ' clkload44/X\n',
 ' clkload45/Y\n',
 ' clkload46/Y\n',
 ' clkload47/X\n',
 ' clkload48/Y\n',
 ' clkload49/X\n',
 ' clkload5/Y\n',
 ' clkload50/Y\n',
 ' clkload51/Y\n',
 ' clkload52/Y\n',
 ' clkload53/X\n',
 ' clkload54/Y\n',
 ' clkload6/Y\n',
 ' clkload7/Y\n',
 ' clkload8/Y\n',
 ' clkload9/Y\n',
 'Found 0 partially unannotated drivers.\n',
 '\n']
Reported nets:
['clkload0/Y',
 'clkload1/Y',
 'clkload10/Y',
 'clkload11/Y',
 'clkload12/Y',
 'clkload13/Y',
 'clkload14/Y',
 'clkload15/X',
 'clkload16/Y',
 'clkload17/X',
 'clkload18/X',
 'clkload19/X',
 'clkload2/Y',
 'clkload20/X',
 'clkload21/Y',
 'clkload22/Y',
 'clkload23/Y',
 'clkload24/X',
 'clkload25/X',
 'clkload26/Y',
 'clkload27/X',
 'clkload28/X',
 'clkload29/Y',
 'clkload3/Y',
 'clkload30/Y',
 'clkload31/Y',
 'clkload32/Y',
 'clkload33/Y',
 'clkload34/Y',
 'clkload35/Y',
 'clkload36/Y',
 'clkload37/Y',
 'clkload38/Y',
 'clkload39/Y',
 'clkload4/Y',
 'clkload40/Y',
 'clkload41/Y',
 'clkload42/Y',
 'clkload43/Y',
 'clkload44/X',
 'clkload45/Y',
 'clkload46/Y',
 'clkload47/X',
 'clkload48/Y',
 'clkload49/X',
 'clkload5/Y',
 'clkload50/Y',
 'clkload51/Y',
 'clkload52/Y',
 'clkload53/X',
 'clkload54/Y',
 'clkload6/Y',
 'clkload7/Y',
 'clkload8/Y',
 'clkload9/Y']
Filtered nets:
[]
done
