Clock: clk
Sources: clk 
Generated: no
Virtual: yes
Propagated: no
Period: 10.000000

===========================================================================
report_clock_properties
============================================================================
Clock                   Period          Waveform
----------------------------------------------------
clk                  10.000000    0.000000  5.000000

===========================================================================
report_clock_latency
============================================================================
Clock clk
rise -> rise
    min     max
0.000000 0.000000 source latency
0.698514         network latency _20650_/CLK
        0.922071 network latency _20484_/CLK
---------------
0.698514 0.922071 latency
        0.223558 skew

fall -> fall
    min     max
0.000000 0.000000 source latency
0.586444         network latency _20650_/CLK
        0.792585 network latency _20484_/CLK
---------------
0.586444 0.792585 latency
        0.206141 skew



===========================================================================
report_clock_min_period
============================================================================
clk period_min = 5.38 fmax = 185.92
