
===========================================================================
report_checks -unconstrained
===========================================================================
======================= nom_tt_025C_1v80 Corner ===================================

Startpoint: _20786_ (rising edge-triggered flip-flop clocked by clk)
Endpoint: _20728_ (rising edge-triggered flip-flop clocked by clk)
Path Group: clk
Path Type: max

Fanout         Cap        Slew       Delay        Time   Description
---------------------------------------------------------------------------------------------
                                  0.000000    0.000000   clock clk (rise edge)
                                  0.000000    0.000000   clock source latency
     1    0.032532    0.097693    0.071348    0.071348 ^ clk (in)
                                                         clk (net)
                      0.097761    0.000000    0.071348 ^ clkbuf_0_clk/A (sky130_fd_sc_hd__clkbuf_16)
     8    0.127423    0.140180    0.223354    0.294701 ^ clkbuf_0_clk/X (sky130_fd_sc_hd__clkbuf_16)
                                                         clknet_0_clk (net)
                      0.140415    0.004610    0.299311 ^ clkbuf_3_3_0_clk/A (sky130_fd_sc_hd__clkbuf_16)
    12    0.136287    0.149164    0.244964    0.544275 ^ clkbuf_3_3_0_clk/X (sky130_fd_sc_hd__clkbuf_16)
                                                         clknet_3_3_0_clk (net)
                      0.149284    0.002333    0.546607 ^ clkbuf_leaf_24_clk/A (sky130_fd_sc_hd__clkbuf_16)
    17    0.041080    0.061370    0.179376    0.725984 ^ clkbuf_leaf_24_clk/X (sky130_fd_sc_hd__clkbuf_16)
                                                         clknet_leaf_24_clk (net)
                      0.061370    0.000100    0.726084 ^ _20786_/CLK (sky130_fd_sc_hd__dfxtp_1)
     2    0.018379    0.178228    0.406780    1.132863 ^ _20786_/Q (sky130_fd_sc_hd__dfxtp_1)
                                                         a_l[8] (net)
                      0.178228    0.000551    1.133414 ^ wire620/A (sky130_fd_sc_hd__buf_6)
    18    0.087210    0.175470    0.232861    1.366275 ^ wire620/X (sky130_fd_sc_hd__buf_6)
                                                         net620 (net)
                      0.175609    0.004072    1.370346 ^ max_cap619/A (sky130_fd_sc_hd__buf_6)
    13    0.085259    0.172165    0.231559    1.601906 ^ max_cap619/X (sky130_fd_sc_hd__buf_6)
                                                         net619 (net)
                      0.172168    0.001066    1.602972 ^ max_cap618/A (sky130_fd_sc_hd__buf_8)
    12    0.073254    0.124274    0.194289    1.797261 ^ max_cap618/X (sky130_fd_sc_hd__buf_8)
                                                         net618 (net)
                      0.124274    0.000359    1.797620 ^ max_cap617/A (sky130_fd_sc_hd__buf_8)
    20    0.082990    0.138864    0.192334    1.989954 ^ max_cap617/X (sky130_fd_sc_hd__buf_8)
                                                         net617 (net)
                      0.138936    0.001508    1.991462 ^ max_cap616/A (sky130_fd_sc_hd__buf_6)
    12    0.084932    0.171687    0.222318    2.213780 ^ max_cap616/X (sky130_fd_sc_hd__buf_6)
                                                         net616 (net)
                      0.171772    0.003160    2.216940 ^ max_cap615/A (sky130_fd_sc_hd__buf_8)
    18    0.083364    0.139727    0.204351    2.421290 ^ max_cap615/X (sky130_fd_sc_hd__buf_8)
                                                         net615 (net)
                      0.139750    0.001785    2.423075 ^ _10190_/A (sky130_fd_sc_hd__inv_8)
    20    0.125421    0.090924    0.108719    2.531794 v _10190_/Y (sky130_fd_sc_hd__inv_8)
                                                         _09253_ (net)
                      0.092890    0.010542    2.542336 v _15887_/A1 (sky130_fd_sc_hd__o211ai_4)
     3    0.017352    0.209176    0.246228    2.788564 ^ _15887_/Y (sky130_fd_sc_hd__o211ai_4)
                                                         _06765_ (net)
                      0.209176    0.000066    2.788630 ^ _15892_/C (sky130_fd_sc_hd__nand3_2)
     4    0.015490    0.116372    0.148398    2.937028 v _15892_/Y (sky130_fd_sc_hd__nand3_2)
                                                         _06770_ (net)
                      0.116372    0.000013    2.937040 v _15908_/A2_N (sky130_fd_sc_hd__o2bb2ai_1)
     1    0.008761    0.098626    0.181612    3.118652 v _15908_/Y (sky130_fd_sc_hd__o2bb2ai_1)
                                                         _06786_ (net)
                      0.098626    0.000010    3.118663 v _15909_/A (sky130_fd_sc_hd__nand3_4)
     7    0.032372    0.129487    0.128124    3.246786 ^ _15909_/Y (sky130_fd_sc_hd__nand3_4)
                                                         _06787_ (net)
                      0.129487    0.000499    3.247285 ^ _15978_/B1_N (sky130_fd_sc_hd__a21boi_1)
     1    0.002471    0.101125    0.163735    3.411020 ^ _15978_/Y (sky130_fd_sc_hd__a21boi_1)
                                                         _06855_ (net)
                      0.101125    0.000004    3.411024 ^ wire274/A (sky130_fd_sc_hd__buf_1)
     1    0.010066    0.128532    0.154277    3.565301 ^ wire274/X (sky130_fd_sc_hd__buf_1)
                                                         net274 (net)
                      0.128532    0.000032    3.565333 ^ _16050_/B1 (sky130_fd_sc_hd__o211ai_4)
     6    0.015278    0.081131    0.112492    3.677824 v _16050_/Y (sky130_fd_sc_hd__o211ai_4)
                                                         _06927_ (net)
                      0.081131    0.000044    3.677869 v _16055_/A (sky130_fd_sc_hd__nand2_1)
     2    0.012476    0.128941    0.130207    3.808075 ^ _16055_/Y (sky130_fd_sc_hd__nand2_1)
                                                         _06932_ (net)
                      0.128941    0.000005    3.808081 ^ _16076_/B (sky130_fd_sc_hd__nand2_1)
     3    0.008847    0.074105    0.104730    3.912810 v _16076_/Y (sky130_fd_sc_hd__nand2_1)
                                                         _06952_ (net)
                      0.074105    0.000036    3.912846 v _16170_/A (sky130_fd_sc_hd__nand3_2)
     3    0.012564    0.093731    0.097568    4.010414 ^ _16170_/Y (sky130_fd_sc_hd__nand3_2)
                                                         _07046_ (net)
                      0.093731    0.000026    4.010440 ^ _16173_/A2_N (sky130_fd_sc_hd__o2bb2ai_1)
     2    0.004996    0.148909    0.131021    4.141461 ^ _16173_/Y (sky130_fd_sc_hd__o2bb2ai_1)
                                                         _07049_ (net)
                      0.148909    0.000002    4.141463 ^ max_cap160/A (sky130_fd_sc_hd__buf_1)
     2    0.007631    0.100817    0.144389    4.285852 ^ max_cap160/X (sky130_fd_sc_hd__buf_1)
                                                         net160 (net)
                      0.100817    0.000018    4.285870 ^ _16176_/A2 (sky130_fd_sc_hd__a21o_1)
     4    0.014878    0.135022    0.192979    4.478849 ^ _16176_/X (sky130_fd_sc_hd__a21o_1)
                                                         _07052_ (net)
                      0.135022    0.000187    4.479036 ^ _16183_/D1 (sky130_fd_sc_hd__o2111a_1)
     2    0.007474    0.093168    0.219058    4.698094 ^ _16183_/X (sky130_fd_sc_hd__o2111a_1)
                                                         _07058_ (net)
                      0.093168    0.000024    4.698119 ^ _16185_/A1_N (sky130_fd_sc_hd__o2bb2ai_2)
     5    0.016303    0.222494    0.163169    4.861288 ^ _16185_/Y (sky130_fd_sc_hd__o2bb2ai_2)
                                                         _07060_ (net)
                      0.222495    0.000322    4.861610 ^ _16565_/A (sky130_fd_sc_hd__nand2_1)
     2    0.015023    0.131864    0.163892    5.025502 v _16565_/Y (sky130_fd_sc_hd__nand2_1)
                                                         _07438_ (net)
                      0.131864    0.000153    5.025656 v _16716_/B1 (sky130_fd_sc_hd__a22oi_4)
     3    0.021527    0.224354    0.226232    5.251888 ^ _16716_/Y (sky130_fd_sc_hd__a22oi_4)
                                                         _07587_ (net)
                      0.224355    0.000792    5.252680 ^ _17761_/A1 (sky130_fd_sc_hd__a21oi_2)
     3    0.014886    0.091735    0.123420    5.376100 v _17761_/Y (sky130_fd_sc_hd__a21oi_2)
                                                         _08624_ (net)
                      0.091735    0.000339    5.376439 v _17917_/A2 (sky130_fd_sc_hd__o21bai_1)
     2    0.007052    0.185414    0.191745    5.568184 ^ _17917_/Y (sky130_fd_sc_hd__o21bai_1)
                                                         _08776_ (net)
                      0.185414    0.000053    5.568237 ^ _17951_/A1 (sky130_fd_sc_hd__a211oi_1)
     1    0.002697    0.070436    0.097772    5.666008 v _17951_/Y (sky130_fd_sc_hd__a211oi_1)
                                                         _08808_ (net)
                      0.070436    0.000006    5.666014 v _17954_/B (sky130_fd_sc_hd__nor3_1)
     1    0.005982    0.225988    0.234244    5.900258 ^ _17954_/Y (sky130_fd_sc_hd__nor3_1)
                                                         _00368_ (net)
                      0.225988    0.000105    5.900363 ^ wire130/A (sky130_fd_sc_hd__clkbuf_1)
     1    0.005838    0.078771    0.140971    6.041335 ^ wire130/X (sky130_fd_sc_hd__clkbuf_1)
                                                         net130 (net)
                      0.078771    0.000103    6.041437 ^ _20728_/D (sky130_fd_sc_hd__dfxtp_1)
                                              6.041437   data arrival time

                                 10.000000   10.000000   clock clk (rise edge)
                                  0.000000   10.000000   clock source latency
     1    0.032532    0.097693    0.071347   10.071347 ^ clk (in)
                                                         clk (net)
                      0.097761    0.000000   10.071347 ^ clkbuf_0_clk/A (sky130_fd_sc_hd__clkbuf_16)
     8    0.127423    0.140180    0.223354   10.294702 ^ clkbuf_0_clk/X (sky130_fd_sc_hd__clkbuf_16)
                                                         clknet_0_clk (net)
                      0.140415    0.004610   10.299311 ^ clkbuf_3_3_0_clk/A (sky130_fd_sc_hd__clkbuf_16)
    12    0.136287    0.149164    0.244964   10.544275 ^ clkbuf_3_3_0_clk/X (sky130_fd_sc_hd__clkbuf_16)
                                                         clknet_3_3_0_clk (net)
                      0.149273    0.002093   10.546368 ^ clkbuf_leaf_25_clk/A (sky130_fd_sc_hd__clkbuf_16)
     3    0.033257    0.054571    0.173538   10.719905 ^ clkbuf_leaf_25_clk/X (sky130_fd_sc_hd__clkbuf_16)
                                                         clknet_leaf_25_clk (net)
                      0.054571    0.000018   10.719923 ^ _20728_/CLK (sky130_fd_sc_hd__dfxtp_1)
                                 -1.500000    9.219923   clock uncertainty
                                  0.000000    9.219923   clock reconvergence pessimism
                                 -0.060417    9.159506   library setup time
                                              9.159506   data required time
---------------------------------------------------------------------------------------------
                                              9.159506   data required time
                                             -6.041437   data arrival time
---------------------------------------------------------------------------------------------
                                              3.118068   slack (MET)




===========================================================================
report_checks --slack_max -0.01
============================================================================
======================= nom_tt_025C_1v80 Corner ===================================

No paths found.


===========================================================================
 report_check_types -max_slew -max_cap -max_fanout -violators
============================================================================
======================= nom_tt_025C_1v80 Corner ===================================



===========================================================================
report_parasitic_annotation -report_unannotated
============================================================================
Found 66 unannotated drivers.
 clkload0/Y
 clkload1/Y
 clkload10/X
 clkload11/X
 clkload12/X
 clkload13/X
 clkload14/X
 clkload15/Y
 clkload16/Y
 clkload17/Y
 clkload18/Y
 clkload19/Y
 clkload2/Y
 clkload20/Y
 clkload21/Y
 clkload22/Y
 clkload23/Y
 clkload24/Y
 clkload25/Y
 clkload26/Y
 clkload27/Y
 clkload28/Y
 clkload29/Y
 clkload3/Y
 clkload30/Y
 clkload31/X
 clkload32/Y
 clkload33/Y
 clkload34/Y
 clkload35/Y
 clkload36/Y
 clkload37/Y
 clkload38/Y
 clkload39/Y
 clkload4/Y
 clkload40/Y
 clkload41/Y
 clkload42/Y
 clkload43/Y
 clkload44/X
 clkload45/Y
 clkload46/Y
 clkload47/Y
 clkload48/Y
 clkload49/Y
 clkload5/Y
 clkload50/Y
 clkload51/Y
 clkload52/Y
 clkload53/Y
 clkload54/Y
 clkload55/Y
 clkload56/Y
 clkload57/Y
 clkload58/Y
 clkload59/Y
 clkload6/Y
 clkload60/X
 clkload61/Y
 clkload62/Y
 clkload63/X
 clkload64/X
 clkload65/Y
 clkload7/X
 clkload8/X
 clkload9/X
Found 0 partially unannotated drivers.

===========================================================================
max slew violation count 0
Writing metric design__max_slew_violation__count__corner:nom_tt_025C_1v80: 0
max fanout violation count 0
Writing metric design__max_fanout_violation__count__corner:nom_tt_025C_1v80: 0
max cap violation count 0
Writing metric design__max_cap_violation__count__corner:nom_tt_025C_1v80: 0
============================================================================

===========================================================================
check_setup -verbose -unconstrained_endpoints -multiple_clock -no_clock -no_input_delay -loops -generated_clocks
===========================================================================
