Clock: clk
Sources: clk 
Generated: no
Virtual: yes
Propagated: no
Period: 10.000000

===========================================================================
report_clock_properties
============================================================================
Clock                   Period          Waveform
----------------------------------------------------
clk                  10.000000    0.000000  5.000000

===========================================================================
report_clock_latency
============================================================================
Clock clk
rise -> rise
    min     max
0.000000 0.000000 source latency
0.486180         network latency _20402_/CLK
        0.671197 network latency _20498_/CLK
---------------
0.486180 0.671197 latency
        0.185017 skew

fall -> fall
    min     max
0.000000 0.000000 source latency
0.401535         network latency _20402_/CLK
        0.563528 network latency _20498_/CLK
---------------
0.401535 0.563528 latency
        0.161993 skew



===========================================================================
report_clock_min_period
============================================================================
clk period_min = 3.34 fmax = 299.16
