
===========================================================================
report_checks -unconstrained
===========================================================================
======================= max_tt_025C_1v80 Corner ===================================

Startpoint: _20784_ (rising edge-triggered flip-flop clocked by clk)
Endpoint: _20728_ (rising edge-triggered flip-flop clocked by clk)
Path Group: clk
Path Type: max

Fanout         Cap        Slew       Delay        Time   Description
---------------------------------------------------------------------------------------------
                                  0.000000    0.000000   clock clk (rise edge)
                                  0.000000    0.000000   clock source latency
     2    0.092767    0.255927    0.186912    0.186912 ^ clk (in)
                                                         clk (net)
                      0.256148    0.000000    0.186912 ^ clkbuf_0_clk/A (sky130_fd_sc_hd__clkbuf_16)
     8    0.198961    0.210214    0.315574    0.502487 ^ clkbuf_0_clk/X (sky130_fd_sc_hd__clkbuf_16)
                                                         clknet_0_clk (net)
                      0.211690    0.014236    0.516723 ^ clkbuf_3_3_0_clk/A (sky130_fd_sc_hd__clkbuf_8)
     9    0.109587    0.193714    0.289683    0.806406 ^ clkbuf_3_3_0_clk/X (sky130_fd_sc_hd__clkbuf_8)
                                                         clknet_3_3_0_clk (net)
                      0.194915    0.012349    0.818755 ^ clkbuf_leaf_17_clk/A (sky130_fd_sc_hd__clkbuf_8)
    25    0.077355    0.140950    0.251338    1.070094 ^ clkbuf_leaf_17_clk/X (sky130_fd_sc_hd__clkbuf_8)
                                                         clknet_leaf_17_clk (net)
                      0.141159    0.003706    1.073800 ^ _20784_/CLK (sky130_fd_sc_hd__dfxtp_4)
     6    0.063010    0.183888    0.475677    1.549477 ^ _20784_/Q (sky130_fd_sc_hd__dfxtp_4)
                                                         a_l[6] (net)
                      0.185854    0.014746    1.564222 ^ wire615/A (sky130_fd_sc_hd__buf_12)
     8    0.076041    0.097630    0.177305    1.741528 ^ wire615/X (sky130_fd_sc_hd__buf_12)
                                                         net615 (net)
                      0.099356    0.010234    1.751761 ^ max_cap614/A (sky130_fd_sc_hd__buf_8)
    12    0.083135    0.139920    0.179612    1.931373 ^ max_cap614/X (sky130_fd_sc_hd__buf_8)
                                                         net614 (net)
                      0.141877    0.013208    1.944581 ^ max_cap612/A (sky130_fd_sc_hd__buf_12)
    15    0.112383    0.136722    0.185975    2.130557 ^ max_cap612/X (sky130_fd_sc_hd__buf_12)
                                                         net612 (net)
                      0.145185    0.026451    2.157007 ^ _10188_/A (sky130_fd_sc_hd__inv_8)
    18    0.210117    0.142675    0.130137    2.287145 v _10188_/Y (sky130_fd_sc_hd__inv_8)
                                                         _09231_ (net)
                      0.164498    0.042864    2.330009 v _15657_/A1 (sky130_fd_sc_hd__o21a_1)
     4    0.022161    0.122473    0.305314    2.635323 v _15657_/X (sky130_fd_sc_hd__o21a_1)
                                                         _06538_ (net)
                      0.122522    0.002262    2.637585 v _15701_/D1 (sky130_fd_sc_hd__a2111oi_4)
     3    0.019217    0.415860    0.348942    2.986527 ^ _15701_/Y (sky130_fd_sc_hd__a2111oi_4)
                                                         _06581_ (net)
                      0.415861    0.001272    2.987799 ^ _15704_/A (sky130_fd_sc_hd__nor2_4)
     4    0.021327    0.095639    0.109458    3.097256 v _15704_/Y (sky130_fd_sc_hd__nor2_4)
                                                         _06584_ (net)
                      0.095697    0.001795    3.099052 v _15750_/B1 (sky130_fd_sc_hd__a31oi_4)
     4    0.018882    0.208603    0.222275    3.321327 ^ _15750_/Y (sky130_fd_sc_hd__a31oi_4)
                                                         _06630_ (net)
                      0.208604    0.000783    3.322110 ^ _15752_/A (sky130_fd_sc_hd__nand2_1)
     2    0.015816    0.134843    0.163356    3.485466 v _15752_/Y (sky130_fd_sc_hd__nand2_1)
                                                         _06632_ (net)
                      0.134867    0.001515    3.486981 v _15773_/A2 (sky130_fd_sc_hd__a31oi_2)
     2    0.010002    0.196416    0.249834    3.736814 ^ _15773_/Y (sky130_fd_sc_hd__a31oi_2)
                                                         _06652_ (net)
                      0.196416    0.000427    3.737241 ^ _15850_/A2 (sky130_fd_sc_hd__o211ai_2)
     2    0.018641    0.142758    0.162818    3.900059 v _15850_/Y (sky130_fd_sc_hd__o211ai_2)
                                                         _06729_ (net)
                      0.142761    0.000582    3.900641 v max_cap179/A (sky130_fd_sc_hd__buf_6)
     5    0.027805    0.039449    0.175732    4.076373 v max_cap179/X (sky130_fd_sc_hd__buf_6)
                                                         net179 (net)
                      0.039561    0.001669    4.078043 v _15851_/B (sky130_fd_sc_hd__nand2_1)
     3    0.013671    0.136491    0.125416    4.203459 ^ _15851_/Y (sky130_fd_sc_hd__nand2_1)
                                                         _06730_ (net)
                      0.136543    0.000760    4.204218 ^ _15855_/C1 (sky130_fd_sc_hd__o211ai_2)
     2    0.011660    0.103769    0.128951    4.333169 v _15855_/Y (sky130_fd_sc_hd__o211ai_2)
                                                         _06734_ (net)
                      0.103777    0.000877    4.334046 v _15859_/A1_N (sky130_fd_sc_hd__o2bb2ai_4)
     2    0.012977    0.065338    0.170576    4.504622 v _15859_/Y (sky130_fd_sc_hd__o2bb2ai_4)
                                                         _06738_ (net)
                      0.065339    0.000616    4.505239 v _15968_/B1 (sky130_fd_sc_hd__o22ai_4)
     4    0.034570    0.310096    0.262219    4.767458 ^ _15968_/Y (sky130_fd_sc_hd__o22ai_4)
                                                         _06845_ (net)
                      0.310172    0.003722    4.771181 ^ _16185_/A1_N (sky130_fd_sc_hd__o2bb2ai_4)
     5    0.027973    0.218755    0.205110    4.976291 ^ _16185_/Y (sky130_fd_sc_hd__o2bb2ai_4)
                                                         _07060_ (net)
                      0.218852    0.003591    4.979882 ^ _16565_/A (sky130_fd_sc_hd__nand2_4)
     2    0.027987    0.094972    0.115238    5.095119 v _16565_/Y (sky130_fd_sc_hd__nand2_4)
                                                         _07438_ (net)
                      0.095052    0.002186    5.097305 v _16716_/B2 (sky130_fd_sc_hd__a22oi_4)
     3    0.032093    0.287357    0.284466    5.381771 ^ _16716_/Y (sky130_fd_sc_hd__a22oi_4)
                                                         _07587_ (net)
                      0.287440    0.003741    5.385513 ^ _17761_/A1 (sky130_fd_sc_hd__a21oi_4)
     3    0.023134    0.101511    0.130437    5.515950 v _17761_/Y (sky130_fd_sc_hd__a21oi_4)
                                                         _08624_ (net)
                      0.101607    0.002427    5.518376 v _17917_/A1 (sky130_fd_sc_hd__o21bai_4)
     2    0.023707    0.195886    0.230856    5.749232 ^ _17917_/Y (sky130_fd_sc_hd__o21bai_4)
                                                         _08776_ (net)
                      0.195921    0.001994    5.751227 ^ _17951_/A1 (sky130_fd_sc_hd__a211oi_2)
     1    0.004966    0.072358    0.101465    5.852692 v _17951_/Y (sky130_fd_sc_hd__a211oi_2)
                                                         _08808_ (net)
                      0.072358    0.000354    5.853046 v _17954_/B (sky130_fd_sc_hd__nor3_2)
     1    0.016194    0.307797    0.298015    6.151061 ^ _17954_/Y (sky130_fd_sc_hd__nor3_2)
                                                         _00368_ (net)
                      0.307813    0.001799    6.152861 ^ _20728_/D (sky130_fd_sc_hd__dfxtp_1)
                                              6.152861   data arrival time

                                 10.000000   10.000000   clock clk (rise edge)
                                  0.000000   10.000000   clock source latency
     2    0.092767    0.255927    0.186913   10.186913 ^ clk (in)
                                                         clk (net)
                      0.256148    0.000000   10.186913 ^ clkbuf_0_clk/A (sky130_fd_sc_hd__clkbuf_16)
     8    0.198961    0.210214    0.315574   10.502487 ^ clkbuf_0_clk/X (sky130_fd_sc_hd__clkbuf_16)
                                                         clknet_0_clk (net)
                      0.211690    0.014236   10.516723 ^ clkbuf_3_3_0_clk/A (sky130_fd_sc_hd__clkbuf_8)
     9    0.109587    0.193714    0.289684   10.806407 ^ clkbuf_3_3_0_clk/X (sky130_fd_sc_hd__clkbuf_8)
                                                         clknet_3_3_0_clk (net)
                      0.195234    0.013829   10.820235 ^ clkbuf_leaf_18_clk/A (sky130_fd_sc_hd__clkbuf_8)
    11    0.060665    0.115951    0.230919   11.051155 ^ clkbuf_leaf_18_clk/X (sky130_fd_sc_hd__clkbuf_8)
                                                         clknet_leaf_18_clk (net)
                      0.116207    0.003860   11.055015 ^ _20728_/CLK (sky130_fd_sc_hd__dfxtp_1)
                                 -0.200000   10.855015   clock uncertainty
                                  0.000000   10.855015   clock reconvergence pessimism
                                 -0.103637   10.751378   library setup time
                                             10.751378   data required time
---------------------------------------------------------------------------------------------
                                             10.751378   data required time
                                             -6.152861   data arrival time
---------------------------------------------------------------------------------------------
                                              4.598517   slack (MET)




===========================================================================
report_checks --slack_max -0.01
============================================================================
======================= max_tt_025C_1v80 Corner ===================================

No paths found.


===========================================================================
 report_check_types -max_slew -max_cap -max_fanout -violators
============================================================================
======================= max_tt_025C_1v80 Corner ===================================



===========================================================================
report_parasitic_annotation -report_unannotated
============================================================================
Found 53 unannotated drivers.
 clkload0/Y
 clkload1/Y
 clkload10/X
 clkload11/X
 clkload12/X
 clkload13/X
 clkload14/Y
 clkload15/Y
 clkload16/Y
 clkload17/Y
 clkload18/Y
 clkload19/Y
 clkload2/X
 clkload20/Y
 clkload21/X
 clkload22/X
 clkload23/Y
 clkload24/X
 clkload25/Y
 clkload26/Y
 clkload27/Y
 clkload28/Y
 clkload29/Y
 clkload3/X
 clkload30/Y
 clkload31/Y
 clkload32/X
 clkload33/Y
 clkload34/Y
 clkload35/Y
 clkload36/Y
 clkload37/Y
 clkload38/X
 clkload39/X
 clkload4/X
 clkload40/Y
 clkload41/Y
 clkload42/Y
 clkload43/Y
 clkload44/Y
 clkload45/Y
 clkload46/Y
 clkload47/Y
 clkload48/Y
 clkload49/X
 clkload5/Y
 clkload50/X
 clkload51/Y
 clkload52/Y
 clkload6/Y
 clkload7/Y
 clkload8/Y
 clkload9/Y
Found 0 partially unannotated drivers.

===========================================================================
max slew violation count 0
max fanout violation count 0
max cap violation count 0
============================================================================

===========================================================================
check_setup -verbose -unconstrained_endpoints -multiple_clock -no_clock -no_input_delay -loops -generated_clocks
===========================================================================
