┏━━━━━━━┳━━━━━━━━━┳━━━━━━━━━━┳━━━━━━━━━━┳━━━━━━━━━━━━━━━━┳━━━━━━━┓
┃ P / R ┃ Partial ┃ Required ┃ Net      ┃ Pin            ┃ Layer ┃
┡━━━━━━━╇━━━━━━━━━╇━━━━━━━━━━╇━━━━━━━━━━╇━━━━━━━━━━━━━━━━╇━━━━━━━┩
│ 3.19  │ 1277.31 │ 400.00   │ _00055_  │ _20415_/D      │ met1  │
│ 2.81  │ 1124.69 │ 400.00   │ _09635_  │ _11301_/B1     │ met1  │
│ 1.99  │ 797.52  │ 400.00   │ net1037  │ clone67/B      │ met3  │
│ 1.86  │ 744.93  │ 400.00   │ _09340_  │ _16498_/A      │ met3  │
│ 1.86  │ 744.93  │ 400.00   │ _09340_  │ _16507_/B1     │ met3  │
│ 1.84  │ 734.47  │ 400.00   │ _00074_  │ _20434_/D      │ met1  │
│ 1.68  │ 673.65  │ 400.00   │ _04260_  │ _14522_/A3     │ met3  │
│ 1.67  │ 666.40  │ 400.00   │ net120   │ output120/A    │ met1  │
│ 1.56  │ 622.29  │ 400.00   │ _00385_  │ _20745_/D      │ met3  │
│ 1.56  │ 622.29  │ 400.00   │ net460   │ _11652_/B      │ met3  │
│ 1.51  │ 603.57  │ 400.00   │ net797   │ _13241_/A      │ met1  │
│ 1.51  │ 4302.10 │ 2857.40  │ _00418_  │ _20778_/D      │ met3  │
│ 1.49  │ 594.66  │ 400.00   │ _09657_  │ _16202_/B      │ met1  │
│ 1.47  │ 4214.48 │ 2857.40  │ _00419_  │ _20779_/D      │ met3  │
│ 1.43  │ 571.00  │ 400.00   │ net14    │ _20317_/B      │ met1  │
│ 1.39  │ 3864.00 │ 2778.20  │ net23    │ _20330_/B      │ met3  │
│ 1.38  │ 550.60  │ 400.00   │ clk      │ clkbuf_0_clk/A │ met3  │
│ 1.35  │ 539.99  │ 400.00   │ _01855_  │ _10909_/A3     │ met3  │
│ 1.28  │ 3513.52 │ 2753.36  │ net42    │ _20346_/B      │ met4  │
│ 1.25  │ 3434.67 │ 2753.36  │ net43    │ _20347_/B      │ met4  │
│ 1.21  │ 3338.29 │ 2753.36  │ net49    │ _20352_/B      │ met4  │
│ 1.21  │ 3338.29 │ 2753.36  │ net54    │ _20357_/B      │ met4  │
│ 1.19  │ 474.01  │ 400.00   │ net106   │ output106/A    │ met1  │
│ 1.11  │ 444.77  │ 400.00   │ _09690_  │ _20319_/A      │ met1  │
│ 1.10  │ 439.22  │ 400.00   │ p_hl[2\] │ hold612/A      │ met1  │
│ 1.09  │ 436.19  │ 400.00   │ net15    │ _20318_/B      │ met1  │
│ 1.09  │ 434.81  │ 400.00   │ _00072_  │ _20432_/D      │ met1  │
│ 1.07  │ 429.03  │ 400.00   │ net51    │ _20354_/B      │ met2  │
│ 1.05  │ 2900.19 │ 2753.36  │ net50    │ _20353_/B      │ met4  │
└───────┴─────────┴──────────┴──────────┴────────────────┴───────┘
