Clock: clk
Sources: clk 
Generated: no
Virtual: yes
Propagated: no
Period: 10.000000

===========================================================================
report_clock_properties
============================================================================
Clock                   Period          Waveform
----------------------------------------------------
clk                  10.000000    0.000000  5.000000

===========================================================================
report_clock_latency
============================================================================
Clock clk
rise -> rise
    min     max
0.000000 0.000000 source latency
0.699562         network latency _20800_/CLK
        0.924386 network latency _20646_/CLK
---------------
0.699562 0.924386 latency
        0.224824 skew

fall -> fall
    min     max
0.000000 0.000000 source latency
0.589739         network latency _20800_/CLK
        0.798432 network latency _20646_/CLK
---------------
0.589739 0.798432 latency
        0.208693 skew



===========================================================================
report_clock_min_period
============================================================================
clk period_min = 5.55 fmax = 180.03
