Clock: clk
Sources: clk 
Generated: no
Virtual: yes
Propagated: no
Period: 10.000000

===========================================================================
report_clock_properties
============================================================================
Clock                   Period          Waveform
----------------------------------------------------
clk                  10.000000    0.000000  5.000000

===========================================================================
report_clock_latency
============================================================================
Clock clk
rise -> rise
    min     max
0.000000 0.000000 source latency
0.478328         network latency _20688_/CLK
        0.643296 network latency _20394_/CLK
---------------
0.478328 0.643296 latency
        0.164968 skew

fall -> fall
    min     max
0.000000 0.000000 source latency
0.412097         network latency _20688_/CLK
        0.563338 network latency _20394_/CLK
---------------
0.412097 0.563338 latency
        0.151241 skew



===========================================================================
report_clock_min_period
============================================================================
clk period_min = 3.53 fmax = 283.48
