if {[file exists ~/openlane2/my_script/script_matt.tcl]} {
    source ~/openlane2/my_script/script_matt.tcl
}
Reading timing models for corner nom_tt_025C_1v80…
Reading timing library for the 'nom_tt_025C_1v80' corner at '/home/hien/.volare/volare/sky130/versions/0fe599b2afb6708d281543108caf8310912f54af/sky130A/libs.ref/sky130_fd_sc_hd/lib/sky130_fd_sc_hd__tt_025C_1v80.lib'…
Reading timing models for corner nom_ff_n40C_1v95…
Reading timing library for the 'nom_ff_n40C_1v95' corner at '/home/hien/.volare/volare/sky130/versions/0fe599b2afb6708d281543108caf8310912f54af/sky130A/libs.ref/sky130_fd_sc_hd/lib/sky130_fd_sc_hd__ff_n40C_1v95.lib'…
Reading timing models for corner nom_ss_100C_1v60…
Reading timing library for the 'nom_ss_100C_1v60' corner at '/home/hien/.volare/volare/sky130/versions/0fe599b2afb6708d281543108caf8310912f54af/sky130A/libs.ref/sky130_fd_sc_hd/lib/sky130_fd_sc_hd__ss_100C_1v60.lib'…
Reading OpenROAD database at '/home/hien/openlane2/designs/highspeed_pipelined_multiplier/runs/opti_5/27-openroad-globalplacement/pipelined_mult.odb'…
Reading design constraints file at '/home/hien/openlane2/designs/highspeed_pipelined_multiplier/src/pnr.sdc'…
[INFO] No information on clock propagation in input SDC file-- propagating all clocks.
[INFO] Setting RC values…
[INFO RSZ-0027] Inserted 65 input buffers.
[INFO RSZ-0028] Inserted 64 output buffers.
[INFO RSZ-0058] Using max wire length 6335um.
Iteration | Resized | Buffers | Nets repaired | Remaining
---------------------------------------------------------
        0 |       0 |       0 |             0 |     10825
      100 |      98 |       2 |            24 |     10725
      200 |     191 |       5 |            49 |     10625
      300 |     282 |       6 |            63 |     10525
      400 |     372 |      10 |            75 |     10425
      500 |     458 |      11 |            88 |     10325
      600 |     546 |      12 |            95 |     10225
      700 |     637 |      13 |            99 |     10125
      800 |     726 |      15 |           106 |     10025
      900 |     816 |      17 |           110 |      9925
     1000 |     887 |      18 |           112 |      9825
     1100 |     971 |      20 |           114 |      9725
     1200 |    1059 |      22 |           120 |      9625
     1300 |    1136 |      23 |           122 |      9525
     1400 |    1221 |      25 |           129 |      9425
     1500 |    1298 |      29 |           133 |      9325
     1600 |    1376 |      36 |           140 |      9225
     1700 |    1462 |      38 |           146 |      9125
     1800 |    1536 |      42 |           150 |      9025
     1900 |    1614 |      44 |           153 |      8925
     2000 |    1692 |      49 |           159 |      8825
     2100 |    1771 |      53 |           165 |      8725
     2200 |    1847 |      56 |           168 |      8625
     2300 |    1924 |      62 |           174 |      8525
     2400 |    2004 |      66 |           182 |      8425
     2500 |    2087 |      69 |           191 |      8325
     2600 |    2158 |      71 |           197 |      8225
     2700 |    2231 |      73 |           204 |      8125
     2800 |    2307 |      79 |           215 |      8025
     2900 |    2390 |      84 |           226 |      7925
     3000 |    2467 |      89 |           235 |      7825
     3100 |    2544 |      92 |           242 |      7725
     3200 |    2611 |      95 |           248 |      7625
     3300 |    2687 |      99 |           256 |      7525
     3400 |    2767 |     102 |           260 |      7425
     3500 |    2848 |     110 |           270 |      7325
     3600 |    2930 |     115 |           277 |      7225
     3700 |    3014 |     119 |           285 |      7125
     3800 |    3093 |     123 |           292 |      7025
     3900 |    3167 |     126 |           294 |      6925
     4000 |    3244 |     133 |           300 |      6825
     4100 |    3323 |     136 |           305 |      6725
     4200 |    3397 |     141 |           310 |      6625
     4300 |    3469 |     148 |           317 |      6525
     4400 |    3546 |     151 |           322 |      6425
     4500 |    3621 |     156 |           326 |      6325
     4600 |    3698 |     159 |           331 |      6225
     4700 |    3779 |     164 |           337 |      6125
     4800 |    3857 |     165 |           341 |      6025
     4900 |    3935 |     166 |           342 |      5925
     5000 |    4006 |     173 |           353 |      5825
     5100 |    4082 |     177 |           359 |      5725
     5200 |    4170 |     179 |           362 |      5625
     5300 |    4243 |     185 |           368 |      5525
     5400 |    4318 |     186 |           371 |      5425
     5500 |    4392 |     189 |           375 |      5325
     5600 |    4476 |     195 |           384 |      5225
     5700 |    4558 |     200 |           391 |      5125
     5800 |    4631 |     205 |           403 |      5025
     5900 |    4711 |     212 |           412 |      4925
     6000 |    4780 |     215 |           417 |      4825
     6100 |    4847 |     219 |           426 |      4725
     6200 |    4923 |     223 |           432 |      4625
     6300 |    4998 |     226 |           438 |      4525
     6400 |    5081 |     229 |           473 |      4425
     6500 |    5163 |     234 |           514 |      4325
     6600 |    5248 |     237 |           545 |      4225
     6700 |    5330 |     243 |           578 |      4125
     6800 |    5411 |     251 |           610 |      4025
     6900 |    5488 |     254 |           645 |      3925
     7000 |    5568 |     257 |           680 |      3825
     7100 |    5652 |     262 |           715 |      3725
     7200 |    5738 |     266 |           756 |      3625
     7300 |    5825 |     273 |           780 |      3525
     7400 |    5913 |     276 |           796 |      3425
     7500 |    5990 |     281 |           820 |      3325
     7600 |    6075 |     282 |           843 |      3225
     7700 |    6148 |     284 |           868 |      3125
     7800 |    6227 |     288 |           888 |      3025
     7900 |    6315 |     295 |           901 |      2925
     8000 |    6392 |     299 |           924 |      2825
     8100 |    6481 |     304 |           949 |      2725
     8200 |    6555 |     305 |           974 |      2625
     8300 |    6641 |     307 |           986 |      2525
     8400 |    6734 |     310 |          1003 |      2425
     8500 |    6816 |     311 |          1088 |      2325
     8600 |    6902 |     313 |          1178 |      2225
     8700 |    6990 |     314 |          1268 |      2125
     8800 |    7078 |     316 |          1345 |      2025
     8900 |    7156 |     320 |          1424 |      1925
     9000 |    7238 |     322 |          1507 |      1825
     9100 |    7326 |     322 |          1588 |      1725
     9200 |    7410 |     322 |          1671 |      1625
     9300 |    7488 |     323 |          1759 |      1525
     9400 |    7564 |     324 |          1847 |      1425
     9500 |    7648 |     326 |          1919 |      1325
     9600 |    7731 |     328 |          2008 |      1225
     9700 |    7807 |     332 |          2094 |      1125
     9800 |    7885 |     335 |          2183 |      1025
     9900 |    7983 |     339 |          2187 |       925
    10000 |    8082 |     340 |          2189 |       825
    10100 |    8177 |     343 |          2193 |       725
    10200 |    8273 |     343 |          2239 |       625
    10300 |    8389 |     587 |          2287 |       525
    10400 |    8460 |     587 |          2287 |       425
    10500 |    8560 |     587 |          2287 |       325
    10600 |    8660 |     587 |          2287 |       225
    10700 |    8764 |     671 |          2305 |       125
    10800 |    8804 |     671 |          2305 |        25
    final |    8804 |     671 |          2305 |         0
---------------------------------------------------------
[INFO RSZ-0034] Found 2305 slew violations.
[INFO RSZ-0036] Found 63 capacitance violations.
[INFO RSZ-0038] Inserted 671 buffers in 2305 nets.
[INFO RSZ-0039] Resized 8804 instances.
Placement Analysis
---------------------------------
total displacement      26242.8 u
average displacement        1.6 u
max displacement           13.2 u
original HPWL          252675.9 u
legalized HPWL         276371.6 u
delta HPWL                    9 %

[INFO DPL-0020] Mirrored 4630 instances
[INFO DPL-0021] HPWL before          276371.6 u
[INFO DPL-0022] HPWL after           269162.5 u
[INFO DPL-0023] HPWL delta               -2.6 %
[INFO] Setting RC values…
Setting global connections for newly added cells…
[INFO] Setting global connections...
Updating metrics…
Cell type report:                       Count       Area
  Fill cell                               424    1591.53
  Tap cell                               4815    6024.53
  Timing Repair Buffer                    800    6406.14
  Inverter                                178    1126.08
  Sequential cell                         450    9230.10
  Multi-Input combinational cell        10002   82701.82
  Total                                 16669  107080.20
Writing OpenROAD database to '/home/hien/openlane2/designs/highspeed_pipelined_multiplier/runs/opti_5/31-openroad-repairdesignpostgpl/pipelined_mult.odb'…
Writing netlist to '/home/hien/openlane2/designs/highspeed_pipelined_multiplier/runs/opti_5/31-openroad-repairdesignpostgpl/pipelined_mult.nl.v'…
Writing powered netlist to '/home/hien/openlane2/designs/highspeed_pipelined_multiplier/runs/opti_5/31-openroad-repairdesignpostgpl/pipelined_mult.pnl.v'…
Writing layout to '/home/hien/openlane2/designs/highspeed_pipelined_multiplier/runs/opti_5/31-openroad-repairdesignpostgpl/pipelined_mult.def'…
Writing timing constraints to '/home/hien/openlane2/designs/highspeed_pipelined_multiplier/runs/opti_5/31-openroad-repairdesignpostgpl/pipelined_mult.sdc'…
