
===========================================================================
report_checks -unconstrained
===========================================================================
======================= min_tt_025C_1v80 Corner ===================================

Startpoint: _20790_ (rising edge-triggered flip-flop clocked by clk)
Endpoint: _20728_ (rising edge-triggered flip-flop clocked by clk)
Path Group: clk
Path Type: max

Fanout         Cap        Slew       Delay        Time   Description
---------------------------------------------------------------------------------------------
                                  0.000000    0.000000   clock clk (rise edge)
                                  0.000000    0.000000   clock source latency
     2    0.058341    0.164863    0.120194    0.120194 ^ clk (in)
                                                         clk (net)
                      0.164901    0.000000    0.120194 ^ clkbuf_0_clk/A (sky130_fd_sc_hd__clkbuf_16)
     8    0.160478    0.172060    0.268695    0.388889 ^ clkbuf_0_clk/X (sky130_fd_sc_hd__clkbuf_16)
                                                         clknet_0_clk (net)
                      0.172080    0.001949    0.390839 ^ clkbuf_3_3_0_clk/A (sky130_fd_sc_hd__clkbuf_8)
     8    0.094650    0.168932    0.265559    0.656397 ^ clkbuf_3_3_0_clk/X (sky130_fd_sc_hd__clkbuf_8)
                                                         clknet_3_3_0_clk (net)
                      0.169018    0.001121    0.657518 ^ clkbuf_leaf_3_clk/A (sky130_fd_sc_hd__clkbuf_8)
     4    0.049678    0.097850    0.211700    0.869218 ^ clkbuf_leaf_3_clk/X (sky130_fd_sc_hd__clkbuf_8)
                                                         clknet_leaf_3_clk (net)
                      0.097855    0.000814    0.870032 ^ _20790_/CLK (sky130_fd_sc_hd__dfxtp_4)
     3    0.032904    0.104737    0.408740    1.278772 ^ _20790_/Q (sky130_fd_sc_hd__dfxtp_4)
                                                         a_l[12] (net)
                      0.104762    0.001594    1.280366 ^ max_cap569/A (sky130_fd_sc_hd__buf_12)
    10    0.072672    0.092816    0.158108    1.438475 ^ max_cap569/X (sky130_fd_sc_hd__buf_12)
                                                         net569 (net)
                      0.092862    0.001693    1.440167 ^ wire568/A (sky130_fd_sc_hd__buf_12)
     9    0.093689    0.115223    0.170853    1.611020 ^ wire568/X (sky130_fd_sc_hd__buf_12)
                                                         net568 (net)
                      0.115370    0.003336    1.614356 ^ max_cap567/A (sky130_fd_sc_hd__buf_12)
     8    0.093298    0.114972    0.175541    1.789897 ^ max_cap567/X (sky130_fd_sc_hd__buf_12)
                                                         net567 (net)
                      0.115434    0.005848    1.795745 ^ max_cap566/A (sky130_fd_sc_hd__buf_12)
     7    0.078858    0.099383    0.162993    1.958738 ^ max_cap566/X (sky130_fd_sc_hd__buf_12)
                                                         net566 (net)
                      0.100111    0.006787    1.965525 ^ rebuffer234/A (sky130_fd_sc_hd__buf_12)
     1    0.036479    0.055485    0.128155    2.093679 ^ rebuffer234/X (sky130_fd_sc_hd__buf_12)
                                                         net1034 (net)
                      0.055567    0.001883    2.095563 ^ _10196_/A (sky130_fd_sc_hd__inv_12)
    22    0.198194    0.091809    0.080737    2.176300 v _10196_/Y (sky130_fd_sc_hd__inv_12)
                                                         _09319_ (net)
                      0.097198    0.017298    2.193598 v _16364_/B1 (sky130_fd_sc_hd__o2bb2ai_1)
     1    0.006344    0.169806    0.202301    2.395899 ^ _16364_/Y (sky130_fd_sc_hd__o2bb2ai_1)
                                                         _07238_ (net)
                      0.169806    0.000091    2.395990 ^ _16366_/B (sky130_fd_sc_hd__nand3_2)
     6    0.023485    0.162453    0.180467    2.576456 v _16366_/Y (sky130_fd_sc_hd__nand3_2)
                                                         _07240_ (net)
                      0.162456    0.000571    2.577028 v _16495_/B1 (sky130_fd_sc_hd__o21ai_1)
     2    0.009285    0.208450    0.180159    2.757186 ^ _16495_/Y (sky130_fd_sc_hd__o21ai_1)
                                                         _07368_ (net)
                      0.208450    0.000131    2.757317 ^ _16497_/B (sky130_fd_sc_hd__nand2_1)
     2    0.017674    0.140932    0.172872    2.930189 v _16497_/Y (sky130_fd_sc_hd__nand2_1)
                                                         _07370_ (net)
                      0.140932    0.000474    2.930663 v _16533_/B1 (sky130_fd_sc_hd__a21oi_1)
     2    0.012186    0.280163    0.279210    3.209872 ^ _16533_/Y (sky130_fd_sc_hd__a21oi_1)
                                                         _07406_ (net)
                      0.280163    0.000324    3.210196 ^ _16619_/B1 (sky130_fd_sc_hd__a21oi_1)
     1    0.003237    0.074523    0.074722    3.284918 v _16619_/Y (sky130_fd_sc_hd__a21oi_1)
                                                         _07491_ (net)
                      0.074523    0.000028    3.284946 v wire234/A (sky130_fd_sc_hd__buf_1)
     3    0.011053    0.070249    0.137775    3.422722 v wire234/X (sky130_fd_sc_hd__buf_1)
                                                         net234 (net)
                      0.070249    0.000127    3.422848 v _16683_/A (sky130_fd_sc_hd__nand3_1)
     4    0.011530    0.140909    0.131811    3.554659 ^ _16683_/Y (sky130_fd_sc_hd__nand3_1)
                                                         _07555_ (net)
                      0.140909    0.000114    3.554774 ^ _16687_/A1 (sky130_fd_sc_hd__a21o_1)
     1    0.009193    0.088298    0.166531    3.721305 ^ _16687_/X (sky130_fd_sc_hd__a21o_1)
                                                         _07559_ (net)
                      0.088298    0.000049    3.721353 ^ _16693_/B (sky130_fd_sc_hd__nand3_4)
     7    0.018726    0.108224    0.102129    3.823482 v _16693_/Y (sky130_fd_sc_hd__nand3_4)
                                                         _07565_ (net)
                      0.108224    0.000366    3.823848 v _16718_/A2 (sky130_fd_sc_hd__a21boi_1)
     1    0.002548    0.102717    0.155771    3.979619 ^ _16718_/Y (sky130_fd_sc_hd__a21boi_1)
                                                         _07589_ (net)
                      0.102717    0.000022    3.979640 ^ wire157/A (sky130_fd_sc_hd__clkbuf_2)
     3    0.022916    0.129953    0.186573    4.166213 ^ wire157/X (sky130_fd_sc_hd__clkbuf_2)
                                                         net157 (net)
                      0.129956    0.000830    4.167044 ^ _16848_/B1 (sky130_fd_sc_hd__a21oi_2)
     2    0.007618    0.078887    0.057507    4.224551 v _16848_/Y (sky130_fd_sc_hd__a21oi_2)
                                                         _07719_ (net)
                      0.078887    0.000061    4.224612 v max_cap143/A (sky130_fd_sc_hd__clkbuf_2)
     2    0.007230    0.038138    0.127276    4.351888 v max_cap143/X (sky130_fd_sc_hd__clkbuf_2)
                                                         net143 (net)
                      0.038138    0.000059    4.351947 v _17010_/A2 (sky130_fd_sc_hd__o211ai_1)
     2    0.007083    0.218594    0.208603    4.560550 ^ _17010_/Y (sky130_fd_sc_hd__o211ai_1)
                                                         _07880_ (net)
                      0.218594    0.000091    4.560641 ^ _17157_/A2 (sky130_fd_sc_hd__o21ai_1)
     1    0.005565    0.068995    0.106375    4.667016 v _17157_/Y (sky130_fd_sc_hd__o21ai_1)
                                                         _08026_ (net)
                      0.068995    0.000078    4.667094 v _17411_/C (sky130_fd_sc_hd__nand4_2)
     2    0.010956    0.103786    0.123571    4.790666 ^ _17411_/Y (sky130_fd_sc_hd__nand4_2)
                                                         _08278_ (net)
                      0.103786    0.000259    4.790925 ^ _17760_/A (sky130_fd_sc_hd__nand4_2)
     1    0.008826    0.101373    0.106590    4.897515 v _17760_/Y (sky130_fd_sc_hd__nand4_2)
                                                         _08623_ (net)
                      0.101373    0.000115    4.897630 v _17761_/B1 (sky130_fd_sc_hd__a21oi_4)
     3    0.036494    0.285246    0.271621    5.169251 ^ _17761_/Y (sky130_fd_sc_hd__a21oi_4)
                                                         _08624_ (net)
                      0.285262    0.001772    5.171023 ^ _17917_/A1 (sky130_fd_sc_hd__o21bai_4)
     2    0.013132    0.075330    0.120648    5.291671 v _17917_/Y (sky130_fd_sc_hd__o21bai_4)
                                                         _08776_ (net)
                      0.075331    0.000338    5.292009 v _17949_/A (sky130_fd_sc_hd__nand2_2)
     1    0.005588    0.052999    0.070159    5.362168 ^ _17949_/Y (sky130_fd_sc_hd__nand2_2)
                                                         _08806_ (net)
                      0.052999    0.000064    5.362232 ^ _17952_/A1 (sky130_fd_sc_hd__a21oi_2)
     1    0.005301    0.048894    0.051435    5.413667 v _17952_/Y (sky130_fd_sc_hd__a21oi_2)
                                                         _08809_ (net)
                      0.048894    0.000067    5.413734 v _17954_/B (sky130_fd_sc_hd__nor3_2)
     1    0.015171    0.292715    0.278605    5.692339 ^ _17954_/Y (sky130_fd_sc_hd__nor3_2)
                                                         _00368_ (net)
                      0.292719    0.000892    5.693231 ^ _20728_/D (sky130_fd_sc_hd__dfxtp_1)
                                              5.693231   data arrival time

                                 10.000000   10.000000   clock clk (rise edge)
                                  0.000000   10.000000   clock source latency
     2    0.058341    0.164863    0.120195   10.120194 ^ clk (in)
                                                         clk (net)
                      0.164901    0.000000   10.120194 ^ clkbuf_0_clk/A (sky130_fd_sc_hd__clkbuf_16)
     8    0.160478    0.172060    0.268695   10.388890 ^ clkbuf_0_clk/X (sky130_fd_sc_hd__clkbuf_16)
                                                         clknet_0_clk (net)
                      0.172080    0.001949   10.390839 ^ clkbuf_3_3_0_clk/A (sky130_fd_sc_hd__clkbuf_8)
     8    0.094650    0.168932    0.265559   10.656398 ^ clkbuf_3_3_0_clk/X (sky130_fd_sc_hd__clkbuf_8)
                                                         clknet_3_3_0_clk (net)
                      0.169099    0.003227   10.659625 ^ clkbuf_leaf_12_clk/A (sky130_fd_sc_hd__clkbuf_8)
    23    0.064973    0.122068    0.230239   10.889864 ^ clkbuf_leaf_12_clk/X (sky130_fd_sc_hd__clkbuf_8)
                                                         clknet_leaf_12_clk (net)
                      0.122068    0.000433   10.890297 ^ _20728_/CLK (sky130_fd_sc_hd__dfxtp_1)
                                 -0.200000   10.690297   clock uncertainty
                                  0.000000   10.690297   clock reconvergence pessimism
                                 -0.099294   10.591003   library setup time
                                             10.591003   data required time
---------------------------------------------------------------------------------------------
                                             10.591003   data required time
                                             -5.693231   data arrival time
---------------------------------------------------------------------------------------------
                                              4.897772   slack (MET)




===========================================================================
report_checks --slack_max -0.01
============================================================================
======================= min_tt_025C_1v80 Corner ===================================

No paths found.


===========================================================================
 report_check_types -max_slew -max_cap -max_fanout -violators
============================================================================
======================= min_tt_025C_1v80 Corner ===================================



===========================================================================
report_parasitic_annotation -report_unannotated
============================================================================
Found 55 unannotated drivers.
 clkload0/Y
 clkload1/Y
 clkload10/Y
 clkload11/Y
 clkload12/X
 clkload13/Y
 clkload14/X
 clkload15/Y
 clkload16/Y
 clkload17/Y
 clkload18/Y
 clkload19/Y
 clkload2/Y
 clkload20/Y
 clkload21/Y
 clkload22/Y
 clkload23/Y
 clkload24/Y
 clkload25/Y
 clkload26/Y
 clkload27/Y
 clkload28/Y
 clkload29/Y
 clkload3/Y
 clkload30/Y
 clkload31/Y
 clkload32/Y
 clkload33/Y
 clkload34/Y
 clkload35/Y
 clkload36/Y
 clkload37/Y
 clkload38/Y
 clkload39/Y
 clkload4/Y
 clkload40/Y
 clkload41/Y
 clkload42/Y
 clkload43/Y
 clkload44/Y
 clkload45/Y
 clkload46/Y
 clkload47/Y
 clkload48/Y
 clkload49/Y
 clkload5/Y
 clkload50/Y
 clkload51/Y
 clkload52/Y
 clkload53/Y
 clkload54/Y
 clkload6/X
 clkload7/X
 clkload8/Y
 clkload9/X
Found 0 partially unannotated drivers.

===========================================================================
max slew violation count 0
max fanout violation count 0
max cap violation count 0
============================================================================

===========================================================================
check_setup -verbose -unconstrained_endpoints -multiple_clock -no_clock -no_input_delay -loops -generated_clocks
===========================================================================
