Clock: clk
Sources: clk 
Generated: no
Virtual: yes
Propagated: no
Period: 10.000000

===========================================================================
report_clock_properties
============================================================================
Clock                   Period          Waveform
----------------------------------------------------
clk                  10.000000    0.000000  5.000000

===========================================================================
report_clock_latency
============================================================================
Clock clk
rise -> rise
    min     max
0.000000 0.000000 source latency
0.658605         network latency _20799_/CLK
        0.902465 network latency _20360_/CLK
---------------
0.658605 0.902465 latency
        0.243860 skew

fall -> fall
    min     max
0.000000 0.000000 source latency
0.549871         network latency _20799_/CLK
        0.768218 network latency _20360_/CLK
---------------
0.549871 0.768218 latency
        0.218347 skew



===========================================================================
report_clock_min_period
============================================================================
clk period_min = 5.10 fmax = 195.99
