if {[file exists ~/openlane2/my_script/script_matt.tcl]} {
    source ~/openlane2/my_script/script_matt.tcl
}
Reading timing models for corner nom_tt_025C_1v80…
Reading timing library for the 'nom_tt_025C_1v80' corner at '/home/hien/.volare/volare/sky130/versions/0fe599b2afb6708d281543108caf8310912f54af/sky130A/libs.ref/sky130_fd_sc_hd/lib/sky130_fd_sc_hd__tt_025C_1v80.lib'…
Reading timing models for corner nom_ff_n40C_1v95…
Reading timing library for the 'nom_ff_n40C_1v95' corner at '/home/hien/.volare/volare/sky130/versions/0fe599b2afb6708d281543108caf8310912f54af/sky130A/libs.ref/sky130_fd_sc_hd/lib/sky130_fd_sc_hd__ff_n40C_1v95.lib'…
Reading timing models for corner nom_ss_100C_1v60…
Reading timing library for the 'nom_ss_100C_1v60' corner at '/home/hien/.volare/volare/sky130/versions/0fe599b2afb6708d281543108caf8310912f54af/sky130A/libs.ref/sky130_fd_sc_hd/lib/sky130_fd_sc_hd__ss_100C_1v60.lib'…
Reading OpenROAD database at '/home/hien/openlane2/designs/highspeed_pipelined_multiplier/runs/opti_1/27-openroad-globalplacement/pipelined_mult.odb'…
Reading design constraints file at '/home/hien/openlane2/designs/highspeed_pipelined_multiplier/src/pnr.sdc'…
[INFO] No information on clock propagation in input SDC file-- propagating all clocks.
[INFO] Setting RC values…
[INFO RSZ-0027] Inserted 65 input buffers.
[INFO RSZ-0028] Inserted 64 output buffers.
[INFO RSZ-0058] Using max wire length 6335um.
Iteration | Resized | Buffers | Nets repaired | Remaining
---------------------------------------------------------
        0 |       0 |       0 |             0 |     10825
      100 |      98 |       2 |            24 |     10725
      200 |     192 |       7 |            50 |     10625
      300 |     284 |       7 |            63 |     10525
      400 |     375 |      11 |            75 |     10425
      500 |     463 |      13 |            88 |     10325
      600 |     554 |      15 |            96 |     10225
      700 |     646 |      16 |           100 |     10125
      800 |     736 |      22 |           108 |     10025
      900 |     824 |      24 |           112 |      9925
     1000 |     898 |      25 |           115 |      9825
     1100 |     986 |      28 |           118 |      9725
     1200 |    1073 |      30 |           124 |      9625
     1300 |    1150 |      70 |           125 |      9525
     1400 |    1234 |      73 |           131 |      9425
     1500 |    1311 |      75 |           133 |      9325
     1600 |    1391 |      82 |           139 |      9225
     1700 |    1477 |      83 |           144 |      9125
     1800 |    1556 |      85 |           146 |      9025
     1900 |    1634 |      88 |           150 |      8925
     2000 |    1711 |      94 |           157 |      8825
     2100 |    1793 |     101 |           167 |      8725
     2200 |    1869 |     103 |           169 |      8625
     2300 |    1940 |     110 |           175 |      8525
     2400 |    2019 |     114 |           183 |      8425
     2500 |    2103 |     116 |           191 |      8325
     2600 |    2174 |     121 |           200 |      8225
     2700 |    2247 |     123 |           208 |      8125
     2800 |    2324 |     128 |           219 |      8025
     2900 |    2407 |     131 |           228 |      7925
     3000 |    2481 |     137 |           238 |      7825
     3100 |    2555 |     139 |           245 |      7725
     3200 |    2625 |     142 |           250 |      7625
     3300 |    2703 |     144 |           256 |      7525
     3400 |    2783 |     149 |           262 |      7425
     3500 |    2864 |     156 |           271 |      7325
     3600 |    2946 |     160 |           277 |      7225
     3700 |    3029 |     164 |           285 |      7125
     3800 |    3103 |     167 |           291 |      7025
     3900 |    3174 |     170 |           293 |      6925
     4000 |    3250 |     175 |           297 |      6825
     4100 |    3329 |     178 |           302 |      6725
     4200 |    3404 |     182 |           306 |      6625
     4300 |    3474 |     188 |           312 |      6525
     4400 |    3554 |     190 |           316 |      6425
     4500 |    3631 |     197 |           322 |      6325
     4600 |    3708 |     200 |           327 |      6225
     4700 |    3790 |     207 |           333 |      6125
     4800 |    3867 |     207 |           337 |      6025
     4900 |    3945 |     209 |           339 |      5925
     5000 |    4021 |     218 |           353 |      5825
     5100 |    4092 |     222 |           359 |      5725
     5200 |    4181 |     225 |           363 |      5625
     5300 |    4254 |     229 |           367 |      5525
     5400 |    4330 |     235 |           374 |      5425
     5500 |    4406 |     238 |           378 |      5325
     5600 |    4492 |     243 |           386 |      5225
     5700 |    4574 |     248 |           393 |      5125
     5800 |    4649 |     254 |           405 |      5025
     5900 |    4733 |     262 |           414 |      4925
     6000 |    4799 |     264 |           418 |      4825
     6100 |    4867 |     268 |           426 |      4725
     6200 |    4944 |     273 |           433 |      4625
     6300 |    5021 |     278 |           442 |      4525
     6400 |    5103 |     281 |           473 |      4425
     6500 |    5182 |     285 |           510 |      4325
     6600 |    5264 |     286 |           540 |      4225
     6700 |    5347 |     290 |           574 |      4125
     6800 |    5428 |     299 |           605 |      4025
     6900 |    5508 |     302 |           638 |      3925
     7000 |    5588 |     304 |           671 |      3825
     7100 |    5671 |     309 |           706 |      3725
     7200 |    5758 |     313 |           747 |      3625
     7300 |    5844 |     319 |           773 |      3525
     7400 |    5929 |     323 |           788 |      3425
     7500 |    6007 |     328 |           812 |      3325
     7600 |    6093 |     330 |           834 |      3225
     7700 |    6166 |     334 |           859 |      3125
     7800 |    6247 |     339 |           880 |      3025
     7900 |    6334 |     344 |           891 |      2925
     8000 |    6407 |     347 |           915 |      2825
     8100 |    6494 |     352 |           940 |      2725
     8200 |    6571 |     353 |           965 |      2625
     8300 |    6652 |     355 |           977 |      2525
     8400 |    6750 |     356 |           993 |      2425
     8500 |    6834 |     357 |          1078 |      2325
     8600 |    6919 |     359 |          1168 |      2225
     8700 |    7008 |     359 |          1258 |      2125
     8800 |    7095 |     361 |          1334 |      2025
     8900 |    7174 |     363 |          1413 |      1925
     9000 |    7253 |     365 |          1497 |      1825
     9100 |    7340 |     365 |          1578 |      1725
     9200 |    7422 |     365 |          1661 |      1625
     9300 |    7502 |     366 |          1750 |      1525
     9400 |    7575 |     367 |          1838 |      1425
     9500 |    7661 |     370 |          1910 |      1325
     9600 |    7746 |     372 |          1999 |      1225
     9700 |    7825 |     375 |          2085 |      1125
     9800 |    7903 |     378 |          2174 |      1025
     9900 |    8000 |     380 |          2176 |       925
    10000 |    8099 |     381 |          2178 |       825
    10100 |    8194 |     383 |          2181 |       725
    10200 |    8290 |     383 |          2227 |       625
    10300 |    8404 |     618 |          2275 |       525
    10400 |    8500 |     618 |          2275 |       425
    10500 |    8592 |     618 |          2275 |       325
    10600 |    8692 |     618 |          2275 |       225
    10700 |    8801 |     706 |          2293 |       125
    10800 |    8861 |     706 |          2293 |        25
    final |    8861 |     706 |          2293 |         0
---------------------------------------------------------
[INFO RSZ-0034] Found 2293 slew violations.
[INFO RSZ-0036] Found 63 capacitance violations.
[INFO RSZ-0038] Inserted 706 buffers in 2293 nets.
[INFO RSZ-0039] Resized 8861 instances.
Placement Analysis
---------------------------------
total displacement      32084.9 u
average displacement        2.3 u
max displacement           15.6 u
original HPWL          229860.2 u
legalized HPWL         261685.7 u
delta HPWL                   14 %

[INFO DPL-0020] Mirrored 4781 instances
[INFO DPL-0021] HPWL before          261685.7 u
[INFO DPL-0022] HPWL after           254050.7 u
[INFO DPL-0023] HPWL delta               -2.9 %
[INFO] Setting RC values…
Setting global connections for newly added cells…
[INFO] Setting global connections...
Updating metrics…
Cell type report:                       Count       Area
  Fill cell                               296    1111.07
  Tap cell                               2325    2909.04
  Timing Repair Buffer                    835    6481.22
  Inverter                                178    1114.82
  Sequential cell                         450    9197.57
  Multi-Input combinational cell        10002   82521.64
  Total                                 14086  103335.36
Writing OpenROAD database to '/home/hien/openlane2/designs/highspeed_pipelined_multiplier/runs/opti_1/31-openroad-repairdesignpostgpl/pipelined_mult.odb'…
Writing netlist to '/home/hien/openlane2/designs/highspeed_pipelined_multiplier/runs/opti_1/31-openroad-repairdesignpostgpl/pipelined_mult.nl.v'…
Writing powered netlist to '/home/hien/openlane2/designs/highspeed_pipelined_multiplier/runs/opti_1/31-openroad-repairdesignpostgpl/pipelined_mult.pnl.v'…
Writing layout to '/home/hien/openlane2/designs/highspeed_pipelined_multiplier/runs/opti_1/31-openroad-repairdesignpostgpl/pipelined_mult.def'…
Writing timing constraints to '/home/hien/openlane2/designs/highspeed_pipelined_multiplier/runs/opti_1/31-openroad-repairdesignpostgpl/pipelined_mult.sdc'…
