Clock: clk
Sources: clk 
Generated: no
Virtual: yes
Propagated: no
Period: 10.000000

===========================================================================
report_clock_properties
============================================================================
Clock                   Period          Waveform
----------------------------------------------------
clk                  10.000000    0.000000  5.000000

===========================================================================
report_clock_latency
============================================================================
Clock clk
rise -> rise
    min     max
0.000000 0.000000 source latency
0.953862         network latency _1101_/CLK
        0.598724 network latency i_ll/clk
---------------
0.953862 0.598724 latency
        -0.355138 skew

fall -> fall
    min     max
0.000000 0.000000 source latency
0.864074         network latency _1101_/CLK
        0.513384 network latency i_ll/clk
---------------
0.864074 0.513384 latency
        -0.350690 skew



===========================================================================
report_clock_min_period
============================================================================
clk period_min = 8.57 fmax = 116.64
