Clock: clk
Sources: clk 
Generated: no
Virtual: yes
Propagated: no
Period: 10.000000

===========================================================================
report_clock_properties
============================================================================
Clock                   Period          Waveform
----------------------------------------------------
clk                  10.000000    0.000000  5.000000

===========================================================================
report_clock_latency
============================================================================
Clock clk
rise -> rise
    min     max
0.000000 0.000000 source latency
0.673063         network latency _20800_/CLK
        0.888877 network latency _20646_/CLK
---------------
0.673063 0.888877 latency
        0.215814 skew

fall -> fall
    min     max
0.000000 0.000000 source latency
0.571964         network latency _20800_/CLK
        0.773641 network latency _20646_/CLK
---------------
0.571964 0.773641 latency
        0.201677 skew



===========================================================================
report_clock_min_period
============================================================================
clk period_min = 5.41 fmax = 184.96
