┏━━━━━━━┳━━━━━━━━━┳━━━━━━━━━━┳━━━━━━━━━┳━━━━━━━━━━━━━━━━┳━━━━━━━┓
┃ P / R ┃ Partial ┃ Required ┃ Net     ┃ Pin            ┃ Layer ┃
┡━━━━━━━╇━━━━━━━━━╇━━━━━━━━━━╇━━━━━━━━━╇━━━━━━━━━━━━━━━━╇━━━━━━━┩
│ 2.51  │ 1003.97 │ 400.00   │ net32   │ _20337_/B      │ met1  │
│ 2.13  │ 852.33  │ 400.00   │ net27   │ _20332_/B      │ met1  │
│ 1.56  │ 622.29  │ 400.00   │ net134  │ _20686_/D      │ met3  │
│ 1.56  │ 622.29  │ 400.00   │ net832  │ _14766_/A      │ met3  │
│ 1.46  │ 584.60  │ 400.00   │ net65   │ _13213_/B1     │ met3  │
│ 1.44  │ 4126.86 │ 2857.40  │ _00418_ │ _20778_/D      │ met3  │
│ 1.42  │ 3951.62 │ 2778.20  │ net23   │ _20330_/B      │ met3  │
│ 1.38  │ 3951.62 │ 2857.40  │ _00419_ │ _20779_/D      │ met3  │
│ 1.34  │ 534.67  │ 400.00   │ _09177_ │ _13222_/B2     │ met3  │
│ 1.33  │ 531.32  │ 400.00   │ net94   │ output94/A     │ met1  │
│ 1.33  │ 3688.76 │ 2778.20  │ net26   │ _20331_/B      │ met3  │
│ 1.28  │ 510.78  │ 400.00   │ net13   │ _20316_/B      │ met1  │
│ 1.28  │ 510.21  │ 400.00   │ net833  │ _20316_/A      │ met1  │
│ 1.19  │ 475.13  │ 400.00   │ clk     │ clkbuf_0_clk/A │ met3  │
│ 1.18  │ 3259.43 │ 2753.36  │ net49   │ _20352_/B      │ met4  │
│ 1.12  │ 447.05  │ 400.00   │ _00127_ │ _20487_/D      │ met3  │
│ 1.12  │ 3075.43 │ 2753.36  │ net53   │ _20356_/B      │ met4  │
│ 1.10  │ 440.19  │ 400.00   │ net106  │ output106/A    │ met1  │
│ 1.09  │ 437.31  │ 400.00   │ _00050_ │ _20410_/D      │ met1  │
│ 1.09  │ 435.81  │ 400.00   │ net833  │ _20346_/A      │ met1  │
│ 1.05  │ 2900.19 │ 2753.36  │ net52   │ _20355_/B      │ met4  │
│ 1.05  │ 420.79  │ 400.00   │ _09635_ │ _11301_/B1     │ met1  │
│ 1.05  │ 420.79  │ 400.00   │ _09635_ │ _11406_/A2     │ met1  │
│ 1.01  │ 403.91  │ 400.00   │ net90   │ output90/A     │ met1  │
└───────┴─────────┴──────────┴─────────┴────────────────┴───────┘
