┏━━━━━━━┳━━━━━━━━━┳━━━━━━━━━━┳━━━━━━━━━┳━━━━━━━━━━━━┳━━━━━━━┓
┃ P / R ┃ Partial ┃ Required ┃ Net     ┃ Pin        ┃ Layer ┃
┡━━━━━━━╇━━━━━━━━━╇━━━━━━━━━━╇━━━━━━━━━╇━━━━━━━━━━━━╇━━━━━━━┩
│ 4.40  │ 1761.33 │ 400.00   │ _00127_ │ _20487_/D  │ met3  │
│ 2.63  │ 1050.56 │ 400.00   │ _00424_ │ _20784_/D  │ met1  │
│ 1.88  │ 751.44  │ 400.00   │ net713  │ _13214_/B  │ met1  │
│ 1.86  │ 745.08  │ 400.00   │ _00054_ │ _20414_/D  │ met1  │
│ 1.78  │ 710.16  │ 400.00   │ _05043_ │ _14287_/C  │ met3  │
│ 1.77  │ 709.90  │ 400.00   │ _00352_ │ _20712_/D  │ met3  │
│ 1.77  │ 708.69  │ 400.00   │ net487  │ _16454_/B  │ met1  │
│ 1.55  │ 620.69  │ 400.00   │ _00296_ │ _20656_/D  │ met2  │
│ 1.50  │ 599.11  │ 400.00   │ _05043_ │ _15113_/C  │ met3  │
│ 1.50  │ 599.11  │ 400.00   │ _05043_ │ _15212_/C  │ met3  │
│ 1.50  │ 599.11  │ 400.00   │ _05043_ │ _15458_/A3 │ met3  │
│ 1.41  │ 563.64  │ 400.00   │ _00052_ │ _20412_/D  │ met1  │
│ 1.34  │ 534.67  │ 400.00   │ _05043_ │ _19907_/C  │ met3  │
│ 1.28  │ 510.03  │ 400.00   │ _00051_ │ _20411_/D  │ met1  │
│ 1.14  │ 456.00  │ 400.00   │ _05043_ │ _18983_/C  │ met3  │
│ 1.14  │ 3250.67 │ 2857.40  │ _00435_ │ _20795_/D  │ met4  │
│ 1.13  │ 450.62  │ 400.00   │ _01860_ │ _10919_/A2 │ met3  │
│ 1.04  │ 416.71  │ 400.00   │ _09657_ │ _16202_/B  │ met1  │
│ 1.01  │ 2900.19 │ 2857.40  │ _00434_ │ _20794_/D  │ met4  │
└───────┴─────────┴──────────┴─────────┴────────────┴───────┘
