
===========================================================================
report_checks -unconstrained
===========================================================================
======================= min_tt_025C_1v80 Corner ===================================

Startpoint: _20781_ (rising edge-triggered flip-flop clocked by clk)
Endpoint: _20728_ (rising edge-triggered flip-flop clocked by clk)
Path Group: clk
Path Type: max

Fanout         Cap        Slew       Delay        Time   Description
---------------------------------------------------------------------------------------------
                                  0.000000    0.000000   clock clk (rise edge)
                                  0.000000    0.000000   clock source latency
     2    0.048234    0.138828    0.100554    0.100554 ^ clk (in)
                                                         clk (net)
                      0.138841    0.000000    0.100554 ^ clkbuf_0_clk/A (sky130_fd_sc_hd__clkbuf_16)
     8    0.205178    0.215587    0.288963    0.389517 ^ clkbuf_0_clk/X (sky130_fd_sc_hd__clkbuf_16)
                                                         clknet_0_clk (net)
                      0.215855    0.006205    0.395722 ^ clkbuf_3_3__f_clk/A (sky130_fd_sc_hd__clkbuf_16)
    12    0.097296    0.113989    0.241023    0.636745 ^ clkbuf_3_3__f_clk/X (sky130_fd_sc_hd__clkbuf_16)
                                                         clknet_3_3__leaf_clk (net)
                      0.114014    0.001703    0.638448 ^ clkbuf_leaf_29_clk/A (sky130_fd_sc_hd__clkbuf_8)
     4    0.038701    0.079951    0.180659    0.819107 ^ clkbuf_leaf_29_clk/X (sky130_fd_sc_hd__clkbuf_8)
                                                         clknet_leaf_29_clk (net)
                      0.079951    0.000113    0.819220 ^ _20781_/CLK (sky130_fd_sc_hd__dfxtp_4)
     3    0.015834    0.061250    0.368925    1.188146 ^ _20781_/Q (sky130_fd_sc_hd__dfxtp_4)
                                                         a_l[3] (net)
                      0.061250    0.000161    1.188307 ^ max_cap620/A (sky130_fd_sc_hd__buf_12)
    15    0.086069    0.106852    0.155374    1.343681 ^ max_cap620/X (sky130_fd_sc_hd__buf_12)
                                                         net620 (net)
                      0.106866    0.001017    1.344697 ^ max_cap619/A (sky130_fd_sc_hd__buf_12)
    14    0.082332    0.103102    0.164276    1.508973 ^ max_cap619/X (sky130_fd_sc_hd__buf_12)
                                                         net619 (net)
                      0.103839    0.006951    1.515924 ^ max_cap618/A (sky130_fd_sc_hd__buf_12)
     8    0.044767    0.064251    0.136159    1.652083 ^ max_cap618/X (sky130_fd_sc_hd__buf_12)
                                                         net618 (net)
                      0.064447    0.002520    1.654602 ^ max_cap617/A (sky130_fd_sc_hd__buf_12)
     8    0.057732    0.076602    0.135492    1.790094 ^ max_cap617/X (sky130_fd_sc_hd__buf_12)
                                                         net617 (net)
                      0.076635    0.001277    1.791371 ^ rebuffer21/A (sky130_fd_sc_hd__clkbuf_4)
     6    0.040464    0.129862    0.208906    2.000278 ^ rebuffer21/X (sky130_fd_sc_hd__clkbuf_4)
                                                         net816 (net)
                      0.129876    0.001414    2.001692 ^ _10184_/A (sky130_fd_sc_hd__clkinv_8)
    19    0.144894    0.158381    0.168797    2.170489 v _10184_/Y (sky130_fd_sc_hd__clkinv_8)
                                                         _09188_ (net)
                      0.158521    0.003920    2.174409 v _15649_/A1 (sky130_fd_sc_hd__o311a_4)
     2    0.014619    0.067136    0.433463    2.607872 v _15649_/X (sky130_fd_sc_hd__o311a_4)
                                                         _06530_ (net)
                      0.067136    0.000357    2.608229 v _15706_/B2 (sky130_fd_sc_hd__o2bb2ai_4)
     3    0.017617    0.161572    0.169893    2.778123 ^ _15706_/Y (sky130_fd_sc_hd__o2bb2ai_4)
                                                         _06586_ (net)
                      0.161573    0.000317    2.778440 ^ _15745_/A (sky130_fd_sc_hd__nand2_1)
     2    0.005903    0.068514    0.092240    2.870680 v _15745_/Y (sky130_fd_sc_hd__nand2_1)
                                                         _06625_ (net)
                      0.068514    0.000052    2.870732 v _15775_/B2 (sky130_fd_sc_hd__o2bb2ai_1)
     1    0.004201    0.129711    0.146069    3.016801 ^ _15775_/Y (sky130_fd_sc_hd__o2bb2ai_1)
                                                         _06654_ (net)
                      0.129711    0.000069    3.016870 ^ wire214/A (sky130_fd_sc_hd__buf_1)
     1    0.009967    0.124567    0.160150    3.177020 ^ wire214/X (sky130_fd_sc_hd__buf_1)
                                                         net214 (net)
                      0.124567    0.000124    3.177144 ^ _15842_/B (sky130_fd_sc_hd__nand3_4)
     7    0.028851    0.118356    0.133793    3.310937 v _15842_/Y (sky130_fd_sc_hd__nand3_4)
                                                         _06721_ (net)
                      0.118356    0.000354    3.311291 v _15843_/A2 (sky130_fd_sc_hd__a21o_1)
     2    0.007825    0.054833    0.224354    3.535644 v _15843_/X (sky130_fd_sc_hd__a21o_1)
                                                         _06722_ (net)
                      0.054833    0.000078    3.535723 v _15850_/B1 (sky130_fd_sc_hd__o211ai_2)
     2    0.009629    0.178627    0.091535    3.627257 ^ _15850_/Y (sky130_fd_sc_hd__o211ai_2)
                                                         _06729_ (net)
                      0.178627    0.000074    3.627331 ^ max_cap176/A (sky130_fd_sc_hd__buf_4)
     5    0.026532    0.083264    0.185004    3.812336 ^ max_cap176/X (sky130_fd_sc_hd__buf_4)
                                                         net176 (net)
                      0.083264    0.000262    3.812598 ^ _15851_/B (sky130_fd_sc_hd__nand2_1)
     3    0.010830    0.086937    0.101297    3.913895 v _15851_/Y (sky130_fd_sc_hd__nand2_1)
                                                         _06730_ (net)
                      0.086937    0.000092    3.913987 v _15854_/B1 (sky130_fd_sc_hd__a21o_1)
     1    0.010568    0.064686    0.199858    4.113844 v _15854_/X (sky130_fd_sc_hd__a21o_1)
                                                         _06733_ (net)
                      0.064686    0.000177    4.114022 v _15968_/A1 (sky130_fd_sc_hd__o22ai_4)
     4    0.025509    0.253494    0.260339    4.374361 ^ _15968_/Y (sky130_fd_sc_hd__o22ai_4)
                                                         _06845_ (net)
                      0.253573    0.001688    4.376049 ^ _16185_/A2_N (sky130_fd_sc_hd__o2bb2ai_4)
     5    0.022942    0.190572    0.182687    4.558735 ^ _16185_/Y (sky130_fd_sc_hd__o2bb2ai_4)
                                                         _07060_ (net)
                      0.190573    0.000817    4.559552 ^ _16565_/A (sky130_fd_sc_hd__nand2_2)
     2    0.020907    0.107505    0.131136    4.690688 v _16565_/Y (sky130_fd_sc_hd__nand2_2)
                                                         _07438_ (net)
                      0.107546    0.000607    4.691295 v _16716_/B1 (sky130_fd_sc_hd__a22oi_4)
     3    0.043500    0.356420    0.318564    5.009860 ^ _16716_/Y (sky130_fd_sc_hd__a22oi_4)
                                                         _07587_ (net)
                      0.356432    0.001650    5.011509 ^ _17761_/A1 (sky130_fd_sc_hd__a21oi_4)
     3    0.025013    0.115325    0.142666    5.154175 v _17761_/Y (sky130_fd_sc_hd__a21oi_4)
                                                         _08624_ (net)
                      0.115345    0.001226    5.155401 v rebuffer163/A (sky130_fd_sc_hd__buf_1)
     1    0.002969    0.028085    0.119372    5.274773 v rebuffer163/X (sky130_fd_sc_hd__buf_1)
                                                         net958 (net)
                      0.028085    0.000032    5.274804 v _17917_/A2 (sky130_fd_sc_hd__o21bai_1)
     2    0.010983    0.249494    0.221011    5.495815 ^ _17917_/Y (sky130_fd_sc_hd__o21bai_1)
                                                         _08776_ (net)
                      0.249495    0.000278    5.496093 ^ _17949_/A (sky130_fd_sc_hd__nand2_1)
     1    0.003834    0.073298    0.091997    5.588090 v _17949_/Y (sky130_fd_sc_hd__nand2_1)
                                                         _08806_ (net)
                      0.073298    0.000052    5.588141 v _17952_/A2 (sky130_fd_sc_hd__a21oi_1)
     1    0.004006    0.125905    0.163718    5.751860 ^ _17952_/Y (sky130_fd_sc_hd__a21oi_1)
                                                         _08809_ (net)
                      0.125905    0.000049    5.751908 ^ _17954_/C (sky130_fd_sc_hd__nor3_1)
     1    0.002666    0.071931    0.058574    5.810482 v _17954_/Y (sky130_fd_sc_hd__nor3_1)
                                                         _00368_ (net)
                      0.071931    0.000030    5.810512 v _20728_/D (sky130_fd_sc_hd__dfxtp_1)
                                              5.810512   data arrival time

                                 10.000000   10.000000   clock clk (rise edge)
                                  0.000000   10.000000   clock source latency
     2    0.048234    0.138828    0.100553   10.100554 ^ clk (in)
                                                         clk (net)
                      0.138841    0.000000   10.100554 ^ clkbuf_0_clk/A (sky130_fd_sc_hd__clkbuf_16)
     8    0.205178    0.215587    0.288964   10.389517 ^ clkbuf_0_clk/X (sky130_fd_sc_hd__clkbuf_16)
                                                         clknet_0_clk (net)
                      0.215904    0.006736   10.396253 ^ clkbuf_3_2__f_clk/A (sky130_fd_sc_hd__clkbuf_16)
    10    0.101706    0.118151    0.243891   10.640144 ^ clkbuf_3_2__f_clk/X (sky130_fd_sc_hd__clkbuf_16)
                                                         clknet_3_2__leaf_clk (net)
                      0.118166    0.001493   10.641637 ^ clkbuf_leaf_8_clk/A (sky130_fd_sc_hd__clkbuf_8)
     7    0.047326    0.093535    0.192744   10.834381 ^ clkbuf_leaf_8_clk/X (sky130_fd_sc_hd__clkbuf_8)
                                                         clknet_leaf_8_clk (net)
                      0.093535    0.000275   10.834656 ^ _20728_/CLK (sky130_fd_sc_hd__dfxtp_1)
                                 -0.200000   10.634656   clock uncertainty
                                  0.000000   10.634656   clock reconvergence pessimism
                                 -0.110987   10.523669   library setup time
                                             10.523669   data required time
---------------------------------------------------------------------------------------------
                                             10.523669   data required time
                                             -5.810512   data arrival time
---------------------------------------------------------------------------------------------
                                              4.713158   slack (MET)




===========================================================================
report_checks --slack_max -0.01
============================================================================
======================= min_tt_025C_1v80 Corner ===================================

No paths found.


===========================================================================
 report_check_types -max_slew -max_cap -max_fanout -violators
============================================================================
======================= min_tt_025C_1v80 Corner ===================================



===========================================================================
report_parasitic_annotation -report_unannotated
============================================================================
Found 60 unannotated drivers.
 clkload0/Y
 clkload1/Y
 clkload10/Y
 clkload11/Y
 clkload12/Y
 clkload13/Y
 clkload14/Y
 clkload15/Y
 clkload16/X
 clkload17/Y
 clkload18/Y
 clkload19/Y
 clkload2/Y
 clkload20/Y
 clkload21/Y
 clkload22/Y
 clkload23/Y
 clkload24/Y
 clkload25/Y
 clkload26/X
 clkload27/Y
 clkload28/Y
 clkload29/Y
 clkload3/Y
 clkload30/Y
 clkload31/Y
 clkload32/Y
 clkload33/Y
 clkload34/Y
 clkload35/Y
 clkload36/Y
 clkload37/Y
 clkload38/X
 clkload39/X
 clkload4/Y
 clkload40/Y
 clkload41/Y
 clkload42/Y
 clkload43/Y
 clkload44/Y
 clkload45/Y
 clkload46/Y
 clkload47/Y
 clkload48/Y
 clkload49/Y
 clkload5/Y
 clkload50/Y
 clkload51/Y
 clkload52/Y
 clkload53/Y
 clkload54/Y
 clkload55/Y
 clkload56/Y
 clkload57/Y
 clkload58/Y
 clkload59/Y
 clkload6/Y
 clkload7/Y
 clkload8/Y
 clkload9/X
Found 0 partially unannotated drivers.

===========================================================================
max slew violation count 0
max fanout violation count 0
max cap violation count 0
============================================================================

===========================================================================
check_setup -verbose -unconstrained_endpoints -multiple_clock -no_clock -no_input_delay -loops -generated_clocks
===========================================================================
