Clock: clk
Sources: clk 
Generated: no
Virtual: yes
Propagated: no
Period: 10.000000

===========================================================================
report_clock_properties
============================================================================
Clock                   Period          Waveform
----------------------------------------------------
clk                  10.000000    0.000000  5.000000

===========================================================================
report_clock_latency
============================================================================
Clock clk
rise -> rise
    min     max
0.000000 0.000000 source latency
0.637428         network latency _20787_/CLK
        0.847096 network latency _20646_/CLK
---------------
0.637428 0.847096 latency
        0.209669 skew

fall -> fall
    min     max
0.000000 0.000000 source latency
0.547949         network latency _20800_/CLK
        0.743446 network latency _20646_/CLK
---------------
0.547949 0.743446 latency
        0.195497 skew



===========================================================================
report_clock_min_period
============================================================================
clk period_min = 5.29 fmax = 189.15
