Clock: clk
Sources: clk 
Generated: no
Virtual: yes
Propagated: no
Period: 10.000000

===========================================================================
report_clock_properties
============================================================================
Clock                   Period          Waveform
----------------------------------------------------
clk                  10.000000    0.000000  5.000000

===========================================================================
report_clock_latency
============================================================================
Clock clk
rise -> rise
    min     max
0.000000 0.000000 source latency
1.074905         network latency _20689_/CLK
        1.458344 network latency _20394_/CLK
---------------
1.074905 1.458344 latency
        0.383439 skew

fall -> fall
    min     max
0.000000 0.000000 source latency
0.936258         network latency _20689_/CLK
        1.291486 network latency _20394_/CLK
---------------
0.936258 1.291486 latency
        0.355228 skew



===========================================================================
report_clock_min_period
============================================================================
clk period_min = 9.78 fmax = 102.22
