
===========================================================================
report_checks -unconstrained
===========================================================================
======================= nom_tt_025C_1v80 Corner ===================================

Startpoint: _5043_ (rising edge-triggered flip-flop clocked by clk)
Endpoint: _5025_ (rising edge-triggered flip-flop clocked by clk)
Path Group: clk
Path Type: max

Fanout         Cap        Slew       Delay        Time   Description
---------------------------------------------------------------------------------------------
                                  0.000000    0.000000   clock clk (rise edge)
                                  0.000000    0.000000   clock source latency
     2    0.024438    0.000000    0.000000    0.000000 ^ clk (in)
                                                         clk (net)
                      0.001165    0.000582    0.000582 ^ clkbuf_0_clk/A (sky130_fd_sc_hd__clkbuf_16)
    17    0.116026    0.129721    0.181048    0.181630 ^ clkbuf_0_clk/X (sky130_fd_sc_hd__clkbuf_16)
                                                         clknet_0_clk (net)
                      0.129874    0.003575    0.185206 ^ clkbuf_3_1__f_clk/A (sky130_fd_sc_hd__clkbuf_16)
    23    0.055271    0.074014    0.182326    0.367532 ^ clkbuf_3_1__f_clk/X (sky130_fd_sc_hd__clkbuf_16)
                                                         clknet_3_1__leaf_clk (net)
                      0.074039    0.001083    0.368615 ^ _5043_/CLK (sky130_fd_sc_hd__dfxtp_2)
     2    0.018931    0.103210    0.373811    0.742425 ^ _5043_/Q (sky130_fd_sc_hd__dfxtp_2)
                                                         in1_reg[11] (net)
                      0.103210    0.000406    0.742832 ^ fanout111/A (sky130_fd_sc_hd__buf_8)
     8    0.060760    0.104674    0.162719    0.905551 ^ fanout111/X (sky130_fd_sc_hd__buf_8)
                                                         net111 (net)
                      0.104777    0.002022    0.907573 ^ fanout110/A (sky130_fd_sc_hd__buf_8)
    10    0.055324    0.096436    0.157207    1.064780 ^ fanout110/X (sky130_fd_sc_hd__buf_8)
                                                         net110 (net)
                      0.096603    0.002726    1.067506 ^ fanout108/A (sky130_fd_sc_hd__buf_6)
    10    0.055944    0.117052    0.171575    1.239081 ^ fanout108/X (sky130_fd_sc_hd__buf_6)
                                                         net108 (net)
                      0.117075    0.001630    1.240710 ^ _3484_/B (sky130_fd_sc_hd__nand2_2)
     4    0.021972    0.095883    0.118136    1.358846 v _3484_/Y (sky130_fd_sc_hd__nand2_2)
                                                         _0185_ (net)
                      0.095888    0.000572    1.359418 v _3609_/A1 (sky130_fd_sc_hd__o2111a_4)
     4    0.019230    0.063984    0.343389    1.702807 v _3609_/X (sky130_fd_sc_hd__o2111a_4)
                                                         _0309_ (net)
                      0.063984    0.000231    1.703038 v _3795_/A2 (sky130_fd_sc_hd__o21ai_1)
     1    0.010116    0.222994    0.213678    1.916716 ^ _3795_/Y (sky130_fd_sc_hd__o21ai_1)
                                                         _0508_ (net)
                      0.222995    0.000409    1.917125 ^ _3825_/B (sky130_fd_sc_hd__nand4_4)
     2    0.015918    0.120094    0.153580    2.070705 v _3825_/Y (sky130_fd_sc_hd__nand4_4)
                                                         _0541_ (net)
                      0.120095    0.000505    2.071210 v rebuffer14/A (sky130_fd_sc_hd__buf_6)
     7    0.041015    0.049013    0.175587    2.246797 v rebuffer14/X (sky130_fd_sc_hd__buf_6)
                                                         net288 (net)
                      0.049069    0.001484    2.248281 v _3829_/A (sky130_fd_sc_hd__nand2_2)
     1    0.004780    0.078465    0.056079    2.304360 ^ _3829_/Y (sky130_fd_sc_hd__nand2_2)
                                                         _0545_ (net)
                      0.078465    0.000189    2.304548 ^ _3835_/A (sky130_fd_sc_hd__nand2_1)
     1    0.010026    0.083399    0.092864    2.397412 v _3835_/Y (sky130_fd_sc_hd__nand2_1)
                                                         _0552_ (net)
                      0.083400    0.000420    2.397832 v _3838_/C (sky130_fd_sc_hd__nand3_4)
     2    0.016988    0.088101    0.115749    2.513582 ^ _3838_/Y (sky130_fd_sc_hd__nand3_4)
                                                         _0555_ (net)
                      0.088102    0.000631    2.514212 ^ rebuffer7/A (sky130_fd_sc_hd__buf_6)
     3    0.015561    0.043144    0.113564    2.627777 ^ rebuffer7/X (sky130_fd_sc_hd__buf_6)
                                                         net281 (net)
                      0.043145    0.000287    2.628064 ^ _3840_/B1 (sky130_fd_sc_hd__o21ai_2)
     2    0.011223    0.076934    0.066140    2.694204 v _3840_/Y (sky130_fd_sc_hd__o21ai_2)
                                                         _0557_ (net)
                      0.076936    0.000440    2.694644 v _3844_/B (sky130_fd_sc_hd__nand2_2)
     2    0.015776    0.096919    0.116528    2.811172 ^ _3844_/Y (sky130_fd_sc_hd__nand2_2)
                                                         _0562_ (net)
                      0.096959    0.000605    2.811777 ^ _3848_/A (sky130_fd_sc_hd__nand3_4)
     6    0.023549    0.105843    0.108480    2.920258 v _3848_/Y (sky130_fd_sc_hd__nand3_4)
                                                         _0566_ (net)
                      0.105845    0.000619    2.920877 v rebuffer2/A (sky130_fd_sc_hd__buf_2)
     1    0.005354    0.029207    0.149017    3.069894 v rebuffer2/X (sky130_fd_sc_hd__buf_2)
                                                         net276 (net)
                      0.029207    0.000145    3.070038 v _3868_/C1 (sky130_fd_sc_hd__o211ai_2)
     1    0.010092    0.182897    0.072462    3.142500 ^ _3868_/Y (sky130_fd_sc_hd__o211ai_2)
                                                         _0588_ (net)
                      0.182897    0.000251    3.142751 ^ _3871_/B1 (sky130_fd_sc_hd__o211ai_4)
     5    0.027150    0.115886    0.151170    3.293921 v _3871_/Y (sky130_fd_sc_hd__o211ai_4)
                                                         _0591_ (net)
                      0.115886    0.000510    3.294431 v rebuffer41/A (sky130_fd_sc_hd__buf_1)
     1    0.006360    0.045741    0.135502    3.429933 v rebuffer41/X (sky130_fd_sc_hd__buf_1)
                                                         net318 (net)
                      0.045741    0.000256    3.430190 v _3880_/A1_N (sky130_fd_sc_hd__o2bb2ai_2)
     1    0.005032    0.043992    0.116877    3.547066 v _3880_/Y (sky130_fd_sc_hd__o2bb2ai_2)
                                                         _0601_ (net)
                      0.043993    0.000169    3.547235 v _3881_/D (sky130_fd_sc_hd__nand4_2)
     4    0.015336    0.125329    0.124914    3.672149 ^ _3881_/Y (sky130_fd_sc_hd__nand4_2)
                                                         _0602_ (net)
                      0.125330    0.000592    3.672741 ^ _3883_/A (sky130_fd_sc_hd__nand2_2)
     1    0.008681    0.056446    0.076459    3.749199 v _3883_/Y (sky130_fd_sc_hd__nand2_2)
                                                         _0604_ (net)
                      0.056446    0.000199    3.749398 v _4406_/A (sky130_fd_sc_hd__nor3_4)
     2    0.018056    0.238796    0.266967    4.016365 ^ _4406_/Y (sky130_fd_sc_hd__nor3_4)
                                                         _1156_ (net)
                      0.238796    0.000534    4.016899 ^ _4407_/A (sky130_fd_sc_hd__nand3_4)
     6    0.032000    0.142995    0.166920    4.183819 v _4407_/Y (sky130_fd_sc_hd__nand3_4)
                                                         _1157_ (net)
                      0.143044    0.002100    4.185919 v _4773_/A (sky130_fd_sc_hd__nand3_2)
     3    0.014836    0.098064    0.135382    4.321301 ^ _4773_/Y (sky130_fd_sc_hd__nand3_2)
                                                         _1555_ (net)
                      0.098069    0.000730    4.322031 ^ _4775_/C1 (sky130_fd_sc_hd__o211ai_2)
     3    0.008370    0.090765    0.103709    4.425739 v _4775_/Y (sky130_fd_sc_hd__o211ai_2)
                                                         _1557_ (net)
                      0.090766    0.000278    4.426017 v _4818_/A2 (sky130_fd_sc_hd__a21o_1)
     1    0.003340    0.035466    0.192125    4.618143 v _4818_/X (sky130_fd_sc_hd__a21o_1)
                                                         _1603_ (net)
                      0.035466    0.000114    4.618256 v _4819_/C (sky130_fd_sc_hd__and3_1)
     1    0.003384    0.039570    0.172990    4.791246 v _4819_/X (sky130_fd_sc_hd__and3_1)
                                                         _0041_ (net)
                      0.039570    0.000116    4.791362 v _5025_/D (sky130_fd_sc_hd__dfxtp_1)
                                              4.791362   data arrival time

                                 10.000000   10.000000   clock clk (rise edge)
                                  0.000000   10.000000   clock source latency
     2    0.024438    0.000000    0.000000   10.000000 ^ clk (in)
                                                         clk (net)
                      0.001165    0.000583   10.000583 ^ clkbuf_0_clk/A (sky130_fd_sc_hd__clkbuf_16)
    17    0.116026    0.129721    0.181048   10.181631 ^ clkbuf_0_clk/X (sky130_fd_sc_hd__clkbuf_16)
                                                         clknet_0_clk (net)
                      0.129874    0.003575   10.185205 ^ clkbuf_3_1__f_clk/A (sky130_fd_sc_hd__clkbuf_16)
    23    0.055271    0.074014    0.182326   10.367532 ^ clkbuf_3_1__f_clk/X (sky130_fd_sc_hd__clkbuf_16)
                                                         clknet_3_1__leaf_clk (net)
                      0.074535    0.004842   10.372375 ^ _5025_/CLK (sky130_fd_sc_hd__dfxtp_1)
                                 -0.250000   10.122375   clock uncertainty
                                  0.000000   10.122375   clock reconvergence pessimism
                                 -0.101250   10.021124   library setup time
                                             10.021124   data required time
---------------------------------------------------------------------------------------------
                                             10.021124   data required time
                                             -4.791362   data arrival time
---------------------------------------------------------------------------------------------
                                              5.229762   slack (MET)




===========================================================================
report_checks --slack_max -0.01
============================================================================
======================= nom_tt_025C_1v80 Corner ===================================

No paths found.


===========================================================================
 report_check_types -max_slew -max_cap -max_fanout -violators
============================================================================
======================= nom_tt_025C_1v80 Corner ===================================

max fanout

Pin                                   Limit Fanout  Slack
---------------------------------------------------------
clkbuf_3_1__f_clk/X                      10     23    -13 (VIOLATED)
_2500_/Y                                 10     21    -11 (VIOLATED)
fanout119/X                              10     21    -11 (VIOLATED)
fanout125/X                              10     21    -11 (VIOLATED)
fanout141/X                              10     21    -11 (VIOLATED)
fanout142/X                              10     21    -11 (VIOLATED)
fanout148/X                              10     21    -11 (VIOLATED)
fanout151/X                              10     21    -11 (VIOLATED)
fanout154/X                              10     21    -11 (VIOLATED)
fanout159/X                              10     21    -11 (VIOLATED)
fanout160/X                              10     21    -11 (VIOLATED)
fanout168/X                              10     21    -11 (VIOLATED)
fanout170/X                              10     21    -11 (VIOLATED)
fanout177/X                              10     21    -11 (VIOLATED)
fanout179/X                              10     21    -11 (VIOLATED)
fanout182/X                              10     21    -11 (VIOLATED)
fanout187/X                              10     21    -11 (VIOLATED)
fanout188/X                              10     21    -11 (VIOLATED)
fanout191/X                              10     21    -11 (VIOLATED)
fanout193/X                              10     21    -11 (VIOLATED)
fanout195/X                              10     21    -11 (VIOLATED)
fanout197/X                              10     21    -11 (VIOLATED)
fanout205/X                              10     21    -11 (VIOLATED)
fanout207/X                              10     21    -11 (VIOLATED)
fanout212/X                              10     21    -11 (VIOLATED)
fanout216/X                              10     21    -11 (VIOLATED)
fanout219/X                              10     21    -11 (VIOLATED)
fanout224/X                              10     21    -11 (VIOLATED)
fanout226/X                              10     21    -11 (VIOLATED)
fanout232/X                              10     21    -11 (VIOLATED)
fanout235/X                              10     21    -11 (VIOLATED)
fanout238/X                              10     21    -11 (VIOLATED)
fanout243/X                              10     21    -11 (VIOLATED)
fanout248/X                              10     21    -11 (VIOLATED)
fanout267/X                              10     21    -11 (VIOLATED)
fanout269/X                              10     21    -11 (VIOLATED)
fanout271/X                              10     21    -11 (VIOLATED)
fanout273/X                              10     21    -11 (VIOLATED)
fanout68/X                               10     21    -11 (VIOLATED)
fanout70/X                               10     21    -11 (VIOLATED)
fanout71/X                               10     21    -11 (VIOLATED)
fanout72/X                               10     21    -11 (VIOLATED)
fanout73/X                               10     21    -11 (VIOLATED)
fanout74/X                               10     21    -11 (VIOLATED)
fanout77/X                               10     21    -11 (VIOLATED)
fanout78/X                               10     21    -11 (VIOLATED)
fanout80/X                               10     21    -11 (VIOLATED)
_2497_/Y                                 10     19     -9 (VIOLATED)
_2501_/Y                                 10     19     -9 (VIOLATED)
fanout126/X                              10     19     -9 (VIOLATED)
fanout194/X                              10     19     -9 (VIOLATED)
fanout227/X                              10     19     -9 (VIOLATED)
fanout230/X                              10     19     -9 (VIOLATED)
fanout242/X                              10     19     -9 (VIOLATED)
_2493_/Y                                 10     17     -7 (VIOLATED)
_2506_/Y                                 10     17     -7 (VIOLATED)
_2508_/Y                                 10     17     -7 (VIOLATED)
_2510_/Y                                 10     17     -7 (VIOLATED)
clkbuf_0_clk/X                           10     17     -7 (VIOLATED)
fanout132/X                              10     17     -7 (VIOLATED)
fanout178/X                              10     17     -7 (VIOLATED)
fanout184/X                              10     17     -7 (VIOLATED)
fanout203/X                              10     17     -7 (VIOLATED)
fanout268/X                              10     17     -7 (VIOLATED)
fanout90/X                               10     17     -7 (VIOLATED)
_2492_/Y                                 10     15     -5 (VIOLATED)
_2495_/Y                                 10     15     -5 (VIOLATED)
_2504_/Y                                 10     15     -5 (VIOLATED)
_2505_/Y                                 10     15     -5 (VIOLATED)
clkbuf_3_7__f_clk/X                      10     15     -5 (VIOLATED)
fanout117/X                              10     15     -5 (VIOLATED)
fanout161/X                              10     15     -5 (VIOLATED)
fanout209/X                              10     15     -5 (VIOLATED)
fanout233/X                              10     15     -5 (VIOLATED)
fanout244/X                              10     15     -5 (VIOLATED)
fanout85/X                               10     15     -5 (VIOLATED)
fanout96/X                               10     15     -5 (VIOLATED)
_2496_/Y                                 10     13     -3 (VIOLATED)
clkbuf_3_4__f_clk/X                      10     13     -3 (VIOLATED)
fanout105/X                              10     13     -3 (VIOLATED)
fanout124/X                              10     13     -3 (VIOLATED)
fanout167/X                              10     13     -3 (VIOLATED)
fanout199/X                              10     13     -3 (VIOLATED)
fanout221/X                              10     13     -3 (VIOLATED)
fanout274/X                              10     13     -3 (VIOLATED)
fanout76/X                               10     13     -3 (VIOLATED)
clkbuf_3_0__f_clk/X                      10     12     -2 (VIOLATED)
_2509_/Y                                 10     11        (VIOLATED)
_3346_/Y                                 10     11        (VIOLATED)
_3531_/Y                                 10     11        (VIOLATED)
_4439_/Y                                 10     11        (VIOLATED)
fanout152/X                              10     11        (VIOLATED)
fanout156/X                              10     11        (VIOLATED)
fanout164/X                              10     11        (VIOLATED)
fanout185/X                              10     11        (VIOLATED)
fanout190/X                              10     11        (VIOLATED)
fanout215/X                              10     11        (VIOLATED)
fanout251/X                              10     11        (VIOLATED)
fanout272/X                              10     11        (VIOLATED)
fanout79/X                               10     11        (VIOLATED)
fanout93/X                               10     11        (VIOLATED)



===========================================================================
report_parasitic_annotation -report_unannotated
============================================================================
Found 7 unannotated drivers.
 clkload0/Y
 clkload1/Y
 clkload2/Y
 clkload3/Y
 clkload4/Y
 clkload5/Y
 clkload6/Y
Found 0 partially unannotated drivers.

===========================================================================
max slew violation count 0
Writing metric design__max_slew_violation__count__corner:nom_tt_025C_1v80: 0
max fanout violation count 101
Writing metric design__max_fanout_violation__count__corner:nom_tt_025C_1v80: 101
max cap violation count 0
Writing metric design__max_cap_violation__count__corner:nom_tt_025C_1v80: 0
============================================================================

===========================================================================
check_setup -verbose -unconstrained_endpoints -multiple_clock -no_clock -no_input_delay -loops -generated_clocks
===========================================================================
Warning: There is 1 input port missing set_input_delay.
  rst
