Clock: clk
Sources: clk 
Generated: no
Virtual: yes
Propagated: no
Period: 10.000000

===========================================================================
report_clock_properties
============================================================================
Clock                   Period          Waveform
----------------------------------------------------
clk                  10.000000    0.000000  5.000000

===========================================================================
report_clock_latency
============================================================================
Clock clk
rise -> rise
    min     max
0.000000 0.000000 source latency
0.352023         network latency _4987_/CLK
        0.372717 network latency _5022_/CLK
---------------
0.352023 0.372717 latency
        0.020695 skew

fall -> fall
    min     max
0.000000 0.000000 source latency
0.352980         network latency _5002_/CLK
        0.368940 network latency _5022_/CLK
---------------
0.352980 0.368940 latency
        0.015960 skew



===========================================================================
report_clock_min_period
============================================================================
clk period_min = 4.77 fmax = 209.63
