if {[file exists ~/openlane2/my_script/script_matt.tcl]} {
    source ~/openlane2/my_script/script_matt.tcl
}
Reading OpenROAD database at '/home/hien/openlane2/designs/highspeed_pipelined_multiplier/runs/opti_8/25-odb-customioplacement/pipelined_mult.odb'…
Reading library file at '/home/hien/.volare/volare/sky130/versions/0fe599b2afb6708d281543108caf8310912f54af/sky130A/libs.ref/sky130_fd_sc_hd/lib/sky130_fd_sc_hd__tt_025C_1v80.lib'…
Reading design constraints file at '/home/hien/openlane2/designs/highspeed_pipelined_multiplier/src/pnr.sdc'…
[INFO] No information on clock propagation in input SDC file-- propagating all clocks.
[INFO] Setting RC values…
[INFO] Setting signal min routing layer to: met1 and clock min routing layer to met1. 
[INFO] Setting signal max routing layer to: met5 and clock max routing layer to met5. 
+ global_placement -density 0.7 -timing_driven -routability_driven -pad_right 0 -pad_left 0 -init_wirelength_coef 0.25
[INFO GPL-0002] DBU: 1000
[INFO GPL-0003] SiteSize: (  0.460  2.720 ) um
[INFO GPL-0004] CoreBBox: (  5.520 10.880 ) ( 444.360 437.920 ) um
[INFO GPL-0006] NumInstances:             13567
[INFO GPL-0007] NumPlaceInstances:        10630
[INFO GPL-0008] NumFixedInstances:         2937
[INFO GPL-0009] NumDummyInstances:            0
[INFO GPL-0010] NumNets:                  10696
[INFO GPL-0011] NumPins:                  43293
[INFO GPL-0012] DieBBox:  (  0.000  0.000 ) ( 450.000 450.000 ) um
[INFO GPL-0013] CoreBBox: (  5.520 10.880 ) ( 444.360 437.920 ) um
[INFO GPL-0016] CoreArea:            187402.234 um^2
[INFO GPL-0017] NonPlaceInstsArea:     4460.528 um^2
[INFO GPL-0018] PlaceInstsArea:      106514.656 um^2
[INFO GPL-0019] Util:                    58.223 %
[INFO GPL-0020] StdInstsArea:        106514.656 um^2
[INFO GPL-0021] MacroInstsArea:           0.000 um^2
[InitialPlace]  Iter: 1 CG residual: 0.00058381 HPWL: 289690755
[InitialPlace]  Iter: 2 CG residual: 0.00048387 HPWL: 130726108
[InitialPlace]  Iter: 3 CG residual: 0.00006359 HPWL: 130764427
[InitialPlace]  Iter: 4 CG residual: 0.00005945 HPWL: 131380729
[InitialPlace]  Iter: 5 CG residual: 0.00005976 HPWL: 131219964
[InitialPlace]  Iter: 6 CG residual: 0.00004689 HPWL: 131479990
[InitialPlace]  Iter: 7 CG residual: 0.00004660 HPWL: 131288219
[InitialPlace]  Iter: 8 CG residual: 0.00004578 HPWL: 131522374
[InitialPlace]  Iter: 9 CG residual: 0.00004935 HPWL: 131319082
[InitialPlace]  Iter: 10 CG residual: 0.00005923 HPWL: 131537187
[InitialPlace]  Iter: 11 CG residual: 0.00004352 HPWL: 131331770
[InitialPlace]  Iter: 12 CG residual: 0.00004062 HPWL: 131539025
[InitialPlace]  Iter: 13 CG residual: 0.00004647 HPWL: 131345243
[InitialPlace]  Iter: 14 CG residual: 0.00004145 HPWL: 131546165
[InitialPlace]  Iter: 15 CG residual: 0.00003328 HPWL: 131341270
[InitialPlace]  Iter: 16 CG residual: 0.00003624 HPWL: 131545273
[InitialPlace]  Iter: 17 CG residual: 0.00003116 HPWL: 131344481
[InitialPlace]  Iter: 18 CG residual: 0.00003456 HPWL: 131541162
[InitialPlace]  Iter: 19 CG residual: 0.00003135 HPWL: 131329732
[InitialPlace]  Iter: 20 CG residual: 0.00003490 HPWL: 131547997
[INFO GPL-0031] FillerInit:NumGCells:     12853
[INFO GPL-0032] FillerInit:NumGNets:      10696
[INFO GPL-0033] FillerInit:NumGPins:      43293
[INFO GPL-0023] TargetDensity:            0.700
[INFO GPL-0024] AvrgPlaceInstArea:       10.020 um^2
[INFO GPL-0025] IdealBinArea:            14.315 um^2
[INFO GPL-0026] IdealBinCnt:              13091
[INFO GPL-0027] TotalBinArea:        187402.234 um^2
[INFO GPL-0028] BinCnt:        64     64
[INFO GPL-0029] BinSize: (  6.857  6.673 )
[INFO GPL-0030] NumBins: 4096
[NesterovSolve] Iter:    1 overflow: 0.960 HPWL: 63849555
[NesterovSolve] Iter:   10 overflow: 0.917 HPWL: 71893999
[NesterovSolve] Iter:   20 overflow: 0.887 HPWL: 73574614
[NesterovSolve] Iter:   30 overflow: 0.871 HPWL: 78156138
[NesterovSolve] Iter:   40 overflow: 0.865 HPWL: 81788438
[NesterovSolve] Iter:   50 overflow: 0.863 HPWL: 83059112
[NesterovSolve] Iter:   60 overflow: 0.864 HPWL: 82456983
[NesterovSolve] Iter:   70 overflow: 0.865 HPWL: 81468331
[NesterovSolve] Iter:   80 overflow: 0.865 HPWL: 80986649
[NesterovSolve] Iter:   90 overflow: 0.865 HPWL: 80967351
[NesterovSolve] Iter:  100 overflow: 0.865 HPWL: 81161612
[NesterovSolve] Iter:  110 overflow: 0.865 HPWL: 81476011
[NesterovSolve] Iter:  120 overflow: 0.866 HPWL: 81903472
[NesterovSolve] Iter:  130 overflow: 0.864 HPWL: 82588232
[NesterovSolve] Iter:  140 overflow: 0.862 HPWL: 83800018
[NesterovSolve] Iter:  150 overflow: 0.857 HPWL: 85825452
[NesterovSolve] Iter:  160 overflow: 0.852 HPWL: 88863475
[NesterovSolve] Iter:  170 overflow: 0.844 HPWL: 92943501
[NesterovSolve] Iter:  180 overflow: 0.833 HPWL: 97869758
[NesterovSolve] Iter:  190 overflow: 0.819 HPWL: 103577629
[NesterovSolve] Iter:  200 overflow: 0.799 HPWL: 110164808
[INFO GPL-0100] Timing-driven: executing resizer for reweighting nets.
[INFO GPL-0101] Timing-driven: worst slack 3.72e-09
[INFO GPL-0103] Timing-driven: weighted 1069 nets.
[NesterovSolve] Iter:  210 overflow: 0.775 HPWL: 117469652
[NesterovSolve] Iter:  220 overflow: 0.749 HPWL: 125462781
[NesterovSolve] Iter:  230 overflow: 0.718 HPWL: 133484769
[NesterovSolve] Iter:  240 overflow: 0.681 HPWL: 142688163
[NesterovSolve] Iter:  250 overflow: 0.640 HPWL: 152120713
[INFO GPL-0100] Timing-driven: executing resizer for reweighting nets.
[INFO GPL-0101] Timing-driven: worst slack 3.52e-09
[INFO GPL-0103] Timing-driven: weighted 1069 nets.
[NesterovSolve] Iter:  260 overflow: 0.598 HPWL: 159321716
[NesterovSolve] Snapshot saved at iter = 259
[NesterovSolve] Iter:  270 overflow: 0.562 HPWL: 166248322
[NesterovSolve] Iter:  280 overflow: 0.521 HPWL: 173864524
[INFO GPL-0100] Timing-driven: executing resizer for reweighting nets.
[INFO GPL-0101] Timing-driven: worst slack 3.48e-09
[INFO GPL-0103] Timing-driven: weighted 1068 nets.
[NesterovSolve] Iter:  290 overflow: 0.476 HPWL: 178556847
[NesterovSolve] Iter:  300 overflow: 0.433 HPWL: 182077238
[NesterovSolve] Iter:  310 overflow: 0.388 HPWL: 186070051
[NesterovSolve] Iter:  320 overflow: 0.345 HPWL: 189787705
[NesterovSolve] Iter:  330 overflow: 0.311 HPWL: 193075470
[INFO GPL-0075] Routability numCall: 1 inflationIterCnt: 1 bloatIterCnt: 0
[INFO GPL-0036] TileBBox: (    0    0 ) ( 6900 6900 ) DBU
[INFO GPL-0038] TileCnt:      65   65
[INFO GPL-0040] NumTiles: 4225
[INFO GPL-0081] TotalRouteOverflow: 0.08844709396362305
[INFO GPL-0082] OverflowTileCnt: 4
[INFO GPL-0083] 0.5%RC: 0.9689235660162839
[INFO GPL-0084] 1.0%RC: 0.9460953279983165
[INFO GPL-0085] 2.0%RC: 0.9191853060441859
[INFO GPL-0086] 5.0%RC: 0.8686335519799646
[INFO GPL-0087] FinalRC: 0.95750946
[INFO GPL-0077] FinalRC lower than targetRC(1.01), routability not needed.
[NesterovSolve] Iter:  340 overflow: 0.291 HPWL: 195391678
[INFO GPL-0100] Timing-driven: executing resizer for reweighting nets.
[INFO GPL-0101] Timing-driven: worst slack 3.31e-09
[INFO GPL-0103] Timing-driven: weighted 1068 nets.
[NesterovSolve] Iter:  350 overflow: 0.262 HPWL: 197945249
[NesterovSolve] Iter:  360 overflow: 0.236 HPWL: 198970268
[NesterovSolve] Iter:  370 overflow: 0.217 HPWL: 200327200
[INFO GPL-0100] Timing-driven: executing resizer for reweighting nets.
[INFO GPL-0101] Timing-driven: worst slack 3.46e-09
[INFO GPL-0103] Timing-driven: weighted 1069 nets.
[NesterovSolve] Iter:  380 overflow: 0.197 HPWL: 201252448
[NesterovSolve] Iter:  390 overflow: 0.177 HPWL: 202022479
[NesterovSolve] Iter:  400 overflow: 0.160 HPWL: 202700048
[INFO GPL-0100] Timing-driven: executing resizer for reweighting nets.
[INFO GPL-0101] Timing-driven: worst slack 3.45e-09
[INFO GPL-0103] Timing-driven: weighted 1069 nets.
[NesterovSolve] Iter:  410 overflow: 0.142 HPWL: 202972232
[NesterovSolve] Iter:  420 overflow: 0.125 HPWL: 203412515
[NesterovSolve] Iter:  430 overflow: 0.110 HPWL: 203939211
[NesterovSolve] Finished with Overflow: 0.099200
[INFO] Setting RC values…
Setting global connections for newly added cells…
[INFO] Setting global connections...
Updating metrics…
Cell type report:                       Count       Area
  Fill cell                               314    1178.63
  Tap cell                               2623    3281.90
  Inverter                                178     668.14
  Sequential cell                         450    9571.68
  Multi-Input combinational cell        10002   96274.84
  Total                                 13567  110975.18
Writing OpenROAD database to '/home/hien/openlane2/designs/highspeed_pipelined_multiplier/runs/opti_8/27-openroad-globalplacement/pipelined_mult.odb'…
Writing netlist to '/home/hien/openlane2/designs/highspeed_pipelined_multiplier/runs/opti_8/27-openroad-globalplacement/pipelined_mult.nl.v'…
Writing powered netlist to '/home/hien/openlane2/designs/highspeed_pipelined_multiplier/runs/opti_8/27-openroad-globalplacement/pipelined_mult.pnl.v'…
Writing layout to '/home/hien/openlane2/designs/highspeed_pipelined_multiplier/runs/opti_8/27-openroad-globalplacement/pipelined_mult.def'…
Writing timing constraints to '/home/hien/openlane2/designs/highspeed_pipelined_multiplier/runs/opti_8/27-openroad-globalplacement/pipelined_mult.sdc'…
