if {[file exists ~/openlane2/my_script/script_matt.tcl]} {
    source ~/openlane2/my_script/script_matt.tcl
}
Reading OpenROAD database at '/home/hien/openlane2/designs/highspeed_pipelined_multiplier/runs/opti_5/38-openroad-globalrouting/pipelined_mult.odb'…
Reading library file at '/home/hien/.volare/volare/sky130/versions/0fe599b2afb6708d281543108caf8310912f54af/sky130A/libs.ref/sky130_fd_sc_hd/lib/sky130_fd_sc_hd__tt_025C_1v80.lib'…
Reading design constraints file at '/home/hien/openlane2/designs/highspeed_pipelined_multiplier/src/pnr.sdc'…
[INFO] No information on clock propagation in input SDC file-- propagating all clocks.
[INFO] Setting signal min routing layer to: met1 and clock min routing layer to met1. 
[INFO] Setting signal max routing layer to: met5 and clock max routing layer to met5. 
-congestion_iterations 50 -verbose
[INFO GRT-0020] Min routing layer: met1
[INFO GRT-0021] Max routing layer: met5
[INFO GRT-0022] Global adjustment: 30%
[INFO GRT-0023] Grid origin: (0, 0)
[INFO GRT-0043] No OR_DEFAULT vias defined.
[INFO GRT-0088] Layer li1     Track-Pitch = 0.4600  line-2-Via Pitch: 0.3400
[INFO GRT-0088] Layer met1    Track-Pitch = 0.3400  line-2-Via Pitch: 0.3400
[INFO GRT-0088] Layer met2    Track-Pitch = 0.4600  line-2-Via Pitch: 0.3500
[INFO GRT-0088] Layer met3    Track-Pitch = 0.6800  line-2-Via Pitch: 0.6150
[INFO GRT-0088] Layer met4    Track-Pitch = 0.9200  line-2-Via Pitch: 1.0400
[INFO GRT-0088] Layer met5    Track-Pitch = 3.4000  line-2-Via Pitch: 3.1100
[INFO GRT-0019] Found 67 clock nets.
[INFO GRT-0001] Minimum degree: 2
[INFO GRT-0002] Maximum degree: 95
[INFO GRT-0003] Macros: 0
[INFO GRT-0043] No OR_DEFAULT vias defined.
[INFO GRT-0004] Blockages: 7310

[INFO GRT-0053] Routing resources analysis:
          Routing      Original      Derated      Resource
Layer     Direction    Resources     Resources    Reduction (%)
---------------------------------------------------------------
li1        Vertical            0             0          0.00%
met1       Horizontal     149554         73401          50.92%
met2       Vertical       112144         73494          34.46%
met3       Horizontal      74734         51232          31.45%
met4       Vertical        45064         26053          42.19%
met5       Horizontal      14878          6630          55.44%
---------------------------------------------------------------

[INFO GRT-0101] Running extra iterations to remove overflow.
[INFO GRT-0197] Via related to pin nodes: 73147
[INFO GRT-0198] Via related Steiner nodes: 1119
[INFO GRT-0199] Via filling finished.
[INFO GRT-0111] Final number of vias: 90662
[INFO GRT-0112] Final usage 3D: 321395

[INFO GRT-0096] Final congestion report:
Layer         Resource        Demand        Usage (%)    Max H / Max V / Total Overflow
---------------------------------------------------------------------------------------
li1                  0             0            0.00%             0 /  0 /  0
met1             73401         21733           29.61%             0 /  0 /  0
met2             73494         21227           28.88%             0 /  0 /  0
met3             51232          3636            7.10%             0 /  0 /  0
met4             26053          2807           10.77%             0 /  0 /  0
met5              6630             6            0.09%             0 /  0 /  0
---------------------------------------------------------------------------------------
Total           230810         49409           21.41%             0 /  0 /  0

[INFO GRT-0018] Total wirelength: 546003 um
[INFO GRT-0014] Routed nets: 12141
[INFO GRT-0006] Repairing antennas, iteration 1.
[INFO GRT-0043] No OR_DEFAULT vias defined.
[INFO GRT-0012] Found 37 antenna violations.
[INFO GRT-0015] Inserted 96 diodes.
[INFO GRT-0009] rerouting 3688 nets.
[INFO GRT-0001] Minimum degree: 2
[INFO GRT-0002] Maximum degree: 95
[INFO GRT-0006] Repairing antennas, iteration 2.
[INFO GRT-0043] No OR_DEFAULT vias defined.
[INFO GRT-0012] Found 3 antenna violations.
[INFO GRT-0015] Inserted 3 diodes.
[INFO GRT-0009] rerouting 19 nets.
[INFO GRT-0001] Minimum degree: 2
[INFO GRT-0002] Maximum degree: 96
[INFO GRT-0006] Repairing antennas, iteration 3.
[INFO GRT-0043] No OR_DEFAULT vias defined.
[INFO GRT-0012] Found 0 antenna violations.
Placement Analysis
---------------------------------
total displacement          0.0 u
average displacement        0.0 u
max displacement            0.0 u
original HPWL          309232.1 u
legalized HPWL         309232.1 u
delta HPWL                    0 %

[INFO DPL-0020] Mirrored 5110 instances
[INFO DPL-0021] HPWL before          309232.1 u
[INFO DPL-0022] HPWL after           300696.9 u
[INFO DPL-0023] HPWL delta               -2.8 %
-congestion_iterations 50 -verbose
[INFO GRT-0020] Min routing layer: met1
[INFO GRT-0021] Max routing layer: met5
[INFO GRT-0022] Global adjustment: 30%
[INFO GRT-0023] Grid origin: (0, 0)
[INFO GRT-0043] No OR_DEFAULT vias defined.
[INFO GRT-0088] Layer li1     Track-Pitch = 0.4600  line-2-Via Pitch: 0.3400
[INFO GRT-0088] Layer met1    Track-Pitch = 0.3400  line-2-Via Pitch: 0.3400
[INFO GRT-0088] Layer met2    Track-Pitch = 0.4600  line-2-Via Pitch: 0.3500
[INFO GRT-0088] Layer met3    Track-Pitch = 0.6800  line-2-Via Pitch: 0.6150
[INFO GRT-0088] Layer met4    Track-Pitch = 0.9200  line-2-Via Pitch: 1.0400
[INFO GRT-0088] Layer met5    Track-Pitch = 3.4000  line-2-Via Pitch: 3.1100
[INFO GRT-0019] Found 67 clock nets.
[INFO GRT-0001] Minimum degree: 2
[INFO GRT-0002] Maximum degree: 96
[INFO GRT-0003] Macros: 0
[INFO GRT-0043] No OR_DEFAULT vias defined.
[INFO GRT-0004] Blockages: 7310

[INFO GRT-0053] Routing resources analysis:
          Routing      Original      Derated      Resource
Layer     Direction    Resources     Resources    Reduction (%)
---------------------------------------------------------------
li1        Vertical            0             0          0.00%
met1       Horizontal     149554         73401          50.92%
met2       Vertical       112144         73494          34.46%
met3       Horizontal      74734         51232          31.45%
met4       Vertical        45064         26053          42.19%
met5       Horizontal      14878          6630          55.44%
---------------------------------------------------------------

[INFO GRT-0101] Running extra iterations to remove overflow.
[INFO GRT-0197] Via related to pin nodes: 73293
[INFO GRT-0198] Via related Steiner nodes: 1116
[INFO GRT-0199] Via filling finished.
[INFO GRT-0111] Final number of vias: 90838
[INFO GRT-0112] Final usage 3D: 321964

[INFO GRT-0096] Final congestion report:
Layer         Resource        Demand        Usage (%)    Max H / Max V / Total Overflow
---------------------------------------------------------------------------------------
li1                  0             0            0.00%             0 /  0 /  0
met1             73401         21820           29.73%             0 /  0 /  0
met2             73494         21161           28.79%             0 /  0 /  0
met3             51232          3579            6.99%             0 /  0 /  0
met4             26053          2884           11.07%             0 /  0 /  0
met5              6630             6            0.09%             0 /  0 /  0
---------------------------------------------------------------------------------------
Total           230810         49450           21.42%             0 /  0 /  0

[INFO GRT-0018] Total wirelength: 546845 um
[INFO GRT-0014] Routed nets: 12141
[INFO] Setting RC values…
Setting global connections for newly added cells…
[INFO] Setting global connections...
Updating metrics…
Cell type report:                       Count       Area
  Fill cell                               424    1591.53
  Tap cell                               4815    6024.53
  Antenna cell                             99     247.74
  Clock buffer                             71     982.19
  Timing Repair Buffer                   1376   14466.37
  Inverter                                178    1128.58
  Clock inverter                           50     696.92
  Sequential cell                         450    9263.88
  Multi-Input combinational cell        10005   88780.15
  Total                                 17468  123181.89
Writing OpenROAD database to '/home/hien/openlane2/designs/highspeed_pipelined_multiplier/runs/opti_5/41-openroad-repairantennas/1-diodeinsertion/pipelined_mult.odb'…
Writing layout to '/home/hien/openlane2/designs/highspeed_pipelined_multiplier/runs/opti_5/41-openroad-repairantennas/1-diodeinsertion/pipelined_mult.def'…
