[WARNING ORD-0039] .openroad ignored with -python
Top-level design name: pipelined_mult
Block boundaries: 0 0 600000 600000
Horizontal Tracks Origin: 340, Count: 882, Step: 680
Vertical Tracks Origin: 230, Count: 1304, Step: 460
Placement details for the N side
Virtual pin count:  0
Actual pin count:  32
Total pin count:  32
Tracks count:  1304
Tracks per pin:  40
Used tracks count:  1241
Unused track count:  63
Starting track index:  31
Placement details for the E side
Virtual pin count:  0
Actual pin count:  32
Total pin count:  32
Tracks count:  441
Tracks per pin:  13
Used tracks count:  404
Unused track count:  37
Starting track index:  18
Placement details for the W side
Virtual pin count:  0
Actual pin count:  33
Total pin count:  33
Tracks count:  441
Tracks per pin:  13
Used tracks count:  417
Unused track count:  24
Starting track index:  12
Placement details for the S side
Virtual pin count:  0
Actual pin count:  33
Total pin count:  33
Tracks count:  1304
Tracks per pin:  39
Used tracks count:  1249
Unused track count:  55
Starting track index:  27
