if {[file exists ~/openlane2/my_script/script_matt.tcl]} {
    source ~/openlane2/my_script/script_matt.tcl
}
Reading OpenROAD database at '/home/hien/openlane2/designs/highspeed_pipelined_multiplier/runs/opti_1/25-odb-customioplacement/pipelined_mult.odb'…
Reading library file at '/home/hien/.volare/volare/sky130/versions/0fe599b2afb6708d281543108caf8310912f54af/sky130A/libs.ref/sky130_fd_sc_hd/lib/sky130_fd_sc_hd__tt_025C_1v80.lib'…
Reading design constraints file at '/home/hien/openlane2/designs/highspeed_pipelined_multiplier/src/pnr.sdc'…
[INFO] No information on clock propagation in input SDC file-- propagating all clocks.
[INFO] Setting RC values…
[INFO] Setting signal min routing layer to: met1 and clock min routing layer to met1. 
[INFO] Setting signal max routing layer to: met5 and clock max routing layer to met5. 
+ global_placement -density 0.7 -timing_driven -routability_driven -pad_right 0 -pad_left 0 -init_wirelength_coef 0.25
[INFO GPL-0002] DBU: 1000
[INFO GPL-0003] SiteSize: (  0.460  2.720 ) um
[INFO GPL-0004] CoreBBox: (  5.520 10.880 ) ( 410.320 413.440 ) um
[INFO GPL-0006] NumInstances:             13251
[INFO GPL-0007] NumPlaceInstances:        10630
[INFO GPL-0008] NumFixedInstances:         2621
[INFO GPL-0009] NumDummyInstances:            0
[INFO GPL-0010] NumNets:                  10696
[INFO GPL-0011] NumPins:                  43293
[INFO GPL-0012] DieBBox:  (  0.000  0.000 ) ( 415.845 426.565 ) um
[INFO GPL-0013] CoreBBox: (  5.520 10.880 ) ( 410.320 413.440 ) um
[INFO GPL-0016] CoreArea:            162956.288 um^2
[INFO GPL-0017] NonPlaceInstsArea:     4020.106 um^2
[INFO GPL-0018] PlaceInstsArea:      106514.656 um^2
[INFO GPL-0019] Util:                    67.017 %
[INFO GPL-0020] StdInstsArea:        106514.656 um^2
[INFO GPL-0021] MacroInstsArea:           0.000 um^2
[InitialPlace]  Iter: 1 CG residual: 0.00157207 HPWL: 295153567
[InitialPlace]  Iter: 2 CG residual: 0.00205624 HPWL: 125446372
[InitialPlace]  Iter: 3 CG residual: 0.00019488 HPWL: 124491964
[InitialPlace]  Iter: 4 CG residual: 0.00017336 HPWL: 124440167
[InitialPlace]  Iter: 5 CG residual: 0.00006822 HPWL: 123746787
[InitialPlace]  Iter: 6 CG residual: 0.00017583 HPWL: 123740660
[InitialPlace]  Iter: 7 CG residual: 0.00026699 HPWL: 123349283
[InitialPlace]  Iter: 8 CG residual: 0.00013121 HPWL: 123588691
[InitialPlace]  Iter: 9 CG residual: 0.00011927 HPWL: 123207518
[InitialPlace]  Iter: 10 CG residual: 0.00015121 HPWL: 123290362
[InitialPlace]  Iter: 11 CG residual: 0.00018653 HPWL: 123031957
[InitialPlace]  Iter: 12 CG residual: 0.00008797 HPWL: 123180756
[InitialPlace]  Iter: 13 CG residual: 0.00004754 HPWL: 122930346
[InitialPlace]  Iter: 14 CG residual: 0.00007425 HPWL: 123119433
[InitialPlace]  Iter: 15 CG residual: 0.00006662 HPWL: 122899539
[InitialPlace]  Iter: 16 CG residual: 0.00005428 HPWL: 123066593
[InitialPlace]  Iter: 17 CG residual: 0.00006322 HPWL: 122840434
[InitialPlace]  Iter: 18 CG residual: 0.00010531 HPWL: 122999015
[InitialPlace]  Iter: 19 CG residual: 0.00009947 HPWL: 122823198
[InitialPlace]  Iter: 20 CG residual: 0.00002581 HPWL: 123016713
[INFO GPL-0031] FillerInit:NumGCells:     11119
[INFO GPL-0032] FillerInit:NumGNets:      10696
[INFO GPL-0033] FillerInit:NumGPins:      43293
[INFO GPL-0023] TargetDensity:            0.700
[INFO GPL-0024] AvrgPlaceInstArea:       10.020 um^2
[INFO GPL-0025] IdealBinArea:            14.315 um^2
[INFO GPL-0026] IdealBinCnt:              11383
[INFO GPL-0027] TotalBinArea:        162956.288 um^2
[INFO GPL-0028] BinCnt:        64     64
[INFO GPL-0029] BinSize: (  6.325  6.290 )
[INFO GPL-0030] NumBins: 4096
[NesterovSolve] Iter:    1 overflow: 0.964 HPWL: 54425715
[NesterovSolve] Iter:   10 overflow: 0.945 HPWL: 55398870
[NesterovSolve] Iter:   20 overflow: 0.931 HPWL: 55456146
[NesterovSolve] Iter:   30 overflow: 0.925 HPWL: 57009266
[NesterovSolve] Iter:   40 overflow: 0.924 HPWL: 58424314
[NesterovSolve] Iter:   50 overflow: 0.922 HPWL: 59095267
[NesterovSolve] Iter:   60 overflow: 0.920 HPWL: 59098931
[NesterovSolve] Iter:   70 overflow: 0.919 HPWL: 58991937
[NesterovSolve] Iter:   80 overflow: 0.918 HPWL: 59094734
[NesterovSolve] Iter:   90 overflow: 0.917 HPWL: 59375069
[NesterovSolve] Iter:  100 overflow: 0.914 HPWL: 59812846
[NesterovSolve] Iter:  110 overflow: 0.912 HPWL: 60426033
[NesterovSolve] Iter:  120 overflow: 0.910 HPWL: 61262023
[NesterovSolve] Iter:  130 overflow: 0.907 HPWL: 62463886
[NesterovSolve] Iter:  140 overflow: 0.902 HPWL: 64194820
[NesterovSolve] Iter:  150 overflow: 0.897 HPWL: 66653539
[NesterovSolve] Iter:  160 overflow: 0.889 HPWL: 69886924
[NesterovSolve] Iter:  170 overflow: 0.881 HPWL: 73904816
[NesterovSolve] Iter:  180 overflow: 0.869 HPWL: 78950568
[NesterovSolve] Iter:  190 overflow: 0.854 HPWL: 85102992
[NesterovSolve] Iter:  200 overflow: 0.835 HPWL: 92517852
[NesterovSolve] Iter:  210 overflow: 0.810 HPWL: 101143226
[INFO GPL-0100] Timing-driven: executing resizer for reweighting nets.
[INFO GPL-0101] Timing-driven: worst slack 3.71e-09
[INFO GPL-0103] Timing-driven: weighted 1069 nets.
[NesterovSolve] Iter:  220 overflow: 0.781 HPWL: 109947101
[NesterovSolve] Iter:  230 overflow: 0.752 HPWL: 120493128
[NesterovSolve] Iter:  240 overflow: 0.718 HPWL: 129726825
[NesterovSolve] Iter:  250 overflow: 0.680 HPWL: 140151774
[NesterovSolve] Iter:  260 overflow: 0.637 HPWL: 150410758
[INFO GPL-0100] Timing-driven: executing resizer for reweighting nets.
[INFO GPL-0101] Timing-driven: worst slack 3.6e-09
[INFO GPL-0103] Timing-driven: weighted 1069 nets.
[NesterovSolve] Snapshot saved at iter = 268
[NesterovSolve] Iter:  270 overflow: 0.595 HPWL: 158969986
[NesterovSolve] Iter:  280 overflow: 0.552 HPWL: 165354018
[NesterovSolve] Iter:  290 overflow: 0.510 HPWL: 170527228
[INFO GPL-0100] Timing-driven: executing resizer for reweighting nets.
[INFO GPL-0101] Timing-driven: worst slack 3.45e-09
[INFO GPL-0103] Timing-driven: weighted 1069 nets.
[NesterovSolve] Iter:  300 overflow: 0.468 HPWL: 174502441
[NesterovSolve] Iter:  310 overflow: 0.420 HPWL: 178478736
[NesterovSolve] Iter:  320 overflow: 0.391 HPWL: 182053864
[NesterovSolve] Iter:  330 overflow: 0.340 HPWL: 186904399
[NesterovSolve] Iter:  340 overflow: 0.314 HPWL: 188530225
[INFO GPL-0075] Routability numCall: 1 inflationIterCnt: 1 bloatIterCnt: 0
[INFO GPL-0036] TileBBox: (    0    0 ) ( 6900 6900 ) DBU
[INFO GPL-0038] TileCnt:      60   61
[INFO GPL-0040] NumTiles: 3660
[INFO GPL-0081] TotalRouteOverflow: 0.06770741939544678
[INFO GPL-0082] OverflowTileCnt: 3
[INFO GPL-0083] 0.5%RC: 0.9763968681034288
[INFO GPL-0084] 1.0%RC: 0.9488286665967993
[INFO GPL-0085] 2.0%RC: 0.9198404155872963
[INFO GPL-0086] 5.0%RC: 0.875060440412636
[INFO GPL-0087] FinalRC: 0.96261275
[INFO GPL-0077] FinalRC lower than targetRC(1.01), routability not needed.
[NesterovSolve] Iter:  350 overflow: 0.285 HPWL: 190490630
[INFO GPL-0100] Timing-driven: executing resizer for reweighting nets.
[INFO GPL-0101] Timing-driven: worst slack 3.45e-09
[INFO GPL-0103] Timing-driven: weighted 1069 nets.
[NesterovSolve] Iter:  360 overflow: 0.261 HPWL: 191622057
[NesterovSolve] Iter:  370 overflow: 0.239 HPWL: 192431339
[NesterovSolve] Iter:  380 overflow: 0.218 HPWL: 193527347
[INFO GPL-0100] Timing-driven: executing resizer for reweighting nets.
[INFO GPL-0101] Timing-driven: worst slack 3.46e-09
[INFO GPL-0103] Timing-driven: weighted 1066 nets.
[NesterovSolve] Iter:  390 overflow: 0.197 HPWL: 194270187
[NesterovSolve] Iter:  400 overflow: 0.175 HPWL: 194823210
[NesterovSolve] Iter:  410 overflow: 0.158 HPWL: 195044173
[INFO GPL-0100] Timing-driven: executing resizer for reweighting nets.
[INFO GPL-0101] Timing-driven: worst slack 3.45e-09
[INFO GPL-0103] Timing-driven: weighted 1069 nets.
[NesterovSolve] Iter:  420 overflow: 0.143 HPWL: 195689124
[NesterovSolve] Iter:  430 overflow: 0.124 HPWL: 196172982
[NesterovSolve] Iter:  440 overflow: 0.107 HPWL: 196584473
[NesterovSolve] Finished with Overflow: 0.099419
[INFO] Setting RC values…
Setting global connections for newly added cells…
[INFO] Setting global connections...
Updating metrics…
Cell type report:                       Count       Area
  Fill cell                               296    1111.07
  Tap cell                               2325    2909.04
  Inverter                                178     668.14
  Sequential cell                         450    9571.68
  Multi-Input combinational cell        10002   96274.84
  Total                                 13251  110534.76
Writing OpenROAD database to '/home/hien/openlane2/designs/highspeed_pipelined_multiplier/runs/opti_1/27-openroad-globalplacement/pipelined_mult.odb'…
Writing netlist to '/home/hien/openlane2/designs/highspeed_pipelined_multiplier/runs/opti_1/27-openroad-globalplacement/pipelined_mult.nl.v'…
Writing powered netlist to '/home/hien/openlane2/designs/highspeed_pipelined_multiplier/runs/opti_1/27-openroad-globalplacement/pipelined_mult.pnl.v'…
Writing layout to '/home/hien/openlane2/designs/highspeed_pipelined_multiplier/runs/opti_1/27-openroad-globalplacement/pipelined_mult.def'…
Writing timing constraints to '/home/hien/openlane2/designs/highspeed_pipelined_multiplier/runs/opti_1/27-openroad-globalplacement/pipelined_mult.sdc'…
