Clock: clk
Sources: clk 
Generated: no
Virtual: yes
Propagated: no
Period: 10.000000

===========================================================================
report_clock_properties
============================================================================
Clock                   Period          Waveform
----------------------------------------------------
clk                  10.000000    0.000000  5.000000

===========================================================================
report_clock_latency
============================================================================
Clock clk
rise -> rise
    min     max
0.000000 0.000000 source latency
2.308197         network latency _20765_/CLK
        2.460388 network latency _20368_/CLK
---------------
2.308197 2.460388 latency
        0.152191 skew

fall -> fall
    min     max
0.000000 0.000000 source latency
0.956602         network latency _20765_/CLK
        1.097242 network latency _20368_/CLK
---------------
0.956602 1.097242 latency
        0.140640 skew



===========================================================================
report_clock_min_period
============================================================================
clk period_min = 8.96 fmax = 111.55
