                                                                     Buffers by Cell Master                                                                     
┏━━━━━━━━━━━━━━━━━━━━━━━━━━━━━━━━━━━━━━━━━━━━━━━━━━━━━━━━━━━━━━━━━━━━━━━━━━━━━━━━━━━━━━━━━━━━━━━━━━━━━━━━━━━━━━━━━━━━━━━━━━━━━━━━━━┳━━━━━━━━━━━━━━━━━━━━━━━━━━━┓
┃ Buffer                                                                                                                           ┃ Count                     ┃
┡━━━━━━━━━━━━━━━━━━━━━━━━━━━━━━━━━━━━━━━━━━━━━━━━━━━━━━━━━━━━━━━━━━━━━━━━━━━━━━━━━━━━━━━━━━━━━━━━━━━━━━━━━━━━━━━━━━━━━━━━━━━━━━━━━━╇━━━━━━━━━━━━━━━━━━━━━━━━━━━┩
│ sky130_fd_sc_hd__buf_1                                                                                                           │ 143                       │
│ sky130_fd_sc_hd__buf_12                                                                                                          │ 122                       │
│ sky130_fd_sc_hd__buf_2                                                                                                           │ 92                        │
│ sky130_fd_sc_hd__buf_4                                                                                                           │ 22                        │
│ sky130_fd_sc_hd__buf_6                                                                                                           │ 137                       │
│ sky130_fd_sc_hd__buf_8                                                                                                           │ 103                       │
│ sky130_fd_sc_hd__clkbuf_1                                                                                                        │ 138                       │
│ sky130_fd_sc_hd__clkbuf_16                                                                                                       │ 49                        │
│ sky130_fd_sc_hd__clkbuf_2                                                                                                        │ 106                       │
│ sky130_fd_sc_hd__clkbuf_4                                                                                                        │ 6                         │
│ sky130_fd_sc_hd__clkbuf_8                                                                                                        │ 83                        │
│ sky130_fd_sc_hd__dlygate4sd1_1                                                                                                   │ 132                       │
│ sky130_fd_sc_hd__dlygate4sd3_1                                                                                                   │ 218                       │
│ sky130_fd_sc_hd__dlymetal6s2s_1                                                                                                  │ 31                        │
│ sky130_fd_sc_hd__dlymetal6s4s_1                                                                                                  │ 10                        │
└──────────────────────────────────────────────────────────────────────────────────────────────────────────────────────────────────┴───────────────────────────┘
