                                                                       Cells by Function                                                                        
┏━━━━━━━━━━━━━━━━━━━━━━━━━━━━━━━━━━━━━━━━━━━━━━━━━━━━━━━━━━━━━━━━━━━━━━━━━━━━━━━━━━━━━━━━━━━━━━━━━━━━━━━━━━━━━━━━━━━━━━━━━━━━━━━━━┳━━━━━━━━━━━━━━━━━━━━━━━━━━━━┓
┃ Cell Function                                                                                                                   ┃ Count                      ┃
┡━━━━━━━━━━━━━━━━━━━━━━━━━━━━━━━━━━━━━━━━━━━━━━━━━━━━━━━━━━━━━━━━━━━━━━━━━━━━━━━━━━━━━━━━━━━━━━━━━━━━━━━━━━━━━━━━━━━━━━━━━━━━━━━━━╇━━━━━━━━━━━━━━━━━━━━━━━━━━━━┩
│ sky130_ef_sc_hd__decap                                                                                                          │ 2569                       │
│ sky130_fd_sc_hd__a2111o                                                                                                         │ 1                          │
│ sky130_fd_sc_hd__a2111oi                                                                                                        │ 2                          │
│ sky130_fd_sc_hd__a211o                                                                                                          │ 26                         │
│ sky130_fd_sc_hd__a211oi                                                                                                         │ 22                         │
│ sky130_fd_sc_hd__a21bo                                                                                                          │ 62                         │
│ sky130_fd_sc_hd__a21boi                                                                                                         │ 125                        │
│ sky130_fd_sc_hd__a21o                                                                                                           │ 538                        │
│ sky130_fd_sc_hd__a21oi                                                                                                          │ 651                        │
│ sky130_fd_sc_hd__a221o                                                                                                          │ 9                          │
│ sky130_fd_sc_hd__a221oi                                                                                                         │ 7                          │
│ sky130_fd_sc_hd__a22o                                                                                                           │ 281                        │
│ sky130_fd_sc_hd__a22oi                                                                                                          │ 317                        │
│ sky130_fd_sc_hd__a2bb2o                                                                                                         │ 27                         │
│ sky130_fd_sc_hd__a2bb2oi                                                                                                        │ 38                         │
│ sky130_fd_sc_hd__a311o                                                                                                          │ 6                          │
│ sky130_fd_sc_hd__a311oi                                                                                                         │ 12                         │
│ sky130_fd_sc_hd__a31o                                                                                                           │ 157                        │
│ sky130_fd_sc_hd__a31oi                                                                                                          │ 86                         │
│ sky130_fd_sc_hd__a32o                                                                                                           │ 31                         │
│ sky130_fd_sc_hd__a32oi                                                                                                          │ 59                         │
│ sky130_fd_sc_hd__a41o                                                                                                           │ 48                         │
│ sky130_fd_sc_hd__a41oi                                                                                                          │ 4                          │
│ sky130_fd_sc_hd__and2                                                                                                           │ 369                        │
│ sky130_fd_sc_hd__and2b                                                                                                          │ 15                         │
│ sky130_fd_sc_hd__and3                                                                                                           │ 293                        │
│ sky130_fd_sc_hd__and3b                                                                                                          │ 2                          │
│ sky130_fd_sc_hd__and4                                                                                                           │ 172                        │
│ sky130_fd_sc_hd__and4b                                                                                                          │ 13                         │
│ sky130_fd_sc_hd__and4bb                                                                                                         │ 4                          │
│ sky130_fd_sc_hd__buf                                                                                                            │ 619                        │
│ sky130_fd_sc_hd__bufinv                                                                                                         │ 6                          │
│ sky130_fd_sc_hd__clkbuf                                                                                                         │ 382                        │
│ sky130_fd_sc_hd__clkinv                                                                                                         │ 24                         │
│ sky130_fd_sc_hd__clkinvlp                                                                                                       │ 3                          │
│ sky130_fd_sc_hd__decap                                                                                                          │ 4003                       │
│ sky130_fd_sc_hd__dfxtp                                                                                                          │ 450                        │
│ sky130_fd_sc_hd__diode                                                                                                          │ 46                         │
│ sky130_fd_sc_hd__dlygate4sd1                                                                                                    │ 132                        │
│ sky130_fd_sc_hd__dlygate4sd3                                                                                                    │ 218                        │
│ sky130_fd_sc_hd__dlymetal6s2s                                                                                                   │ 31                         │
│ sky130_fd_sc_hd__dlymetal6s4s                                                                                                   │ 10                         │
│ sky130_fd_sc_hd__fill                                                                                                           │ 4119                       │
│ sky130_fd_sc_hd__inv                                                                                                            │ 200                        │
│ sky130_fd_sc_hd__mux2                                                                                                           │ 1                          │
│ sky130_fd_sc_hd__nand2                                                                                                          │ 1975                       │
│ sky130_fd_sc_hd__nand2b                                                                                                         │ 9                          │
│ sky130_fd_sc_hd__nand3                                                                                                          │ 980                        │
│ sky130_fd_sc_hd__nand3b                                                                                                         │ 89                         │
│ sky130_fd_sc_hd__nand4                                                                                                          │ 615                        │
│ sky130_fd_sc_hd__nand4b                                                                                                         │ 11                         │
│ sky130_fd_sc_hd__nor2                                                                                                           │ 281                        │
│ sky130_fd_sc_hd__nor3                                                                                                           │ 36                         │
│ sky130_fd_sc_hd__nor3b                                                                                                          │ 7                          │
│ sky130_fd_sc_hd__nor4                                                                                                           │ 6                          │
│ sky130_fd_sc_hd__nor4b                                                                                                          │ 2                          │
│ sky130_fd_sc_hd__o2111a                                                                                                         │ 25                         │
│ sky130_fd_sc_hd__o2111ai                                                                                                        │ 171                        │
│ sky130_fd_sc_hd__o211a                                                                                                          │ 156                        │
│ sky130_fd_sc_hd__o211ai                                                                                                         │ 544                        │
│ sky130_fd_sc_hd__o21a                                                                                                           │ 181                        │
│ sky130_fd_sc_hd__o21ai                                                                                                          │ 564                        │
│ sky130_fd_sc_hd__o21ba                                                                                                          │ 9                          │
│ sky130_fd_sc_hd__o21bai                                                                                                         │ 49                         │
│ sky130_fd_sc_hd__o221a                                                                                                          │ 23                         │
│ sky130_fd_sc_hd__o221ai                                                                                                         │ 92                         │
│ sky130_fd_sc_hd__o22a                                                                                                           │ 66                         │
│ sky130_fd_sc_hd__o22ai                                                                                                          │ 85                         │
│ sky130_fd_sc_hd__o2bb2a                                                                                                         │ 46                         │
│ sky130_fd_sc_hd__o2bb2ai                                                                                                        │ 355                        │
│ sky130_fd_sc_hd__o311a                                                                                                          │ 26                         │
│ sky130_fd_sc_hd__o311ai                                                                                                         │ 2                          │
│ sky130_fd_sc_hd__o31a                                                                                                           │ 48                         │
│ sky130_fd_sc_hd__o31ai                                                                                                          │ 16                         │
│ sky130_fd_sc_hd__o32a                                                                                                           │ 16                         │
│ sky130_fd_sc_hd__o32ai                                                                                                          │ 3                          │
│ sky130_fd_sc_hd__o41a                                                                                                           │ 6                          │
│ sky130_fd_sc_hd__or2                                                                                                            │ 46                         │
│ sky130_fd_sc_hd__or3                                                                                                            │ 18                         │
│ sky130_fd_sc_hd__or3b                                                                                                           │ 6                          │
│ sky130_fd_sc_hd__or4                                                                                                            │ 4                          │
│ sky130_fd_sc_hd__or4b                                                                                                           │ 7                          │
│ sky130_fd_sc_hd__or4bb                                                                                                          │ 2                          │
│ sky130_fd_sc_hd__tapvpwrvgnd                                                                                                    │ 2623                       │
│ sky130_fd_sc_hd__xnor2                                                                                                          │ 18                         │
│ sky130_fd_sc_hd__xor2                                                                                                           │ 30                         │
└─────────────────────────────────────────────────────────────────────────────────────────────────────────────────────────────────┴────────────────────────────┘
