                                                                        Cells by Master                                                                         
┏━━━━━━━━━━━━━━━━━━━━━━━━━━━━━━━━━━━━━━━━━━━━━━━━━━━━━━━━━━━━━━━━━━━━━━━━━━━━━━━━━━━━━━━━━━━━━━━━━━━━━━━━━━━━━━━━━━━━━━━━━━━━━━━━━━┳━━━━━━━━━━━━━━━━━━━━━━━━━━━┓
┃ Cell                                                                                                                             ┃ Count                     ┃
┡━━━━━━━━━━━━━━━━━━━━━━━━━━━━━━━━━━━━━━━━━━━━━━━━━━━━━━━━━━━━━━━━━━━━━━━━━━━━━━━━━━━━━━━━━━━━━━━━━━━━━━━━━━━━━━━━━━━━━━━━━━━━━━━━━━╇━━━━━━━━━━━━━━━━━━━━━━━━━━━┩
│ sky130_ef_sc_hd__decap_12                                                                                                        │ 2569                      │
│ sky130_fd_sc_hd__a2111o_1                                                                                                        │ 1                         │
│ sky130_fd_sc_hd__a2111oi_1                                                                                                       │ 1                         │
│ sky130_fd_sc_hd__a2111oi_4                                                                                                       │ 1                         │
│ sky130_fd_sc_hd__a211o_1                                                                                                         │ 25                        │
│ sky130_fd_sc_hd__a211o_4                                                                                                         │ 1                         │
│ sky130_fd_sc_hd__a211oi_1                                                                                                        │ 16                        │
│ sky130_fd_sc_hd__a211oi_2                                                                                                        │ 5                         │
│ sky130_fd_sc_hd__a211oi_4                                                                                                        │ 1                         │
│ sky130_fd_sc_hd__a21bo_1                                                                                                         │ 58                        │
│ sky130_fd_sc_hd__a21bo_2                                                                                                         │ 3                         │
│ sky130_fd_sc_hd__a21bo_4                                                                                                         │ 1                         │
│ sky130_fd_sc_hd__a21boi_1                                                                                                        │ 61                        │
│ sky130_fd_sc_hd__a21boi_2                                                                                                        │ 43                        │
│ sky130_fd_sc_hd__a21boi_4                                                                                                        │ 21                        │
│ sky130_fd_sc_hd__a21o_1                                                                                                          │ 527                       │
│ sky130_fd_sc_hd__a21o_2                                                                                                          │ 3                         │
│ sky130_fd_sc_hd__a21o_4                                                                                                          │ 8                         │
│ sky130_fd_sc_hd__a21oi_1                                                                                                         │ 451                       │
│ sky130_fd_sc_hd__a21oi_2                                                                                                         │ 146                       │
│ sky130_fd_sc_hd__a21oi_4                                                                                                         │ 54                        │
│ sky130_fd_sc_hd__a221o_1                                                                                                         │ 9                         │
│ sky130_fd_sc_hd__a221oi_1                                                                                                        │ 5                         │
│ sky130_fd_sc_hd__a221oi_2                                                                                                        │ 2                         │
│ sky130_fd_sc_hd__a22o_1                                                                                                          │ 269                       │
│ sky130_fd_sc_hd__a22o_2                                                                                                          │ 7                         │
│ sky130_fd_sc_hd__a22o_4                                                                                                          │ 5                         │
│ sky130_fd_sc_hd__a22oi_1                                                                                                         │ 120                       │
│ sky130_fd_sc_hd__a22oi_2                                                                                                         │ 103                       │
│ sky130_fd_sc_hd__a22oi_4                                                                                                         │ 94                        │
│ sky130_fd_sc_hd__a2bb2o_1                                                                                                        │ 21                        │
│ sky130_fd_sc_hd__a2bb2o_2                                                                                                        │ 4                         │
│ sky130_fd_sc_hd__a2bb2o_4                                                                                                        │ 2                         │
│ sky130_fd_sc_hd__a2bb2oi_1                                                                                                       │ 21                        │
│ sky130_fd_sc_hd__a2bb2oi_2                                                                                                       │ 13                        │
│ sky130_fd_sc_hd__a2bb2oi_4                                                                                                       │ 4                         │
│ sky130_fd_sc_hd__a311o_1                                                                                                         │ 6                         │
│ sky130_fd_sc_hd__a311oi_1                                                                                                        │ 8                         │
│ sky130_fd_sc_hd__a311oi_2                                                                                                        │ 4                         │
│ sky130_fd_sc_hd__a31o_1                                                                                                          │ 153                       │
│ sky130_fd_sc_hd__a31o_2                                                                                                          │ 2                         │
│ sky130_fd_sc_hd__a31o_4                                                                                                          │ 2                         │
│ sky130_fd_sc_hd__a31oi_1                                                                                                         │ 33                        │
│ sky130_fd_sc_hd__a31oi_2                                                                                                         │ 37                        │
│ sky130_fd_sc_hd__a31oi_4                                                                                                         │ 16                        │
│ sky130_fd_sc_hd__a32o_1                                                                                                          │ 26                        │
│ sky130_fd_sc_hd__a32o_2                                                                                                          │ 5                         │
│ sky130_fd_sc_hd__a32oi_1                                                                                                         │ 9                         │
│ sky130_fd_sc_hd__a32oi_2                                                                                                         │ 14                        │
│ sky130_fd_sc_hd__a32oi_4                                                                                                         │ 36                        │
│ sky130_fd_sc_hd__a41o_1                                                                                                          │ 48                        │
│ sky130_fd_sc_hd__a41oi_1                                                                                                         │ 1                         │
│ sky130_fd_sc_hd__a41oi_2                                                                                                         │ 2                         │
│ sky130_fd_sc_hd__a41oi_4                                                                                                         │ 1                         │
│ sky130_fd_sc_hd__and2_1                                                                                                          │ 351                       │
│ sky130_fd_sc_hd__and2_2                                                                                                          │ 11                        │
│ sky130_fd_sc_hd__and2_4                                                                                                          │ 7                         │
│ sky130_fd_sc_hd__and2b_1                                                                                                         │ 15                        │
│ sky130_fd_sc_hd__and3_1                                                                                                          │ 276                       │
│ sky130_fd_sc_hd__and3_2                                                                                                          │ 7                         │
│ sky130_fd_sc_hd__and3_4                                                                                                          │ 10                        │
│ sky130_fd_sc_hd__and3b_1                                                                                                         │ 2                         │
│ sky130_fd_sc_hd__and4_1                                                                                                          │ 155                       │
│ sky130_fd_sc_hd__and4_2                                                                                                          │ 12                        │
│ sky130_fd_sc_hd__and4_4                                                                                                          │ 5                         │
│ sky130_fd_sc_hd__and4b_1                                                                                                         │ 12                        │
│ sky130_fd_sc_hd__and4b_2                                                                                                         │ 1                         │
│ sky130_fd_sc_hd__and4bb_1                                                                                                        │ 4                         │
│ sky130_fd_sc_hd__buf_1                                                                                                           │ 143                       │
│ sky130_fd_sc_hd__buf_12                                                                                                          │ 122                       │
│ sky130_fd_sc_hd__buf_2                                                                                                           │ 92                        │
│ sky130_fd_sc_hd__buf_4                                                                                                           │ 22                        │
│ sky130_fd_sc_hd__buf_6                                                                                                           │ 137                       │
│ sky130_fd_sc_hd__buf_8                                                                                                           │ 103                       │
│ sky130_fd_sc_hd__bufinv_16                                                                                                       │ 6                         │
│ sky130_fd_sc_hd__clkbuf_1                                                                                                        │ 138                       │
│ sky130_fd_sc_hd__clkbuf_16                                                                                                       │ 49                        │
│ sky130_fd_sc_hd__clkbuf_2                                                                                                        │ 106                       │
│ sky130_fd_sc_hd__clkbuf_4                                                                                                        │ 6                         │
│ sky130_fd_sc_hd__clkbuf_8                                                                                                        │ 83                        │
│ sky130_fd_sc_hd__clkinv_16                                                                                                       │ 1                         │
│ sky130_fd_sc_hd__clkinv_2                                                                                                        │ 4                         │
│ sky130_fd_sc_hd__clkinv_4                                                                                                        │ 3                         │
│ sky130_fd_sc_hd__clkinv_8                                                                                                        │ 16                        │
│ sky130_fd_sc_hd__clkinvlp_4                                                                                                      │ 3                         │
│ sky130_fd_sc_hd__decap_3                                                                                                         │ 1211                      │
│ sky130_fd_sc_hd__decap_4                                                                                                         │ 1022                      │
│ sky130_fd_sc_hd__decap_6                                                                                                         │ 840                       │
│ sky130_fd_sc_hd__decap_8                                                                                                         │ 930                       │
│ sky130_fd_sc_hd__dfxtp_1                                                                                                         │ 376                       │
│ sky130_fd_sc_hd__dfxtp_2                                                                                                         │ 26                        │
│ sky130_fd_sc_hd__dfxtp_4                                                                                                         │ 48                        │
│ sky130_fd_sc_hd__diode_2                                                                                                         │ 46                        │
│ sky130_fd_sc_hd__dlygate4sd1_1                                                                                                   │ 132                       │
│ sky130_fd_sc_hd__dlygate4sd3_1                                                                                                   │ 218                       │
│ sky130_fd_sc_hd__dlymetal6s2s_1                                                                                                  │ 31                        │
│ sky130_fd_sc_hd__dlymetal6s4s_1                                                                                                  │ 10                        │
│ sky130_fd_sc_hd__fill_1                                                                                                          │ 2635                      │
│ sky130_fd_sc_hd__fill_2                                                                                                          │ 1484                      │
│ sky130_fd_sc_hd__inv_12                                                                                                          │ 18                        │
│ sky130_fd_sc_hd__inv_16                                                                                                          │ 11                        │
│ sky130_fd_sc_hd__inv_2                                                                                                           │ 131                       │
│ sky130_fd_sc_hd__inv_4                                                                                                           │ 5                         │
│ sky130_fd_sc_hd__inv_6                                                                                                           │ 14                        │
│ sky130_fd_sc_hd__inv_8                                                                                                           │ 21                        │
│ sky130_fd_sc_hd__mux2_1                                                                                                          │ 1                         │
│ sky130_fd_sc_hd__nand2_1                                                                                                         │ 1602                      │
│ sky130_fd_sc_hd__nand2_2                                                                                                         │ 300                       │
│ sky130_fd_sc_hd__nand2_4                                                                                                         │ 47                        │
│ sky130_fd_sc_hd__nand2_8                                                                                                         │ 26                        │
│ sky130_fd_sc_hd__nand2b_1                                                                                                        │ 9                         │
│ sky130_fd_sc_hd__nand3_1                                                                                                         │ 414                       │
│ sky130_fd_sc_hd__nand3_2                                                                                                         │ 348                       │
│ sky130_fd_sc_hd__nand3_4                                                                                                         │ 218                       │
│ sky130_fd_sc_hd__nand3b_1                                                                                                        │ 36                        │
│ sky130_fd_sc_hd__nand3b_2                                                                                                        │ 31                        │
│ sky130_fd_sc_hd__nand3b_4                                                                                                        │ 22                        │
│ sky130_fd_sc_hd__nand4_1                                                                                                         │ 240                       │
│ sky130_fd_sc_hd__nand4_2                                                                                                         │ 231                       │
│ sky130_fd_sc_hd__nand4_4                                                                                                         │ 144                       │
│ sky130_fd_sc_hd__nand4b_1                                                                                                        │ 4                         │
│ sky130_fd_sc_hd__nand4b_2                                                                                                        │ 6                         │
│ sky130_fd_sc_hd__nand4b_4                                                                                                        │ 1                         │
│ sky130_fd_sc_hd__nor2_1                                                                                                          │ 242                       │
│ sky130_fd_sc_hd__nor2_2                                                                                                          │ 25                        │
│ sky130_fd_sc_hd__nor2_4                                                                                                          │ 13                        │
│ sky130_fd_sc_hd__nor2_8                                                                                                          │ 1                         │
│ sky130_fd_sc_hd__nor3_1                                                                                                          │ 30                        │
│ sky130_fd_sc_hd__nor3_2                                                                                                          │ 6                         │
│ sky130_fd_sc_hd__nor3b_1                                                                                                         │ 7                         │
│ sky130_fd_sc_hd__nor4_1                                                                                                          │ 4                         │
│ sky130_fd_sc_hd__nor4_2                                                                                                          │ 2                         │
│ sky130_fd_sc_hd__nor4b_1                                                                                                         │ 1                         │
│ sky130_fd_sc_hd__nor4b_4                                                                                                         │ 1                         │
│ sky130_fd_sc_hd__o2111a_1                                                                                                        │ 22                        │
│ sky130_fd_sc_hd__o2111a_2                                                                                                        │ 3                         │
│ sky130_fd_sc_hd__o2111ai_1                                                                                                       │ 47                        │
│ sky130_fd_sc_hd__o2111ai_2                                                                                                       │ 41                        │
│ sky130_fd_sc_hd__o2111ai_4                                                                                                       │ 83                        │
│ sky130_fd_sc_hd__o211a_1                                                                                                         │ 145                       │
│ sky130_fd_sc_hd__o211a_2                                                                                                         │ 4                         │
│ sky130_fd_sc_hd__o211a_4                                                                                                         │ 7                         │
│ sky130_fd_sc_hd__o211ai_1                                                                                                        │ 137                       │
│ sky130_fd_sc_hd__o211ai_2                                                                                                        │ 235                       │
│ sky130_fd_sc_hd__o211ai_4                                                                                                        │ 172                       │
│ sky130_fd_sc_hd__o21a_1                                                                                                          │ 176                       │
│ sky130_fd_sc_hd__o21a_2                                                                                                          │ 2                         │
│ sky130_fd_sc_hd__o21a_4                                                                                                          │ 3                         │
│ sky130_fd_sc_hd__o21ai_1                                                                                                         │ 353                       │
│ sky130_fd_sc_hd__o21ai_2                                                                                                         │ 168                       │
│ sky130_fd_sc_hd__o21ai_4                                                                                                         │ 43                        │
│ sky130_fd_sc_hd__o21ba_1                                                                                                         │ 9                         │
│ sky130_fd_sc_hd__o21bai_1                                                                                                        │ 22                        │
│ sky130_fd_sc_hd__o21bai_2                                                                                                        │ 12                        │
│ sky130_fd_sc_hd__o21bai_4                                                                                                        │ 15                        │
│ sky130_fd_sc_hd__o221a_1                                                                                                         │ 22                        │
│ sky130_fd_sc_hd__o221a_4                                                                                                         │ 1                         │
│ sky130_fd_sc_hd__o221ai_1                                                                                                        │ 7                         │
│ sky130_fd_sc_hd__o221ai_2                                                                                                        │ 37                        │
│ sky130_fd_sc_hd__o221ai_4                                                                                                        │ 48                        │
│ sky130_fd_sc_hd__o22a_1                                                                                                          │ 65                        │
│ sky130_fd_sc_hd__o22a_2                                                                                                          │ 1                         │
│ sky130_fd_sc_hd__o22ai_1                                                                                                         │ 28                        │
│ sky130_fd_sc_hd__o22ai_2                                                                                                         │ 32                        │
│ sky130_fd_sc_hd__o22ai_4                                                                                                         │ 25                        │
│ sky130_fd_sc_hd__o2bb2a_1                                                                                                        │ 39                        │
│ sky130_fd_sc_hd__o2bb2a_2                                                                                                        │ 6                         │
│ sky130_fd_sc_hd__o2bb2a_4                                                                                                        │ 1                         │
│ sky130_fd_sc_hd__o2bb2ai_1                                                                                                       │ 198                       │
│ sky130_fd_sc_hd__o2bb2ai_2                                                                                                       │ 112                       │
│ sky130_fd_sc_hd__o2bb2ai_4                                                                                                       │ 45                        │
│ sky130_fd_sc_hd__o311a_1                                                                                                         │ 25                        │
│ sky130_fd_sc_hd__o311a_4                                                                                                         │ 1                         │
│ sky130_fd_sc_hd__o311ai_1                                                                                                        │ 1                         │
│ sky130_fd_sc_hd__o311ai_2                                                                                                        │ 1                         │
│ sky130_fd_sc_hd__o31a_1                                                                                                          │ 46                        │
│ sky130_fd_sc_hd__o31a_2                                                                                                          │ 2                         │
│ sky130_fd_sc_hd__o31ai_1                                                                                                         │ 11                        │
│ sky130_fd_sc_hd__o31ai_2                                                                                                         │ 4                         │
│ sky130_fd_sc_hd__o31ai_4                                                                                                         │ 1                         │
│ sky130_fd_sc_hd__o32a_1                                                                                                          │ 14                        │
│ sky130_fd_sc_hd__o32a_2                                                                                                          │ 1                         │
│ sky130_fd_sc_hd__o32a_4                                                                                                          │ 1                         │
│ sky130_fd_sc_hd__o32ai_1                                                                                                         │ 1                         │
│ sky130_fd_sc_hd__o32ai_2                                                                                                         │ 2                         │
│ sky130_fd_sc_hd__o41a_1                                                                                                          │ 6                         │
│ sky130_fd_sc_hd__or2_1                                                                                                           │ 43                        │
│ sky130_fd_sc_hd__or2_2                                                                                                           │ 2                         │
│ sky130_fd_sc_hd__or2_4                                                                                                           │ 1                         │
│ sky130_fd_sc_hd__or3_1                                                                                                           │ 16                        │
│ sky130_fd_sc_hd__or3_4                                                                                                           │ 2                         │
│ sky130_fd_sc_hd__or3b_1                                                                                                          │ 4                         │
│ sky130_fd_sc_hd__or3b_2                                                                                                          │ 1                         │
│ sky130_fd_sc_hd__or3b_4                                                                                                          │ 1                         │
│ sky130_fd_sc_hd__or4_1                                                                                                           │ 3                         │
│ sky130_fd_sc_hd__or4_2                                                                                                           │ 1                         │
│ sky130_fd_sc_hd__or4b_1                                                                                                          │ 6                         │
│ sky130_fd_sc_hd__or4b_2                                                                                                          │ 1                         │
│ sky130_fd_sc_hd__or4bb_1                                                                                                         │ 1                         │
│ sky130_fd_sc_hd__or4bb_4                                                                                                         │ 1                         │
│ sky130_fd_sc_hd__tapvpwrvgnd_1                                                                                                   │ 2623                      │
│ sky130_fd_sc_hd__xnor2_1                                                                                                         │ 14                        │
│ sky130_fd_sc_hd__xnor2_2                                                                                                         │ 4                         │
│ sky130_fd_sc_hd__xor2_1                                                                                                          │ 23                        │
│ sky130_fd_sc_hd__xor2_2                                                                                                          │ 7                         │
└──────────────────────────────────────────────────────────────────────────────────────────────────────────────────────────────────┴───────────────────────────┘
