Clock: clk
Sources: clk 
Generated: no
Virtual: yes
Propagated: no
Period: 10.000000

===========================================================================
report_clock_properties
============================================================================
Clock                   Period          Waveform
----------------------------------------------------
clk                  10.000000    0.000000  5.000000

===========================================================================
report_clock_latency
============================================================================
Clock clk
rise -> rise
    min     max
0.000000 0.000000 source latency
0.463731         network latency _20650_/CLK
        0.612658 network latency _20484_/CLK
---------------
0.463731 0.612658 latency
        0.148927 skew

fall -> fall
    min     max
0.000000 0.000000 source latency
0.397824         network latency _20650_/CLK
        0.537947 network latency _20484_/CLK
---------------
0.397824 0.537947 latency
        0.140123 skew



===========================================================================
report_clock_min_period
============================================================================
clk period_min = 3.47 fmax = 288.06
