107. Printing statistics.

=== add3x64 ===

   Number of wires:                800
   Number of wire bits:           1241
   Number of public wires:           6
   Number of public wire bits:     258
   Number of ports:                  6
   Number of port bits:            258
   Number of memories:               0
   Number of memory bits:            0
   Number of processes:              0
   Number of cells:                919
     $_ANDNOT_                     249
     $_MUX_                         64
     $_NAND_                        63
     $_NOR_                         67
     $_NOT_                          9
     $_ORNOT_                       13
     $_OR_                         137
     $_XNOR_                       124
     $_XOR_                        129
     sky130_fd_sc_hd__dfxtp_2       64

   Area for cell type $_NOT_ is unknown!
   Area for cell type $_NAND_ is unknown!
   Area for cell type $_OR_ is unknown!
   Area for cell type $_NOR_ is unknown!
   Area for cell type $_XOR_ is unknown!
   Area for cell type $_XNOR_ is unknown!
   Area for cell type $_ANDNOT_ is unknown!
   Area for cell type $_ORNOT_ is unknown!
   Area for cell type $_MUX_ is unknown!

   Chip area for module '\add3x64': 1361.305600
     of which used for sequential elements: 1361.305600 (100.00%)

