┏━━━━━━━┳━━━━━━━━━┳━━━━━━━━━━┳━━━━━━━━━━┳━━━━━━━━━━━━━━━━┳━━━━━━━┓
┃ P / R ┃ Partial ┃ Required ┃ Net      ┃ Pin            ┃ Layer ┃
┡━━━━━━━╇━━━━━━━━━╇━━━━━━━━━━╇━━━━━━━━━━╇━━━━━━━━━━━━━━━━╇━━━━━━━┩
│ 3.09  │ 1234.89 │ 400.00   │ _00425_  │ _20785_/D      │ met1  │
│ 1.94  │ 777.58  │ 400.00   │ _00053_  │ _20413_/D      │ met1  │
│ 1.86  │ 744.76  │ 400.00   │ net98    │ output98/A     │ met1  │
│ 1.79  │ 714.38  │ 400.00   │ net97    │ output97/A     │ met1  │
│ 1.77  │ 709.90  │ 400.00   │ _00351_  │ _20711_/D      │ met3  │
│ 1.56  │ 622.87  │ 400.00   │ net463   │ _17618_/C      │ met1  │
│ 1.50  │ 598.19  │ 400.00   │ _00433_  │ _20793_/D      │ met1  │
│ 1.49  │ 594.18  │ 400.00   │ _09340_  │ _16498_/A      │ met3  │
│ 1.49  │ 594.18  │ 400.00   │ _09340_  │ _16507_/B1     │ met3  │
│ 1.46  │ 584.57  │ 400.00   │ p_hl[2\] │ _10634_/A      │ met3  │
│ 1.37  │ 549.83  │ 400.00   │ net1154  │ rebuffer56/A   │ met1  │
│ 1.35  │ 541.31  │ 400.00   │ _00051_  │ _20411_/D      │ met1  │
│ 1.26  │ 505.69  │ 400.00   │ _00351_  │ _20711_/D      │ met2  │
│ 1.12  │ 447.05  │ 400.00   │ _00350_  │ _20710_/D      │ met3  │
│ 1.10  │ 440.99  │ 400.00   │ net120   │ output120/A    │ met1  │
│ 1.09  │ 2987.81 │ 2753.36  │ net28    │ _20333_/B      │ met3  │
│ 1.08  │ 3075.43 │ 2857.40  │ _00418_  │ _20778_/D      │ met3  │
│ 1.05  │ 419.50  │ 400.00   │ clk      │ clkbuf_0_clk/A │ met3  │
│ 1.05  │ 2987.81 │ 2857.40  │ _00421_  │ _20781_/D      │ met3  │
│ 1.05  │ 2987.81 │ 2857.40  │ _00434_  │ _20794_/D      │ met4  │
│ 1.05  │ 2987.81 │ 2857.40  │ _00435_  │ _20795_/D      │ met4  │
│ 1.05  │ 2987.81 │ 2857.40  │ _00436_  │ _20796_/D      │ met4  │
│ 1.01  │ 405.92  │ 400.00   │ _01684_  │ _10640_/B      │ met1  │
└───────┴─────────┴──────────┴──────────┴────────────────┴───────┘
