Net: _00051_
  Pin:   _20411_/D (sky130_fd_sc_hd__dfxtp_1)
    Layer: mcon
      Partial area ratio:    0.23
      Required ratio:    3.00 (Gate area) 
      Cumulative area ratio:    0.23
      Required ratio:    0.00 (Cumulative area) 

    Layer: met1
      Partial area ratio:  108.72
      Required ratio:    0.00 (Gate area) 
      Cumulative area ratio:  108.72
      Required ratio:    0.00 (Cumulative area) 
      Partial area ratio:  541.31
      Required ratio:  400.00 (Side area) (VIOLATED)
      Cumulative area ratio:  541.31
      Required ratio:    0.00 (Cumulative side area) 

    Layer: via
      Partial area ratio:    0.36
      Required ratio:    6.00 (Gate area) 
      Cumulative area ratio:    0.59
      Required ratio:    0.00 (Cumulative area) 

    Layer: met2
      Partial area ratio:    9.95
      Required ratio:    0.00 (Gate area) 
      Cumulative area ratio:  118.67
      Required ratio:    0.00 (Cumulative area) 
      Partial area ratio:   48.67
      Required ratio: 2779.60 (Side area) 
      Cumulative area ratio:  589.97
      Required ratio:    0.00 (Cumulative side area) 



Net: _00053_
  Pin:   _20413_/D (sky130_fd_sc_hd__dfxtp_1)
    Layer: mcon
      Partial area ratio:    0.23
      Required ratio:    3.00 (Gate area) 
      Cumulative area ratio:    0.23
      Required ratio:    0.00 (Cumulative area) 

    Layer: met1
      Partial area ratio:  155.81
      Required ratio:    0.00 (Gate area) 
      Cumulative area ratio:  155.81
      Required ratio:    0.00 (Cumulative area) 
      Partial area ratio:  777.58
      Required ratio:  400.00 (Side area) (VIOLATED)
      Cumulative area ratio:  777.58
      Required ratio:    0.00 (Cumulative side area) 

    Layer: via
      Partial area ratio:    0.36
      Required ratio:    6.00 (Gate area) 
      Cumulative area ratio:    0.59
      Required ratio:    0.00 (Cumulative area) 

    Layer: met2
      Partial area ratio:    9.95
      Required ratio:    0.00 (Gate area) 
      Cumulative area ratio:  165.76
      Required ratio:    0.00 (Cumulative area) 
      Partial area ratio:   48.67
      Required ratio: 2851.00 (Side area) 
      Cumulative area ratio:  826.25
      Required ratio:    0.00 (Cumulative side area) 



Net: _00350_
  Pin:   _20710_/D (sky130_fd_sc_hd__dfxtp_1)
    Layer: mcon
      Partial area ratio:    0.23
      Required ratio:    3.00 (Gate area) 
      Cumulative area ratio:    0.23
      Required ratio:    0.00 (Cumulative area) 

    Layer: met1
      Partial area ratio:    5.29
      Required ratio:    0.00 (Gate area) 
      Cumulative area ratio:    5.29
      Required ratio:    0.00 (Cumulative area) 
      Partial area ratio:   24.97
      Required ratio:  400.00 (Side area) 
      Cumulative area ratio:   24.97
      Required ratio:    0.00 (Cumulative side area) 

    Layer: via
      Partial area ratio:    0.36
      Required ratio:    6.00 (Gate area) 
      Cumulative area ratio:    0.59
      Required ratio:    0.00 (Cumulative area) 

    Layer: met2
      Partial area ratio:    1.48
      Required ratio:    0.00 (Gate area) 
      Cumulative area ratio:    6.77
      Required ratio:    0.00 (Cumulative area) 
      Partial area ratio:    6.83
      Required ratio:  400.00 (Side area) 
      Cumulative area ratio:   31.81
      Required ratio:    0.00 (Cumulative side area) 

    Layer: via2
      Partial area ratio:    0.32
      Required ratio:    6.00 (Gate area) 
      Cumulative area ratio:    0.90
      Required ratio:    0.00 (Cumulative area) 

    Layer: met3
      Partial area ratio:   83.13
      Required ratio:    0.00 (Gate area) 
      Cumulative area ratio:   89.90
      Required ratio:    0.00 (Cumulative area) 
      Partial area ratio:  447.05
      Required ratio:  400.00 (Side area) (VIOLATED)
      Cumulative area ratio:  478.85
      Required ratio:    0.00 (Cumulative side area) 

    Layer: via3
      Partial area ratio:    0.32
      Required ratio:    6.00 (Gate area) 
      Cumulative area ratio:    1.22
      Required ratio:    0.00 (Cumulative area) 

    Layer: met4
      Partial area ratio:  444.51
      Required ratio:    0.00 (Gate area) 
      Cumulative area ratio:  534.41
      Required ratio:    0.00 (Cumulative area) 
      Partial area ratio: 2374.48
      Required ratio: 3115.20 (Side area) 
      Cumulative area ratio: 2853.33
      Required ratio:    0.00 (Cumulative side area) 



Net: _00351_
  Pin:   _20711_/D (sky130_fd_sc_hd__dfxtp_1)
    Layer: mcon
      Partial area ratio:    0.23
      Required ratio:    3.00 (Gate area) 
      Cumulative area ratio:    0.23
      Required ratio:    0.00 (Cumulative area) 

    Layer: met1
      Partial area ratio:   51.53
      Required ratio:    0.00 (Gate area) 
      Cumulative area ratio:   51.53
      Required ratio:    0.00 (Cumulative area) 
      Partial area ratio:  256.19
      Required ratio:  400.00 (Side area) 
      Cumulative area ratio:  256.19
      Required ratio:    0.00 (Cumulative side area) 

    Layer: via
      Partial area ratio:    0.36
      Required ratio:    6.00 (Gate area) 
      Cumulative area ratio:    0.59
      Required ratio:    0.00 (Cumulative area) 

    Layer: met2
      Partial area ratio:  101.43
      Required ratio:    0.00 (Gate area) 
      Cumulative area ratio:  152.96
      Required ratio:    0.00 (Cumulative area) 
      Partial area ratio:  505.69
      Required ratio:  400.00 (Side area) (VIOLATED)
      Cumulative area ratio:  761.89
      Required ratio:    0.00 (Cumulative side area) 

    Layer: via2
      Partial area ratio:    0.32
      Required ratio:    6.00 (Gate area) 
      Cumulative area ratio:    0.90
      Required ratio:    0.00 (Cumulative area) 

    Layer: met3
      Partial area ratio:  132.41
      Required ratio:    0.00 (Gate area) 
      Cumulative area ratio:  285.37
      Required ratio:    0.00 (Cumulative area) 
      Partial area ratio:  709.90
      Required ratio:  400.00 (Side area) (VIOLATED)
      Cumulative area ratio: 1471.79
      Required ratio:    0.00 (Cumulative side area) 

    Layer: via3
      Partial area ratio:    0.32
      Required ratio:    6.00 (Gate area) 
      Cumulative area ratio:    1.22
      Required ratio:    0.00 (Cumulative area) 

    Layer: met4
      Partial area ratio:  247.37
      Required ratio:    0.00 (Gate area) 
      Cumulative area ratio:  532.74
      Required ratio:    0.00 (Cumulative area) 
      Partial area ratio: 1323.05
      Required ratio: 2831.00 (Side area) 
      Cumulative area ratio: 2794.84
      Required ratio:    0.00 (Cumulative side area) 



Net: _00418_
  Pin:   _20778_/D (sky130_fd_sc_hd__dfxtp_4)
    Layer: mcon
      Partial area ratio:    0.23
      Required ratio:    3.00 (Gate area) 
      Cumulative area ratio:    0.23
      Required ratio:    0.00 (Cumulative area) 

    Layer: met1
      Partial area ratio:   34.81
      Required ratio:    0.00 (Gate area) 
      Cumulative area ratio:   34.81
      Required ratio:    0.00 (Cumulative area) 
      Partial area ratio:  172.56
      Required ratio:  400.00 (Side area) 
      Cumulative area ratio:  172.56
      Required ratio:    0.00 (Cumulative side area) 

    Layer: via
      Partial area ratio:    0.36
      Required ratio:    6.00 (Gate area) 
      Cumulative area ratio:    0.59
      Required ratio:    0.00 (Cumulative area) 

    Layer: met2
      Partial area ratio:    9.43
      Required ratio:    0.00 (Gate area) 
      Cumulative area ratio:   44.23
      Required ratio:    0.00 (Cumulative area) 
      Partial area ratio:   45.69
      Required ratio:  400.00 (Side area) 
      Cumulative area ratio:  218.25
      Required ratio:    0.00 (Cumulative side area) 

    Layer: via2
      Partial area ratio:    0.32
      Required ratio:    6.00 (Gate area) 
      Cumulative area ratio:    0.90
      Required ratio:    0.00 (Cumulative area) 

    Layer: met3
      Partial area ratio:  575.94
      Required ratio:    0.00 (Gate area) 
      Cumulative area ratio:  620.17
      Required ratio:    0.00 (Cumulative area) 
      Partial area ratio: 3075.43
      Required ratio: 2857.40 (Side area) (VIOLATED)
      Cumulative area ratio: 3293.68
      Required ratio:    0.00 (Cumulative side area) 



Net: _00421_
  Pin:   _20781_/D (sky130_fd_sc_hd__dfxtp_4)
    Layer: mcon
      Partial area ratio:    0.23
      Required ratio:    3.00 (Gate area) 
      Cumulative area ratio:    0.23
      Required ratio:    0.00 (Cumulative area) 

    Layer: met1
      Partial area ratio:    4.71
      Required ratio:    0.00 (Gate area) 
      Cumulative area ratio:    4.71
      Required ratio:    0.00 (Cumulative area) 
      Partial area ratio:   22.06
      Required ratio:  400.00 (Side area) 
      Cumulative area ratio:   22.06
      Required ratio:    0.00 (Cumulative side area) 

    Layer: via
      Partial area ratio:    0.36
      Required ratio:    6.00 (Gate area) 
      Cumulative area ratio:    0.59
      Required ratio:    0.00 (Cumulative area) 

    Layer: met2
      Partial area ratio:    1.48
      Required ratio:    0.00 (Gate area) 
      Cumulative area ratio:    6.19
      Required ratio:    0.00 (Cumulative area) 
      Partial area ratio:    6.83
      Required ratio:  400.00 (Side area) 
      Cumulative area ratio:   28.89
      Required ratio:    0.00 (Cumulative side area) 

    Layer: via2
      Partial area ratio:    0.32
      Required ratio:    6.00 (Gate area) 
      Cumulative area ratio:    0.90
      Required ratio:    0.00 (Cumulative area) 

    Layer: met3
      Partial area ratio:  559.51
      Required ratio:    0.00 (Gate area) 
      Cumulative area ratio:  565.70
      Required ratio:    0.00 (Cumulative area) 
      Partial area ratio: 2987.81
      Required ratio: 2857.40 (Side area) (VIOLATED)
      Cumulative area ratio: 3016.70
      Required ratio:    0.00 (Cumulative side area) 



Net: _00425_
  Pin:   _20785_/D (sky130_fd_sc_hd__dfxtp_4)
    Layer: mcon
      Partial area ratio:    0.23
      Required ratio:    3.00 (Gate area) 
      Cumulative area ratio:    0.23
      Required ratio:    0.00 (Cumulative area) 

    Layer: met1
      Partial area ratio:  247.27
      Required ratio:    0.00 (Gate area) 
      Cumulative area ratio:  247.27
      Required ratio:    0.00 (Cumulative area) 
      Partial area ratio: 1234.89
      Required ratio:  400.00 (Side area) (VIOLATED)
      Cumulative area ratio: 1234.89
      Required ratio:    0.00 (Cumulative side area) 

    Layer: via
      Partial area ratio:    0.36
      Required ratio:    6.00 (Gate area) 
      Cumulative area ratio:    0.59
      Required ratio:    0.00 (Cumulative area) 

    Layer: met2
      Partial area ratio:    9.95
      Required ratio:    0.00 (Gate area) 
      Cumulative area ratio:  257.22
      Required ratio:    0.00 (Cumulative area) 
      Partial area ratio:   48.67
      Required ratio: 2857.40 (Side area) 
      Cumulative area ratio: 1283.56
      Required ratio:    0.00 (Cumulative side area) 



Net: _00433_
  Pin:   _20793_/D (sky130_fd_sc_hd__dfxtp_2)
    Layer: mcon
      Partial area ratio:    0.23
      Required ratio:    3.00 (Gate area) 
      Cumulative area ratio:    0.23
      Required ratio:    0.00 (Cumulative area) 

    Layer: met1
      Partial area ratio:  119.93
      Required ratio:    0.00 (Gate area) 
      Cumulative area ratio:  119.93
      Required ratio:    0.00 (Cumulative area) 
      Partial area ratio:  598.19
      Required ratio:  400.00 (Side area) (VIOLATED)
      Cumulative area ratio:  598.19
      Required ratio:    0.00 (Cumulative side area) 

    Layer: via
      Partial area ratio:    0.36
      Required ratio:    6.00 (Gate area) 
      Cumulative area ratio:    0.59
      Required ratio:    0.00 (Cumulative area) 

    Layer: met2
      Partial area ratio:    9.95
      Required ratio:    0.00 (Gate area) 
      Cumulative area ratio:  129.89
      Required ratio:    0.00 (Cumulative area) 
      Partial area ratio:   48.67
      Required ratio: 2862.80 (Side area) 
      Cumulative area ratio:  646.86
      Required ratio:    0.00 (Cumulative side area) 



Net: _00434_
  Pin:   _20794_/D (sky130_fd_sc_hd__dfxtp_4)
    Layer: mcon
      Partial area ratio:    0.23
      Required ratio:    3.00 (Gate area) 
      Cumulative area ratio:    0.23
      Required ratio:    0.00 (Cumulative area) 

    Layer: met1
      Partial area ratio:    7.06
      Required ratio:    0.00 (Gate area) 
      Cumulative area ratio:    7.06
      Required ratio:    0.00 (Cumulative area) 
      Partial area ratio:   33.83
      Required ratio:  400.00 (Side area) 
      Cumulative area ratio:   33.83
      Required ratio:    0.00 (Cumulative side area) 

    Layer: via
      Partial area ratio:    0.36
      Required ratio:    6.00 (Gate area) 
      Cumulative area ratio:    0.59
      Required ratio:    0.00 (Cumulative area) 

    Layer: met2
      Partial area ratio:    1.48
      Required ratio:    0.00 (Gate area) 
      Cumulative area ratio:    8.54
      Required ratio:    0.00 (Cumulative area) 
      Partial area ratio:    6.83
      Required ratio:  400.00 (Side area) 
      Cumulative area ratio:   40.67
      Required ratio:    0.00 (Cumulative side area) 

    Layer: via2
      Partial area ratio:    0.32
      Required ratio:    6.00 (Gate area) 
      Cumulative area ratio:    0.90
      Required ratio:    0.00 (Cumulative area) 

    Layer: met3
      Partial area ratio:    0.99
      Required ratio:    0.00 (Gate area) 
      Cumulative area ratio:    9.53
      Required ratio:    0.00 (Cumulative area) 
      Partial area ratio:    9.02
      Required ratio:  400.00 (Side area) 
      Cumulative area ratio:   49.68
      Required ratio:    0.00 (Cumulative side area) 

    Layer: via3
      Partial area ratio:    0.32
      Required ratio:    6.00 (Gate area) 
      Cumulative area ratio:    1.22
      Required ratio:    0.00 (Cumulative area) 

    Layer: met4
      Partial area ratio:  559.51
      Required ratio:    0.00 (Gate area) 
      Cumulative area ratio:  569.05
      Required ratio:    0.00 (Cumulative area) 
      Partial area ratio: 2987.81
      Required ratio: 2857.40 (Side area) (VIOLATED)
      Cumulative area ratio: 3037.49
      Required ratio:    0.00 (Cumulative side area) 



Net: _00435_
  Pin:   _20795_/D (sky130_fd_sc_hd__dfxtp_2)
    Layer: mcon
      Partial area ratio:    0.23
      Required ratio:    3.00 (Gate area) 
      Cumulative area ratio:    0.23
      Required ratio:    0.00 (Cumulative area) 

    Layer: met1
      Partial area ratio:    2.31
      Required ratio:    0.00 (Gate area) 
      Cumulative area ratio:    2.31
      Required ratio:    0.00 (Cumulative area) 
      Partial area ratio:   10.08
      Required ratio:  400.00 (Side area) 
      Cumulative area ratio:   10.08
      Required ratio:    0.00 (Cumulative side area) 

    Layer: via
      Partial area ratio:    0.36
      Required ratio:    6.00 (Gate area) 
      Cumulative area ratio:    0.59
      Required ratio:    0.00 (Cumulative area) 

    Layer: met2
      Partial area ratio:    1.48
      Required ratio:    0.00 (Gate area) 
      Cumulative area ratio:    3.79
      Required ratio:    0.00 (Cumulative area) 
      Partial area ratio:    6.83
      Required ratio:  400.00 (Side area) 
      Cumulative area ratio:   16.92
      Required ratio:    0.00 (Cumulative side area) 

    Layer: via2
      Partial area ratio:    0.32
      Required ratio:    6.00 (Gate area) 
      Cumulative area ratio:    0.90
      Required ratio:    0.00 (Cumulative area) 

    Layer: met3
      Partial area ratio:    0.99
      Required ratio:    0.00 (Gate area) 
      Cumulative area ratio:    4.78
      Required ratio:    0.00 (Cumulative area) 
      Partial area ratio:    9.02
      Required ratio:  400.00 (Side area) 
      Cumulative area ratio:   25.93
      Required ratio:    0.00 (Cumulative side area) 

    Layer: via3
      Partial area ratio:    0.32
      Required ratio:    6.00 (Gate area) 
      Cumulative area ratio:    1.22
      Required ratio:    0.00 (Cumulative area) 

    Layer: met4
      Partial area ratio:  559.51
      Required ratio:    0.00 (Gate area) 
      Cumulative area ratio:  564.30
      Required ratio:    0.00 (Cumulative area) 
      Partial area ratio: 2987.81
      Required ratio: 2857.40 (Side area) (VIOLATED)
      Cumulative area ratio: 3013.74
      Required ratio:    0.00 (Cumulative side area) 



Net: _00436_
  Pin:   _20796_/D (sky130_fd_sc_hd__dfxtp_4)
    Layer: mcon
      Partial area ratio:    0.23
      Required ratio:    3.00 (Gate area) 
      Cumulative area ratio:    0.23
      Required ratio:    0.00 (Cumulative area) 

    Layer: met1
      Partial area ratio:    2.04
      Required ratio:    0.00 (Gate area) 
      Cumulative area ratio:    2.04
      Required ratio:    0.00 (Cumulative area) 
      Partial area ratio:    7.89
      Required ratio:  400.00 (Side area) 
      Cumulative area ratio:    7.89
      Required ratio:    0.00 (Cumulative side area) 

    Layer: via
      Partial area ratio:    0.36
      Required ratio:    6.00 (Gate area) 
      Cumulative area ratio:    0.59
      Required ratio:    0.00 (Cumulative area) 

    Layer: met2
      Partial area ratio:    1.48
      Required ratio:    0.00 (Gate area) 
      Cumulative area ratio:    3.52
      Required ratio:    0.00 (Cumulative area) 
      Partial area ratio:    6.83
      Required ratio:  400.00 (Side area) 
      Cumulative area ratio:   14.72
      Required ratio:    0.00 (Cumulative side area) 

    Layer: via2
      Partial area ratio:    0.32
      Required ratio:    6.00 (Gate area) 
      Cumulative area ratio:    0.90
      Required ratio:    0.00 (Cumulative area) 

    Layer: met3
      Partial area ratio:    0.99
      Required ratio:    0.00 (Gate area) 
      Cumulative area ratio:    4.51
      Required ratio:    0.00 (Cumulative area) 
      Partial area ratio:    9.02
      Required ratio:  400.00 (Side area) 
      Cumulative area ratio:   23.74
      Required ratio:    0.00 (Cumulative side area) 

    Layer: via3
      Partial area ratio:    0.32
      Required ratio:    6.00 (Gate area) 
      Cumulative area ratio:    1.22
      Required ratio:    0.00 (Cumulative area) 

    Layer: met4
      Partial area ratio:  559.51
      Required ratio:    0.00 (Gate area) 
      Cumulative area ratio:  564.03
      Required ratio:    0.00 (Cumulative area) 
      Partial area ratio: 2987.81
      Required ratio: 2857.40 (Side area) (VIOLATED)
      Cumulative area ratio: 3011.55
      Required ratio:    0.00 (Cumulative side area) 



Net: _01684_
  Pin:   _10640_/B (sky130_fd_sc_hd__and2b_1)
    Layer: mcon
      Partial area ratio:    0.23
      Required ratio:    3.00 (Gate area) 
      Cumulative area ratio:    0.23
      Required ratio:    0.00 (Cumulative area) 

    Layer: met1
      Partial area ratio:   81.65
      Required ratio:    0.00 (Gate area) 
      Cumulative area ratio:   81.65
      Required ratio:    0.00 (Cumulative area) 
      Partial area ratio:  405.92
      Required ratio:  400.00 (Side area) (VIOLATED)
      Cumulative area ratio:  405.92
      Required ratio:    0.00 (Cumulative side area) 

    Layer: via
      Partial area ratio:    0.54
      Required ratio:    6.00 (Gate area) 
      Cumulative area ratio:    0.77
      Required ratio:    0.00 (Cumulative area) 

    Layer: met2
      Partial area ratio:    5.59
      Required ratio:    0.00 (Gate area) 
      Cumulative area ratio:   87.24
      Required ratio:    0.00 (Cumulative area) 
      Partial area ratio:   27.53
      Required ratio: 2886.20 (Side area) 
      Cumulative area ratio:  433.44
      Required ratio:    0.00 (Cumulative side area) 


  Pin:   _10644_/C1 (sky130_fd_sc_hd__o211a_1)
    Layer: mcon
      Partial area ratio:    0.12
      Required ratio:    3.00 (Gate area) 
      Cumulative area ratio:    0.12
      Required ratio:    0.00 (Cumulative area) 

    Layer: met1
      Partial area ratio:    3.18
      Required ratio:    0.00 (Gate area) 
      Cumulative area ratio:    3.18
      Required ratio:    0.00 (Cumulative area) 
      Partial area ratio:   15.31
      Required ratio:  400.00 (Side area) 
      Cumulative area ratio:   15.31
      Required ratio:    0.00 (Cumulative side area) 

    Layer: via
      Partial area ratio:    0.14
      Required ratio:    6.00 (Gate area) 
      Cumulative area ratio:    0.25
      Required ratio:    0.00 (Cumulative area) 

    Layer: met2
      Partial area ratio:    5.59
      Required ratio:    0.00 (Gate area) 
      Cumulative area ratio:    8.77
      Required ratio:    0.00 (Cumulative area) 
      Partial area ratio:   27.53
      Required ratio: 2886.20 (Side area) 
      Cumulative area ratio:   42.83
      Required ratio:    0.00 (Cumulative side area) 


  Pin:   _10645_/A2 (sky130_fd_sc_hd__a21boi_1)
    Layer: mcon
      Partial area ratio:    0.12
      Required ratio:    3.00 (Gate area) 
      Cumulative area ratio:    0.12
      Required ratio:    0.00 (Cumulative area) 

    Layer: met1
      Partial area ratio:    3.18
      Required ratio:    0.00 (Gate area) 
      Cumulative area ratio:    3.18
      Required ratio:    0.00 (Cumulative area) 
      Partial area ratio:   15.31
      Required ratio:  400.00 (Side area) 
      Cumulative area ratio:   15.31
      Required ratio:    0.00 (Cumulative side area) 

    Layer: via
      Partial area ratio:    0.14
      Required ratio:    6.00 (Gate area) 
      Cumulative area ratio:    0.25
      Required ratio:    0.00 (Cumulative area) 

    Layer: met2
      Partial area ratio:    5.59
      Required ratio:    0.00 (Gate area) 
      Cumulative area ratio:    8.77
      Required ratio:    0.00 (Cumulative area) 
      Partial area ratio:   27.53
      Required ratio: 2886.20 (Side area) 
      Cumulative area ratio:   42.83
      Required ratio:    0.00 (Cumulative side area) 



Net: _09340_
  Pin:   _16498_/A (sky130_fd_sc_hd__nor2_1)
    Layer: mcon
      Partial area ratio:    0.12
      Required ratio:    3.00 (Gate area) 
      Cumulative area ratio:    0.12
      Required ratio:    0.00 (Cumulative area) 

    Layer: met1
      Partial area ratio:    7.59
      Required ratio:    0.00 (Gate area) 
      Cumulative area ratio:    7.59
      Required ratio:    0.00 (Cumulative area) 
      Partial area ratio:   37.00
      Required ratio:  400.00 (Side area) 
      Cumulative area ratio:   37.00
      Required ratio:    0.00 (Cumulative side area) 

    Layer: via
      Partial area ratio:    0.18
      Required ratio:    6.00 (Gate area) 
      Cumulative area ratio:    0.30
      Required ratio:    0.00 (Cumulative area) 

    Layer: met2
      Partial area ratio:   16.33
      Required ratio:    0.00 (Gate area) 
      Cumulative area ratio:   23.93
      Required ratio:    0.00 (Cumulative area) 
      Partial area ratio:   81.16
      Required ratio:  400.00 (Side area) 
      Cumulative area ratio:  118.16
      Required ratio:    0.00 (Cumulative side area) 

    Layer: via2
      Partial area ratio:    0.11
      Required ratio:    6.00 (Gate area) 
      Cumulative area ratio:    0.40
      Required ratio:    0.00 (Cumulative area) 

    Layer: met3
      Partial area ratio:  111.18
      Required ratio:    0.00 (Gate area) 
      Cumulative area ratio:  135.10
      Required ratio:    0.00 (Cumulative area) 
      Partial area ratio:  594.18
      Required ratio:  400.00 (Side area) (VIOLATED)
      Cumulative area ratio:  712.35
      Required ratio:    0.00 (Cumulative side area) 

    Layer: via3
      Partial area ratio:    0.11
      Required ratio:    6.00 (Gate area) 
      Cumulative area ratio:    0.51
      Required ratio:    0.00 (Cumulative area) 

    Layer: met4
      Partial area ratio:   20.23
      Required ratio:    0.00 (Gate area) 
      Cumulative area ratio:  155.34
      Required ratio:    0.00 (Cumulative area) 
      Partial area ratio:  108.30
      Required ratio: 3312.80 (Side area) 
      Cumulative area ratio:  820.64
      Required ratio:    0.00 (Cumulative side area) 


  Pin:   _16507_/B1 (sky130_fd_sc_hd__o2bb2a_1)
    Layer: mcon
      Partial area ratio:    0.23
      Required ratio:    3.00 (Gate area) 
      Cumulative area ratio:    0.23
      Required ratio:    0.00 (Cumulative area) 

    Layer: met1
      Partial area ratio:    7.59
      Required ratio:    0.00 (Gate area) 
      Cumulative area ratio:    7.59
      Required ratio:    0.00 (Cumulative area) 
      Partial area ratio:   37.00
      Required ratio:  400.00 (Side area) 
      Cumulative area ratio:   37.00
      Required ratio:    0.00 (Cumulative side area) 

    Layer: via
      Partial area ratio:    0.18
      Required ratio:    6.00 (Gate area) 
      Cumulative area ratio:    0.41
      Required ratio:    0.00 (Cumulative area) 

    Layer: met2
      Partial area ratio:   16.33
      Required ratio:    0.00 (Gate area) 
      Cumulative area ratio:   23.93
      Required ratio:    0.00 (Cumulative area) 
      Partial area ratio:   81.16
      Required ratio:  400.00 (Side area) 
      Cumulative area ratio:  118.16
      Required ratio:    0.00 (Cumulative side area) 

    Layer: via2
      Partial area ratio:    0.11
      Required ratio:    6.00 (Gate area) 
      Cumulative area ratio:    0.52
      Required ratio:    0.00 (Cumulative area) 

    Layer: met3
      Partial area ratio:  111.18
      Required ratio:    0.00 (Gate area) 
      Cumulative area ratio:  135.10
      Required ratio:    0.00 (Cumulative area) 
      Partial area ratio:  594.18
      Required ratio:  400.00 (Side area) (VIOLATED)
      Cumulative area ratio:  712.35
      Required ratio:    0.00 (Cumulative side area) 

    Layer: via3
      Partial area ratio:    0.11
      Required ratio:    6.00 (Gate area) 
      Cumulative area ratio:    0.62
      Required ratio:    0.00 (Cumulative area) 

    Layer: met4
      Partial area ratio:   20.23
      Required ratio:    0.00 (Gate area) 
      Cumulative area ratio:  155.34
      Required ratio:    0.00 (Cumulative area) 
      Partial area ratio:  108.30
      Required ratio: 3312.80 (Side area) 
      Cumulative area ratio:  820.64
      Required ratio:    0.00 (Cumulative side area) 


  Pin:   _17705_/A1_N (sky130_fd_sc_hd__a2bb2oi_1)
    Layer: li1
      Partial area ratio:    0.00
      Required ratio:    0.00 (Gate area) 
      Cumulative area ratio:    0.00
      Required ratio:    0.00 (Cumulative area) 
      Partial area ratio:    0.14
      Required ratio:   75.00 (Side area) 
      Cumulative area ratio:    0.14
      Required ratio:    0.00 (Cumulative side area) 

    Layer: mcon
      Partial area ratio:    0.12
      Required ratio:    3.00 (Gate area) 
      Cumulative area ratio:    0.12
      Required ratio:    0.00 (Cumulative area) 

    Layer: met1
      Partial area ratio:    0.34
      Required ratio:    0.00 (Gate area) 
      Cumulative area ratio:    0.34
      Required ratio:    0.00 (Cumulative area) 
      Partial area ratio:    1.64
      Required ratio:  400.00 (Side area) 
      Cumulative area ratio:    1.78
      Required ratio:    0.00 (Cumulative side area) 

    Layer: via
      Partial area ratio:    0.09
      Required ratio:    6.00 (Gate area) 
      Cumulative area ratio:    0.21
      Required ratio:    0.00 (Cumulative area) 

    Layer: met2
      Partial area ratio:    3.74
      Required ratio:    0.00 (Gate area) 
      Cumulative area ratio:    4.08
      Required ratio:    0.00 (Cumulative area) 
      Partial area ratio:   18.38
      Required ratio:  400.00 (Side area) 
      Cumulative area ratio:   20.17
      Required ratio:    0.00 (Cumulative side area) 

    Layer: via2
      Partial area ratio:    0.06
      Required ratio:    6.00 (Gate area) 
      Cumulative area ratio:    0.27
      Required ratio:    0.00 (Cumulative area) 

    Layer: met3
      Partial area ratio:    0.20
      Required ratio:    0.00 (Gate area) 
      Cumulative area ratio:    4.28
      Required ratio:    0.00 (Cumulative area) 
      Partial area ratio:    1.83
      Required ratio:  400.00 (Side area) 
      Cumulative area ratio:   22.00
      Required ratio:    0.00 (Cumulative side area) 

    Layer: via3
      Partial area ratio:    0.06
      Required ratio:    6.00 (Gate area) 
      Cumulative area ratio:    0.34
      Required ratio:    0.00 (Cumulative area) 

    Layer: met4
      Partial area ratio:   20.23
      Required ratio:    0.00 (Gate area) 
      Cumulative area ratio:   24.52
      Required ratio:    0.00 (Cumulative area) 
      Partial area ratio:  108.30
      Required ratio: 3312.80 (Side area) 
      Cumulative area ratio:  130.29
      Required ratio:    0.00 (Cumulative side area) 


  Pin:   _17828_/A1 (sky130_fd_sc_hd__o31a_1)
    Layer: mcon
      Partial area ratio:    0.12
      Required ratio:    3.00 (Gate area) 
      Cumulative area ratio:    0.12
      Required ratio:    0.00 (Cumulative area) 

    Layer: met1
      Partial area ratio:   14.64
      Required ratio:    0.00 (Gate area) 
      Cumulative area ratio:   14.64
      Required ratio:    0.00 (Cumulative area) 
      Partial area ratio:   71.81
      Required ratio:  400.00 (Side area) 
      Cumulative area ratio:   71.81
      Required ratio:    0.00 (Cumulative side area) 

    Layer: via
      Partial area ratio:    0.24
      Required ratio:    6.00 (Gate area) 
      Cumulative area ratio:    0.36
      Required ratio:    0.00 (Cumulative area) 

    Layer: met2
      Partial area ratio:    3.74
      Required ratio:    0.00 (Gate area) 
      Cumulative area ratio:   18.38
      Required ratio:    0.00 (Cumulative area) 
      Partial area ratio:   18.38
      Required ratio:  400.00 (Side area) 
      Cumulative area ratio:   90.19
      Required ratio:    0.00 (Cumulative side area) 

    Layer: via2
      Partial area ratio:    0.06
      Required ratio:    6.00 (Gate area) 
      Cumulative area ratio:    0.42
      Required ratio:    0.00 (Cumulative area) 

    Layer: met3
      Partial area ratio:    0.20
      Required ratio:    0.00 (Gate area) 
      Cumulative area ratio:   18.58
      Required ratio:    0.00 (Cumulative area) 
      Partial area ratio:    1.83
      Required ratio:  400.00 (Side area) 
      Cumulative area ratio:   92.02
      Required ratio:    0.00 (Cumulative side area) 

    Layer: via3
      Partial area ratio:    0.06
      Required ratio:    6.00 (Gate area) 
      Cumulative area ratio:    0.49
      Required ratio:    0.00 (Cumulative area) 

    Layer: met4
      Partial area ratio:   20.23
      Required ratio:    0.00 (Gate area) 
      Cumulative area ratio:   38.82
      Required ratio:    0.00 (Cumulative area) 
      Partial area ratio:  108.30
      Required ratio: 3312.80 (Side area) 
      Cumulative area ratio:  200.32
      Required ratio:    0.00 (Cumulative side area) 


  Pin:   _17861_/B1 (sky130_fd_sc_hd__o2bb2a_1)
    Layer: mcon
      Partial area ratio:    0.23
      Required ratio:    3.00 (Gate area) 
      Cumulative area ratio:    0.23
      Required ratio:    0.00 (Cumulative area) 

    Layer: met1
      Partial area ratio:   14.64
      Required ratio:    0.00 (Gate area) 
      Cumulative area ratio:   14.64
      Required ratio:    0.00 (Cumulative area) 
      Partial area ratio:   71.81
      Required ratio:  400.00 (Side area) 
      Cumulative area ratio:   71.81
      Required ratio:    0.00 (Cumulative side area) 

    Layer: via
      Partial area ratio:    0.24
      Required ratio:    6.00 (Gate area) 
      Cumulative area ratio:    0.47
      Required ratio:    0.00 (Cumulative area) 

    Layer: met2
      Partial area ratio:    3.74
      Required ratio:    0.00 (Gate area) 
      Cumulative area ratio:   18.38
      Required ratio:    0.00 (Cumulative area) 
      Partial area ratio:   18.38
      Required ratio:  400.00 (Side area) 
      Cumulative area ratio:   90.19
      Required ratio:    0.00 (Cumulative side area) 

    Layer: via2
      Partial area ratio:    0.06
      Required ratio:    6.00 (Gate area) 
      Cumulative area ratio:    0.53
      Required ratio:    0.00 (Cumulative area) 

    Layer: met3
      Partial area ratio:    0.20
      Required ratio:    0.00 (Gate area) 
      Cumulative area ratio:   18.58
      Required ratio:    0.00 (Cumulative area) 
      Partial area ratio:    1.83
      Required ratio:  400.00 (Side area) 
      Cumulative area ratio:   92.02
      Required ratio:    0.00 (Cumulative side area) 

    Layer: via3
      Partial area ratio:    0.06
      Required ratio:    6.00 (Gate area) 
      Cumulative area ratio:    0.60
      Required ratio:    0.00 (Cumulative area) 

    Layer: met4
      Partial area ratio:   20.23
      Required ratio:    0.00 (Gate area) 
      Cumulative area ratio:   38.82
      Required ratio:    0.00 (Cumulative area) 
      Partial area ratio:  108.30
      Required ratio: 3312.80 (Side area) 
      Cumulative area ratio:  200.32
      Required ratio:    0.00 (Cumulative side area) 


  Pin:   _17894_/A (sky130_fd_sc_hd__nor4_1)
    Layer: mcon
      Partial area ratio:    0.12
      Required ratio:    3.00 (Gate area) 
      Cumulative area ratio:    0.12
      Required ratio:    0.00 (Cumulative area) 

    Layer: met1
      Partial area ratio:    2.43
      Required ratio:    0.00 (Gate area) 
      Cumulative area ratio:    2.43
      Required ratio:    0.00 (Cumulative area) 
      Partial area ratio:   11.40
      Required ratio:  400.00 (Side area) 
      Cumulative area ratio:   11.40
      Required ratio:    0.00 (Cumulative side area) 

    Layer: via
      Partial area ratio:    0.18
      Required ratio:    6.00 (Gate area) 
      Cumulative area ratio:    0.30
      Required ratio:    0.00 (Cumulative area) 

    Layer: met2
      Partial area ratio:    0.75
      Required ratio:    0.00 (Gate area) 
      Cumulative area ratio:    3.18
      Required ratio:    0.00 (Cumulative area) 
      Partial area ratio:    3.48
      Required ratio:  400.00 (Side area) 
      Cumulative area ratio:   14.88
      Required ratio:    0.00 (Cumulative side area) 

    Layer: via2
      Partial area ratio:    0.16
      Required ratio:    6.00 (Gate area) 
      Cumulative area ratio:    0.46
      Required ratio:    0.00 (Cumulative area) 

    Layer: met3
      Partial area ratio:    8.64
      Required ratio:    0.00 (Gate area) 
      Cumulative area ratio:   11.82
      Required ratio:    0.00 (Cumulative area) 
      Partial area ratio:   47.00
      Required ratio:  400.00 (Side area) 
      Cumulative area ratio:   61.87
      Required ratio:    0.00 (Cumulative side area) 

    Layer: via3
      Partial area ratio:    0.16
      Required ratio:    6.00 (Gate area) 
      Cumulative area ratio:    0.62
      Required ratio:    0.00 (Cumulative area) 

    Layer: met4
      Partial area ratio:   20.23
      Required ratio:    0.00 (Gate area) 
      Cumulative area ratio:   32.05
      Required ratio:    0.00 (Cumulative area) 
      Partial area ratio:  108.30
      Required ratio: 3312.80 (Side area) 
      Cumulative area ratio:  170.17
      Required ratio:    0.00 (Cumulative side area) 


  Pin:   _17895_/A1 (sky130_fd_sc_hd__o22a_1)
    Layer: mcon
      Partial area ratio:    0.12
      Required ratio:    3.00 (Gate area) 
      Cumulative area ratio:    0.12
      Required ratio:    0.00 (Cumulative area) 

    Layer: met1
      Partial area ratio:    2.64
      Required ratio:    0.00 (Gate area) 
      Cumulative area ratio:    2.64
      Required ratio:    0.00 (Cumulative area) 
      Partial area ratio:   12.45
      Required ratio:  400.00 (Side area) 
      Cumulative area ratio:   12.45
      Required ratio:    0.00 (Cumulative side area) 

    Layer: via
      Partial area ratio:    0.18
      Required ratio:    6.00 (Gate area) 
      Cumulative area ratio:    0.30
      Required ratio:    0.00 (Cumulative area) 

    Layer: met2
      Partial area ratio:    0.75
      Required ratio:    0.00 (Gate area) 
      Cumulative area ratio:    3.39
      Required ratio:    0.00 (Cumulative area) 
      Partial area ratio:    3.48
      Required ratio:  400.00 (Side area) 
      Cumulative area ratio:   15.93
      Required ratio:    0.00 (Cumulative side area) 

    Layer: via2
      Partial area ratio:    0.16
      Required ratio:    6.00 (Gate area) 
      Cumulative area ratio:    0.46
      Required ratio:    0.00 (Cumulative area) 

    Layer: met3
      Partial area ratio:    8.64
      Required ratio:    0.00 (Gate area) 
      Cumulative area ratio:   12.03
      Required ratio:    0.00 (Cumulative area) 
      Partial area ratio:   47.00
      Required ratio:  400.00 (Side area) 
      Cumulative area ratio:   62.93
      Required ratio:    0.00 (Cumulative side area) 

    Layer: via3
      Partial area ratio:    0.16
      Required ratio:    6.00 (Gate area) 
      Cumulative area ratio:    0.62
      Required ratio:    0.00 (Cumulative area) 

    Layer: met4
      Partial area ratio:   20.23
      Required ratio:    0.00 (Gate area) 
      Cumulative area ratio:   32.27
      Required ratio:    0.00 (Cumulative area) 
      Partial area ratio:  108.30
      Required ratio: 3312.80 (Side area) 
      Cumulative area ratio:  171.22
      Required ratio:    0.00 (Cumulative side area) 


  Pin:   _19042_/A2 (sky130_fd_sc_hd__o211ai_2)
    Layer: mcon
      Partial area ratio:    0.06
      Required ratio:    3.00 (Gate area) 
      Cumulative area ratio:    0.06
      Required ratio:    0.00 (Cumulative area) 

    Layer: met1
      Partial area ratio:    0.80
      Required ratio:    0.00 (Gate area) 
      Cumulative area ratio:    0.80
      Required ratio:    0.00 (Cumulative area) 
      Partial area ratio:    3.58
      Required ratio:  400.00 (Side area) 
      Cumulative area ratio:    3.58
      Required ratio:    0.00 (Cumulative side area) 

    Layer: via
      Partial area ratio:    0.09
      Required ratio:    6.00 (Gate area) 
      Cumulative area ratio:    0.15
      Required ratio:    0.00 (Cumulative area) 

    Layer: met2
      Partial area ratio:    1.71
      Required ratio:    0.00 (Gate area) 
      Cumulative area ratio:    2.51
      Required ratio:    0.00 (Cumulative area) 
      Partial area ratio:    8.30
      Required ratio:  400.00 (Side area) 
      Cumulative area ratio:   11.88
      Required ratio:    0.00 (Cumulative side area) 

    Layer: via2
      Partial area ratio:    0.05
      Required ratio:    6.00 (Gate area) 
      Cumulative area ratio:    0.20
      Required ratio:    0.00 (Cumulative area) 

    Layer: met3
      Partial area ratio:    0.17
      Required ratio:    0.00 (Gate area) 
      Cumulative area ratio:    2.68
      Required ratio:    0.00 (Cumulative area) 
      Partial area ratio:    1.53
      Required ratio:  400.00 (Side area) 
      Cumulative area ratio:   13.41
      Required ratio:    0.00 (Cumulative side area) 

    Layer: via3
      Partial area ratio:    0.05
      Required ratio:    6.00 (Gate area) 
      Cumulative area ratio:    0.26
      Required ratio:    0.00 (Cumulative area) 

    Layer: met4
      Partial area ratio:   20.23
      Required ratio:    0.00 (Gate area) 
      Cumulative area ratio:   22.92
      Required ratio:    0.00 (Cumulative area) 
      Partial area ratio:  108.30
      Required ratio: 3312.80 (Side area) 
      Cumulative area ratio:  121.70
      Required ratio:    0.00 (Cumulative side area) 


  Pin:   _19044_/B2 (sky130_fd_sc_hd__o2bb2ai_1)
    Layer: mcon
      Partial area ratio:    0.12
      Required ratio:    3.00 (Gate area) 
      Cumulative area ratio:    0.12
      Required ratio:    0.00 (Cumulative area) 

    Layer: met1
      Partial area ratio:    3.31
      Required ratio:    0.00 (Gate area) 
      Cumulative area ratio:    3.31
      Required ratio:    0.00 (Cumulative area) 
      Partial area ratio:   15.82
      Required ratio:  400.00 (Side area) 
      Cumulative area ratio:   15.82
      Required ratio:    0.00 (Cumulative side area) 

    Layer: via
      Partial area ratio:    0.18
      Required ratio:    6.00 (Gate area) 
      Cumulative area ratio:    0.30
      Required ratio:    0.00 (Cumulative area) 

    Layer: met2
      Partial area ratio:    1.71
      Required ratio:    0.00 (Gate area) 
      Cumulative area ratio:    5.03
      Required ratio:    0.00 (Cumulative area) 
      Partial area ratio:    8.30
      Required ratio:  400.00 (Side area) 
      Cumulative area ratio:   24.12
      Required ratio:    0.00 (Cumulative side area) 

    Layer: via2
      Partial area ratio:    0.05
      Required ratio:    6.00 (Gate area) 
      Cumulative area ratio:    0.35
      Required ratio:    0.00 (Cumulative area) 

    Layer: met3
      Partial area ratio:    0.17
      Required ratio:    0.00 (Gate area) 
      Cumulative area ratio:    5.19
      Required ratio:    0.00 (Cumulative area) 
      Partial area ratio:    1.53
      Required ratio:  400.00 (Side area) 
      Cumulative area ratio:   25.65
      Required ratio:    0.00 (Cumulative side area) 

    Layer: via3
      Partial area ratio:    0.05
      Required ratio:    6.00 (Gate area) 
      Cumulative area ratio:    0.41
      Required ratio:    0.00 (Cumulative area) 

    Layer: met4
      Partial area ratio:   20.23
      Required ratio:    0.00 (Gate area) 
      Cumulative area ratio:   25.43
      Required ratio:    0.00 (Cumulative area) 
      Partial area ratio:  108.30
      Required ratio: 3312.80 (Side area) 
      Cumulative area ratio:  133.95
      Required ratio:    0.00 (Cumulative side area) 


  Pin:   _19560_/A2 (sky130_fd_sc_hd__o32a_1)
    Layer: mcon
      Partial area ratio:    0.12
      Required ratio:    3.00 (Gate area) 
      Cumulative area ratio:    0.12
      Required ratio:    0.00 (Cumulative area) 

    Layer: met1
      Partial area ratio:    1.51
      Required ratio:    0.00 (Gate area) 
      Cumulative area ratio:    1.51
      Required ratio:    0.00 (Cumulative area) 
      Partial area ratio:    6.82
      Required ratio:  400.00 (Side area) 
      Cumulative area ratio:    6.82
      Required ratio:    0.00 (Cumulative side area) 

    Layer: via
      Partial area ratio:    0.18
      Required ratio:    6.00 (Gate area) 
      Cumulative area ratio:    0.30
      Required ratio:    0.00 (Cumulative area) 

    Layer: met2
      Partial area ratio:    0.75
      Required ratio:    0.00 (Gate area) 
      Cumulative area ratio:    2.27
      Required ratio:    0.00 (Cumulative area) 
      Partial area ratio:    3.48
      Required ratio:  400.00 (Side area) 
      Cumulative area ratio:   10.30
      Required ratio:    0.00 (Cumulative side area) 

    Layer: via2
      Partial area ratio:    0.16
      Required ratio:    6.00 (Gate area) 
      Cumulative area ratio:    0.46
      Required ratio:    0.00 (Cumulative area) 

    Layer: met3
      Partial area ratio:   12.36
      Required ratio:    0.00 (Gate area) 
      Cumulative area ratio:   14.62
      Required ratio:    0.00 (Cumulative area) 
      Partial area ratio:   67.51
      Required ratio:  400.00 (Side area) 
      Cumulative area ratio:   77.81
      Required ratio:    0.00 (Cumulative side area) 

    Layer: via3
      Partial area ratio:    0.09
      Required ratio:    6.00 (Gate area) 
      Cumulative area ratio:    0.55
      Required ratio:    0.00 (Cumulative area) 

    Layer: met4
      Partial area ratio:   20.23
      Required ratio:    0.00 (Gate area) 
      Cumulative area ratio:   34.86
      Required ratio:    0.00 (Cumulative area) 
      Partial area ratio:  108.30
      Required ratio: 3312.80 (Side area) 
      Cumulative area ratio:  186.11
      Required ratio:    0.00 (Cumulative side area) 


  Pin:   _19684_/A2 (sky130_fd_sc_hd__o32a_1)
    Layer: mcon
      Partial area ratio:    0.12
      Required ratio:    3.00 (Gate area) 
      Cumulative area ratio:    0.12
      Required ratio:    0.00 (Cumulative area) 

    Layer: met1
      Partial area ratio:    2.83
      Required ratio:    0.00 (Gate area) 
      Cumulative area ratio:    2.83
      Required ratio:    0.00 (Cumulative area) 
      Partial area ratio:   13.39
      Required ratio:  400.00 (Side area) 
      Cumulative area ratio:   13.39
      Required ratio:    0.00 (Cumulative side area) 

    Layer: via
      Partial area ratio:    0.18
      Required ratio:    6.00 (Gate area) 
      Cumulative area ratio:    0.30
      Required ratio:    0.00 (Cumulative area) 

    Layer: met2
      Partial area ratio:    0.75
      Required ratio:    0.00 (Gate area) 
      Cumulative area ratio:    3.58
      Required ratio:    0.00 (Cumulative area) 
      Partial area ratio:    3.48
      Required ratio:  400.00 (Side area) 
      Cumulative area ratio:   16.87
      Required ratio:    0.00 (Cumulative side area) 

    Layer: via2
      Partial area ratio:    0.16
      Required ratio:    6.00 (Gate area) 
      Cumulative area ratio:    0.46
      Required ratio:    0.00 (Cumulative area) 

    Layer: met3
      Partial area ratio:   12.36
      Required ratio:    0.00 (Gate area) 
      Cumulative area ratio:   15.94
      Required ratio:    0.00 (Cumulative area) 
      Partial area ratio:   67.51
      Required ratio:  400.00 (Side area) 
      Cumulative area ratio:   84.37
      Required ratio:    0.00 (Cumulative side area) 

    Layer: via3
      Partial area ratio:    0.09
      Required ratio:    6.00 (Gate area) 
      Cumulative area ratio:    0.55
      Required ratio:    0.00 (Cumulative area) 

    Layer: met4
      Partial area ratio:   20.23
      Required ratio:    0.00 (Gate area) 
      Cumulative area ratio:   36.17
      Required ratio:    0.00 (Cumulative area) 
      Partial area ratio:  108.30
      Required ratio: 3312.80 (Side area) 
      Cumulative area ratio:  192.67
      Required ratio:    0.00 (Cumulative side area) 


  Pin:   _19775_/B2 (sky130_fd_sc_hd__o2bb2a_1)
    Layer: mcon
      Partial area ratio:    0.23
      Required ratio:    3.00 (Gate area) 
      Cumulative area ratio:    0.23
      Required ratio:    0.00 (Cumulative area) 

    Layer: met1
      Partial area ratio:   10.23
      Required ratio:    0.00 (Gate area) 
      Cumulative area ratio:   10.23
      Required ratio:    0.00 (Cumulative area) 
      Partial area ratio:   48.81
      Required ratio:  400.00 (Side area) 
      Cumulative area ratio:   48.81
      Required ratio:    0.00 (Cumulative side area) 

    Layer: via
      Partial area ratio:    0.54
      Required ratio:    6.00 (Gate area) 
      Cumulative area ratio:    0.77
      Required ratio:    0.00 (Cumulative area) 

    Layer: met2
      Partial area ratio:    3.68
      Required ratio:    0.00 (Gate area) 
      Cumulative area ratio:   13.91
      Required ratio:    0.00 (Cumulative area) 
      Partial area ratio:   17.72
      Required ratio:  400.00 (Side area) 
      Cumulative area ratio:   66.53
      Required ratio:    0.00 (Cumulative side area) 

    Layer: via2
      Partial area ratio:    0.21
      Required ratio:    6.00 (Gate area) 
      Cumulative area ratio:    0.98
      Required ratio:    0.00 (Cumulative area) 

    Layer: met3
      Partial area ratio:   12.36
      Required ratio:    0.00 (Gate area) 
      Cumulative area ratio:   26.26
      Required ratio:    0.00 (Cumulative area) 
      Partial area ratio:   67.51
      Required ratio:  400.00 (Side area) 
      Cumulative area ratio:  134.04
      Required ratio:    0.00 (Cumulative side area) 

    Layer: via3
      Partial area ratio:    0.09
      Required ratio:    6.00 (Gate area) 
      Cumulative area ratio:    1.07
      Required ratio:    0.00 (Cumulative area) 

    Layer: met4
      Partial area ratio:   20.23
      Required ratio:    0.00 (Gate area) 
      Cumulative area ratio:   46.50
      Required ratio:    0.00 (Cumulative area) 
      Partial area ratio:  108.30
      Required ratio: 3312.80 (Side area) 
      Cumulative area ratio:  242.33
      Required ratio:    0.00 (Cumulative side area) 


  Pin:   _19776_/B2 (sky130_fd_sc_hd__o2bb2ai_1)
    Layer: mcon
      Partial area ratio:    0.12
      Required ratio:    3.00 (Gate area) 
      Cumulative area ratio:    0.12
      Required ratio:    0.00 (Cumulative area) 

    Layer: met1
      Partial area ratio:    2.08
      Required ratio:    0.00 (Gate area) 
      Cumulative area ratio:    2.08
      Required ratio:    0.00 (Cumulative area) 
      Partial area ratio:    9.65
      Required ratio:  400.00 (Side area) 
      Cumulative area ratio:    9.65
      Required ratio:    0.00 (Cumulative side area) 

    Layer: via
      Partial area ratio:    0.18
      Required ratio:    6.00 (Gate area) 
      Cumulative area ratio:    0.30
      Required ratio:    0.00 (Cumulative area) 

    Layer: met2
      Partial area ratio:    3.68
      Required ratio:    0.00 (Gate area) 
      Cumulative area ratio:    5.76
      Required ratio:    0.00 (Cumulative area) 
      Partial area ratio:   17.72
      Required ratio:  400.00 (Side area) 
      Cumulative area ratio:   27.37
      Required ratio:    0.00 (Cumulative side area) 

    Layer: via2
      Partial area ratio:    0.21
      Required ratio:    6.00 (Gate area) 
      Cumulative area ratio:    0.51
      Required ratio:    0.00 (Cumulative area) 

    Layer: met3
      Partial area ratio:   12.36
      Required ratio:    0.00 (Gate area) 
      Cumulative area ratio:   18.12
      Required ratio:    0.00 (Cumulative area) 
      Partial area ratio:   67.51
      Required ratio:  400.00 (Side area) 
      Cumulative area ratio:   94.88
      Required ratio:    0.00 (Cumulative side area) 

    Layer: via3
      Partial area ratio:    0.09
      Required ratio:    6.00 (Gate area) 
      Cumulative area ratio:    0.60
      Required ratio:    0.00 (Cumulative area) 

    Layer: met4
      Partial area ratio:   20.23
      Required ratio:    0.00 (Gate area) 
      Cumulative area ratio:   38.35
      Required ratio:    0.00 (Cumulative area) 
      Partial area ratio:  108.30
      Required ratio: 3312.80 (Side area) 
      Cumulative area ratio:  203.18
      Required ratio:    0.00 (Cumulative side area) 


  Pin:   _20002_/A1 (sky130_fd_sc_hd__o22ai_1)
    Layer: mcon
      Partial area ratio:    0.12
      Required ratio:    3.00 (Gate area) 
      Cumulative area ratio:    0.12
      Required ratio:    0.00 (Cumulative area) 

    Layer: met1
      Partial area ratio:   49.70
      Required ratio:    0.00 (Gate area) 
      Cumulative area ratio:   49.70
      Required ratio:    0.00 (Cumulative area) 
      Partial area ratio:  247.29
      Required ratio:  400.00 (Side area) 
      Cumulative area ratio:  247.29
      Required ratio:    0.00 (Cumulative side area) 

    Layer: via
      Partial area ratio:    0.27
      Required ratio:    6.00 (Gate area) 
      Cumulative area ratio:    0.39
      Required ratio:    0.00 (Cumulative area) 

    Layer: met2
      Partial area ratio:    9.46
      Required ratio:    0.00 (Gate area) 
      Cumulative area ratio:   59.15
      Required ratio:    0.00 (Cumulative area) 
      Partial area ratio:   46.26
      Required ratio: 3312.80 (Side area) 
      Cumulative area ratio:  293.55
      Required ratio:    0.00 (Cumulative side area) 

    Layer: via2
      Partial area ratio:    0.32
      Required ratio:   70.15 (Gate area) 
      Cumulative area ratio:    0.71
      Required ratio:    0.00 (Cumulative area) 

    Layer: met3
      Partial area ratio:   17.73
      Required ratio:    0.00 (Gate area) 
      Cumulative area ratio:   76.88
      Required ratio:    0.00 (Cumulative area) 
      Partial area ratio:   98.36
      Required ratio: 3312.80 (Side area) 
      Cumulative area ratio:  391.91
      Required ratio:    0.00 (Cumulative side area) 

    Layer: via3
      Partial area ratio:    0.32
      Required ratio:   70.15 (Gate area) 
      Cumulative area ratio:    1.04
      Required ratio:    0.00 (Cumulative area) 

    Layer: met4
      Partial area ratio:   20.23
      Required ratio:    0.00 (Gate area) 
      Cumulative area ratio:   97.12
      Required ratio:    0.00 (Cumulative area) 
      Partial area ratio:  108.30
      Required ratio: 3312.80 (Side area) 
      Cumulative area ratio:  500.20
      Required ratio:    0.00 (Cumulative side area) 


  Pin:   _20067_/B2 (sky130_fd_sc_hd__o2bb2ai_4)
    Layer: mcon
      Partial area ratio:    0.03
      Required ratio:    3.00 (Gate area) 
      Cumulative area ratio:    0.03
      Required ratio:    0.00 (Cumulative area) 

    Layer: met1
      Partial area ratio:    0.96
      Required ratio:    0.00 (Gate area) 
      Cumulative area ratio:    0.96
      Required ratio:    0.00 (Cumulative area) 
      Partial area ratio:    4.60
      Required ratio:  400.00 (Side area) 
      Cumulative area ratio:    4.60
      Required ratio:    0.00 (Cumulative side area) 

    Layer: via
      Partial area ratio:    0.05
      Required ratio:    6.00 (Gate area) 
      Cumulative area ratio:    0.07
      Required ratio:    0.00 (Cumulative area) 

    Layer: met2
      Partial area ratio:    0.19
      Required ratio:    0.00 (Gate area) 
      Cumulative area ratio:    1.15
      Required ratio:    0.00 (Cumulative area) 
      Partial area ratio:    0.87
      Required ratio:  400.00 (Side area) 
      Cumulative area ratio:    5.47
      Required ratio:    0.00 (Cumulative side area) 

    Layer: via2
      Partial area ratio:    0.04
      Required ratio:    6.00 (Gate area) 
      Cumulative area ratio:    0.12
      Required ratio:    0.00 (Cumulative area) 

    Layer: met3
      Partial area ratio:   15.43
      Required ratio:    0.00 (Gate area) 
      Cumulative area ratio:   16.58
      Required ratio:    0.00 (Cumulative area) 
      Partial area ratio:   82.60
      Required ratio:  400.00 (Side area) 
      Cumulative area ratio:   88.07
      Required ratio:    0.00 (Cumulative side area) 

    Layer: via3
      Partial area ratio:    0.03
      Required ratio:    6.00 (Gate area) 
      Cumulative area ratio:    0.14
      Required ratio:    0.00 (Cumulative area) 

    Layer: met4
      Partial area ratio:   20.23
      Required ratio:    0.00 (Gate area) 
      Cumulative area ratio:   36.81
      Required ratio:    0.00 (Cumulative area) 
      Partial area ratio:  108.30
      Required ratio: 3312.80 (Side area) 
      Cumulative area ratio:  196.37
      Required ratio:    0.00 (Cumulative side area) 


  Pin:   _20221_/B1 (sky130_fd_sc_hd__o2bb2ai_1)
    Layer: mcon
      Partial area ratio:    0.12
      Required ratio:    3.00 (Gate area) 
      Cumulative area ratio:    0.12
      Required ratio:    0.00 (Cumulative area) 

    Layer: met1
      Partial area ratio:    1.27
      Required ratio:    0.00 (Gate area) 
      Cumulative area ratio:    1.27
      Required ratio:    0.00 (Cumulative area) 
      Partial area ratio:    5.59
      Required ratio:  400.00 (Side area) 
      Cumulative area ratio:    5.59
      Required ratio:    0.00 (Cumulative side area) 

    Layer: via
      Partial area ratio:    0.18
      Required ratio:    6.00 (Gate area) 
      Cumulative area ratio:    0.30
      Required ratio:    0.00 (Cumulative area) 

    Layer: met2
      Partial area ratio:    0.75
      Required ratio:    0.00 (Gate area) 
      Cumulative area ratio:    2.02
      Required ratio:    0.00 (Cumulative area) 
      Partial area ratio:    3.48
      Required ratio:  400.00 (Side area) 
      Cumulative area ratio:    9.06
      Required ratio:    0.00 (Cumulative side area) 

    Layer: via2
      Partial area ratio:    0.16
      Required ratio:    6.00 (Gate area) 
      Cumulative area ratio:    0.46
      Required ratio:    0.00 (Cumulative area) 

    Layer: met3
      Partial area ratio:   15.43
      Required ratio:    0.00 (Gate area) 
      Cumulative area ratio:   17.45
      Required ratio:    0.00 (Cumulative area) 
      Partial area ratio:   82.60
      Required ratio:  400.00 (Side area) 
      Cumulative area ratio:   91.67
      Required ratio:    0.00 (Cumulative side area) 

    Layer: via3
      Partial area ratio:    0.03
      Required ratio:    6.00 (Gate area) 
      Cumulative area ratio:    0.49
      Required ratio:    0.00 (Cumulative area) 

    Layer: met4
      Partial area ratio:   20.23
      Required ratio:    0.00 (Gate area) 
      Cumulative area ratio:   37.68
      Required ratio:    0.00 (Cumulative area) 
      Partial area ratio:  108.30
      Required ratio: 3312.80 (Side area) 
      Cumulative area ratio:  199.96
      Required ratio:    0.00 (Cumulative side area) 


  Pin:   _20262_/A1 (sky130_fd_sc_hd__o22a_1)
    Layer: mcon
      Partial area ratio:    0.12
      Required ratio:    3.00 (Gate area) 
      Cumulative area ratio:    0.12
      Required ratio:    0.00 (Cumulative area) 

    Layer: met1
      Partial area ratio:    1.62
      Required ratio:    0.00 (Gate area) 
      Cumulative area ratio:    1.62
      Required ratio:    0.00 (Cumulative area) 
      Partial area ratio:    7.57
      Required ratio:  400.00 (Side area) 
      Cumulative area ratio:    7.57
      Required ratio:    0.00 (Cumulative side area) 

    Layer: via
      Partial area ratio:    0.14
      Required ratio:    6.00 (Gate area) 
      Cumulative area ratio:    0.26
      Required ratio:    0.00 (Cumulative area) 

    Layer: met2
      Partial area ratio:    4.58
      Required ratio:    0.00 (Gate area) 
      Cumulative area ratio:    6.19
      Required ratio:    0.00 (Cumulative area) 
      Partial area ratio:   21.87
      Required ratio:  400.00 (Side area) 
      Cumulative area ratio:   29.44
      Required ratio:    0.00 (Cumulative side area) 

    Layer: via2
      Partial area ratio:    0.16
      Required ratio:    6.00 (Gate area) 
      Cumulative area ratio:    0.42
      Required ratio:    0.00 (Cumulative area) 

    Layer: met3
      Partial area ratio:   15.43
      Required ratio:    0.00 (Gate area) 
      Cumulative area ratio:   21.62
      Required ratio:    0.00 (Cumulative area) 
      Partial area ratio:   82.60
      Required ratio:  400.00 (Side area) 
      Cumulative area ratio:  112.04
      Required ratio:    0.00 (Cumulative side area) 

    Layer: via3
      Partial area ratio:    0.03
      Required ratio:    6.00 (Gate area) 
      Cumulative area ratio:    0.45
      Required ratio:    0.00 (Cumulative area) 

    Layer: met4
      Partial area ratio:   20.23
      Required ratio:    0.00 (Gate area) 
      Cumulative area ratio:   41.86
      Required ratio:    0.00 (Cumulative area) 
      Partial area ratio:  108.30
      Required ratio: 3312.80 (Side area) 
      Cumulative area ratio:  220.34
      Required ratio:    0.00 (Cumulative side area) 



Net: clk
  Pin:   clkbuf_0_clk/A (sky130_fd_sc_hd__clkbuf_16)
    Layer: mcon
      Partial area ratio:    0.03
      Required ratio:    3.00 (Gate area) 
      Cumulative area ratio:    0.03
      Required ratio:    0.00 (Cumulative area) 

    Layer: met1
      Partial area ratio:    0.57
      Required ratio:    0.00 (Gate area) 
      Cumulative area ratio:    0.57
      Required ratio:    0.00 (Cumulative area) 
      Partial area ratio:    2.60
      Required ratio:  400.00 (Side area) 
      Cumulative area ratio:    2.60
      Required ratio:    0.00 (Cumulative side area) 

    Layer: via
      Partial area ratio:    0.05
      Required ratio:    6.00 (Gate area) 
      Cumulative area ratio:    0.09
      Required ratio:    0.00 (Cumulative area) 

    Layer: met2
      Partial area ratio:    0.22
      Required ratio:    0.00 (Gate area) 
      Cumulative area ratio:    0.79
      Required ratio:    0.00 (Cumulative area) 
      Partial area ratio:    1.01
      Required ratio:  400.00 (Side area) 
      Cumulative area ratio:    3.61
      Required ratio:    0.00 (Cumulative side area) 

    Layer: via2
      Partial area ratio:    0.05
      Required ratio:    6.00 (Gate area) 
      Cumulative area ratio:    0.13
      Required ratio:    0.00 (Cumulative area) 

    Layer: met3
      Partial area ratio:   78.55
      Required ratio:    0.00 (Gate area) 
      Cumulative area ratio:   79.35
      Required ratio:    0.00 (Cumulative area) 
      Partial area ratio:  419.50
      Required ratio:  400.00 (Side area) (VIOLATED)
      Cumulative area ratio:  423.11
      Required ratio:    0.00 (Cumulative side area) 



Net: p_hl\[2\]
  Pin:   _10634_/A (sky130_fd_sc_hd__nand2_1)
    Layer: mcon
      Partial area ratio:    0.12
      Required ratio:    3.00 (Gate area) 
      Cumulative area ratio:    0.12
      Required ratio:    0.00 (Cumulative area) 

    Layer: met1
      Partial area ratio:    2.33
      Required ratio:    0.00 (Gate area) 
      Cumulative area ratio:    2.33
      Required ratio:    0.00 (Cumulative area) 
      Partial area ratio:   10.88
      Required ratio:  400.00 (Side area) 
      Cumulative area ratio:   10.88
      Required ratio:    0.00 (Cumulative side area) 

    Layer: via
      Partial area ratio:    0.18
      Required ratio:    6.00 (Gate area) 
      Cumulative area ratio:    0.30
      Required ratio:    0.00 (Cumulative area) 

    Layer: met2
      Partial area ratio:    0.75
      Required ratio:    0.00 (Gate area) 
      Cumulative area ratio:    3.08
      Required ratio:    0.00 (Cumulative area) 
      Partial area ratio:    3.48
      Required ratio:  400.00 (Side area) 
      Cumulative area ratio:   14.36
      Required ratio:    0.00 (Cumulative side area) 

    Layer: via2
      Partial area ratio:    0.16
      Required ratio:    6.00 (Gate area) 
      Cumulative area ratio:    0.46
      Required ratio:    0.00 (Cumulative area) 

    Layer: met3
      Partial area ratio:  109.26
      Required ratio:    0.00 (Gate area) 
      Cumulative area ratio:  112.34
      Required ratio:    0.00 (Cumulative area) 
      Partial area ratio:  584.57
      Required ratio:  400.00 (Side area) (VIOLATED)
      Cumulative area ratio:  598.93
      Required ratio:    0.00 (Cumulative side area) 

    Layer: via3
      Partial area ratio:    0.32
      Required ratio:    6.00 (Gate area) 
      Cumulative area ratio:    0.78
      Required ratio:    0.00 (Cumulative area) 

    Layer: met4
      Partial area ratio:   21.20
      Required ratio:    0.00 (Gate area) 
      Cumulative area ratio:  133.54
      Required ratio:    0.00 (Cumulative area) 
      Partial area ratio:  114.93
      Required ratio: 2771.60 (Side area) 
      Cumulative area ratio:  713.86
      Required ratio:    0.00 (Cumulative side area) 


  Pin:   _10635_/A_N (sky130_fd_sc_hd__and2b_1)
    Layer: mcon
      Partial area ratio:    0.23
      Required ratio:    3.00 (Gate area) 
      Cumulative area ratio:    0.23
      Required ratio:    0.00 (Cumulative area) 

    Layer: met1
      Partial area ratio:    5.10
      Required ratio:    0.00 (Gate area) 
      Cumulative area ratio:    5.10
      Required ratio:    0.00 (Cumulative area) 
      Partial area ratio:   23.96
      Required ratio:  400.00 (Side area) 
      Cumulative area ratio:   23.96
      Required ratio:    0.00 (Cumulative side area) 

    Layer: via
      Partial area ratio:    0.27
      Required ratio:    6.00 (Gate area) 
      Cumulative area ratio:    0.50
      Required ratio:    0.00 (Cumulative area) 

    Layer: met2
      Partial area ratio:    1.01
      Required ratio:    0.00 (Gate area) 
      Cumulative area ratio:    6.10
      Required ratio:    0.00 (Cumulative area) 
      Partial area ratio:    3.99
      Required ratio:  400.00 (Side area) 
      Cumulative area ratio:   27.95
      Required ratio:    0.00 (Cumulative side area) 

    Layer: via2
      Partial area ratio:    0.16
      Required ratio:    6.00 (Gate area) 
      Cumulative area ratio:    0.66
      Required ratio:    0.00 (Cumulative area) 

    Layer: met3
      Partial area ratio:    0.50
      Required ratio:    0.00 (Gate area) 
      Cumulative area ratio:    6.60
      Required ratio:    0.00 (Cumulative area) 
      Partial area ratio:    4.51
      Required ratio:  400.00 (Side area) 
      Cumulative area ratio:   32.46
      Required ratio:    0.00 (Cumulative side area) 

    Layer: via3
      Partial area ratio:    0.16
      Required ratio:    6.00 (Gate area) 
      Cumulative area ratio:    0.81
      Required ratio:    0.00 (Cumulative area) 

    Layer: met4
      Partial area ratio:   21.20
      Required ratio:    0.00 (Gate area) 
      Cumulative area ratio:   27.79
      Required ratio:    0.00 (Cumulative area) 
      Partial area ratio:  114.93
      Required ratio: 2771.60 (Side area) 
      Cumulative area ratio:  147.39
      Required ratio:    0.00 (Cumulative side area) 


  Pin:   _10636_/B (sky130_fd_sc_hd__and2b_1)
    Layer: mcon
      Partial area ratio:    0.23
      Required ratio:    3.00 (Gate area) 
      Cumulative area ratio:    0.23
      Required ratio:    0.00 (Cumulative area) 

    Layer: met1
      Partial area ratio:    5.10
      Required ratio:    0.00 (Gate area) 
      Cumulative area ratio:    5.10
      Required ratio:    0.00 (Cumulative area) 
      Partial area ratio:   23.96
      Required ratio:  400.00 (Side area) 
      Cumulative area ratio:   23.96
      Required ratio:    0.00 (Cumulative side area) 

    Layer: via
      Partial area ratio:    0.27
      Required ratio:    6.00 (Gate area) 
      Cumulative area ratio:    0.50
      Required ratio:    0.00 (Cumulative area) 

    Layer: met2
      Partial area ratio:    1.01
      Required ratio:    0.00 (Gate area) 
      Cumulative area ratio:    6.10
      Required ratio:    0.00 (Cumulative area) 
      Partial area ratio:    3.99
      Required ratio:  400.00 (Side area) 
      Cumulative area ratio:   27.95
      Required ratio:    0.00 (Cumulative side area) 

    Layer: via2
      Partial area ratio:    0.16
      Required ratio:    6.00 (Gate area) 
      Cumulative area ratio:    0.66
      Required ratio:    0.00 (Cumulative area) 

    Layer: met3
      Partial area ratio:    0.50
      Required ratio:    0.00 (Gate area) 
      Cumulative area ratio:    6.60
      Required ratio:    0.00 (Cumulative area) 
      Partial area ratio:    4.51
      Required ratio:  400.00 (Side area) 
      Cumulative area ratio:   32.46
      Required ratio:    0.00 (Cumulative side area) 

    Layer: via3
      Partial area ratio:    0.16
      Required ratio:    6.00 (Gate area) 
      Cumulative area ratio:    0.81
      Required ratio:    0.00 (Cumulative area) 

    Layer: met4
      Partial area ratio:   21.20
      Required ratio:    0.00 (Gate area) 
      Cumulative area ratio:   27.79
      Required ratio:    0.00 (Cumulative area) 
      Partial area ratio:  114.93
      Required ratio: 2771.60 (Side area) 
      Cumulative area ratio:  147.39
      Required ratio:    0.00 (Cumulative side area) 



Net: net28
  Pin:   _20333_/B (sky130_fd_sc_hd__and2_1)
    Layer: mcon
      Partial area ratio:    0.23
      Required ratio:    3.00 (Gate area) 
      Cumulative area ratio:    0.23
      Required ratio:    0.00 (Cumulative area) 

    Layer: met1
      Partial area ratio:    6.98
      Required ratio:    0.00 (Gate area) 
      Cumulative area ratio:    6.98
      Required ratio:    0.00 (Cumulative area) 
      Partial area ratio:   33.44
      Required ratio:  400.00 (Side area) 
      Cumulative area ratio:   33.44
      Required ratio:    0.00 (Cumulative side area) 

    Layer: via
      Partial area ratio:    0.36
      Required ratio:    6.00 (Gate area) 
      Cumulative area ratio:    0.59
      Required ratio:    0.00 (Cumulative area) 

    Layer: met2
      Partial area ratio:    1.48
      Required ratio:    0.00 (Gate area) 
      Cumulative area ratio:    8.47
      Required ratio:    0.00 (Cumulative area) 
      Partial area ratio:    6.83
      Required ratio:  400.00 (Side area) 
      Cumulative area ratio:   40.28
      Required ratio:    0.00 (Cumulative side area) 

    Layer: via2
      Partial area ratio:    0.32
      Required ratio:    6.00 (Gate area) 
      Cumulative area ratio:    0.90
      Required ratio:    0.00 (Cumulative area) 

    Layer: met3
      Partial area ratio:  559.51
      Required ratio:    0.00 (Gate area) 
      Cumulative area ratio:  567.98
      Required ratio:    0.00 (Cumulative area) 
      Partial area ratio: 2987.81
      Required ratio: 2753.36 (Side area) (VIOLATED)
      Cumulative area ratio: 3028.09
      Required ratio:    0.00 (Cumulative side area) 



Net: net97
  Pin:   output97/A (sky130_fd_sc_hd__buf_2)
    Layer: mcon
      Partial area ratio:    0.18
      Required ratio:    3.00 (Gate area) 
      Cumulative area ratio:    0.18
      Required ratio:    0.00 (Cumulative area) 

    Layer: met1
      Partial area ratio:  143.11
      Required ratio:    0.00 (Gate area) 
      Cumulative area ratio:  143.11
      Required ratio:    0.00 (Cumulative area) 
      Partial area ratio:  714.38
      Required ratio:  400.00 (Side area) (VIOLATED)
      Cumulative area ratio:  714.38
      Required ratio:    0.00 (Cumulative side area) 

    Layer: via
      Partial area ratio:    0.28
      Required ratio:    6.00 (Gate area) 
      Cumulative area ratio:    0.46
      Required ratio:    0.00 (Cumulative area) 

    Layer: met2
      Partial area ratio:    7.89
      Required ratio:    0.00 (Gate area) 
      Cumulative area ratio:  151.00
      Required ratio:    0.00 (Cumulative area) 
      Partial area ratio:   38.57
      Required ratio: 2771.60 (Side area) 
      Cumulative area ratio:  752.95
      Required ratio:    0.00 (Cumulative side area) 



Net: net98
  Pin:   output98/A (sky130_fd_sc_hd__buf_2)
    Layer: mcon
      Partial area ratio:    0.18
      Required ratio:    3.00 (Gate area) 
      Cumulative area ratio:    0.18
      Required ratio:    0.00 (Cumulative area) 

    Layer: met1
      Partial area ratio:  149.19
      Required ratio:    0.00 (Gate area) 
      Cumulative area ratio:  149.19
      Required ratio:    0.00 (Cumulative area) 
      Partial area ratio:  744.76
      Required ratio:  400.00 (Side area) (VIOLATED)
      Cumulative area ratio:  744.76
      Required ratio:    0.00 (Cumulative side area) 

    Layer: via
      Partial area ratio:    0.28
      Required ratio:    6.00 (Gate area) 
      Cumulative area ratio:    0.46
      Required ratio:    0.00 (Cumulative area) 

    Layer: met2
      Partial area ratio:    7.89
      Required ratio:    0.00 (Gate area) 
      Cumulative area ratio:  157.07
      Required ratio:    0.00 (Cumulative area) 
      Partial area ratio:   38.57
      Required ratio: 2771.60 (Side area) 
      Cumulative area ratio:  783.33
      Required ratio:    0.00 (Cumulative side area) 



Net: net120
  Pin:   output120/A (sky130_fd_sc_hd__buf_2)
    Layer: mcon
      Partial area ratio:    0.18
      Required ratio:    3.00 (Gate area) 
      Cumulative area ratio:    0.18
      Required ratio:    0.00 (Cumulative area) 

    Layer: met1
      Partial area ratio:   88.43
      Required ratio:    0.00 (Gate area) 
      Cumulative area ratio:   88.43
      Required ratio:    0.00 (Cumulative area) 
      Partial area ratio:  440.99
      Required ratio:  400.00 (Side area) (VIOLATED)
      Cumulative area ratio:  440.99
      Required ratio:    0.00 (Cumulative side area) 

    Layer: via
      Partial area ratio:    0.28
      Required ratio:    6.00 (Gate area) 
      Cumulative area ratio:    0.46
      Required ratio:    0.00 (Cumulative area) 

    Layer: met2
      Partial area ratio:    7.44
      Required ratio:    0.00 (Gate area) 
      Cumulative area ratio:   95.87
      Required ratio:    0.00 (Cumulative area) 
      Partial area ratio:   36.18
      Required ratio: 2771.60 (Side area) 
      Cumulative area ratio:  477.16
      Required ratio:    0.00 (Cumulative side area) 



Net: net463
  Pin:   _12953_/A3 (sky130_fd_sc_hd__a31o_1)
    Layer: mcon
      Partial area ratio:    0.12
      Required ratio:    3.00 (Gate area) 
      Cumulative area ratio:    0.12
      Required ratio:    0.00 (Cumulative area) 

    Layer: met1
      Partial area ratio:    3.77
      Required ratio:    0.00 (Gate area) 
      Cumulative area ratio:    3.77
      Required ratio:    0.00 (Cumulative area) 
      Partial area ratio:   18.11
      Required ratio:  400.00 (Side area) 
      Cumulative area ratio:   18.11
      Required ratio:    0.00 (Cumulative side area) 

    Layer: via
      Partial area ratio:    0.18
      Required ratio:    6.00 (Gate area) 
      Cumulative area ratio:    0.30
      Required ratio:    0.00 (Cumulative area) 

    Layer: met2
      Partial area ratio:   12.18
      Required ratio:    0.00 (Gate area) 
      Cumulative area ratio:   15.96
      Required ratio:    0.00 (Cumulative area) 
      Partial area ratio:   59.77
      Required ratio: 3134.60 (Side area) 
      Cumulative area ratio:   77.88
      Required ratio:    0.00 (Cumulative side area) 

    Layer: via2
      Partial area ratio:    0.13
      Required ratio:   54.11 (Gate area) 
      Cumulative area ratio:    0.43
      Required ratio:    0.00 (Cumulative area) 

    Layer: met3
      Partial area ratio:   26.51
      Required ratio:    0.00 (Gate area) 
      Cumulative area ratio:   42.46
      Required ratio:    0.00 (Cumulative area) 
      Partial area ratio:  142.44
      Required ratio: 3134.60 (Side area) 
      Cumulative area ratio:  220.32
      Required ratio:    0.00 (Cumulative side area) 

    Layer: via3
      Partial area ratio:    0.09
      Required ratio:   54.11 (Gate area) 
      Cumulative area ratio:    0.52
      Required ratio:    0.00 (Cumulative area) 

    Layer: met4
      Partial area ratio:   13.87
      Required ratio:    0.00 (Gate area) 
      Cumulative area ratio:   56.34
      Required ratio:    0.00 (Cumulative area) 
      Partial area ratio:   74.44
      Required ratio: 3134.60 (Side area) 
      Cumulative area ratio:  294.76
      Required ratio:    0.00 (Cumulative side area) 


  Pin:   _13052_/A3 (sky130_fd_sc_hd__a31o_1)
    Layer: mcon
      Partial area ratio:    0.12
      Required ratio:    3.00 (Gate area) 
      Cumulative area ratio:    0.12
      Required ratio:    0.00 (Cumulative area) 

    Layer: met1
      Partial area ratio:    2.32
      Required ratio:    0.00 (Gate area) 
      Cumulative area ratio:    2.32
      Required ratio:    0.00 (Cumulative area) 
      Partial area ratio:   10.83
      Required ratio:  400.00 (Side area) 
      Cumulative area ratio:   10.83
      Required ratio:    0.00 (Cumulative side area) 

    Layer: via
      Partial area ratio:    0.18
      Required ratio:    6.00 (Gate area) 
      Cumulative area ratio:    0.30
      Required ratio:    0.00 (Cumulative area) 

    Layer: met2
      Partial area ratio:    0.75
      Required ratio:    0.00 (Gate area) 
      Cumulative area ratio:    3.07
      Required ratio:    0.00 (Cumulative area) 
      Partial area ratio:    3.48
      Required ratio:  400.00 (Side area) 
      Cumulative area ratio:   14.31
      Required ratio:    0.00 (Cumulative side area) 

    Layer: via2
      Partial area ratio:    0.16
      Required ratio:    6.00 (Gate area) 
      Cumulative area ratio:    0.46
      Required ratio:    0.00 (Cumulative area) 

    Layer: met3
      Partial area ratio:    0.50
      Required ratio:    0.00 (Gate area) 
      Cumulative area ratio:    3.57
      Required ratio:    0.00 (Cumulative area) 
      Partial area ratio:    4.59
      Required ratio:  400.00 (Side area) 
      Cumulative area ratio:   18.90
      Required ratio:    0.00 (Cumulative side area) 

    Layer: via3
      Partial area ratio:    0.16
      Required ratio:    6.00 (Gate area) 
      Cumulative area ratio:    0.62
      Required ratio:    0.00 (Cumulative area) 

    Layer: met4
      Partial area ratio:   13.87
      Required ratio:    0.00 (Gate area) 
      Cumulative area ratio:   17.45
      Required ratio:    0.00 (Cumulative area) 
      Partial area ratio:   74.44
      Required ratio: 3134.60 (Side area) 
      Cumulative area ratio:   93.33
      Required ratio:    0.00 (Cumulative side area) 


  Pin:   _16330_/A1 (sky130_fd_sc_hd__a21oi_1)
    Layer: mcon
      Partial area ratio:    0.12
      Required ratio:    3.00 (Gate area) 
      Cumulative area ratio:    0.12
      Required ratio:    0.00 (Cumulative area) 

    Layer: met1
      Partial area ratio:    1.94
      Required ratio:    0.00 (Gate area) 
      Cumulative area ratio:    1.94
      Required ratio:    0.00 (Cumulative area) 
      Partial area ratio:    9.12
      Required ratio:  400.00 (Side area) 
      Cumulative area ratio:    9.12
      Required ratio:    0.00 (Cumulative side area) 

    Layer: via
      Partial area ratio:    0.14
      Required ratio:    6.00 (Gate area) 
      Cumulative area ratio:    0.25
      Required ratio:    0.00 (Cumulative area) 

    Layer: met2
      Partial area ratio:   11.15
      Required ratio:    0.00 (Gate area) 
      Cumulative area ratio:   13.09
      Required ratio:    0.00 (Cumulative area) 
      Partial area ratio:   55.16
      Required ratio:  400.00 (Side area) 
      Cumulative area ratio:   64.27
      Required ratio:    0.00 (Cumulative side area) 

    Layer: via2
      Partial area ratio:    0.05
      Required ratio:    6.00 (Gate area) 
      Cumulative area ratio:    0.31
      Required ratio:    0.00 (Cumulative area) 

    Layer: met3
      Partial area ratio:   12.67
      Required ratio:    0.00 (Gate area) 
      Cumulative area ratio:   25.76
      Required ratio:    0.00 (Cumulative area) 
      Partial area ratio:   68.06
      Required ratio:  400.00 (Side area) 
      Cumulative area ratio:  132.33
      Required ratio:    0.00 (Cumulative side area) 

    Layer: via3
      Partial area ratio:    0.04
      Required ratio:    6.00 (Gate area) 
      Cumulative area ratio:    0.35
      Required ratio:    0.00 (Cumulative area) 

    Layer: met4
      Partial area ratio:   13.87
      Required ratio:    0.00 (Gate area) 
      Cumulative area ratio:   39.64
      Required ratio:    0.00 (Cumulative area) 
      Partial area ratio:   74.44
      Required ratio: 3134.60 (Side area) 
      Cumulative area ratio:  206.77
      Required ratio:    0.00 (Cumulative side area) 


  Pin:   _16331_/A3 (sky130_fd_sc_hd__a31o_1)
    Layer: mcon
      Partial area ratio:    0.12
      Required ratio:    3.00 (Gate area) 
      Cumulative area ratio:    0.12
      Required ratio:    0.00 (Cumulative area) 

    Layer: met1
      Partial area ratio:    1.94
      Required ratio:    0.00 (Gate area) 
      Cumulative area ratio:    1.94
      Required ratio:    0.00 (Cumulative area) 
      Partial area ratio:    9.12
      Required ratio:  400.00 (Side area) 
      Cumulative area ratio:    9.12
      Required ratio:    0.00 (Cumulative side area) 

    Layer: via
      Partial area ratio:    0.14
      Required ratio:    6.00 (Gate area) 
      Cumulative area ratio:    0.25
      Required ratio:    0.00 (Cumulative area) 

    Layer: met2
      Partial area ratio:   11.15
      Required ratio:    0.00 (Gate area) 
      Cumulative area ratio:   13.09
      Required ratio:    0.00 (Cumulative area) 
      Partial area ratio:   55.16
      Required ratio:  400.00 (Side area) 
      Cumulative area ratio:   64.27
      Required ratio:    0.00 (Cumulative side area) 

    Layer: via2
      Partial area ratio:    0.05
      Required ratio:    6.00 (Gate area) 
      Cumulative area ratio:    0.31
      Required ratio:    0.00 (Cumulative area) 

    Layer: met3
      Partial area ratio:   12.67
      Required ratio:    0.00 (Gate area) 
      Cumulative area ratio:   25.76
      Required ratio:    0.00 (Cumulative area) 
      Partial area ratio:   68.06
      Required ratio:  400.00 (Side area) 
      Cumulative area ratio:  132.33
      Required ratio:    0.00 (Cumulative side area) 

    Layer: via3
      Partial area ratio:    0.04
      Required ratio:    6.00 (Gate area) 
      Cumulative area ratio:    0.35
      Required ratio:    0.00 (Cumulative area) 

    Layer: met4
      Partial area ratio:   13.87
      Required ratio:    0.00 (Gate area) 
      Cumulative area ratio:   39.64
      Required ratio:    0.00 (Cumulative area) 
      Partial area ratio:   74.44
      Required ratio: 3134.60 (Side area) 
      Cumulative area ratio:  206.77
      Required ratio:    0.00 (Cumulative side area) 


  Pin:   _16552_/A1 (sky130_fd_sc_hd__a22o_1)
    Layer: mcon
      Partial area ratio:    0.12
      Required ratio:    3.00 (Gate area) 
      Cumulative area ratio:    0.12
      Required ratio:    0.00 (Cumulative area) 

    Layer: met1
      Partial area ratio:    5.40
      Required ratio:    0.00 (Gate area) 
      Cumulative area ratio:    5.40
      Required ratio:    0.00 (Cumulative area) 
      Partial area ratio:   26.27
      Required ratio:  400.00 (Side area) 
      Cumulative area ratio:   26.27
      Required ratio:    0.00 (Cumulative side area) 

    Layer: via
      Partial area ratio:    0.18
      Required ratio:    6.00 (Gate area) 
      Cumulative area ratio:    0.30
      Required ratio:    0.00 (Cumulative area) 

    Layer: met2
      Partial area ratio:   11.15
      Required ratio:    0.00 (Gate area) 
      Cumulative area ratio:   16.55
      Required ratio:    0.00 (Cumulative area) 
      Partial area ratio:   55.16
      Required ratio:  400.00 (Side area) 
      Cumulative area ratio:   81.43
      Required ratio:    0.00 (Cumulative side area) 

    Layer: via2
      Partial area ratio:    0.05
      Required ratio:    6.00 (Gate area) 
      Cumulative area ratio:    0.35
      Required ratio:    0.00 (Cumulative area) 

    Layer: met3
      Partial area ratio:   12.67
      Required ratio:    0.00 (Gate area) 
      Cumulative area ratio:   29.22
      Required ratio:    0.00 (Cumulative area) 
      Partial area ratio:   68.06
      Required ratio:  400.00 (Side area) 
      Cumulative area ratio:  149.49
      Required ratio:    0.00 (Cumulative side area) 

    Layer: via3
      Partial area ratio:    0.04
      Required ratio:    6.00 (Gate area) 
      Cumulative area ratio:    0.39
      Required ratio:    0.00 (Cumulative area) 

    Layer: met4
      Partial area ratio:   13.87
      Required ratio:    0.00 (Gate area) 
      Cumulative area ratio:   43.10
      Required ratio:    0.00 (Cumulative area) 
      Partial area ratio:   74.44
      Required ratio: 3134.60 (Side area) 
      Cumulative area ratio:  223.93
      Required ratio:    0.00 (Cumulative side area) 


  Pin:   _17019_/A3 (sky130_fd_sc_hd__a31o_1)
    Layer: mcon
      Partial area ratio:    0.12
      Required ratio:    3.00 (Gate area) 
      Cumulative area ratio:    0.12
      Required ratio:    0.00 (Cumulative area) 

    Layer: met1
      Partial area ratio:    2.35
      Required ratio:    0.00 (Gate area) 
      Cumulative area ratio:    2.35
      Required ratio:    0.00 (Cumulative area) 
      Partial area ratio:   10.98
      Required ratio:  400.00 (Side area) 
      Cumulative area ratio:   10.98
      Required ratio:    0.00 (Cumulative side area) 

    Layer: via
      Partial area ratio:    0.18
      Required ratio:    6.00 (Gate area) 
      Cumulative area ratio:    0.30
      Required ratio:    0.00 (Cumulative area) 

    Layer: met2
      Partial area ratio:    0.75
      Required ratio:    0.00 (Gate area) 
      Cumulative area ratio:    3.10
      Required ratio:    0.00 (Cumulative area) 
      Partial area ratio:    3.48
      Required ratio:  400.00 (Side area) 
      Cumulative area ratio:   14.46
      Required ratio:    0.00 (Cumulative side area) 

    Layer: via2
      Partial area ratio:    0.16
      Required ratio:    6.00 (Gate area) 
      Cumulative area ratio:    0.46
      Required ratio:    0.00 (Cumulative area) 

    Layer: met3
      Partial area ratio:   12.67
      Required ratio:    0.00 (Gate area) 
      Cumulative area ratio:   15.77
      Required ratio:    0.00 (Cumulative area) 
      Partial area ratio:   68.06
      Required ratio:  400.00 (Side area) 
      Cumulative area ratio:   82.51
      Required ratio:    0.00 (Cumulative side area) 

    Layer: via3
      Partial area ratio:    0.04
      Required ratio:    6.00 (Gate area) 
      Cumulative area ratio:    0.50
      Required ratio:    0.00 (Cumulative area) 

    Layer: met4
      Partial area ratio:   13.87
      Required ratio:    0.00 (Gate area) 
      Cumulative area ratio:   29.65
      Required ratio:    0.00 (Cumulative area) 
      Partial area ratio:   74.44
      Required ratio: 3134.60 (Side area) 
      Cumulative area ratio:  156.95
      Required ratio:    0.00 (Cumulative side area) 


  Pin:   _17569_/A3 (sky130_fd_sc_hd__a31o_1)
    Layer: mcon
      Partial area ratio:    0.12
      Required ratio:    3.00 (Gate area) 
      Cumulative area ratio:    0.12
      Required ratio:    0.00 (Cumulative area) 

    Layer: met1
      Partial area ratio:    2.55
      Required ratio:    0.00 (Gate area) 
      Cumulative area ratio:    2.55
      Required ratio:    0.00 (Cumulative area) 
      Partial area ratio:   12.01
      Required ratio:  400.00 (Side area) 
      Cumulative area ratio:   12.01
      Required ratio:    0.00 (Cumulative side area) 

    Layer: via
      Partial area ratio:    0.18
      Required ratio:    6.00 (Gate area) 
      Cumulative area ratio:    0.30
      Required ratio:    0.00 (Cumulative area) 

    Layer: met2
      Partial area ratio:    0.75
      Required ratio:    0.00 (Gate area) 
      Cumulative area ratio:    3.31
      Required ratio:    0.00 (Cumulative area) 
      Partial area ratio:    3.48
      Required ratio:  400.00 (Side area) 
      Cumulative area ratio:   15.49
      Required ratio:    0.00 (Cumulative side area) 

    Layer: via2
      Partial area ratio:    0.16
      Required ratio:    6.00 (Gate area) 
      Cumulative area ratio:    0.46
      Required ratio:    0.00 (Cumulative area) 

    Layer: met3
      Partial area ratio:   26.51
      Required ratio:    0.00 (Gate area) 
      Cumulative area ratio:   29.81
      Required ratio:    0.00 (Cumulative area) 
      Partial area ratio:  142.44
      Required ratio: 3134.60 (Side area) 
      Cumulative area ratio:  157.94
      Required ratio:    0.00 (Cumulative side area) 

    Layer: via3
      Partial area ratio:    0.09
      Required ratio:   54.11 (Gate area) 
      Cumulative area ratio:    0.55
      Required ratio:    0.00 (Cumulative area) 

    Layer: met4
      Partial area ratio:   13.87
      Required ratio:    0.00 (Gate area) 
      Cumulative area ratio:   43.69
      Required ratio:    0.00 (Cumulative area) 
      Partial area ratio:   74.44
      Required ratio: 3134.60 (Side area) 
      Cumulative area ratio:  232.38
      Required ratio:    0.00 (Cumulative side area) 


  Pin:   _17603_/A3 (sky130_fd_sc_hd__a31o_1)
    Layer: mcon
      Partial area ratio:    0.12
      Required ratio:    3.00 (Gate area) 
      Cumulative area ratio:    0.12
      Required ratio:    0.00 (Cumulative area) 

    Layer: met1
      Partial area ratio:    3.49
      Required ratio:    0.00 (Gate area) 
      Cumulative area ratio:    3.49
      Required ratio:    0.00 (Cumulative area) 
      Partial area ratio:   16.69
      Required ratio:  400.00 (Side area) 
      Cumulative area ratio:   16.69
      Required ratio:    0.00 (Cumulative side area) 

    Layer: via
      Partial area ratio:    0.18
      Required ratio:    6.00 (Gate area) 
      Cumulative area ratio:    0.30
      Required ratio:    0.00 (Cumulative area) 

    Layer: met2
      Partial area ratio:   12.18
      Required ratio:    0.00 (Gate area) 
      Cumulative area ratio:   15.67
      Required ratio:    0.00 (Cumulative area) 
      Partial area ratio:   59.77
      Required ratio: 3134.60 (Side area) 
      Cumulative area ratio:   76.46
      Required ratio:    0.00 (Cumulative side area) 

    Layer: via2
      Partial area ratio:    0.13
      Required ratio:   54.11 (Gate area) 
      Cumulative area ratio:    0.43
      Required ratio:    0.00 (Cumulative area) 

    Layer: met3
      Partial area ratio:   26.51
      Required ratio:    0.00 (Gate area) 
      Cumulative area ratio:   42.18
      Required ratio:    0.00 (Cumulative area) 
      Partial area ratio:  142.44
      Required ratio: 3134.60 (Side area) 
      Cumulative area ratio:  218.91
      Required ratio:    0.00 (Cumulative side area) 

    Layer: via3
      Partial area ratio:    0.09
      Required ratio:   54.11 (Gate area) 
      Cumulative area ratio:    0.52
      Required ratio:    0.00 (Cumulative area) 

    Layer: met4
      Partial area ratio:   13.87
      Required ratio:    0.00 (Gate area) 
      Cumulative area ratio:   56.05
      Required ratio:    0.00 (Cumulative area) 
      Partial area ratio:   74.44
      Required ratio: 3134.60 (Side area) 
      Cumulative area ratio:  293.35
      Required ratio:    0.00 (Cumulative side area) 


  Pin:   _17618_/C (sky130_fd_sc_hd__and3_1)
    Layer: mcon
      Partial area ratio:    0.23
      Required ratio:    3.00 (Gate area) 
      Cumulative area ratio:    0.23
      Required ratio:    0.00 (Cumulative area) 

    Layer: met1
      Partial area ratio:  125.04
      Required ratio:    0.00 (Gate area) 
      Cumulative area ratio:  125.04
      Required ratio:    0.00 (Cumulative area) 
      Partial area ratio:  622.87
      Required ratio:  400.00 (Side area) (VIOLATED)
      Cumulative area ratio:  622.87
      Required ratio:    0.00 (Cumulative side area) 

    Layer: via
      Partial area ratio:    0.54
      Required ratio:    6.00 (Gate area) 
      Cumulative area ratio:    0.77
      Required ratio:    0.00 (Cumulative area) 

    Layer: met2
      Partial area ratio:   12.18
      Required ratio:    0.00 (Gate area) 
      Cumulative area ratio:  137.23
      Required ratio:    0.00 (Cumulative area) 
      Partial area ratio:   59.77
      Required ratio: 3134.60 (Side area) 
      Cumulative area ratio:  682.64
      Required ratio:    0.00 (Cumulative side area) 

    Layer: via2
      Partial area ratio:    0.13
      Required ratio:   54.11 (Gate area) 
      Cumulative area ratio:    0.89
      Required ratio:    0.00 (Cumulative area) 

    Layer: met3
      Partial area ratio:   26.51
      Required ratio:    0.00 (Gate area) 
      Cumulative area ratio:  163.73
      Required ratio:    0.00 (Cumulative area) 
      Partial area ratio:  142.44
      Required ratio: 3134.60 (Side area) 
      Cumulative area ratio:  825.09
      Required ratio:    0.00 (Cumulative side area) 

    Layer: via3
      Partial area ratio:    0.09
      Required ratio:   54.11 (Gate area) 
      Cumulative area ratio:    0.99
      Required ratio:    0.00 (Cumulative area) 

    Layer: met4
      Partial area ratio:   13.87
      Required ratio:    0.00 (Gate area) 
      Cumulative area ratio:  177.61
      Required ratio:    0.00 (Cumulative area) 
      Partial area ratio:   74.44
      Required ratio: 3134.60 (Side area) 
      Cumulative area ratio:  899.52
      Required ratio:    0.00 (Cumulative side area) 



Net: net1154
  Pin:   _16237_/B2 (sky130_fd_sc_hd__a22o_1)
    Layer: mcon
      Partial area ratio:    0.12
      Required ratio:    3.00 (Gate area) 
      Cumulative area ratio:    0.12
      Required ratio:    0.00 (Cumulative area) 

    Layer: met1
      Partial area ratio:    3.23
      Required ratio:    0.00 (Gate area) 
      Cumulative area ratio:    3.23
      Required ratio:    0.00 (Cumulative area) 
      Partial area ratio:   15.39
      Required ratio:  400.00 (Side area) 
      Cumulative area ratio:   15.39
      Required ratio:    0.00 (Cumulative side area) 

    Layer: via
      Partial area ratio:    0.18
      Required ratio:    6.00 (Gate area) 
      Cumulative area ratio:    0.30
      Required ratio:    0.00 (Cumulative area) 

    Layer: met2
      Partial area ratio:    9.80
      Required ratio:    0.00 (Gate area) 
      Cumulative area ratio:   13.02
      Required ratio:    0.00 (Cumulative area) 
      Partial area ratio:   48.52
      Required ratio: 2753.36 (Side area) 
      Cumulative area ratio:   63.91
      Required ratio:    0.00 (Cumulative side area) 


  Pin:   _16483_/B (sky130_fd_sc_hd__nand4_1)
    Layer: mcon
      Partial area ratio:    0.12
      Required ratio:    3.00 (Gate area) 
      Cumulative area ratio:    0.12
      Required ratio:    0.00 (Cumulative area) 

    Layer: met1
      Partial area ratio:    3.23
      Required ratio:    0.00 (Gate area) 
      Cumulative area ratio:    3.23
      Required ratio:    0.00 (Cumulative area) 
      Partial area ratio:   15.44
      Required ratio:  400.00 (Side area) 
      Cumulative area ratio:   15.44
      Required ratio:    0.00 (Cumulative side area) 

    Layer: via
      Partial area ratio:    0.14
      Required ratio:    6.00 (Gate area) 
      Cumulative area ratio:    0.25
      Required ratio:    0.00 (Cumulative area) 

    Layer: met2
      Partial area ratio:    9.80
      Required ratio:    0.00 (Gate area) 
      Cumulative area ratio:   13.03
      Required ratio:    0.00 (Cumulative area) 
      Partial area ratio:   48.52
      Required ratio: 2753.36 (Side area) 
      Cumulative area ratio:   63.96
      Required ratio:    0.00 (Cumulative side area) 


  Pin:   _16485_/C (sky130_fd_sc_hd__nand3_1)
    Layer: mcon
      Partial area ratio:    0.12
      Required ratio:    3.00 (Gate area) 
      Cumulative area ratio:    0.12
      Required ratio:    0.00 (Cumulative area) 

    Layer: met1
      Partial area ratio:    3.23
      Required ratio:    0.00 (Gate area) 
      Cumulative area ratio:    3.23
      Required ratio:    0.00 (Cumulative area) 
      Partial area ratio:   15.44
      Required ratio:  400.00 (Side area) 
      Cumulative area ratio:   15.44
      Required ratio:    0.00 (Cumulative side area) 

    Layer: via
      Partial area ratio:    0.14
      Required ratio:    6.00 (Gate area) 
      Cumulative area ratio:    0.25
      Required ratio:    0.00 (Cumulative area) 

    Layer: met2
      Partial area ratio:    9.80
      Required ratio:    0.00 (Gate area) 
      Cumulative area ratio:   13.03
      Required ratio:    0.00 (Cumulative area) 
      Partial area ratio:   48.52
      Required ratio: 2753.36 (Side area) 
      Cumulative area ratio:   63.96
      Required ratio:    0.00 (Cumulative side area) 


  Pin:   rebuffer56/A (sky130_fd_sc_hd__dlygate4sd1_1)
    Layer: mcon
      Partial area ratio:    0.23
      Required ratio:    3.00 (Gate area) 
      Cumulative area ratio:    0.23
      Required ratio:    0.00 (Cumulative area) 

    Layer: met1
      Partial area ratio:  110.60
      Required ratio:    0.00 (Gate area) 
      Cumulative area ratio:  110.60
      Required ratio:    0.00 (Cumulative area) 
      Partial area ratio:  549.83
      Required ratio:  400.00 (Side area) (VIOLATED)
      Cumulative area ratio:  549.83
      Required ratio:    0.00 (Cumulative side area) 

    Layer: via
      Partial area ratio:    0.71
      Required ratio:    6.00 (Gate area) 
      Cumulative area ratio:    0.94
      Required ratio:    0.00 (Cumulative area) 

    Layer: met2
      Partial area ratio:    9.80
      Required ratio:    0.00 (Gate area) 
      Cumulative area ratio:  120.40
      Required ratio:    0.00 (Cumulative area) 
      Partial area ratio:   48.52
      Required ratio: 2753.36 (Side area) 
      Cumulative area ratio:  598.35
      Required ratio:    0.00 (Cumulative side area) 



[INFO ANT-0002] Found 21 net violations.
[INFO ANT-0001] Found 22 pin violations.
