if {[file exists ~/openlane2/my_script/script_matt.tcl]} {
    source ~/openlane2/my_script/script_matt.tcl
}
Reading OpenROAD database at '/home/hien/openlane2/designs/highspeed_pipelined_multiplier/runs/opti_1/47-odb-reportdisconnectedpins/pipelined_mult.odb'…
Reading library file at '/home/hien/.volare/volare/sky130/versions/0fe599b2afb6708d281543108caf8310912f54af/sky130A/libs.ref/sky130_fd_sc_hd/lib/sky130_fd_sc_hd__tt_025C_1v80.lib'…
Reading design constraints file at '/home/hien/openlane2/designs/highspeed_pipelined_multiplier/src/pnr.sdc'…
[INFO] No information on clock propagation in input SDC file-- propagating all clocks.
sky130_ef_sc_hd__decap_12 sky130_fd_sc_hd__decap_8 sky130_fd_sc_hd__decap_6 sky130_fd_sc_hd__decap_4 sky130_fd_sc_hd__decap_3 sky130_fd_sc_hd__fill*
[INFO DPL-0001] Placed 7909 filler instances.
Setting global connections for newly added cells…
[INFO] Setting global connections...
Updating metrics…
Cell type report:                       Count       Area
  Fill cell                              8205   41995.28
  Tap cell                               2325    2909.04
  Antenna cell                             25      62.56
  Clock buffer                             78    1124.83
  Timing Repair Buffer                   1683   17843.36
  Inverter                                178    1114.82
  Clock inverter                           42     507.99
  Sequential cell                         450    9236.36
  Multi-Input combinational cell        10004   88162.05
  Total                                 22990  162956.29
Writing OpenROAD database to '/home/hien/openlane2/designs/highspeed_pipelined_multiplier/runs/opti_1/51-openroad-fillinsertion/pipelined_mult.odb'…
Writing netlist to '/home/hien/openlane2/designs/highspeed_pipelined_multiplier/runs/opti_1/51-openroad-fillinsertion/pipelined_mult.nl.v'…
Writing powered netlist to '/home/hien/openlane2/designs/highspeed_pipelined_multiplier/runs/opti_1/51-openroad-fillinsertion/pipelined_mult.pnl.v'…
Writing layout to '/home/hien/openlane2/designs/highspeed_pipelined_multiplier/runs/opti_1/51-openroad-fillinsertion/pipelined_mult.def'…
Writing timing constraints to '/home/hien/openlane2/designs/highspeed_pipelined_multiplier/runs/opti_1/51-openroad-fillinsertion/pipelined_mult.sdc'…
