
Magic 8.3 revision 489 - Compiled on Thu Aug 22 13:45:15 UTC 2024.
Starting magic under Tcl interpreter
Using the terminal as the console.
Using NULL graphics device.
Processing system .magicrc file
Sourcing design .magicrc for technology sky130A ...
2 Magic internal units = 1 Lambda
Input style sky130(): scaleFactor=2, multiplier=2
The following types are not handled by extraction and will be treated as non-electrical types:
    ubm 
Scaled tech values by 2 / 1 to match internal grid scaling
Loading sky130A Device Generator Menu ...
Loading "/nix/store/h0ldzjka94yryiq8yxbxmwargpnmwhx6-python3-3.11.9-env/lib/python3.11/site-packages/openlane/scripts/magic/wrapper.tcl" from command line.
> lef read /home/hien/.volare/volare/sky130/versions/0fe599b2afb6708d281543108caf8310912f54af/sky130A/libs.ref/sky130_fd_sc_hd/techlef/sky130_fd_sc_hd__nom.tlef
Reading LEF data from file /home/hien/.volare/volare/sky130/versions/0fe599b2afb6708d281543108caf8310912f54af/sky130A/libs.ref/sky130_fd_sc_hd/techlef/sky130_fd_sc_hd__nom.tlef.
This action cannot be undone.
LEF read, Line 82 (Message): Unknown keyword "ANTENNAMODEL" in LEF file; ignoring.
LEF read, Line 83 (Message): Unknown keyword "ANTENNADIFFSIDEAREARATIO" in LEF file; ignoring.
LEF read, Line 116 (Message): Unknown keyword "MINENCLOSEDAREA" in LEF file; ignoring.
LEF read, Line 118 (Message): Unknown keyword "ANTENNAMODEL" in LEF file; ignoring.
LEF read, Line 119 (Message): Unknown keyword "ANTENNADIFFSIDEAREARATIO" in LEF file; ignoring.
LEF read, Line 125 (Message): Unknown keyword "MAXIMUMDENSITY" in LEF file; ignoring.
LEF read, Line 126 (Message): Unknown keyword "DENSITYCHECKWINDOW" in LEF file; ignoring.
LEF read, Line 127 (Message): Unknown keyword "DENSITYCHECKSTEP" in LEF file; ignoring.
LEF read, Line 160 (Message): Unknown keyword "MINENCLOSEDAREA" in LEF file; ignoring.
LEF read, Line 168 (Message): Unknown keyword "ANTENNAMODEL" in LEF file; ignoring.
LEF read, Line 169 (Message): Unknown keyword "ANTENNADIFFSIDEAREARATIO" in LEF file; ignoring.
LEF read, Line 171 (Message): Unknown keyword "MAXIMUMDENSITY" in LEF file; ignoring.
LEF read, Line 172 (Message): Unknown keyword "DENSITYCHECKWINDOW" in LEF file; ignoring.
LEF read, Line 173 (Message): Unknown keyword "DENSITYCHECKSTEP" in LEF file; ignoring.
LEF read, Line 210 (Message): Unknown keyword "ANTENNAMODEL" in LEF file; ignoring.
LEF read, Line 211 (Message): Unknown keyword "ANTENNADIFFSIDEAREARATIO" in LEF file; ignoring.
LEF read, Line 213 (Message): Unknown keyword "MAXIMUMDENSITY" in LEF file; ignoring.
LEF read, Line 214 (Message): Unknown keyword "DENSITYCHECKWINDOW" in LEF file; ignoring.
LEF read, Line 215 (Message): Unknown keyword "DENSITYCHECKSTEP" in LEF file; ignoring.
LEF read, Line 252 (Message): Unknown keyword "ANTENNAMODEL" in LEF file; ignoring.
LEF read, Line 253 (Message): Unknown keyword "ANTENNADIFFSIDEAREARATIO" in LEF file; ignoring.
LEF read, Line 255 (Message): Unknown keyword "MAXIMUMDENSITY" in LEF file; ignoring.
LEF read, Line 256 (Message): Unknown keyword "DENSITYCHECKWINDOW" in LEF file; ignoring.
LEF read, Line 257 (Message): Unknown keyword "DENSITYCHECKSTEP" in LEF file; ignoring.
LEF read, Line 294 (Message): Unknown keyword "ANTENNAMODEL" in LEF file; ignoring.
LEF read, Line 295 (Message): Unknown keyword "ANTENNADIFFSIDEAREARATIO" in LEF file; ignoring.
LEF read: Processed 801 lines.
> lef read /home/hien/.volare/volare/sky130/versions/0fe599b2afb6708d281543108caf8310912f54af/sky130A/libs.ref/sky130_fd_sc_hd/lef/sky130_ef_sc_hd.lef
Reading LEF data from file /home/hien/.volare/volare/sky130/versions/0fe599b2afb6708d281543108caf8310912f54af/sky130A/libs.ref/sky130_fd_sc_hd/lef/sky130_ef_sc_hd.lef.
This action cannot be undone.
LEF read: Processed 278 lines.
> lef read /home/hien/.volare/volare/sky130/versions/0fe599b2afb6708d281543108caf8310912f54af/sky130A/libs.ref/sky130_fd_sc_hd/lef/sky130_fd_sc_hd.lef
Reading LEF data from file /home/hien/.volare/volare/sky130/versions/0fe599b2afb6708d281543108caf8310912f54af/sky130A/libs.ref/sky130_fd_sc_hd/lef/sky130_fd_sc_hd.lef.
This action cannot be undone.
LEF read: Processed 56536 lines.
> def read /home/hien/openlane2/designs/highspeed_pipelined_multiplier/runs/opti_8/52-odb-cellfrequencytables/pipelined_mult.def -noblockage -labels
Reading DEF data from file /home/hien/openlane2/designs/highspeed_pipelined_multiplier/runs/opti_8/52-odb-cellfrequencytables/pipelined_mult.def.
This action cannot be undone.
  Processed 4 vias total.
  Processed 25438 subcell instances total.
  Processed 132 pins total.
  Processed 2 special nets total.
  Processed 12086 nets total.
DEF read: Processed 244428 lines.
Moving label "VGND" from metal1 to via1 in cell pipelined_mult.
Moving label "_00061_" from metal2 to via2 in cell pipelined_mult.
Moving label "_00063_" from metal2 to via2 in cell pipelined_mult.
Moving label "_00081_" from metal1 to via1 in cell pipelined_mult.
Moving label "_00102_" from metal1 to via1 in cell pipelined_mult.
Moving label "_00106_" from metal1 to via1 in cell pipelined_mult.
Moving label "_00107_" from metal1 to via1 in cell pipelined_mult.
Moving label "_00113_" from metal1 to via1 in cell pipelined_mult.
Moving label "_00117_" from metal1 to via1 in cell pipelined_mult.
Moving label "_00121_" from metal1 to via1 in cell pipelined_mult.
Moving label "_00124_" from metal1 to via1 in cell pipelined_mult.
Moving label "_00126_" from metal2 to via2 in cell pipelined_mult.
Moving label "_00129_" from metal1 to via1 in cell pipelined_mult.
Moving label "_00155_" from metal1 to via1 in cell pipelined_mult.
Moving label "_00200_" from metal2 to via2 in cell pipelined_mult.
Moving label "_00203_" from metal2 to via2 in cell pipelined_mult.
Moving label "_00204_" from metal2 to via2 in cell pipelined_mult.
Moving label "_00205_" from metal2 to via2 in cell pipelined_mult.
Moving label "_00207_" from metal3 to via3 in cell pipelined_mult.
Moving label "_00208_" from metal2 to via2 in cell pipelined_mult.
Moving label "_00209_" from metal2 to via2 in cell pipelined_mult.
Moving label "_00252_" from metal1 to via1 in cell pipelined_mult.
Moving label "_00256_" from metal1 to viali in cell pipelined_mult.
Moving label "_00302_" from metal1 to via1 in cell pipelined_mult.
Moving label "_00308_" from metal1 to via1 in cell pipelined_mult.
Moving label "_00326_" from metal1 to via1 in cell pipelined_mult.
Moving label "_00331_" from metal1 to via1 in cell pipelined_mult.
Moving label "_00334_" from metal1 to via1 in cell pipelined_mult.
Moving label "_00337_" from metal1 to via1 in cell pipelined_mult.
Moving label "_00345_" from metal1 to via1 in cell pipelined_mult.
Moving label "_00347_" from metal1 to via1 in cell pipelined_mult.
Moving label "_00348_" from metal3 to via3 in cell pipelined_mult.
Moving label "_00351_" from metal2 to via2 in cell pipelined_mult.
Moving label "_00362_" from metal1 to via1 in cell pipelined_mult.
Moving label "_00366_" from metal1 to via1 in cell pipelined_mult.
Moving label "_00376_" from metal1 to via1 in cell pipelined_mult.
Moving label "_00398_" from metal1 to via1 in cell pipelined_mult.
Moving label "_00418_" from metal2 to via2 in cell pipelined_mult.
Moving label "_00419_" from metal2 to via2 in cell pipelined_mult.
Moving label "_00420_" from metal2 to via2 in cell pipelined_mult.
Moving label "_00421_" from metal2 to via2 in cell pipelined_mult.
Moving label "_00428_" from metal2 to via2 in cell pipelined_mult.
Moving label "_00429_" from metal2 to via2 in cell pipelined_mult.
Moving label "_00430_" from metal2 to via2 in cell pipelined_mult.
Moving label "_00431_" from metal2 to via2 in cell pipelined_mult.
Moving label "_00434_" from metal2 to via2 in cell pipelined_mult.
Moving label "_00435_" from metal2 to via2 in cell pipelined_mult.
Moving label "_00437_" from metal2 to via2 in cell pipelined_mult.
Moving label "_00439_" from metal3 to via3 in cell pipelined_mult.
Moving label "_00441_" from metal2 to via2 in cell pipelined_mult.
Moving label "_00442_" from metal2 to via2 in cell pipelined_mult.
Moving label "_00443_" from metal2 to via2 in cell pipelined_mult.
Moving label "_00444_" from metal2 to via2 in cell pipelined_mult.
Moving label "_00455_" from metal2 to via2 in cell pipelined_mult.
Moving label "_00485_" from metal2 to via2 in cell pipelined_mult.
Moving label "_00563_" from metal2 to via2 in cell pipelined_mult.
Moving label "_00652_" from metal1 to via1 in cell pipelined_mult.
Moving label "_00693_" from metal2 to via2 in cell pipelined_mult.
Moving label "_00766_" from metal1 to viali in cell pipelined_mult.
Moving label "_00864_" from metal1 to via1 in cell pipelined_mult.
Moving label "_00897_" from metal2 to via2 in cell pipelined_mult.
Moving label "_00937_" from metal1 to viali in cell pipelined_mult.
Moving label "_01003_" from metal1 to viali in cell pipelined_mult.
Moving label "_01100_" from metal2 to via2 in cell pipelined_mult.
Moving label "_01110_" from metal1 to viali in cell pipelined_mult.
Moving label "_01143_" from metal2 to via2 in cell pipelined_mult.
Moving label "_01144_" from metal1 to via1 in cell pipelined_mult.
Moving label "_01250_" from metal1 to via1 in cell pipelined_mult.
Moving label "_01263_" from metal2 to via2 in cell pipelined_mult.
Moving label "_01285_" from metal1 to via1 in cell pipelined_mult.
Moving label "_01355_" from metal2 to via2 in cell pipelined_mult.
Moving label "_01452_" from metal2 to via2 in cell pipelined_mult.
Moving label "_01463_" from metal2 to via2 in cell pipelined_mult.
Moving label "_01469_" from metal2 to via1 in cell pipelined_mult.
Moving label "_01576_" from metal1 to via1 in cell pipelined_mult.
Moving label "_01585_" from metal1 to via1 in cell pipelined_mult.
Moving label "_01597_" from metal1 to viali in cell pipelined_mult.
Moving label "_01645_" from metal2 to via1 in cell pipelined_mult.
Moving label "_01670_" from metal1 to via1 in cell pipelined_mult.
Moving label "_01706_" from metal1 to viali in cell pipelined_mult.
Moving label "_01781_" from metal1 to via1 in cell pipelined_mult.
Moving label "_01785_" from metal1 to via1 in cell pipelined_mult.
Moving label "_01855_" from metal2 to via2 in cell pipelined_mult.
Moving label "_01859_" from metal1 to viali in cell pipelined_mult.
Moving label "_01868_" from metal2 to via1 in cell pipelined_mult.
Moving label "_01952_" from metal1 to via1 in cell pipelined_mult.
Moving label "_02086_" from metal2 to via1 in cell pipelined_mult.
Moving label "_02092_" from metal1 to via1 in cell pipelined_mult.
Moving label "_02152_" from metal2 to via2 in cell pipelined_mult.
Moving label "_02154_" from metal1 to via1 in cell pipelined_mult.
Moving label "_02277_" from metal1 to viali in cell pipelined_mult.
Moving label "_02409_" from metal2 to via2 in cell pipelined_mult.
Moving label "_02475_" from metal2 to via2 in cell pipelined_mult.
Moving label "_02553_" from metal2 to via1 in cell pipelined_mult.
Moving label "_02607_" from metal2 to via2 in cell pipelined_mult.
Moving label "_02809_" from metal2 to via1 in cell pipelined_mult.
Moving label "_02837_" from metal2 to via2 in cell pipelined_mult.
Moving label "_02840_" from metal1 to via1 in cell pipelined_mult.
Moving label "_02916_" from metal3 to via3 in cell pipelined_mult.
Moving label "_02955_" from metal1 to via1 in cell pipelined_mult.
Moving label "_02956_" from metal2 to via1 in cell pipelined_mult.
Moving label "_03146_" from metal2 to via2 in cell pipelined_mult.
Moving label "_03162_" from metal2 to via2 in cell pipelined_mult.
Moving label "_03180_" from metal1 to via1 in cell pipelined_mult.
Moving label "_03262_" from metal2 to via1 in cell pipelined_mult.
Moving label "_03403_" from metal2 to via2 in cell pipelined_mult.
Moving label "_03463_" from metal2 to via1 in cell pipelined_mult.
Moving label "_03626_" from metal1 to viali in cell pipelined_mult.
Moving label "_03762_" from metal2 to via2 in cell pipelined_mult.
Moving label "_03804_" from metal2 to via2 in cell pipelined_mult.
Moving label "_03812_" from metal1 to via1 in cell pipelined_mult.
Moving label "_03847_" from metal1 to viali in cell pipelined_mult.
Moving label "_03869_" from metal1 to viali in cell pipelined_mult.
Moving label "_03923_" from metal1 to viali in cell pipelined_mult.
Moving label "_03939_" from metal2 to via1 in cell pipelined_mult.
Moving label "_04046_" from metal1 to via1 in cell pipelined_mult.
Moving label "_04054_" from metal1 to via1 in cell pipelined_mult.
Moving label "_04066_" from metal1 to via1 in cell pipelined_mult.
Moving label "_04152_" from metal1 to viali in cell pipelined_mult.
Moving label "_04186_" from metal2 to via2 in cell pipelined_mult.
Moving label "_04199_" from metal1 to via1 in cell pipelined_mult.
Moving label "_04236_" from metal2 to via2 in cell pipelined_mult.
Moving label "_04244_" from metal1 to viali in cell pipelined_mult.
Moving label "_04274_" from metal2 to via1 in cell pipelined_mult.
Moving label "_04288_" from metal1 to via1 in cell pipelined_mult.
Moving label "_04337_" from metal2 to via2 in cell pipelined_mult.
Moving label "_04548_" from metal1 to via1 in cell pipelined_mult.
Moving label "_04554_" from metal1 to via1 in cell pipelined_mult.
Moving label "_04559_" from metal2 to via2 in cell pipelined_mult.
Moving label "_04577_" from metal2 to via1 in cell pipelined_mult.
Moving label "_04609_" from metal2 to via1 in cell pipelined_mult.
Moving label "_04642_" from metal1 to via1 in cell pipelined_mult.
Moving label "_04689_" from metal2 to via2 in cell pipelined_mult.
Moving label "_04771_" from metal1 to via1 in cell pipelined_mult.
Moving label "_04778_" from metal2 to via1 in cell pipelined_mult.
Moving label "_04782_" from metal1 to via1 in cell pipelined_mult.
Moving label "_04788_" from metal2 to via2 in cell pipelined_mult.
Moving label "_04856_" from metal2 to via2 in cell pipelined_mult.
Moving label "_04920_" from metal2 to via1 in cell pipelined_mult.
Moving label "_04923_" from metal2 to via1 in cell pipelined_mult.
Moving label "_05115_" from metal2 to via2 in cell pipelined_mult.
Moving label "_05122_" from metal1 to viali in cell pipelined_mult.
Moving label "_05226_" from metal1 to via1 in cell pipelined_mult.
Moving label "_05262_" from metal2 to via2 in cell pipelined_mult.
Moving label "_05305_" from metal2 to via2 in cell pipelined_mult.
Moving label "_05346_" from metal1 to via1 in cell pipelined_mult.
Moving label "_05384_" from metal1 to viali in cell pipelined_mult.
Moving label "_05418_" from metal2 to via2 in cell pipelined_mult.
Moving label "_05423_" from metal1 to via1 in cell pipelined_mult.
Moving label "_05466_" from metal2 to via2 in cell pipelined_mult.
Moving label "_05479_" from metal1 to via1 in cell pipelined_mult.
Moving label "_05496_" from metal2 to via1 in cell pipelined_mult.
Moving label "_05499_" from metal2 to via2 in cell pipelined_mult.
Moving label "_05567_" from metal1 to via1 in cell pipelined_mult.
Moving label "_05569_" from metal1 to via1 in cell pipelined_mult.
Moving label "_05660_" from metal2 to via2 in cell pipelined_mult.
Moving label "_05758_" from metal2 to via2 in cell pipelined_mult.
Moving label "_05767_" from metal2 to via2 in cell pipelined_mult.
Moving label "_05785_" from metal1 to via1 in cell pipelined_mult.
Moving label "_05811_" from metal2 to via2 in cell pipelined_mult.
Moving label "_05893_" from metal3 to via3 in cell pipelined_mult.
Moving label "_05899_" from metal1 to via1 in cell pipelined_mult.
Moving label "_05900_" from metal2 to via2 in cell pipelined_mult.
Moving label "_05912_" from metal2 to via2 in cell pipelined_mult.
Moving label "_06002_" from metal2 to via2 in cell pipelined_mult.
Moving label "_06058_" from metal2 to via1 in cell pipelined_mult.
Moving label "_06105_" from metal2 to via2 in cell pipelined_mult.
Moving label "_06126_" from metal1 to via1 in cell pipelined_mult.
Moving label "_06254_" from metal1 to via1 in cell pipelined_mult.
Moving label "_06266_" from metal1 to viali in cell pipelined_mult.
Moving label "_06298_" from metal2 to via2 in cell pipelined_mult.
Moving label "_06360_" from metal1 to via1 in cell pipelined_mult.
Moving label "_06425_" from metal2 to via2 in cell pipelined_mult.
Moving label "_06466_" from metal1 to viali in cell pipelined_mult.
Moving label "_06480_" from metal2 to via2 in cell pipelined_mult.
Moving label "_06556_" from metal2 to via1 in cell pipelined_mult.
Moving label "_06624_" from metal2 to via2 in cell pipelined_mult.
Moving label "_06626_" from metal2 to via1 in cell pipelined_mult.
Moving label "_06745_" from metal2 to via2 in cell pipelined_mult.
Moving label "_06801_" from metal1 to viali in cell pipelined_mult.
Moving label "_06815_" from metal2 to via2 in cell pipelined_mult.
Moving label "_06833_" from metal2 to via2 in cell pipelined_mult.
Moving label "_07006_" from metal1 to viali in cell pipelined_mult.
Moving label "_07045_" from metal2 to via1 in cell pipelined_mult.
Moving label "_07100_" from metal2 to via2 in cell pipelined_mult.
Moving label "_07422_" from metal2 to via2 in cell pipelined_mult.
Moving label "_07434_" from metal1 to viali in cell pipelined_mult.
Moving label "_07551_" from metal2 to via2 in cell pipelined_mult.
Moving label "_07598_" from metal2 to via2 in cell pipelined_mult.
Moving label "_07599_" from metal1 to viali in cell pipelined_mult.
Moving label "_07709_" from metal2 to via2 in cell pipelined_mult.
Moving label "_07725_" from metal2 to via2 in cell pipelined_mult.
Moving label "_07762_" from metal1 to via1 in cell pipelined_mult.
Moving label "_07770_" from metal1 to via1 in cell pipelined_mult.
Moving label "_07784_" from metal2 to via2 in cell pipelined_mult.
Moving label "_07902_" from metal1 to via1 in cell pipelined_mult.
Moving label "_07990_" from metal1 to via1 in cell pipelined_mult.
Moving label "_08046_" from metal2 to via2 in cell pipelined_mult.
Moving label "_08138_" from metal2 to via2 in cell pipelined_mult.
Moving label "_08247_" from metal1 to via1 in cell pipelined_mult.
Moving label "_08292_" from metal1 to via1 in cell pipelined_mult.
Moving label "_08316_" from metal2 to via2 in cell pipelined_mult.
Moving label "_08364_" from metal2 to via2 in cell pipelined_mult.
Moving label "_08376_" from metal1 to viali in cell pipelined_mult.
Moving label "_08393_" from metal2 to via2 in cell pipelined_mult.
Moving label "_08408_" from metal2 to via2 in cell pipelined_mult.
Moving label "_08441_" from metal1 to viali in cell pipelined_mult.
Moving label "_08456_" from metal2 to via2 in cell pipelined_mult.
Moving label "_08592_" from metal2 to via1 in cell pipelined_mult.
Moving label "_08698_" from metal1 to via1 in cell pipelined_mult.
Moving label "_08729_" from metal2 to via2 in cell pipelined_mult.
Moving label "_08801_" from metal2 to via2 in cell pipelined_mult.
Moving label "_08856_" from metal1 to via1 in cell pipelined_mult.
Moving label "_08989_" from metal2 to via1 in cell pipelined_mult.
Moving label "_09099_" from metal1 to via1 in cell pipelined_mult.
Moving label "_09100_" from metal2 to via2 in cell pipelined_mult.
Moving label "_09107_" from metal2 to via2 in cell pipelined_mult.
Moving label "_09110_" from metal1 to via1 in cell pipelined_mult.
Moving label "_09144_" from metal2 to via2 in cell pipelined_mult.
Moving label "_09181_" from metal1 to via1 in cell pipelined_mult.
Moving label "_09234_" from metal2 to via1 in cell pipelined_mult.
Moving label "_09286_" from metal2 to via2 in cell pipelined_mult.
Moving label "_09301_" from metal1 to via1 in cell pipelined_mult.
Moving label "_09316_" from metal2 to via2 in cell pipelined_mult.
Moving label "_09449_" from metal2 to via2 in cell pipelined_mult.
Moving label "_09454_" from metal1 to via1 in cell pipelined_mult.
Moving label "_09541_" from metal2 to via1 in cell pipelined_mult.
Moving label "_09555_" from metal1 to viali in cell pipelined_mult.
Moving label "_09631_" from metal2 to via1 in cell pipelined_mult.
Moving label "_09668_" from metal2 to via2 in cell pipelined_mult.
Moving label "_09760_" from metal1 to via1 in cell pipelined_mult.
Moving label "_09871_" from metal2 to via2 in cell pipelined_mult.
Moving label "_09872_" from metal2 to via2 in cell pipelined_mult.
Moving label "_09953_" from metal2 to via2 in cell pipelined_mult.
Moving label "_09982_" from metal1 to via1 in cell pipelined_mult.
Moving label "_10066_" from metal2 to via1 in cell pipelined_mult.
Moving label "_10109_" from metal2 to via1 in cell pipelined_mult.
Moving label "a_h\[2\]" from metal2 to via2 in cell pipelined_mult.
Moving label "a_l\[11\]" from metal2 to via2 in cell pipelined_mult.
Moving label "a_l\[7\]" from metal1 to viali in cell pipelined_mult.
Moving label "b_h\[10\]" from metal2 to via2 in cell pipelined_mult.
Moving label "b_h\[5\]" from metal2 to via2 in cell pipelined_mult.
Moving label "b_l\[1\]" from metal2 to via2 in cell pipelined_mult.
Moving label "clk" from metal2 to via2 in cell pipelined_mult.
Moving label "clknet_0_clk" from metal2 to via2 in cell pipelined_mult.
Moving label "net1112" from metal1 to via1 in cell pipelined_mult.
Moving label "net1114" from metal1 to viali in cell pipelined_mult.
Moving label "net1116" from metal2 to via2 in cell pipelined_mult.
Moving label "net1122" from metal2 to via2 in cell pipelined_mult.
Moving label "net1126" from metal2 to via2 in cell pipelined_mult.
Moving label "net1130" from metal3 to via3 in cell pipelined_mult.
Moving label "net1208" from metal2 to via1 in cell pipelined_mult.
Moving label "net1215" from metal2 to via2 in cell pipelined_mult.
Moving label "net132" from metal3 to via3 in cell pipelined_mult.
Moving label "net134" from metal3 to via3 in cell pipelined_mult.
Moving label "net137" from metal2 to via2 in cell pipelined_mult.
Moving label "net1385" from metal1 to via1 in cell pipelined_mult.
Moving label "net1403" from metal2 to via2 in cell pipelined_mult.
Moving label "net1416" from metal2 to via2 in cell pipelined_mult.
Moving label "net179" from metal1 to via1 in cell pipelined_mult.
Moving label "net215" from metal1 to via1 in cell pipelined_mult.
Moving label "net221" from metal1 to viali in cell pipelined_mult.
Moving label "net28" from metal2 to via2 in cell pipelined_mult.
Moving label "net381" from metal1 to via1 in cell pipelined_mult.
Moving label "net419" from metal1 to viali in cell pipelined_mult.
Moving label "net426" from metal1 to via1 in cell pipelined_mult.
Moving label "net472" from metal1 to via1 in cell pipelined_mult.
Moving label "net475" from metal2 to via2 in cell pipelined_mult.
Moving label "net496" from metal2 to via2 in cell pipelined_mult.
Moving label "net498" from metal2 to via2 in cell pipelined_mult.
Moving label "net515" from metal2 to via2 in cell pipelined_mult.
Moving label "net668" from metal2 to via2 in cell pipelined_mult.
Moving label "net705" from metal2 to via2 in cell pipelined_mult.
Moving label "net711" from metal2 to via2 in cell pipelined_mult.
Moving label "net729" from metal2 to via2 in cell pipelined_mult.
Moving label "net758" from metal2 to via2 in cell pipelined_mult.
Moving label "net767" from metal2 to via2 in cell pipelined_mult.
Moving label "net773" from metal2 to via1 in cell pipelined_mult.
Moving label "net781" from metal1 to via1 in cell pipelined_mult.
Moving label "net866" from metal1 to viali in cell pipelined_mult.
Moving label "net907" from metal3 to via3 in cell pipelined_mult.
Moving label "net927" from metal2 to via2 in cell pipelined_mult.
Moving label "net935" from metal2 to via2 in cell pipelined_mult.
Moving label "net941" from metal2 to via2 in cell pipelined_mult.
Moving label "net947" from metal2 to via1 in cell pipelined_mult.
Moving label "p[10]" from metal2 to via2 in cell pipelined_mult.
Moving label "p[13]" from metal2 to via2 in cell pipelined_mult.
Moving label "p[14]" from metal2 to via2 in cell pipelined_mult.
Moving label "p[15]" from metal2 to via2 in cell pipelined_mult.
Moving label "p[17]" from metal2 to via2 in cell pipelined_mult.
Moving label "p[18]" from metal2 to via2 in cell pipelined_mult.
Moving label "p[19]" from metal2 to via2 in cell pipelined_mult.
Moving label "p[23]" from metal2 to via2 in cell pipelined_mult.
Moving label "p[27]" from metal2 to via2 in cell pipelined_mult.
Moving label "p[28]" from metal2 to via2 in cell pipelined_mult.
Moving label "p[29]" from metal2 to via2 in cell pipelined_mult.
Moving label "p[2]" from metal2 to via2 in cell pipelined_mult.
Moving label "p[30]" from metal2 to via2 in cell pipelined_mult.
Moving label "p[3]" from metal2 to via2 in cell pipelined_mult.
Moving label "p[4]" from metal2 to via2 in cell pipelined_mult.
Moving label "p[5]" from metal2 to via2 in cell pipelined_mult.
Moving label "p[6]" from metal2 to via2 in cell pipelined_mult.
Moving label "p[7]" from metal2 to via2 in cell pipelined_mult.
Moving label "p[8]" from metal2 to via2 in cell pipelined_mult.
Moving label "p[9]" from metal2 to via2 in cell pipelined_mult.
Moving label "p_hh\[28\]" from metal2 to via2 in cell pipelined_mult.
Moving label "p_hh\[29\]" from metal2 to via2 in cell pipelined_mult.
Moving label "p_hh\[31\]" from metal2 to via2 in cell pipelined_mult.
Moving label "p_hl\[10\]" from metal2 to via2 in cell pipelined_mult.
Moving label "p_hl\[11\]" from metal2 to via2 in cell pipelined_mult.
Moving label "p_hl\[16\]" from metal2 to via2 in cell pipelined_mult.
Moving label "p_hl\[17\]" from metal2 to via2 in cell pipelined_mult.
Moving label "p_hl\[18\]" from metal2 to via2 in cell pipelined_mult.
Moving label "p_hl\[24\]" from metal2 to via2 in cell pipelined_mult.
Moving label "p_hl\[3\]" from metal2 to via2 in cell pipelined_mult.
Processing pipelined_mult
Extracting sky130_fd_sc_hd__clkbuf_1 into sky130_fd_sc_hd__clkbuf_1.ext:
Extracting sky130_fd_sc_hd__and2_1 into sky130_fd_sc_hd__and2_1.ext:
Extracting sky130_fd_sc_hd__decap_3 into sky130_fd_sc_hd__decap_3.ext:
Extracting sky130_fd_sc_hd__fill_1 into sky130_fd_sc_hd__fill_1.ext:
Extracting sky130_fd_sc_hd__decap_4 into sky130_fd_sc_hd__decap_4.ext:
Extracting sky130_fd_sc_hd__decap_6 into sky130_fd_sc_hd__decap_6.ext:
Extracting sky130_ef_sc_hd__decap_12 into sky130_ef_sc_hd__decap_12.ext:
Extracting sky130_fd_sc_hd__decap_8 into sky130_fd_sc_hd__decap_8.ext:
Extracting sky130_fd_sc_hd__tapvpwrvgnd_1 into sky130_fd_sc_hd__tapvpwrvgnd_1.ext:
Extracting sky130_fd_sc_hd__fill_2 into sky130_fd_sc_hd__fill_2.ext:
Extracting sky130_fd_sc_hd__and2_2 into sky130_fd_sc_hd__and2_2.ext:
Extracting sky130_fd_sc_hd__buf_12 into sky130_fd_sc_hd__buf_12.ext:
Extracting sky130_fd_sc_hd__dfxtp_4 into sky130_fd_sc_hd__dfxtp_4.ext:
Extracting sky130_fd_sc_hd__nand4_4 into sky130_fd_sc_hd__nand4_4.ext:
Extracting sky130_fd_sc_hd__nand2_1 into sky130_fd_sc_hd__nand2_1.ext:
Extracting sky130_fd_sc_hd__dfxtp_2 into sky130_fd_sc_hd__dfxtp_2.ext:
Extracting sky130_fd_sc_hd__inv_6 into sky130_fd_sc_hd__inv_6.ext:
Extracting sky130_fd_sc_hd__dlygate4sd1_1 into sky130_fd_sc_hd__dlygate4sd1_1.ext:
Extracting sky130_fd_sc_hd__o21ai_1 into sky130_fd_sc_hd__o21ai_1.ext:
Extracting sky130_fd_sc_hd__and3_1 into sky130_fd_sc_hd__and3_1.ext:
Extracting sky130_fd_sc_hd__inv_4 into sky130_fd_sc_hd__inv_4.ext:
Extracting sky130_fd_sc_hd__a21o_1 into sky130_fd_sc_hd__a21o_1.ext:
Extracting sky130_fd_sc_hd__nand4_1 into sky130_fd_sc_hd__nand4_1.ext:
Extracting sky130_fd_sc_hd__buf_2 into sky130_fd_sc_hd__buf_2.ext:
Extracting sky130_fd_sc_hd__nand2_4 into sky130_fd_sc_hd__nand2_4.ext:
Extracting sky130_fd_sc_hd__nand2_2 into sky130_fd_sc_hd__nand2_2.ext:
Extracting sky130_fd_sc_hd__o2111ai_4 into sky130_fd_sc_hd__o2111ai_4.ext:
Extracting sky130_fd_sc_hd__a22oi_4 into sky130_fd_sc_hd__a22oi_4.ext:
Extracting sky130_fd_sc_hd__dlymetal6s2s_1 into sky130_fd_sc_hd__dlymetal6s2s_1.ext:
Extracting sky130_fd_sc_hd__o21a_1 into sky130_fd_sc_hd__o21a_1.ext:
Extracting sky130_fd_sc_hd__nand3_2 into sky130_fd_sc_hd__nand3_2.ext:
Extracting sky130_fd_sc_hd__buf_6 into sky130_fd_sc_hd__buf_6.ext:
Extracting sky130_fd_sc_hd__clkbuf_8 into sky130_fd_sc_hd__clkbuf_8.ext:
Extracting sky130_fd_sc_hd__o2bb2ai_1 into sky130_fd_sc_hd__o2bb2ai_1.ext:
Extracting sky130_fd_sc_hd__inv_8 into sky130_fd_sc_hd__inv_8.ext:
Extracting sky130_fd_sc_hd__clkinv_8 into sky130_fd_sc_hd__clkinv_8.ext:
Extracting sky130_fd_sc_hd__o2bb2ai_4 into sky130_fd_sc_hd__o2bb2ai_4.ext:
Extracting sky130_fd_sc_hd__o211ai_4 into sky130_fd_sc_hd__o211ai_4.ext:
Extracting sky130_fd_sc_hd__a22o_1 into sky130_fd_sc_hd__a22o_1.ext:
Extracting sky130_fd_sc_hd__nand3_1 into sky130_fd_sc_hd__nand3_1.ext:
Extracting sky130_fd_sc_hd__or2_1 into sky130_fd_sc_hd__or2_1.ext:
Extracting sky130_fd_sc_hd__buf_8 into sky130_fd_sc_hd__buf_8.ext:
Extracting sky130_fd_sc_hd__or3_1 into sky130_fd_sc_hd__or3_1.ext:
Extracting sky130_fd_sc_hd__inv_16 into sky130_fd_sc_hd__inv_16.ext:
Extracting sky130_fd_sc_hd__o22a_1 into sky130_fd_sc_hd__o22a_1.ext:
Extracting sky130_fd_sc_hd__o2bb2ai_2 into sky130_fd_sc_hd__o2bb2ai_2.ext:
Extracting sky130_fd_sc_hd__o211a_1 into sky130_fd_sc_hd__o211a_1.ext:
Extracting sky130_fd_sc_hd__a41o_1 into sky130_fd_sc_hd__a41o_1.ext:
Extracting sky130_fd_sc_hd__nand4_2 into sky130_fd_sc_hd__nand4_2.ext:
Extracting sky130_fd_sc_hd__o211ai_2 into sky130_fd_sc_hd__o211ai_2.ext:
Extracting sky130_fd_sc_hd__o311a_1 into sky130_fd_sc_hd__o311a_1.ext:
Extracting sky130_fd_sc_hd__inv_2 into sky130_fd_sc_hd__inv_2.ext:
Extracting sky130_fd_sc_hd__and4b_1 into sky130_fd_sc_hd__and4b_1.ext:
Extracting sky130_fd_sc_hd__dfxtp_1 into sky130_fd_sc_hd__dfxtp_1.ext:
Extracting sky130_fd_sc_hd__o221ai_4 into sky130_fd_sc_hd__o221ai_4.ext:
Extracting sky130_fd_sc_hd__o211ai_1 into sky130_fd_sc_hd__o211ai_1.ext:
Extracting sky130_fd_sc_hd__a22oi_2 into sky130_fd_sc_hd__a22oi_2.ext:
Extracting sky130_fd_sc_hd__o21ai_2 into sky130_fd_sc_hd__o21ai_2.ext:
Extracting sky130_fd_sc_hd__a2bb2oi_1 into sky130_fd_sc_hd__a2bb2oi_1.ext:
Extracting sky130_fd_sc_hd__a21oi_1 into sky130_fd_sc_hd__a21oi_1.ext:
Extracting sky130_fd_sc_hd__and2b_1 into sky130_fd_sc_hd__and2b_1.ext:
Extracting sky130_fd_sc_hd__buf_1 into sky130_fd_sc_hd__buf_1.ext:
Extracting sky130_fd_sc_hd__a31oi_2 into sky130_fd_sc_hd__a31oi_2.ext:
Extracting sky130_fd_sc_hd__and4bb_1 into sky130_fd_sc_hd__and4bb_1.ext:
Extracting sky130_fd_sc_hd__inv_12 into sky130_fd_sc_hd__inv_12.ext:
Extracting sky130_fd_sc_hd__o22ai_1 into sky130_fd_sc_hd__o22ai_1.ext:
Extracting sky130_fd_sc_hd__nand3b_4 into sky130_fd_sc_hd__nand3b_4.ext:
Extracting sky130_fd_sc_hd__a21oi_2 into sky130_fd_sc_hd__a21oi_2.ext:
Extracting sky130_fd_sc_hd__o22ai_2 into sky130_fd_sc_hd__o22ai_2.ext:
Extracting sky130_fd_sc_hd__and4_1 into sky130_fd_sc_hd__and4_1.ext:
Extracting sky130_fd_sc_hd__o21ai_4 into sky130_fd_sc_hd__o21ai_4.ext:
Extracting sky130_fd_sc_hd__o2111ai_2 into sky130_fd_sc_hd__o2111ai_2.ext:
Extracting sky130_fd_sc_hd__a21boi_1 into sky130_fd_sc_hd__a21boi_1.ext:
Extracting sky130_fd_sc_hd__nor2_1 into sky130_fd_sc_hd__nor2_1.ext:
Extracting sky130_fd_sc_hd__a2bb2o_1 into sky130_fd_sc_hd__a2bb2o_1.ext:
Extracting sky130_fd_sc_hd__o31a_1 into sky130_fd_sc_hd__o31a_1.ext:
Extracting sky130_fd_sc_hd__nor4_1 into sky130_fd_sc_hd__nor4_1.ext:
Extracting sky130_fd_sc_hd__o21ba_1 into sky130_fd_sc_hd__o21ba_1.ext:
Extracting sky130_fd_sc_hd__a211oi_1 into sky130_fd_sc_hd__a211oi_1.ext:
Extracting sky130_fd_sc_hd__nor3b_1 into sky130_fd_sc_hd__nor3b_1.ext:
Extracting sky130_fd_sc_hd__a21bo_1 into sky130_fd_sc_hd__a21bo_1.ext:
Extracting sky130_fd_sc_hd__a311oi_1 into sky130_fd_sc_hd__a311oi_1.ext:
Extracting sky130_fd_sc_hd__o2bb2a_1 into sky130_fd_sc_hd__o2bb2a_1.ext:
Extracting sky130_fd_sc_hd__xnor2_1 into sky130_fd_sc_hd__xnor2_1.ext:
Extracting sky130_fd_sc_hd__o31ai_2 into sky130_fd_sc_hd__o31ai_2.ext:
Extracting sky130_fd_sc_hd__a2bb2o_2 into sky130_fd_sc_hd__a2bb2o_2.ext:
Extracting sky130_fd_sc_hd__dlymetal6s4s_1 into sky130_fd_sc_hd__dlymetal6s4s_1.ext:
Extracting sky130_fd_sc_hd__clkbuf_2 into sky130_fd_sc_hd__clkbuf_2.ext:
Extracting sky130_fd_sc_hd__o31ai_1 into sky130_fd_sc_hd__o31ai_1.ext:
Extracting sky130_fd_sc_hd__a31o_1 into sky130_fd_sc_hd__a31o_1.ext:
Extracting sky130_fd_sc_hd__nor2_4 into sky130_fd_sc_hd__nor2_4.ext:
Extracting sky130_fd_sc_hd__a32oi_4 into sky130_fd_sc_hd__a32oi_4.ext:
Extracting sky130_fd_sc_hd__a41oi_1 into sky130_fd_sc_hd__a41oi_1.ext:
Extracting sky130_fd_sc_hd__a211o_1 into sky130_fd_sc_hd__a211o_1.ext:
Extracting sky130_fd_sc_hd__o21bai_1 into sky130_fd_sc_hd__o21bai_1.ext:
Extracting sky130_fd_sc_hd__nand3b_2 into sky130_fd_sc_hd__nand3b_2.ext:
Extracting sky130_fd_sc_hd__nand3_4 into sky130_fd_sc_hd__nand3_4.ext:
Extracting sky130_fd_sc_hd__a22oi_1 into sky130_fd_sc_hd__a22oi_1.ext:
Extracting sky130_fd_sc_hd__o221ai_2 into sky130_fd_sc_hd__o221ai_2.ext:
Extracting sky130_fd_sc_hd__nor3_2 into sky130_fd_sc_hd__nor3_2.ext:
Extracting sky130_fd_sc_hd__and3b_1 into sky130_fd_sc_hd__and3b_1.ext:
Extracting sky130_fd_sc_hd__a221oi_1 into sky130_fd_sc_hd__a221oi_1.ext:
Extracting sky130_fd_sc_hd__dlygate4sd3_1 into sky130_fd_sc_hd__dlygate4sd3_1.ext:
Extracting sky130_fd_sc_hd__and3_4 into sky130_fd_sc_hd__and3_4.ext:
Extracting sky130_fd_sc_hd__a22o_2 into sky130_fd_sc_hd__a22o_2.ext:
Extracting sky130_fd_sc_hd__a221o_1 into sky130_fd_sc_hd__a221o_1.ext:
Extracting sky130_fd_sc_hd__a21oi_4 into sky130_fd_sc_hd__a21oi_4.ext:
Extracting sky130_fd_sc_hd__bufinv_16 into sky130_fd_sc_hd__bufinv_16.ext:
Extracting sky130_fd_sc_hd__o2111ai_1 into sky130_fd_sc_hd__o2111ai_1.ext:
Extracting sky130_fd_sc_hd__a32o_1 into sky130_fd_sc_hd__a32o_1.ext:
Extracting sky130_fd_sc_hd__buf_4 into sky130_fd_sc_hd__buf_4.ext:
Extracting sky130_fd_sc_hd__and4_4 into sky130_fd_sc_hd__and4_4.ext:
Extracting sky130_fd_sc_hd__a21boi_2 into sky130_fd_sc_hd__a21boi_2.ext:
Extracting sky130_fd_sc_hd__nand2_8 into sky130_fd_sc_hd__nand2_8.ext:
Extracting sky130_fd_sc_hd__o22ai_4 into sky130_fd_sc_hd__o22ai_4.ext:
Extracting sky130_fd_sc_hd__a32o_2 into sky130_fd_sc_hd__a32o_2.ext:
Extracting sky130_fd_sc_hd__o221ai_1 into sky130_fd_sc_hd__o221ai_1.ext:
Extracting sky130_fd_sc_hd__o311ai_1 into sky130_fd_sc_hd__o311ai_1.ext:
Extracting sky130_fd_sc_hd__nor3_1 into sky130_fd_sc_hd__nor3_1.ext:
Extracting sky130_fd_sc_hd__nand3b_1 into sky130_fd_sc_hd__nand3b_1.ext:
Extracting sky130_fd_sc_hd__o221a_4 into sky130_fd_sc_hd__o221a_4.ext:
Extracting sky130_fd_sc_hd__a21o_4 into sky130_fd_sc_hd__a21o_4.ext:
Extracting sky130_fd_sc_hd__a2bb2oi_2 into sky130_fd_sc_hd__a2bb2oi_2.ext:
Extracting sky130_fd_sc_hd__and4_2 into sky130_fd_sc_hd__and4_2.ext:
Extracting sky130_fd_sc_hd__a31oi_4 into sky130_fd_sc_hd__a31oi_4.ext:
Extracting sky130_fd_sc_hd__diode_2 into sky130_fd_sc_hd__diode_2.ext:
Extracting sky130_fd_sc_hd__a32oi_2 into sky130_fd_sc_hd__a32oi_2.ext:
Extracting sky130_fd_sc_hd__nand2b_1 into sky130_fd_sc_hd__nand2b_1.ext:
Extracting sky130_fd_sc_hd__o2111a_1 into sky130_fd_sc_hd__o2111a_1.ext:
Extracting sky130_fd_sc_hd__a31oi_1 into sky130_fd_sc_hd__a31oi_1.ext:
Extracting sky130_fd_sc_hd__a21boi_4 into sky130_fd_sc_hd__a21boi_4.ext:
Extracting sky130_fd_sc_hd__and2_4 into sky130_fd_sc_hd__and2_4.ext:
Extracting sky130_fd_sc_hd__a21bo_2 into sky130_fd_sc_hd__a21bo_2.ext:
Extracting sky130_fd_sc_hd__o221a_1 into sky130_fd_sc_hd__o221a_1.ext:
Extracting sky130_fd_sc_hd__nor2_2 into sky130_fd_sc_hd__nor2_2.ext:
Extracting sky130_fd_sc_hd__o32a_1 into sky130_fd_sc_hd__o32a_1.ext:
Extracting sky130_fd_sc_hd__a32oi_1 into sky130_fd_sc_hd__a32oi_1.ext:
Extracting sky130_fd_sc_hd__clkinv_4 into sky130_fd_sc_hd__clkinv_4.ext:
Extracting sky130_fd_sc_hd__or4b_1 into sky130_fd_sc_hd__or4b_1.ext:
Extracting sky130_fd_sc_hd__clkbuf_4 into sky130_fd_sc_hd__clkbuf_4.ext:
Extracting sky130_fd_sc_hd__a2bb2oi_4 into sky130_fd_sc_hd__a2bb2oi_4.ext:
Extracting sky130_fd_sc_hd__o32ai_2 into sky130_fd_sc_hd__o32ai_2.ext:
Extracting sky130_fd_sc_hd__clkbuf_16 into sky130_fd_sc_hd__clkbuf_16.ext:
Extracting sky130_fd_sc_hd__clkinv_2 into sky130_fd_sc_hd__clkinv_2.ext:
Extracting sky130_fd_sc_hd__o21a_4 into sky130_fd_sc_hd__o21a_4.ext:
Extracting sky130_fd_sc_hd__o21bai_4 into sky130_fd_sc_hd__o21bai_4.ext:
Extracting sky130_fd_sc_hd__xor2_1 into sky130_fd_sc_hd__xor2_1.ext:
Extracting sky130_fd_sc_hd__a2bb2o_4 into sky130_fd_sc_hd__a2bb2o_4.ext:
Extracting sky130_fd_sc_hd__o2111a_2 into sky130_fd_sc_hd__o2111a_2.ext:
Extracting sky130_fd_sc_hd__xnor2_2 into sky130_fd_sc_hd__xnor2_2.ext:
Extracting sky130_fd_sc_hd__o22a_2 into sky130_fd_sc_hd__o22a_2.ext:
Extracting sky130_fd_sc_hd__a22o_4 into sky130_fd_sc_hd__a22o_4.ext:
Extracting sky130_fd_sc_hd__a211o_4 into sky130_fd_sc_hd__a211o_4.ext:
Extracting sky130_fd_sc_hd__a31o_2 into sky130_fd_sc_hd__a31o_2.ext:
Extracting sky130_fd_sc_hd__or3b_4 into sky130_fd_sc_hd__or3b_4.ext:
Extracting sky130_fd_sc_hd__or4_1 into sky130_fd_sc_hd__or4_1.ext:
Extracting sky130_fd_sc_hd__o21bai_2 into sky130_fd_sc_hd__o21bai_2.ext:
Extracting sky130_fd_sc_hd__and3_2 into sky130_fd_sc_hd__and3_2.ext:
Extracting sky130_fd_sc_hd__nand4b_1 into sky130_fd_sc_hd__nand4b_1.ext:
Extracting sky130_fd_sc_hd__o211a_4 into sky130_fd_sc_hd__o211a_4.ext:
Extracting sky130_fd_sc_hd__o2bb2a_2 into sky130_fd_sc_hd__o2bb2a_2.ext:
Extracting sky130_fd_sc_hd__clkinvlp_4 into sky130_fd_sc_hd__clkinvlp_4.ext:
Extracting sky130_fd_sc_hd__o31a_2 into sky130_fd_sc_hd__o31a_2.ext:
Extracting sky130_fd_sc_hd__a211oi_2 into sky130_fd_sc_hd__a211oi_2.ext:
Extracting sky130_fd_sc_hd__o41a_1 into sky130_fd_sc_hd__o41a_1.ext:
Extracting sky130_fd_sc_hd__o2bb2a_4 into sky130_fd_sc_hd__o2bb2a_4.ext:
Extracting sky130_fd_sc_hd__a311o_1 into sky130_fd_sc_hd__a311o_1.ext:
Extracting sky130_fd_sc_hd__nand4b_2 into sky130_fd_sc_hd__nand4b_2.ext:
Extracting sky130_fd_sc_hd__a311oi_2 into sky130_fd_sc_hd__a311oi_2.ext:
Extracting sky130_fd_sc_hd__or3_4 into sky130_fd_sc_hd__or3_4.ext:
Extracting sky130_fd_sc_hd__or3b_1 into sky130_fd_sc_hd__or3b_1.ext:
Extracting sky130_fd_sc_hd__clkinv_16 into sky130_fd_sc_hd__clkinv_16.ext:
Extracting sky130_fd_sc_hd__nor2_8 into sky130_fd_sc_hd__nor2_8.ext:
Extracting sky130_fd_sc_hd__a2111oi_1 into sky130_fd_sc_hd__a2111oi_1.ext:
Extracting sky130_fd_sc_hd__xor2_2 into sky130_fd_sc_hd__xor2_2.ext:
Extracting sky130_fd_sc_hd__a41oi_4 into sky130_fd_sc_hd__a41oi_4.ext:
Extracting sky130_fd_sc_hd__nor4b_4 into sky130_fd_sc_hd__nor4b_4.ext:
Extracting sky130_fd_sc_hd__or4bb_1 into sky130_fd_sc_hd__or4bb_1.ext:
Extracting sky130_fd_sc_hd__or2_4 into sky130_fd_sc_hd__or2_4.ext:
Extracting sky130_fd_sc_hd__a31o_4 into sky130_fd_sc_hd__a31o_4.ext:
Extracting sky130_fd_sc_hd__or4bb_4 into sky130_fd_sc_hd__or4bb_4.ext:
Extracting sky130_fd_sc_hd__o211a_2 into sky130_fd_sc_hd__o211a_2.ext:
Extracting sky130_fd_sc_hd__o21a_2 into sky130_fd_sc_hd__o21a_2.ext:
Extracting sky130_fd_sc_hd__a221oi_2 into sky130_fd_sc_hd__a221oi_2.ext:
Extracting sky130_fd_sc_hd__or2_2 into sky130_fd_sc_hd__or2_2.ext:
Extracting sky130_fd_sc_hd__a41oi_2 into sky130_fd_sc_hd__a41oi_2.ext:
Extracting sky130_fd_sc_hd__o32a_4 into sky130_fd_sc_hd__o32a_4.ext:
Extracting sky130_fd_sc_hd__or3b_2 into sky130_fd_sc_hd__or3b_2.ext:
Extracting sky130_fd_sc_hd__a21o_2 into sky130_fd_sc_hd__a21o_2.ext:
Extracting sky130_fd_sc_hd__a21bo_4 into sky130_fd_sc_hd__a21bo_4.ext:
Extracting sky130_fd_sc_hd__o32a_2 into sky130_fd_sc_hd__o32a_2.ext:
Extracting sky130_fd_sc_hd__nor4b_1 into sky130_fd_sc_hd__nor4b_1.ext:
Extracting sky130_fd_sc_hd__or4b_2 into sky130_fd_sc_hd__or4b_2.ext:
Extracting sky130_fd_sc_hd__mux2_1 into sky130_fd_sc_hd__mux2_1.ext:
Extracting sky130_fd_sc_hd__o311a_4 into sky130_fd_sc_hd__o311a_4.ext:
Extracting sky130_fd_sc_hd__a2111oi_4 into sky130_fd_sc_hd__a2111oi_4.ext:
Extracting sky130_fd_sc_hd__or4_2 into sky130_fd_sc_hd__or4_2.ext:
Extracting sky130_fd_sc_hd__nand4b_4 into sky130_fd_sc_hd__nand4b_4.ext:
Extracting sky130_fd_sc_hd__o32ai_1 into sky130_fd_sc_hd__o32ai_1.ext:
Extracting sky130_fd_sc_hd__and4b_2 into sky130_fd_sc_hd__and4b_2.ext:
Extracting sky130_fd_sc_hd__nor4_2 into sky130_fd_sc_hd__nor4_2.ext:
Extracting sky130_fd_sc_hd__a211oi_4 into sky130_fd_sc_hd__a211oi_4.ext:
Extracting sky130_fd_sc_hd__o311ai_2 into sky130_fd_sc_hd__o311ai_2.ext:
Extracting sky130_fd_sc_hd__o31ai_4 into sky130_fd_sc_hd__o31ai_4.ext:
Extracting sky130_fd_sc_hd__a2111o_1 into sky130_fd_sc_hd__a2111o_1.ext:
Extracting pipelined_mult into pipelined_mult.ext:
exttospice finished.
Using technology "sky130A", version 1.0.493-0-g0fe599b
