Clock: clk
Sources: clk 
Generated: no
Virtual: yes
Propagated: no
Period: 10.000000

===========================================================================
report_clock_properties
============================================================================
Clock                   Period          Waveform
----------------------------------------------------
clk                  10.000000    0.000000  5.000000

===========================================================================
report_clock_latency
============================================================================
Clock clk
rise -> rise
    min     max
0.000000 0.000000 source latency
0.725624         network latency _20799_/CLK
        0.987776 network latency _20360_/CLK
---------------
0.725624 0.987776 latency
        0.262152 skew

fall -> fall
    min     max
0.000000 0.000000 source latency
0.594559         network latency _20799_/CLK
        0.827061 network latency _20360_/CLK
---------------
0.594559 0.827061 latency
        0.232502 skew



===========================================================================
report_clock_min_period
============================================================================
clk period_min = 5.42 fmax = 184.66
