Clock: clk
Sources: clk 
Generated: no
Virtual: yes
Propagated: no
Period: 10.000000

===========================================================================
report_clock_properties
============================================================================
Clock                   Period          Waveform
----------------------------------------------------
clk                  10.000000    0.000000  5.000000

===========================================================================
report_clock_latency
============================================================================
Clock clk
rise -> rise
    min     max
0.000000 0.000000 source latency
0.484372         network latency _20687_/CLK
        0.695138 network latency _20743_/CLK
---------------
0.484372 0.695138 latency
        0.210766 skew

fall -> fall
    min     max
0.000000 0.000000 source latency
0.447799         network latency _20687_/CLK
        0.643619 network latency _20743_/CLK
---------------
0.447799 0.643619 latency
        0.195820 skew



===========================================================================
report_clock_min_period
============================================================================
clk period_min = 6.23 fmax = 160.58
