Clock: clk
Sources: clk 
Generated: no
Virtual: yes
Propagated: no
Period: 10.000000

===========================================================================
report_clock_properties
============================================================================
Clock                   Period          Waveform
----------------------------------------------------
clk                  10.000000    0.000000  5.000000

===========================================================================
report_clock_latency
============================================================================
Clock clk
rise -> rise
    min     max
0.000000 0.000000 source latency
0.451942         network latency _20687_/CLK
        0.613857 network latency _20394_/CLK
---------------
0.451942 0.613857 latency
        0.161915 skew

fall -> fall
    min     max
0.000000 0.000000 source latency
0.391145         network latency _20687_/CLK
        0.539046 network latency _20394_/CLK
---------------
0.391145 0.539046 latency
        0.147900 skew



===========================================================================
report_clock_min_period
============================================================================
clk period_min = 3.44 fmax = 290.46
