Clock: clk
Sources: clk 
Generated: no
Virtual: yes
Propagated: no
Period: 10.000000

===========================================================================
report_clock_properties
============================================================================
Clock                   Period          Waveform
----------------------------------------------------
clk                  10.000000    0.000000  5.000000

===========================================================================
report_clock_latency
============================================================================
Clock clk
rise -> rise
    min     max
0.000000 0.000000 source latency
1.204401         network latency i_add/clk
        2.042852 network latency _1017_/CLK
---------------
1.204401 2.042852 latency
        0.838451 skew

fall -> fall
    min     max
0.000000 0.000000 source latency
0.991667         network latency i_add/clk
        1.768091 network latency _1157_/CLK
---------------
0.991667 1.768091 latency
        0.776424 skew



===========================================================================
report_clock_min_period
============================================================================
clk period_min = 7.98 fmax = 125.24
