Clock: clk
Sources: clk 
Generated: no
Virtual: yes
Propagated: no
Period: 10.000000

===========================================================================
report_clock_properties
============================================================================
Clock                   Period          Waveform
----------------------------------------------------
clk                  10.000000    0.000000  5.000000

===========================================================================
report_clock_latency
============================================================================
Clock clk
rise -> rise
    min     max
0.000000 0.000000 source latency
0.482985         network latency _20687_/CLK
        0.693274 network latency _20743_/CLK
---------------
0.482985 0.693274 latency
        0.210289 skew

fall -> fall
    min     max
0.000000 0.000000 source latency
0.446873         network latency _20687_/CLK
        0.642233 network latency _20743_/CLK
---------------
0.446873 0.642233 latency
        0.195360 skew



===========================================================================
report_clock_min_period
============================================================================
clk period_min = 6.22 fmax = 160.68
