
===========================================================================
report_checks -unconstrained
===========================================================================
======================= nom_tt_025C_1v80 Corner ===================================

Startpoint: _20784_ (rising edge-triggered flip-flop clocked by clk)
Endpoint: _20728_ (rising edge-triggered flip-flop clocked by clk)
Path Group: clk
Path Type: max

Fanout         Cap        Slew       Delay        Time   Description
---------------------------------------------------------------------------------------------
                                  0.000000    0.000000   clock clk (rise edge)
                                  0.000000    0.000000   clock source latency
     2    0.087565    0.243055    0.176193    0.176193 ^ clk (in)
                                                         clk (net)
                      0.243194    0.000000    0.176193 ^ clkbuf_0_clk/A (sky130_fd_sc_hd__clkbuf_16)
     8    0.185574    0.197351    0.307728    0.483922 ^ clkbuf_0_clk/X (sky130_fd_sc_hd__clkbuf_16)
                                                         clknet_0_clk (net)
                      0.197714    0.006067    0.489988 ^ clkbuf_3_3_0_clk/A (sky130_fd_sc_hd__clkbuf_8)
     9    0.103853    0.184384    0.281126    0.771115 ^ clkbuf_3_3_0_clk/X (sky130_fd_sc_hd__clkbuf_8)
                                                         clknet_3_3_0_clk (net)
                      0.184929    0.008153    0.779267 ^ clkbuf_leaf_17_clk/A (sky130_fd_sc_hd__clkbuf_8)
    25    0.074929    0.136472    0.246907    1.026174 ^ clkbuf_leaf_17_clk/X (sky130_fd_sc_hd__clkbuf_8)
                                                         clknet_leaf_17_clk (net)
                      0.136488    0.001520    1.027693 ^ _20784_/CLK (sky130_fd_sc_hd__dfxtp_4)
     6    0.059617    0.174917    0.470680    1.498373 ^ _20784_/Q (sky130_fd_sc_hd__dfxtp_4)
                                                         a_l[6] (net)
                      0.175804    0.009434    1.507807 ^ wire615/A (sky130_fd_sc_hd__buf_12)
     8    0.073675    0.094538    0.175776    1.683583 ^ wire615/X (sky130_fd_sc_hd__buf_12)
                                                         net615 (net)
                      0.094954    0.004986    1.688569 ^ max_cap614/A (sky130_fd_sc_hd__buf_8)
    12    0.079779    0.134029    0.178815    1.867384 ^ max_cap614/X (sky130_fd_sc_hd__buf_8)
                                                         net614 (net)
                      0.134509    0.006485    1.873869 ^ max_cap612/A (sky130_fd_sc_hd__buf_12)
    15    0.107778    0.131294    0.187723    2.061592 ^ max_cap612/X (sky130_fd_sc_hd__buf_12)
                                                         net612 (net)
                      0.133343    0.013042    2.074634 ^ _10188_/A (sky130_fd_sc_hd__inv_8)
    18    0.198345    0.131988    0.133126    2.207760 v _10188_/Y (sky130_fd_sc_hd__inv_8)
                                                         _09231_ (net)
                      0.138155    0.022397    2.230157 v _15657_/A1 (sky130_fd_sc_hd__o21a_1)
     4    0.021396    0.118490    0.293727    2.523885 v _15657_/X (sky130_fd_sc_hd__o21a_1)
                                                         _06538_ (net)
                      0.118496    0.000904    2.524789 v _15701_/D1 (sky130_fd_sc_hd__a2111oi_4)
     3    0.018595    0.408743    0.342186    2.866975 ^ _15701_/Y (sky130_fd_sc_hd__a2111oi_4)
                                                         _06581_ (net)
                      0.408744    0.000541    2.867516 ^ _15704_/A (sky130_fd_sc_hd__nor2_4)
     4    0.020728    0.093478    0.108050    2.975566 v _15704_/Y (sky130_fd_sc_hd__nor2_4)
                                                         _06584_ (net)
                      0.093482    0.000700    2.976266 v _15750_/B1 (sky130_fd_sc_hd__a31oi_4)
     4    0.018400    0.205650    0.219201    3.195467 ^ _15750_/Y (sky130_fd_sc_hd__a31oi_4)
                                                         _06630_ (net)
                      0.205650    0.000402    3.195869 ^ _15752_/A (sky130_fd_sc_hd__nand2_1)
     2    0.014919    0.128605    0.157939    3.353807 v _15752_/Y (sky130_fd_sc_hd__nand2_1)
                                                         _06632_ (net)
                      0.128651    0.000683    3.354490 v _15773_/A2 (sky130_fd_sc_hd__a31oi_2)
     2    0.009722    0.193375    0.244949    3.599439 ^ _15773_/Y (sky130_fd_sc_hd__a31oi_2)
                                                         _06652_ (net)
                      0.193375    0.000212    3.599651 ^ _15850_/A2 (sky130_fd_sc_hd__o211ai_2)
     2    0.018413    0.141326    0.161459    3.761110 v _15850_/Y (sky130_fd_sc_hd__o211ai_2)
                                                         _06729_ (net)
                      0.141326    0.000248    3.761358 v max_cap179/A (sky130_fd_sc_hd__buf_6)
     5    0.027123    0.038720    0.175033    3.936391 v max_cap179/X (sky130_fd_sc_hd__buf_6)
                                                         net179 (net)
                      0.038760    0.000770    3.937161 v _15851_/B (sky130_fd_sc_hd__nand2_1)
     3    0.013306    0.132813    0.123080    4.060241 ^ _15851_/Y (sky130_fd_sc_hd__nand2_1)
                                                         _06730_ (net)
                      0.132813    0.000302    4.060543 ^ _15855_/C1 (sky130_fd_sc_hd__o211ai_2)
     2    0.011573    0.102753    0.127740    4.188283 v _15855_/Y (sky130_fd_sc_hd__o211ai_2)
                                                         _06734_ (net)
                      0.102753    0.000350    4.188634 v _15859_/A1_N (sky130_fd_sc_hd__o2bb2ai_4)
     2    0.012794    0.064691    0.169873    4.358507 v _15859_/Y (sky130_fd_sc_hd__o2bb2ai_4)
                                                         _06738_ (net)
                      0.064691    0.000300    4.358807 v _15968_/B1 (sky130_fd_sc_hd__o22ai_4)
     4    0.033969    0.306561    0.260027    4.618834 ^ _15968_/Y (sky130_fd_sc_hd__o22ai_4)
                                                         _06845_ (net)
                      0.306575    0.001602    4.620436 ^ _16185_/A1_N (sky130_fd_sc_hd__o2bb2ai_4)
     5    0.027114    0.213882    0.203580    4.824016 ^ _16185_/Y (sky130_fd_sc_hd__o2bb2ai_4)
                                                         _07060_ (net)
                      0.213908    0.001860    4.825876 ^ _16565_/A (sky130_fd_sc_hd__nand2_4)
     2    0.027210    0.092304    0.113358    4.939234 v _16565_/Y (sky130_fd_sc_hd__nand2_4)
                                                         _07438_ (net)
                      0.092320    0.000959    4.940192 v _16716_/B2 (sky130_fd_sc_hd__a22oi_4)
     3    0.030882    0.279994    0.278217    5.218410 ^ _16716_/Y (sky130_fd_sc_hd__a22oi_4)
                                                         _07587_ (net)
                      0.280033    0.002534    5.220944 ^ _17761_/A1 (sky130_fd_sc_hd__a21oi_4)
     3    0.022352    0.098472    0.128041    5.348985 v _17761_/Y (sky130_fd_sc_hd__a21oi_4)
                                                         _08624_ (net)
                      0.098540    0.001272    5.350257 v _17917_/A1 (sky130_fd_sc_hd__o21bai_4)
     2    0.022621    0.189827    0.225405    5.575662 ^ _17917_/Y (sky130_fd_sc_hd__o21bai_4)
                                                         _08776_ (net)
                      0.189829    0.000953    5.576616 ^ _17951_/A1 (sky130_fd_sc_hd__a211oi_2)
     1    0.004877    0.071020    0.099783    5.676399 v _17951_/Y (sky130_fd_sc_hd__a211oi_2)
                                                         _08808_ (net)
                      0.071020    0.000146    5.676544 v _17954_/B (sky130_fd_sc_hd__nor3_2)
     1    0.014155    0.277041    0.275080    5.951624 ^ _17954_/Y (sky130_fd_sc_hd__nor3_2)
                                                         _00368_ (net)
                      0.277047    0.001009    5.952633 ^ _20728_/D (sky130_fd_sc_hd__dfxtp_1)
                                              5.952633   data arrival time

                                 10.000000   10.000000   clock clk (rise edge)
                                  0.000000   10.000000   clock source latency
     2    0.087565    0.243055    0.176193   10.176193 ^ clk (in)
                                                         clk (net)
                      0.243194    0.000000   10.176193 ^ clkbuf_0_clk/A (sky130_fd_sc_hd__clkbuf_16)
     8    0.185574    0.197351    0.307728   10.483922 ^ clkbuf_0_clk/X (sky130_fd_sc_hd__clkbuf_16)
                                                         clknet_0_clk (net)
                      0.197714    0.006067   10.489988 ^ clkbuf_3_3_0_clk/A (sky130_fd_sc_hd__clkbuf_8)
     9    0.103853    0.184384    0.281126   10.771115 ^ clkbuf_3_3_0_clk/X (sky130_fd_sc_hd__clkbuf_8)
                                                         clknet_3_3_0_clk (net)
                      0.185057    0.009028   10.780144 ^ clkbuf_leaf_18_clk/A (sky130_fd_sc_hd__clkbuf_8)
    11    0.059356    0.113098    0.227908   11.008052 ^ clkbuf_leaf_18_clk/X (sky130_fd_sc_hd__clkbuf_8)
                                                         clknet_leaf_18_clk (net)
                      0.113122    0.001628   11.009680 ^ _20728_/CLK (sky130_fd_sc_hd__dfxtp_1)
                                 -0.200000   10.809680   clock uncertainty
                                  0.000000   10.809680   clock reconvergence pessimism
                                 -0.097114   10.712566   library setup time
                                             10.712566   data required time
---------------------------------------------------------------------------------------------
                                             10.712566   data required time
                                             -5.952633   data arrival time
---------------------------------------------------------------------------------------------
                                              4.759933   slack (MET)




===========================================================================
report_checks --slack_max -0.01
============================================================================
======================= nom_tt_025C_1v80 Corner ===================================

No paths found.


===========================================================================
 report_check_types -max_slew -max_cap -max_fanout -violators
============================================================================
======================= nom_tt_025C_1v80 Corner ===================================



===========================================================================
report_parasitic_annotation -report_unannotated
============================================================================
Found 53 unannotated drivers.
 clkload0/Y
 clkload1/Y
 clkload10/X
 clkload11/X
 clkload12/X
 clkload13/X
 clkload14/Y
 clkload15/Y
 clkload16/Y
 clkload17/Y
 clkload18/Y
 clkload19/Y
 clkload2/X
 clkload20/Y
 clkload21/X
 clkload22/X
 clkload23/Y
 clkload24/X
 clkload25/Y
 clkload26/Y
 clkload27/Y
 clkload28/Y
 clkload29/Y
 clkload3/X
 clkload30/Y
 clkload31/Y
 clkload32/X
 clkload33/Y
 clkload34/Y
 clkload35/Y
 clkload36/Y
 clkload37/Y
 clkload38/X
 clkload39/X
 clkload4/X
 clkload40/Y
 clkload41/Y
 clkload42/Y
 clkload43/Y
 clkload44/Y
 clkload45/Y
 clkload46/Y
 clkload47/Y
 clkload48/Y
 clkload49/X
 clkload5/Y
 clkload50/X
 clkload51/Y
 clkload52/Y
 clkload6/Y
 clkload7/Y
 clkload8/Y
 clkload9/Y
Found 0 partially unannotated drivers.

===========================================================================
max slew violation count 0
max fanout violation count 0
max cap violation count 0
============================================================================

===========================================================================
check_setup -verbose -unconstrained_endpoints -multiple_clock -no_clock -no_input_delay -loops -generated_clocks
===========================================================================
