Clock: clk
Sources: clk 
Generated: no
Virtual: yes
Propagated: no
Period: 10.000000

===========================================================================
report_clock_properties
============================================================================
Clock                   Period          Waveform
----------------------------------------------------
clk                  10.000000    0.000000  5.000000

===========================================================================
report_clock_latency
============================================================================
Clock clk
rise -> rise
    min     max
0.000000 0.000000 source latency
0.619704         network latency _20687_/CLK
        0.846272 network latency _20394_/CLK
---------------
0.619704 0.846272 latency
        0.226568 skew

fall -> fall
    min     max
0.000000 0.000000 source latency
0.535883         network latency _20687_/CLK
        0.743421 network latency _20394_/CLK
---------------
0.535883 0.743421 latency
        0.207538 skew



===========================================================================
report_clock_min_period
============================================================================
clk period_min = 5.18 fmax = 192.91
