Clock: clk
Sources: clk 
Generated: no
Virtual: yes
Propagated: no
Period: 10.000000

===========================================================================
report_clock_properties
============================================================================
Clock                   Period          Waveform
----------------------------------------------------
clk                  10.000000    0.000000  5.000000

===========================================================================
report_clock_latency
============================================================================
Clock clk
rise -> rise
    min     max
0.000000 0.000000 source latency
2.369612         network latency _20809_/CLK
        2.517716 network latency _20388_/CLK
---------------
2.369612 2.517716 latency
        0.148104 skew

fall -> fall
    min     max
0.000000 0.000000 source latency
0.985481         network latency _20809_/CLK
        1.121189 network latency _20388_/CLK
---------------
0.985481 1.121189 latency
        0.135708 skew



===========================================================================
report_clock_min_period
============================================================================
clk period_min = 8.84 fmax = 113.15
