if {[file exists ~/openlane2/my_script/script_matt.tcl]} {
    source ~/openlane2/my_script/script_matt.tcl
}
Reading timing models for corner nom_tt_025C_1v80…
Reading timing library for the 'nom_tt_025C_1v80' corner at '/home/hien/.volare/volare/sky130/versions/0fe599b2afb6708d281543108caf8310912f54af/sky130A/libs.ref/sky130_fd_sc_hd/lib/sky130_fd_sc_hd__tt_025C_1v80.lib'…
Reading timing models for corner nom_ff_n40C_1v95…
Reading timing library for the 'nom_ff_n40C_1v95' corner at '/home/hien/.volare/volare/sky130/versions/0fe599b2afb6708d281543108caf8310912f54af/sky130A/libs.ref/sky130_fd_sc_hd/lib/sky130_fd_sc_hd__ff_n40C_1v95.lib'…
Reading timing models for corner nom_ss_100C_1v60…
Reading timing library for the 'nom_ss_100C_1v60' corner at '/home/hien/.volare/volare/sky130/versions/0fe599b2afb6708d281543108caf8310912f54af/sky130A/libs.ref/sky130_fd_sc_hd/lib/sky130_fd_sc_hd__ss_100C_1v60.lib'…
Reading OpenROAD database at '/home/hien/openlane2/designs/highspeed_pipelined_multiplier/runs/opti_4/27-openroad-globalplacement/pipelined_mult.odb'…
Reading design constraints file at '/home/hien/openlane2/designs/highspeed_pipelined_multiplier/src/pnr.sdc'…
[INFO] No information on clock propagation in input SDC file-- propagating all clocks.
[INFO] Setting RC values…
[INFO RSZ-0027] Inserted 65 input buffers.
[INFO RSZ-0028] Inserted 64 output buffers.
[INFO RSZ-0058] Using max wire length 6335um.
Iteration | Resized | Buffers | Nets repaired | Remaining
---------------------------------------------------------
        0 |       0 |       0 |             0 |     10825
      100 |      97 |       0 |            23 |     10725
      200 |     190 |       4 |            47 |     10625
      300 |     279 |       5 |            61 |     10525
      400 |     368 |       8 |            72 |     10425
      500 |     455 |      10 |            85 |     10325
      600 |     542 |      12 |            93 |     10225
      700 |     634 |      13 |            97 |     10125
      800 |     720 |      16 |           105 |     10025
      900 |     807 |      19 |           109 |      9925
     1000 |     879 |      20 |           111 |      9825
     1100 |     967 |      22 |           113 |      9725
     1200 |    1055 |      24 |           119 |      9625
     1300 |    1132 |      28 |           124 |      9525
     1400 |    1215 |      29 |           130 |      9425
     1500 |    1292 |      31 |           132 |      9325
     1600 |    1371 |      37 |           138 |      9225
     1700 |    1455 |      39 |           144 |      9125
     1800 |    1536 |      43 |           148 |      9025
     1900 |    1614 |      45 |           151 |      8925
     2000 |    1693 |      53 |           160 |      8825
     2100 |    1774 |      60 |           170 |      8725
     2200 |    1848 |      63 |           173 |      8625
     2300 |    1924 |      70 |           179 |      8525
     2400 |    2003 |      75 |           188 |      8425
     2500 |    2083 |      78 |           197 |      8325
     2600 |    2153 |      80 |           203 |      8225
     2700 |    2226 |      82 |           211 |      8125
     2800 |    2306 |      86 |           221 |      8025
     2900 |    2388 |      90 |           231 |      7925
     3000 |    2462 |      95 |           239 |      7825
     3100 |    2536 |      96 |           245 |      7725
     3200 |    2604 |      99 |           251 |      7625
     3300 |    2677 |     101 |           256 |      7525
     3400 |    2757 |     106 |           262 |      7425
     3500 |    2837 |     112 |           270 |      7325
     3600 |    2919 |     116 |           276 |      7225
     3700 |    3003 |     119 |           283 |      7125
     3800 |    3078 |     122 |           289 |      7025
     3900 |    3152 |     125 |           291 |      6925
     4000 |    3229 |     133 |           299 |      6825
     4100 |    3305 |     135 |           303 |      6725
     4200 |    3380 |     139 |           307 |      6625
     4300 |    3450 |     145 |           313 |      6525
     4400 |    3527 |     148 |           318 |      6425
     4500 |    3601 |     154 |           323 |      6325
     4600 |    3680 |     159 |           330 |      6225
     4700 |    3764 |     165 |           337 |      6125
     4800 |    3838 |     167 |           342 |      6025
     4900 |    3917 |     170 |           345 |      5925
     5000 |    3993 |     177 |           356 |      5825
     5100 |    4066 |     178 |           360 |      5725
     5200 |    4156 |     180 |           365 |      5625
     5300 |    4230 |     185 |           370 |      5525
     5400 |    4309 |     190 |           377 |      5425
     5500 |    4385 |     193 |           381 |      5325
     5600 |    4469 |     198 |           390 |      5225
     5700 |    4556 |     203 |           397 |      5125
     5800 |    4630 |     209 |           408 |      5025
     5900 |    4710 |     215 |           416 |      4925
     6000 |    4781 |     219 |           423 |      4825
     6100 |    4845 |     222 |           432 |      4725
     6200 |    4923 |     228 |           440 |      4625
     6300 |    5001 |     236 |           450 |      4525
     6400 |    5082 |     238 |           479 |      4425
     6500 |    5163 |     243 |           517 |      4325
     6600 |    5245 |     246 |           549 |      4225
     6700 |    5328 |     251 |           583 |      4125
     6800 |    5410 |     259 |           612 |      4025
     6900 |    5488 |     261 |           647 |      3925
     7000 |    5567 |     264 |           682 |      3825
     7100 |    5649 |     268 |           715 |      3725
     7200 |    5736 |     270 |           755 |      3625
     7300 |    5820 |     276 |           778 |      3525
     7400 |    5909 |     280 |           792 |      3425
     7500 |    5991 |     284 |           814 |      3325
     7600 |    6076 |     286 |           837 |      3225
     7700 |    6150 |     290 |           860 |      3125
     7800 |    6226 |     293 |           880 |      3025
     7900 |    6315 |     299 |           893 |      2925
     8000 |    6390 |     303 |           913 |      2825
     8100 |    6475 |     307 |           935 |      2725
     8200 |    6552 |     309 |           961 |      2625
     8300 |    6637 |     313 |           976 |      2525
     8400 |    6727 |     315 |           993 |      2425
     8500 |    6810 |     316 |          1078 |      2325
     8600 |    6894 |     318 |          1168 |      2225
     8700 |    6981 |     318 |          1257 |      2125
     8800 |    7069 |     320 |          1335 |      2025
     8900 |    7150 |     323 |          1414 |      1925
     9000 |    7228 |     324 |          1498 |      1825
     9100 |    7316 |     324 |          1579 |      1725
     9200 |    7398 |     324 |          1662 |      1625
     9300 |    7481 |     326 |          1751 |      1525
     9400 |    7558 |     327 |          1840 |      1425
     9500 |    7646 |     330 |          1913 |      1325
     9600 |    7728 |     332 |          2002 |      1225
     9700 |    7806 |     334 |          2088 |      1125
     9800 |    7885 |     337 |          2177 |      1025
     9900 |    7984 |     339 |          2179 |       925
    10000 |    8082 |     340 |          2181 |       825
    10100 |    8177 |     342 |          2184 |       725
    10200 |    8272 |     342 |          2230 |       625
    10300 |    8388 |     585 |          2278 |       525
    10400 |    8473 |     585 |          2278 |       425
    10500 |    8573 |     585 |          2278 |       325
    10600 |    8673 |     585 |          2278 |       225
    10700 |    8775 |     668 |          2296 |       125
    10800 |    8835 |     668 |          2296 |        25
    final |    8835 |     668 |          2296 |         0
---------------------------------------------------------
[INFO RSZ-0034] Found 2296 slew violations.
[INFO RSZ-0036] Found 63 capacitance violations.
[INFO RSZ-0038] Inserted 668 buffers in 2296 nets.
[INFO RSZ-0039] Resized 8835 instances.
Placement Analysis
---------------------------------
total displacement      31500.8 u
average displacement        2.2 u
max displacement           16.1 u
original HPWL          237349.4 u
legalized HPWL         268711.8 u
delta HPWL                   13 %

[INFO DPL-0020] Mirrored 4866 instances
[INFO DPL-0021] HPWL before          268711.8 u
[INFO DPL-0022] HPWL after           260980.4 u
[INFO DPL-0023] HPWL delta               -2.9 %
[INFO] Setting RC values…
Setting global connections for newly added cells…
[INFO] Setting global connections...
Updating metrics…
Cell type report:                       Count       Area
  Fill cell                               296    1111.07
  Tap cell                               2325    2909.04
  Timing Repair Buffer                    797    6352.34
  Inverter                                178    1151.10
  Sequential cell                         450    9212.59
  Multi-Input combinational cell        10002   82485.36
  Total                                 14048  103221.50
Writing OpenROAD database to '/home/hien/openlane2/designs/highspeed_pipelined_multiplier/runs/opti_4/31-openroad-repairdesignpostgpl/pipelined_mult.odb'…
Writing netlist to '/home/hien/openlane2/designs/highspeed_pipelined_multiplier/runs/opti_4/31-openroad-repairdesignpostgpl/pipelined_mult.nl.v'…
Writing powered netlist to '/home/hien/openlane2/designs/highspeed_pipelined_multiplier/runs/opti_4/31-openroad-repairdesignpostgpl/pipelined_mult.pnl.v'…
Writing layout to '/home/hien/openlane2/designs/highspeed_pipelined_multiplier/runs/opti_4/31-openroad-repairdesignpostgpl/pipelined_mult.def'…
Writing timing constraints to '/home/hien/openlane2/designs/highspeed_pipelined_multiplier/runs/opti_4/31-openroad-repairdesignpostgpl/pipelined_mult.sdc'…
