Clock: clk
Sources: clk 
Generated: no
Virtual: yes
Propagated: no
Period: 10.000000

===========================================================================
report_clock_properties
============================================================================
Clock                   Period          Waveform
----------------------------------------------------
clk                  10.000000    0.000000  5.000000

===========================================================================
report_clock_latency
============================================================================
Clock clk
rise -> rise
    min     max
0.000000 0.000000 source latency
0.679457         network latency _20687_/CLK
        0.917794 network latency _20394_/CLK
---------------
0.679457 0.917794 latency
        0.238336 skew

fall -> fall
    min     max
0.000000 0.000000 source latency
0.577884         network latency _20687_/CLK
        0.795819 network latency _20394_/CLK
---------------
0.577884 0.795819 latency
        0.217934 skew



===========================================================================
report_clock_min_period
============================================================================
clk period_min = 5.47 fmax = 182.74
