Clock: clk
Sources: clk 
Generated: no
Virtual: yes
Propagated: no
Period: 10.000000

===========================================================================
report_clock_properties
============================================================================
Clock                   Period          Waveform
----------------------------------------------------
clk                  10.000000    0.000000  5.000000

===========================================================================
report_clock_latency
============================================================================
Clock clk
rise -> rise
    min     max
0.000000 0.000000 source latency
0.720751         network latency _20697_/CLK
        0.962452 network latency _20525_/CLK
---------------
0.720751 0.962452 latency
        0.241701 skew

fall -> fall
    min     max
0.000000 0.000000 source latency
0.597487         network latency _20697_/CLK
        0.826797 network latency _20539_/CLK
---------------
0.597487 0.826797 latency
        0.229310 skew



===========================================================================
report_clock_min_period
============================================================================
clk period_min = 5.45 fmax = 183.41
