if {[file exists ~/openlane2/my_script/script_matt.tcl]} {
    source ~/openlane2/my_script/script_matt.tcl
}
Reading OpenROAD database at '/home/hien/openlane2/designs/highspeed_pipelined_multiplier/runs/opti_6/20-openroad-generatepdn/pipelined_mult.odb'…
Reading library file at '/home/hien/.volare/volare/sky130/versions/0fe599b2afb6708d281543108caf8310912f54af/sky130A/libs.ref/sky130_fd_sc_hd/lib/sky130_fd_sc_hd__tt_025C_1v80.lib'…
Reading design constraints file at '/home/hien/openlane2/designs/highspeed_pipelined_multiplier/src/pnr.sdc'…
[INFO] No information on clock propagation in input SDC file-- propagating all clocks.
+ global_placement -density 0.7 -skip_io -pad_right 0 -pad_left 0 -init_wirelength_coef 0.25
[INFO GPL-0002] DBU: 1000
[INFO GPL-0003] SiteSize: (  0.460  2.720 ) um
[INFO GPL-0004] CoreBBox: (  5.520 10.880 ) ( 794.420 788.800 ) um
[INFO GPL-0006] NumInstances:             19986
[INFO GPL-0007] NumPlaceInstances:        10630
[INFO GPL-0008] NumFixedInstances:         9356
[INFO GPL-0009] NumDummyInstances:            0
[INFO GPL-0010] NumNets:                  10696
[INFO GPL-0011] NumPins:                  43163
[INFO GPL-0012] DieBBox:  (  0.000  0.000 ) ( 800.000 800.000 ) um
[INFO GPL-0013] CoreBBox: (  5.520 10.880 ) ( 794.420 788.800 ) um
[INFO GPL-0016] CoreArea:            613701.088 um^2
[INFO GPL-0017] NonPlaceInstsArea:    13137.600 um^2
[INFO GPL-0018] PlaceInstsArea:      106514.656 um^2
[INFO GPL-0019] Util:                    17.736 %
[INFO GPL-0020] StdInstsArea:        106514.656 um^2
[INFO GPL-0021] MacroInstsArea:           0.000 um^2
[INFO GPL-0031] FillerInit:NumGCells:     43017
[INFO GPL-0032] FillerInit:NumGNets:      10696
[INFO GPL-0033] FillerInit:NumGPins:      43163
[INFO GPL-0023] TargetDensity:            0.700
[INFO GPL-0024] AvrgPlaceInstArea:       10.020 um^2
[INFO GPL-0025] IdealBinArea:            14.315 um^2
[INFO GPL-0026] IdealBinCnt:              42872
[INFO GPL-0027] TotalBinArea:        613701.088 um^2
[INFO GPL-0028] BinCnt:       128    128
[INFO GPL-0029] BinSize: (  6.164  6.078 )
[INFO GPL-0030] NumBins: 16384
[NesterovSolve] Iter:    1 overflow: 0.999 HPWL: 28992225
[NesterovSolve] Iter:   10 overflow: 0.998 HPWL: 18925798
[NesterovSolve] Iter:   20 overflow: 0.997 HPWL: 18175330
[NesterovSolve] Iter:   30 overflow: 0.997 HPWL: 17736700
[NesterovSolve] Iter:   40 overflow: 0.997 HPWL: 17475796
[NesterovSolve] Iter:   50 overflow: 0.996 HPWL: 17357519
[NesterovSolve] Iter:   60 overflow: 0.996 HPWL: 17323208
[NesterovSolve] Iter:   70 overflow: 0.996 HPWL: 17319544
[NesterovSolve] Iter:   80 overflow: 0.996 HPWL: 17321015
[NesterovSolve] Iter:   90 overflow: 0.996 HPWL: 17328349
[NesterovSolve] Iter:  100 overflow: 0.996 HPWL: 17372274
[NesterovSolve] Iter:  110 overflow: 0.995 HPWL: 17548050
[NesterovSolve] Iter:  120 overflow: 0.994 HPWL: 18096601
[NesterovSolve] Iter:  130 overflow: 0.992 HPWL: 19884828
[NesterovSolve] Iter:  140 overflow: 0.986 HPWL: 24762317
[NesterovSolve] Iter:  150 overflow: 0.979 HPWL: 32305915
[NesterovSolve] Iter:  160 overflow: 0.971 HPWL: 39030293
[NesterovSolve] Iter:  170 overflow: 0.957 HPWL: 44949201
[NesterovSolve] Iter:  180 overflow: 0.938 HPWL: 51811418
[NesterovSolve] Iter:  190 overflow: 0.917 HPWL: 59552912
[NesterovSolve] Iter:  200 overflow: 0.891 HPWL: 68002345
[NesterovSolve] Iter:  210 overflow: 0.863 HPWL: 77277909
[NesterovSolve] Iter:  220 overflow: 0.827 HPWL: 87067736
[NesterovSolve] Iter:  230 overflow: 0.787 HPWL: 98123334
[NesterovSolve] Iter:  240 overflow: 0.746 HPWL: 110215325
[NesterovSolve] Iter:  250 overflow: 0.701 HPWL: 120437822
[NesterovSolve] Iter:  260 overflow: 0.655 HPWL: 129585637
[NesterovSolve] Iter:  270 overflow: 0.605 HPWL: 139619880
[NesterovSolve] Iter:  280 overflow: 0.556 HPWL: 145724032
[NesterovSolve] Iter:  290 overflow: 0.511 HPWL: 157633212
[NesterovSolve] Iter:  300 overflow: 0.472 HPWL: 166804602
[NesterovSolve] Iter:  310 overflow: 0.433 HPWL: 168997893
[NesterovSolve] Iter:  320 overflow: 0.404 HPWL: 169684451
[NesterovSolve] Iter:  330 overflow: 0.360 HPWL: 172043223
[NesterovSolve] Iter:  340 overflow: 0.319 HPWL: 176773753
[NesterovSolve] Iter:  350 overflow: 0.296 HPWL: 178191827
[NesterovSolve] Iter:  360 overflow: 0.267 HPWL: 180096915
[NesterovSolve] Iter:  370 overflow: 0.248 HPWL: 181702459
[NesterovSolve] Iter:  380 overflow: 0.223 HPWL: 183093371
[NesterovSolve] Iter:  390 overflow: 0.204 HPWL: 184294139
[NesterovSolve] Iter:  400 overflow: 0.185 HPWL: 185513960
[NesterovSolve] Iter:  410 overflow: 0.165 HPWL: 186430711
[NesterovSolve] Iter:  420 overflow: 0.147 HPWL: 186892830
[NesterovSolve] Iter:  430 overflow: 0.129 HPWL: 187318286
[NesterovSolve] Iter:  440 overflow: 0.113 HPWL: 187912714
[NesterovSolve] Finished with Overflow: 0.099750
[INFO] Setting RC values…
Setting global connections for newly added cells…
[INFO] Setting global connections...
Updating metrics…
Cell type report:                       Count       Area
  Fill cell                               572    2147.06
  Tap cell                               8784   10990.54
  Inverter                                178     668.14
  Sequential cell                         450    9571.68
  Multi-Input combinational cell        10002   96274.84
  Total                                 19986  119652.26
Writing OpenROAD database to '/home/hien/openlane2/designs/highspeed_pipelined_multiplier/runs/opti_6/23-openroad-globalplacementskipio/pipelined_mult.odb'…
Writing netlist to '/home/hien/openlane2/designs/highspeed_pipelined_multiplier/runs/opti_6/23-openroad-globalplacementskipio/pipelined_mult.nl.v'…
Writing powered netlist to '/home/hien/openlane2/designs/highspeed_pipelined_multiplier/runs/opti_6/23-openroad-globalplacementskipio/pipelined_mult.pnl.v'…
Writing layout to '/home/hien/openlane2/designs/highspeed_pipelined_multiplier/runs/opti_6/23-openroad-globalplacementskipio/pipelined_mult.def'…
Writing timing constraints to '/home/hien/openlane2/designs/highspeed_pipelined_multiplier/runs/opti_6/23-openroad-globalplacementskipio/pipelined_mult.sdc'…
