
===========================================================================
report_checks -unconstrained
===========================================================================
======================= max_ff_n40C_1v95 Corner ===================================

Startpoint: _20790_ (rising edge-triggered flip-flop clocked by clk)
Endpoint: _20728_ (rising edge-triggered flip-flop clocked by clk)
Path Group: clk
Path Type: max

Fanout         Cap        Slew       Delay        Time   Description
---------------------------------------------------------------------------------------------
                                  0.000000    0.000000   clock clk (rise edge)
                                  0.000000    0.000000   clock source latency
     2    0.067420    0.142320    0.101731    0.101731 ^ clk (in)
                                                         clk (net)
                      0.142546    0.000000    0.101731 ^ clkbuf_0_clk/A (sky130_fd_sc_hd__clkbuf_16)
     8    0.185605    0.153261    0.196024    0.297755 ^ clkbuf_0_clk/X (sky130_fd_sc_hd__clkbuf_16)
                                                         clknet_0_clk (net)
                      0.154561    0.011333    0.309088 ^ clkbuf_3_3_0_clk/A (sky130_fd_sc_hd__clkbuf_8)
     8    0.106243    0.143479    0.190906    0.499994 ^ clkbuf_3_3_0_clk/X (sky130_fd_sc_hd__clkbuf_8)
                                                         clknet_3_3_0_clk (net)
                      0.143845    0.005947    0.505941 ^ clkbuf_leaf_3_clk/A (sky130_fd_sc_hd__clkbuf_8)
     4    0.052849    0.078104    0.144464    0.650405 ^ clkbuf_leaf_3_clk/X (sky130_fd_sc_hd__clkbuf_8)
                                                         clknet_leaf_3_clk (net)
                      0.078368    0.003646    0.654051 ^ _20790_/CLK (sky130_fd_sc_hd__dfxtp_4)
     3    0.036627    0.084937    0.263107    0.917157 ^ _20790_/Q (sky130_fd_sc_hd__dfxtp_4)
                                                         a_l[12] (net)
                      0.085640    0.005857    0.923014 ^ max_cap569/A (sky130_fd_sc_hd__buf_12)
    10    0.080846    0.077124    0.109818    1.032832 ^ max_cap569/X (sky130_fd_sc_hd__buf_12)
                                                         net569 (net)
                      0.077518    0.004431    1.037264 ^ wire568/A (sky130_fd_sc_hd__buf_12)
     9    0.102739    0.095350    0.116595    1.153858 ^ wire568/X (sky130_fd_sc_hd__buf_12)
                                                         net568 (net)
                      0.098665    0.013936    1.167794 ^ max_cap567/A (sky130_fd_sc_hd__buf_12)
     8    0.102788    0.095284    0.117563    1.285357 ^ max_cap567/X (sky130_fd_sc_hd__buf_12)
                                                         net567 (net)
                      0.102060    0.019703    1.305060 ^ max_cap566/A (sky130_fd_sc_hd__buf_12)
     7    0.087143    0.081573    0.104265    1.409325 ^ max_cap566/X (sky130_fd_sc_hd__buf_12)
                                                         net566 (net)
                      0.091793    0.021671    1.430996 ^ rebuffer234/A (sky130_fd_sc_hd__buf_12)
     1    0.038178    0.043841    0.086163    1.517159 ^ rebuffer234/X (sky130_fd_sc_hd__buf_12)
                                                         net1034 (net)
                      0.044742    0.004900    1.522059 ^ _10196_/A (sky130_fd_sc_hd__inv_12)
    22    0.223098    0.071340    0.042869    1.564928 v _10196_/Y (sky130_fd_sc_hd__inv_12)
                                                         _09319_ (net)
                      0.114671    0.046217    1.611145 v _16364_/B1 (sky130_fd_sc_hd__o2bb2ai_1)
     1    0.006787    0.133706    0.157148    1.768293 ^ _16364_/Y (sky130_fd_sc_hd__o2bb2ai_1)
                                                         _07238_ (net)
                      0.133706    0.000517    1.768810 ^ _16366_/B (sky130_fd_sc_hd__nand3_2)
     6    0.025821    0.115031    0.113188    1.881998 v _16366_/Y (sky130_fd_sc_hd__nand3_2)
                                                         _07240_ (net)
                      0.115113    0.002470    1.884469 v _16495_/B1 (sky130_fd_sc_hd__o21ai_1)
     2    0.010421    0.161917    0.129590    2.014059 ^ _16495_/Y (sky130_fd_sc_hd__o21ai_1)
                                                         _07368_ (net)
                      0.161921    0.000674    2.014732 ^ _16497_/B (sky130_fd_sc_hd__nand2_1)
     2    0.019684    0.101013    0.107923    2.122656 v _16497_/Y (sky130_fd_sc_hd__nand2_1)
                                                         _07370_ (net)
                      0.101082    0.002198    2.124854 v _16535_/A (sky130_fd_sc_hd__nand3_4)
     6    0.023527    0.082215    0.091180    2.216034 ^ _16535_/Y (sky130_fd_sc_hd__nand3_4)
                                                         _07408_ (net)
                      0.082223    0.001544    2.217578 ^ _16536_/B1 (sky130_fd_sc_hd__o21ai_1)
     1    0.002520    0.042302    0.026789    2.244367 v _16536_/Y (sky130_fd_sc_hd__o21ai_1)
                                                         _07409_ (net)
                      0.042302    0.000182    2.244549 v _16540_/A (sky130_fd_sc_hd__nand2_1)
     2    0.017878    0.129578    0.111203    2.355752 ^ _16540_/Y (sky130_fd_sc_hd__nand2_1)
                                                         _07413_ (net)
                      0.129617    0.001833    2.357585 ^ _16543_/C (sky130_fd_sc_hd__nand3_4)
     7    0.025757    0.077360    0.076458    2.434042 v _16543_/Y (sky130_fd_sc_hd__nand3_4)
                                                         _07416_ (net)
                      0.077400    0.001306    2.435348 v _16579_/A2 (sky130_fd_sc_hd__a21oi_1)
     1    0.009845    0.171633    0.181225    2.616573 ^ _16579_/Y (sky130_fd_sc_hd__a21oi_1)
                                                         _07451_ (net)
                      0.171638    0.000755    2.617327 ^ _16693_/A (sky130_fd_sc_hd__nand3_4)
     7    0.019727    0.078878    0.073783    2.691110 v _16693_/Y (sky130_fd_sc_hd__nand3_4)
                                                         _07565_ (net)
                      0.078887    0.001568    2.692678 v _16699_/A2 (sky130_fd_sc_hd__a21o_1)
     2    0.006238    0.034080    0.138425    2.831103 v _16699_/X (sky130_fd_sc_hd__a21o_1)
                                                         _07571_ (net)
                      0.034084    0.000364    2.831466 v _16701_/C (sky130_fd_sc_hd__nand3_1)
     2    0.009050    0.087063    0.084613    2.916080 ^ _16701_/Y (sky130_fd_sc_hd__nand3_1)
                                                         _07573_ (net)
                      0.087065    0.000314    2.916394 ^ _16703_/A1 (sky130_fd_sc_hd__a21bo_1)
     4    0.014587    0.096731    0.119768    3.036162 ^ _16703_/X (sky130_fd_sc_hd__a21bo_1)
                                                         _07575_ (net)
                      0.096777    0.000970    3.037131 ^ _16705_/A (sky130_fd_sc_hd__nand2_1)
     1    0.009897    0.057785    0.061691    3.098822 v _16705_/Y (sky130_fd_sc_hd__nand2_1)
                                                         _07577_ (net)
                      0.057800    0.000786    3.099608 v _16712_/A2 (sky130_fd_sc_hd__a21oi_4)
     2    0.031210    0.189242    0.192332    3.291940 ^ _16712_/Y (sky130_fd_sc_hd__a21oi_4)
                                                         _07583_ (net)
                      0.189267    0.001687    3.293627 ^ _16716_/B1 (sky130_fd_sc_hd__a22oi_4)
     3    0.037214    0.092250    0.078737    3.372364 v _16716_/Y (sky130_fd_sc_hd__a22oi_4)
                                                         _07587_ (net)
                      0.093264    0.007788    3.380152 v _17761_/A1 (sky130_fd_sc_hd__a21oi_4)
     3    0.039294    0.226472    0.217260    3.597412 ^ _17761_/Y (sky130_fd_sc_hd__a21oi_4)
                                                         _08624_ (net)
                      0.226777    0.006566    3.603977 ^ _17917_/A1 (sky130_fd_sc_hd__o21bai_4)
     2    0.014046    0.060839    0.060595    3.664572 v _17917_/Y (sky130_fd_sc_hd__o21bai_4)
                                                         _08776_ (net)
                      0.060843    0.000953    3.665525 v _17949_/A (sky130_fd_sc_hd__nand2_2)
     1    0.005851    0.042601    0.052476    3.718001 ^ _17949_/Y (sky130_fd_sc_hd__nand2_2)
                                                         _08806_ (net)
                      0.042602    0.000448    3.718449 ^ _17952_/A1 (sky130_fd_sc_hd__a21oi_2)
     1    0.005634    0.037705    0.031090    3.749539 v _17952_/Y (sky130_fd_sc_hd__a21oi_2)
                                                         _08809_ (net)
                      0.037707    0.000446    3.749985 v _17954_/B (sky130_fd_sc_hd__nor3_2)
     1    0.019003    0.261357    0.221942    3.971927 ^ _17954_/Y (sky130_fd_sc_hd__nor3_2)
                                                         _00368_ (net)
                      0.261490    0.002491    3.974418 ^ _20728_/D (sky130_fd_sc_hd__dfxtp_1)
                                              3.974418   data arrival time

                                 10.000000   10.000000   clock clk (rise edge)
                                  0.000000   10.000000   clock source latency
     2    0.067420    0.142320    0.101730   10.101730 ^ clk (in)
                                                         clk (net)
                      0.142546    0.000000   10.101730 ^ clkbuf_0_clk/A (sky130_fd_sc_hd__clkbuf_16)
     8    0.185605    0.153261    0.196025   10.297755 ^ clkbuf_0_clk/X (sky130_fd_sc_hd__clkbuf_16)
                                                         clknet_0_clk (net)
                      0.154561    0.011333   10.309088 ^ clkbuf_3_3_0_clk/A (sky130_fd_sc_hd__clkbuf_8)
     8    0.106243    0.143479    0.190907   10.499995 ^ clkbuf_3_3_0_clk/X (sky130_fd_sc_hd__clkbuf_8)
                                                         clknet_3_3_0_clk (net)
                      0.144487    0.009676   10.509671 ^ clkbuf_leaf_12_clk/A (sky130_fd_sc_hd__clkbuf_8)
    23    0.070797    0.100031    0.159830   10.669501 ^ clkbuf_leaf_12_clk/X (sky130_fd_sc_hd__clkbuf_8)
                                                         clknet_leaf_12_clk (net)
                      0.100182    0.003192   10.672693 ^ _20728_/CLK (sky130_fd_sc_hd__dfxtp_1)
                                 -0.200000   10.472693   clock uncertainty
                                  0.000000   10.472693   clock reconvergence pessimism
                                 -0.047109   10.425584   library setup time
                                             10.425584   data required time
---------------------------------------------------------------------------------------------
                                             10.425584   data required time
                                             -3.974418   data arrival time
---------------------------------------------------------------------------------------------
                                              6.451167   slack (MET)




===========================================================================
report_checks --slack_max -0.01
============================================================================
======================= max_ff_n40C_1v95 Corner ===================================

No paths found.


===========================================================================
 report_check_types -max_slew -max_cap -max_fanout -violators
============================================================================
======================= max_ff_n40C_1v95 Corner ===================================



===========================================================================
report_parasitic_annotation -report_unannotated
============================================================================
Found 55 unannotated drivers.
 clkload0/Y
 clkload1/Y
 clkload10/Y
 clkload11/Y
 clkload12/X
 clkload13/Y
 clkload14/X
 clkload15/Y
 clkload16/Y
 clkload17/Y
 clkload18/Y
 clkload19/Y
 clkload2/Y
 clkload20/Y
 clkload21/Y
 clkload22/Y
 clkload23/Y
 clkload24/Y
 clkload25/Y
 clkload26/Y
 clkload27/Y
 clkload28/Y
 clkload29/Y
 clkload3/Y
 clkload30/Y
 clkload31/Y
 clkload32/Y
 clkload33/Y
 clkload34/Y
 clkload35/Y
 clkload36/Y
 clkload37/Y
 clkload38/Y
 clkload39/Y
 clkload4/Y
 clkload40/Y
 clkload41/Y
 clkload42/Y
 clkload43/Y
 clkload44/Y
 clkload45/Y
 clkload46/Y
 clkload47/Y
 clkload48/Y
 clkload49/Y
 clkload5/Y
 clkload50/Y
 clkload51/Y
 clkload52/Y
 clkload53/Y
 clkload54/Y
 clkload6/X
 clkload7/X
 clkload8/Y
 clkload9/X
Found 0 partially unannotated drivers.

===========================================================================
max slew violation count 0
max fanout violation count 0
max cap violation count 0
============================================================================

===========================================================================
check_setup -verbose -unconstrained_endpoints -multiple_clock -no_clock -no_input_delay -loops -generated_clocks
===========================================================================
