Clock: clk
Sources: clk 
Generated: no
Virtual: yes
Propagated: no
Period: 10.000000

===========================================================================
report_clock_properties
============================================================================
Clock                   Period          Waveform
----------------------------------------------------
clk                  10.000000    0.000000  5.000000

===========================================================================
report_clock_latency
============================================================================
Clock clk
rise -> rise
    min     max
0.000000 0.000000 source latency
0.506086         network latency _20799_/CLK
        0.684953 network latency _20360_/CLK
---------------
0.506086 0.684953 latency
        0.178867 skew

fall -> fall
    min     max
0.000000 0.000000 source latency
0.419371         network latency _20799_/CLK
        0.580191 network latency _20360_/CLK
---------------
0.419371 0.580191 latency
        0.160821 skew



===========================================================================
report_clock_min_period
============================================================================
clk period_min = 3.55 fmax = 281.78
