┏━━━━━━━┳━━━━━━━━━┳━━━━━━━━━━┳━━━━━━━━━━━━━━━━━━┳━━━━━━━━━━━━━━━━┳━━━━━━━┓
┃ P / R ┃ Partial ┃ Required ┃ Net              ┃ Pin            ┃ Layer ┃
┡━━━━━━━╇━━━━━━━━━╇━━━━━━━━━━╇━━━━━━━━━━━━━━━━━━╇━━━━━━━━━━━━━━━━╇━━━━━━━┩
│ 4.63  │ 1853.92 │ 400.00   │ _00055_          │ _20415_/D      │ met1  │
│ 4.62  │ 1848.95 │ 400.00   │ _00035_          │ _20395_/D      │ met3  │
│ 4.62  │ 1848.95 │ 400.00   │ net952           │ _15542_/A      │ met3  │
│ 3.48  │ 1390.86 │ 400.00   │ _00053_          │ _20413_/D      │ met1  │
│ 2.89  │ 1157.36 │ 400.00   │ _00035_          │ _20395_/D      │ met2  │
│ 2.56  │ 1022.64 │ 400.00   │ net165           │ _20406_/D      │ met1  │
│ 2.52  │ 1009.58 │ 400.00   │ _00042_          │ _20402_/D      │ met1  │
│ 2.47  │ 989.08  │ 400.00   │ _00043_          │ _20403_/D      │ met1  │
│ 2.30  │ 918.31  │ 400.00   │ _00047_          │ _20407_/D      │ met1  │
│ 2.21  │ 885.14  │ 400.00   │ _00307_          │ _20667_/D      │ met3  │
│ 2.16  │ 862.53  │ 400.00   │ _00038_          │ _20398_/D      │ met1  │
│ 2.15  │ 860.25  │ 400.00   │ _00063_          │ _20423_/D      │ met1  │
│ 2.10  │ 6142.10 │ 2918.08  │ net1             │ _20328_/B      │ met3  │
│ 2.06  │ 825.42  │ 400.00   │ _00036_          │ _20396_/D      │ met1  │
│ 2.00  │ 799.54  │ 400.00   │ clk              │ clkbuf_0_clk/A │ met3  │
│ 1.95  │ 781.97  │ 400.00   │ net18            │ _20321_/B      │ met1  │
│ 1.91  │ 763.02  │ 400.00   │ _09351_          │ _14204_/A2     │ met3  │
│ 1.89  │ 757.86  │ 400.00   │ _00045_          │ _20405_/D      │ met1  │
│ 1.77  │ 4915.43 │ 2778.20  │ net42            │ _20346_/B      │ met4  │
│ 1.71  │ 4748.95 │ 2778.20  │ net40            │ _20344_/B      │ met4  │
│ 1.71  │ 4740.19 │ 2778.20  │ net41            │ _20345_/B      │ met4  │
│ 1.71  │ 4740.19 │ 2778.20  │ net54            │ _20357_/B      │ met4  │
│ 1.67  │ 4652.57 │ 2778.20  │ net43            │ _20347_/B      │ met4  │
│ 1.67  │ 4652.57 │ 2778.20  │ net53            │ _20356_/B      │ met4  │
│ 1.65  │ 659.36  │ 400.00   │ _09690_          │ _10872_/A      │ met1  │
│ 1.64  │ 4564.95 │ 2778.20  │ net52            │ _20355_/B      │ met4  │
│ 1.58  │ 630.92  │ 400.00   │ _00034_          │ _20394_/D      │ met1  │
│ 1.49  │ 4126.86 │ 2778.20  │ net4             │ _20340_/B      │ met3  │
│ 1.49  │ 4126.86 │ 2778.20  │ net7             │ _20343_/B      │ met3  │
│ 1.48  │ 591.33  │ 400.00   │ net21            │ _20324_/B      │ met1  │
│ 1.45  │ 4039.24 │ 2778.20  │ net5             │ _20341_/B      │ met3  │
│ 1.41  │ 565.78  │ 400.00   │ net25            │ _20327_/B      │ met1  │
│ 1.39  │ 3864.00 │ 2781.50  │ _00065_          │ _20425_/D      │ met3  │
│ 1.36  │ 543.62  │ 400.00   │ net471           │ _19286_/C      │ met3  │
│ 1.34  │ 534.67  │ 400.00   │ net41            │ _20345_/B      │ met3  │
│ 1.24  │ 494.22  │ 400.00   │ net6             │ _20342_/B      │ met1  │
│ 1.23  │ 3425.90 │ 2778.20  │ net2             │ _20338_/B      │ met3  │
│ 1.20  │ 479.64  │ 400.00   │ net66            │ output66/A     │ met1  │
│ 1.18  │ 473.25  │ 400.00   │ _09220_          │ _18397_/B2     │ met1  │
│ 1.15  │ 459.16  │ 400.00   │ net77            │ output77/A     │ met1  │
│ 1.14  │ 455.84  │ 400.00   │ clknet_3_7_0_clk │ _20392_/CLK    │ met1  │
│ 1.13  │ 450.62  │ 400.00   │ _09188_          │ _19398_/A      │ met3  │
│ 1.12  │ 449.15  │ 400.00   │ _09657_          │ _13080_/A2     │ met3  │
│ 1.12  │ 449.15  │ 400.00   │ _09657_          │ _13090_/A2     │ met3  │
│ 1.12  │ 449.15  │ 400.00   │ _09657_          │ _13126_/A2     │ met3  │
│ 1.12  │ 447.56  │ 400.00   │ net56            │ _20358_/B      │ met1  │
│ 1.12  │ 446.36  │ 400.00   │ net88            │ output88/A     │ met1  │
│ 1.10  │ 439.84  │ 400.00   │ net69            │ output69/A     │ met1  │
│ 1.02  │ 408.93  │ 400.00   │ net70            │ output70/A     │ met1  │
│ 1.02  │ 407.78  │ 400.00   │ net127           │ output127/A    │ met1  │
│ 1.01  │ 402.19  │ 400.00   │ _00033_          │ _20393_/D      │ met1  │
│ 1.00  │ 400.96  │ 400.00   │ _09690_          │ _10840_/A      │ met1  │
└───────┴─────────┴──────────┴──────────────────┴────────────────┴───────┘
