
===========================================================================
report_checks -unconstrained
===========================================================================
======================= max_ss_100C_1v60 Corner ===================================

Startpoint: _20472_ (rising edge-triggered flip-flop clocked by clk)
Endpoint: _20439_ (rising edge-triggered flip-flop clocked by clk)
Path Group: clk
Path Type: max

Fanout         Cap        Slew       Delay        Time   Description
---------------------------------------------------------------------------------------------
                                  0.000000    0.000000   clock clk (rise edge)
                                  0.000000    0.000000   clock source latency
     2    0.092874    0.407796    0.302167    0.302167 ^ clk (in)
                                                         clk (net)
                      0.407934    0.000000    0.302167 ^ clkbuf_0_clk/A (sky130_fd_sc_hd__clkbuf_16)
     8    0.198913    0.315226    0.560924    0.863091 ^ clkbuf_0_clk/X (sky130_fd_sc_hd__clkbuf_16)
                                                         clknet_0_clk (net)
                      0.316432    0.014898    0.877989 ^ clkbuf_3_7_0_clk/A (sky130_fd_sc_hd__clkbuf_8)
    10    0.097623    0.273059    0.487337    1.365326 ^ clkbuf_3_7_0_clk/X (sky130_fd_sc_hd__clkbuf_8)
                                                         clknet_3_7_0_clk (net)
                      0.273550    0.008208    1.373533 ^ clkbuf_leaf_33_clk/A (sky130_fd_sc_hd__clkbuf_8)
    13    0.039606    0.129528    0.368150    1.741684 ^ clkbuf_leaf_33_clk/X (sky130_fd_sc_hd__clkbuf_8)
                                                         clknet_leaf_33_clk (net)
                      0.129553    0.001767    1.743451 ^ _20472_/CLK (sky130_fd_sc_hd__dfxtp_1)
     4    0.019746    0.303479    0.828537    2.571989 ^ _20472_/Q (sky130_fd_sc_hd__dfxtp_1)
                                                         term_mid[16] (net)
                      0.303487    0.001930    2.573919 ^ _10263_/B (sky130_fd_sc_hd__nand2_1)
     2    0.009103    0.175912    0.266499    2.840418 v _10263_/Y (sky130_fd_sc_hd__nand2_1)
                                                         _10018_ (net)
                      0.175912    0.000604    2.841022 v _10272_/A1 (sky130_fd_sc_hd__o21ai_2)
     3    0.013775    0.313421    0.388765    3.229787 ^ _10272_/Y (sky130_fd_sc_hd__o21ai_2)
                                                         _10115_ (net)
                      0.313421    0.001114    3.230901 ^ _10277_/B (sky130_fd_sc_hd__nand2_1)
     3    0.012306    0.242323    0.310304    3.541205 v _10277_/Y (sky130_fd_sc_hd__nand2_1)
                                                         _10169_ (net)
                      0.242325    0.001202    3.542408 v _10287_/B (sky130_fd_sc_hd__nand3_1)
     2    0.008096    0.178249    0.266153    3.808561 ^ _10287_/Y (sky130_fd_sc_hd__nand3_1)
                                                         _00547_ (net)
                      0.178249    0.000560    3.809120 ^ _10289_/C1 (sky130_fd_sc_hd__o211ai_2)
     3    0.009770    0.200875    0.247872    4.056992 v _10289_/Y (sky130_fd_sc_hd__o211ai_2)
                                                         _00569_ (net)
                      0.200875    0.000591    4.057583 v _10303_/B (sky130_fd_sc_hd__nand3_1)
     2    0.005562    0.138976    0.217957    4.275539 ^ _10303_/Y (sky130_fd_sc_hd__nand3_1)
                                                         _00719_ (net)
                      0.138976    0.000342    4.275882 ^ _10307_/C1 (sky130_fd_sc_hd__o211ai_1)
     1    0.003525    0.169723    0.214025    4.489907 v _10307_/Y (sky130_fd_sc_hd__o211ai_1)
                                                         _00762_ (net)
                      0.169723    0.000240    4.490147 v _10314_/B (sky130_fd_sc_hd__nand3_1)
     3    0.010055    0.203297    0.254423    4.744570 ^ _10314_/Y (sky130_fd_sc_hd__nand3_1)
                                                         _00838_ (net)
                      0.203297    0.000682    4.745252 ^ _10317_/C1 (sky130_fd_sc_hd__o211ai_2)
     3    0.010226    0.213656    0.261626    5.006878 v _10317_/Y (sky130_fd_sc_hd__o211ai_2)
                                                         _00870_ (net)
                      0.213657    0.000868    5.007745 v _10328_/A (sky130_fd_sc_hd__nand2_1)
     1    0.006779    0.125269    0.196159    5.203905 ^ _10328_/Y (sky130_fd_sc_hd__nand2_1)
                                                         _00988_ (net)
                      0.125269    0.000507    5.204412 ^ _10344_/A1 (sky130_fd_sc_hd__a21oi_2)
     5    0.020476    0.183397    0.211877    5.416288 v _10344_/Y (sky130_fd_sc_hd__a21oi_2)
                                                         _01161_ (net)
                      0.183421    0.001703    5.417991 v _10358_/A1 (sky130_fd_sc_hd__o21ai_1)
     2    0.009921    0.366100    0.414819    5.832810 ^ _10358_/Y (sky130_fd_sc_hd__o21ai_1)
                                                         _01311_ (net)
                      0.366101    0.000561    5.833371 ^ _10373_/A1 (sky130_fd_sc_hd__a21oi_1)
     1    0.010210    0.216087    0.327121    6.160491 v _10373_/Y (sky130_fd_sc_hd__a21oi_1)
                                                         _01471_ (net)
                      0.216087    0.000834    6.161325 v wire176/A (sky130_fd_sc_hd__buf_2)
     1    0.060623    0.267623    0.495946    6.657271 v wire176/X (sky130_fd_sc_hd__buf_2)
                                                         net176 (net)
                      0.267798    0.006227    6.663498 v _10397_/A1 (sky130_fd_sc_hd__o21ai_2)
     4    0.015985    0.352055    0.454190    7.117689 ^ _10397_/Y (sky130_fd_sc_hd__o21ai_2)
                                                         _01570_ (net)
                      0.352055    0.001350    7.119038 ^ _10426_/A1 (sky130_fd_sc_hd__a21o_2)
     8    0.034260    0.278290    0.515631    7.634669 ^ _10426_/X (sky130_fd_sc_hd__a21o_2)
                                                         _01595_ (net)
                      0.278351    0.004022    7.638691 ^ _10480_/A1 (sky130_fd_sc_hd__a21o_1)
     4    0.029192    0.400622    0.531322    8.170012 ^ _10480_/X (sky130_fd_sc_hd__a21o_1)
                                                         _01641_ (net)
                      0.400661    0.004080    8.174092 ^ _10493_/A (sky130_fd_sc_hd__nand3_1)
     2    0.008176    0.260732    0.356067    8.530160 v _10493_/Y (sky130_fd_sc_hd__nand3_1)
                                                         _01651_ (net)
                      0.260732    0.000353    8.530513 v _10495_/A (sky130_fd_sc_hd__nand2_2)
     8    0.031450    0.280382    0.326133    8.856646 ^ _10495_/Y (sky130_fd_sc_hd__nand2_2)
                                                         _01653_ (net)
                      0.280525    0.005123    8.861769 ^ _10514_/A (sky130_fd_sc_hd__nand4_2)
     3    0.011047    0.260381    0.305323    9.167091 v _10514_/Y (sky130_fd_sc_hd__nand4_2)
                                                         _01665_ (net)
                      0.260381    0.000791    9.167883 v _10520_/A (sky130_fd_sc_hd__nor2_2)
     6    0.028175    0.515646    0.547355    9.715238 ^ _10520_/Y (sky130_fd_sc_hd__nor2_2)
                                                         _01669_ (net)
                      0.515662    0.002405    9.717643 ^ _10526_/A3 (sky130_fd_sc_hd__a31oi_1)
     1    0.003049    0.157935    0.329377   10.047020 v _10526_/Y (sky130_fd_sc_hd__a31oi_1)
                                                         _01672_ (net)
                      0.157935    0.000220   10.047239 v hold573/A (sky130_fd_sc_hd__dlygate4sd3_1)
     1    0.002413    0.102849    1.159075   11.206315 v hold573/X (sky130_fd_sc_hd__dlygate4sd3_1)
                                                         net1385 (net)
                      0.102849    0.000112   11.206428 v _10528_/A (sky130_fd_sc_hd__nor2_1)
     1    0.007754    0.264488    0.282977   11.489405 ^ _10528_/Y (sky130_fd_sc_hd__nor2_1)
                                                         _00079_ (net)
                      0.264490    0.000655   11.490060 ^ _20439_/D (sky130_fd_sc_hd__dfxtp_1)
                                             11.490060   data arrival time

                                 10.000000   10.000000   clock clk (rise edge)
                                  0.000000   10.000000   clock source latency
     2    0.092874    0.407796    0.302167   10.302167 ^ clk (in)
                                                         clk (net)
                      0.407934    0.000000   10.302167 ^ clkbuf_0_clk/A (sky130_fd_sc_hd__clkbuf_16)
     8    0.198913    0.315226    0.560925   10.863092 ^ clkbuf_0_clk/X (sky130_fd_sc_hd__clkbuf_16)
                                                         clknet_0_clk (net)
                      0.316355    0.014369   10.877461 ^ clkbuf_3_2_0_clk/A (sky130_fd_sc_hd__clkbuf_8)
     9    0.091780    0.258831    0.475022   11.352483 ^ clkbuf_3_2_0_clk/X (sky130_fd_sc_hd__clkbuf_8)
                                                         clknet_3_2_0_clk (net)
                      0.260455    0.016606   11.369089 ^ clkbuf_leaf_11_clk/A (sky130_fd_sc_hd__clkbuf_8)
     4    0.034359    0.116798    0.352760   11.721848 ^ clkbuf_leaf_11_clk/X (sky130_fd_sc_hd__clkbuf_8)
                                                         clknet_leaf_11_clk (net)
                      0.116802    0.000929   11.722777 ^ _20439_/CLK (sky130_fd_sc_hd__dfxtp_1)
                                 -0.200000   11.522778   clock uncertainty
                                  0.000000   11.522778   clock reconvergence pessimism
                                 -0.170954   11.351824   library setup time
                                             11.351824   data required time
---------------------------------------------------------------------------------------------
                                             11.351824   data required time
                                            -11.490060   data arrival time
---------------------------------------------------------------------------------------------
                                             -0.138236   slack (VIOLATED)




===========================================================================
report_checks --slack_max -0.01
============================================================================
======================= max_ss_100C_1v60 Corner ===================================

Startpoint: _20472_ (rising edge-triggered flip-flop clocked by clk)
Endpoint: _20439_ (rising edge-triggered flip-flop clocked by clk)
Path Group: clk
Path Type: max

Fanout         Cap        Slew       Delay        Time   Description
---------------------------------------------------------------------------------------------
                                  0.000000    0.000000   clock clk (rise edge)
                                  0.000000    0.000000   clock source latency
     2    0.092874    0.407796    0.302167    0.302167 ^ clk (in)
                                                         clk (net)
                      0.407934    0.000000    0.302167 ^ clkbuf_0_clk/A (sky130_fd_sc_hd__clkbuf_16)
     8    0.198913    0.315226    0.560924    0.863091 ^ clkbuf_0_clk/X (sky130_fd_sc_hd__clkbuf_16)
                                                         clknet_0_clk (net)
                      0.316432    0.014898    0.877989 ^ clkbuf_3_7_0_clk/A (sky130_fd_sc_hd__clkbuf_8)
    10    0.097623    0.273059    0.487337    1.365326 ^ clkbuf_3_7_0_clk/X (sky130_fd_sc_hd__clkbuf_8)
                                                         clknet_3_7_0_clk (net)
                      0.273550    0.008208    1.373533 ^ clkbuf_leaf_33_clk/A (sky130_fd_sc_hd__clkbuf_8)
    13    0.039606    0.129528    0.368150    1.741684 ^ clkbuf_leaf_33_clk/X (sky130_fd_sc_hd__clkbuf_8)
                                                         clknet_leaf_33_clk (net)
                      0.129553    0.001767    1.743451 ^ _20472_/CLK (sky130_fd_sc_hd__dfxtp_1)
     4    0.019746    0.303479    0.828537    2.571989 ^ _20472_/Q (sky130_fd_sc_hd__dfxtp_1)
                                                         term_mid[16] (net)
                      0.303487    0.001930    2.573919 ^ _10263_/B (sky130_fd_sc_hd__nand2_1)
     2    0.009103    0.175912    0.266499    2.840418 v _10263_/Y (sky130_fd_sc_hd__nand2_1)
                                                         _10018_ (net)
                      0.175912    0.000604    2.841022 v _10272_/A1 (sky130_fd_sc_hd__o21ai_2)
     3    0.013775    0.313421    0.388765    3.229787 ^ _10272_/Y (sky130_fd_sc_hd__o21ai_2)
                                                         _10115_ (net)
                      0.313421    0.001114    3.230901 ^ _10277_/B (sky130_fd_sc_hd__nand2_1)
     3    0.012306    0.242323    0.310304    3.541205 v _10277_/Y (sky130_fd_sc_hd__nand2_1)
                                                         _10169_ (net)
                      0.242325    0.001202    3.542408 v _10287_/B (sky130_fd_sc_hd__nand3_1)
     2    0.008096    0.178249    0.266153    3.808561 ^ _10287_/Y (sky130_fd_sc_hd__nand3_1)
                                                         _00547_ (net)
                      0.178249    0.000560    3.809120 ^ _10289_/C1 (sky130_fd_sc_hd__o211ai_2)
     3    0.009770    0.200875    0.247872    4.056992 v _10289_/Y (sky130_fd_sc_hd__o211ai_2)
                                                         _00569_ (net)
                      0.200875    0.000591    4.057583 v _10303_/B (sky130_fd_sc_hd__nand3_1)
     2    0.005562    0.138976    0.217957    4.275539 ^ _10303_/Y (sky130_fd_sc_hd__nand3_1)
                                                         _00719_ (net)
                      0.138976    0.000342    4.275882 ^ _10307_/C1 (sky130_fd_sc_hd__o211ai_1)
     1    0.003525    0.169723    0.214025    4.489907 v _10307_/Y (sky130_fd_sc_hd__o211ai_1)
                                                         _00762_ (net)
                      0.169723    0.000240    4.490147 v _10314_/B (sky130_fd_sc_hd__nand3_1)
     3    0.010055    0.203297    0.254423    4.744570 ^ _10314_/Y (sky130_fd_sc_hd__nand3_1)
                                                         _00838_ (net)
                      0.203297    0.000682    4.745252 ^ _10317_/C1 (sky130_fd_sc_hd__o211ai_2)
     3    0.010226    0.213656    0.261626    5.006878 v _10317_/Y (sky130_fd_sc_hd__o211ai_2)
                                                         _00870_ (net)
                      0.213657    0.000868    5.007745 v _10328_/A (sky130_fd_sc_hd__nand2_1)
     1    0.006779    0.125269    0.196159    5.203905 ^ _10328_/Y (sky130_fd_sc_hd__nand2_1)
                                                         _00988_ (net)
                      0.125269    0.000507    5.204412 ^ _10344_/A1 (sky130_fd_sc_hd__a21oi_2)
     5    0.020476    0.183397    0.211877    5.416288 v _10344_/Y (sky130_fd_sc_hd__a21oi_2)
                                                         _01161_ (net)
                      0.183421    0.001703    5.417991 v _10358_/A1 (sky130_fd_sc_hd__o21ai_1)
     2    0.009921    0.366100    0.414819    5.832810 ^ _10358_/Y (sky130_fd_sc_hd__o21ai_1)
                                                         _01311_ (net)
                      0.366101    0.000561    5.833371 ^ _10373_/A1 (sky130_fd_sc_hd__a21oi_1)
     1    0.010210    0.216087    0.327121    6.160491 v _10373_/Y (sky130_fd_sc_hd__a21oi_1)
                                                         _01471_ (net)
                      0.216087    0.000834    6.161325 v wire176/A (sky130_fd_sc_hd__buf_2)
     1    0.060623    0.267623    0.495946    6.657271 v wire176/X (sky130_fd_sc_hd__buf_2)
                                                         net176 (net)
                      0.267798    0.006227    6.663498 v _10397_/A1 (sky130_fd_sc_hd__o21ai_2)
     4    0.015985    0.352055    0.454190    7.117689 ^ _10397_/Y (sky130_fd_sc_hd__o21ai_2)
                                                         _01570_ (net)
                      0.352055    0.001350    7.119038 ^ _10426_/A1 (sky130_fd_sc_hd__a21o_2)
     8    0.034260    0.278290    0.515631    7.634669 ^ _10426_/X (sky130_fd_sc_hd__a21o_2)
                                                         _01595_ (net)
                      0.278351    0.004022    7.638691 ^ _10480_/A1 (sky130_fd_sc_hd__a21o_1)
     4    0.029192    0.400622    0.531322    8.170012 ^ _10480_/X (sky130_fd_sc_hd__a21o_1)
                                                         _01641_ (net)
                      0.400661    0.004080    8.174092 ^ _10493_/A (sky130_fd_sc_hd__nand3_1)
     2    0.008176    0.260732    0.356067    8.530160 v _10493_/Y (sky130_fd_sc_hd__nand3_1)
                                                         _01651_ (net)
                      0.260732    0.000353    8.530513 v _10495_/A (sky130_fd_sc_hd__nand2_2)
     8    0.031450    0.280382    0.326133    8.856646 ^ _10495_/Y (sky130_fd_sc_hd__nand2_2)
                                                         _01653_ (net)
                      0.280525    0.005123    8.861769 ^ _10514_/A (sky130_fd_sc_hd__nand4_2)
     3    0.011047    0.260381    0.305323    9.167091 v _10514_/Y (sky130_fd_sc_hd__nand4_2)
                                                         _01665_ (net)
                      0.260381    0.000791    9.167883 v _10520_/A (sky130_fd_sc_hd__nor2_2)
     6    0.028175    0.515646    0.547355    9.715238 ^ _10520_/Y (sky130_fd_sc_hd__nor2_2)
                                                         _01669_ (net)
                      0.515662    0.002405    9.717643 ^ _10526_/A3 (sky130_fd_sc_hd__a31oi_1)
     1    0.003049    0.157935    0.329377   10.047020 v _10526_/Y (sky130_fd_sc_hd__a31oi_1)
                                                         _01672_ (net)
                      0.157935    0.000220   10.047239 v hold573/A (sky130_fd_sc_hd__dlygate4sd3_1)
     1    0.002413    0.102849    1.159075   11.206315 v hold573/X (sky130_fd_sc_hd__dlygate4sd3_1)
                                                         net1385 (net)
                      0.102849    0.000112   11.206428 v _10528_/A (sky130_fd_sc_hd__nor2_1)
     1    0.007754    0.264488    0.282977   11.489405 ^ _10528_/Y (sky130_fd_sc_hd__nor2_1)
                                                         _00079_ (net)
                      0.264490    0.000655   11.490060 ^ _20439_/D (sky130_fd_sc_hd__dfxtp_1)
                                             11.490060   data arrival time

                                 10.000000   10.000000   clock clk (rise edge)
                                  0.000000   10.000000   clock source latency
     2    0.092874    0.407796    0.302167   10.302167 ^ clk (in)
                                                         clk (net)
                      0.407934    0.000000   10.302167 ^ clkbuf_0_clk/A (sky130_fd_sc_hd__clkbuf_16)
     8    0.198913    0.315226    0.560925   10.863092 ^ clkbuf_0_clk/X (sky130_fd_sc_hd__clkbuf_16)
                                                         clknet_0_clk (net)
                      0.316355    0.014369   10.877461 ^ clkbuf_3_2_0_clk/A (sky130_fd_sc_hd__clkbuf_8)
     9    0.091780    0.258831    0.475022   11.352483 ^ clkbuf_3_2_0_clk/X (sky130_fd_sc_hd__clkbuf_8)
                                                         clknet_3_2_0_clk (net)
                      0.260455    0.016606   11.369089 ^ clkbuf_leaf_11_clk/A (sky130_fd_sc_hd__clkbuf_8)
     4    0.034359    0.116798    0.352760   11.721848 ^ clkbuf_leaf_11_clk/X (sky130_fd_sc_hd__clkbuf_8)
                                                         clknet_leaf_11_clk (net)
                      0.116802    0.000929   11.722777 ^ _20439_/CLK (sky130_fd_sc_hd__dfxtp_1)
                                 -0.200000   11.522778   clock uncertainty
                                  0.000000   11.522778   clock reconvergence pessimism
                                 -0.170954   11.351824   library setup time
                                             11.351824   data required time
---------------------------------------------------------------------------------------------
                                             11.351824   data required time
                                            -11.490060   data arrival time
---------------------------------------------------------------------------------------------
                                             -0.138236   slack (VIOLATED)




===========================================================================
 report_check_types -max_slew -max_cap -max_fanout -violators
============================================================================
======================= max_ss_100C_1v60 Corner ===================================



===========================================================================
report_parasitic_annotation -report_unannotated
============================================================================
Found 53 unannotated drivers.
 clkload0/Y
 clkload1/Y
 clkload10/X
 clkload11/X
 clkload12/X
 clkload13/X
 clkload14/Y
 clkload15/Y
 clkload16/Y
 clkload17/Y
 clkload18/Y
 clkload19/Y
 clkload2/X
 clkload20/Y
 clkload21/X
 clkload22/X
 clkload23/Y
 clkload24/X
 clkload25/Y
 clkload26/Y
 clkload27/Y
 clkload28/Y
 clkload29/Y
 clkload3/X
 clkload30/Y
 clkload31/Y
 clkload32/X
 clkload33/Y
 clkload34/Y
 clkload35/Y
 clkload36/Y
 clkload37/Y
 clkload38/X
 clkload39/X
 clkload4/X
 clkload40/Y
 clkload41/Y
 clkload42/Y
 clkload43/Y
 clkload44/Y
 clkload45/Y
 clkload46/Y
 clkload47/Y
 clkload48/Y
 clkload49/X
 clkload5/Y
 clkload50/X
 clkload51/Y
 clkload52/Y
 clkload6/Y
 clkload7/Y
 clkload8/Y
 clkload9/Y
Found 0 partially unannotated drivers.

===========================================================================
max slew violation count 0
max fanout violation count 0
max cap violation count 0
============================================================================

===========================================================================
check_setup -verbose -unconstrained_endpoints -multiple_clock -no_clock -no_input_delay -loops -generated_clocks
===========================================================================
