if {[file exists ~/openlane2/my_script/script_matt.tcl]} {
    source ~/openlane2/my_script/script_matt.tcl
}
Reading OpenROAD database at '/home/hien/openlane2/designs/fn_pj/pipeline-mult/runs/TOP/41-odb-heuristicdiodeinsertion/1-odb-fuzzydiodeplacement/pipelined_mult.odb'…
Reading library file at '/home/hien/.volare/volare/sky130/versions/0fe599b2afb6708d281543108caf8310912f54af/sky130A/libs.ref/sky130_fd_sc_hd/lib/sky130_fd_sc_hd__tt_025C_1v80.lib'…
Reading library file at '/home/hien/openlane2/designs/fn_pj/pipeline-mult/macro/lib/max_ss_100C_1v60/mult_16x16__max_ss_100C_1v60.lib'…
Reading library file at '/home/hien/openlane2/designs/fn_pj/pipeline-mult/macro/lib/max_ss_100C_1v60/add3x64__max_ss_100C_1v60.lib'…
Reading macro library file at '/home/hien/openlane2/designs/fn_pj/pipeline-mult/macro/lib/max_ss_100C_1v60/mult_16x16__max_ss_100C_1v60.lib'…
[WARNING STA-1140] /home/hien/openlane2/designs/fn_pj/pipeline-mult/macro/lib/max_ss_100C_1v60/mult_16x16__max_ss_100C_1v60.lib line 1, library mult_16x16 already exists.
Reading macro library file at '/home/hien/openlane2/designs/fn_pj/pipeline-mult/macro/lib/max_ss_100C_1v60/add3x64__max_ss_100C_1v60.lib'…
[WARNING STA-1140] /home/hien/openlane2/designs/fn_pj/pipeline-mult/macro/lib/max_ss_100C_1v60/add3x64__max_ss_100C_1v60.lib line 1, library add3x64 already exists.
Reading design constraints file at '/home/hien/openlane2/designs/fn_pj/pipeline-mult/src/pnr.sdc'…
[INFO] No information on clock propagation in input SDC file-- propagating all clocks.
Placement Analysis
---------------------------------
total displacement       2177.2 u
average displacement        0.3 u
max displacement           12.9 u
original HPWL          154693.6 u
legalized HPWL         155798.4 u
delta HPWL                    1 %

[INFO DPL-0020] Mirrored 945 instances
[INFO DPL-0021] HPWL before          155798.4 u
[INFO DPL-0022] HPWL after           155310.4 u
[INFO DPL-0023] HPWL delta               -0.3 %
Setting global connections for newly added cells…
[INFO] Setting global connections...
Updating metrics…
Cell type report:                       Count       Area
  Macro                                     5  242500.00
  Fill cell                              1500    5630.40
  Tap cell                               2865    3584.69
  Antenna cell                           1383    3460.82
  Clock buffer                             23     564.29
  Timing Repair Buffer                    279    2282.19
  Inverter                                  6      48.80
  Clock inverter                           15     185.18
  Sequential cell                         194    3889.98
  Multi-Input combinational cell          531    3234.35
  Total                                  6801  265380.69
Writing OpenROAD database to '/home/hien/openlane2/designs/fn_pj/pipeline-mult/runs/TOP/41-odb-heuristicdiodeinsertion/2-openroad-detailedplacement/pipelined_mult.odb'…
Writing netlist to '/home/hien/openlane2/designs/fn_pj/pipeline-mult/runs/TOP/41-odb-heuristicdiodeinsertion/2-openroad-detailedplacement/pipelined_mult.nl.v'…
Writing powered netlist to '/home/hien/openlane2/designs/fn_pj/pipeline-mult/runs/TOP/41-odb-heuristicdiodeinsertion/2-openroad-detailedplacement/pipelined_mult.pnl.v'…
Writing layout to '/home/hien/openlane2/designs/fn_pj/pipeline-mult/runs/TOP/41-odb-heuristicdiodeinsertion/2-openroad-detailedplacement/pipelined_mult.def'…
Writing timing constraints to '/home/hien/openlane2/designs/fn_pj/pipeline-mult/runs/TOP/41-odb-heuristicdiodeinsertion/2-openroad-detailedplacement/pipelined_mult.sdc'…
