
===========================================================================
report_checks -unconstrained
===========================================================================
======================= nom_tt_025C_1v80 Corner ===================================

Startpoint: _20800_ (rising edge-triggered flip-flop clocked by clk)
Endpoint: _20713_ (rising edge-triggered flip-flop clocked by clk)
Path Group: clk
Path Type: max

Fanout         Cap        Slew       Delay        Time   Description
---------------------------------------------------------------------------------------------
                                  0.000000    0.000000   clock clk (rise edge)
                                  0.000000    0.000000   clock source latency
     2    0.051819    0.148185    0.107639    0.107639 ^ clk (in)
                                                         clk (net)
                      0.148213    0.000000    0.107639 ^ clkbuf_0_clk/A (sky130_fd_sc_hd__clkbuf_16)
     8    0.220571    0.230527    0.301070    0.408709 ^ clkbuf_0_clk/X (sky130_fd_sc_hd__clkbuf_16)
                                                         clknet_0_clk (net)
                      0.230792    0.006435    0.415144 ^ clkbuf_3_1__f_clk/A (sky130_fd_sc_hd__clkbuf_16)
     7    0.099587    0.116397    0.246320    0.661464 ^ clkbuf_3_1__f_clk/X (sky130_fd_sc_hd__clkbuf_16)
                                                         clknet_3_1__leaf_clk (net)
                      0.116513    0.003338    0.664802 ^ clkbuf_leaf_3_clk/A (sky130_fd_sc_hd__clkbuf_8)
     7    0.029494    0.065542    0.170201    0.835003 ^ clkbuf_leaf_3_clk/X (sky130_fd_sc_hd__clkbuf_8)
                                                         clknet_leaf_3_clk (net)
                      0.065557    0.000944    0.835947 ^ _20800_/CLK (sky130_fd_sc_hd__dfxtp_4)
     3    0.061287    0.178683    0.451369    1.287316 ^ _20800_/Q (sky130_fd_sc_hd__dfxtp_4)
                                                         b_h[6] (net)
                      0.178729    0.002809    1.290125 ^ max_cap514/A (sky130_fd_sc_hd__buf_12)
     8    0.089217    0.111088    0.187203    1.477329 ^ max_cap514/X (sky130_fd_sc_hd__buf_12)
                                                         net514 (net)
                      0.111896    0.007565    1.484894 ^ max_cap513/A (sky130_fd_sc_hd__buf_6)
    18    0.113416    0.226335    0.247894    1.732788 ^ max_cap513/X (sky130_fd_sc_hd__buf_6)
                                                         net513 (net)
                      0.227588    0.013658    1.746446 ^ max_cap512/A (sky130_fd_sc_hd__buf_12)
    22    0.108901    0.133192    0.211293    1.957739 ^ max_cap512/X (sky130_fd_sc_hd__buf_12)
                                                         net512 (net)
                      0.134788    0.011631    1.969370 ^ _15779_/B (sky130_fd_sc_hd__nand2_1)
     5    0.017002    0.133700    0.148376    2.117746 v _15779_/Y (sky130_fd_sc_hd__nand2_1)
                                                         _06658_ (net)
                      0.133700    0.000316    2.118063 v _15780_/B (sky130_fd_sc_hd__nand2_2)
     6    0.022837    0.132669    0.166576    2.284639 ^ _15780_/Y (sky130_fd_sc_hd__nand2_2)
                                                         _06659_ (net)
                      0.132669    0.000502    2.285141 ^ _15787_/A1 (sky130_fd_sc_hd__a21o_1)
     1    0.006803    0.069339    0.150119    2.435260 ^ _15787_/X (sky130_fd_sc_hd__a21o_1)
                                                         _06666_ (net)
                      0.069339    0.000224    2.435484 ^ _15788_/C (sky130_fd_sc_hd__nand3_2)
     5    0.025749    0.168691    0.161650    2.597135 v _15788_/Y (sky130_fd_sc_hd__nand3_2)
                                                         _06667_ (net)
                      0.168744    0.000667    2.597801 v _15866_/B1 (sky130_fd_sc_hd__a32oi_4)
     5    0.027057    0.306766    0.313960    2.911761 ^ _15866_/Y (sky130_fd_sc_hd__a32oi_4)
                                                         _06744_ (net)
                      0.306769    0.001815    2.913576 ^ _15867_/B (sky130_fd_sc_hd__nor2_2)
     5    0.024965    0.106539    0.137804    3.051380 v _15867_/Y (sky130_fd_sc_hd__nor2_2)
                                                         _06745_ (net)
                      0.106587    0.000756    3.052136 v _15870_/A (sky130_fd_sc_hd__nor2_2)
     2    0.012893    0.160440    0.192253    3.244388 ^ _15870_/Y (sky130_fd_sc_hd__nor2_2)
                                                         _06748_ (net)
                      0.160440    0.000153    3.244542 ^ max_cap262/A (sky130_fd_sc_hd__buf_1)
     4    0.014251    0.173487    0.198546    3.443088 ^ max_cap262/X (sky130_fd_sc_hd__buf_1)
                                                         net262 (net)
                      0.173487    0.000255    3.443343 ^ _15947_/B (sky130_fd_sc_hd__nand2_1)
     1    0.009083    0.081456    0.116823    3.560166 v _15947_/Y (sky130_fd_sc_hd__nand2_1)
                                                         _06825_ (net)
                      0.081456    0.000270    3.560436 v _15954_/A1 (sky130_fd_sc_hd__o211ai_4)
     4    0.027407    0.269217    0.289321    3.849757 ^ _15954_/Y (sky130_fd_sc_hd__o211ai_4)
                                                         _06832_ (net)
                      0.269217    0.000694    3.850450 ^ _15958_/A (sky130_fd_sc_hd__nand2_4)
     4    0.032517    0.112810    0.135473    3.985923 v _15958_/Y (sky130_fd_sc_hd__nand2_4)
                                                         _06836_ (net)
                      0.112852    0.001781    3.987704 v _15959_/B (sky130_fd_sc_hd__nand2_1)
     1    0.003929    0.059675    0.098767    4.086471 ^ _15959_/Y (sky130_fd_sc_hd__nand2_1)
                                                         _06837_ (net)
                      0.059676    0.000131    4.086601 ^ _15962_/A (sky130_fd_sc_hd__nand2_1)
     1    0.010068    0.080390    0.086581    4.173182 v _15962_/Y (sky130_fd_sc_hd__nand2_1)
                                                         _06840_ (net)
                      0.080390    0.000347    4.173529 v _15964_/C1 (sky130_fd_sc_hd__o211ai_4)
     3    0.016549    0.204438    0.106534    4.280063 ^ _15964_/Y (sky130_fd_sc_hd__o211ai_4)
                                                         _06842_ (net)
                      0.204438    0.000400    4.280463 ^ _15968_/B2 (sky130_fd_sc_hd__o22ai_4)
     4    0.031587    0.114350    0.147089    4.427552 v _15968_/Y (sky130_fd_sc_hd__o22ai_4)
                                                         _06845_ (net)
                      0.114387    0.001046    4.428597 v _16185_/A1_N (sky130_fd_sc_hd__o2bb2ai_4)
     5    0.027668    0.093231    0.201331    4.629929 v _16185_/Y (sky130_fd_sc_hd__o2bb2ai_4)
                                                         _07060_ (net)
                      0.093302    0.001355    4.631284 v _16566_/A1 (sky130_fd_sc_hd__a21o_1)
     1    0.003167    0.034677    0.171610    4.802894 v _16566_/X (sky130_fd_sc_hd__a21o_1)
                                                         _07439_ (net)
                      0.034677    0.000099    4.802993 v _16568_/C (sky130_fd_sc_hd__nand3_1)
     3    0.009138    0.117808    0.112090    4.915083 ^ _16568_/Y (sky130_fd_sc_hd__nand3_1)
                                                         _07441_ (net)
                      0.117808    0.000204    4.915287 ^ _16707_/B2 (sky130_fd_sc_hd__a32oi_1)
     1    0.003142    0.085301    0.071793    4.987079 v _16707_/Y (sky130_fd_sc_hd__a32oi_1)
                                                         _07579_ (net)
                      0.085301    0.000094    4.987173 v _16710_/B1 (sky130_fd_sc_hd__a311oi_1)
     1    0.003676    0.231842    0.269123    5.256297 ^ _16710_/Y (sky130_fd_sc_hd__a311oi_1)
                                                         _00353_ (net)
                      0.231842    0.000117    5.256413 ^ wire133/A (sky130_fd_sc_hd__clkbuf_2)
     1    0.015409    0.092140    0.195113    5.451527 ^ wire133/X (sky130_fd_sc_hd__clkbuf_2)
                                                         net133 (net)
                      0.092157    0.001251    5.452778 ^ wire132/A (sky130_fd_sc_hd__buf_1)
     1    0.036604    0.428701    0.361560    5.814338 ^ wire132/X (sky130_fd_sc_hd__buf_1)
                                                         net132 (net)
                      0.428708    0.001422    5.815760 ^ _20713_/D (sky130_fd_sc_hd__dfxtp_1)
                                              5.815760   data arrival time

                                 10.000000   10.000000   clock clk (rise edge)
                                  0.000000   10.000000   clock source latency
     2    0.051819    0.148185    0.107639   10.107639 ^ clk (in)
                                                         clk (net)
                      0.148213    0.000000   10.107639 ^ clkbuf_0_clk/A (sky130_fd_sc_hd__clkbuf_16)
     8    0.220571    0.230527    0.301070   10.408710 ^ clkbuf_0_clk/X (sky130_fd_sc_hd__clkbuf_16)
                                                         clknet_0_clk (net)
                      0.230792    0.006435   10.415145 ^ clkbuf_3_1__f_clk/A (sky130_fd_sc_hd__clkbuf_16)
     7    0.099587    0.116397    0.246320   10.661465 ^ clkbuf_3_1__f_clk/X (sky130_fd_sc_hd__clkbuf_16)
                                                         clknet_3_1__leaf_clk (net)
                      0.116441    0.002201   10.663666 ^ clkbuf_leaf_55_clk/A (sky130_fd_sc_hd__clkbuf_8)
     9    0.029058    0.064879    0.169688   10.833354 ^ clkbuf_leaf_55_clk/X (sky130_fd_sc_hd__clkbuf_8)
                                                         clknet_leaf_55_clk (net)
                      0.064884    0.000611   10.833965 ^ _20713_/CLK (sky130_fd_sc_hd__dfxtp_1)
                                 -0.200000   10.633965   clock uncertainty
                                  0.000000   10.633965   clock reconvergence pessimism
                                 -0.139458   10.494507   library setup time
                                             10.494507   data required time
---------------------------------------------------------------------------------------------
                                             10.494507   data required time
                                             -5.815760   data arrival time
---------------------------------------------------------------------------------------------
                                              4.678747   slack (MET)




===========================================================================
report_checks --slack_max -0.01
============================================================================
======================= nom_tt_025C_1v80 Corner ===================================

No paths found.


===========================================================================
 report_check_types -max_slew -max_cap -max_fanout -violators
============================================================================
======================= nom_tt_025C_1v80 Corner ===================================



===========================================================================
report_parasitic_annotation -report_unannotated
============================================================================
Found 56 unannotated drivers.
 clkload0/Y
 clkload1/Y
 clkload10/Y
 clkload11/Y
 clkload12/Y
 clkload13/Y
 clkload14/Y
 clkload15/Y
 clkload16/Y
 clkload17/Y
 clkload18/Y
 clkload19/Y
 clkload2/X
 clkload20/Y
 clkload21/Y
 clkload22/Y
 clkload23/Y
 clkload24/Y
 clkload25/Y
 clkload26/Y
 clkload27/Y
 clkload28/Y
 clkload29/Y
 clkload3/Y
 clkload30/Y
 clkload31/Y
 clkload32/Y
 clkload33/Y
 clkload34/X
 clkload35/Y
 clkload36/Y
 clkload37/Y
 clkload38/Y
 clkload39/Y
 clkload4/Y
 clkload40/Y
 clkload41/Y
 clkload42/Y
 clkload43/Y
 clkload44/Y
 clkload45/Y
 clkload46/Y
 clkload47/Y
 clkload48/Y
 clkload49/Y
 clkload5/Y
 clkload50/Y
 clkload51/Y
 clkload52/Y
 clkload53/Y
 clkload54/Y
 clkload55/Y
 clkload6/Y
 clkload7/X
 clkload8/X
 clkload9/Y
Found 0 partially unannotated drivers.

===========================================================================
max slew violation count 0
max fanout violation count 0
max cap violation count 0
============================================================================

===========================================================================
check_setup -verbose -unconstrained_endpoints -multiple_clock -no_clock -no_input_delay -loops -generated_clocks
===========================================================================
