
===========================================================================
report_checks -unconstrained
===========================================================================
======================= nom_tt_025C_1v80 Corner ===================================

Startpoint: _20766_ (rising edge-triggered flip-flop clocked by clk)
Endpoint: _20661_ (rising edge-triggered flip-flop clocked by clk)
Path Group: clk
Path Type: max

Fanout         Cap        Slew       Delay        Time   Description
---------------------------------------------------------------------------------------------
                                  0.000000    0.000000   clock clk (rise edge)
                                  0.000000    0.000000   clock source latency
     2    0.047774    0.137649    0.100593    0.100593 ^ clk (in)
                                                         clk (net)
                      0.137712    0.000000    0.100593 ^ clkbuf_0_clk/A (sky130_fd_sc_hd__clkbuf_16)
     8    0.104120    0.120350    0.220644    0.321237 ^ clkbuf_0_clk/X (sky130_fd_sc_hd__clkbuf_16)
                                                         clknet_0_clk (net)
                      0.120577    0.003771    0.325008 ^ clkbuf_3_0_0_clk/A (sky130_fd_sc_hd__clkbuf_8)
     9    0.073530    0.136046    0.221280    0.546287 ^ clkbuf_3_0_0_clk/X (sky130_fd_sc_hd__clkbuf_8)
                                                         clknet_3_0_0_clk (net)
                      0.137260    0.010330    0.556617 ^ clkbuf_leaf_56_clk/A (sky130_fd_sc_hd__clkbuf_8)
     6    0.018793    0.049904    0.163365    0.719983 ^ clkbuf_leaf_56_clk/X (sky130_fd_sc_hd__clkbuf_8)
                                                         clknet_leaf_56_clk (net)
                      0.049907    0.000451    0.720434 ^ _20766_/CLK (sky130_fd_sc_hd__dfxtp_4)
     6    0.044144    0.134142    0.412219    1.132653 ^ _20766_/Q (sky130_fd_sc_hd__dfxtp_4)
                                                         a_h[4] (net)
                      0.134217    0.002970    1.135623 ^ max_cap710/A (sky130_fd_sc_hd__buf_12)
     9    0.065332    0.085236    0.159835    1.295458 ^ max_cap710/X (sky130_fd_sc_hd__buf_12)
                                                         net710 (net)
                      0.085442    0.002886    1.298345 ^ wire709/A (sky130_fd_sc_hd__buf_12)
    12    0.063366    0.082676    0.145899    1.444243 ^ wire709/X (sky130_fd_sc_hd__buf_12)
                                                         net709 (net)
                      0.082815    0.002713    1.446957 ^ max_cap708/A (sky130_fd_sc_hd__buf_8)
     7    0.062024    0.106881    0.158011    1.604967 ^ max_cap708/X (sky130_fd_sc_hd__buf_8)
                                                         net708 (net)
                      0.107165    0.004430    1.609397 ^ max_cap707/A (sky130_fd_sc_hd__buf_12)
    17    0.082633    0.103473    0.165089    1.774486 ^ max_cap707/X (sky130_fd_sc_hd__buf_12)
                                                         net707 (net)
                      0.103618    0.003157    1.777644 ^ max_cap706/A (sky130_fd_sc_hd__buf_12)
    20    0.092546    0.114061    0.171216    1.948860 ^ max_cap706/X (sky130_fd_sc_hd__buf_12)
                                                         net706 (net)
                      0.114788    0.007289    1.956149 ^ _12106_/A (sky130_fd_sc_hd__nand2_1)
     2    0.006099    0.060900    0.083184    2.039333 v _12106_/Y (sky130_fd_sc_hd__nand2_1)
                                                         _03041_ (net)
                      0.060900    0.000116    2.039449 v _12244_/A1 (sky130_fd_sc_hd__o2111a_1)
     3    0.008097    0.067558    0.275789    2.315238 v _12244_/X (sky130_fd_sc_hd__o2111a_1)
                                                         _03178_ (net)
                      0.067558    0.000114    2.315352 v _12246_/B1 (sky130_fd_sc_hd__a21oi_1)
     1    0.003480    0.116434    0.127267    2.442619 ^ _12246_/Y (sky130_fd_sc_hd__a21oi_1)
                                                         _03180_ (net)
                      0.116434    0.000091    2.442710 ^ wire415/A (sky130_fd_sc_hd__buf_1)
     3    0.010574    0.131488    0.162301    2.605011 ^ wire415/X (sky130_fd_sc_hd__buf_1)
                                                         net415 (net)
                      0.131488    0.000193    2.605204 ^ _12263_/A (sky130_fd_sc_hd__nand2_2)
     5    0.022002    0.100440    0.119120    2.724324 v _12263_/Y (sky130_fd_sc_hd__nand2_2)
                                                         _03197_ (net)
                      0.100443    0.000484    2.724808 v _12267_/A2 (sky130_fd_sc_hd__o211ai_4)
     8    0.026697    0.264886    0.271130    2.995938 ^ _12267_/Y (sky130_fd_sc_hd__o211ai_4)
                                                         _03201_ (net)
                      0.264889    0.001182    2.997120 ^ _12416_/A (sky130_fd_sc_hd__nand2_1)
     1    0.003359    0.073164    0.089798    3.086918 v _12416_/Y (sky130_fd_sc_hd__nand2_1)
                                                         _03349_ (net)
                      0.073164    0.000084    3.087002 v _12417_/C (sky130_fd_sc_hd__nand3_1)
     3    0.013076    0.155887    0.154255    3.241257 ^ _12417_/Y (sky130_fd_sc_hd__nand3_1)
                                                         _03350_ (net)
                      0.155890    0.000554    3.241811 ^ _12419_/B1 (sky130_fd_sc_hd__a22o_1)
     3    0.009450    0.102287    0.191703    3.433514 ^ _12419_/X (sky130_fd_sc_hd__a22o_1)
                                                         _03352_ (net)
                      0.102287    0.000192    3.433705 ^ _12421_/A (sky130_fd_sc_hd__nand2_1)
     4    0.013123    0.101524    0.116917    3.550622 v _12421_/Y (sky130_fd_sc_hd__nand2_1)
                                                         _03354_ (net)
                      0.101524    0.000272    3.550894 v _12550_/A2 (sky130_fd_sc_hd__a21boi_1)
     2    0.009087    0.218340    0.243809    3.794703 ^ _12550_/Y (sky130_fd_sc_hd__a21boi_1)
                                                         _03482_ (net)
                      0.218340    0.000163    3.794865 ^ _12552_/B1 (sky130_fd_sc_hd__a21o_1)
     2    0.011800    0.109989    0.165114    3.959980 ^ _12552_/X (sky130_fd_sc_hd__a21o_1)
                                                         _03484_ (net)
                      0.109989    0.000199    3.960179 ^ _12555_/B1 (sky130_fd_sc_hd__o21ai_1)
     1    0.002696    0.065265    0.076090    4.036268 v _12555_/Y (sky130_fd_sc_hd__o21ai_1)
                                                         _03487_ (net)
                      0.065265    0.000060    4.036328 v _12561_/B2 (sky130_fd_sc_hd__a22oi_1)
     1    0.005768    0.201237    0.197968    4.234296 ^ _12561_/Y (sky130_fd_sc_hd__a22oi_1)
                                                         _03493_ (net)
                      0.201237    0.000209    4.234505 ^ _12563_/A1 (sky130_fd_sc_hd__a21oi_2)
     3    0.012643    0.081112    0.110544    4.345049 v _12563_/Y (sky130_fd_sc_hd__a21oi_2)
                                                         _03495_ (net)
                      0.081113    0.000433    4.345483 v _12676_/A3 (sky130_fd_sc_hd__a41oi_2)
     1    0.007501    0.176794    0.214225    4.559708 ^ _12676_/Y (sky130_fd_sc_hd__a41oi_2)
                                                         _03607_ (net)
                      0.176794    0.000353    4.560061 ^ wire140/A (sky130_fd_sc_hd__buf_6)
     4    0.026334    0.063287    0.151296    4.711357 ^ wire140/X (sky130_fd_sc_hd__buf_6)
                                                         net140 (net)
                      0.063383    0.002150    4.713507 ^ _13026_/B (sky130_fd_sc_hd__nand4_4)
     6    0.027617    0.151605    0.149059    4.862566 v _13026_/Y (sky130_fd_sc_hd__nand4_4)
                                                         _03953_ (net)
                      0.151622    0.001239    4.863805 v _13113_/A2 (sky130_fd_sc_hd__a21boi_2)
     3    0.010092    0.152234    0.220924    5.084729 ^ _13113_/Y (sky130_fd_sc_hd__a21boi_2)
                                                         _04038_ (net)
                      0.152234    0.000297    5.085025 ^ _13144_/A2 (sky130_fd_sc_hd__o21ai_1)
     1    0.002950    0.055962    0.076499    5.161525 v _13144_/Y (sky130_fd_sc_hd__o21ai_1)
                                                         _04068_ (net)
                      0.055962    0.000067    5.161592 v _13146_/A1 (sky130_fd_sc_hd__o211a_1)
     1    0.006727    0.056367    0.241922    5.403514 v _13146_/X (sky130_fd_sc_hd__o211a_1)
                                                         _00301_ (net)
                      0.056368    0.000355    5.403869 v _20661_/D (sky130_fd_sc_hd__dfxtp_1)
                                              5.403869   data arrival time

                                 10.000000   10.000000   clock clk (rise edge)
                                  0.000000   10.000000   clock source latency
     2    0.047774    0.137649    0.100592   10.100593 ^ clk (in)
                                                         clk (net)
                      0.137712    0.000000   10.100593 ^ clkbuf_0_clk/A (sky130_fd_sc_hd__clkbuf_16)
     8    0.104120    0.120350    0.220644   10.321237 ^ clkbuf_0_clk/X (sky130_fd_sc_hd__clkbuf_16)
                                                         clknet_0_clk (net)
                      0.120615    0.004140   10.325377 ^ clkbuf_3_2_0_clk/A (sky130_fd_sc_hd__clkbuf_8)
     9    0.068543    0.128101    0.215160   10.540537 ^ clkbuf_3_2_0_clk/X (sky130_fd_sc_hd__clkbuf_8)
                                                         clknet_3_2_0_clk (net)
                      0.128832    0.007841   10.548378 ^ clkbuf_leaf_14_clk/A (sky130_fd_sc_hd__clkbuf_8)
    14    0.040401    0.082621    0.187523   10.735901 ^ clkbuf_leaf_14_clk/X (sky130_fd_sc_hd__clkbuf_8)
                                                         clknet_leaf_14_clk (net)
                      0.082627    0.000814   10.736715 ^ _20661_/CLK (sky130_fd_sc_hd__dfxtp_1)
                                 -1.500000    9.236714   clock uncertainty
                                  0.000000    9.236714   clock reconvergence pessimism
                                 -0.106721    9.129993   library setup time
                                              9.129993   data required time
---------------------------------------------------------------------------------------------
                                              9.129993   data required time
                                             -5.403869   data arrival time
---------------------------------------------------------------------------------------------
                                              3.726124   slack (MET)




===========================================================================
report_checks --slack_max -0.01
============================================================================
======================= nom_tt_025C_1v80 Corner ===================================

No paths found.


===========================================================================
 report_check_types -max_slew -max_cap -max_fanout -violators
============================================================================
======================= nom_tt_025C_1v80 Corner ===================================



===========================================================================
report_parasitic_annotation -report_unannotated
============================================================================
Found 53 unannotated drivers.
 clkload0/Y
 clkload1/Y
 clkload10/X
 clkload11/X
 clkload12/X
 clkload13/X
 clkload14/Y
 clkload15/Y
 clkload16/Y
 clkload17/Y
 clkload18/Y
 clkload19/Y
 clkload2/X
 clkload20/Y
 clkload21/X
 clkload22/X
 clkload23/Y
 clkload24/X
 clkload25/Y
 clkload26/Y
 clkload27/Y
 clkload28/Y
 clkload29/Y
 clkload3/X
 clkload30/Y
 clkload31/Y
 clkload32/X
 clkload33/Y
 clkload34/Y
 clkload35/Y
 clkload36/Y
 clkload37/Y
 clkload38/X
 clkload39/X
 clkload4/X
 clkload40/Y
 clkload41/Y
 clkload42/Y
 clkload43/Y
 clkload44/Y
 clkload45/Y
 clkload46/Y
 clkload47/Y
 clkload48/Y
 clkload49/X
 clkload5/Y
 clkload50/X
 clkload51/Y
 clkload52/Y
 clkload6/Y
 clkload7/Y
 clkload8/Y
 clkload9/Y
Found 0 partially unannotated drivers.

===========================================================================
max slew violation count 0
Writing metric design__max_slew_violation__count__corner:nom_tt_025C_1v80: 0
max fanout violation count 0
Writing metric design__max_fanout_violation__count__corner:nom_tt_025C_1v80: 0
max cap violation count 0
Writing metric design__max_cap_violation__count__corner:nom_tt_025C_1v80: 0
============================================================================

===========================================================================
check_setup -verbose -unconstrained_endpoints -multiple_clock -no_clock -no_input_delay -loops -generated_clocks
===========================================================================
