Clock: clk
Sources: clk 
Generated: no
Virtual: yes
Propagated: no
Period: 10.000000

===========================================================================
report_clock_properties
============================================================================
Clock                   Period          Waveform
----------------------------------------------------
clk                  10.000000    0.000000  5.000000

===========================================================================
report_clock_latency
============================================================================
Clock clk
rise -> rise
    min     max
0.000000 0.000000 source latency
0.544287         network latency _20402_/CLK
        0.779110 network latency _20503_/CLK
---------------
0.544287 0.779110 latency
        0.234823 skew

fall -> fall
    min     max
0.000000 0.000000 source latency
0.477618         network latency _20687_/CLK
        0.689255 network latency _20503_/CLK
---------------
0.477618 0.689255 latency
        0.211637 skew



===========================================================================
report_clock_min_period
============================================================================
clk period_min = 6.27 fmax = 159.39
