Clock: clk
Sources: clk 
Generated: no
Virtual: yes
Propagated: no
Period: 10.000000

===========================================================================
report_clock_properties
============================================================================
Clock                   Period          Waveform
----------------------------------------------------
clk                  10.000000    0.000000  5.000000

===========================================================================
report_clock_latency
============================================================================
Clock clk
rise -> rise
    min     max
0.000000 0.000000 source latency
0.458406         network latency _20689_/CLK
        0.620199 network latency _20394_/CLK
---------------
0.458406 0.620199 latency
        0.161793 skew

fall -> fall
    min     max
0.000000 0.000000 source latency
0.395837         network latency _20689_/CLK
        0.543555 network latency _20394_/CLK
---------------
0.395837 0.543555 latency
        0.147718 skew



===========================================================================
report_clock_min_period
============================================================================
clk period_min = 3.44 fmax = 290.84
