if {[file exists ~/openlane2/my_script/script_matt.tcl]} {
    source ~/openlane2/my_script/script_matt.tcl
}
Reading OpenROAD database at '/home/hien/openlane2/designs/highspeed_pipelined_multiplier/runs/opti_7/25-odb-customioplacement/pipelined_mult.odb'…
Reading library file at '/home/hien/.volare/volare/sky130/versions/0fe599b2afb6708d281543108caf8310912f54af/sky130A/libs.ref/sky130_fd_sc_hd/lib/sky130_fd_sc_hd__tt_025C_1v80.lib'…
Reading design constraints file at '/home/hien/openlane2/designs/highspeed_pipelined_multiplier/src/pnr.sdc'…
[INFO] No information on clock propagation in input SDC file-- propagating all clocks.
[INFO] Setting RC values…
[INFO] Setting signal min routing layer to: met1 and clock min routing layer to met1. 
[INFO] Setting signal max routing layer to: met5 and clock max routing layer to met5. 
+ global_placement -density 0.65 -timing_driven -routability_driven -pad_right 0 -pad_left 0 -init_wirelength_coef 0.25
[INFO GPL-0002] DBU: 1000
[INFO GPL-0003] SiteSize: (  0.460  2.720 ) um
[INFO GPL-0004] CoreBBox: (  5.520 10.880 ) ( 544.180 538.560 ) um
[INFO GPL-0006] NumInstances:             15036
[INFO GPL-0007] NumPlaceInstances:        10630
[INFO GPL-0008] NumFixedInstances:         4406
[INFO GPL-0009] NumDummyInstances:            0
[INFO GPL-0010] NumNets:                  10696
[INFO GPL-0011] NumPins:                  43293
[INFO GPL-0012] DieBBox:  (  0.000  0.000 ) ( 550.000 550.000 ) um
[INFO GPL-0013] CoreBBox: (  5.520 10.880 ) ( 544.180 538.560 ) um
[INFO GPL-0016] CoreArea:            284240.109 um^2
[INFO GPL-0017] NonPlaceInstsArea:     6483.718 um^2
[INFO GPL-0018] PlaceInstsArea:      106514.656 um^2
[INFO GPL-0019] Util:                    38.348 %
[INFO GPL-0020] StdInstsArea:        106514.656 um^2
[INFO GPL-0021] MacroInstsArea:           0.000 um^2
[InitialPlace]  Iter: 1 CG residual: 0.00054691 HPWL: 314790285
[InitialPlace]  Iter: 2 CG residual: 0.00051203 HPWL: 140398197
[InitialPlace]  Iter: 3 CG residual: 0.00009720 HPWL: 140456301
[InitialPlace]  Iter: 4 CG residual: 0.00005652 HPWL: 141089993
[InitialPlace]  Iter: 5 CG residual: 0.00007623 HPWL: 140924580
[InitialPlace]  Iter: 6 CG residual: 0.00376477 HPWL: 141186054
[InitialPlace]  Iter: 7 CG residual: 0.00084835 HPWL: 142506884
[InitialPlace]  Iter: 8 CG residual: 0.00015385 HPWL: 141915048
[InitialPlace]  Iter: 9 CG residual: 0.00014090 HPWL: 141521473
[InitialPlace]  Iter: 10 CG residual: 0.00007238 HPWL: 141583560
[InitialPlace]  Iter: 11 CG residual: 0.00002979 HPWL: 141321435
[InitialPlace]  Iter: 12 CG residual: 0.00004722 HPWL: 141406660
[InitialPlace]  Iter: 13 CG residual: 0.00006786 HPWL: 141171107
[InitialPlace]  Iter: 14 CG residual: 0.00007317 HPWL: 141325335
[InitialPlace]  Iter: 15 CG residual: 0.00004198 HPWL: 141146571
[InitialPlace]  Iter: 16 CG residual: 0.00003197 HPWL: 141297639
[InitialPlace]  Iter: 17 CG residual: 0.00004110 HPWL: 141102809
[InitialPlace]  Iter: 18 CG residual: 0.00003059 HPWL: 141313137
[InitialPlace]  Iter: 19 CG residual: 0.00004167 HPWL: 141097643
[InitialPlace]  Iter: 20 CG residual: 0.00004077 HPWL: 141288781
[INFO GPL-0031] FillerInit:NumGCells:     18268
[INFO GPL-0032] FillerInit:NumGNets:      10696
[INFO GPL-0033] FillerInit:NumGPins:      43293
[INFO GPL-0023] TargetDensity:            0.650
[INFO GPL-0024] AvrgPlaceInstArea:       10.020 um^2
[INFO GPL-0025] IdealBinArea:            15.416 um^2
[INFO GPL-0026] IdealBinCnt:              18438
[INFO GPL-0027] TotalBinArea:        284240.109 um^2
[INFO GPL-0028] BinCnt:       128    128
[INFO GPL-0029] BinSize: (  4.209  4.123 )
[INFO GPL-0030] NumBins: 16384
[NesterovSolve] Iter:    1 overflow: 0.963 HPWL: 77271542
[NesterovSolve] Iter:   10 overflow: 0.920 HPWL: 85741312
[NesterovSolve] Iter:   20 overflow: 0.888 HPWL: 87724227
[NesterovSolve] Iter:   30 overflow: 0.871 HPWL: 94074519
[NesterovSolve] Iter:   40 overflow: 0.861 HPWL: 99523296
[NesterovSolve] Iter:   50 overflow: 0.858 HPWL: 101825254
[NesterovSolve] Iter:   60 overflow: 0.858 HPWL: 101328342
[NesterovSolve] Iter:   70 overflow: 0.860 HPWL: 99934648
[NesterovSolve] Iter:   80 overflow: 0.861 HPWL: 99059004
[NesterovSolve] Iter:   90 overflow: 0.861 HPWL: 98884139
[NesterovSolve] Iter:  100 overflow: 0.860 HPWL: 99105006
[NesterovSolve] Iter:  110 overflow: 0.861 HPWL: 99453689
[NesterovSolve] Iter:  120 overflow: 0.861 HPWL: 99763292
[NesterovSolve] Iter:  130 overflow: 0.860 HPWL: 100097850
[NesterovSolve] Iter:  140 overflow: 0.859 HPWL: 100708712
[NesterovSolve] Iter:  150 overflow: 0.857 HPWL: 101833143
[NesterovSolve] Iter:  160 overflow: 0.854 HPWL: 103586230
[NesterovSolve] Iter:  170 overflow: 0.851 HPWL: 106067229
[NesterovSolve] Iter:  180 overflow: 0.844 HPWL: 109408761
[NesterovSolve] Iter:  190 overflow: 0.835 HPWL: 113693400
[NesterovSolve] Iter:  200 overflow: 0.823 HPWL: 119089132
[NesterovSolve] Iter:  210 overflow: 0.807 HPWL: 125552432
[NesterovSolve] Iter:  220 overflow: 0.788 HPWL: 132877170
[INFO GPL-0100] Timing-driven: executing resizer for reweighting nets.
[INFO GPL-0101] Timing-driven: worst slack 3.67e-09
[INFO GPL-0103] Timing-driven: weighted 1069 nets.
[NesterovSolve] Iter:  230 overflow: 0.764 HPWL: 140198789
[NesterovSolve] Iter:  240 overflow: 0.741 HPWL: 146893648
[NesterovSolve] Iter:  250 overflow: 0.712 HPWL: 154190077
[NesterovSolve] Iter:  260 overflow: 0.675 HPWL: 162491895
[NesterovSolve] Iter:  270 overflow: 0.635 HPWL: 172145883
[INFO GPL-0100] Timing-driven: executing resizer for reweighting nets.
[INFO GPL-0101] Timing-driven: worst slack 3.45e-09
[INFO GPL-0103] Timing-driven: weighted 1069 nets.
[NesterovSolve] Snapshot saved at iter = 278
[NesterovSolve] Iter:  280 overflow: 0.594 HPWL: 180131543
[NesterovSolve] Iter:  290 overflow: 0.555 HPWL: 187362527
[NesterovSolve] Iter:  300 overflow: 0.520 HPWL: 191613596
[INFO GPL-0100] Timing-driven: executing resizer for reweighting nets.
[INFO GPL-0101] Timing-driven: worst slack 3.45e-09
[INFO GPL-0103] Timing-driven: weighted 1069 nets.
[NesterovSolve] Iter:  310 overflow: 0.479 HPWL: 197388197
[NesterovSolve] Iter:  320 overflow: 0.443 HPWL: 201167026
[NesterovSolve] Iter:  330 overflow: 0.407 HPWL: 205390100
[NesterovSolve] Iter:  340 overflow: 0.381 HPWL: 210641723
[NesterovSolve] Iter:  350 overflow: 0.351 HPWL: 213073549
[NesterovSolve] Iter:  360 overflow: 0.324 HPWL: 214934787
[NesterovSolve] Iter:  370 overflow: 0.306 HPWL: 216260751
[INFO GPL-0075] Routability numCall: 1 inflationIterCnt: 1 bloatIterCnt: 0
[INFO GPL-0036] TileBBox: (    0    0 ) ( 6900 6900 ) DBU
[INFO GPL-0038] TileCnt:      79   79
[INFO GPL-0040] NumTiles: 6241
[INFO GPL-0081] TotalRouteOverflow: 0
[INFO GPL-0082] OverflowTileCnt: 0
[INFO GPL-0083] 0.5%RC: 0.8789487704634666
[INFO GPL-0084] 1.0%RC: 0.8575644171427167
[INFO GPL-0085] 2.0%RC: 0.832633990764618
[INFO GPL-0086] 5.0%RC: 0.7919081139107482
[INFO GPL-0087] FinalRC: 0.86825657
[INFO GPL-0077] FinalRC lower than targetRC(1.01), routability not needed.
[NesterovSolve] Iter:  380 overflow: 0.284 HPWL: 217340500
[INFO GPL-0100] Timing-driven: executing resizer for reweighting nets.
[INFO GPL-0101] Timing-driven: worst slack 3.34e-09
[INFO GPL-0103] Timing-driven: weighted 1068 nets.
[NesterovSolve] Iter:  390 overflow: 0.263 HPWL: 218703473
[NesterovSolve] Iter:  400 overflow: 0.239 HPWL: 219673205
[NesterovSolve] Iter:  410 overflow: 0.216 HPWL: 220553393
[INFO GPL-0100] Timing-driven: executing resizer for reweighting nets.
[INFO GPL-0101] Timing-driven: worst slack 3.18e-09
[INFO GPL-0103] Timing-driven: weighted 1068 nets.
[NesterovSolve] Iter:  420 overflow: 0.194 HPWL: 221531530
[NesterovSolve] Iter:  430 overflow: 0.171 HPWL: 222362338
[NesterovSolve] Iter:  440 overflow: 0.149 HPWL: 223259343
[INFO GPL-0100] Timing-driven: executing resizer for reweighting nets.
[INFO GPL-0101] Timing-driven: worst slack 3.25e-09
[INFO GPL-0103] Timing-driven: weighted 1069 nets.
[NesterovSolve] Iter:  450 overflow: 0.128 HPWL: 224298659
[NesterovSolve] Iter:  460 overflow: 0.110 HPWL: 224617253
[NesterovSolve] Finished with Overflow: 0.098646
[INFO] Setting RC values…
Setting global connections for newly added cells…
[INFO] Setting global connections...
Updating metrics…
Cell type report:                       Count       Area
  Fill cell                               388    1456.40
  Tap cell                               4018    5027.32
  Inverter                                178     668.14
  Sequential cell                         450    9571.68
  Multi-Input combinational cell        10002   96274.84
  Total                                 15036  112998.37
Writing OpenROAD database to '/home/hien/openlane2/designs/highspeed_pipelined_multiplier/runs/opti_7/27-openroad-globalplacement/pipelined_mult.odb'…
Writing netlist to '/home/hien/openlane2/designs/highspeed_pipelined_multiplier/runs/opti_7/27-openroad-globalplacement/pipelined_mult.nl.v'…
Writing powered netlist to '/home/hien/openlane2/designs/highspeed_pipelined_multiplier/runs/opti_7/27-openroad-globalplacement/pipelined_mult.pnl.v'…
Writing layout to '/home/hien/openlane2/designs/highspeed_pipelined_multiplier/runs/opti_7/27-openroad-globalplacement/pipelined_mult.def'…
Writing timing constraints to '/home/hien/openlane2/designs/highspeed_pipelined_multiplier/runs/opti_7/27-openroad-globalplacement/pipelined_mult.sdc'…
