                                                                     Buffers by Cell Master                                                                     
┏━━━━━━━━━━━━━━━━━━━━━━━━━━━━━━━━━━━━━━━━━━━━━━━━━━━━━━━━━━━━━━━━━━━━━━━━━━━━━━━━━━━━━━━━━━━━━━━━━━━━━━━━━━━━━━━━━━━━━━━━━━━━━━━━━━━┳━━━━━━━━━━━━━━━━━━━━━━━━━━┓
┃ Buffer                                                                                                                            ┃ Count                    ┃
┡━━━━━━━━━━━━━━━━━━━━━━━━━━━━━━━━━━━━━━━━━━━━━━━━━━━━━━━━━━━━━━━━━━━━━━━━━━━━━━━━━━━━━━━━━━━━━━━━━━━━━━━━━━━━━━━━━━━━━━━━━━━━━━━━━━━╇━━━━━━━━━━━━━━━━━━━━━━━━━━┩
│ sky130_fd_sc_hd__buf_1                                                                                                            │ 151                      │
│ sky130_fd_sc_hd__buf_12                                                                                                           │ 202                      │
│ sky130_fd_sc_hd__buf_2                                                                                                            │ 106                      │
│ sky130_fd_sc_hd__buf_4                                                                                                            │ 29                       │
│ sky130_fd_sc_hd__buf_6                                                                                                            │ 97                       │
│ sky130_fd_sc_hd__buf_8                                                                                                            │ 66                       │
│ sky130_fd_sc_hd__bufbuf_16                                                                                                        │ 1                        │
│ sky130_fd_sc_hd__clkbuf_1                                                                                                         │ 146                      │
│ sky130_fd_sc_hd__clkbuf_16                                                                                                        │ 107                      │
│ sky130_fd_sc_hd__clkbuf_2                                                                                                         │ 93                       │
│ sky130_fd_sc_hd__clkbuf_4                                                                                                         │ 12                       │
│ sky130_fd_sc_hd__clkbuf_8                                                                                                         │ 75                       │
│ sky130_fd_sc_hd__clkdlybuf4s18_2                                                                                                  │ 1                        │
│ sky130_fd_sc_hd__dlygate4sd1_1                                                                                                    │ 185                      │
│ sky130_fd_sc_hd__dlygate4sd3_1                                                                                                    │ 432                      │
│ sky130_fd_sc_hd__dlymetal6s2s_1                                                                                                   │ 41                       │
│ sky130_fd_sc_hd__dlymetal6s4s_1                                                                                                   │ 17                       │
└───────────────────────────────────────────────────────────────────────────────────────────────────────────────────────────────────┴──────────────────────────┘
