
===========================================================================
report_checks -unconstrained
===========================================================================
======================= max_ss_100C_1v60 Corner ===================================

Startpoint: _20800_ (rising edge-triggered flip-flop clocked by clk)
Endpoint: _20728_ (rising edge-triggered flip-flop clocked by clk)
Path Group: clk
Path Type: max

Fanout         Cap        Slew       Delay        Time   Description
---------------------------------------------------------------------------------------------
                                  0.000000    0.000000   clock clk (rise edge)
                                  0.000000    0.000000   clock source latency
     2    0.056171    0.255500    0.189621    0.189621 ^ clk (in)
                                                         clk (net)
                      0.255530    0.000000    0.189621 ^ clkbuf_0_clk/A (sky130_fd_sc_hd__clkbuf_16)
     8    0.234955    0.366697    0.533067    0.722688 ^ clkbuf_0_clk/X (sky130_fd_sc_hd__clkbuf_16)
                                                         clknet_0_clk (net)
                      0.367687    0.015614    0.738302 ^ clkbuf_3_1__f_clk/A (sky130_fd_sc_hd__clkbuf_16)
     7    0.104369    0.184545    0.446344    1.184646 ^ clkbuf_3_1__f_clk/X (sky130_fd_sc_hd__clkbuf_16)
                                                         clknet_3_1__leaf_clk (net)
                      0.185179    0.007892    1.192538 ^ clkbuf_leaf_3_clk/A (sky130_fd_sc_hd__clkbuf_8)
     7    0.030399    0.109038    0.311586    1.504124 ^ clkbuf_leaf_3_clk/X (sky130_fd_sc_hd__clkbuf_8)
                                                         clknet_leaf_3_clk (net)
                      0.109087    0.002155    1.506279 ^ _20800_/CLK (sky130_fd_sc_hd__dfxtp_4)
     3    0.066634    0.311176    0.903822    2.410101 ^ _20800_/Q (sky130_fd_sc_hd__dfxtp_4)
                                                         b_h[6] (net)
                      0.311289    0.005666    2.415767 ^ max_cap514/A (sky130_fd_sc_hd__buf_12)
     8    0.093168    0.180760    0.359444    2.775211 ^ max_cap514/X (sky130_fd_sc_hd__buf_12)
                                                         net514 (net)
                      0.182729    0.015057    2.790267 ^ max_cap513/A (sky130_fd_sc_hd__buf_6)
    18    0.115194    0.364207    0.433591    3.223858 ^ max_cap513/X (sky130_fd_sc_hd__buf_6)
                                                         net513 (net)
                      0.367676    0.028693    3.252551 ^ max_cap512/A (sky130_fd_sc_hd__buf_12)
    22    0.115126    0.219241    0.400704    3.653254 ^ max_cap512/X (sky130_fd_sc_hd__buf_12)
                                                         net512 (net)
                      0.222909    0.022571    3.675825 ^ _15779_/B (sky130_fd_sc_hd__nand2_1)
     5    0.017099    0.293766    0.332339    4.008164 v _15779_/Y (sky130_fd_sc_hd__nand2_1)
                                                         _06658_ (net)
                      0.293766    0.000656    4.008820 v _15780_/B (sky130_fd_sc_hd__nand2_2)
     6    0.024462    0.229384    0.319560    4.328380 ^ _15780_/Y (sky130_fd_sc_hd__nand2_2)
                                                         _06659_ (net)
                      0.229396    0.001952    4.330332 ^ _15787_/A1 (sky130_fd_sc_hd__a21o_1)
     1    0.006610    0.110584    0.304443    4.634775 ^ _15787_/X (sky130_fd_sc_hd__a21o_1)
                                                         _06666_ (net)
                      0.110585    0.000525    4.635300 ^ _15788_/C (sky130_fd_sc_hd__nand3_2)
     5    0.026531    0.374382    0.375809    5.011109 v _15788_/Y (sky130_fd_sc_hd__nand3_2)
                                                         _06667_ (net)
                      0.374503    0.001642    5.012751 v _15791_/A2_N (sky130_fd_sc_hd__o2bb2ai_1)
     1    0.004909    0.124488    0.385179    5.397930 v _15791_/Y (sky130_fd_sc_hd__o2bb2ai_1)
                                                         _06670_ (net)
                      0.124488    0.000323    5.398252 v _15793_/A (sky130_fd_sc_hd__nand2_1)
     4    0.013958    0.220087    0.226480    5.624733 ^ _15793_/Y (sky130_fd_sc_hd__nand2_1)
                                                         _06672_ (net)
                      0.220088    0.000413    5.625145 ^ _15833_/B (sky130_fd_sc_hd__nand2_1)
     2    0.010390    0.188391    0.252874    5.878019 v _15833_/Y (sky130_fd_sc_hd__nand2_1)
                                                         _06712_ (net)
                      0.188391    0.000602    5.878621 v _15871_/B (sky130_fd_sc_hd__nand2_1)
     2    0.016117    0.250007    0.288098    6.166719 ^ _15871_/Y (sky130_fd_sc_hd__nand2_1)
                                                         _06749_ (net)
                      0.250016    0.001258    6.167977 ^ _15945_/A (sky130_fd_sc_hd__nand3_4)
     6    0.030350    0.264540    0.294332    6.462309 v _15945_/Y (sky130_fd_sc_hd__nand3_4)
                                                         _06823_ (net)
                      0.264547    0.001775    6.464085 v _15946_/B1 (sky130_fd_sc_hd__o21ai_1)
     2    0.010351    0.386235    0.333783    6.797867 ^ _15946_/Y (sky130_fd_sc_hd__o21ai_1)
                                                         _06824_ (net)
                      0.386235    0.000590    6.798458 ^ _15950_/B1 (sky130_fd_sc_hd__o21ai_2)
     4    0.018072    0.198117    0.307761    7.106219 v _15950_/Y (sky130_fd_sc_hd__o21ai_2)
                                                         _06828_ (net)
                      0.198119    0.001049    7.107268 v _15954_/C1 (sky130_fd_sc_hd__o211ai_4)
     4    0.027457    0.422905    0.248667    7.355936 ^ _15954_/Y (sky130_fd_sc_hd__o211ai_4)
                                                         _06832_ (net)
                      0.422906    0.001614    7.357550 ^ _15958_/A (sky130_fd_sc_hd__nand2_4)
     4    0.034503    0.200989    0.294716    7.652266 v _15958_/Y (sky130_fd_sc_hd__nand2_4)
                                                         _06836_ (net)
                      0.201155    0.004579    7.656844 v _15961_/C1 (sky130_fd_sc_hd__o211ai_2)
     1    0.010142    0.291354    0.190131    7.846976 ^ _15961_/Y (sky130_fd_sc_hd__o211ai_2)
                                                         _06839_ (net)
                      0.291355    0.000489    7.847465 ^ _15964_/B1 (sky130_fd_sc_hd__o211ai_4)
     3    0.015999    0.170734    0.276653    8.124119 v _15964_/Y (sky130_fd_sc_hd__o211ai_4)
                                                         _06842_ (net)
                      0.170736    0.000970    8.125089 v _15968_/B2 (sky130_fd_sc_hd__o22ai_4)
     4    0.031845    0.463215    0.399194    8.524282 ^ _15968_/Y (sky130_fd_sc_hd__o22ai_4)
                                                         _06845_ (net)
                      0.463260    0.003535    8.527817 ^ _16185_/A1_N (sky130_fd_sc_hd__o2bb2ai_4)
     5    0.030693    0.373787    0.412935    8.940751 ^ _16185_/Y (sky130_fd_sc_hd__o2bb2ai_4)
                                                         _07060_ (net)
                      0.373863    0.004225    8.944977 ^ _16565_/B (sky130_fd_sc_hd__nand2_4)
     2    0.021919    0.135600    0.237796    9.182773 v _16565_/Y (sky130_fd_sc_hd__nand2_4)
                                                         _07438_ (net)
                      0.135628    0.001911    9.184685 v _16716_/B2 (sky130_fd_sc_hd__a22oi_4)
     4    0.051680    0.639129    0.601155    9.785839 ^ _16716_/Y (sky130_fd_sc_hd__a22oi_4)
                                                         _07587_ (net)
                      0.639336    0.009273    9.795112 ^ _17761_/A1 (sky130_fd_sc_hd__a21oi_4)
     3    0.027428    0.213043    0.363985   10.159097 v _17761_/Y (sky130_fd_sc_hd__a21oi_4)
                                                         _08624_ (net)
                      0.213133    0.003939   10.163036 v _17917_/A2 (sky130_fd_sc_hd__o21bai_2)
     2    0.020025    0.412587    0.434864   10.597899 ^ _17917_/Y (sky130_fd_sc_hd__o21bai_2)
                                                         _08776_ (net)
                      0.412627    0.003280   10.601180 ^ _17949_/A (sky130_fd_sc_hd__nand2_1)
     1    0.004761    0.143494    0.243597   10.844777 v _17949_/Y (sky130_fd_sc_hd__nand2_1)
                                                         _08806_ (net)
                      0.143494    0.000331   10.845108 v _17952_/A2 (sky130_fd_sc_hd__a21oi_1)
     1    0.003610    0.190949    0.275818   11.120926 ^ _17952_/Y (sky130_fd_sc_hd__a21oi_1)
                                                         _08809_ (net)
                      0.190949    0.000157   11.121083 ^ _17954_/C (sky130_fd_sc_hd__nor3_1)
     1    0.002690    0.146171    0.123578   11.244661 v _17954_/Y (sky130_fd_sc_hd__nor3_1)
                                                         _00368_ (net)
                      0.146172    0.000168   11.244829 v _20728_/D (sky130_fd_sc_hd__dfxtp_1)
                                             11.244829   data arrival time

                                 10.000000   10.000000   clock clk (rise edge)
                                  0.000000   10.000000   clock source latency
     2    0.056171    0.255500    0.189621   10.189621 ^ clk (in)
                                                         clk (net)
                      0.255530    0.000000   10.189621 ^ clkbuf_0_clk/A (sky130_fd_sc_hd__clkbuf_16)
     8    0.234955    0.366697    0.533067   10.722688 ^ clkbuf_0_clk/X (sky130_fd_sc_hd__clkbuf_16)
                                                         clknet_0_clk (net)
                      0.367498    0.014097   10.736785 ^ clkbuf_3_4__f_clk/A (sky130_fd_sc_hd__clkbuf_16)
    11    0.113795    0.198101    0.452924   11.189709 ^ clkbuf_3_4__f_clk/X (sky130_fd_sc_hd__clkbuf_16)
                                                         clknet_3_4__leaf_clk (net)
                      0.199178    0.011007   11.200716 ^ clkbuf_leaf_6_clk/A (sky130_fd_sc_hd__clkbuf_8)
     5    0.027387    0.101520    0.311428   11.512144 ^ clkbuf_leaf_6_clk/X (sky130_fd_sc_hd__clkbuf_8)
                                                         clknet_leaf_6_clk (net)
                      0.101539    0.001362   11.513506 ^ _20728_/CLK (sky130_fd_sc_hd__dfxtp_1)
                                 -0.200000   11.313506   clock uncertainty
                                  0.000000   11.313506   clock reconvergence pessimism
                                 -0.292130   11.021376   library setup time
                                             11.021376   data required time
---------------------------------------------------------------------------------------------
                                             11.021376   data required time
                                            -11.244829   data arrival time
---------------------------------------------------------------------------------------------
                                             -0.223453   slack (VIOLATED)




===========================================================================
report_checks --slack_max -0.01
============================================================================
======================= max_ss_100C_1v60 Corner ===================================

Startpoint: _20800_ (rising edge-triggered flip-flop clocked by clk)
Endpoint: _20728_ (rising edge-triggered flip-flop clocked by clk)
Path Group: clk
Path Type: max

Fanout         Cap        Slew       Delay        Time   Description
---------------------------------------------------------------------------------------------
                                  0.000000    0.000000   clock clk (rise edge)
                                  0.000000    0.000000   clock source latency
     2    0.056171    0.255500    0.189621    0.189621 ^ clk (in)
                                                         clk (net)
                      0.255530    0.000000    0.189621 ^ clkbuf_0_clk/A (sky130_fd_sc_hd__clkbuf_16)
     8    0.234955    0.366697    0.533067    0.722688 ^ clkbuf_0_clk/X (sky130_fd_sc_hd__clkbuf_16)
                                                         clknet_0_clk (net)
                      0.367687    0.015614    0.738302 ^ clkbuf_3_1__f_clk/A (sky130_fd_sc_hd__clkbuf_16)
     7    0.104369    0.184545    0.446344    1.184646 ^ clkbuf_3_1__f_clk/X (sky130_fd_sc_hd__clkbuf_16)
                                                         clknet_3_1__leaf_clk (net)
                      0.185179    0.007892    1.192538 ^ clkbuf_leaf_3_clk/A (sky130_fd_sc_hd__clkbuf_8)
     7    0.030399    0.109038    0.311586    1.504124 ^ clkbuf_leaf_3_clk/X (sky130_fd_sc_hd__clkbuf_8)
                                                         clknet_leaf_3_clk (net)
                      0.109087    0.002155    1.506279 ^ _20800_/CLK (sky130_fd_sc_hd__dfxtp_4)
     3    0.066634    0.311176    0.903822    2.410101 ^ _20800_/Q (sky130_fd_sc_hd__dfxtp_4)
                                                         b_h[6] (net)
                      0.311289    0.005666    2.415767 ^ max_cap514/A (sky130_fd_sc_hd__buf_12)
     8    0.093168    0.180760    0.359444    2.775211 ^ max_cap514/X (sky130_fd_sc_hd__buf_12)
                                                         net514 (net)
                      0.182729    0.015057    2.790267 ^ max_cap513/A (sky130_fd_sc_hd__buf_6)
    18    0.115194    0.364207    0.433591    3.223858 ^ max_cap513/X (sky130_fd_sc_hd__buf_6)
                                                         net513 (net)
                      0.367676    0.028693    3.252551 ^ max_cap512/A (sky130_fd_sc_hd__buf_12)
    22    0.115126    0.219241    0.400704    3.653254 ^ max_cap512/X (sky130_fd_sc_hd__buf_12)
                                                         net512 (net)
                      0.222909    0.022571    3.675825 ^ _15779_/B (sky130_fd_sc_hd__nand2_1)
     5    0.017099    0.293766    0.332339    4.008164 v _15779_/Y (sky130_fd_sc_hd__nand2_1)
                                                         _06658_ (net)
                      0.293766    0.000656    4.008820 v _15780_/B (sky130_fd_sc_hd__nand2_2)
     6    0.024462    0.229384    0.319560    4.328380 ^ _15780_/Y (sky130_fd_sc_hd__nand2_2)
                                                         _06659_ (net)
                      0.229396    0.001952    4.330332 ^ _15787_/A1 (sky130_fd_sc_hd__a21o_1)
     1    0.006610    0.110584    0.304443    4.634775 ^ _15787_/X (sky130_fd_sc_hd__a21o_1)
                                                         _06666_ (net)
                      0.110585    0.000525    4.635300 ^ _15788_/C (sky130_fd_sc_hd__nand3_2)
     5    0.026531    0.374382    0.375809    5.011109 v _15788_/Y (sky130_fd_sc_hd__nand3_2)
                                                         _06667_ (net)
                      0.374503    0.001642    5.012751 v _15791_/A2_N (sky130_fd_sc_hd__o2bb2ai_1)
     1    0.004909    0.124488    0.385179    5.397930 v _15791_/Y (sky130_fd_sc_hd__o2bb2ai_1)
                                                         _06670_ (net)
                      0.124488    0.000323    5.398252 v _15793_/A (sky130_fd_sc_hd__nand2_1)
     4    0.013958    0.220087    0.226480    5.624733 ^ _15793_/Y (sky130_fd_sc_hd__nand2_1)
                                                         _06672_ (net)
                      0.220088    0.000413    5.625145 ^ _15833_/B (sky130_fd_sc_hd__nand2_1)
     2    0.010390    0.188391    0.252874    5.878019 v _15833_/Y (sky130_fd_sc_hd__nand2_1)
                                                         _06712_ (net)
                      0.188391    0.000602    5.878621 v _15871_/B (sky130_fd_sc_hd__nand2_1)
     2    0.016117    0.250007    0.288098    6.166719 ^ _15871_/Y (sky130_fd_sc_hd__nand2_1)
                                                         _06749_ (net)
                      0.250016    0.001258    6.167977 ^ _15945_/A (sky130_fd_sc_hd__nand3_4)
     6    0.030350    0.264540    0.294332    6.462309 v _15945_/Y (sky130_fd_sc_hd__nand3_4)
                                                         _06823_ (net)
                      0.264547    0.001775    6.464085 v _15946_/B1 (sky130_fd_sc_hd__o21ai_1)
     2    0.010351    0.386235    0.333783    6.797867 ^ _15946_/Y (sky130_fd_sc_hd__o21ai_1)
                                                         _06824_ (net)
                      0.386235    0.000590    6.798458 ^ _15950_/B1 (sky130_fd_sc_hd__o21ai_2)
     4    0.018072    0.198117    0.307761    7.106219 v _15950_/Y (sky130_fd_sc_hd__o21ai_2)
                                                         _06828_ (net)
                      0.198119    0.001049    7.107268 v _15954_/C1 (sky130_fd_sc_hd__o211ai_4)
     4    0.027457    0.422905    0.248667    7.355936 ^ _15954_/Y (sky130_fd_sc_hd__o211ai_4)
                                                         _06832_ (net)
                      0.422906    0.001614    7.357550 ^ _15958_/A (sky130_fd_sc_hd__nand2_4)
     4    0.034503    0.200989    0.294716    7.652266 v _15958_/Y (sky130_fd_sc_hd__nand2_4)
                                                         _06836_ (net)
                      0.201155    0.004579    7.656844 v _15961_/C1 (sky130_fd_sc_hd__o211ai_2)
     1    0.010142    0.291354    0.190131    7.846976 ^ _15961_/Y (sky130_fd_sc_hd__o211ai_2)
                                                         _06839_ (net)
                      0.291355    0.000489    7.847465 ^ _15964_/B1 (sky130_fd_sc_hd__o211ai_4)
     3    0.015999    0.170734    0.276653    8.124119 v _15964_/Y (sky130_fd_sc_hd__o211ai_4)
                                                         _06842_ (net)
                      0.170736    0.000970    8.125089 v _15968_/B2 (sky130_fd_sc_hd__o22ai_4)
     4    0.031845    0.463215    0.399194    8.524282 ^ _15968_/Y (sky130_fd_sc_hd__o22ai_4)
                                                         _06845_ (net)
                      0.463260    0.003535    8.527817 ^ _16185_/A1_N (sky130_fd_sc_hd__o2bb2ai_4)
     5    0.030693    0.373787    0.412935    8.940751 ^ _16185_/Y (sky130_fd_sc_hd__o2bb2ai_4)
                                                         _07060_ (net)
                      0.373863    0.004225    8.944977 ^ _16565_/B (sky130_fd_sc_hd__nand2_4)
     2    0.021919    0.135600    0.237796    9.182773 v _16565_/Y (sky130_fd_sc_hd__nand2_4)
                                                         _07438_ (net)
                      0.135628    0.001911    9.184685 v _16716_/B2 (sky130_fd_sc_hd__a22oi_4)
     4    0.051680    0.639129    0.601155    9.785839 ^ _16716_/Y (sky130_fd_sc_hd__a22oi_4)
                                                         _07587_ (net)
                      0.639336    0.009273    9.795112 ^ _17761_/A1 (sky130_fd_sc_hd__a21oi_4)
     3    0.027428    0.213043    0.363985   10.159097 v _17761_/Y (sky130_fd_sc_hd__a21oi_4)
                                                         _08624_ (net)
                      0.213133    0.003939   10.163036 v _17917_/A2 (sky130_fd_sc_hd__o21bai_2)
     2    0.020025    0.412587    0.434864   10.597899 ^ _17917_/Y (sky130_fd_sc_hd__o21bai_2)
                                                         _08776_ (net)
                      0.412627    0.003280   10.601180 ^ _17949_/A (sky130_fd_sc_hd__nand2_1)
     1    0.004761    0.143494    0.243597   10.844777 v _17949_/Y (sky130_fd_sc_hd__nand2_1)
                                                         _08806_ (net)
                      0.143494    0.000331   10.845108 v _17952_/A2 (sky130_fd_sc_hd__a21oi_1)
     1    0.003610    0.190949    0.275818   11.120926 ^ _17952_/Y (sky130_fd_sc_hd__a21oi_1)
                                                         _08809_ (net)
                      0.190949    0.000157   11.121083 ^ _17954_/C (sky130_fd_sc_hd__nor3_1)
     1    0.002690    0.146171    0.123578   11.244661 v _17954_/Y (sky130_fd_sc_hd__nor3_1)
                                                         _00368_ (net)
                      0.146172    0.000168   11.244829 v _20728_/D (sky130_fd_sc_hd__dfxtp_1)
                                             11.244829   data arrival time

                                 10.000000   10.000000   clock clk (rise edge)
                                  0.000000   10.000000   clock source latency
     2    0.056171    0.255500    0.189621   10.189621 ^ clk (in)
                                                         clk (net)
                      0.255530    0.000000   10.189621 ^ clkbuf_0_clk/A (sky130_fd_sc_hd__clkbuf_16)
     8    0.234955    0.366697    0.533067   10.722688 ^ clkbuf_0_clk/X (sky130_fd_sc_hd__clkbuf_16)
                                                         clknet_0_clk (net)
                      0.367498    0.014097   10.736785 ^ clkbuf_3_4__f_clk/A (sky130_fd_sc_hd__clkbuf_16)
    11    0.113795    0.198101    0.452924   11.189709 ^ clkbuf_3_4__f_clk/X (sky130_fd_sc_hd__clkbuf_16)
                                                         clknet_3_4__leaf_clk (net)
                      0.199178    0.011007   11.200716 ^ clkbuf_leaf_6_clk/A (sky130_fd_sc_hd__clkbuf_8)
     5    0.027387    0.101520    0.311428   11.512144 ^ clkbuf_leaf_6_clk/X (sky130_fd_sc_hd__clkbuf_8)
                                                         clknet_leaf_6_clk (net)
                      0.101539    0.001362   11.513506 ^ _20728_/CLK (sky130_fd_sc_hd__dfxtp_1)
                                 -0.200000   11.313506   clock uncertainty
                                  0.000000   11.313506   clock reconvergence pessimism
                                 -0.292130   11.021376   library setup time
                                             11.021376   data required time
---------------------------------------------------------------------------------------------
                                             11.021376   data required time
                                            -11.244829   data arrival time
---------------------------------------------------------------------------------------------
                                             -0.223453   slack (VIOLATED)




===========================================================================
 report_check_types -max_slew -max_cap -max_fanout -violators
============================================================================
======================= max_ss_100C_1v60 Corner ===================================



===========================================================================
report_parasitic_annotation -report_unannotated
============================================================================
Found 56 unannotated drivers.
 clkload0/Y
 clkload1/Y
 clkload10/Y
 clkload11/Y
 clkload12/Y
 clkload13/Y
 clkload14/Y
 clkload15/Y
 clkload16/Y
 clkload17/Y
 clkload18/Y
 clkload19/Y
 clkload2/X
 clkload20/Y
 clkload21/Y
 clkload22/Y
 clkload23/Y
 clkload24/Y
 clkload25/Y
 clkload26/Y
 clkload27/Y
 clkload28/Y
 clkload29/Y
 clkload3/Y
 clkload30/Y
 clkload31/Y
 clkload32/Y
 clkload33/Y
 clkload34/X
 clkload35/Y
 clkload36/Y
 clkload37/Y
 clkload38/Y
 clkload39/Y
 clkload4/Y
 clkload40/Y
 clkload41/Y
 clkload42/Y
 clkload43/Y
 clkload44/Y
 clkload45/Y
 clkload46/Y
 clkload47/Y
 clkload48/Y
 clkload49/Y
 clkload5/Y
 clkload50/Y
 clkload51/Y
 clkload52/Y
 clkload53/Y
 clkload54/Y
 clkload55/Y
 clkload6/Y
 clkload7/X
 clkload8/X
 clkload9/Y
Found 0 partially unannotated drivers.

===========================================================================
max slew violation count 0
max fanout violation count 0
max cap violation count 0
============================================================================

===========================================================================
check_setup -verbose -unconstrained_endpoints -multiple_clock -no_clock -no_input_delay -loops -generated_clocks
===========================================================================
