Clock: clk
Sources: clk 
Generated: no
Virtual: yes
Propagated: no
Period: 10.000000

===========================================================================
report_clock_properties
============================================================================
Clock                   Period          Waveform
----------------------------------------------------
clk                  10.000000    0.000000  5.000000

===========================================================================
report_clock_latency
============================================================================
Clock clk
rise -> rise
    min     max
0.000000 0.000000 source latency
1.176699         network latency _20688_/CLK
        1.574696 network latency _20394_/CLK
---------------
1.176699 1.574696 latency
        0.397997 skew

fall -> fall
    min     max
0.000000 0.000000 source latency
1.005540         network latency _20688_/CLK
        1.372099 network latency _20394_/CLK
---------------
1.005540 1.372099 latency
        0.366559 skew



===========================================================================
report_clock_min_period
============================================================================
clk period_min = 10.22 fmax = 97.81
