if {[file exists ~/openlane2/my_script/script_matt.tcl]} {
    source ~/openlane2/my_script/script_matt.tcl
}
Reading OpenROAD database at '/home/hien/openlane2/designs/fn_pj/pipeline-mult/runs/ADD/36-openroad-resizertimingpostcts/add3x64.odb'…
Reading library file at '/home/hien/.volare/volare/sky130/versions/0fe599b2afb6708d281543108caf8310912f54af/sky130A/libs.ref/sky130_fd_sc_hd/lib/sky130_fd_sc_hd__tt_025C_1v80.lib'…
Reading design constraints file at '/home/hien/openlane2/designs/fn_pj/pipeline-mult/add64.sdc'…
[INFO] Setting signal min routing layer to: met1 and clock min routing layer to met1. 
[INFO] Setting signal max routing layer to: met5 and clock max routing layer to met5. 
-congestion_iterations 50 -verbose
[INFO GRT-0020] Min routing layer: met1
[INFO GRT-0021] Max routing layer: met5
[INFO GRT-0022] Global adjustment: 30%
[INFO GRT-0023] Grid origin: (0, 0)
[INFO GRT-0043] No OR_DEFAULT vias defined.
[INFO GRT-0088] Layer li1     Track-Pitch = 0.4600  line-2-Via Pitch: 0.3400
[INFO GRT-0088] Layer met1    Track-Pitch = 0.3400  line-2-Via Pitch: 0.3400
[INFO GRT-0088] Layer met2    Track-Pitch = 0.4600  line-2-Via Pitch: 0.3500
[INFO GRT-0088] Layer met3    Track-Pitch = 0.6800  line-2-Via Pitch: 0.6150
[INFO GRT-0088] Layer met4    Track-Pitch = 0.9200  line-2-Via Pitch: 1.0400
[INFO GRT-0088] Layer met5    Track-Pitch = 3.4000  line-2-Via Pitch: 3.1100
[INFO GRT-0019] Found 10 clock nets.
[INFO GRT-0001] Minimum degree: 2
[INFO GRT-0002] Maximum degree: 12
[INFO GRT-0003] Macros: 0
[INFO GRT-0043] No OR_DEFAULT vias defined.
[INFO GRT-0004] Blockages: 931

[INFO GRT-0053] Routing resources analysis:
          Routing      Original      Derated      Resource
Layer     Direction    Resources     Resources    Reduction (%)
---------------------------------------------------------------
li1        Vertical            0             0          0.00%
met1       Horizontal      15380          7512          51.16%
met2       Vertical        13014          8096          37.79%
met3       Horizontal       7690          5278          31.37%
met4       Vertical         5331          3139          41.12%
met5       Horizontal       1538           754          50.98%
---------------------------------------------------------------

[INFO GRT-0197] Via related to pin nodes: 6833
[INFO GRT-0198] Via related Steiner nodes: 54
[INFO GRT-0199] Via filling finished.
[INFO GRT-0111] Final number of vias: 8389
[INFO GRT-0112] Final usage 3D: 29117

[INFO GRT-0096] Final congestion report:
Layer         Resource        Demand        Usage (%)    Max H / Max V / Total Overflow
---------------------------------------------------------------------------------------
li1                  0             0            0.00%             0 /  0 /  0
met1              7512          1577           20.99%             0 /  0 /  0
met2              8096          2310           28.53%             0 /  0 /  0
met3              5278            28            0.53%             0 /  0 /  0
met4              3139            35            1.12%             0 /  0 /  0
met5               754             0            0.00%             0 /  0 /  0
---------------------------------------------------------------------------------------
Total            24779          3950           15.94%             0 /  0 /  0

[INFO GRT-0018] Total wirelength: 44525 um
[INFO GRT-0014] Routed nets: 1509
%OL_CREATE_REPORT antenna.rpt
[INFO GRT-0043] No OR_DEFAULT vias defined.
[INFO ANT-0002] Found 0 net violations.
[INFO ANT-0001] Found 0 pin violations.
%OL_END_REPORT
[INFO] Setting RC values…
Setting global connections for newly added cells…
[INFO] Setting global connections...
Updating metrics…
Cell type report:                       Count       Area
  Fill cell                               278    1043.50
  Tap cell                                423     529.26
  Clock buffer                             10     142.64
  Timing Repair Buffer                    271    1425.12
  Inverter                                 24      90.09
  Clock inverter                            6      60.06
  Sequential cell                          64    1281.23
  Multi-Input combinational cell          947    6742.72
  Total                                  2023   11314.60
Writing OpenROAD database to '/home/hien/openlane2/designs/fn_pj/pipeline-mult/runs/ADD/38-openroad-globalrouting/add3x64.odb'…
Writing layout to '/home/hien/openlane2/designs/fn_pj/pipeline-mult/runs/ADD/38-openroad-globalrouting/add3x64.def'…
