Clock: clk
Sources: clk 
Generated: no
Virtual: yes
Propagated: no
Period: 10.000000

===========================================================================
report_clock_properties
============================================================================
Clock                   Period          Waveform
----------------------------------------------------
clk                  10.000000    0.000000  5.000000

===========================================================================
report_clock_latency
============================================================================
Clock clk
rise -> rise
    min     max
0.000000 0.000000 source latency
0.667193         network latency _20650_/CLK
        0.884458 network latency _20484_/CLK
---------------
0.667193 0.884458 latency
        0.217265 skew

fall -> fall
    min     max
0.000000 0.000000 source latency
0.565091         network latency _20650_/CLK
        0.766401 network latency _20484_/CLK
---------------
0.565091 0.766401 latency
        0.201310 skew



===========================================================================
report_clock_min_period
============================================================================
clk period_min = 5.26 fmax = 190.14
