                                                                        Cells by Master                                                                         
┏━━━━━━━━━━━━━━━━━━━━━━━━━━━━━━━━━━━━━━━━━━━━━━━━━━━━━━━━━━━━━━━━━━━━━━━━━━━━━━━━━━━━━━━━━━━━━━━━━━━━━━━━━━━━━━━━━━━━━━━━━━━━━━━━━━┳━━━━━━━━━━━━━━━━━━━━━━━━━━━┓
┃ Cell                                                                                                                             ┃ Count                     ┃
┡━━━━━━━━━━━━━━━━━━━━━━━━━━━━━━━━━━━━━━━━━━━━━━━━━━━━━━━━━━━━━━━━━━━━━━━━━━━━━━━━━━━━━━━━━━━━━━━━━━━━━━━━━━━━━━━━━━━━━━━━━━━━━━━━━━╇━━━━━━━━━━━━━━━━━━━━━━━━━━━┩
│ sky130_ef_sc_hd__decap_12                                                                                                        │ 1096                      │
│ sky130_fd_sc_hd__a2111o_1                                                                                                        │ 1                         │
│ sky130_fd_sc_hd__a2111oi_1                                                                                                       │ 1                         │
│ sky130_fd_sc_hd__a2111oi_4                                                                                                       │ 1                         │
│ sky130_fd_sc_hd__a211o_1                                                                                                         │ 25                        │
│ sky130_fd_sc_hd__a211o_4                                                                                                         │ 1                         │
│ sky130_fd_sc_hd__a211oi_1                                                                                                        │ 14                        │
│ sky130_fd_sc_hd__a211oi_2                                                                                                        │ 5                         │
│ sky130_fd_sc_hd__a211oi_4                                                                                                        │ 3                         │
│ sky130_fd_sc_hd__a21bo_1                                                                                                         │ 58                        │
│ sky130_fd_sc_hd__a21bo_2                                                                                                         │ 4                         │
│ sky130_fd_sc_hd__a21boi_1                                                                                                        │ 64                        │
│ sky130_fd_sc_hd__a21boi_2                                                                                                        │ 45                        │
│ sky130_fd_sc_hd__a21boi_4                                                                                                        │ 16                        │
│ sky130_fd_sc_hd__a21o_1                                                                                                          │ 529                       │
│ sky130_fd_sc_hd__a21o_2                                                                                                          │ 3                         │
│ sky130_fd_sc_hd__a21o_4                                                                                                          │ 6                         │
│ sky130_fd_sc_hd__a21oi_1                                                                                                         │ 443                       │
│ sky130_fd_sc_hd__a21oi_2                                                                                                         │ 148                       │
│ sky130_fd_sc_hd__a21oi_4                                                                                                         │ 60                        │
│ sky130_fd_sc_hd__a221o_1                                                                                                         │ 9                         │
│ sky130_fd_sc_hd__a221oi_1                                                                                                        │ 5                         │
│ sky130_fd_sc_hd__a221oi_2                                                                                                        │ 2                         │
│ sky130_fd_sc_hd__a22o_1                                                                                                          │ 270                       │
│ sky130_fd_sc_hd__a22o_2                                                                                                          │ 4                         │
│ sky130_fd_sc_hd__a22o_4                                                                                                          │ 7                         │
│ sky130_fd_sc_hd__a22oi_1                                                                                                         │ 119                       │
│ sky130_fd_sc_hd__a22oi_2                                                                                                         │ 109                       │
│ sky130_fd_sc_hd__a22oi_4                                                                                                         │ 89                        │
│ sky130_fd_sc_hd__a2bb2o_1                                                                                                        │ 20                        │
│ sky130_fd_sc_hd__a2bb2o_2                                                                                                        │ 7                         │
│ sky130_fd_sc_hd__a2bb2oi_1                                                                                                       │ 18                        │
│ sky130_fd_sc_hd__a2bb2oi_2                                                                                                       │ 16                        │
│ sky130_fd_sc_hd__a2bb2oi_4                                                                                                       │ 4                         │
│ sky130_fd_sc_hd__a311o_1                                                                                                         │ 6                         │
│ sky130_fd_sc_hd__a311oi_1                                                                                                        │ 10                        │
│ sky130_fd_sc_hd__a311oi_2                                                                                                        │ 2                         │
│ sky130_fd_sc_hd__a31o_1                                                                                                          │ 149                       │
│ sky130_fd_sc_hd__a31o_2                                                                                                          │ 4                         │
│ sky130_fd_sc_hd__a31o_4                                                                                                          │ 4                         │
│ sky130_fd_sc_hd__a31oi_1                                                                                                         │ 34                        │
│ sky130_fd_sc_hd__a31oi_2                                                                                                         │ 33                        │
│ sky130_fd_sc_hd__a31oi_4                                                                                                         │ 19                        │
│ sky130_fd_sc_hd__a32o_1                                                                                                          │ 25                        │
│ sky130_fd_sc_hd__a32o_2                                                                                                          │ 6                         │
│ sky130_fd_sc_hd__a32oi_1                                                                                                         │ 7                         │
│ sky130_fd_sc_hd__a32oi_2                                                                                                         │ 20                        │
│ sky130_fd_sc_hd__a32oi_4                                                                                                         │ 32                        │
│ sky130_fd_sc_hd__a41o_1                                                                                                          │ 48                        │
│ sky130_fd_sc_hd__a41oi_1                                                                                                         │ 1                         │
│ sky130_fd_sc_hd__a41oi_2                                                                                                         │ 2                         │
│ sky130_fd_sc_hd__a41oi_4                                                                                                         │ 1                         │
│ sky130_fd_sc_hd__and2_1                                                                                                          │ 354                       │
│ sky130_fd_sc_hd__and2_2                                                                                                          │ 8                         │
│ sky130_fd_sc_hd__and2_4                                                                                                          │ 7                         │
│ sky130_fd_sc_hd__and2b_1                                                                                                         │ 15                        │
│ sky130_fd_sc_hd__and3_1                                                                                                          │ 279                       │
│ sky130_fd_sc_hd__and3_2                                                                                                          │ 6                         │
│ sky130_fd_sc_hd__and3_4                                                                                                          │ 8                         │
│ sky130_fd_sc_hd__and3b_1                                                                                                         │ 2                         │
│ sky130_fd_sc_hd__and4_1                                                                                                          │ 153                       │
│ sky130_fd_sc_hd__and4_2                                                                                                          │ 11                        │
│ sky130_fd_sc_hd__and4_4                                                                                                          │ 8                         │
│ sky130_fd_sc_hd__and4b_1                                                                                                         │ 12                        │
│ sky130_fd_sc_hd__and4b_2                                                                                                         │ 1                         │
│ sky130_fd_sc_hd__and4bb_1                                                                                                        │ 4                         │
│ sky130_fd_sc_hd__buf_1                                                                                                           │ 141                       │
│ sky130_fd_sc_hd__buf_12                                                                                                          │ 178                       │
│ sky130_fd_sc_hd__buf_2                                                                                                           │ 105                       │
│ sky130_fd_sc_hd__buf_4                                                                                                           │ 36                        │
│ sky130_fd_sc_hd__buf_6                                                                                                           │ 91                        │
│ sky130_fd_sc_hd__buf_8                                                                                                           │ 83                        │
│ sky130_fd_sc_hd__bufinv_16                                                                                                       │ 7                         │
│ sky130_fd_sc_hd__clkbuf_1                                                                                                        │ 118                       │
│ sky130_fd_sc_hd__clkbuf_16                                                                                                       │ 60                        │
│ sky130_fd_sc_hd__clkbuf_2                                                                                                        │ 96                        │
│ sky130_fd_sc_hd__clkbuf_4                                                                                                        │ 4                         │
│ sky130_fd_sc_hd__clkbuf_8                                                                                                        │ 82                        │
│ sky130_fd_sc_hd__clkinv_1                                                                                                        │ 1                         │
│ sky130_fd_sc_hd__clkinv_16                                                                                                       │ 4                         │
│ sky130_fd_sc_hd__clkinv_2                                                                                                        │ 1                         │
│ sky130_fd_sc_hd__clkinv_4                                                                                                        │ 4                         │
│ sky130_fd_sc_hd__clkinv_8                                                                                                        │ 15                        │
│ sky130_fd_sc_hd__clkinvlp_4                                                                                                      │ 2                         │
│ sky130_fd_sc_hd__decap_3                                                                                                         │ 1200                      │
│ sky130_fd_sc_hd__decap_4                                                                                                         │ 999                       │
│ sky130_fd_sc_hd__decap_6                                                                                                         │ 670                       │
│ sky130_fd_sc_hd__decap_8                                                                                                         │ 788                       │
│ sky130_fd_sc_hd__dfxtp_1                                                                                                         │ 372                       │
│ sky130_fd_sc_hd__dfxtp_2                                                                                                         │ 17                        │
│ sky130_fd_sc_hd__dfxtp_4                                                                                                         │ 61                        │
│ sky130_fd_sc_hd__diode_2                                                                                                         │ 35                        │
│ sky130_fd_sc_hd__dlygate4sd1_1                                                                                                   │ 142                       │
│ sky130_fd_sc_hd__dlygate4sd3_1                                                                                                   │ 220                       │
│ sky130_fd_sc_hd__dlymetal6s2s_1                                                                                                  │ 43                        │
│ sky130_fd_sc_hd__dlymetal6s4s_1                                                                                                  │ 5                         │
│ sky130_fd_sc_hd__fill_1                                                                                                          │ 2467                      │
│ sky130_fd_sc_hd__fill_2                                                                                                          │ 1370                      │
│ sky130_fd_sc_hd__inv_12                                                                                                          │ 12                        │
│ sky130_fd_sc_hd__inv_16                                                                                                          │ 12                        │
│ sky130_fd_sc_hd__inv_2                                                                                                           │ 132                       │
│ sky130_fd_sc_hd__inv_4                                                                                                           │ 3                         │
│ sky130_fd_sc_hd__inv_6                                                                                                           │ 15                        │
│ sky130_fd_sc_hd__inv_8                                                                                                           │ 22                        │
│ sky130_fd_sc_hd__mux2_1                                                                                                          │ 1                         │
│ sky130_fd_sc_hd__nand2_1                                                                                                         │ 1592                      │
│ sky130_fd_sc_hd__nand2_2                                                                                                         │ 299                       │
│ sky130_fd_sc_hd__nand2_4                                                                                                         │ 62                        │
│ sky130_fd_sc_hd__nand2_8                                                                                                         │ 26                        │
│ sky130_fd_sc_hd__nand2b_1                                                                                                        │ 9                         │
│ sky130_fd_sc_hd__nand3_1                                                                                                         │ 400                       │
│ sky130_fd_sc_hd__nand3_2                                                                                                         │ 360                       │
│ sky130_fd_sc_hd__nand3_4                                                                                                         │ 220                       │
│ sky130_fd_sc_hd__nand3b_1                                                                                                        │ 36                        │
│ sky130_fd_sc_hd__nand3b_2                                                                                                        │ 26                        │
│ sky130_fd_sc_hd__nand3b_4                                                                                                        │ 27                        │
│ sky130_fd_sc_hd__nand4_1                                                                                                         │ 235                       │
│ sky130_fd_sc_hd__nand4_2                                                                                                         │ 231                       │
│ sky130_fd_sc_hd__nand4_4                                                                                                         │ 149                       │
│ sky130_fd_sc_hd__nand4b_1                                                                                                        │ 4                         │
│ sky130_fd_sc_hd__nand4b_2                                                                                                        │ 6                         │
│ sky130_fd_sc_hd__nand4b_4                                                                                                        │ 1                         │
│ sky130_fd_sc_hd__nor2_1                                                                                                          │ 243                       │
│ sky130_fd_sc_hd__nor2_2                                                                                                          │ 27                        │
│ sky130_fd_sc_hd__nor2_4                                                                                                          │ 10                        │
│ sky130_fd_sc_hd__nor2_8                                                                                                          │ 1                         │
│ sky130_fd_sc_hd__nor3_1                                                                                                          │ 30                        │
│ sky130_fd_sc_hd__nor3_2                                                                                                          │ 5                         │
│ sky130_fd_sc_hd__nor3_4                                                                                                          │ 1                         │
│ sky130_fd_sc_hd__nor3b_1                                                                                                         │ 7                         │
│ sky130_fd_sc_hd__nor4_1                                                                                                          │ 4                         │
│ sky130_fd_sc_hd__nor4_2                                                                                                          │ 1                         │
│ sky130_fd_sc_hd__nor4_4                                                                                                          │ 1                         │
│ sky130_fd_sc_hd__nor4b_1                                                                                                         │ 1                         │
│ sky130_fd_sc_hd__nor4b_4                                                                                                         │ 1                         │
│ sky130_fd_sc_hd__o2111a_1                                                                                                        │ 22                        │
│ sky130_fd_sc_hd__o2111a_2                                                                                                        │ 1                         │
│ sky130_fd_sc_hd__o2111a_4                                                                                                        │ 2                         │
│ sky130_fd_sc_hd__o2111ai_1                                                                                                       │ 41                        │
│ sky130_fd_sc_hd__o2111ai_2                                                                                                       │ 43                        │
│ sky130_fd_sc_hd__o2111ai_4                                                                                                       │ 87                        │
│ sky130_fd_sc_hd__o211a_1                                                                                                         │ 144                       │
│ sky130_fd_sc_hd__o211a_2                                                                                                         │ 4                         │
│ sky130_fd_sc_hd__o211a_4                                                                                                         │ 8                         │
│ sky130_fd_sc_hd__o211ai_1                                                                                                        │ 140                       │
│ sky130_fd_sc_hd__o211ai_2                                                                                                        │ 228                       │
│ sky130_fd_sc_hd__o211ai_4                                                                                                        │ 176                       │
│ sky130_fd_sc_hd__o21a_1                                                                                                          │ 174                       │
│ sky130_fd_sc_hd__o21a_2                                                                                                          │ 4                         │
│ sky130_fd_sc_hd__o21a_4                                                                                                          │ 3                         │
│ sky130_fd_sc_hd__o21ai_1                                                                                                         │ 342                       │
│ sky130_fd_sc_hd__o21ai_2                                                                                                         │ 187                       │
│ sky130_fd_sc_hd__o21ai_4                                                                                                         │ 35                        │
│ sky130_fd_sc_hd__o21ba_1                                                                                                         │ 8                         │
│ sky130_fd_sc_hd__o21ba_4                                                                                                         │ 1                         │
│ sky130_fd_sc_hd__o21bai_1                                                                                                        │ 21                        │
│ sky130_fd_sc_hd__o21bai_2                                                                                                        │ 11                        │
│ sky130_fd_sc_hd__o21bai_4                                                                                                        │ 17                        │
│ sky130_fd_sc_hd__o221a_1                                                                                                         │ 21                        │
│ sky130_fd_sc_hd__o221a_4                                                                                                         │ 2                         │
│ sky130_fd_sc_hd__o221ai_1                                                                                                        │ 6                         │
│ sky130_fd_sc_hd__o221ai_2                                                                                                        │ 40                        │
│ sky130_fd_sc_hd__o221ai_4                                                                                                        │ 46                        │
│ sky130_fd_sc_hd__o22a_1                                                                                                          │ 60                        │
│ sky130_fd_sc_hd__o22a_2                                                                                                          │ 4                         │
│ sky130_fd_sc_hd__o22a_4                                                                                                          │ 2                         │
│ sky130_fd_sc_hd__o22ai_1                                                                                                         │ 23                        │
│ sky130_fd_sc_hd__o22ai_2                                                                                                         │ 36                        │
│ sky130_fd_sc_hd__o22ai_4                                                                                                         │ 26                        │
│ sky130_fd_sc_hd__o2bb2a_1                                                                                                        │ 44                        │
│ sky130_fd_sc_hd__o2bb2a_2                                                                                                        │ 2                         │
│ sky130_fd_sc_hd__o2bb2ai_1                                                                                                       │ 195                       │
│ sky130_fd_sc_hd__o2bb2ai_2                                                                                                       │ 114                       │
│ sky130_fd_sc_hd__o2bb2ai_4                                                                                                       │ 46                        │
│ sky130_fd_sc_hd__o311a_1                                                                                                         │ 26                        │
│ sky130_fd_sc_hd__o311ai_4                                                                                                        │ 2                         │
│ sky130_fd_sc_hd__o31a_1                                                                                                          │ 45                        │
│ sky130_fd_sc_hd__o31a_2                                                                                                          │ 3                         │
│ sky130_fd_sc_hd__o31ai_1                                                                                                         │ 11                        │
│ sky130_fd_sc_hd__o31ai_2                                                                                                         │ 4                         │
│ sky130_fd_sc_hd__o31ai_4                                                                                                         │ 1                         │
│ sky130_fd_sc_hd__o32a_1                                                                                                          │ 12                        │
│ sky130_fd_sc_hd__o32a_2                                                                                                          │ 2                         │
│ sky130_fd_sc_hd__o32a_4                                                                                                          │ 2                         │
│ sky130_fd_sc_hd__o32ai_1                                                                                                         │ 1                         │
│ sky130_fd_sc_hd__o32ai_2                                                                                                         │ 1                         │
│ sky130_fd_sc_hd__o32ai_4                                                                                                         │ 1                         │
│ sky130_fd_sc_hd__o41a_1                                                                                                          │ 5                         │
│ sky130_fd_sc_hd__o41a_2                                                                                                          │ 1                         │
│ sky130_fd_sc_hd__or2_1                                                                                                           │ 42                        │
│ sky130_fd_sc_hd__or2_2                                                                                                           │ 2                         │
│ sky130_fd_sc_hd__or2_4                                                                                                           │ 2                         │
│ sky130_fd_sc_hd__or3_1                                                                                                           │ 16                        │
│ sky130_fd_sc_hd__or3_4                                                                                                           │ 2                         │
│ sky130_fd_sc_hd__or3b_1                                                                                                          │ 4                         │
│ sky130_fd_sc_hd__or3b_2                                                                                                          │ 1                         │
│ sky130_fd_sc_hd__or3b_4                                                                                                          │ 1                         │
│ sky130_fd_sc_hd__or4_1                                                                                                           │ 3                         │
│ sky130_fd_sc_hd__or4_4                                                                                                           │ 1                         │
│ sky130_fd_sc_hd__or4b_1                                                                                                          │ 6                         │
│ sky130_fd_sc_hd__or4b_2                                                                                                          │ 1                         │
│ sky130_fd_sc_hd__or4bb_1                                                                                                         │ 1                         │
│ sky130_fd_sc_hd__or4bb_4                                                                                                         │ 1                         │
│ sky130_fd_sc_hd__tapvpwrvgnd_1                                                                                                   │ 2325                      │
│ sky130_fd_sc_hd__xnor2_1                                                                                                         │ 15                        │
│ sky130_fd_sc_hd__xnor2_2                                                                                                         │ 3                         │
│ sky130_fd_sc_hd__xor2_1                                                                                                          │ 22                        │
│ sky130_fd_sc_hd__xor2_2                                                                                                          │ 8                         │
└──────────────────────────────────────────────────────────────────────────────────────────────────────────────────────────────────┴───────────────────────────┘
