if {[file exists ~/openlane2/my_script/script_matt.tcl]} {
    source ~/openlane2/my_script/script_matt.tcl
}
Reading OpenROAD database at '/home/hien/openlane2/designs/fn_pj/pipeline-mult/runs/TOP/20-openroad-generatepdn/pipelined_mult.odb'…
Reading library file at '/home/hien/.volare/volare/sky130/versions/0fe599b2afb6708d281543108caf8310912f54af/sky130A/libs.ref/sky130_fd_sc_hd/lib/sky130_fd_sc_hd__tt_025C_1v80.lib'…
Reading library file at '/home/hien/openlane2/designs/fn_pj/pipeline-mult/macro/lib/max_ss_100C_1v60/mult_16x16__max_ss_100C_1v60.lib'…
Reading library file at '/home/hien/openlane2/designs/fn_pj/pipeline-mult/macro/lib/max_ss_100C_1v60/add3x64__max_ss_100C_1v60.lib'…
Reading macro library file at '/home/hien/openlane2/designs/fn_pj/pipeline-mult/macro/lib/max_ss_100C_1v60/mult_16x16__max_ss_100C_1v60.lib'…
[WARNING STA-1140] /home/hien/openlane2/designs/fn_pj/pipeline-mult/macro/lib/max_ss_100C_1v60/mult_16x16__max_ss_100C_1v60.lib line 1, library mult_16x16 already exists.
Reading macro library file at '/home/hien/openlane2/designs/fn_pj/pipeline-mult/macro/lib/max_ss_100C_1v60/add3x64__max_ss_100C_1v60.lib'…
[WARNING STA-1140] /home/hien/openlane2/designs/fn_pj/pipeline-mult/macro/lib/max_ss_100C_1v60/add3x64__max_ss_100C_1v60.lib line 1, library add3x64 already exists.
Reading design constraints file at '/home/hien/openlane2/designs/fn_pj/pipeline-mult/src/pnr.sdc'…
[INFO] No information on clock propagation in input SDC file-- propagating all clocks.
+ global_placement -density 0.615104 -skip_io -pad_right 0 -pad_left 0 -init_wirelength_coef 0.25
[INFO GPL-0002] DBU: 1000
[INFO GPL-0003] SiteSize: (  0.460  2.720 ) um
[INFO GPL-0004] CoreBBox: (  5.520 10.880 ) ( 794.420 636.480 ) um
[INFO GPL-0006] NumInstances:              6105
[INFO GPL-0007] NumPlaceInstances:          731
[INFO GPL-0008] NumFixedInstances:         4370
[INFO GPL-0009] NumDummyInstances:         1004
[INFO GPL-0010] NumNets:                    989
[INFO GPL-0011] NumPins:                   2741
[INFO GPL-0012] DieBBox:  (  0.000  0.000 ) ( 800.000 650.000 ) um
[INFO GPL-0013] CoreBBox: (  5.520 10.880 ) ( 794.420 636.480 ) um
[INFO GPL-0016] CoreArea:            493535.840 um^2
[INFO GPL-0017] NonPlaceInstsArea:   303329.667 um^2
[INFO GPL-0018] PlaceInstsArea:        8137.805 um^2
[INFO GPL-0019] Util:                     4.278 %
[INFO GPL-0020] StdInstsArea:          8137.805 um^2
[INFO GPL-0021] MacroInstsArea:           0.000 um^2
[INFO GPL-0031] FillerInit:NumGCells:     10659
[INFO GPL-0032] FillerInit:NumGNets:        989
[INFO GPL-0033] FillerInit:NumGPins:       2741
[INFO GPL-0023] TargetDensity:            0.615
[INFO GPL-0024] AvrgPlaceInstArea:       11.132 um^2
[INFO GPL-0025] IdealBinArea:            18.098 um^2
[INFO GPL-0026] IdealBinCnt:              27269
[INFO GPL-0027] TotalBinArea:        493535.840 um^2
[INFO GPL-0028] BinCnt:       128    128
[INFO GPL-0029] BinSize: (  6.164  4.888 )
[INFO GPL-0030] NumBins: 16384
[NesterovSolve] Iter:    1 overflow: 0.807 HPWL: 107807244
[NesterovSolve] Iter:   10 overflow: 0.505 HPWL: 106099989
[NesterovSolve] Iter:   20 overflow: 0.518 HPWL: 105628416
[NesterovSolve] Iter:   30 overflow: 0.514 HPWL: 105622723
[NesterovSolve] Iter:   40 overflow: 0.510 HPWL: 105564085
[NesterovSolve] Iter:   50 overflow: 0.514 HPWL: 105603143
[NesterovSolve] Iter:   60 overflow: 0.513 HPWL: 105597920
[NesterovSolve] Iter:   70 overflow: 0.512 HPWL: 105608790
[NesterovSolve] Iter:   80 overflow: 0.513 HPWL: 105655034
[NesterovSolve] Iter:   90 overflow: 0.513 HPWL: 105723169
[NesterovSolve] Iter:  100 overflow: 0.512 HPWL: 105835610
[NesterovSolve] Iter:  110 overflow: 0.510 HPWL: 106032195
[NesterovSolve] Iter:  120 overflow: 0.509 HPWL: 106289506
[NesterovSolve] Iter:  130 overflow: 0.508 HPWL: 106509520
[NesterovSolve] Iter:  140 overflow: 0.506 HPWL: 106561132
[NesterovSolve] Iter:  150 overflow: 0.504 HPWL: 106571546
[NesterovSolve] Iter:  160 overflow: 0.501 HPWL: 106545608
[NesterovSolve] Iter:  170 overflow: 0.497 HPWL: 106422002
[NesterovSolve] Iter:  180 overflow: 0.493 HPWL: 106317762
[NesterovSolve] Iter:  190 overflow: 0.485 HPWL: 106221938
[NesterovSolve] Iter:  200 overflow: 0.474 HPWL: 106118166
[NesterovSolve] Iter:  210 overflow: 0.463 HPWL: 105925314
[NesterovSolve] Iter:  220 overflow: 0.450 HPWL: 105846119
[NesterovSolve] Iter:  230 overflow: 0.426 HPWL: 105755358
[NesterovSolve] Iter:  240 overflow: 0.388 HPWL: 105584259
[NesterovSolve] Iter:  250 overflow: 0.351 HPWL: 105516808
[NesterovSolve] Iter:  260 overflow: 0.318 HPWL: 105441465
[NesterovSolve] Iter:  270 overflow: 0.289 HPWL: 105327158
[NesterovSolve] Iter:  280 overflow: 0.261 HPWL: 105119874
[NesterovSolve] Iter:  290 overflow: 0.233 HPWL: 104853152
[NesterovSolve] Iter:  300 overflow: 0.206 HPWL: 104448588
[NesterovSolve] Iter:  310 overflow: 0.188 HPWL: 104037810
[NesterovSolve] Iter:  320 overflow: 0.166 HPWL: 103581350
[NesterovSolve] Iter:  330 overflow: 0.137 HPWL: 103073040
[NesterovSolve] Iter:  340 overflow: 0.120 HPWL: 102284989
[NesterovSolve] Finished with Overflow: 0.099334
[INFO] Setting RC values…
Setting global connections for newly added cells…
[INFO] Setting global connections...
Updating metrics…
Cell type report:                       Count       Area
  Macro                                     5  242500.00
  Fill cell                              1500    5630.40
  Tap cell                               2865    3584.69
  Inverter                                  6      22.52
  Sequential cell                         194    4126.46
  Multi-Input combinational cell          531    3988.83
  Total                                  5101  259852.89
Writing OpenROAD database to '/home/hien/openlane2/designs/fn_pj/pipeline-mult/runs/TOP/23-openroad-globalplacementskipio/pipelined_mult.odb'…
Writing netlist to '/home/hien/openlane2/designs/fn_pj/pipeline-mult/runs/TOP/23-openroad-globalplacementskipio/pipelined_mult.nl.v'…
Writing powered netlist to '/home/hien/openlane2/designs/fn_pj/pipeline-mult/runs/TOP/23-openroad-globalplacementskipio/pipelined_mult.pnl.v'…
Writing layout to '/home/hien/openlane2/designs/fn_pj/pipeline-mult/runs/TOP/23-openroad-globalplacementskipio/pipelined_mult.def'…
Writing timing constraints to '/home/hien/openlane2/designs/fn_pj/pipeline-mult/runs/TOP/23-openroad-globalplacementskipio/pipelined_mult.sdc'…
