
===========================================================================
report_checks -unconstrained
===========================================================================
======================= min_ff_n40C_1v95 Corner ===================================

Startpoint: _1045_ (rising edge-triggered flip-flop clocked by clk)
Endpoint: i_add (rising edge-triggered flip-flop clocked by clk)
Path Group: clk
Path Type: max

Fanout         Cap        Slew       Delay        Time   Description
---------------------------------------------------------------------------------------------
                                  0.000000    0.000000   clock clk (rise edge)
                                  0.000000    0.000000   clock source latency
     4    0.100932    0.209003    0.148343    0.148343 ^ clk (in)
                                                         clk (net)
                      0.209185    0.000000    0.148343 ^ clkbuf_regs_0_clk/A (sky130_fd_sc_hd__clkbuf_16)
     3    0.042330    0.049936    0.134754    0.283096 ^ clkbuf_regs_0_clk/X (sky130_fd_sc_hd__clkbuf_16)
                                                         delaynet_0_clk (net)
                      0.049995    0.001298    0.284394 ^ delaybuf_0_clk/A (sky130_fd_sc_hd__clkbuf_16)
     3    0.035789    0.041977    0.099171    0.383565 ^ delaybuf_0_clk/X (sky130_fd_sc_hd__clkbuf_16)
                                                         clk_regs (net)
                      0.042454    0.003379    0.386944 ^ clkbuf_0_clk_regs/A (sky130_fd_sc_hd__clkbuf_16)
    33    0.291725    0.232973    0.225612    0.612556 ^ clkbuf_0_clk_regs/X (sky130_fd_sc_hd__clkbuf_16)
                                                         clknet_0_clk_regs (net)
                      0.233687    0.010583    0.623139 ^ clkbuf_4_8_0_clk_regs/A (sky130_fd_sc_hd__clkbuf_16)
    27    0.078769    0.075721    0.158294    0.781433 ^ clkbuf_4_8_0_clk_regs/X (sky130_fd_sc_hd__clkbuf_16)
                                                         clknet_4_8_0_clk_regs (net)
                      0.075732    0.001004    0.782437 ^ _1045_/CLK (sky130_fd_sc_hd__dfxtp_1)
     1    0.007852    0.033659    0.211277    0.993715 v _1045_/Q (sky130_fd_sc_hd__dfxtp_1)
                                                         term_mid[18] (net)
                      0.033659    0.000088    0.993802 v i_add/in2[18] (add3x64)
                                              0.993802   data arrival time

                                 10.000000   10.000000   clock clk (rise edge)
                                  0.000000   10.000000   clock source latency
     4    0.100932    0.209003    0.147822   10.147822 ^ clk (in)
                                                         clk (net)
                      0.209149    0.000000   10.147822 ^ clkbuf_0_clk/A (sky130_fd_sc_hd__clkbuf_16)
     5    0.052754    0.057110    0.140083   10.287905 ^ clkbuf_0_clk/X (sky130_fd_sc_hd__clkbuf_16)
                                                         clknet_0_clk (net)
                      0.057507    0.003712   10.291616 ^ clkbuf_1_0__f_clk/A (sky130_fd_sc_hd__clkbuf_16)
     7    0.208370    0.169534    0.184407   10.476024 ^ clkbuf_1_0__f_clk/X (sky130_fd_sc_hd__clkbuf_16)
                                                         clknet_1_0__leaf_clk (net)
                      0.169954    0.007093   10.483117 ^ i_add/clk (add3x64)
                                 -0.200000   10.283117   clock uncertainty
                                  0.000000   10.283117   clock reconvergence pessimism
                                 -6.349880    3.933237   library setup time
                                              3.933237   data required time
---------------------------------------------------------------------------------------------
                                              3.933237   data required time
                                             -0.993802   data arrival time
---------------------------------------------------------------------------------------------
                                              2.939434   slack (MET)




===========================================================================
report_checks --slack_max -0.01
============================================================================
======================= min_ff_n40C_1v95 Corner ===================================

No paths found.


===========================================================================
 report_check_types -max_slew -max_cap -max_fanout -violators
============================================================================
======================= min_ff_n40C_1v95 Corner ===================================



===========================================================================
report_parasitic_annotation -report_unannotated
============================================================================
Found 111 unannotated drivers.
 clkload0/Y
 clkload1/Y
 clkload10/Y
 clkload11/Y
 clkload12/Y
 clkload13/Y
 clkload14/Y
 clkload15/Y
 clkload2/Y
 clkload3/Y
 clkload4/Y
 clkload5/Y
 clkload6/Y
 clkload7/Y
 clkload8/Y
 clkload9/X
 i_add_188/HI
 i_add_189/HI
 i_add_190/HI
 i_add_191/HI
 i_add_192/HI
 i_add_193/HI
 i_add_194/HI
 i_add_195/HI
 i_add_196/HI
 i_add_197/HI
 i_add_198/HI
 i_add_199/HI
 i_add_200/HI
 i_add_201/HI
 i_add_202/HI
 i_add_203/HI
 i_add_204/HI
 i_add_205/HI
 i_add_206/HI
 i_add_207/HI
 i_add_208/HI
 i_add_209/HI
 i_add_210/HI
 i_add_211/HI
 i_add_212/HI
 i_add_213/HI
 i_add_214/HI
 i_add_215/HI
 i_add_216/HI
 i_add_217/HI
 i_add_218/HI
 i_add_219/HI
 i_add_220/HI
 i_add_221/HI
 i_add_222/HI
 i_add_223/HI
 i_add_224/HI
 i_add_225/HI
 i_add_226/HI
 i_add_227/HI
 i_add_228/HI
 i_add_229/HI
 i_add_230/HI
 i_add_231/HI
 i_add_232/HI
 i_add_233/HI
 i_add_234/HI
 i_add_235/HI
 i_add_236/HI
 i_add_237/HI
 i_add_238/HI
 i_add_239/HI
 i_add_240/HI
 i_add_241/HI
 i_add_242/HI
 i_add_243/HI
 i_add_244/HI
 i_add_245/HI
 i_add_246/HI
 i_add_247/HI
 i_add_248/HI
 i_add_249/HI
 i_add_250/HI
 i_add_251/HI
 i_add_252/HI
 i_add_253/HI
 i_add_254/HI
 i_add_255/HI
 i_add_256/HI
 i_add_257/HI
 i_add_258/HI
 i_add_259/HI
 i_add_260/HI
 i_add_261/HI
 i_add_262/HI
 i_add_263/HI
 i_add_264/HI
 i_add_265/HI
 i_add_266/HI
 i_add_267/HI
 i_add_268/HI
 i_add_269/HI
 i_add_270/HI
 i_add_271/HI
 i_add_272/HI
 i_add_273/HI
 i_add_274/HI
 i_add_275/HI
 i_add_276/HI
 i_add_277/HI
 i_add_278/HI
 i_add_279/HI
 i_add_280/HI
 i_add_281/HI
 i_add_282/HI
Found 0 partially unannotated drivers.

===========================================================================
max slew violation count 0
max fanout violation count 0
max cap violation count 0
============================================================================

===========================================================================
check_setup -verbose -unconstrained_endpoints -multiple_clock -no_clock -no_input_delay -loops -generated_clocks
===========================================================================
Warning: There are 95 unconstrained endpoints.
  i_add/in1[0]
  i_add/in1[10]
  i_add/in1[11]
  i_add/in1[12]
  i_add/in1[13]
  i_add/in1[14]
  i_add/in1[15]
  i_add/in1[16]
  i_add/in1[17]
  i_add/in1[18]
  i_add/in1[19]
  i_add/in1[1]
  i_add/in1[20]
  i_add/in1[21]
  i_add/in1[22]
  i_add/in1[23]
  i_add/in1[24]
  i_add/in1[25]
  i_add/in1[26]
  i_add/in1[27]
  i_add/in1[28]
  i_add/in1[29]
  i_add/in1[2]
  i_add/in1[30]
  i_add/in1[31]
  i_add/in1[3]
  i_add/in1[4]
  i_add/in1[5]
  i_add/in1[6]
  i_add/in1[7]
  i_add/in1[8]
  i_add/in1[9]
  i_add/in2[0]
  i_add/in2[10]
  i_add/in2[11]
  i_add/in2[12]
  i_add/in2[13]
  i_add/in2[14]
  i_add/in2[15]
  i_add/in2[1]
  i_add/in2[2]
  i_add/in2[3]
  i_add/in2[49]
  i_add/in2[4]
  i_add/in2[50]
  i_add/in2[51]
  i_add/in2[52]
  i_add/in2[53]
  i_add/in2[54]
  i_add/in2[55]
  i_add/in2[56]
  i_add/in2[57]
  i_add/in2[58]
  i_add/in2[59]
  i_add/in2[5]
  i_add/in2[60]
  i_add/in2[61]
  i_add/in2[62]
  i_add/in2[63]
  i_add/in2[6]
  i_add/in2[7]
  i_add/in2[8]
  i_add/in2[9]
  i_add/in3[32]
  i_add/in3[33]
  i_add/in3[34]
  i_add/in3[35]
  i_add/in3[36]
  i_add/in3[37]
  i_add/in3[38]
  i_add/in3[39]
  i_add/in3[40]
  i_add/in3[41]
  i_add/in3[42]
  i_add/in3[43]
  i_add/in3[44]
  i_add/in3[45]
  i_add/in3[46]
  i_add/in3[47]
  i_add/in3[48]
  i_add/in3[49]
  i_add/in3[50]
  i_add/in3[51]
  i_add/in3[52]
  i_add/in3[53]
  i_add/in3[54]
  i_add/in3[55]
  i_add/in3[56]
  i_add/in3[57]
  i_add/in3[58]
  i_add/in3[59]
  i_add/in3[60]
  i_add/in3[61]
  i_add/in3[62]
  i_add/in3[63]
