Clock: clk
Sources: clk 
Generated: no
Virtual: yes
Propagated: no
Period: 10.000000

===========================================================================
report_clock_properties
============================================================================
Clock                   Period          Waveform
----------------------------------------------------
clk                  10.000000    0.000000  5.000000

===========================================================================
report_clock_latency
============================================================================
Clock clk
rise -> rise
    min     max
0.000000 0.000000 source latency
0.760423         network latency _0983_/CLK
        0.501903 network latency i_ll/clk
---------------
0.760423 0.501903 latency
        -0.258520 skew

fall -> fall
    min     max
0.000000 0.000000 source latency
0.673394         network latency _0983_/CLK
        0.410917 network latency i_ll/clk
---------------
0.673394 0.410917 latency
        -0.262477 skew



===========================================================================
report_clock_min_period
============================================================================
clk period_min = 7.06 fmax = 141.63
