%Warning-UNUSEDSIGNAL: /home/hien/openlane2/designs/fn_pj/pipeline-mult/src/ba_pipelined.v:2:8: Signal is not used: 'clk'
                                                                                              : ... note: In instance 'pipelined_mult.i_add'
    2 |  input clk,
      |        ^~~
                       ... For warning description see https://verilator.org/warn/UNUSEDSIGNAL?v=5.018
                       ... Use "/* verilator lint_off UNUSEDSIGNAL */" and lint_on around source to disable this message.
%Warning-UNUSEDSIGNAL: /home/hien/openlane2/designs/fn_pj/pipeline-mult/src/ba_pipelined.v:3:8: Signal is not used: 'rst'
                                                                                              : ... note: In instance 'pipelined_mult.i_add'
    3 |  input rst,
      |        ^~~
%Warning-UNUSEDSIGNAL: /home/hien/openlane2/designs/fn_pj/pipeline-mult/src/ba_pipelined.v:4:15: Signal is not used: 'in1'
                                                                                               : ... note: In instance 'pipelined_mult.i_add'
    4 |  input [63:0] in1,
      |               ^~~
%Warning-UNUSEDSIGNAL: /home/hien/openlane2/designs/fn_pj/pipeline-mult/src/ba_pipelined.v:5:15: Signal is not used: 'in2'
                                                                                               : ... note: In instance 'pipelined_mult.i_add'
    5 |  input [63:0] in2,
      |               ^~~
%Warning-UNUSEDSIGNAL: /home/hien/openlane2/designs/fn_pj/pipeline-mult/src/ba_pipelined.v:6:15: Signal is not used: 'in3'
                                                                                               : ... note: In instance 'pipelined_mult.i_add'
    6 |  input [63:0] in3,
      |               ^~~
%Warning-UNDRIVEN: /home/hien/openlane2/designs/fn_pj/pipeline-mult/src/ba_pipelined.v:7:20: Signal is not driven: 'out'
                                                                                           : ... note: In instance 'pipelined_mult.i_add'
    7 |  output reg [63:0] out
      |                    ^~~
%Warning-UNUSEDSIGNAL: /home/hien/openlane2/designs/fn_pj/pipeline-mult/src/ba_pipelined.v:20:8: Signal is not used: 'clk'
                                                                                               : ... note: In instance 'pipelined_mult.i_ll'
   20 |  input clk,
      |        ^~~
%Warning-UNUSEDSIGNAL: /home/hien/openlane2/designs/fn_pj/pipeline-mult/src/ba_pipelined.v:21:8: Signal is not used: 'rst'
                                                                                               : ... note: In instance 'pipelined_mult.i_ll'
   21 |  input rst,
      |        ^~~
%Warning-UNUSEDSIGNAL: /home/hien/openlane2/designs/fn_pj/pipeline-mult/src/ba_pipelined.v:22:15: Signal is not used: 'in1'
                                                                                                : ... note: In instance 'pipelined_mult.i_ll'
   22 |  input [15:0] in1,
      |               ^~~
%Warning-UNUSEDSIGNAL: /home/hien/openlane2/designs/fn_pj/pipeline-mult/src/ba_pipelined.v:23:15: Signal is not used: 'in2'
                                                                                                : ... note: In instance 'pipelined_mult.i_ll'
   23 |  input [15:0] in2,
      |               ^~~
%Warning-UNDRIVEN: /home/hien/openlane2/designs/fn_pj/pipeline-mult/src/ba_pipelined.v:24:20: Signal is not driven: 'out'
                                                                                            : ... note: In instance 'pipelined_mult.i_ll'
   24 |  output reg [31:0] out
      |                    ^~~
