Clock: clk
Sources: clk 
Generated: no
Virtual: yes
Propagated: no
Period: 10.000000

===========================================================================
report_clock_properties
============================================================================
Clock                   Period          Waveform
----------------------------------------------------
clk                  10.000000    0.000000  5.000000

===========================================================================
report_clock_latency
============================================================================
Clock clk
rise -> rise
    min     max
0.000000 0.000000 source latency
0.522390         network latency _20697_/CLK
        0.728681 network latency _20749_/CLK
---------------
0.522390 0.728681 latency
        0.206291 skew

fall -> fall
    min     max
0.000000 0.000000 source latency
0.470424         network latency _20697_/CLK
        0.669465 network latency _20749_/CLK
---------------
0.470424 0.669465 latency
        0.199042 skew



===========================================================================
report_clock_min_period
============================================================================
clk period_min = 6.20 fmax = 161.29
